/home-nfs/siddsach/ml/Interpreting-Attention/interpreting_language/classifier/attention_rnn/model.py:206: UserWarning: Implicit dimension choice for softmax has been deprecated. Change the call to include dim=X as an argument.
  A = torch.squeeze(nn.functional.softmax(s2))
/home-nfs/siddsach/ml/Interpreting-Attention/interpreting_language/classifier/attention_rnn/model.py:223: UserWarning: Implicit dimension choice for log_softmax has been deprecated. Change the call to include dim=X as an argument.
  decoded = self.normalize(self.decoder(M))
ROOT_PATH: /home-nfs/siddsach/ml/Interpreting-Attention/interpreting_language
ROOT_PATH: /home-nfs/siddsach/ml/Interpreting-Attention/interpreting_language
Using CUDA!
MLP
Building RNN Classifier...

[93m    Warning: no model found for 'en'[0m

    Only loading the 'en' tokenizer.

Retrieving Data from file: /home-nfs/siddsach/ml/Interpreting-Attention/interpreting_language/data/imdb/aclImdb/train...
Got 25000 examples in 63.412760734558105 seconds
Retrieving Data from file: /home-nfs/siddsach/ml/Interpreting-Attention/interpreting_language/data/imdb/aclImdb/test...
Got 25000 examples in 60.21329188346863 seconds
Loading Vectors From Memory...
Not using pretrained wordvectors
Building Vocab...
[]
Getting Batches...
Created Iterator with 782 batches
Getting Batches...
Created Iterator with 782 batches
Building model...
MLP
Using Attention model with following args:
{'hidden_size': 300, 'dropout': 0.5, 'train_word_vecs': True, 'attn_type': 'MLP', 'attention_dim': 300, 'num_classes': 2, 'num_layers': 2, 'cuda': True, 'batch_size': 32, 'tune_attn': False, 'input_size': 300, 'vectors': None, 'vocab_size': 101925, 'rnn_dropout': 0.0}
Begin Training...
Completing Train Step at 0th epoch...
At time: 0.8173611164093018 accuracy is 0.559375 and loss is 0.7324589252471924
At time: 1.3884000778198242 accuracy is 0.6203125 and loss is 0.649381446838379
At time: 2.0054025650024414 accuracy is 0.578125 and loss is 0.668524980545044
At time: 2.6641528606414795 accuracy is 0.6921875 and loss is 0.6538702964782714
At time: 3.3198790550231934 accuracy is 0.684375 and loss is 0.5842613220214844
At time: 3.9750125408172607 accuracy is 0.6765625 and loss is 0.6138853549957275
At time: 4.633725166320801 accuracy is 0.7125 and loss is 0.5451632499694824
At time: 5.290603160858154 accuracy is 0.771875 and loss is 0.47128758430480955
At time: 5.946147441864014 accuracy is 0.75 and loss is 0.4721084117889404
At time: 6.603369235992432 accuracy is 0.8171875 and loss is 0.42861213684082033
At time: 7.260866165161133 accuracy is 0.784375 and loss is 0.48328304290771484
At time: 7.928586006164551 accuracy is 0.83125 and loss is 0.39968574047088623
At time: 8.5959312915802 accuracy is 0.7625 and loss is 0.5112531185150146
At time: 9.26785397529602 accuracy is 0.8140625 and loss is 0.3841766357421875
At time: 9.930875539779663 accuracy is 0.7640625 and loss is 0.5862799167633057
At time: 10.584667205810547 accuracy is 0.790625 and loss is 0.4261017322540283
At time: 11.245518922805786 accuracy is 0.796875 and loss is 0.4545877933502197
At time: 11.89966893196106 accuracy is 0.7890625 and loss is 0.4450823783874512
At time: 12.558408498764038 accuracy is 0.803125 and loss is 0.43386120796203614
At time: 13.216917037963867 accuracy is 0.7921875 and loss is 0.4244552135467529
At time: 13.876362085342407 accuracy is 0.765625 and loss is 0.4982062816619873
At time: 14.533395767211914 accuracy is 0.7203125 and loss is 0.6406734466552735
At time: 15.188357830047607 accuracy is 0.771875 and loss is 0.476292085647583
At time: 15.847931385040283 accuracy is 0.771875 and loss is 0.483795690536499
At time: 16.510634183883667 accuracy is 0.7953125 and loss is 0.46683382987976074
At time: 17.166579484939575 accuracy is 0.771875 and loss is 0.45575408935546874
At time: 17.821932554244995 accuracy is 0.7875 and loss is 0.47837123870849607
At time: 18.47699475288391 accuracy is 0.7671875 and loss is 0.49850878715515134
At time: 19.136958360671997 accuracy is 0.7078125 and loss is 0.5660003185272217
At time: 19.79434609413147 accuracy is 0.75 and loss is 0.5019330978393555
At time: 20.452330112457275 accuracy is 0.7375 and loss is 0.52749605178833
At time: 21.11467957496643 accuracy is 0.7796875 and loss is 0.49224514961242677
At time: 21.772737741470337 accuracy is 0.7796875 and loss is 0.5034807205200196
At time: 22.43225884437561 accuracy is 0.7640625 and loss is 0.49436383247375487
At time: 23.095590353012085 accuracy is 0.6703125 and loss is 0.600761890411377
At time: 23.751073360443115 accuracy is 0.696875 and loss is 0.5687417030334473
At time: 24.41499638557434 accuracy is 0.7515625 and loss is 0.5201563358306884
At time: 25.077941417694092 accuracy is 0.74375 and loss is 0.506257963180542
At time: 25.741708040237427 accuracy is 0.7390625 and loss is 0.5415325164794922
Evaluating...
Done Evaluating: Achieved accuracy of 0.8066981434058899
Achieved new best!
Completing Train Step at 1th epoch...
At time: 34.12669038772583 accuracy is 0.859375 and loss is 0.373150110244751
At time: 34.708396434783936 accuracy is 0.8921875 and loss is 0.2876413345336914
At time: 35.32893371582031 accuracy is 0.884375 and loss is 0.27048940658569337
At time: 35.98886704444885 accuracy is 0.9 and loss is 0.24977264404296876
At time: 36.65057826042175 accuracy is 0.8859375 and loss is 0.3264464855194092
At time: 37.30821251869202 accuracy is 0.89375 and loss is 0.250105881690979
At time: 37.96813082695007 accuracy is 0.9296875 and loss is 0.2224731922149658
At time: 38.62499737739563 accuracy is 0.934375 and loss is 0.18847554922103882
At time: 39.28109407424927 accuracy is 0.8859375 and loss is 0.25120651721954346
At time: 39.934431076049805 accuracy is 0.9234375 and loss is 0.23569788932800292
At time: 40.59662199020386 accuracy is 0.9 and loss is 0.25865156650543214
At time: 41.25051951408386 accuracy is 0.9171875 and loss is 0.24245812892913818
At time: 41.90977478027344 accuracy is 0.875 and loss is 0.290456748008728
At time: 42.57123923301697 accuracy is 0.91875 and loss is 0.19926850795745848
At time: 43.23479413986206 accuracy is 0.871875 and loss is 0.3350456476211548
At time: 43.8945894241333 accuracy is 0.90625 and loss is 0.21881213188171386
At time: 44.55631947517395 accuracy is 0.871875 and loss is 0.3176210165023804
At time: 45.214425563812256 accuracy is 0.8953125 and loss is 0.2568329095840454
At time: 45.87092113494873 accuracy is 0.9171875 and loss is 0.2437511920928955
At time: 46.53368592262268 accuracy is 0.9296875 and loss is 0.18739168643951415
At time: 47.19489669799805 accuracy is 0.8890625 and loss is 0.27511765956878664
At time: 47.85893130302429 accuracy is 0.8375 and loss is 0.37124106884002683
At time: 48.516987562179565 accuracy is 0.8921875 and loss is 0.2665135622024536
At time: 49.17954659461975 accuracy is 0.8578125 and loss is 0.4164445877075195
At time: 49.84093999862671 accuracy is 0.89375 and loss is 0.2759556770324707
At time: 50.50147294998169 accuracy is 0.903125 and loss is 0.23304710388183594
At time: 51.161242961883545 accuracy is 0.8875 and loss is 0.2740269660949707
At time: 51.81664490699768 accuracy is 0.88125 and loss is 0.24691987037658691
At time: 52.47941017150879 accuracy is 0.859375 and loss is 0.3341150999069214
At time: 53.140929222106934 accuracy is 0.865625 and loss is 0.3181499481201172
At time: 53.804163455963135 accuracy is 0.825 and loss is 0.39553184509277345
At time: 54.46529269218445 accuracy is 0.896875 and loss is 0.2577181577682495
At time: 55.13361716270447 accuracy is 0.8859375 and loss is 0.32762367725372316
At time: 55.79963803291321 accuracy is 0.88125 and loss is 0.27076942920684816
At time: 56.46331000328064 accuracy is 0.83125 and loss is 0.38310239315032957
At time: 57.12843132019043 accuracy is 0.8546875 and loss is 0.33613243103027346
At time: 57.7932345867157 accuracy is 0.8453125 and loss is 0.33915565013885496
At time: 58.45807409286499 accuracy is 0.8421875 and loss is 0.3435493230819702
At time: 59.11921286582947 accuracy is 0.8546875 and loss is 0.33957929611206056
Evaluating...
Done Evaluating: Achieved accuracy of 0.7916133162612036
Not better for 1
Completing Train Step at 2th epoch...
At time: 67.36655569076538 accuracy is 0.9515625 and loss is 0.1922300100326538
At time: 67.94684171676636 accuracy is 0.9375 and loss is 0.1664997458457947
At time: 68.5773184299469 accuracy is 0.8953125 and loss is 0.22578489780426025
At time: 69.24024367332458 accuracy is 0.91875 and loss is 0.2067751407623291
At time: 69.89833998680115 accuracy is 0.95 and loss is 0.1401081919670105
At time: 70.55842542648315 accuracy is 0.971875 and loss is 0.07645224928855895
At time: 71.21928524971008 accuracy is 0.9546875 and loss is 0.13407986164093016
At time: 71.88022303581238 accuracy is 0.9640625 and loss is 0.09887282848358155
At time: 72.53959274291992 accuracy is 0.971875 and loss is 0.09906613826751709
At time: 73.20012712478638 accuracy is 0.9296875 and loss is 0.23854122161865235
At time: 73.86550188064575 accuracy is 0.940625 and loss is 0.17000324726104737
At time: 74.52219271659851 accuracy is 0.9828125 and loss is 0.062148642539978025
At time: 75.18475914001465 accuracy is 0.934375 and loss is 0.17820303440093993
At time: 75.84832191467285 accuracy is 0.928125 and loss is 0.1953655481338501
At time: 76.50632929801941 accuracy is 0.9453125 and loss is 0.16516767740249633
At time: 77.16927361488342 accuracy is 0.9765625 and loss is 0.06549427509307862
At time: 77.83256196975708 accuracy is 0.928125 and loss is 0.20069270133972167
At time: 78.49320030212402 accuracy is 0.953125 and loss is 0.1349027395248413
At time: 79.14961647987366 accuracy is 0.9640625 and loss is 0.10601162910461426
At time: 79.81381225585938 accuracy is 0.9765625 and loss is 0.06076183319091797
At time: 80.48049974441528 accuracy is 0.9359375 and loss is 0.1690417766571045
At time: 81.14320302009583 accuracy is 0.959375 and loss is 0.1286341667175293
At time: 81.80854344367981 accuracy is 0.9640625 and loss is 0.09818911552429199
At time: 82.47276139259338 accuracy is 0.8953125 and loss is 0.28402736186981203
At time: 83.13478016853333 accuracy is 0.9671875 and loss is 0.09782723188400269
At time: 83.79891419410706 accuracy is 0.9515625 and loss is 0.10692925453186035
At time: 84.46629190444946 accuracy is 0.9546875 and loss is 0.1263774275779724
At time: 85.13187384605408 accuracy is 0.978125 and loss is 0.07028806209564209
At time: 85.799569606781 accuracy is 0.928125 and loss is 0.21844229698181153
At time: 86.46699690818787 accuracy is 0.9265625 and loss is 0.17870339155197143
At time: 87.13323521614075 accuracy is 0.8921875 and loss is 0.2791482210159302
At time: 87.80136942863464 accuracy is 0.9515625 and loss is 0.14334654808044434
At time: 88.46476364135742 accuracy is 0.9203125 and loss is 0.18075209856033325
At time: 89.1320641040802 accuracy is 0.9609375 and loss is 0.12596507072448732
At time: 89.79956436157227 accuracy is 0.921875 and loss is 0.23098528385162354
At time: 90.46912908554077 accuracy is 0.9234375 and loss is 0.22056446075439454
At time: 91.13939189910889 accuracy is 0.934375 and loss is 0.1639125943183899
At time: 91.8073296546936 accuracy is 0.8640625 and loss is 0.30336675643920896
At time: 92.47133040428162 accuracy is 0.95625 and loss is 0.12671287059783937
Evaluating...
Done Evaluating: Achieved accuracy of 0.735475352112676
Not better for 2
Completing Train Step at 3th epoch...
At time: 100.69234275817871 accuracy is 0.959375 and loss is 0.13655606508255005
At time: 101.27400422096252 accuracy is 0.96875 and loss is 0.10228899717330933
At time: 101.89410257339478 accuracy is 0.9734375 and loss is 0.09081274867057801
At time: 102.5602593421936 accuracy is 0.9609375 and loss is 0.108414626121521
At time: 103.22337031364441 accuracy is 0.9859375 and loss is 0.04224012792110443
At time: 103.8870210647583 accuracy is 0.9859375 and loss is 0.04450989663600922
At time: 104.55297088623047 accuracy is 0.959375 and loss is 0.11809302568435669
At time: 105.21657419204712 accuracy is 0.99375 and loss is 0.03172328770160675
At time: 105.87904953956604 accuracy is 0.9859375 and loss is 0.04693613350391388
At time: 106.54122924804688 accuracy is 0.9640625 and loss is 0.10220192670822144
At time: 107.2050507068634 accuracy is 0.953125 and loss is 0.13978774547576905
At time: 107.86683821678162 accuracy is 0.9703125 and loss is 0.08019470572471618
At time: 108.53019547462463 accuracy is 0.9765625 and loss is 0.06926938891410828
At time: 109.18976998329163 accuracy is 0.9609375 and loss is 0.08828980326652527
At time: 109.85502099990845 accuracy is 0.975 and loss is 0.09377193450927734
At time: 110.5192642211914 accuracy is 0.9328125 and loss is 0.20063412189483643
At time: 111.1800000667572 accuracy is 0.9390625 and loss is 0.15206340551376343
At time: 111.84501910209656 accuracy is 0.990625 and loss is 0.036385536193847656
At time: 112.5039930343628 accuracy is 0.99375 and loss is 0.016975636780261993
At time: 113.16810536384583 accuracy is 0.9875 and loss is 0.03767524361610412
At time: 113.83169436454773 accuracy is 0.95625 and loss is 0.1360662817955017
At time: 114.50174188613892 accuracy is 0.984375 and loss is 0.04207019209861755
At time: 115.18276023864746 accuracy is 0.953125 and loss is 0.11089158058166504
At time: 115.86498427391052 accuracy is 0.9265625 and loss is 0.24298717975616455
At time: 116.55275774002075 accuracy is 0.9859375 and loss is 0.045816251635551454
At time: 117.24592065811157 accuracy is 0.9578125 and loss is 0.10557320117950439
At time: 117.93511891365051 accuracy is 0.9828125 and loss is 0.04214560091495514
At time: 118.62223315238953 accuracy is 0.940625 and loss is 0.13241927623748778
At time: 119.3152527809143 accuracy is 0.9421875 and loss is 0.1351148009300232
At time: 120.00136852264404 accuracy is 0.9625 and loss is 0.07942524552345276
At time: 120.6908609867096 accuracy is 0.9609375 and loss is 0.13232090473175048
At time: 121.37803411483765 accuracy is 0.98125 and loss is 0.05273605585098266
At time: 122.06803035736084 accuracy is 0.9578125 and loss is 0.12396166324615479
At time: 122.75869536399841 accuracy is 0.971875 and loss is 0.08012712001800537
At time: 123.45337557792664 accuracy is 0.940625 and loss is 0.14552043676376342
At time: 124.14738345146179 accuracy is 0.95 and loss is 0.14216840267181396
At time: 124.83245921134949 accuracy is 0.978125 and loss is 0.05992811918258667
At time: 125.52124285697937 accuracy is 0.9453125 and loss is 0.13648990392684937
At time: 126.20727157592773 accuracy is 0.9671875 and loss is 0.07968987226486206
Evaluating...
Done Evaluating: Achieved accuracy of 0.7531610115236875
Not better for 3
Completing Train Step at 4th epoch...
At time: 134.52567100524902 accuracy is 0.9859375 and loss is 0.05502263307571411
At time: 135.10662126541138 accuracy is 0.978125 and loss is 0.09205718636512757
At time: 135.73409152030945 accuracy is 0.9734375 and loss is 0.07496957778930664
At time: 136.39717173576355 accuracy is 0.971875 and loss is 0.12575230598449708
At time: 137.06115889549255 accuracy is 0.9828125 and loss is 0.05657678842544556
At time: 137.72382521629333 accuracy is 0.978125 and loss is 0.045513343811035153
At time: 138.38587760925293 accuracy is 0.978125 and loss is 0.10057762861251832
At time: 139.0545380115509 accuracy is 0.975 and loss is 0.0674778938293457
At time: 139.71740913391113 accuracy is 0.9578125 and loss is 0.15158804655075073
At time: 140.37752103805542 accuracy is 0.940625 and loss is 0.21587753295898438
At time: 141.03790163993835 accuracy is 0.9875 and loss is 0.04693801403045654
At time: 141.69748640060425 accuracy is 0.9890625 and loss is 0.029885023832321167
At time: 142.36201405525208 accuracy is 0.9734375 and loss is 0.0783778965473175
At time: 143.02021479606628 accuracy is 0.9890625 and loss is 0.027605682611465454
At time: 143.68417239189148 accuracy is 0.9734375 and loss is 0.08045852780342103
At time: 144.3553011417389 accuracy is 0.9640625 and loss is 0.0823333740234375
At time: 145.02594232559204 accuracy is 0.9578125 and loss is 0.11459090709686279
At time: 145.6940004825592 accuracy is 0.99375 and loss is 0.014272361993789673
At time: 146.36316752433777 accuracy is 0.9921875 and loss is 0.029371809959411622
At time: 147.0347936153412 accuracy is 0.9671875 and loss is 0.08339126706123352
At time: 147.70593166351318 accuracy is 0.965625 and loss is 0.10787844657897949
At time: 148.3754870891571 accuracy is 0.9890625 and loss is 0.031176161766052247
At time: 149.04735803604126 accuracy is 0.959375 and loss is 0.09363817572593688
At time: 149.7176582813263 accuracy is 0.9734375 and loss is 0.10771898031234742
At time: 150.37866401672363 accuracy is 0.996875 and loss is 0.016875240206718444
At time: 151.05287766456604 accuracy is 0.984375 and loss is 0.03983239233493805
At time: 151.7277946472168 accuracy is 0.9890625 and loss is 0.05276926159858704
At time: 152.40242290496826 accuracy is 0.9625 and loss is 0.10071982145309448
At time: 153.08177137374878 accuracy is 0.94375 and loss is 0.19769145250320436
At time: 153.7550048828125 accuracy is 0.9828125 and loss is 0.049327957630157473
At time: 154.43012237548828 accuracy is 0.9875 and loss is 0.03172361552715301
At time: 155.11510920524597 accuracy is 0.9875 and loss is 0.049149176478385924
At time: 155.79736948013306 accuracy is 0.9734375 and loss is 0.07087961435317994
At time: 156.4685938358307 accuracy is 0.975 and loss is 0.04980897307395935
At time: 157.14931511878967 accuracy is 0.9296875 and loss is 0.2326148509979248
At time: 157.8299684524536 accuracy is 0.9421875 and loss is 0.13523521423339843
At time: 158.50832867622375 accuracy is 0.946875 and loss is 0.13503314256668092
At time: 159.1890938282013 accuracy is 0.9578125 and loss is 0.11300727128982543
At time: 159.86547327041626 accuracy is 0.9796875 and loss is 0.05217133760452271
Evaluating...
Done Evaluating: Achieved accuracy of 0.7698863636363636
Not better for 4
Completing Train Step at 5th epoch...
At time: 168.13492274284363 accuracy is 0.9859375 and loss is 0.04477487206459045
At time: 168.72051620483398 accuracy is 0.971875 and loss is 0.08745335340499878
At time: 169.3480634689331 accuracy is 0.9828125 and loss is 0.052908521890640256
At time: 170.00561785697937 accuracy is 0.9828125 and loss is 0.05005393028259277
At time: 170.6669065952301 accuracy is 0.9875 and loss is 0.053486335277557376
At time: 171.3266191482544 accuracy is 0.984375 and loss is 0.041239959001541135
At time: 171.98887991905212 accuracy is 0.98125 and loss is 0.04591178297996521
At time: 172.64627075195312 accuracy is 0.984375 and loss is 0.04573836326599121
At time: 173.3070104122162 accuracy is 0.9921875 and loss is 0.022109034657478332
At time: 173.97334694862366 accuracy is 0.9703125 and loss is 0.08268498182296753
At time: 174.63240694999695 accuracy is 0.9390625 and loss is 0.2501790523529053
At time: 175.2932915687561 accuracy is 0.9875 and loss is 0.039670586585998535
At time: 175.9580945968628 accuracy is 0.9734375 and loss is 0.06414551138877869
At time: 176.6212899684906 accuracy is 0.984375 and loss is 0.040731751918792726
At time: 177.28255319595337 accuracy is 0.96875 and loss is 0.10161125659942627
At time: 177.94578766822815 accuracy is 0.9578125 and loss is 0.10500692129135132
At time: 178.6106779575348 accuracy is 0.9640625 and loss is 0.0995427429676056
At time: 179.2789785861969 accuracy is 0.9796875 and loss is 0.056999361515045165
At time: 179.94877338409424 accuracy is 0.9859375 and loss is 0.0519240140914917
At time: 180.61886858940125 accuracy is 0.978125 and loss is 0.07548915147781372
At time: 181.29236102104187 accuracy is 0.9671875 and loss is 0.09936913847923279
At time: 181.96366333961487 accuracy is 0.9765625 and loss is 0.05573450326919556
At time: 182.6377670764923 accuracy is 0.971875 and loss is 0.08879456520080567
At time: 183.3135850429535 accuracy is 0.9390625 and loss is 0.2142549514770508
At time: 183.98656034469604 accuracy is 0.9890625 and loss is 0.0289277046918869
At time: 184.6549289226532 accuracy is 0.990625 and loss is 0.023816122114658354
At time: 185.32591199874878 accuracy is 0.946875 and loss is 0.20106298923492433
At time: 185.9990999698639 accuracy is 0.9859375 and loss is 0.050230538845062254
At time: 186.6761031150818 accuracy is 0.9609375 and loss is 0.10245569944381713
At time: 187.34372997283936 accuracy is 0.990625 and loss is 0.031819456815719606
At time: 188.0105893611908 accuracy is 0.990625 and loss is 0.024541372060775758
At time: 188.68723011016846 accuracy is 0.9640625 and loss is 0.10782115459442139
At time: 189.36520528793335 accuracy is 0.95625 and loss is 0.1292570114135742
At time: 190.04201889038086 accuracy is 0.9671875 and loss is 0.0985330581665039
At time: 190.71723318099976 accuracy is 0.9609375 and loss is 0.10042651891708373
At time: 191.39863896369934 accuracy is 0.984375 and loss is 0.03764118254184723
At time: 192.07783150672913 accuracy is 0.965625 and loss is 0.09493908882141114
At time: 192.75488209724426 accuracy is 0.9828125 and loss is 0.038344749808311464
At time: 193.43107438087463 accuracy is 0.9859375 and loss is 0.03522850573062897
Evaluating...
Done Evaluating: Achieved accuracy of 0.7284731113956466
Not better for 5
Completing Train Step at 6th epoch...
At time: 201.71215510368347 accuracy is 0.9984375 and loss is 0.014899314939975738
At time: 202.2967460155487 accuracy is 0.9890625 and loss is 0.02992645800113678
At time: 202.918776512146 accuracy is 0.9765625 and loss is 0.09099818468093872
At time: 203.59022688865662 accuracy is 0.9765625 and loss is 0.08339807391166687
At time: 204.26051926612854 accuracy is 0.978125 and loss is 0.06279493570327759
At time: 204.92815732955933 accuracy is 0.9828125 and loss is 0.05908032059669495
At time: 205.58765482902527 accuracy is 0.98125 and loss is 0.0775083601474762
At time: 206.25281834602356 accuracy is 0.965625 and loss is 0.09794912934303283
At time: 206.91600060462952 accuracy is 0.9875 and loss is 0.04270198345184326
At time: 207.57727432250977 accuracy is 0.978125 and loss is 0.05442028045654297
At time: 208.2380530834198 accuracy is 0.98125 and loss is 0.05557595491409302
At time: 208.89927291870117 accuracy is 0.9890625 and loss is 0.0383071780204773
At time: 209.56947779655457 accuracy is 0.96875 and loss is 0.07460185289382934
At time: 210.2337155342102 accuracy is 0.984375 and loss is 0.028799667954444885
At time: 210.90169978141785 accuracy is 0.984375 and loss is 0.04741435945034027
At time: 211.5765175819397 accuracy is 0.990625 and loss is 0.02887939214706421
At time: 212.25887942314148 accuracy is 0.953125 and loss is 0.1351333498954773
At time: 212.93218994140625 accuracy is 0.971875 and loss is 0.06838527917861939
At time: 213.60062313079834 accuracy is 0.9828125 and loss is 0.051199817657470705
At time: 214.27208971977234 accuracy is 0.98125 and loss is 0.0541763424873352
At time: 214.9522089958191 accuracy is 0.9890625 and loss is 0.03470836877822876
At time: 215.61981534957886 accuracy is 0.9859375 and loss is 0.04669008553028107
At time: 216.28377962112427 accuracy is 0.9828125 and loss is 0.06248019933700562
At time: 216.95054244995117 accuracy is 0.9703125 and loss is 0.08276064395904541
At time: 217.61520791053772 accuracy is 1.0 and loss is 0.002457500249147415
At time: 218.2930462360382 accuracy is 0.971875 and loss is 0.07695757746696472
At time: 218.96787762641907 accuracy is 0.971875 and loss is 0.08354389071464538
At time: 219.63503575325012 accuracy is 0.934375 and loss is 0.1958044171333313
At time: 220.30200505256653 accuracy is 0.9640625 and loss is 0.12962136268615723
At time: 220.9718141555786 accuracy is 0.9765625 and loss is 0.04544045031070709
At time: 221.6391053199768 accuracy is 0.9625 and loss is 0.13815028667449952
At time: 222.31110835075378 accuracy is 0.984375 and loss is 0.05397627353668213
At time: 222.98379755020142 accuracy is 0.9875 and loss is 0.024198935925960542
At time: 223.6628589630127 accuracy is 0.9921875 and loss is 0.017676828801631926
At time: 224.3403558731079 accuracy is 0.965625 and loss is 0.09702324867248535
At time: 225.02138090133667 accuracy is 0.9640625 and loss is 0.09192373156547547
At time: 225.69707870483398 accuracy is 0.9859375 and loss is 0.030562326312065125
At time: 226.37726950645447 accuracy is 0.9625 and loss is 0.08338914513587951
At time: 227.05430698394775 accuracy is 0.9640625 and loss is 0.08406435251235962
Evaluating...
Done Evaluating: Achieved accuracy of 0.7762083866837388
Not better for 6
Completing Train Step at 7th epoch...
At time: 235.35154056549072 accuracy is 0.9875 and loss is 0.032056492567062375
At time: 235.92920541763306 accuracy is 0.9890625 and loss is 0.03525497615337372
At time: 236.56006813049316 accuracy is 0.95 and loss is 0.14197976589202882
At time: 237.22732043266296 accuracy is 0.978125 and loss is 0.06812308430671692
At time: 237.89052152633667 accuracy is 0.9828125 and loss is 0.05210574865341187
At time: 238.5563313961029 accuracy is 0.9703125 and loss is 0.1063073754310608
At time: 239.21723699569702 accuracy is 0.971875 and loss is 0.09798321723937989
At time: 239.88047885894775 accuracy is 0.990625 and loss is 0.025317612290382385
At time: 240.5440809726715 accuracy is 0.9875 and loss is 0.02765936255455017
At time: 241.20647382736206 accuracy is 0.965625 and loss is 0.10794686079025269
At time: 241.86748266220093 accuracy is 0.9875 and loss is 0.03402604758739471
At time: 242.52809739112854 accuracy is 0.9859375 and loss is 0.03413146734237671
At time: 243.184335231781 accuracy is 0.971875 and loss is 0.1064184308052063
At time: 243.84138894081116 accuracy is 0.9828125 and loss is 0.06041041612625122
At time: 244.50776052474976 accuracy is 0.9765625 and loss is 0.057884383201599124
At time: 245.17486190795898 accuracy is 0.9828125 and loss is 0.03859899938106537
At time: 245.83658146858215 accuracy is 0.9859375 and loss is 0.02920106053352356
At time: 246.49424290657043 accuracy is 0.984375 and loss is 0.07665213346481323
At time: 247.15367102622986 accuracy is 0.990625 and loss is 0.05193204879760742
At time: 247.81846284866333 accuracy is 0.9734375 and loss is 0.07322722673416138
At time: 248.48561310768127 accuracy is 0.965625 and loss is 0.10634276866912842
At time: 249.14399528503418 accuracy is 0.9859375 and loss is 0.05957914590835571
At time: 249.80620312690735 accuracy is 0.9703125 and loss is 0.0835674524307251
At time: 250.47113060951233 accuracy is 0.971875 and loss is 0.11545586585998535
At time: 251.13234305381775 accuracy is 0.9890625 and loss is 0.03190999031066895
At time: 251.79758882522583 accuracy is 0.9890625 and loss is 0.04704742729663849
At time: 252.46760058403015 accuracy is 0.984375 and loss is 0.039173468947410583
At time: 253.12708520889282 accuracy is 0.9890625 and loss is 0.03043278455734253
At time: 253.7916555404663 accuracy is 0.9796875 and loss is 0.05092015862464905
At time: 254.46258354187012 accuracy is 0.9859375 and loss is 0.06246603727340698
At time: 255.1296203136444 accuracy is 0.978125 and loss is 0.05926932096481323
At time: 255.7971670627594 accuracy is 0.9921875 and loss is 0.01912879794836044
At time: 256.4730842113495 accuracy is 0.9890625 and loss is 0.025035607814788818
At time: 257.1433413028717 accuracy is 0.98125 and loss is 0.040729135274887085
At time: 257.81883788108826 accuracy is 0.9859375 and loss is 0.04991882741451263
At time: 258.49531388282776 accuracy is 0.990625 and loss is 0.03550028204917908
At time: 259.17043375968933 accuracy is 0.99375 and loss is 0.018685059249401094
At time: 259.847252368927 accuracy is 0.9921875 and loss is 0.017093588411808015
At time: 260.5235948562622 accuracy is 0.9859375 and loss is 0.041927391290664674
Evaluating...
Done Evaluating: Achieved accuracy of 0.773927656850192
Not better for 7
Completing Train Step at 8th epoch...
At time: 268.7547039985657 accuracy is 0.99375 and loss is 0.0320309728384018
At time: 269.33611941337585 accuracy is 0.984375 and loss is 0.04892989993095398
At time: 269.9650845527649 accuracy is 0.975 and loss is 0.05548476576805115
At time: 270.6293158531189 accuracy is 0.9828125 and loss is 0.04923472106456757
At time: 271.28938698768616 accuracy is 0.9875 and loss is 0.046906855702400205
At time: 271.9460892677307 accuracy is 0.9953125 and loss is 0.011175808310508729
At time: 272.6045799255371 accuracy is 0.99375 and loss is 0.01296277791261673
At time: 273.2695848941803 accuracy is 1.0 and loss is 0.004699648171663284
At time: 273.94077730178833 accuracy is 0.9859375 and loss is 0.04411904811859131
At time: 274.6021258831024 accuracy is 0.984375 and loss is 0.0301137775182724
At time: 275.26528549194336 accuracy is 0.9953125 and loss is 0.010166270285844803
At time: 275.9248185157776 accuracy is 0.9953125 and loss is 0.015140864253044128
At time: 276.5865762233734 accuracy is 0.98125 and loss is 0.03841486275196075
At time: 277.24707293510437 accuracy is 0.9859375 and loss is 0.04079712629318237
At time: 277.9055926799774 accuracy is 0.9859375 and loss is 0.051288217306137085
At time: 278.56639099121094 accuracy is 0.965625 and loss is 0.08008907437324524
At time: 279.22806119918823 accuracy is 0.978125 and loss is 0.06054046154022217
At time: 279.89153242111206 accuracy is 0.990625 and loss is 0.022127883136272432
At time: 280.5569965839386 accuracy is 0.9921875 and loss is 0.023152503371238708
At time: 281.22095489501953 accuracy is 0.9859375 and loss is 0.053748863935470584
At time: 281.8881826400757 accuracy is 0.98125 and loss is 0.06431804895401001
At time: 282.5531086921692 accuracy is 0.9984375 and loss is 0.0069973237812519075
At time: 283.2135236263275 accuracy is 0.9875 and loss is 0.024674142897129058
At time: 283.8773627281189 accuracy is 0.9890625 and loss is 0.04432285726070404
At time: 284.53894233703613 accuracy is 0.996875 and loss is 0.020221394300460816
At time: 285.1969723701477 accuracy is 0.990625 and loss is 0.02534351646900177
At time: 285.8597674369812 accuracy is 0.990625 and loss is 0.04439974129199982
At time: 286.5287127494812 accuracy is 0.98125 and loss is 0.058149516582489014
At time: 287.19499945640564 accuracy is 0.9734375 and loss is 0.07953441143035889
At time: 287.86279582977295 accuracy is 0.9953125 and loss is 0.022914771735668183
At time: 288.53364419937134 accuracy is 0.9796875 and loss is 0.06023865342140198
At time: 289.1948456764221 accuracy is 0.990625 and loss is 0.022736261785030364
At time: 289.86391377449036 accuracy is 0.9609375 and loss is 0.1214401364326477
At time: 290.5299029350281 accuracy is 0.9765625 and loss is 0.07458680272102355
At time: 291.2005829811096 accuracy is 0.96875 and loss is 0.07480646967887879
At time: 291.87330079078674 accuracy is 0.9859375 and loss is 0.04920063316822052
At time: 292.5463156700134 accuracy is 0.99375 and loss is 0.020846198499202728
At time: 293.22111082077026 accuracy is 0.9859375 and loss is 0.02825336754322052
At time: 293.89857602119446 accuracy is 0.9953125 and loss is 0.00975412204861641
Evaluating...
Done Evaluating: Achieved accuracy of 0.7709266965428937
Not better for 8
Completing Train Step at 9th epoch...
At time: 302.17287373542786 accuracy is 0.9828125 and loss is 0.04610449373722077
At time: 302.760365486145 accuracy is 0.9875 and loss is 0.035584837198257446
At time: 303.3831226825714 accuracy is 0.9890625 and loss is 0.024618536233901978
At time: 304.0459966659546 accuracy is 0.9859375 and loss is 0.03418573439121246
At time: 304.70403695106506 accuracy is 0.9875 and loss is 0.0521752655506134
At time: 305.3665142059326 accuracy is 0.984375 and loss is 0.041249343752861024
At time: 306.0322868824005 accuracy is 0.978125 and loss is 0.053572970628738406
At time: 306.6912169456482 accuracy is 0.9953125 and loss is 0.01900004893541336
At time: 307.3545067310333 accuracy is 0.984375 and loss is 0.03813216984272003
At time: 308.01306653022766 accuracy is 0.984375 and loss is 0.03237265050411224
At time: 308.6755154132843 accuracy is 0.9703125 and loss is 0.07213973999023438
At time: 309.33249711990356 accuracy is 0.996875 and loss is 0.011607710272073746
At time: 309.9958655834198 accuracy is 0.959375 and loss is 0.11138371229171753
At time: 310.6589994430542 accuracy is 0.9921875 and loss is 0.023130598664283752
At time: 311.3215081691742 accuracy is 0.996875 and loss is 0.00920407921075821
At time: 311.9896433353424 accuracy is 0.984375 and loss is 0.0498891144990921
At time: 312.6483619213104 accuracy is 0.99375 and loss is 0.013328605890274048
At time: 313.31810235977173 accuracy is 0.9921875 and loss is 0.030417099595069885
At time: 313.97956562042236 accuracy is 0.9875 and loss is 0.050574660301208496
At time: 314.6444160938263 accuracy is 0.9921875 and loss is 0.031936252117156984
At time: 315.31154227256775 accuracy is 0.9921875 and loss is 0.02535293102264404
At time: 315.9801423549652 accuracy is 1.0 and loss is 0.005260508880019188
At time: 316.6477189064026 accuracy is 0.9859375 and loss is 0.06271382570266723
At time: 317.31312346458435 accuracy is 0.99375 and loss is 0.014051061868667603
At time: 317.9787938594818 accuracy is 0.98125 and loss is 0.03811600208282471
At time: 318.64643120765686 accuracy is 0.990625 and loss is 0.02187630832195282
At time: 319.30785274505615 accuracy is 0.99375 and loss is 0.02020784914493561
At time: 319.9775960445404 accuracy is 0.98125 and loss is 0.0492561012506485
At time: 320.6356587409973 accuracy is 0.996875 and loss is 0.005932117998600006
At time: 321.30494475364685 accuracy is 0.9984375 and loss is 0.008090362697839738
At time: 321.9676549434662 accuracy is 0.9953125 and loss is 0.011109423637390137
At time: 322.6363754272461 accuracy is 0.9734375 and loss is 0.05760882496833801
At time: 323.29884696006775 accuracy is 0.990625 and loss is 0.03072136640548706
At time: 323.96660900115967 accuracy is 0.9875 and loss is 0.02575356364250183
At time: 324.6255955696106 accuracy is 0.996875 and loss is 0.013212990760803223
At time: 325.29714131355286 accuracy is 0.971875 and loss is 0.09578717350959778
At time: 325.95959210395813 accuracy is 0.9859375 and loss is 0.033885407447814944
At time: 326.6291034221649 accuracy is 0.9796875 and loss is 0.047673928737640384
At time: 327.2954363822937 accuracy is 0.996875 and loss is 0.014658141136169433
Evaluating...
Done Evaluating: Achieved accuracy of 0.7419574263764405
Not better for 9
Completing Train Step at 10th epoch...
At time: 335.51163625717163 accuracy is 0.9921875 and loss is 0.01721508502960205
At time: 336.0908570289612 accuracy is 0.9984375 and loss is 0.008718323707580567
At time: 336.7202203273773 accuracy is 0.9953125 and loss is 0.019423569738864898
At time: 337.38157176971436 accuracy is 0.9953125 and loss is 0.00924234613776207
At time: 338.0484733581543 accuracy is 1.0 and loss is 0.0029608044773340226
At time: 338.71583819389343 accuracy is 0.9953125 and loss is 0.007151760160923004
At time: 339.3813543319702 accuracy is 1.0 and loss is 0.001881956122815609
At time: 340.04780745506287 accuracy is 0.99375 and loss is 0.03398856520652771
At time: 340.71310544013977 accuracy is 0.996875 and loss is 0.011001092195510865
At time: 341.3769953250885 accuracy is 0.971875 and loss is 0.08692460060119629
At time: 342.04035353660583 accuracy is 0.99375 and loss is 0.036085891723632815
At time: 342.7063512802124 accuracy is 0.978125 and loss is 0.06680139899253845
At time: 343.37054657936096 accuracy is 0.99375 and loss is 0.01574704498052597
At time: 344.0350732803345 accuracy is 0.9921875 and loss is 0.022148168087005614
At time: 344.7026801109314 accuracy is 0.990625 and loss is 0.03991380631923676
At time: 345.36454606056213 accuracy is 0.9953125 and loss is 0.02829292118549347
At time: 346.02888798713684 accuracy is 0.9921875 and loss is 0.03347413539886475
At time: 346.69014716148376 accuracy is 0.9953125 and loss is 0.015574842691421509
At time: 347.3546280860901 accuracy is 0.9859375 and loss is 0.04706709384918213
At time: 348.0184442996979 accuracy is 0.9890625 and loss is 0.018928416073322296
At time: 348.68507957458496 accuracy is 0.975 and loss is 0.0731980562210083
At time: 349.3495111465454 accuracy is 0.9921875 and loss is 0.022626176476478577
At time: 350.02117919921875 accuracy is 0.9796875 and loss is 0.07484989762306213
At time: 350.68575835227966 accuracy is 0.98125 and loss is 0.06057276725769043
At time: 351.3578476905823 accuracy is 0.9796875 and loss is 0.06038495898246765
At time: 352.0229563713074 accuracy is 0.9921875 and loss is 0.021070778369903564
At time: 352.6951003074646 accuracy is 0.9640625 and loss is 0.10271329879760742
At time: 353.3598155975342 accuracy is 0.9921875 and loss is 0.02656702995300293
At time: 354.03180837631226 accuracy is 0.9796875 and loss is 0.0645713448524475
At time: 354.69580268859863 accuracy is 0.9921875 and loss is 0.025055176019668578
At time: 355.3582317829132 accuracy is 0.98125 and loss is 0.07649696469306946
At time: 356.02686500549316 accuracy is 0.9921875 and loss is 0.032789218425750735
At time: 356.6897728443146 accuracy is 0.9921875 and loss is 0.03137247860431671
At time: 357.36482191085815 accuracy is 0.978125 and loss is 0.05781461596488953
At time: 358.0253052711487 accuracy is 0.996875 and loss is 0.010683439671993256
At time: 358.69641971588135 accuracy is 0.9828125 and loss is 0.04485759139060974
At time: 359.36008524894714 accuracy is 0.9984375 and loss is 0.010842850804328919
At time: 360.030259847641 accuracy is 0.9953125 and loss is 0.01805824786424637
At time: 360.6944935321808 accuracy is 0.9953125 and loss is 0.011423884332180024
Evaluating...
Done Evaluating: Achieved accuracy of 0.7705265685019206
Not better for 10
Model not improving. Stopping earlyat 0.8066981434058899 epochs.
Done Training. Achieved Best Accuracy of 0.8066981434058899
