ROOT_PATH: /home-nfs/siddsach/ml/Interpreting-Attention/interpreting_language
Building Bayesian Optimizer for 
 data:MPQA 
 choices:[{'name': 'lr', 'type': 'continuous', 'domain': [5e-05, 0.005]}, {'name': 'rnn_dropout', 'type': 'continuous', 'domain': [0, 1]}, {'name': 'dropout', 'type': 'continuous', 'domain': [0, 1]}, {'name': 'l2', 'type': 'continuous', 'domain': [0, 1]}]
SETTINGS FOR THIS RUN
{'batch_size': 32, 'wordvec_dim': 300, 'tune_wordvecs': True, 'data': 'MPQA', 'attn_type': None, 'rnn_dropout': 0.011320896618515985, 'num_layers': 2, 'dropout': 0.12905085503173863, 'lr': 0.0013776790175357991, 'l2': 0.28050914591053844, 'wordvec_source': 'None'}
Using CUDA!
here
None
Building RNN Classifier...

[93m    Warning: no model found for 'en'[0m

    Only loading the 'en' tokenizer.

Retrieving Data from file: /home-nfs/siddsach/ml/Interpreting-Attention/interpreting_language/data/mpqa/mpqa_subj_labels.pickle...
Loading Vectors From Memory...
Not using pretrained wordvectors
Building Vocab...
[]
Getting Batches...
Created Iterator with 261 batches
Getting Batches...
Created Iterator with 87 batches
Building model...
Using Vanilla RNN with following args:
{'vocab_size': 15284, 'num_classes': 2, 'batch_size': 32, 'rnn_dropout': 0.011320896618515985, 'train_word_vecs': True, 'hidden_size': 300, 'dropout': 0.12905085503173863, 'num_layers': 2, 'vectors': None, 'cuda': True, 'input_size': 300}
Begin Training...
Completing Train Step at 0th epoch...
At time: 0.6226165294647217 accuracy is 0.5890625 and loss is 0.7450854301452636
At time: 0.8785507678985596 accuracy is 0.515625 and loss is 0.7018492698669434
At time: 1.1341114044189453 accuracy is 0.5515625 and loss is 0.6937074184417724
At time: 1.4038474559783936 accuracy is 0.5203125 and loss is 0.6948258399963378
At time: 1.682408094406128 accuracy is 0.5453125 and loss is 0.6901344299316406
At time: 1.9742834568023682 accuracy is 0.534375 and loss is 0.6840699195861817
At time: 2.276435136795044 accuracy is 0.540625 and loss is 0.7067463874816895
At time: 2.586796283721924 accuracy is 0.5375 and loss is 0.6953556060791015
At time: 2.9110403060913086 accuracy is 0.546875 and loss is 0.6799694061279297
At time: 3.246361255645752 accuracy is 0.60625 and loss is 0.6523067474365234
At time: 3.604128837585449 accuracy is 0.65 and loss is 0.6420040130615234
At time: 4.0067808628082275 accuracy is 0.63125 and loss is 0.6452103137969971
Evaluating...
Done Evaluating: Achieved accuracy of 0.5886627906976745
Achieved new best!
Completing Train Step at 1th epoch...
At time: 5.141240835189819 accuracy is 0.46875 and loss is 0.8072168350219726
At time: 5.36161470413208 accuracy is 0.5765625 and loss is 0.6795769691467285
At time: 5.588695526123047 accuracy is 0.659375 and loss is 0.6467423439025879
At time: 5.824108123779297 accuracy is 0.7140625 and loss is 0.573690938949585
At time: 6.062647581100464 accuracy is 0.6765625 and loss is 0.6169567584991456
At time: 6.309406995773315 accuracy is 0.7015625 and loss is 0.5779240131378174
At time: 6.566302537918091 accuracy is 0.7 and loss is 0.5783726215362549
At time: 6.827358961105347 accuracy is 0.7703125 and loss is 0.5142906188964844
At time: 7.0979766845703125 accuracy is 0.7421875 and loss is 0.5566715717315673
At time: 7.3737146854400635 accuracy is 0.796875 and loss is 0.47382168769836425
At time: 7.660237073898315 accuracy is 0.76875 and loss is 0.4701317310333252
At time: 7.963989734649658 accuracy is 0.75625 and loss is 0.5403788566589356
Evaluating...
Done Evaluating: Achieved accuracy of 0.7558139534883721
Achieved new best!
Completing Train Step at 2th epoch...
At time: 8.95540976524353 accuracy is 0.7140625 and loss is 0.621065330505371
At time: 9.173466444015503 accuracy is 0.765625 and loss is 0.5100977897644043
At time: 9.402106761932373 accuracy is 0.8046875 and loss is 0.43700375556945803
At time: 9.637254476547241 accuracy is 0.828125 and loss is 0.39241316318511965
At time: 9.875343561172485 accuracy is 0.8078125 and loss is 0.45543723106384276
At time: 10.121277093887329 accuracy is 0.846875 and loss is 0.3619829177856445
At time: 10.37422800064087 accuracy is 0.878125 and loss is 0.2917864561080933
At time: 10.634383201599121 accuracy is 0.8296875 and loss is 0.38110504150390623
At time: 10.901232957839966 accuracy is 0.8328125 and loss is 0.40303797721862794
At time: 11.176050901412964 accuracy is 0.875 and loss is 0.28695011138916016
At time: 11.464948654174805 accuracy is 0.8828125 and loss is 0.2771280527114868
At time: 11.770114660263062 accuracy is 0.8296875 and loss is 0.40102100372314453
Evaluating...
Done Evaluating: Achieved accuracy of 0.764171511627907
Achieved new best!
Completing Train Step at 3th epoch...
At time: 12.769492149353027 accuracy is 0.8109375 and loss is 0.46279087066650393
At time: 12.98868727684021 accuracy is 0.909375 and loss is 0.23434686660766602
At time: 13.217000722885132 accuracy is 0.91875 and loss is 0.2130743980407715
At time: 13.450012445449829 accuracy is 0.91875 and loss is 0.22580392360687257
At time: 13.691006898880005 accuracy is 0.9 and loss is 0.2791337013244629
At time: 13.938698768615723 accuracy is 0.925 and loss is 0.19183231592178346
At time: 14.195349216461182 accuracy is 0.9203125 and loss is 0.20865390300750733
At time: 14.45520305633545 accuracy is 0.9140625 and loss is 0.23909599781036378
At time: 14.72200870513916 accuracy is 0.8984375 and loss is 0.28585262298583985
At time: 14.996209383010864 accuracy is 0.9265625 and loss is 0.19728405475616456
At time: 15.282158374786377 accuracy is 0.946875 and loss is 0.14867801666259767
At time: 15.58308458328247 accuracy is 0.8890625 and loss is 0.3029967784881592
Evaluating...
Done Evaluating: Achieved accuracy of 0.7278343023255814
Not better for 1
Completing Train Step at 4th epoch...
At time: 16.564185619354248 accuracy is 0.871875 and loss is 0.29750237464904783
At time: 16.78163480758667 accuracy is 0.959375 and loss is 0.11905766725540161
At time: 17.008898973464966 accuracy is 0.9515625 and loss is 0.13285011053085327
At time: 17.243086338043213 accuracy is 0.93125 and loss is 0.17975682020187378
At time: 17.48541784286499 accuracy is 0.89375 and loss is 0.32693521976470946
At time: 17.731881141662598 accuracy is 0.94375 and loss is 0.16255878210067748
At time: 17.983274221420288 accuracy is 0.959375 and loss is 0.11256105899810791
At time: 18.243995666503906 accuracy is 0.9375 and loss is 0.16645113229751587
At time: 18.510507106781006 accuracy is 0.9421875 and loss is 0.1758081555366516
At time: 18.78418231010437 accuracy is 0.9640625 and loss is 0.11064035892486572
At time: 19.069443225860596 accuracy is 0.9375 and loss is 0.1455421566963196
At time: 19.36997389793396 accuracy is 0.9296875 and loss is 0.19434664249420167
Evaluating...
Done Evaluating: Achieved accuracy of 0.7365552325581395
Not better for 2
Completing Train Step at 5th epoch...
At time: 20.357784748077393 accuracy is 0.9609375 and loss is 0.12665477991104127
At time: 20.58192753791809 accuracy is 0.9734375 and loss is 0.07872982621192932
At time: 20.81300449371338 accuracy is 0.9765625 and loss is 0.06099637746810913
At time: 21.04469323158264 accuracy is 0.95625 and loss is 0.14447106122970582
At time: 21.28234887123108 accuracy is 0.9515625 and loss is 0.13191797733306884
At time: 21.52743172645569 accuracy is 0.9765625 and loss is 0.0788066565990448
At time: 21.7800395488739 accuracy is 0.975 and loss is 0.07978177666664124
At time: 22.036909580230713 accuracy is 0.9703125 and loss is 0.09243476390838623
At time: 22.303073406219482 accuracy is 0.9640625 and loss is 0.09914357662200927
At time: 22.577131748199463 accuracy is 0.975 and loss is 0.07607214450836182
At time: 22.86138081550598 accuracy is 0.9703125 and loss is 0.09307687878608703
At time: 23.163995265960693 accuracy is 0.9546875 and loss is 0.135159170627594
Evaluating...
Done Evaluating: Achieved accuracy of 0.747093023255814
Not better for 3
Completing Train Step at 6th epoch...
At time: 24.12324547767639 accuracy is 0.9640625 and loss is 0.10513849258422851
At time: 24.337156534194946 accuracy is 0.9796875 and loss is 0.0656398892402649
At time: 24.56074023246765 accuracy is 0.9796875 and loss is 0.06508818864822388
At time: 24.79200053215027 accuracy is 0.9828125 and loss is 0.0669916331768036
At time: 25.030287742614746 accuracy is 0.9765625 and loss is 0.08604938983917236
At time: 25.275259971618652 accuracy is 0.98125 and loss is 0.06709836721420288
At time: 25.527002811431885 accuracy is 0.9796875 and loss is 0.0626439094543457
At time: 25.787147998809814 accuracy is 0.9640625 and loss is 0.10751098394393921
At time: 26.05516481399536 accuracy is 0.971875 and loss is 0.06997953057289123
At time: 26.331303596496582 accuracy is 0.984375 and loss is 0.05540547966957092
At time: 26.620553731918335 accuracy is 0.984375 and loss is 0.0577678382396698
At time: 26.923299312591553 accuracy is 0.96875 and loss is 0.10632619857788086
Evaluating...
Done Evaluating: Achieved accuracy of 0.7569040697674418
Not better for 4
Completing Train Step at 7th epoch...
At time: 27.90739107131958 accuracy is 0.9671875 and loss is 0.07611669898033142
At time: 28.126118421554565 accuracy is 0.9734375 and loss is 0.06220400333404541
At time: 28.34957790374756 accuracy is 0.984375 and loss is 0.04171983003616333
At time: 28.579790592193604 accuracy is 0.978125 and loss is 0.07689706683158874
At time: 28.817480325698853 accuracy is 0.9828125 and loss is 0.05986334085464477
At time: 29.06371021270752 accuracy is 0.971875 and loss is 0.08148761987686157
At time: 29.319875955581665 accuracy is 0.9875 and loss is 0.03943609595298767
At time: 29.58273720741272 accuracy is 0.9671875 and loss is 0.11189680099487305
At time: 29.850915908813477 accuracy is 0.9828125 and loss is 0.04963437020778656
At time: 30.125244140625 accuracy is 0.9875 and loss is 0.051469409465789796
At time: 30.412136793136597 accuracy is 0.975 and loss is 0.0791457712650299
At time: 30.714872360229492 accuracy is 0.978125 and loss is 0.07312074899673462
Evaluating...
Done Evaluating: Achieved accuracy of 0.7518168604651163
Not better for 5
Completing Train Step at 8th epoch...
At time: 31.70114827156067 accuracy is 0.9875 and loss is 0.05089765191078186
At time: 31.918710947036743 accuracy is 0.9703125 and loss is 0.08626646995544433
At time: 32.14558029174805 accuracy is 0.9875 and loss is 0.04595009088516235
At time: 32.37820911407471 accuracy is 0.990625 and loss is 0.03562057018280029
At time: 32.615731716156006 accuracy is 0.9953125 and loss is 0.031975042819976804
At time: 32.86284875869751 accuracy is 0.9859375 and loss is 0.03197915852069855
At time: 33.11589741706848 accuracy is 0.990625 and loss is 0.03678296804428101
At time: 33.37475872039795 accuracy is 0.9859375 and loss is 0.05253534317016602
At time: 33.64057946205139 accuracy is 0.990625 and loss is 0.02562088370323181
At time: 33.91287040710449 accuracy is 0.99375 and loss is 0.03394336998462677
At time: 34.19800400733948 accuracy is 0.984375 and loss is 0.05328211784362793
At time: 34.498542070388794 accuracy is 0.9859375 and loss is 0.050738364458084106
Evaluating...
Done Evaluating: Achieved accuracy of 0.7474563953488372
Not better for 6
Completing Train Step at 9th epoch...
At time: 35.470115184783936 accuracy is 0.975 and loss is 0.06480609178543091
At time: 35.689956188201904 accuracy is 0.9796875 and loss is 0.04472313523292541
At time: 35.91555452346802 accuracy is 0.9890625 and loss is 0.02596331536769867
At time: 36.14384412765503 accuracy is 0.9859375 and loss is 0.05424165725708008
At time: 36.379427909851074 accuracy is 0.9765625 and loss is 0.04872120916843414
At time: 36.62235975265503 accuracy is 0.9953125 and loss is 0.013182365894317627
At time: 36.87164521217346 accuracy is 0.9828125 and loss is 0.059266853332519534
At time: 37.12896370887756 accuracy is 0.9875 and loss is 0.049885323643684386
At time: 37.39638662338257 accuracy is 0.9875 and loss is 0.04513459205627442
At time: 37.67068791389465 accuracy is 0.9921875 and loss is 0.027655234932899474
At time: 37.959447145462036 accuracy is 0.9953125 and loss is 0.028261950612068175
At time: 38.262938499450684 accuracy is 0.9875 and loss is 0.0376847892999649
Evaluating...
Done Evaluating: Achieved accuracy of 0.748546511627907
Not better for 7
Completing Train Step at 10th epoch...
At time: 39.232795000076294 accuracy is 0.9796875 and loss is 0.05982738733291626
At time: 39.44869375228882 accuracy is 0.9921875 and loss is 0.03038294315338135
At time: 39.6722092628479 accuracy is 0.990625 and loss is 0.02083812654018402
At time: 39.903568506240845 accuracy is 0.984375 and loss is 0.04464864730834961
At time: 40.14195394515991 accuracy is 0.984375 and loss is 0.05568251609802246
At time: 40.38780093193054 accuracy is 0.9953125 and loss is 0.0159443199634552
At time: 40.64098763465881 accuracy is 0.9953125 and loss is 0.020386132597923278
At time: 40.89962816238403 accuracy is 0.9921875 and loss is 0.03182753026485443
At time: 41.167885303497314 accuracy is 0.990625 and loss is 0.022674742341041564
At time: 41.44462752342224 accuracy is 0.990625 and loss is 0.029136791825294495
At time: 41.73245716094971 accuracy is 0.990625 and loss is 0.02541228532791138
At time: 42.034847259521484 accuracy is 0.9796875 and loss is 0.06480530500411988
Evaluating...
Done Evaluating: Achieved accuracy of 0.7271075581395349
Not better for 8
Completing Train Step at 11th epoch...
At time: 43.00296974182129 accuracy is 0.9796875 and loss is 0.055585968494415286
At time: 43.2195200920105 accuracy is 0.99375 and loss is 0.031066516041755678
At time: 43.445380449295044 accuracy is 0.9921875 and loss is 0.030424493551254272
At time: 43.67644643783569 accuracy is 0.9953125 and loss is 0.012854057550430297
At time: 43.91439747810364 accuracy is 0.990625 and loss is 0.027395200729370118
At time: 44.15906500816345 accuracy is 0.996875 and loss is 0.011876390874385833
At time: 44.412065267562866 accuracy is 0.99375 and loss is 0.019227159023284913
At time: 44.68322134017944 accuracy is 0.99375 and loss is 0.024390485882759095
At time: 44.960933208465576 accuracy is 0.9875 and loss is 0.03766618072986603
At time: 45.24470925331116 accuracy is 0.996875 and loss is 0.008365319669246673
At time: 45.53133225440979 accuracy is 0.9796875 and loss is 0.048267194628715517
At time: 45.83165407180786 accuracy is 0.9859375 and loss is 0.024549464881420135
Evaluating...
Done Evaluating: Achieved accuracy of 0.75
Not better for 9
Completing Train Step at 12th epoch...
At time: 46.7947039604187 accuracy is 0.9921875 and loss is 0.020501907169818877
At time: 47.012781858444214 accuracy is 0.9953125 and loss is 0.013827197253704071
At time: 47.23892283439636 accuracy is 0.9984375 and loss is 0.0033980377018451692
At time: 47.47550415992737 accuracy is 0.9859375 and loss is 0.039826500415802005
At time: 47.719584941864014 accuracy is 0.9875 and loss is 0.03978809118270874
At time: 47.9712073802948 accuracy is 0.98125 and loss is 0.04678853452205658
At time: 48.229655742645264 accuracy is 0.9921875 and loss is 0.03166356682777405
At time: 48.49541258811951 accuracy is 0.9828125 and loss is 0.06068386435508728
At time: 48.76935958862305 accuracy is 0.984375 and loss is 0.05550817251205444
At time: 49.04916715621948 accuracy is 0.9875 and loss is 0.02498728483915329
At time: 49.34216332435608 accuracy is 0.9921875 and loss is 0.01693986654281616
At time: 49.652294397354126 accuracy is 0.9921875 and loss is 0.016508442163467408
Evaluating...
Done Evaluating: Achieved accuracy of 0.7445494186046512
Not better for 10
Model not improving. Stopping earlyat 0.764171511627907 epochs.
Done Training. Achieved Best Accuracy of 0.764171511627907
Improved accuracyfrom -10000000 to 0.764171511627907
classifier
SETTINGS FOR THIS RUN
{'batch_size': 32, 'wordvec_dim': 300, 'tune_wordvecs': True, 'data': 'MPQA', 'attn_type': None, 'rnn_dropout': 0.42576201969022376, 'num_layers': 2, 'dropout': 0.3945648909762659, 'lr': 0.0035840670546193882, 'l2': 0.7646448113497257, 'wordvec_source': 'None'}
Using CUDA!
here
None
Building RNN Classifier...

[93m    Warning: no model found for 'en'[0m

    Only loading the 'en' tokenizer.

Retrieving Data from file: /home-nfs/siddsach/ml/Interpreting-Attention/interpreting_language/data/mpqa/mpqa_subj_labels.pickle...
Loading Vectors From Memory...
Not using pretrained wordvectors
Building Vocab...
[]
Getting Batches...
Created Iterator with 261 batches
Getting Batches...
Created Iterator with 87 batches
Building model...
Using Vanilla RNN with following args:
{'vocab_size': 15284, 'num_classes': 2, 'batch_size': 32, 'rnn_dropout': 0.42576201969022376, 'train_word_vecs': True, 'hidden_size': 300, 'dropout': 0.3945648909762659, 'num_layers': 2, 'vectors': None, 'cuda': True, 'input_size': 300}
Begin Training...
Completing Train Step at 0th epoch...
At time: 0.27043771743774414 accuracy is 0.5453125 and loss is 0.7367908954620361
At time: 0.5169389247894287 accuracy is 0.503125 and loss is 0.7290894985198975
At time: 0.773123025894165 accuracy is 0.5515625 and loss is 0.6975814819335937
At time: 1.038482904434204 accuracy is 0.471875 and loss is 0.7052264213562012
At time: 1.3131439685821533 accuracy is 0.528125 and loss is 0.689339542388916
At time: 1.621387243270874 accuracy is 0.5734375 and loss is 0.6803066253662109
At time: 1.941955804824829 accuracy is 0.5625 and loss is 0.7217573642730712
At time: 2.263401508331299 accuracy is 0.615625 and loss is 0.6662830829620361
At time: 2.591269016265869 accuracy is 0.6296875 and loss is 0.657036828994751
At time: 2.929625988006592 accuracy is 0.6234375 and loss is 0.6611347198486328
At time: 3.2887766361236572 accuracy is 0.659375 and loss is 0.6370985031127929
At time: 3.6782777309417725 accuracy is 0.6359375 and loss is 0.6622509956359863
Evaluating...
Done Evaluating: Achieved accuracy of 0.6809593023255814
Achieved new best!
Completing Train Step at 1th epoch...
At time: 4.825461387634277 accuracy is 0.6515625 and loss is 0.6872499465942383
At time: 5.046838998794556 accuracy is 0.675 and loss is 0.5937623977661133
At time: 5.27602481842041 accuracy is 0.6890625 and loss is 0.5919449806213379
At time: 5.512618541717529 accuracy is 0.6984375 and loss is 0.5806034088134766
At time: 5.754690647125244 accuracy is 0.75625 and loss is 0.49919490814208983
At time: 6.004140615463257 accuracy is 0.740625 and loss is 0.5234903335571289
At time: 6.2601964473724365 accuracy is 0.7078125 and loss is 0.6046141624450684
At time: 6.523297071456909 accuracy is 0.7296875 and loss is 0.5395717620849609
At time: 6.796377658843994 accuracy is 0.746875 and loss is 0.5444958686828614
At time: 7.079698324203491 accuracy is 0.7453125 and loss is 0.5342898368835449
At time: 7.373931646347046 accuracy is 0.7578125 and loss is 0.4967752456665039
At time: 7.684293985366821 accuracy is 0.7484375 and loss is 0.5361063003540039
Evaluating...
Done Evaluating: Achieved accuracy of 0.7307412790697675
Achieved new best!
Completing Train Step at 2th epoch...
At time: 8.687067747116089 accuracy is 0.7625 and loss is 0.6201692581176758
At time: 8.90841269493103 accuracy is 0.7890625 and loss is 0.47104434967041015
At time: 9.137205362319946 accuracy is 0.7828125 and loss is 0.46314849853515627
At time: 9.370464086532593 accuracy is 0.81875 and loss is 0.41631498336791994
At time: 9.609254121780396 accuracy is 0.8671875 and loss is 0.31108598709106444
At time: 9.8545982837677 accuracy is 0.859375 and loss is 0.41107687950134275
At time: 10.106515884399414 accuracy is 0.815625 and loss is 0.4377610206604004
At time: 10.365848541259766 accuracy is 0.8296875 and loss is 0.42219972610473633
At time: 10.636014699935913 accuracy is 0.8125 and loss is 0.4611371994018555
At time: 10.912689447402954 accuracy is 0.8125 and loss is 0.4187501907348633
At time: 11.203173875808716 accuracy is 0.8375 and loss is 0.3956712007522583
At time: 11.507034063339233 accuracy is 0.796875 and loss is 0.46907854080200195
Evaluating...
Done Evaluating: Achieved accuracy of 0.7271075581395349
Not better for 1
Completing Train Step at 3th epoch...
At time: 12.49220061302185 accuracy is 0.7921875 and loss is 0.4947782516479492
At time: 12.710479259490967 accuracy is 0.86875 and loss is 0.3114773750305176
At time: 12.939376592636108 accuracy is 0.8640625 and loss is 0.3388401985168457
At time: 13.17554521560669 accuracy is 0.8703125 and loss is 0.3108139276504517
At time: 13.416944026947021 accuracy is 0.84375 and loss is 0.36497206687927247
At time: 13.66633653640747 accuracy is 0.8671875 and loss is 0.34690792560577394
At time: 13.923848390579224 accuracy is 0.859375 and loss is 0.34862921237945554
At time: 14.188054084777832 accuracy is 0.8578125 and loss is 0.3394888162612915
At time: 14.464609622955322 accuracy is 0.853125 and loss is 0.3610506296157837
At time: 14.746290683746338 accuracy is 0.85 and loss is 0.3543005228042603
At time: 15.038060903549194 accuracy is 0.853125 and loss is 0.3629928112030029
At time: 15.344610214233398 accuracy is 0.825 and loss is 0.43378434181213377
Evaluating...
Done Evaluating: Achieved accuracy of 0.7347383720930233
Achieved new best!
Completing Train Step at 4th epoch...
At time: 16.342084884643555 accuracy is 0.83125 and loss is 0.4569550037384033
At time: 16.56264352798462 accuracy is 0.9125 and loss is 0.21245980262756348
At time: 16.791852712631226 accuracy is 0.9140625 and loss is 0.23405022621154786
At time: 17.027982234954834 accuracy is 0.921875 and loss is 0.22640528678894042
At time: 17.26964259147644 accuracy is 0.9203125 and loss is 0.209503698348999
At time: 17.52091407775879 accuracy is 0.9109375 and loss is 0.2532900333404541
At time: 17.77849555015564 accuracy is 0.8890625 and loss is 0.26556787490844724
At time: 18.041335344314575 accuracy is 0.8671875 and loss is 0.3101773500442505
At time: 18.31329345703125 accuracy is 0.8921875 and loss is 0.2696587085723877
At time: 18.59235167503357 accuracy is 0.9109375 and loss is 0.2601909875869751
At time: 18.882015228271484 accuracy is 0.884375 and loss is 0.287946891784668
At time: 19.188900470733643 accuracy is 0.859375 and loss is 0.3319436550140381
Evaluating...
Done Evaluating: Achieved accuracy of 0.7503633720930233
Achieved new best!
Completing Train Step at 5th epoch...
At time: 20.197888135910034 accuracy is 0.875 and loss is 0.3370059013366699
At time: 20.425112009048462 accuracy is 0.9359375 and loss is 0.19671767950057983
At time: 20.656007766723633 accuracy is 0.928125 and loss is 0.1903713345527649
At time: 20.891791820526123 accuracy is 0.9421875 and loss is 0.15860944986343384
At time: 21.13169026374817 accuracy is 0.9515625 and loss is 0.1283321738243103
At time: 21.380427598953247 accuracy is 0.9265625 and loss is 0.20940752029418946
At time: 21.63712501525879 accuracy is 0.91875 and loss is 0.21786043643951417
At time: 21.901065826416016 accuracy is 0.8890625 and loss is 0.29696738719940186
At time: 22.173015594482422 accuracy is 0.9171875 and loss is 0.243895959854126
At time: 22.452786684036255 accuracy is 0.9296875 and loss is 0.205954647064209
At time: 22.74328112602234 accuracy is 0.915625 and loss is 0.22686984539031982
At time: 23.050101041793823 accuracy is 0.890625 and loss is 0.2819620132446289
Evaluating...
Done Evaluating: Achieved accuracy of 0.7460029069767442
Not better for 1
Completing Train Step at 6th epoch...
At time: 24.064798593521118 accuracy is 0.928125 and loss is 0.2199942350387573
At time: 24.292148113250732 accuracy is 0.95625 and loss is 0.14037212133407592
At time: 24.5271213054657 accuracy is 0.959375 and loss is 0.11382777690887451
At time: 24.76326274871826 accuracy is 0.940625 and loss is 0.14644695520401002
At time: 25.003749132156372 accuracy is 0.9515625 and loss is 0.13474303483963013
At time: 25.251487731933594 accuracy is 0.9453125 and loss is 0.16504695415496826
At time: 25.50648784637451 accuracy is 0.940625 and loss is 0.17722530364990235
At time: 25.768433094024658 accuracy is 0.921875 and loss is 0.21370141506195067
At time: 26.040499210357666 accuracy is 0.90625 and loss is 0.23535656929016113
At time: 26.319040775299072 accuracy is 0.9265625 and loss is 0.2125692844390869
At time: 26.611889839172363 accuracy is 0.946875 and loss is 0.1470307946205139
At time: 26.91906714439392 accuracy is 0.91875 and loss is 0.21046862602233887
Evaluating...
Done Evaluating: Achieved accuracy of 0.7398255813953488
Not better for 2
Completing Train Step at 7th epoch...
At time: 27.91452670097351 accuracy is 0.928125 and loss is 0.16690610647201537
At time: 28.13968563079834 accuracy is 0.9546875 and loss is 0.11179121732711791
At time: 28.369155406951904 accuracy is 0.95625 and loss is 0.12867515087127684
At time: 28.603171825408936 accuracy is 0.9375 and loss is 0.15979034900665284
At time: 28.84405493736267 accuracy is 0.9484375 and loss is 0.13964037895202636
At time: 29.09188175201416 accuracy is 0.934375 and loss is 0.16719138622283936
At time: 29.347678661346436 accuracy is 0.9546875 and loss is 0.13265533447265626
At time: 29.612200021743774 accuracy is 0.925 and loss is 0.19184739589691163
At time: 29.88228154182434 accuracy is 0.946875 and loss is 0.13922926187515258
At time: 30.161537647247314 accuracy is 0.9453125 and loss is 0.1533447027206421
At time: 30.4511399269104 accuracy is 0.9421875 and loss is 0.13631433248519897
At time: 30.76294469833374 accuracy is 0.94375 and loss is 0.164536190032959
Evaluating...
Done Evaluating: Achieved accuracy of 0.7296511627906976
Not better for 3
Completing Train Step at 8th epoch...
At time: 31.79206871986389 accuracy is 0.96875 and loss is 0.0910935640335083
At time: 32.01613259315491 accuracy is 0.9609375 and loss is 0.09194538593292237
At time: 32.24226117134094 accuracy is 0.9625 and loss is 0.095396888256073
At time: 32.47537636756897 accuracy is 0.9609375 and loss is 0.1266913890838623
At time: 32.7146577835083 accuracy is 0.9578125 and loss is 0.11707040071487426
At time: 32.96165156364441 accuracy is 0.9640625 and loss is 0.10525157451629638
At time: 33.21647238731384 accuracy is 0.953125 and loss is 0.1091989278793335
At time: 33.47738337516785 accuracy is 0.9484375 and loss is 0.15126516819000244
At time: 33.74725914001465 accuracy is 0.9625 and loss is 0.12703980207443238
At time: 34.027015686035156 accuracy is 0.95 and loss is 0.13446416854858398
At time: 34.318203926086426 accuracy is 0.9453125 and loss is 0.14454681873321534
At time: 34.62433576583862 accuracy is 0.9359375 and loss is 0.19480863809585572
Evaluating...
Done Evaluating: Achieved accuracy of 0.7231104651162791
Not better for 4
Completing Train Step at 9th epoch...
At time: 35.60229420661926 accuracy is 0.959375 and loss is 0.13066427707672118
At time: 35.832353591918945 accuracy is 0.978125 and loss is 0.0590477705001831
At time: 36.082552433013916 accuracy is 0.9671875 and loss is 0.11287074089050293
At time: 36.32820391654968 accuracy is 0.975 and loss is 0.06504021286964416
At time: 36.57966327667236 accuracy is 0.9734375 and loss is 0.10020911693572998
At time: 36.83016920089722 accuracy is 0.953125 and loss is 0.13560316562652588
At time: 37.091697216033936 accuracy is 0.9796875 and loss is 0.05376030802726746
At time: 37.35705804824829 accuracy is 0.9609375 and loss is 0.1243975043296814
At time: 37.63004231452942 accuracy is 0.9625 and loss is 0.10815112590789795
At time: 37.907931327819824 accuracy is 0.959375 and loss is 0.1001962423324585
At time: 38.19715332984924 accuracy is 0.9609375 and loss is 0.10650737285614013
At time: 38.50335144996643 accuracy is 0.9625 and loss is 0.12554651498794556
Evaluating...
Done Evaluating: Achieved accuracy of 0.7300145348837209
Not better for 5
Completing Train Step at 10th epoch...
At time: 39.50600600242615 accuracy is 0.96875 and loss is 0.09684884548187256
At time: 39.73122239112854 accuracy is 0.9484375 and loss is 0.13629432916641235
At time: 39.96327781677246 accuracy is 0.971875 and loss is 0.0869737446308136
At time: 40.19874715805054 accuracy is 0.9546875 and loss is 0.10741268396377564
At time: 40.4394907951355 accuracy is 0.9671875 and loss is 0.11847658157348633
At time: 40.68672442436218 accuracy is 0.9609375 and loss is 0.1100587248802185
At time: 40.940948486328125 accuracy is 0.96875 and loss is 0.10000474452972412
At time: 41.20306468009949 accuracy is 0.959375 and loss is 0.13162486553192138
At time: 41.473286867141724 accuracy is 0.9703125 and loss is 0.1052924633026123
At time: 41.75340747833252 accuracy is 0.9671875 and loss is 0.07918936610221863
At time: 42.04481554031372 accuracy is 0.965625 and loss is 0.09439682960510254
At time: 42.35130047798157 accuracy is 0.9578125 and loss is 0.12057632207870483
Evaluating...
Done Evaluating: Achieved accuracy of 0.7013081395348837
Not better for 6
Completing Train Step at 11th epoch...
At time: 43.333972215652466 accuracy is 0.965625 and loss is 0.11012353897094726
At time: 43.553611516952515 accuracy is 0.946875 and loss is 0.1563951015472412
At time: 43.78135418891907 accuracy is 0.971875 and loss is 0.06929129958152772
At time: 44.01695513725281 accuracy is 0.95625 and loss is 0.15534045696258544
At time: 44.2585825920105 accuracy is 0.9828125 and loss is 0.05528293251991272
At time: 44.50634765625 accuracy is 0.978125 and loss is 0.06294139623641967
At time: 44.75911331176758 accuracy is 0.96875 and loss is 0.07484729290008545
At time: 45.02056884765625 accuracy is 0.953125 and loss is 0.13101475238800048
At time: 45.28845286369324 accuracy is 0.9515625 and loss is 0.14957141876220703
At time: 45.580774784088135 accuracy is 0.975 and loss is 0.08174193501472474
At time: 45.88003945350647 accuracy is 0.96875 and loss is 0.08055315017700196
At time: 46.18770480155945 accuracy is 0.9625 and loss is 0.10488502979278565
Evaluating...
Done Evaluating: Achieved accuracy of 0.7311046511627907
Not better for 7
Completing Train Step at 12th epoch...
At time: 47.1816930770874 accuracy is 0.975 and loss is 0.08556032180786133
At time: 47.402905225753784 accuracy is 0.9671875 and loss is 0.07985609769821167
At time: 47.629637479782104 accuracy is 0.978125 and loss is 0.05208452343940735
At time: 47.86209011077881 accuracy is 0.9828125 and loss is 0.0576094388961792
At time: 48.100138425827026 accuracy is 0.9625 and loss is 0.10496488809585572
At time: 48.34678792953491 accuracy is 0.984375 and loss is 0.04616789817810059
At time: 48.59976506233215 accuracy is 0.971875 and loss is 0.08144728541374206
At time: 48.860103130340576 accuracy is 0.9609375 and loss is 0.10871450901031494
At time: 49.12799263000488 accuracy is 0.9671875 and loss is 0.0939727783203125
At time: 49.40421509742737 accuracy is 0.9796875 and loss is 0.06355741024017333
At time: 49.69175052642822 accuracy is 0.9765625 and loss is 0.061182808876037595
At time: 49.99640488624573 accuracy is 0.96875 and loss is 0.0814749538898468
Evaluating...
Done Evaluating: Achieved accuracy of 0.7260174418604651
Not better for 8
Completing Train Step at 13th epoch...
At time: 50.979228019714355 accuracy is 0.96875 and loss is 0.08076295852661133
At time: 51.20116209983826 accuracy is 0.96875 and loss is 0.056460559368133545
At time: 51.43636083602905 accuracy is 0.9875 and loss is 0.0369874358177185
At time: 51.67428636550903 accuracy is 0.9765625 and loss is 0.09093401432037354
At time: 51.918487787246704 accuracy is 0.9796875 and loss is 0.0631525158882141
At time: 52.169113874435425 accuracy is 0.9859375 and loss is 0.03628586232662201
At time: 52.42650103569031 accuracy is 0.96875 and loss is 0.0840621292591095
At time: 52.691344261169434 accuracy is 0.9640625 and loss is 0.1191825032234192
At time: 52.964354276657104 accuracy is 0.98125 and loss is 0.08847770690917969
At time: 53.24509310722351 accuracy is 0.9875 and loss is 0.05160786509513855
At time: 53.538124561309814 accuracy is 0.9671875 and loss is 0.10031266212463379
At time: 53.845635175704956 accuracy is 0.965625 and loss is 0.10556904077529908
Evaluating...
Done Evaluating: Achieved accuracy of 0.7125726744186046
Not better for 9
Completing Train Step at 14th epoch...
At time: 54.85117697715759 accuracy is 0.9796875 and loss is 0.06614459156990052
At time: 55.07620048522949 accuracy is 0.9796875 and loss is 0.0597140371799469
At time: 55.305014848709106 accuracy is 0.978125 and loss is 0.05203726291656494
At time: 55.53901386260986 accuracy is 0.9765625 and loss is 0.07910444140434265
At time: 55.78038144111633 accuracy is 0.9734375 and loss is 0.06992140412330627
At time: 56.031376361846924 accuracy is 0.984375 and loss is 0.03868463635444641
At time: 56.288790464401245 accuracy is 0.975 and loss is 0.07368901371955872
At time: 56.55462050437927 accuracy is 0.9578125 and loss is 0.1191368818283081
At time: 56.82673764228821 accuracy is 0.9640625 and loss is 0.10310639142990112
At time: 57.104336738586426 accuracy is 0.9734375 and loss is 0.08006588220596314
At time: 57.393407344818115 accuracy is 0.975 and loss is 0.0651719868183136
At time: 57.69960808753967 accuracy is 0.9640625 and loss is 0.10052708387374878
Evaluating...
Done Evaluating: Achieved accuracy of 0.7336482558139535
Not better for 10
Model not improving. Stopping earlyat 0.7503633720930233 epochs.
Done Training. Achieved Best Accuracy of 0.7503633720930233
classifier
SETTINGS FOR THIS RUN
{'batch_size': 32, 'wordvec_dim': 300, 'tune_wordvecs': True, 'data': 'MPQA', 'attn_type': None, 'rnn_dropout': 0.8019444092328963, 'num_layers': 2, 'dropout': 0.3063765140009138, 'lr': 0.0047964266109653195, 'l2': 0.7336578250895166, 'wordvec_source': 'None'}
Using CUDA!
here
None
Building RNN Classifier...

[93m    Warning: no model found for 'en'[0m

    Only loading the 'en' tokenizer.

Retrieving Data from file: /home-nfs/siddsach/ml/Interpreting-Attention/interpreting_language/data/mpqa/mpqa_subj_labels.pickle...
Loading Vectors From Memory...
Not using pretrained wordvectors
Building Vocab...
[]
Getting Batches...
Created Iterator with 261 batches
Getting Batches...
Created Iterator with 87 batches
Building model...
Using Vanilla RNN with following args:
{'vocab_size': 15284, 'num_classes': 2, 'batch_size': 32, 'rnn_dropout': 0.8019444092328963, 'train_word_vecs': True, 'hidden_size': 300, 'dropout': 0.3063765140009138, 'num_layers': 2, 'vectors': None, 'cuda': True, 'input_size': 300}
Begin Training...
Completing Train Step at 0th epoch...
At time: 0.26754236221313477 accuracy is 0.5703125 and loss is 0.7544614791870117
At time: 0.5120785236358643 accuracy is 0.5171875 and loss is 0.7171201229095459
At time: 0.770524263381958 accuracy is 0.55 and loss is 0.704774808883667
At time: 1.0379130840301514 accuracy is 0.4859375 and loss is 0.7012657165527344
At time: 1.3167545795440674 accuracy is 0.5171875 and loss is 0.7062378406524659
At time: 1.6087501049041748 accuracy is 0.5 and loss is 0.709621524810791
At time: 1.9118788242340088 accuracy is 0.5328125 and loss is 0.7101629257202149
At time: 2.227487325668335 accuracy is 0.51875 and loss is 0.7164445877075195
At time: 2.554002523422241 accuracy is 0.5203125 and loss is 0.7203138828277588
At time: 2.8950459957122803 accuracy is 0.5765625 and loss is 0.6839545726776123
At time: 3.2552263736724854 accuracy is 0.6421875 and loss is 0.6627128601074219
At time: 3.6371490955352783 accuracy is 0.59375 and loss is 0.6835163116455079
Evaluating...
Done Evaluating: Achieved accuracy of 0.5672238372093024
Achieved new best!
Completing Train Step at 1th epoch...
At time: 4.720670938491821 accuracy is 0.49375 and loss is 0.7690853118896485
At time: 4.938621997833252 accuracy is 0.5859375 and loss is 0.6665267467498779
At time: 5.165371417999268 accuracy is 0.728125 and loss is 0.572737455368042
At time: 5.397456407546997 accuracy is 0.596875 and loss is 0.7030982971191406
At time: 5.636737823486328 accuracy is 0.64375 and loss is 0.634113073348999
At time: 5.8828675746917725 accuracy is 0.6515625 and loss is 0.635401725769043
At time: 6.136458873748779 accuracy is 0.6109375 and loss is 0.6569637775421142
At time: 6.398517847061157 accuracy is 0.6796875 and loss is 0.6204447746276855
At time: 6.667267799377441 accuracy is 0.6671875 and loss is 0.6194464206695557
At time: 6.945484399795532 accuracy is 0.684375 and loss is 0.5933017253875732
At time: 7.2339582443237305 accuracy is 0.6859375 and loss is 0.6095272541046143
At time: 7.53728175163269 accuracy is 0.7125 and loss is 0.591786527633667
Evaluating...
Done Evaluating: Achieved accuracy of 0.6896802325581395
Achieved new best!
Completing Train Step at 2th epoch...
At time: 8.5075044631958 accuracy is 0.6796875 and loss is 0.6510769844055175
At time: 8.723563194274902 accuracy is 0.690625 and loss is 0.584916067123413
At time: 8.948305130004883 accuracy is 0.775 and loss is 0.46563220024108887
At time: 9.18030309677124 accuracy is 0.7296875 and loss is 0.5830226898193359
At time: 9.41836404800415 accuracy is 0.759375 and loss is 0.5023473262786865
At time: 9.664026498794556 accuracy is 0.7796875 and loss is 0.48033814430236815
At time: 9.916077613830566 accuracy is 0.759375 and loss is 0.5314816951751709
At time: 10.17531418800354 accuracy is 0.7234375 and loss is 0.5473120212554932
At time: 10.441954374313354 accuracy is 0.75 and loss is 0.5189308643341064
At time: 10.717588424682617 accuracy is 0.7828125 and loss is 0.4946926116943359
At time: 11.00448989868164 accuracy is 0.7765625 and loss is 0.4856666088104248
At time: 11.307222604751587 accuracy is 0.746875 and loss is 0.5674978256225586
Evaluating...
Done Evaluating: Achieved accuracy of 0.7289244186046512
Achieved new best!
Completing Train Step at 3th epoch...
At time: 12.282288312911987 accuracy is 0.734375 and loss is 0.583526611328125
At time: 12.507171869277954 accuracy is 0.78125 and loss is 0.48630466461181643
At time: 12.741574048995972 accuracy is 0.825 and loss is 0.3876112222671509
At time: 12.984311819076538 accuracy is 0.81875 and loss is 0.4196167945861816
At time: 13.228337526321411 accuracy is 0.8296875 and loss is 0.38429419994354247
At time: 13.479517936706543 accuracy is 0.8515625 and loss is 0.3654570817947388
At time: 13.736708641052246 accuracy is 0.7875 and loss is 0.4496657371520996
At time: 14.00118899345398 accuracy is 0.815625 and loss is 0.4229990005493164
At time: 14.273802995681763 accuracy is 0.8015625 and loss is 0.44815816879272463
At time: 14.55408525466919 accuracy is 0.815625 and loss is 0.4170229911804199
At time: 14.846504211425781 accuracy is 0.8203125 and loss is 0.42053842544555664
At time: 15.154665470123291 accuracy is 0.778125 and loss is 0.4933939456939697
Evaluating...
Done Evaluating: Achieved accuracy of 0.7220203488372093
Not better for 1
Completing Train Step at 4th epoch...
At time: 16.13297390937805 accuracy is 0.7984375 and loss is 0.48598241806030273
At time: 16.356260061264038 accuracy is 0.853125 and loss is 0.3499192237854004
At time: 16.58491802215576 accuracy is 0.8828125 and loss is 0.2824538230895996
At time: 16.8162784576416 accuracy is 0.85 and loss is 0.35897791385650635
At time: 17.05442762374878 accuracy is 0.871875 and loss is 0.3235552549362183
At time: 17.30100131034851 accuracy is 0.8796875 and loss is 0.30197274684906006
At time: 17.55451464653015 accuracy is 0.86875 and loss is 0.32745611667633057
At time: 17.81428074836731 accuracy is 0.8609375 and loss is 0.3329906940460205
At time: 18.083550214767456 accuracy is 0.8609375 and loss is 0.3490718126296997
At time: 18.36262011528015 accuracy is 0.8625 and loss is 0.3590144872665405
At time: 18.654749870300293 accuracy is 0.8609375 and loss is 0.3247136831283569
At time: 18.963542699813843 accuracy is 0.846875 and loss is 0.38243210315704346
Evaluating...
Done Evaluating: Achieved accuracy of 0.7278343023255814
Not better for 2
Completing Train Step at 5th epoch...
At time: 19.95528769493103 accuracy is 0.865625 and loss is 0.3092315196990967
At time: 20.179396390914917 accuracy is 0.8921875 and loss is 0.2461249589920044
At time: 20.407912969589233 accuracy is 0.896875 and loss is 0.2650771141052246
At time: 20.640422105789185 accuracy is 0.8515625 and loss is 0.33010058403015136
At time: 20.879356384277344 accuracy is 0.9 and loss is 0.25074329376220705
At time: 21.12602186203003 accuracy is 0.9140625 and loss is 0.24944939613342285
At time: 21.380075693130493 accuracy is 0.871875 and loss is 0.3359615087509155
At time: 21.64257001876831 accuracy is 0.878125 and loss is 0.3255971193313599
At time: 21.914157390594482 accuracy is 0.853125 and loss is 0.3549307584762573
At time: 22.197312593460083 accuracy is 0.86875 and loss is 0.34460155963897704
At time: 22.489748001098633 accuracy is 0.8890625 and loss is 0.2837232112884521
At time: 22.796979188919067 accuracy is 0.8640625 and loss is 0.35364110469818116
Evaluating...
Done Evaluating: Achieved accuracy of 0.7263808139534884
Not better for 3
Completing Train Step at 6th epoch...
At time: 23.7873637676239 accuracy is 0.9 and loss is 0.25076606273651125
At time: 24.011512756347656 accuracy is 0.934375 and loss is 0.1902477264404297
At time: 24.242955923080444 accuracy is 0.915625 and loss is 0.21425533294677734
At time: 24.478246450424194 accuracy is 0.8734375 and loss is 0.31170833110809326
At time: 24.718432188034058 accuracy is 0.915625 and loss is 0.22855279445648194
At time: 24.96824884414673 accuracy is 0.915625 and loss is 0.23380570411682128
At time: 25.225640773773193 accuracy is 0.9078125 and loss is 0.23092894554138182
At time: 25.49146056175232 accuracy is 0.884375 and loss is 0.27581875324249266
At time: 25.764143466949463 accuracy is 0.884375 and loss is 0.2897936344146729
At time: 26.04477882385254 accuracy is 0.8796875 and loss is 0.30399222373962403
At time: 26.337080478668213 accuracy is 0.9203125 and loss is 0.2194422960281372
At time: 26.644181966781616 accuracy is 0.8953125 and loss is 0.2936398029327393
Evaluating...
Done Evaluating: Achieved accuracy of 0.7340116279069767
Achieved new best!
Completing Train Step at 7th epoch...
At time: 27.626615285873413 accuracy is 0.903125 and loss is 0.25113739967346194
At time: 27.849509954452515 accuracy is 0.94375 and loss is 0.14861987829208373
At time: 28.077274084091187 accuracy is 0.959375 and loss is 0.1365108609199524
At time: 28.314335823059082 accuracy is 0.91875 and loss is 0.22696399688720703
At time: 28.558034420013428 accuracy is 0.921875 and loss is 0.19066097736358642
At time: 28.810288190841675 accuracy is 0.9421875 and loss is 0.18121379613876343
At time: 29.069791078567505 accuracy is 0.90625 and loss is 0.23439419269561768
At time: 29.335779190063477 accuracy is 0.9109375 and loss is 0.23812217712402345
At time: 29.6089506149292 accuracy is 0.9203125 and loss is 0.21289658546447754
At time: 29.888501405715942 accuracy is 0.90625 and loss is 0.2646005630493164
At time: 30.180044889450073 accuracy is 0.93125 and loss is 0.20279717445373535
At time: 30.48686194419861 accuracy is 0.90625 and loss is 0.2467522144317627
Evaluating...
Done Evaluating: Achieved accuracy of 0.735828488372093
Achieved new best!
Completing Train Step at 8th epoch...
At time: 31.472676992416382 accuracy is 0.9375 and loss is 0.1800808072090149
At time: 31.6915922164917 accuracy is 0.9640625 and loss is 0.11507563591003418
At time: 31.91997241973877 accuracy is 0.9546875 and loss is 0.14920576810836791
At time: 32.15597462654114 accuracy is 0.9359375 and loss is 0.18071221113204955
At time: 32.39676904678345 accuracy is 0.934375 and loss is 0.1603507876396179
At time: 32.64528155326843 accuracy is 0.9484375 and loss is 0.16132291555404663
At time: 32.90165853500366 accuracy is 0.921875 and loss is 0.21420133113861084
At time: 33.165064096450806 accuracy is 0.9109375 and loss is 0.21206583976745605
At time: 33.43554162979126 accuracy is 0.915625 and loss is 0.23645522594451904
At time: 33.71213483810425 accuracy is 0.9234375 and loss is 0.21605210304260253
At time: 34.00189447402954 accuracy is 0.9171875 and loss is 0.1895657181739807
At time: 34.307532787323 accuracy is 0.9171875 and loss is 0.2222156524658203
Evaluating...
Done Evaluating: Achieved accuracy of 0.7212936046511628
Not better for 1
Completing Train Step at 9th epoch...
At time: 35.30456471443176 accuracy is 0.9453125 and loss is 0.15341613292694092
At time: 35.527501583099365 accuracy is 0.9671875 and loss is 0.10132993459701538
At time: 35.75583839416504 accuracy is 0.9609375 and loss is 0.09910647869110108
At time: 35.99031591415405 accuracy is 0.940625 and loss is 0.17736564874649047
At time: 36.229702949523926 accuracy is 0.95 and loss is 0.14241535663604737
At time: 36.47666335105896 accuracy is 0.9484375 and loss is 0.15565086603164674
At time: 36.73142719268799 accuracy is 0.9359375 and loss is 0.17584059238433838
At time: 36.992488384246826 accuracy is 0.9171875 and loss is 0.1919437050819397
At time: 37.26040434837341 accuracy is 0.9265625 and loss is 0.19699766635894775
At time: 37.53643226623535 accuracy is 0.9328125 and loss is 0.18334317207336426
At time: 37.82446527481079 accuracy is 0.9421875 and loss is 0.1510751485824585
At time: 38.127283573150635 accuracy is 0.9375 and loss is 0.20040466785430908
Evaluating...
Done Evaluating: Achieved accuracy of 0.7191133720930233
Not better for 2
Completing Train Step at 10th epoch...
At time: 39.10390782356262 accuracy is 0.95 and loss is 0.13374947309494017
At time: 39.32703113555908 accuracy is 0.96875 and loss is 0.09133288860321045
At time: 39.55494236946106 accuracy is 0.9640625 and loss is 0.11863741874694825
At time: 39.78945207595825 accuracy is 0.946875 and loss is 0.13734816312789916
At time: 40.02928328514099 accuracy is 0.9625 and loss is 0.10451415777206421
At time: 40.275777101516724 accuracy is 0.9484375 and loss is 0.17347567081451415
At time: 40.52962779998779 accuracy is 0.95 and loss is 0.13935750722885132
At time: 40.78880500793457 accuracy is 0.9296875 and loss is 0.20254359245300294
At time: 41.05981135368347 accuracy is 0.9328125 and loss is 0.19464648962020875
At time: 41.337228536605835 accuracy is 0.9296875 and loss is 0.19277725219726563
At time: 41.62435221672058 accuracy is 0.95625 and loss is 0.14613544940948486
At time: 41.92679953575134 accuracy is 0.9265625 and loss is 0.2122272491455078
Evaluating...
Done Evaluating: Achieved accuracy of 0.7100290697674418
Not better for 3
Completing Train Step at 11th epoch...
At time: 42.963176250457764 accuracy is 0.975 and loss is 0.07658927440643311
At time: 43.179378509521484 accuracy is 0.9609375 and loss is 0.11331797838211059
At time: 43.404494762420654 accuracy is 0.965625 and loss is 0.10484336614608765
At time: 43.63613033294678 accuracy is 0.9484375 and loss is 0.15987751483917237
At time: 43.87576866149902 accuracy is 0.9578125 and loss is 0.12234774827957154
At time: 44.12322473526001 accuracy is 0.940625 and loss is 0.16415485143661498
At time: 44.38057732582092 accuracy is 0.94375 and loss is 0.154730224609375
At time: 44.64313769340515 accuracy is 0.9390625 and loss is 0.197368586063385
At time: 44.91230273246765 accuracy is 0.9421875 and loss is 0.1642209529876709
At time: 45.188782691955566 accuracy is 0.9421875 and loss is 0.1729844331741333
At time: 45.47831988334656 accuracy is 0.9578125 and loss is 0.13862714767456055
At time: 45.78445887565613 accuracy is 0.909375 and loss is 0.2657697916030884
Evaluating...
Done Evaluating: Achieved accuracy of 0.7260174418604651
Not better for 4
Completing Train Step at 12th epoch...
At time: 46.78880786895752 accuracy is 0.9671875 and loss is 0.07858412861824035
At time: 47.01659846305847 accuracy is 0.9703125 and loss is 0.09852102398872375
At time: 47.249372482299805 accuracy is 0.9578125 and loss is 0.10085424184799194
At time: 47.48674750328064 accuracy is 0.9515625 and loss is 0.13412084579467773
At time: 47.72964143753052 accuracy is 0.965625 and loss is 0.09018942713737488
At time: 47.98012661933899 accuracy is 0.9578125 and loss is 0.12862433195114137
At time: 48.239322900772095 accuracy is 0.9484375 and loss is 0.1354299306869507
At time: 48.51143550872803 accuracy is 0.940625 and loss is 0.1817990779876709
At time: 48.78789949417114 accuracy is 0.9484375 and loss is 0.1543933629989624
At time: 49.07016563415527 accuracy is 0.9453125 and loss is 0.16694226264953613
At time: 49.36346101760864 accuracy is 0.9578125 and loss is 0.13150711059570314
At time: 49.67259454727173 accuracy is 0.9234375 and loss is 0.219708251953125
Evaluating...
Done Evaluating: Achieved accuracy of 0.7176598837209303
Not better for 5
Completing Train Step at 13th epoch...
At time: 50.67543888092041 accuracy is 0.9671875 and loss is 0.09173790216445923
At time: 50.90209174156189 accuracy is 0.971875 and loss is 0.078834867477417
At time: 51.13331365585327 accuracy is 0.96875 and loss is 0.08456366658210754
At time: 51.36946105957031 accuracy is 0.95 and loss is 0.1745610475540161
At time: 51.61165714263916 accuracy is 0.9640625 and loss is 0.0897003710269928
At time: 51.862128019332886 accuracy is 0.9578125 and loss is 0.12084091901779175
At time: 52.11878490447998 accuracy is 0.953125 and loss is 0.16321343183517456
At time: 52.382779359817505 accuracy is 0.940625 and loss is 0.1707698345184326
At time: 52.65513229370117 accuracy is 0.946875 and loss is 0.14577095508575438
At time: 52.93536400794983 accuracy is 0.946875 and loss is 0.17074717283248902
At time: 53.226590633392334 accuracy is 0.9625 and loss is 0.12105408906936646
At time: 53.5340850353241 accuracy is 0.928125 and loss is 0.18292574882507323
Evaluating...
Done Evaluating: Achieved accuracy of 0.7053052325581395
Not better for 6
Completing Train Step at 14th epoch...
At time: 54.524553298950195 accuracy is 0.978125 and loss is 0.06800510883331298
At time: 54.745278120040894 accuracy is 0.965625 and loss is 0.0829430341720581
At time: 54.972768783569336 accuracy is 0.984375 and loss is 0.05416292548179626
At time: 55.20880722999573 accuracy is 0.953125 and loss is 0.15586339235305785
At time: 55.45089387893677 accuracy is 0.9765625 and loss is 0.07862302660942078
At time: 55.70012664794922 accuracy is 0.9640625 and loss is 0.11425206661224366
At time: 55.95783066749573 accuracy is 0.946875 and loss is 0.169149911403656
At time: 56.22169351577759 accuracy is 0.953125 and loss is 0.1480565071105957
At time: 56.49392819404602 accuracy is 0.9421875 and loss is 0.15834541320800782
At time: 56.77385449409485 accuracy is 0.9546875 and loss is 0.12394367456436158
At time: 57.0649631023407 accuracy is 0.975 and loss is 0.08738210797309875
At time: 57.371520042419434 accuracy is 0.9484375 and loss is 0.1615090012550354
Evaluating...
Done Evaluating: Achieved accuracy of 0.7194767441860465
Not better for 7
Completing Train Step at 15th epoch...
At time: 58.37957406044006 accuracy is 0.9765625 and loss is 0.06178017258644104
At time: 58.60768413543701 accuracy is 0.9734375 and loss is 0.07524519562721252
At time: 58.84199786186218 accuracy is 0.965625 and loss is 0.08216319084167481
At time: 59.07923126220703 accuracy is 0.95 and loss is 0.12703486680984497
At time: 59.32208323478699 accuracy is 0.9703125 and loss is 0.09718213081359864
At time: 59.57133984565735 accuracy is 0.965625 and loss is 0.11140248775482178
At time: 59.82793068885803 accuracy is 0.9484375 and loss is 0.15580756664276124
At time: 60.091323137283325 accuracy is 0.95 and loss is 0.16925524473190307
At time: 60.36285376548767 accuracy is 0.9609375 and loss is 0.11352968215942383
At time: 60.64392113685608 accuracy is 0.946875 and loss is 0.14622073173522948
At time: 60.93718242645264 accuracy is 0.9484375 and loss is 0.14362733364105223
At time: 61.24602460861206 accuracy is 0.9390625 and loss is 0.15211416482925416
Evaluating...
Done Evaluating: Achieved accuracy of 0.717296511627907
Not better for 8
Completing Train Step at 16th epoch...
At time: 62.248034954071045 accuracy is 0.9734375 and loss is 0.08398316502571106
At time: 62.473950147628784 accuracy is 0.9796875 and loss is 0.05261507034301758
At time: 62.70599055290222 accuracy is 0.9828125 and loss is 0.04910321235656738
At time: 62.94186329841614 accuracy is 0.9609375 and loss is 0.13041119575500487
At time: 63.1818106174469 accuracy is 0.965625 and loss is 0.10685079097747803
At time: 63.42900085449219 accuracy is 0.9765625 and loss is 0.08473244309425354
At time: 63.689576387405396 accuracy is 0.93125 and loss is 0.19121484756469725
At time: 63.95434641838074 accuracy is 0.95 and loss is 0.1627298951148987
At time: 64.2278344631195 accuracy is 0.9484375 and loss is 0.15380433797836304
At time: 64.50778079032898 accuracy is 0.93125 and loss is 0.17311450242996215
At time: 64.80051732063293 accuracy is 0.9609375 and loss is 0.11287487745285034
At time: 65.1076238155365 accuracy is 0.946875 and loss is 0.1583349347114563
Evaluating...
Done Evaluating: Achieved accuracy of 0.7143895348837209
Not better for 9
Completing Train Step at 17th epoch...
At time: 66.10819363594055 accuracy is 0.9890625 and loss is 0.043826627731323245
At time: 66.33014440536499 accuracy is 0.9734375 and loss is 0.0846233069896698
At time: 66.56014657020569 accuracy is 0.9796875 and loss is 0.05299651622772217
At time: 66.79752898216248 accuracy is 0.9640625 and loss is 0.11551469564437866
At time: 67.04143643379211 accuracy is 0.9734375 and loss is 0.06695460677146911
At time: 67.29309153556824 accuracy is 0.9703125 and loss is 0.10467004776000977
At time: 67.550772190094 accuracy is 0.9390625 and loss is 0.22961931228637694
At time: 67.81597518920898 accuracy is 0.95 and loss is 0.19519988298416138
At time: 68.09009456634521 accuracy is 0.9546875 and loss is 0.1335044026374817
At time: 68.37309837341309 accuracy is 0.940625 and loss is 0.2028879165649414
At time: 68.66477823257446 accuracy is 0.959375 and loss is 0.11727311611175537
At time: 68.97171378135681 accuracy is 0.9296875 and loss is 0.2046797513961792
Evaluating...
Done Evaluating: Achieved accuracy of 0.7143895348837209
Not better for 10
Model not improving. Stopping earlyat 0.735828488372093 epochs.
Done Training. Achieved Best Accuracy of 0.735828488372093
classifier
SETTINGS FOR THIS RUN
{'batch_size': 32, 'wordvec_dim': 300, 'tune_wordvecs': True, 'data': 'MPQA', 'attn_type': None, 'rnn_dropout': 0.15778888350982667, 'num_layers': 2, 'dropout': 0.3173451288716037, 'lr': 0.0016643522236397831, 'l2': 0.04173840880905588, 'wordvec_source': 'None'}
Using CUDA!
here
None
Building RNN Classifier...

[93m    Warning: no model found for 'en'[0m

    Only loading the 'en' tokenizer.

Retrieving Data from file: /home-nfs/siddsach/ml/Interpreting-Attention/interpreting_language/data/mpqa/mpqa_subj_labels.pickle...
Loading Vectors From Memory...
Not using pretrained wordvectors
Building Vocab...
[]
Getting Batches...
Created Iterator with 261 batches
Getting Batches...
Created Iterator with 87 batches
Building model...
Using Vanilla RNN with following args:
{'vocab_size': 15284, 'num_classes': 2, 'batch_size': 32, 'rnn_dropout': 0.15778888350982667, 'train_word_vecs': True, 'hidden_size': 300, 'dropout': 0.3173451288716037, 'num_layers': 2, 'vectors': None, 'cuda': True, 'input_size': 300}
Begin Training...
Completing Train Step at 0th epoch...
At time: 0.2695930004119873 accuracy is 0.5765625 and loss is 0.7431190013885498
At time: 0.5182621479034424 accuracy is 0.50625 and loss is 0.705627155303955
At time: 0.7781581878662109 accuracy is 0.5484375 and loss is 0.6905612468719482
At time: 1.0504469871520996 accuracy is 0.5125 and loss is 0.7275568008422851
At time: 1.3324651718139648 accuracy is 0.534375 and loss is 0.697566032409668
At time: 1.6232633590698242 accuracy is 0.5421875 and loss is 0.6859567642211915
At time: 1.925180435180664 accuracy is 0.56875 and loss is 0.6809174060821533
At time: 2.2398970127105713 accuracy is 0.6140625 and loss is 0.656669282913208
At time: 2.568086624145508 accuracy is 0.6671875 and loss is 0.6399758815765381
At time: 2.908940076828003 accuracy is 0.6109375 and loss is 0.642273235321045
At time: 3.2648329734802246 accuracy is 0.6578125 and loss is 0.6400835990905762
At time: 3.6467113494873047 accuracy is 0.675 and loss is 0.6319271564483643
Evaluating...
Done Evaluating: Achieved accuracy of 0.6667877906976745
Achieved new best!
Completing Train Step at 1th epoch...
At time: 4.748687267303467 accuracy is 0.640625 and loss is 0.6982436180114746
At time: 4.970995903015137 accuracy is 0.6265625 and loss is 0.632921838760376
At time: 5.199078798294067 accuracy is 0.70625 and loss is 0.5677567005157471
At time: 5.431958913803101 accuracy is 0.6734375 and loss is 0.6144318103790283
At time: 5.671532392501831 accuracy is 0.74375 and loss is 0.546580171585083
At time: 5.9174394607543945 accuracy is 0.7203125 and loss is 0.5660285472869873
At time: 6.172367095947266 accuracy is 0.753125 and loss is 0.5124269485473633
At time: 6.4349141120910645 accuracy is 0.7796875 and loss is 0.5041961193084716
At time: 6.704153299331665 accuracy is 0.746875 and loss is 0.5345413684844971
At time: 6.98159646987915 accuracy is 0.7953125 and loss is 0.4803335666656494
At time: 7.280759811401367 accuracy is 0.765625 and loss is 0.5077427387237549
At time: 7.596672058105469 accuracy is 0.74375 and loss is 0.5321280002593994
Evaluating...
Done Evaluating: Achieved accuracy of 0.7456395348837209
Achieved new best!
Completing Train Step at 2th epoch...
At time: 8.587834358215332 accuracy is 0.796875 and loss is 0.4948871612548828
At time: 8.809333324432373 accuracy is 0.8375 and loss is 0.40029292106628417
At time: 9.038787841796875 accuracy is 0.85625 and loss is 0.3563750505447388
At time: 9.299281597137451 accuracy is 0.85625 and loss is 0.3868678092956543
At time: 9.552984476089478 accuracy is 0.8828125 and loss is 0.29498586654663084
At time: 9.810058355331421 accuracy is 0.846875 and loss is 0.38218958377838136
At time: 10.066616773605347 accuracy is 0.8640625 and loss is 0.33700401782989503
At time: 10.330002069473267 accuracy is 0.834375 and loss is 0.35082695484161375
At time: 10.602801084518433 accuracy is 0.8328125 and loss is 0.3597326517105103
At time: 10.88561224937439 accuracy is 0.884375 and loss is 0.33062360286712644
At time: 11.176769018173218 accuracy is 0.8875 and loss is 0.2915738821029663
At time: 11.482226610183716 accuracy is 0.8484375 and loss is 0.3735816955566406
Evaluating...
Done Evaluating: Achieved accuracy of 0.7507267441860465
Achieved new best!
Completing Train Step at 3th epoch...
At time: 12.456332683563232 accuracy is 0.8671875 and loss is 0.3603134393692017
At time: 12.673778772354126 accuracy is 0.921875 and loss is 0.19031233787536622
At time: 12.89956283569336 accuracy is 0.921875 and loss is 0.2281119108200073
At time: 13.133439540863037 accuracy is 0.9015625 and loss is 0.24890120029449464
At time: 13.376620054244995 accuracy is 0.921875 and loss is 0.2029428482055664
At time: 13.626562118530273 accuracy is 0.9125 and loss is 0.2624910593032837
At time: 13.883456707000732 accuracy is 0.9125 and loss is 0.22228810787200928
At time: 14.14785885810852 accuracy is 0.93125 and loss is 0.18411482572555543
At time: 14.419921398162842 accuracy is 0.925 and loss is 0.21857185363769532
At time: 14.700221300125122 accuracy is 0.90625 and loss is 0.24066672325134278
At time: 14.992303609848022 accuracy is 0.9421875 and loss is 0.1687494397163391
At time: 15.2990083694458 accuracy is 0.9171875 and loss is 0.2246856212615967
Evaluating...
Done Evaluating: Achieved accuracy of 0.7430959302325582
Not better for 1
Completing Train Step at 4th epoch...
At time: 16.28951358795166 accuracy is 0.8984375 and loss is 0.2489832639694214
At time: 16.510706424713135 accuracy is 0.965625 and loss is 0.1036487102508545
At time: 16.740612268447876 accuracy is 0.946875 and loss is 0.1397637367248535
At time: 16.976476192474365 accuracy is 0.9421875 and loss is 0.15808334350585937
At time: 17.220139265060425 accuracy is 0.95625 and loss is 0.12835079431533813
At time: 17.470032691955566 accuracy is 0.95 and loss is 0.1801771879196167
At time: 17.740646839141846 accuracy is 0.9546875 and loss is 0.141739559173584
At time: 18.011715173721313 accuracy is 0.9484375 and loss is 0.14373637437820436
At time: 18.282310962677002 accuracy is 0.9328125 and loss is 0.18089185953140258
At time: 18.55898141860962 accuracy is 0.9625 and loss is 0.13059300184249878
At time: 18.847856521606445 accuracy is 0.9625 and loss is 0.11519533395767212
At time: 19.15353298187256 accuracy is 0.95 and loss is 0.15326552391052245
Evaluating...
Done Evaluating: Achieved accuracy of 0.748546511627907
Not better for 2
Completing Train Step at 5th epoch...
At time: 20.15277099609375 accuracy is 0.95 and loss is 0.14600567817687987
At time: 20.37380290031433 accuracy is 0.9390625 and loss is 0.14522302150726318
At time: 20.60313129425049 accuracy is 0.9515625 and loss is 0.13814470767974854
At time: 20.84456205368042 accuracy is 0.9609375 and loss is 0.12772095203399658
At time: 21.091559410095215 accuracy is 0.921875 and loss is 0.18641473054885865
At time: 21.33762812614441 accuracy is 0.946875 and loss is 0.14272446632385255
At time: 21.590453386306763 accuracy is 0.9453125 and loss is 0.15941112041473388
At time: 21.852083444595337 accuracy is 0.9421875 and loss is 0.14926284551620483
At time: 22.1225266456604 accuracy is 0.953125 and loss is 0.13313456773757934
At time: 22.40168261528015 accuracy is 0.959375 and loss is 0.11295411586761475
At time: 22.690768003463745 accuracy is 0.959375 and loss is 0.10825052261352539
At time: 22.99413824081421 accuracy is 0.95 and loss is 0.14158257246017455
Evaluating...
Done Evaluating: Achieved accuracy of 0.7572674418604651
Achieved new best!
Completing Train Step at 6th epoch...
At time: 23.968628406524658 accuracy is 0.975 and loss is 0.08043383955955505
At time: 24.18661856651306 accuracy is 0.9703125 and loss is 0.10778917074203491
At time: 24.411070108413696 accuracy is 0.9671875 and loss is 0.08188350200653076
At time: 24.64302349090576 accuracy is 0.95625 and loss is 0.14681819677352906
At time: 24.880456686019897 accuracy is 0.975 and loss is 0.07157705426216125
At time: 25.125159978866577 accuracy is 0.9640625 and loss is 0.08924213647842408
At time: 25.380175352096558 accuracy is 0.971875 and loss is 0.08726634979248046
At time: 25.65574812889099 accuracy is 0.9796875 and loss is 0.08750237822532654
At time: 25.934877395629883 accuracy is 0.96875 and loss is 0.09027637243270874
At time: 26.217617988586426 accuracy is 0.971875 and loss is 0.10042769908905029
At time: 26.511131286621094 accuracy is 0.9828125 and loss is 0.049117401242256165
At time: 26.82363510131836 accuracy is 0.9734375 and loss is 0.08248370289802551
Evaluating...
Done Evaluating: Achieved accuracy of 0.7296511627906976
Not better for 1
Completing Train Step at 7th epoch...
At time: 27.819868087768555 accuracy is 0.984375 and loss is 0.05861401557922363
At time: 28.03802251815796 accuracy is 0.965625 and loss is 0.11278681755065918
At time: 28.263904571533203 accuracy is 0.975 and loss is 0.08254003524780273
At time: 28.497806787490845 accuracy is 0.9671875 and loss is 0.08849737048149109
At time: 28.737162590026855 accuracy is 0.984375 and loss is 0.049703949689865114
At time: 28.983599424362183 accuracy is 0.96875 and loss is 0.08883011937141419
At time: 29.24190354347229 accuracy is 0.9609375 and loss is 0.0875468373298645
At time: 29.50450825691223 accuracy is 0.9671875 and loss is 0.09526642560958862
At time: 29.777311325073242 accuracy is 0.98125 and loss is 0.07027795314788818
At time: 30.055277109146118 accuracy is 0.971875 and loss is 0.06959174871444702
At time: 30.3417751789093 accuracy is 0.9578125 and loss is 0.09130159020423889
At time: 30.64471673965454 accuracy is 0.953125 and loss is 0.12340507507324219
Evaluating...
Done Evaluating: Achieved accuracy of 0.7539970930232558
Not better for 2
Completing Train Step at 8th epoch...
At time: 31.609910011291504 accuracy is 0.9875 and loss is 0.05073928236961365
At time: 31.82643747329712 accuracy is 0.98125 and loss is 0.06234064102172852
At time: 32.051778078079224 accuracy is 0.984375 and loss is 0.04856179356575012
At time: 32.28312420845032 accuracy is 0.990625 and loss is 0.029348927736282348
At time: 32.52512812614441 accuracy is 0.990625 and loss is 0.03158552050590515
At time: 32.77242994308472 accuracy is 0.978125 and loss is 0.0683493971824646
At time: 33.02678060531616 accuracy is 0.9796875 and loss is 0.050581049919128415
At time: 33.288678884506226 accuracy is 0.9828125 and loss is 0.06424063444137573
At time: 33.55988621711731 accuracy is 0.975 and loss is 0.07479060888290405
At time: 33.838613986968994 accuracy is 0.9859375 and loss is 0.04467716217041016
At time: 34.13066744804382 accuracy is 0.984375 and loss is 0.034036025404930115
At time: 34.438432931900024 accuracy is 0.9875 and loss is 0.04272894561290741
Evaluating...
Done Evaluating: Achieved accuracy of 0.7423691860465116
Not better for 3
Completing Train Step at 9th epoch...
At time: 35.445594787597656 accuracy is 0.9828125 and loss is 0.03589994013309479
At time: 35.66372323036194 accuracy is 0.9875 and loss is 0.030701041221618652
At time: 35.89055252075195 accuracy is 0.9796875 and loss is 0.0620652973651886
At time: 36.124367237091064 accuracy is 0.98125 and loss is 0.058841973543167114
At time: 36.36481833457947 accuracy is 0.9828125 and loss is 0.0470642626285553
At time: 36.614896059036255 accuracy is 0.9625 and loss is 0.1050531268119812
At time: 36.87174201011658 accuracy is 0.990625 and loss is 0.03780259788036346
At time: 37.1503427028656 accuracy is 0.96875 and loss is 0.09288549423217773
At time: 37.43068051338196 accuracy is 0.9875 and loss is 0.056410974264144896
At time: 37.716583251953125 accuracy is 0.9875 and loss is 0.03899185359477997
At time: 38.008068323135376 accuracy is 0.996875 and loss is 0.013936632871627807
At time: 38.31512808799744 accuracy is 0.9828125 and loss is 0.05650634169578552
Evaluating...
Done Evaluating: Achieved accuracy of 0.7231104651162791
Not better for 4
Completing Train Step at 10th epoch...
At time: 39.330830097198486 accuracy is 0.984375 and loss is 0.04278201162815094
At time: 39.55828595161438 accuracy is 0.98125 and loss is 0.07152806520462036
At time: 39.79144239425659 accuracy is 0.9921875 and loss is 0.025080060958862303
At time: 40.02960824966431 accuracy is 0.9921875 and loss is 0.02783736288547516
At time: 40.2724404335022 accuracy is 0.984375 and loss is 0.04699117541313171
At time: 40.52194929122925 accuracy is 0.9875 and loss is 0.03348633050918579
At time: 40.778592109680176 accuracy is 0.990625 and loss is 0.02881124019622803
At time: 41.042906522750854 accuracy is 0.990625 and loss is 0.0301943838596344
At time: 41.31353974342346 accuracy is 0.984375 and loss is 0.03457236886024475
At time: 41.590718269348145 accuracy is 0.9953125 and loss is 0.015639396011829378
At time: 41.88343095779419 accuracy is 0.99375 and loss is 0.023562879860401155
At time: 42.18719959259033 accuracy is 0.9859375 and loss is 0.05636736750602722
Evaluating...
Done Evaluating: Achieved accuracy of 0.7478197674418605
Not better for 5
Completing Train Step at 11th epoch...
At time: 43.182796239852905 accuracy is 0.996875 and loss is 0.01662740558385849
At time: 43.4080069065094 accuracy is 0.9890625 and loss is 0.026502710580825806
At time: 43.63827586174011 accuracy is 0.9875 and loss is 0.049436792731285095
At time: 43.87339448928833 accuracy is 0.990625 and loss is 0.02671932280063629
At time: 44.11465096473694 accuracy is 0.9921875 and loss is 0.023475655913352968
At time: 44.36351537704468 accuracy is 0.9921875 and loss is 0.028086262941360473
At time: 44.6195969581604 accuracy is 0.9828125 and loss is 0.07081962823867798
At time: 44.881731033325195 accuracy is 0.990625 and loss is 0.028216949105262755
At time: 45.15193295478821 accuracy is 0.990625 and loss is 0.02811012864112854
At time: 45.43051767349243 accuracy is 0.9875 and loss is 0.02937907576560974
At time: 45.733954429626465 accuracy is 0.9828125 and loss is 0.05073888897895813
At time: 46.05001974105835 accuracy is 0.9859375 and loss is 0.045388391613960265
Evaluating...
Done Evaluating: Achieved accuracy of 0.7492732558139535
Not better for 6
Completing Train Step at 12th epoch...
At time: 47.056926012039185 accuracy is 0.990625 and loss is 0.026268008351325988
At time: 47.28302788734436 accuracy is 0.9921875 and loss is 0.01895294338464737
At time: 47.5135772228241 accuracy is 0.9953125 and loss is 0.0151902437210083
At time: 47.748916149139404 accuracy is 0.9828125 and loss is 0.06619896292686463
At time: 47.99066376686096 accuracy is 0.9859375 and loss is 0.038024628162384035
At time: 48.239957094192505 accuracy is 0.9859375 and loss is 0.03244403600692749
At time: 48.496580839157104 accuracy is 0.9859375 and loss is 0.05502344965934754
At time: 48.760194063186646 accuracy is 0.9890625 and loss is 0.028803330659866334
At time: 49.03219389915466 accuracy is 0.9875 and loss is 0.04099071323871613
At time: 49.31340050697327 accuracy is 0.984375 and loss is 0.03751271069049835
At time: 49.60642123222351 accuracy is 0.9828125 and loss is 0.05423731207847595
At time: 49.91496157646179 accuracy is 0.978125 and loss is 0.057004863023757936
Evaluating...
Done Evaluating: Achieved accuracy of 0.7663517441860465
Achieved new best!
Completing Train Step at 13th epoch...
At time: 50.91993546485901 accuracy is 0.9890625 and loss is 0.04067831635475159
At time: 51.14331102371216 accuracy is 0.9921875 and loss is 0.01855214238166809
At time: 51.37272334098816 accuracy is 0.990625 and loss is 0.02719072997570038
At time: 51.61025381088257 accuracy is 0.9890625 and loss is 0.01893276423215866
At time: 51.853723764419556 accuracy is 0.9921875 and loss is 0.018995997309684754
At time: 52.103230714797974 accuracy is 0.9796875 and loss is 0.05459524989128113
At time: 52.35636758804321 accuracy is 0.984375 and loss is 0.04521391093730927
At time: 52.61699175834656 accuracy is 0.9875 and loss is 0.023069129884243013
At time: 52.88566851615906 accuracy is 0.9890625 and loss is 0.04028820991516113
At time: 53.16199016571045 accuracy is 0.9890625 and loss is 0.03067479133605957
At time: 53.450644969940186 accuracy is 0.99375 and loss is 0.025898617506027222
At time: 53.75421905517578 accuracy is 0.9796875 and loss is 0.06334924101829528
Evaluating...
Done Evaluating: Achieved accuracy of 0.7576308139534884
Not better for 1
Completing Train Step at 14th epoch...
At time: 54.724517822265625 accuracy is 0.9921875 and loss is 0.03925338089466095
At time: 54.94234848022461 accuracy is 0.9953125 and loss is 0.012517589330673217
At time: 55.16871476173401 accuracy is 0.9953125 and loss is 0.033731710910797116
At time: 55.40259838104248 accuracy is 0.99375 and loss is 0.022145597636699675
At time: 55.64228367805481 accuracy is 0.98125 and loss is 0.05703752636909485
At time: 55.88918447494507 accuracy is 0.9890625 and loss is 0.031877705454826356
At time: 56.144898891448975 accuracy is 0.99375 and loss is 0.03359725773334503
At time: 56.40609526634216 accuracy is 0.990625 and loss is 0.03345877826213837
At time: 56.676860332489014 accuracy is 0.9875 and loss is 0.0333284467458725
At time: 56.95474696159363 accuracy is 0.9859375 and loss is 0.04023177623748779
At time: 57.244991302490234 accuracy is 0.9890625 and loss is 0.0268866628408432
At time: 57.55125284194946 accuracy is 0.9859375 and loss is 0.04529058039188385
Evaluating...
Done Evaluating: Achieved accuracy of 0.7496366279069767
Not better for 2
Completing Train Step at 15th epoch...
At time: 58.55436587333679 accuracy is 0.984375 and loss is 0.04023243188858032
At time: 58.77855443954468 accuracy is 0.98125 and loss is 0.03826862573623657
At time: 59.00951147079468 accuracy is 0.990625 and loss is 0.0333977460861206
At time: 59.24588418006897 accuracy is 0.990625 and loss is 0.026942220330238343
At time: 59.48792791366577 accuracy is 0.9921875 and loss is 0.029569268226623535
At time: 59.73737168312073 accuracy is 0.9859375 and loss is 0.048597827553749084
At time: 59.99322199821472 accuracy is 0.9859375 and loss is 0.05343586206436157
At time: 60.2558319568634 accuracy is 0.9890625 and loss is 0.03654402494430542
At time: 60.52831196784973 accuracy is 0.9875 and loss is 0.03326859176158905
At time: 60.80890679359436 accuracy is 0.990625 and loss is 0.024970097839832305
At time: 61.099798917770386 accuracy is 0.9796875 and loss is 0.06711300611495971
At time: 61.40468978881836 accuracy is 0.98125 and loss is 0.07169474959373474
Evaluating...
Done Evaluating: Achieved accuracy of 0.7543604651162791
Not better for 3
Completing Train Step at 16th epoch...
At time: 62.400867223739624 accuracy is 0.996875 and loss is 0.009760006517171859
At time: 62.62606477737427 accuracy is 0.984375 and loss is 0.03949999213218689
At time: 62.85789394378662 accuracy is 0.9953125 and loss is 0.016904598474502562
At time: 63.09559226036072 accuracy is 0.9875 and loss is 0.03908477425575256
At time: 63.337738037109375 accuracy is 0.99375 and loss is 0.011169157922267914
At time: 63.5869345664978 accuracy is 0.9890625 and loss is 0.0348566472530365
At time: 63.842864990234375 accuracy is 0.9859375 and loss is 0.028868463635444642
At time: 64.10708379745483 accuracy is 0.9859375 and loss is 0.03987321853637695
At time: 64.37917184829712 accuracy is 0.9921875 and loss is 0.020423486828804016
At time: 64.65944933891296 accuracy is 0.9859375 and loss is 0.026466360688209532
At time: 64.95869493484497 accuracy is 0.9984375 and loss is 0.007998155802488327
At time: 65.27393293380737 accuracy is 0.990625 and loss is 0.026440542936325074
Evaluating...
Done Evaluating: Achieved accuracy of 0.7518168604651163
Not better for 4
Completing Train Step at 17th epoch...
At time: 66.26099634170532 accuracy is 0.9984375 and loss is 0.007547376304864883
At time: 66.47995638847351 accuracy is 0.996875 and loss is 0.013649913668632507
At time: 66.70665717124939 accuracy is 0.99375 and loss is 0.027139943838119508
At time: 66.94039535522461 accuracy is 0.9921875 and loss is 0.01949741393327713
At time: 67.1777753829956 accuracy is 0.99375 and loss is 0.03794038593769074
At time: 67.42422080039978 accuracy is 0.9921875 and loss is 0.027634650468826294
At time: 67.67918992042542 accuracy is 0.9921875 and loss is 0.028433078527450563
At time: 67.94097685813904 accuracy is 0.9921875 and loss is 0.023319922387599945
At time: 68.21063375473022 accuracy is 0.9890625 and loss is 0.03175072073936462
At time: 68.48786616325378 accuracy is 0.990625 and loss is 0.022231656312942504
At time: 68.77757430076599 accuracy is 0.996875 and loss is 0.008249223977327347
At time: 69.08114004135132 accuracy is 0.990625 and loss is 0.022077308595180513
Evaluating...
Done Evaluating: Achieved accuracy of 0.7507267441860465
Not better for 5
Completing Train Step at 18th epoch...
At time: 70.08831667900085 accuracy is 0.99375 and loss is 0.02241840660572052
At time: 70.31559109687805 accuracy is 0.9921875 and loss is 0.013974328339099885
At time: 70.54855108261108 accuracy is 0.9953125 and loss is 0.016304472088813783
At time: 70.7845766544342 accuracy is 0.996875 and loss is 0.015924081206321716
At time: 71.02667427062988 accuracy is 0.9890625 and loss is 0.017458844184875488
At time: 71.27500581741333 accuracy is 0.9890625 and loss is 0.04174130260944366
At time: 71.52799868583679 accuracy is 0.99375 and loss is 0.017438067495822905
At time: 71.7877345085144 accuracy is 0.9875 and loss is 0.03652673363685608
At time: 72.05402708053589 accuracy is 0.99375 and loss is 0.02994942367076874
At time: 72.32869386672974 accuracy is 0.9921875 and loss is 0.02179982215166092
At time: 72.61521196365356 accuracy is 0.99375 and loss is 0.022186656296253205
At time: 72.916672706604 accuracy is 0.990625 and loss is 0.03493366241455078
Evaluating...
Done Evaluating: Achieved accuracy of 0.7467296511627907
Not better for 6
Completing Train Step at 19th epoch...
At time: 73.90940117835999 accuracy is 0.9953125 and loss is 0.013196155428886414
At time: 74.13320851325989 accuracy is 0.9875 and loss is 0.031178316473960875
At time: 74.36258125305176 accuracy is 0.9921875 and loss is 0.0222615510225296
At time: 74.59665966033936 accuracy is 0.9953125 and loss is 0.014014866948127747
At time: 74.83640813827515 accuracy is 0.9921875 and loss is 0.01953628957271576
At time: 75.08508634567261 accuracy is 0.9921875 and loss is 0.025875389575958252
At time: 75.34173917770386 accuracy is 0.99375 and loss is 0.022578603029251097
At time: 75.6048493385315 accuracy is 0.9921875 and loss is 0.024821096658706666
At time: 75.87651181221008 accuracy is 0.9921875 and loss is 0.023410914838314055
At time: 76.15778183937073 accuracy is 0.9953125 and loss is 0.009994110465049744
At time: 76.44941878318787 accuracy is 0.99375 and loss is 0.014342620968818665
At time: 76.75597405433655 accuracy is 0.990625 and loss is 0.021292489767074586
Evaluating...
Done Evaluating: Achieved accuracy of 0.7365552325581395
Not better for 7
Completing Train Step at 20th epoch...
At time: 77.7258677482605 accuracy is 0.9828125 and loss is 0.04530933499336243
At time: 77.9419813156128 accuracy is 0.990625 and loss is 0.01750578135251999
At time: 78.16698169708252 accuracy is 0.9890625 and loss is 0.05050042867660522
At time: 78.39914464950562 accuracy is 0.9953125 and loss is 0.012784028053283691
At time: 78.6385326385498 accuracy is 0.9921875 and loss is 0.025104695558547975
At time: 78.88533306121826 accuracy is 0.9890625 and loss is 0.029150718450546266
At time: 79.14260983467102 accuracy is 0.9953125 and loss is 0.015207277238368988
At time: 79.40963339805603 accuracy is 0.990625 and loss is 0.022638186812400818
At time: 79.68908190727234 accuracy is 0.9890625 and loss is 0.0215873122215271
At time: 79.97111988067627 accuracy is 0.996875 and loss is 0.011064203083515167
At time: 80.26276326179504 accuracy is 0.9921875 and loss is 0.020940206944942474
At time: 80.568279504776 accuracy is 0.9890625 and loss is 0.022728091478347777
Evaluating...
Done Evaluating: Achieved accuracy of 0.7492732558139535
Not better for 8
Completing Train Step at 21th epoch...
At time: 81.57867908477783 accuracy is 0.99375 and loss is 0.015122877061367035
At time: 81.80299401283264 accuracy is 0.9890625 and loss is 0.02312956303358078
At time: 82.03228211402893 accuracy is 0.9875 and loss is 0.04250132143497467
At time: 82.26438999176025 accuracy is 0.9890625 and loss is 0.019906580448150635
At time: 82.50275421142578 accuracy is 0.9765625 and loss is 0.055285847187042235
At time: 82.74840354919434 accuracy is 0.99375 and loss is 0.023998042941093443
At time: 83.00195741653442 accuracy is 0.996875 and loss is 0.008946393430233002
At time: 83.2626883983612 accuracy is 0.9921875 and loss is 0.023461513221263885
At time: 83.52965331077576 accuracy is 0.9921875 and loss is 0.010457572340965272
At time: 83.80550622940063 accuracy is 0.9953125 and loss is 0.0183228999376297
At time: 84.09295225143433 accuracy is 0.9859375 and loss is 0.028794187307357787
At time: 84.39480352401733 accuracy is 0.9921875 and loss is 0.02684725821018219
Evaluating...
Done Evaluating: Achieved accuracy of 0.7456395348837209
Not better for 9
Completing Train Step at 22th epoch...
At time: 85.37088203430176 accuracy is 0.9984375 and loss is 0.006698720157146454
At time: 85.59455752372742 accuracy is 0.9984375 and loss is 0.010822832584381104
At time: 85.82202672958374 accuracy is 0.99375 and loss is 0.0204854816198349
At time: 86.05789136886597 accuracy is 0.9984375 and loss is 0.015866607427597046
At time: 86.29982948303223 accuracy is 0.9953125 and loss is 0.009726013243198394
At time: 86.54897165298462 accuracy is 0.9875 and loss is 0.04151525795459747
At time: 86.80322885513306 accuracy is 0.984375 and loss is 0.03348047137260437
At time: 87.06569123268127 accuracy is 0.99375 and loss is 0.02799935042858124
At time: 87.34097361564636 accuracy is 0.9921875 and loss is 0.016391256451606752
At time: 87.62058806419373 accuracy is 0.9953125 and loss is 0.019851171970367433
At time: 87.90923619270325 accuracy is 0.98125 and loss is 0.06006253361701965
At time: 88.21075677871704 accuracy is 0.9921875 and loss is 0.02174745798110962
Evaluating...
Done Evaluating: Achieved accuracy of 0.751453488372093
Not better for 10
Model not improving. Stopping earlyat 0.7663517441860465 epochs.
Done Training. Achieved Best Accuracy of 0.7663517441860465
Improved accuracyfrom 0.764171511627907 to 0.7663517441860465
classifier
SETTINGS FOR THIS RUN
{'batch_size': 32, 'wordvec_dim': 300, 'tune_wordvecs': True, 'data': 'MPQA', 'attn_type': None, 'rnn_dropout': 0.15864849885950683, 'num_layers': 2, 'dropout': 0.6849404872343009, 'lr': 0.0006127545399698357, 'l2': 0.9386589313542386, 'wordvec_source': 'None'}
Using CUDA!
here
None
Building RNN Classifier...

[93m    Warning: no model found for 'en'[0m

    Only loading the 'en' tokenizer.

Retrieving Data from file: /home-nfs/siddsach/ml/Interpreting-Attention/interpreting_language/data/mpqa/mpqa_subj_labels.pickle...
Loading Vectors From Memory...
Not using pretrained wordvectors
Building Vocab...
[]
Getting Batches...
Created Iterator with 261 batches
Getting Batches...
Created Iterator with 87 batches
Building model...
Using Vanilla RNN with following args:
{'vocab_size': 15284, 'num_classes': 2, 'batch_size': 32, 'rnn_dropout': 0.15864849885950683, 'train_word_vecs': True, 'hidden_size': 300, 'dropout': 0.6849404872343009, 'num_layers': 2, 'vectors': None, 'cuda': True, 'input_size': 300}
Begin Training...
Completing Train Step at 0th epoch...
At time: 0.2755317687988281 accuracy is 0.5203125 and loss is 0.7458970069885253
At time: 0.5241129398345947 accuracy is 0.5390625 and loss is 0.695720624923706
At time: 0.7818188667297363 accuracy is 0.5625 and loss is 0.6854926586151123
At time: 1.0607929229736328 accuracy is 0.5125 and loss is 0.6953511714935303
At time: 1.349963665008545 accuracy is 0.5390625 and loss is 0.6976475238800048
At time: 1.6463065147399902 accuracy is 0.5546875 and loss is 0.6843921184539795
At time: 1.9505281448364258 accuracy is 0.5625 and loss is 0.6932713508605957
At time: 2.2653746604919434 accuracy is 0.55 and loss is 0.6719613552093506
At time: 2.5938546657562256 accuracy is 0.596875 and loss is 0.665867280960083
At time: 2.9358837604522705 accuracy is 0.609375 and loss is 0.6494940280914306
At time: 3.294806480407715 accuracy is 0.640625 and loss is 0.6431754112243653
At time: 3.676744222640991 accuracy is 0.6140625 and loss is 0.657350730895996
Evaluating...
Done Evaluating: Achieved accuracy of 0.6319040697674418
Achieved new best!
Completing Train Step at 1th epoch...
At time: 4.782559633255005 accuracy is 0.5890625 and loss is 0.7613610744476318
At time: 5.004005193710327 accuracy is 0.628125 and loss is 0.6576319694519043
At time: 5.234211206436157 accuracy is 0.671875 and loss is 0.6114280700683594
At time: 5.47169041633606 accuracy is 0.69375 and loss is 0.6036828517913818
At time: 5.71399450302124 accuracy is 0.6671875 and loss is 0.592982006072998
At time: 5.966882228851318 accuracy is 0.7328125 and loss is 0.5644545555114746
At time: 6.224852085113525 accuracy is 0.7484375 and loss is 0.5435614109039306
At time: 6.490978002548218 accuracy is 0.7296875 and loss is 0.5549704074859619
At time: 6.764906644821167 accuracy is 0.7296875 and loss is 0.5577201843261719
At time: 7.047560453414917 accuracy is 0.721875 and loss is 0.5543408870697022
At time: 7.342344760894775 accuracy is 0.7609375 and loss is 0.5070856094360352
At time: 7.651476621627808 accuracy is 0.7203125 and loss is 0.5645611763000489
Evaluating...
Done Evaluating: Achieved accuracy of 0.7441860465116279
Achieved new best!
Completing Train Step at 2th epoch...
At time: 8.665833473205566 accuracy is 0.7421875 and loss is 0.5587878227233887
At time: 8.889551401138306 accuracy is 0.7859375 and loss is 0.45362024307250975
At time: 9.124052047729492 accuracy is 0.81875 and loss is 0.417726469039917
At time: 9.366740226745605 accuracy is 0.7875 and loss is 0.4755592346191406
At time: 9.611802816390991 accuracy is 0.8109375 and loss is 0.40773930549621584
At time: 9.86406660079956 accuracy is 0.834375 and loss is 0.4052419185638428
At time: 10.122078895568848 accuracy is 0.8421875 and loss is 0.3758753776550293
At time: 10.387290000915527 accuracy is 0.8203125 and loss is 0.4153247833251953
At time: 10.661075592041016 accuracy is 0.84375 and loss is 0.3739328861236572
At time: 10.942294836044312 accuracy is 0.8265625 and loss is 0.3950211763381958
At time: 11.235347509384155 accuracy is 0.846875 and loss is 0.34396514892578123
At time: 11.543838024139404 accuracy is 0.81875 and loss is 0.39053752422332766
Evaluating...
Done Evaluating: Achieved accuracy of 0.7561773255813954
Achieved new best!
Completing Train Step at 3th epoch...
At time: 12.566072225570679 accuracy is 0.8625 and loss is 0.3873143672943115
At time: 12.791167736053467 accuracy is 0.878125 and loss is 0.2819244146347046
At time: 13.02022933959961 accuracy is 0.903125 and loss is 0.2524069309234619
At time: 13.254958391189575 accuracy is 0.8984375 and loss is 0.2777426242828369
At time: 13.494783639907837 accuracy is 0.915625 and loss is 0.21925320625305175
At time: 13.742060661315918 accuracy is 0.89375 and loss is 0.27200329303741455
At time: 14.016099214553833 accuracy is 0.9109375 and loss is 0.23565149307250977
At time: 14.28963828086853 accuracy is 0.9 and loss is 0.25213725566864015
At time: 14.574581384658813 accuracy is 0.91875 and loss is 0.2234616756439209
At time: 14.863306283950806 accuracy is 0.9140625 and loss is 0.23503384590148926
At time: 15.157647609710693 accuracy is 0.94375 and loss is 0.1671796679496765
At time: 15.46625566482544 accuracy is 0.8984375 and loss is 0.2439054489135742
Evaluating...
Done Evaluating: Achieved accuracy of 0.7460029069767442
Not better for 1
Completing Train Step at 4th epoch...
At time: 16.473215103149414 accuracy is 0.9125 and loss is 0.24411144256591796
At time: 16.69956135749817 accuracy is 0.95 and loss is 0.15139836072921753
At time: 16.931814193725586 accuracy is 0.940625 and loss is 0.16047306060791017
At time: 17.165437936782837 accuracy is 0.9203125 and loss is 0.20435845851898193
At time: 17.40584087371826 accuracy is 0.959375 and loss is 0.10754832029342651
At time: 17.65355610847473 accuracy is 0.953125 and loss is 0.15047659873962402
At time: 17.908883094787598 accuracy is 0.9375 and loss is 0.16354314088821412
At time: 18.172355890274048 accuracy is 0.9515625 and loss is 0.15624513626098632
At time: 18.444745540618896 accuracy is 0.9375 and loss is 0.16215782165527343
At time: 18.726763010025024 accuracy is 0.9453125 and loss is 0.1727944016456604
At time: 19.020158290863037 accuracy is 0.934375 and loss is 0.18476976156234742
At time: 19.329363107681274 accuracy is 0.934375 and loss is 0.18681191205978392
Evaluating...
Done Evaluating: Achieved accuracy of 0.7209302325581395
Not better for 2
Completing Train Step at 5th epoch...
At time: 20.329535722732544 accuracy is 0.95625 and loss is 0.13493236303329467
At time: 20.54964280128479 accuracy is 0.971875 and loss is 0.08575738668441772
At time: 20.77969455718994 accuracy is 0.9734375 and loss is 0.06238107085227966
At time: 21.01755452156067 accuracy is 0.946875 and loss is 0.13080812692642213
At time: 21.26198649406433 accuracy is 0.9484375 and loss is 0.1379053473472595
At time: 21.512986660003662 accuracy is 0.9671875 and loss is 0.07951350808143616
At time: 21.773258447647095 accuracy is 0.93125 and loss is 0.2011718511581421
At time: 22.039218425750732 accuracy is 0.9609375 and loss is 0.12236268520355224
At time: 22.311445713043213 accuracy is 0.96875 and loss is 0.1024632215499878
At time: 22.592388153076172 accuracy is 0.934375 and loss is 0.17804092168807983
At time: 22.883650302886963 accuracy is 0.971875 and loss is 0.08582868576049804
At time: 23.191967487335205 accuracy is 0.9734375 and loss is 0.08313581943511963
Evaluating...
Done Evaluating: Achieved accuracy of 0.7351017441860465
Not better for 3
Completing Train Step at 6th epoch...
At time: 24.211561679840088 accuracy is 0.9953125 and loss is 0.030351659655570982
At time: 24.43892765045166 accuracy is 0.9859375 and loss is 0.04285234808921814
At time: 24.669897317886353 accuracy is 0.9859375 and loss is 0.05518510341644287
At time: 24.905563831329346 accuracy is 0.9859375 and loss is 0.05048524141311646
At time: 25.147698640823364 accuracy is 0.9796875 and loss is 0.06523436903953553
At time: 25.3973388671875 accuracy is 0.98125 and loss is 0.05270886421203613
At time: 25.65504503250122 accuracy is 0.978125 and loss is 0.06299225091934205
At time: 25.920011520385742 accuracy is 0.9875 and loss is 0.049612635374069215
At time: 26.193084239959717 accuracy is 0.95 and loss is 0.1923953890800476
At time: 26.47311782836914 accuracy is 0.9578125 and loss is 0.12168810367584229
At time: 26.766437292099 accuracy is 0.9546875 and loss is 0.18820303678512573
At time: 27.074470043182373 accuracy is 0.9796875 and loss is 0.06133775115013122
Evaluating...
Done Evaluating: Achieved accuracy of 0.7351017441860465
Not better for 4
Completing Train Step at 7th epoch...
At time: 28.05608320236206 accuracy is 0.98125 and loss is 0.04748055636882782
At time: 28.276058197021484 accuracy is 0.978125 and loss is 0.06389854550361633
At time: 28.5068302154541 accuracy is 0.990625 and loss is 0.031542342901229856
At time: 28.74375319480896 accuracy is 0.9921875 and loss is 0.03805246949195862
At time: 28.983861446380615 accuracy is 0.9671875 and loss is 0.10301166772842407
At time: 29.23110318183899 accuracy is 0.98125 and loss is 0.042552292346954346
At time: 29.485581874847412 accuracy is 0.975 and loss is 0.06094213724136353
At time: 29.747636079788208 accuracy is 0.9765625 and loss is 0.07901342511177063
At time: 30.01813769340515 accuracy is 0.9546875 and loss is 0.1566690444946289
At time: 30.296022415161133 accuracy is 0.98125 and loss is 0.05129721760749817
At time: 30.584406852722168 accuracy is 0.9921875 and loss is 0.0250728577375412
At time: 30.889687299728394 accuracy is 0.9921875 and loss is 0.021071870625019074
Evaluating...
Done Evaluating: Achieved accuracy of 0.7460029069767442
Not better for 5
Completing Train Step at 8th epoch...
At time: 31.87166666984558 accuracy is 0.984375 and loss is 0.044076773524284366
At time: 32.09529733657837 accuracy is 0.984375 and loss is 0.04166603982448578
At time: 32.32341170310974 accuracy is 0.9859375 and loss is 0.043848225474357606
At time: 32.55756449699402 accuracy is 0.9953125 and loss is 0.018043337762355803
At time: 32.79806470870972 accuracy is 0.996875 and loss is 0.02345893681049347
At time: 33.05926990509033 accuracy is 0.990625 and loss is 0.021629476547241212
At time: 33.32386040687561 accuracy is 0.9921875 and loss is 0.017920024693012238
At time: 33.594850301742554 accuracy is 0.9828125 and loss is 0.05991232395172119
At time: 33.86547827720642 accuracy is 0.975 and loss is 0.06113143563270569
At time: 34.14572286605835 accuracy is 0.990625 and loss is 0.028039717674255372
At time: 34.43512439727783 accuracy is 0.9953125 and loss is 0.013962075114250183
At time: 34.74269127845764 accuracy is 0.9921875 and loss is 0.016338126361370088
Evaluating...
Done Evaluating: Achieved accuracy of 0.7416424418604651
Not better for 6
Completing Train Step at 9th epoch...
At time: 35.74579191207886 accuracy is 0.98125 and loss is 0.05174407362937927
At time: 35.9671585559845 accuracy is 0.9734375 and loss is 0.09760406017303466
At time: 36.206707239151 accuracy is 0.996875 and loss is 0.011645692586898803
At time: 36.4458487033844 accuracy is 0.990625 and loss is 0.021755430102348327
At time: 36.68898844718933 accuracy is 0.9953125 and loss is 0.01138438582420349
At time: 36.94385480880737 accuracy is 0.9953125 and loss is 0.01993434876203537
At time: 37.21383786201477 accuracy is 0.9828125 and loss is 0.06624278426170349
At time: 37.476974964141846 accuracy is 0.9875 and loss is 0.05689193606376648
At time: 37.746087074279785 accuracy is 0.9921875 and loss is 0.03101280927658081
At time: 38.02186942100525 accuracy is 0.99375 and loss is 0.02426578998565674
At time: 38.30924701690674 accuracy is 0.99375 and loss is 0.02611994743347168
At time: 38.61050367355347 accuracy is 0.9765625 and loss is 0.06435769200325012
Evaluating...
Done Evaluating: Achieved accuracy of 0.7212936046511628
Not better for 7
Completing Train Step at 10th epoch...
At time: 39.58974647521973 accuracy is 0.9859375 and loss is 0.03971588313579559
At time: 39.812039375305176 accuracy is 0.990625 and loss is 0.0209735170006752
At time: 40.04117751121521 accuracy is 0.996875 and loss is 0.01626543402671814
At time: 40.28507661819458 accuracy is 0.9953125 and loss is 0.0077530637383461
At time: 40.53719472885132 accuracy is 0.9953125 and loss is 0.019651012122631074
At time: 40.79153251647949 accuracy is 0.9953125 and loss is 0.014266163110733032
At time: 41.049869775772095 accuracy is 0.9953125 and loss is 0.009985020011663437
At time: 41.31492376327515 accuracy is 0.9875 and loss is 0.035355028510093686
At time: 41.58390784263611 accuracy is 0.9890625 and loss is 0.0194099023938179
At time: 41.86310172080994 accuracy is 0.9921875 and loss is 0.026286214590072632
At time: 42.15351343154907 accuracy is 0.9875 and loss is 0.027285456657409668
At time: 42.45656132698059 accuracy is 0.990625 and loss is 0.023725222051143646
Evaluating...
Done Evaluating: Achieved accuracy of 0.7438226744186046
Not better for 8
Completing Train Step at 11th epoch...
At time: 43.43535232543945 accuracy is 0.990625 and loss is 0.017731313407421113
At time: 43.65387320518494 accuracy is 0.9984375 and loss is 0.007878901064395904
At time: 43.88080334663391 accuracy is 0.9890625 and loss is 0.03505605161190033
At time: 44.12671113014221 accuracy is 0.9875 and loss is 0.04559209942817688
At time: 44.373746395111084 accuracy is 0.9921875 and loss is 0.015211302042007446
At time: 44.62297010421753 accuracy is 0.978125 and loss is 0.08098571300506592
At time: 44.87958288192749 accuracy is 0.9921875 and loss is 0.03443470299243927
At time: 45.15603470802307 accuracy is 0.9828125 and loss is 0.038127747178077695
At time: 45.436853647232056 accuracy is 0.9921875 and loss is 0.022783198952674867
At time: 45.720877170562744 accuracy is 0.9984375 and loss is 0.007116325944662094
At time: 46.00895118713379 accuracy is 0.9921875 and loss is 0.023750120401382448
At time: 46.3111457824707 accuracy is 0.9875 and loss is 0.044877868890762326
Evaluating...
Done Evaluating: Achieved accuracy of 0.7460029069767442
Not better for 9
Completing Train Step at 12th epoch...
At time: 47.29981255531311 accuracy is 0.9953125 and loss is 0.010547064244747162
At time: 47.523245096206665 accuracy is 0.99375 and loss is 0.013737520575523377
At time: 47.75254464149475 accuracy is 1.0 and loss is 0.002917979843914509
At time: 47.98740792274475 accuracy is 0.98125 and loss is 0.06729249954223633
At time: 48.22961711883545 accuracy is 0.9765625 and loss is 0.055785846710205075
At time: 48.48120331764221 accuracy is 0.9953125 and loss is 0.008732742816209792
At time: 48.74019742012024 accuracy is 0.9875 and loss is 0.04058797061443329
At time: 49.02333855628967 accuracy is 0.990625 and loss is 0.02629396915435791
At time: 49.31350231170654 accuracy is 0.990625 and loss is 0.02605459690093994
At time: 49.59755539894104 accuracy is 0.9796875 and loss is 0.07699147462844849
At time: 49.88907766342163 accuracy is 0.9921875 and loss is 0.023252443969249727
At time: 50.19675087928772 accuracy is 0.978125 and loss is 0.04836497902870178
Evaluating...
Done Evaluating: Achieved accuracy of 0.7405523255813954
Not better for 10
Model not improving. Stopping earlyat 0.7561773255813954 epochs.
Done Training. Achieved Best Accuracy of 0.7561773255813954
classifier



RESULTS:
[{'best_accuracy': 0.764171511627907, 'params': {'batch_size': 32, 'wordvec_dim': 300, 'tune_wordvecs': True, 'data': 'MPQA', 'attn_type': None, 'rnn_dropout': 0.011320896618515985, 'num_layers': 2, 'dropout': 0.12905085503173863, 'lr': 0.0013776790175357991, 'l2': 0.28050914591053844, 'wordvec_source': 'None'}}, {'best_accuracy': 0.7503633720930233, 'params': {'batch_size': 32, 'wordvec_dim': 300, 'tune_wordvecs': True, 'data': 'MPQA', 'attn_type': None, 'rnn_dropout': 0.42576201969022376, 'num_layers': 2, 'dropout': 0.3945648909762659, 'lr': 0.0035840670546193882, 'l2': 0.7646448113497257, 'wordvec_source': 'None'}}, {'best_accuracy': 0.735828488372093, 'params': {'batch_size': 32, 'wordvec_dim': 300, 'tune_wordvecs': True, 'data': 'MPQA', 'attn_type': None, 'rnn_dropout': 0.8019444092328963, 'num_layers': 2, 'dropout': 0.3063765140009138, 'lr': 0.0047964266109653195, 'l2': 0.7336578250895166, 'wordvec_source': 'None'}}, {'best_accuracy': 0.7663517441860465, 'params': {'batch_size': 32, 'wordvec_dim': 300, 'tune_wordvecs': True, 'data': 'MPQA', 'attn_type': None, 'rnn_dropout': 0.15778888350982667, 'num_layers': 2, 'dropout': 0.3173451288716037, 'lr': 0.0016643522236397831, 'l2': 0.04173840880905588, 'wordvec_source': 'None'}}, {'best_accuracy': 0.7561773255813954, 'params': {'batch_size': 32, 'wordvec_dim': 300, 'tune_wordvecs': True, 'data': 'MPQA', 'attn_type': None, 'rnn_dropout': 0.15864849885950683, 'num_layers': 2, 'dropout': 0.6849404872343009, 'lr': 0.0006127545399698357, 'l2': 0.9386589313542386, 'wordvec_source': 'None'}}]
