ROOT_PATH: /home-nfs/siddsach/ml/Interpreting-Attention/interpreting_language
Building Bayesian Optimizer for 
 data:MPQA 
 choices:[{'name': 'lr', 'type': 'continuous', 'domain': [5e-05, 0.005]}, {'name': 'rnn_dropout', 'type': 'continuous', 'domain': [0, 1]}, {'name': 'dropout', 'type': 'continuous', 'domain': [0, 1]}, {'name': 'l2', 'type': 'continuous', 'domain': [0, 1]}, {'name': 'attention_dim', 'type': 'continuous', 'domain': [5, 100]}]
SETTINGS FOR THIS RUN
{'attention_dim': 94, 'num_layers': 1, 'l2': 0.963369815609037, 'attn_type': 'MLP', 'wordvec_source': 'google', 'rnn_dropout': 0.11279400470404322, 'wordvec_dim': 300, 'lr': 0.0008922324203455329, 'batch_size': 32, 'dropout': 0.5940648799921109, 'data': 'MPQA', 'tune_wordvecs': True}
Using CUDA!
here
MLP
Building RNN Classifier...

[93m    Warning: no model found for 'en'[0m

    Only loading the 'en' tokenizer.

Retrieving Data from file: /home-nfs/siddsach/ml/Interpreting-Attention/interpreting_language/data/mpqa/mpqa_subj_labels.pickle...
Loading Vectors From Memory...
Using these vectors: ['googlenews']
Getting google news vectors
Building Vocab...
[<torchtext.vocab.Vectors object at 0x7f375bbe1048>]
Getting Batches...
Created Iterator with 261 batches
Getting Batches...
Created Iterator with 87 batches
Building model...
MLP
Using Attention model with following args:
{'attention_dim': 94, 'num_classes': 2, 'num_layers': 1, 'vocab_size': 15284, 'train_word_vecs': True, 'rnn_dropout': 0.11279400470404322, 'input_size': 300, 'batch_size': 32, 'attn_type': 'MLP', 'vectors': 
 0.0000  0.0000  0.0000  ...   0.0000  0.0000  0.0000
 0.0000  0.0000  0.0000  ...   0.0000  0.0000  0.0000
 0.0000  0.0000  0.0000  ...   0.0000  0.0000  0.0000
          ...             ⋱             ...          
 0.0057 -0.1026 -0.0529  ...   0.0252  0.0847 -0.0258
 0.0000  0.0000  0.0000  ...   0.0000  0.0000  0.0000
 0.4722 -0.0132 -0.2394  ...  -0.4769 -0.0925 -0.5517
[torch.FloatTensor of size 15284x100]
, 'dropout': 0.5940648799921109, 'tune_attn': 'True', 'hidden_size': 300, 'cuda': True}
Traceback (most recent call last):
  File "tune_models.py", line 186, in <module>
    batch_size = args.batch_size, seq_len = args.seq_len)
  File "tune_models.py", line 67, in __init__
    exact_feval = True
  File "/home-nfs/siddsach/anaconda3/lib/python3.5/site-packages/GPyOpt/methods/bayesian_optimization.py", line 117, in __init__
    self._init_design_chooser()
  File "/home-nfs/siddsach/anaconda3/lib/python3.5/site-packages/GPyOpt/methods/bayesian_optimization.py", line 192, in _init_design_chooser
    self.Y, _ = self.objective.evaluate(self.X)
  File "/home-nfs/siddsach/anaconda3/lib/python3.5/site-packages/GPyOpt/core/task/objective.py", line 50, in evaluate
    f_evals, cost_evals = self._eval_func(x)
  File "/home-nfs/siddsach/anaconda3/lib/python3.5/site-packages/GPyOpt/core/task/objective.py", line 74, in _eval_func
    rlt = self.func(np.atleast_2d(x[i]))
  File "tune_models.py", line 119, in getError
    optimizer = trainer.start_train()
  File "/home-nfs/siddsach/ml/Interpreting-Attention/interpreting_language/classifier/attention_rnn/trainer.py", line 588, in start_train
    self.get_model(pretrained_weights, pretrained_args)
  File "/home-nfs/siddsach/ml/Interpreting-Attention/interpreting_language/classifier/attention_rnn/trainer.py", line 402, in get_model
    self.model = SelfAttentiveRNN(**args)
  File "/home-nfs/siddsach/ml/Interpreting-Attention/interpreting_language/classifier/attention_rnn/model.py", line 160, in __init__
    super(SelfAttentiveRNN, self).__init__(**kwargs)
  File "/home-nfs/siddsach/ml/Interpreting-Attention/interpreting_language/classifier/attention_rnn/model.py", line 70, in __init__
    self.init_embedding(vectors)
  File "/home-nfs/siddsach/ml/Interpreting-Attention/interpreting_language/classifier/attention_rnn/model.py", line 73, in init_embedding
    self.embed.weight.data.copy_(pretrained_embeddings)# this provides the values
RuntimeError: inconsistent tensor size, expected tensor [15284 x 300] and src [15284 x 100] to have the same number of elements, but got 4585200 and 1528400 elements respectively at /opt/conda/conda-bld/pytorch_1513366702650/work/torch/lib/TH/generic/THTensorCopy.c:86
