ROOT_PATH: /home-nfs/siddsach/ml/Interpreting-Attention/interpreting_language
Building Bayesian Optimizer for 
 data:MPQA 
 choices:[{'domain': [5e-05, 0.005], 'name': 'lr', 'type': 'continuous'}, {'domain': [0, 1], 'name': 'rnn_dropout', 'type': 'continuous'}, {'domain': [0, 1], 'name': 'dropout', 'type': 'continuous'}, {'domain': [0, 1], 'name': 'l2', 'type': 'continuous'}]
SETTINGS FOR THIS RUN
{'batch_size': 32, 'attn_type': None, 'tune_wordvecs': True, 'rnn_dropout': 0.4041902304502665, 'data': 'MPQA', 'num_layers': 1, 'wordvec_source': 'glove', 'wordvec_dim': 300, 'lr': 0.004261218205987159, 'dropout': 0.6930013397302563, 'l2': 0.8648365477309006}
Using CUDA!
here
None
Building RNN Classifier...

[93m    Warning: no model found for 'en'[0m

    Only loading the 'en' tokenizer.

Retrieving Data from file: /home-nfs/siddsach/ml/Interpreting-Attention/interpreting_language/data/mpqa/mpqa_subj_labels.pickle...
Loading Vectors From Memory...
Using these vectors: ['GloVe']
Getting GloVe Vectors with 300 dims
Building Vocab...
[<torchtext.vocab.Vectors object at 0x7f8b461d7908>]
Getting Batches...
Created Iterator with 261 batches
Getting Batches...
Created Iterator with 87 batches
Building model...
Using Vanilla RNN with following args:
{'vocab_size': 15284, 'num_classes': 2, 'hidden_size': 300, 'input_size': 300, 'train_word_vecs': True, 'num_layers': 1, 'rnn_dropout': 0.4041902304502665, 'cuda': True, 'vectors': 
 0.0000  0.0000  0.0000  ...   0.0000  0.0000  0.0000
 0.0000  0.0000  0.0000  ...   0.0000  0.0000  0.0000
 0.0000  0.0000  0.0000  ...   0.0000  0.0000  0.0000
          ...             ⋱             ...          
-0.4786 -0.1089 -0.0076  ...   0.7458  0.7174  0.6185
 0.0000  0.0000  0.0000  ...   0.0000  0.0000  0.0000
-0.0479  0.9828  0.9182  ...   0.0424  0.4554 -0.3210
[torch.FloatTensor of size 15284x300]
, 'dropout': 0.6930013397302563, 'batch_size': 32}
Begin Training...
Completing Train Step at 0th epoch...
At time: 1.040395736694336 accuracy is 0.60625 and loss is 0.7381568431854248
At time: 1.2470505237579346 accuracy is 0.565625 and loss is 0.7556506633758545
At time: 1.448545217514038 accuracy is 0.6859375 and loss is 0.6034217357635498
At time: 1.6549935340881348 accuracy is 0.6671875 and loss is 0.6284371376037597
At time: 1.8623716831207275 accuracy is 0.671875 and loss is 0.6077208518981934
At time: 2.0742361545562744 accuracy is 0.7359375 and loss is 0.5881383895874024
At time: 2.2887918949127197 accuracy is 0.6890625 and loss is 0.6126924514770508
At time: 2.5084941387176514 accuracy is 0.753125 and loss is 0.5746235370635986
At time: 2.7331225872039795 accuracy is 0.7171875 and loss is 0.5868516445159913
At time: 2.9672749042510986 accuracy is 0.734375 and loss is 0.5990680694580078
At time: 3.211634635925293 accuracy is 0.753125 and loss is 0.5530970573425293
At time: 3.4647181034088135 accuracy is 0.746875 and loss is 0.57355637550354
Evaluating...
Done Evaluating: Achieved accuracy of 0.764171511627907
Achieved new best!
Completing Train Step at 1th epoch...
At time: 4.2913818359375 accuracy is 0.69375 and loss is 0.6257752418518067
At time: 4.477905035018921 accuracy is 0.7875 and loss is 0.45530972480773924
At time: 4.671559572219849 accuracy is 0.796875 and loss is 0.4151205539703369
At time: 4.8700947761535645 accuracy is 0.83125 and loss is 0.4036537170410156
At time: 5.072551250457764 accuracy is 0.8421875 and loss is 0.3759984731674194
At time: 5.284190893173218 accuracy is 0.8328125 and loss is 0.4122330665588379
At time: 5.501331806182861 accuracy is 0.8390625 and loss is 0.3949394464492798
At time: 5.719911336898804 accuracy is 0.8453125 and loss is 0.4011091709136963
At time: 5.942917108535767 accuracy is 0.8046875 and loss is 0.4303874969482422
At time: 6.172194242477417 accuracy is 0.809375 and loss is 0.42554125785827634
At time: 6.409669399261475 accuracy is 0.8375 and loss is 0.38734452724456786
At time: 6.656105995178223 accuracy is 0.825 and loss is 0.3894585132598877
Evaluating...
Done Evaluating: Achieved accuracy of 0.7663517441860465
Achieved new best!
Completing Train Step at 2th epoch...
At time: 7.492835283279419 accuracy is 0.8703125 and loss is 0.33384416103363035
At time: 7.681814432144165 accuracy is 0.8921875 and loss is 0.2581977128982544
At time: 7.874746322631836 accuracy is 0.925 and loss is 0.2047647476196289
At time: 8.071013689041138 accuracy is 0.9265625 and loss is 0.19396960735321045
At time: 8.273441791534424 accuracy is 0.9015625 and loss is 0.24536519050598143
At time: 8.479491233825684 accuracy is 0.915625 and loss is 0.2458359718322754
At time: 8.69144606590271 accuracy is 0.8625 and loss is 0.3148972034454346
At time: 8.906794786453247 accuracy is 0.884375 and loss is 0.2669054508209229
At time: 9.127183198928833 accuracy is 0.8671875 and loss is 0.3192861080169678
At time: 9.352494239807129 accuracy is 0.9109375 and loss is 0.25119092464447024
At time: 9.587048530578613 accuracy is 0.89375 and loss is 0.28859336376190187
At time: 9.832656383514404 accuracy is 0.8875 and loss is 0.2940977573394775
Evaluating...
Done Evaluating: Achieved accuracy of 0.7292877906976745
Not better for 1
Completing Train Step at 3th epoch...
At time: 10.642455577850342 accuracy is 0.8640625 and loss is 0.36519925594329833
At time: 10.830976963043213 accuracy is 0.915625 and loss is 0.2342900514602661
At time: 11.023536682128906 accuracy is 0.9234375 and loss is 0.19263993501663207
At time: 11.220066547393799 accuracy is 0.9265625 and loss is 0.1719675302505493
At time: 11.420787811279297 accuracy is 0.928125 and loss is 0.19112075567245485
At time: 11.630469560623169 accuracy is 0.9171875 and loss is 0.21764447689056396
At time: 11.844499111175537 accuracy is 0.896875 and loss is 0.2418440341949463
At time: 12.064875841140747 accuracy is 0.90625 and loss is 0.22414906024932862
At time: 12.286944150924683 accuracy is 0.871875 and loss is 0.29634809494018555
At time: 12.512912511825562 accuracy is 0.9125 and loss is 0.2051633834838867
At time: 12.750862121582031 accuracy is 0.896875 and loss is 0.2646042823791504
At time: 12.999318599700928 accuracy is 0.8765625 and loss is 0.28158135414123536
Evaluating...
Done Evaluating: Achieved accuracy of 0.7307412790697675
Not better for 2
Completing Train Step at 4th epoch...
At time: 13.849828243255615 accuracy is 0.8359375 and loss is 0.4017247200012207
At time: 14.041539192199707 accuracy is 0.915625 and loss is 0.20028924942016602
At time: 14.238819599151611 accuracy is 0.934375 and loss is 0.17050689458847046
At time: 14.438310861587524 accuracy is 0.9453125 and loss is 0.16312651634216307
At time: 14.64229941368103 accuracy is 0.934375 and loss is 0.17618225812911986
At time: 14.852068901062012 accuracy is 0.9203125 and loss is 0.19190504550933837
At time: 15.065390586853027 accuracy is 0.9171875 and loss is 0.22734906673431396
At time: 15.28456997871399 accuracy is 0.9390625 and loss is 0.16349425315856933
At time: 15.50890064239502 accuracy is 0.915625 and loss is 0.2302532196044922
At time: 15.738009452819824 accuracy is 0.940625 and loss is 0.1690054416656494
At time: 15.975942134857178 accuracy is 0.9046875 and loss is 0.24751386642456055
At time: 16.222298860549927 accuracy is 0.9109375 and loss is 0.2534629821777344
Evaluating...
Done Evaluating: Achieved accuracy of 0.7074854651162791
Not better for 3
Completing Train Step at 5th epoch...
At time: 17.05885887145996 accuracy is 0.88125 and loss is 0.2821389675140381
At time: 17.24877405166626 accuracy is 0.9421875 and loss is 0.15766067504882814
At time: 17.44443655014038 accuracy is 0.9421875 and loss is 0.13099817037582398
At time: 17.64106035232544 accuracy is 0.9421875 and loss is 0.1542891502380371
At time: 17.863464832305908 accuracy is 0.9359375 and loss is 0.16216219663619996
At time: 18.08948564529419 accuracy is 0.9328125 and loss is 0.1641240358352661
At time: 18.325067281723022 accuracy is 0.91875 and loss is 0.19567376375198364
At time: 18.555660247802734 accuracy is 0.9375 and loss is 0.14876595735549927
At time: 18.78896713256836 accuracy is 0.9125 and loss is 0.1978817343711853
At time: 19.019356727600098 accuracy is 0.9453125 and loss is 0.15737385749816896
At time: 19.258122205734253 accuracy is 0.9359375 and loss is 0.1990266799926758
At time: 19.506957530975342 accuracy is 0.90625 and loss is 0.22819104194641113
Evaluating...
Done Evaluating: Achieved accuracy of 0.7292877906976745
Not better for 4
Completing Train Step at 6th epoch...
At time: 20.349526166915894 accuracy is 0.8765625 and loss is 0.3218214511871338
At time: 20.53981876373291 accuracy is 0.9203125 and loss is 0.20672130584716797
At time: 20.734830141067505 accuracy is 0.94375 and loss is 0.14019821882247924
At time: 20.936294555664062 accuracy is 0.940625 and loss is 0.15837461948394777
At time: 21.139105081558228 accuracy is 0.953125 and loss is 0.10998151302337647
At time: 21.34646701812744 accuracy is 0.9421875 and loss is 0.16676619052886962
At time: 21.560008764266968 accuracy is 0.9234375 and loss is 0.21305978298187256
At time: 21.7778480052948 accuracy is 0.93125 and loss is 0.17233216762542725
At time: 22.000258684158325 accuracy is 0.9421875 and loss is 0.20250065326690675
At time: 22.228105545043945 accuracy is 0.953125 and loss is 0.144733726978302
At time: 22.465758323669434 accuracy is 0.9484375 and loss is 0.13439587354660035
At time: 22.714629411697388 accuracy is 0.9359375 and loss is 0.1737019419670105
Evaluating...
Done Evaluating: Achieved accuracy of 0.7289244186046512
Not better for 5
Completing Train Step at 7th epoch...
At time: 23.54130220413208 accuracy is 0.890625 and loss is 0.2803063154220581
At time: 23.732237815856934 accuracy is 0.934375 and loss is 0.19158463478088378
At time: 23.929559230804443 accuracy is 0.9546875 and loss is 0.10882244110107422
At time: 24.132331609725952 accuracy is 0.9546875 and loss is 0.12044681310653686
At time: 24.332618713378906 accuracy is 0.94375 and loss is 0.1307079553604126
At time: 24.53773045539856 accuracy is 0.9640625 and loss is 0.10500702857971192
At time: 24.749961137771606 accuracy is 0.9421875 and loss is 0.1617746114730835
At time: 24.96804428100586 accuracy is 0.9484375 and loss is 0.11225643157958984
At time: 25.189303398132324 accuracy is 0.9234375 and loss is 0.19546010494232177
At time: 25.41661548614502 accuracy is 0.9421875 and loss is 0.16035441160202027
At time: 25.651591062545776 accuracy is 0.9375 and loss is 0.16244326829910277
At time: 25.896308660507202 accuracy is 0.9078125 and loss is 0.2559812545776367
Evaluating...
Done Evaluating: Achieved accuracy of 0.721656976744186
Not better for 6
Completing Train Step at 8th epoch...
At time: 26.712674856185913 accuracy is 0.8875 and loss is 0.3081493854522705
At time: 26.901296615600586 accuracy is 0.94375 and loss is 0.14693641662597656
At time: 27.096144199371338 accuracy is 0.9390625 and loss is 0.13813550472259523
At time: 27.29546093940735 accuracy is 0.95625 and loss is 0.10709116458892823
At time: 27.49667716026306 accuracy is 0.9453125 and loss is 0.11368615627288818
At time: 27.703785181045532 accuracy is 0.96875 and loss is 0.08874488472938538
At time: 27.916518449783325 accuracy is 0.9484375 and loss is 0.1734265446662903
At time: 28.133964776992798 accuracy is 0.953125 and loss is 0.11349563598632813
At time: 28.356074333190918 accuracy is 0.9390625 and loss is 0.18387830257415771
At time: 28.583815574645996 accuracy is 0.946875 and loss is 0.13550812005996704
At time: 28.81926417350769 accuracy is 0.95625 and loss is 0.1282829999923706
At time: 29.0663902759552 accuracy is 0.9296875 and loss is 0.20194201469421386
Evaluating...
Done Evaluating: Achieved accuracy of 0.7227470930232558
Not better for 7
Completing Train Step at 9th epoch...
At time: 29.902970552444458 accuracy is 0.8921875 and loss is 0.2782127380371094
At time: 30.095327854156494 accuracy is 0.9484375 and loss is 0.15910544395446777
At time: 30.29210901260376 accuracy is 0.9421875 and loss is 0.12841178178787233
At time: 30.491854667663574 accuracy is 0.9625 and loss is 0.09834542274475097
At time: 30.695536136627197 accuracy is 0.959375 and loss is 0.09671105742454529
At time: 30.907346487045288 accuracy is 0.9515625 and loss is 0.1288048505783081
At time: 31.12520456314087 accuracy is 0.959375 and loss is 0.12280526161193847
At time: 31.348252534866333 accuracy is 0.95 and loss is 0.16097956895828247
At time: 31.574102878570557 accuracy is 0.91875 and loss is 0.20479071140289307
At time: 31.80638313293457 accuracy is 0.94375 and loss is 0.1681066632270813
At time: 32.045791149139404 accuracy is 0.9546875 and loss is 0.12423274517059327
At time: 32.295074462890625 accuracy is 0.9078125 and loss is 0.22487285137176513
Evaluating...
Done Evaluating: Achieved accuracy of 0.7267441860465116
Not better for 8
Completing Train Step at 10th epoch...
At time: 33.13086247444153 accuracy is 0.9109375 and loss is 0.21351139545440673
At time: 33.3212685585022 accuracy is 0.9609375 and loss is 0.12515816688537598
At time: 33.515084743499756 accuracy is 0.9640625 and loss is 0.0791618824005127
At time: 33.71259331703186 accuracy is 0.9515625 and loss is 0.11936118602752685
At time: 33.913615703582764 accuracy is 0.953125 and loss is 0.11975953578948975
At time: 34.12115120887756 accuracy is 0.95625 and loss is 0.12544256448745728
At time: 34.33332085609436 accuracy is 0.9515625 and loss is 0.12833186388015747
At time: 34.550309896469116 accuracy is 0.9546875 and loss is 0.11320626735687256
At time: 34.7734055519104 accuracy is 0.9390625 and loss is 0.16881673336029052
At time: 35.00124907493591 accuracy is 0.953125 and loss is 0.14571893215179443
At time: 35.23738932609558 accuracy is 0.9578125 and loss is 0.11368709802627563
At time: 35.482680559158325 accuracy is 0.93125 and loss is 0.20620615482330323
Evaluating...
Done Evaluating: Achieved accuracy of 0.7176598837209303
Not better for 9
Completing Train Step at 11th epoch...
At time: 36.299856185913086 accuracy is 0.9140625 and loss is 0.2175525665283203
At time: 36.487882137298584 accuracy is 0.9390625 and loss is 0.15480750799179077
At time: 36.68140530586243 accuracy is 0.9578125 and loss is 0.11481633186340331
At time: 36.879409313201904 accuracy is 0.946875 and loss is 0.13349121809005737
At time: 37.08002972602844 accuracy is 0.9578125 and loss is 0.09457261562347412
At time: 37.285231828689575 accuracy is 0.9515625 and loss is 0.14383785724639891
At time: 37.49696683883667 accuracy is 0.946875 and loss is 0.13912311792373658
At time: 37.71892213821411 accuracy is 0.953125 and loss is 0.13200268745422364
At time: 37.947157859802246 accuracy is 0.9140625 and loss is 0.25477135181427
At time: 38.180025815963745 accuracy is 0.9484375 and loss is 0.15103780031204223
At time: 38.41856670379639 accuracy is 0.9484375 and loss is 0.14281233549118041
At time: 38.66481161117554 accuracy is 0.9109375 and loss is 0.22628417015075683
Evaluating...
Done Evaluating: Achieved accuracy of 0.7296511627906976
Not better for 10
Model not improving. Stopping earlyat 0.7663517441860465 epochs.
Done Training. Achieved Best Accuracy of 0.7663517441860465
Improved accuracyfrom -10000000 to 0.7663517441860465
classifier
SETTINGS FOR THIS RUN
{'batch_size': 32, 'attn_type': None, 'tune_wordvecs': True, 'rnn_dropout': 0.7700188638411668, 'data': 'MPQA', 'num_layers': 1, 'wordvec_source': 'glove', 'wordvec_dim': 300, 'lr': 0.0015438559322885734, 'dropout': 0.02080478049878387, 'l2': 0.22450381403663888}
Using CUDA!
here
None
Building RNN Classifier...

[93m    Warning: no model found for 'en'[0m

    Only loading the 'en' tokenizer.

Retrieving Data from file: /home-nfs/siddsach/ml/Interpreting-Attention/interpreting_language/data/mpqa/mpqa_subj_labels.pickle...
Loading Vectors From Memory...
Using these vectors: ['GloVe']
Getting GloVe Vectors with 300 dims
Building Vocab...
[<torchtext.vocab.Vectors object at 0x7f8b460d3e80>]
Getting Batches...
Created Iterator with 261 batches
Getting Batches...
Created Iterator with 87 batches
Building model...
Using Vanilla RNN with following args:
{'vocab_size': 15284, 'num_classes': 2, 'hidden_size': 300, 'input_size': 300, 'train_word_vecs': True, 'num_layers': 1, 'rnn_dropout': 0.7700188638411668, 'cuda': True, 'vectors': 
 0.0000  0.0000  0.0000  ...   0.0000  0.0000  0.0000
 0.0000  0.0000  0.0000  ...   0.0000  0.0000  0.0000
 0.0000  0.0000  0.0000  ...   0.0000  0.0000  0.0000
          ...             ⋱             ...          
-0.4786 -0.1089 -0.0076  ...   0.7458  0.7174  0.6185
 0.0000  0.0000  0.0000  ...   0.0000  0.0000  0.0000
-0.0479  0.9828  0.9182  ...   0.0424  0.4554 -0.3210
[torch.FloatTensor of size 15284x300]
, 'dropout': 0.02080478049878387, 'batch_size': 32}
Begin Training...
Completing Train Step at 0th epoch...
At time: 0.25457310676574707 accuracy is 0.5390625 and loss is 0.7673054695129394
At time: 0.4718143939971924 accuracy is 0.584375 and loss is 0.7028709888458252
At time: 0.6851389408111572 accuracy is 0.7234375 and loss is 0.5960341930389405
At time: 0.901249885559082 accuracy is 0.7 and loss is 0.5763354301452637
At time: 1.1120281219482422 accuracy is 0.7625 and loss is 0.5388146877288819
At time: 1.3314156532287598 accuracy is 0.715625 and loss is 0.5551926136016846
At time: 1.549095630645752 accuracy is 0.7234375 and loss is 0.5694492340087891
At time: 1.775028944015503 accuracy is 0.75625 and loss is 0.5623217105865479
At time: 2.015246629714966 accuracy is 0.7421875 and loss is 0.5337990760803223
At time: 2.258695125579834 accuracy is 0.765625 and loss is 0.5180422306060791
At time: 2.5018224716186523 accuracy is 0.7984375 and loss is 0.49478840827941895
At time: 2.753936290740967 accuracy is 0.790625 and loss is 0.4787150382995605
Evaluating...
Done Evaluating: Achieved accuracy of 0.7823401162790697
Achieved new best!
Completing Train Step at 1th epoch...
At time: 3.585122585296631 accuracy is 0.75 and loss is 0.5807914733886719
At time: 3.774977684020996 accuracy is 0.803125 and loss is 0.4272500991821289
At time: 3.9708921909332275 accuracy is 0.8375 and loss is 0.3704839706420898
At time: 4.170496463775635 accuracy is 0.865625 and loss is 0.3116919994354248
At time: 4.372494220733643 accuracy is 0.878125 and loss is 0.32796714305877683
At time: 4.580880880355835 accuracy is 0.8578125 and loss is 0.31708316802978515
At time: 4.792836427688599 accuracy is 0.878125 and loss is 0.31338820457458494
At time: 5.012692451477051 accuracy is 0.8671875 and loss is 0.30975534915924074
At time: 5.237033128738403 accuracy is 0.8921875 and loss is 0.3097792148590088
At time: 5.465514183044434 accuracy is 0.88125 and loss is 0.29323902130126955
At time: 5.702018976211548 accuracy is 0.915625 and loss is 0.21899662017822266
At time: 5.949369668960571 accuracy is 0.9328125 and loss is 0.21599316596984863
Evaluating...
Done Evaluating: Achieved accuracy of 0.7518168604651163
Not better for 1
Completing Train Step at 2th epoch...
At time: 6.7849531173706055 accuracy is 0.8171875 and loss is 0.4072745323181152
At time: 6.972214698791504 accuracy is 0.8984375 and loss is 0.2589731693267822
At time: 7.166344165802002 accuracy is 0.9296875 and loss is 0.16112397909164428
At time: 7.362433671951294 accuracy is 0.940625 and loss is 0.14258203506469727
At time: 7.563478946685791 accuracy is 0.9390625 and loss is 0.15529582500457764
At time: 7.768760681152344 accuracy is 0.9328125 and loss is 0.16432384252548218
At time: 7.9868927001953125 accuracy is 0.9390625 and loss is 0.1512879729270935
At time: 8.216062068939209 accuracy is 0.934375 and loss is 0.19426243305206298
At time: 8.441879272460938 accuracy is 0.940625 and loss is 0.15582778453826904
At time: 8.67410922050476 accuracy is 0.9546875 and loss is 0.11282918453216553
At time: 8.908522844314575 accuracy is 0.9625 and loss is 0.09265616536140442
At time: 9.15146517753601 accuracy is 0.9625 and loss is 0.07538971304893494
Evaluating...
Done Evaluating: Achieved accuracy of 0.7438226744186046
Not better for 2
Completing Train Step at 3th epoch...
At time: 9.985130786895752 accuracy is 0.8765625 and loss is 0.3156536340713501
At time: 10.183199644088745 accuracy is 0.93125 and loss is 0.1776903748512268
At time: 10.379854202270508 accuracy is 0.9625 and loss is 0.09074267148971557
At time: 10.57893180847168 accuracy is 0.971875 and loss is 0.07403979301452637
At time: 10.77953839302063 accuracy is 0.9703125 and loss is 0.07954475283622742
At time: 10.985269784927368 accuracy is 0.95625 and loss is 0.11053097248077393
At time: 11.194237232208252 accuracy is 0.940625 and loss is 0.1235090970993042
At time: 11.407365083694458 accuracy is 0.9390625 and loss is 0.13584035634994507
At time: 11.626260042190552 accuracy is 0.953125 and loss is 0.129973840713501
At time: 11.851558923721313 accuracy is 0.9640625 and loss is 0.08170132040977478
At time: 12.085319519042969 accuracy is 0.96875 and loss is 0.08048954010009765
At time: 12.329049110412598 accuracy is 0.9703125 and loss is 0.06355499625205993
Evaluating...
Done Evaluating: Achieved accuracy of 0.7532703488372093
Not better for 3
Completing Train Step at 4th epoch...
At time: 13.134653329849243 accuracy is 0.9234375 and loss is 0.2315819501876831
At time: 13.318640947341919 accuracy is 0.9546875 and loss is 0.11101505756378174
At time: 13.512923002243042 accuracy is 0.9875 and loss is 0.04033602774143219
At time: 13.71058464050293 accuracy is 0.984375 and loss is 0.05465811491012573
At time: 13.913553476333618 accuracy is 0.9875 and loss is 0.03651615679264068
At time: 14.11900544166565 accuracy is 0.984375 and loss is 0.05056130290031433
At time: 14.331563949584961 accuracy is 0.965625 and loss is 0.10186101198196411
At time: 14.54915452003479 accuracy is 0.965625 and loss is 0.08708505630493164
At time: 14.772116661071777 accuracy is 0.9625 and loss is 0.11310039758682251
At time: 14.99799394607544 accuracy is 0.98125 and loss is 0.06357547640800476
At time: 15.231579303741455 accuracy is 0.984375 and loss is 0.04286855459213257
At time: 15.474015712738037 accuracy is 0.9859375 and loss is 0.038483598828315736
Evaluating...
Done Evaluating: Achieved accuracy of 0.7463662790697675
Not better for 4
Completing Train Step at 5th epoch...
At time: 16.28573727607727 accuracy is 0.940625 and loss is 0.14777834415435792
At time: 16.472155809402466 accuracy is 0.9765625 and loss is 0.058627015352249144
At time: 16.661964654922485 accuracy is 0.990625 and loss is 0.02533053457736969
At time: 16.856767654418945 accuracy is 0.98125 and loss is 0.03840184211730957
At time: 17.05469512939453 accuracy is 0.98125 and loss is 0.043057262897491455
At time: 17.258042097091675 accuracy is 0.984375 and loss is 0.04473289251327515
At time: 17.46747326850891 accuracy is 0.9640625 and loss is 0.1205212950706482
At time: 17.685482501983643 accuracy is 0.9734375 and loss is 0.09978406429290772
At time: 17.90887999534607 accuracy is 0.95 and loss is 0.16924868822097777
At time: 18.136048316955566 accuracy is 0.9796875 and loss is 0.05923162698745728
At time: 18.36798906326294 accuracy is 0.9890625 and loss is 0.027136018872261046
At time: 18.60803461074829 accuracy is 0.9796875 and loss is 0.06465075016021729
Evaluating...
Done Evaluating: Achieved accuracy of 0.7503633720930233
Not better for 5
Completing Train Step at 6th epoch...
At time: 19.424655437469482 accuracy is 0.95625 and loss is 0.12766447067260742
At time: 19.61944842338562 accuracy is 0.984375 and loss is 0.053315269947052005
At time: 19.812878847122192 accuracy is 0.9734375 and loss is 0.060836583375930786
At time: 20.012033224105835 accuracy is 0.996875 and loss is 0.01593690812587738
At time: 20.21571922302246 accuracy is 0.978125 and loss is 0.05980909466743469
At time: 20.42063808441162 accuracy is 0.9875 and loss is 0.027891573309898377
At time: 20.633392572402954 accuracy is 0.96875 and loss is 0.11640228033065796
At time: 20.849381685256958 accuracy is 0.9859375 and loss is 0.05249552726745606
At time: 21.07164192199707 accuracy is 0.9859375 and loss is 0.049277189373970035
At time: 21.296202898025513 accuracy is 0.9890625 and loss is 0.02824748456478119
At time: 21.531142473220825 accuracy is 0.9921875 and loss is 0.017360135912895203
At time: 21.796649932861328 accuracy is 0.975 and loss is 0.0583285391330719
Evaluating...
Done Evaluating: Achieved accuracy of 0.7423691860465116
Not better for 6
Completing Train Step at 7th epoch...
At time: 22.759346961975098 accuracy is 0.9625 and loss is 0.0963623583316803
At time: 22.967105388641357 accuracy is 0.971875 and loss is 0.06762785911560058
At time: 23.176043033599854 accuracy is 0.99375 and loss is 0.02145155966281891
At time: 23.3787739276886 accuracy is 0.96875 and loss is 0.08264119029045106
At time: 23.58323073387146 accuracy is 0.9875 and loss is 0.04782498478889465
At time: 23.79423713684082 accuracy is 0.98125 and loss is 0.05818544626235962
At time: 24.01080012321472 accuracy is 0.984375 and loss is 0.06515195369720458
At time: 24.240918397903442 accuracy is 0.975 and loss is 0.06979342103004456
At time: 24.472604513168335 accuracy is 0.9859375 and loss is 0.03568636775016785
At time: 24.709381580352783 accuracy is 0.98125 and loss is 0.050175154209136964
At time: 24.946819067001343 accuracy is 0.99375 and loss is 0.020047152042388917
At time: 25.192162036895752 accuracy is 0.98125 and loss is 0.045797455310821536
Evaluating...
Done Evaluating: Achieved accuracy of 0.7452761627906976
Not better for 7
Completing Train Step at 8th epoch...
At time: 26.02588415145874 accuracy is 0.9640625 and loss is 0.10579403638839721
At time: 26.21235179901123 accuracy is 0.9828125 and loss is 0.050248950719833374
At time: 26.40360379219055 accuracy is 0.990625 and loss is 0.021287111937999724
At time: 26.60075092315674 accuracy is 0.9953125 and loss is 0.021001459658145906
At time: 26.80815625190735 accuracy is 0.9921875 and loss is 0.022913095355033875
At time: 27.017239809036255 accuracy is 0.9890625 and loss is 0.03275425136089325
At time: 27.242103099822998 accuracy is 0.98125 and loss is 0.05678216814994812
At time: 27.471252918243408 accuracy is 0.9828125 and loss is 0.0706157147884369
At time: 27.70355796813965 accuracy is 0.98125 and loss is 0.035798943042755126
At time: 27.93502187728882 accuracy is 0.9875 and loss is 0.028711161017417906
At time: 28.1767418384552 accuracy is 0.9890625 and loss is 0.027697306871414185
At time: 28.427337646484375 accuracy is 0.978125 and loss is 0.06670072674751282
Evaluating...
Done Evaluating: Achieved accuracy of 0.7398255813953488
Not better for 8
Completing Train Step at 9th epoch...
At time: 29.263052463531494 accuracy is 0.959375 and loss is 0.09221575856208801
At time: 29.45522689819336 accuracy is 0.978125 and loss is 0.04356427490711212
At time: 29.649040460586548 accuracy is 0.9875 and loss is 0.033624541759490964
At time: 29.84758710861206 accuracy is 0.984375 and loss is 0.04075473845005036
At time: 30.047540426254272 accuracy is 0.9875 and loss is 0.03109610974788666
At time: 30.254366874694824 accuracy is 0.9875 and loss is 0.04364012479782105
At time: 30.46526074409485 accuracy is 0.9859375 and loss is 0.03919895887374878
At time: 30.67726159095764 accuracy is 0.9875 and loss is 0.03250622749328613
At time: 30.89809274673462 accuracy is 0.984375 and loss is 0.032728150486946106
At time: 31.123547077178955 accuracy is 0.9875 and loss is 0.033249500393867495
At time: 31.357786655426025 accuracy is 0.996875 and loss is 0.017394575476646423
At time: 31.600202560424805 accuracy is 0.984375 and loss is 0.03716093301773071
Evaluating...
Done Evaluating: Achieved accuracy of 0.7409156976744186
Not better for 9
Completing Train Step at 10th epoch...
At time: 32.420554399490356 accuracy is 0.96875 and loss is 0.11251957416534424
At time: 32.60870099067688 accuracy is 0.9703125 and loss is 0.08106701374053955
At time: 32.80167102813721 accuracy is 0.9875 and loss is 0.0311689555644989
At time: 32.99947500228882 accuracy is 0.9796875 and loss is 0.05824856758117676
At time: 33.20220446586609 accuracy is 0.9875 and loss is 0.03593610823154449
At time: 33.410409927368164 accuracy is 0.990625 and loss is 0.03196057677268982
At time: 33.62758660316467 accuracy is 0.978125 and loss is 0.07384512424468995
At time: 33.84853720664978 accuracy is 0.9890625 and loss is 0.03684728443622589
At time: 34.074997901916504 accuracy is 0.9859375 and loss is 0.02838117480278015
At time: 34.30776929855347 accuracy is 0.9921875 and loss is 0.020175427198410034
At time: 34.54273343086243 accuracy is 0.9859375 and loss is 0.03741310834884644
At time: 34.78979229927063 accuracy is 0.978125 and loss is 0.0580314040184021
Evaluating...
Done Evaluating: Achieved accuracy of 0.7303779069767442
Not better for 10
Model not improving. Stopping earlyat 0.7823401162790697 epochs.
Done Training. Achieved Best Accuracy of 0.7823401162790697
Improved accuracyfrom 0.7663517441860465 to 0.7823401162790697
classifier
SETTINGS FOR THIS RUN
{'batch_size': 32, 'attn_type': None, 'tune_wordvecs': True, 'rnn_dropout': 0.5565521932375275, 'data': 'MPQA', 'num_layers': 1, 'wordvec_source': 'glove', 'wordvec_dim': 300, 'lr': 0.0020925024133315938, 'dropout': 0.24492211097094618, 'l2': 0.5397685982350584}
Using CUDA!
here
None
Building RNN Classifier...

[93m    Warning: no model found for 'en'[0m

    Only loading the 'en' tokenizer.

Retrieving Data from file: /home-nfs/siddsach/ml/Interpreting-Attention/interpreting_language/data/mpqa/mpqa_subj_labels.pickle...
Loading Vectors From Memory...
Using these vectors: ['GloVe']
Getting GloVe Vectors with 300 dims
Building Vocab...
[<torchtext.vocab.Vectors object at 0x7f8b81d5a748>]
Getting Batches...
Created Iterator with 261 batches
Getting Batches...
Created Iterator with 87 batches
Building model...
Using Vanilla RNN with following args:
{'vocab_size': 15284, 'num_classes': 2, 'hidden_size': 300, 'input_size': 300, 'train_word_vecs': True, 'num_layers': 1, 'rnn_dropout': 0.5565521932375275, 'cuda': True, 'vectors': 
 0.0000  0.0000  0.0000  ...   0.0000  0.0000  0.0000
 0.0000  0.0000  0.0000  ...   0.0000  0.0000  0.0000
 0.0000  0.0000  0.0000  ...   0.0000  0.0000  0.0000
          ...             ⋱             ...          
-0.4786 -0.1089 -0.0076  ...   0.7458  0.7174  0.6185
 0.0000  0.0000  0.0000  ...   0.0000  0.0000  0.0000
-0.0479  0.9828  0.9182  ...   0.0424  0.4554 -0.3210
[torch.FloatTensor of size 15284x300]
, 'dropout': 0.24492211097094618, 'batch_size': 32}
Begin Training...
Completing Train Step at 0th epoch...
At time: 0.21878910064697266 accuracy is 0.565625 and loss is 0.7301276683807373
At time: 0.4200778007507324 accuracy is 0.5578125 and loss is 0.7147841453552246
At time: 0.627227783203125 accuracy is 0.7 and loss is 0.6348260879516602
At time: 0.8346445560455322 accuracy is 0.7125 and loss is 0.5958654403686523
At time: 1.0460481643676758 accuracy is 0.7359375 and loss is 0.5604317665100098
At time: 1.2617368698120117 accuracy is 0.746875 and loss is 0.5624155521392822
At time: 1.4799578189849854 accuracy is 0.740625 and loss is 0.5903358936309815
At time: 1.7025189399719238 accuracy is 0.7203125 and loss is 0.5480493545532227
At time: 1.9310493469238281 accuracy is 0.75625 and loss is 0.5450576305389404
At time: 2.1652872562408447 accuracy is 0.7375 and loss is 0.5312376499176026
At time: 2.4248430728912354 accuracy is 0.778125 and loss is 0.46695671081542967
At time: 2.689053535461426 accuracy is 0.753125 and loss is 0.4943233013153076
Evaluating...
Done Evaluating: Achieved accuracy of 0.7910610465116279
Achieved new best!
Completing Train Step at 1th epoch...
At time: 3.5457732677459717 accuracy is 0.7296875 and loss is 0.5865849494934082
At time: 3.7385342121124268 accuracy is 0.8296875 and loss is 0.3980716228485107
At time: 3.9393115043640137 accuracy is 0.79375 and loss is 0.4197832107543945
At time: 4.141644477844238 accuracy is 0.85625 and loss is 0.4389172554016113
At time: 4.347264528274536 accuracy is 0.88125 and loss is 0.312969446182251
At time: 4.558527231216431 accuracy is 0.859375 and loss is 0.346824049949646
At time: 4.773440837860107 accuracy is 0.8734375 and loss is 0.3217011451721191
At time: 4.992151498794556 accuracy is 0.8625 and loss is 0.34502606391906737
At time: 5.215943813323975 accuracy is 0.859375 and loss is 0.3039071083068848
At time: 5.444502592086792 accuracy is 0.9015625 and loss is 0.2707554817199707
At time: 5.683625221252441 accuracy is 0.940625 and loss is 0.18105623722076417
At time: 5.933333396911621 accuracy is 0.8859375 and loss is 0.3083712816238403
Evaluating...
Done Evaluating: Achieved accuracy of 0.7699854651162791
Not better for 1
Completing Train Step at 2th epoch...
At time: 6.776261568069458 accuracy is 0.89375 and loss is 0.28198435306549074
At time: 6.968936920166016 accuracy is 0.9515625 and loss is 0.13081052303314208
At time: 7.167271375656128 accuracy is 0.93125 and loss is 0.16064668893814088
At time: 7.369327783584595 accuracy is 0.8921875 and loss is 0.24343492984771728
At time: 7.570317983627319 accuracy is 0.9234375 and loss is 0.21337506771087647
At time: 7.7760796546936035 accuracy is 0.9328125 and loss is 0.17651551961898804
At time: 7.9874491691589355 accuracy is 0.9390625 and loss is 0.17309635877609253
At time: 8.203879594802856 accuracy is 0.9125 and loss is 0.24083280563354492
At time: 8.42686414718628 accuracy is 0.9484375 and loss is 0.1522089123725891
At time: 8.65294623374939 accuracy is 0.9515625 and loss is 0.14532023668289185
At time: 8.894246101379395 accuracy is 0.9609375 and loss is 0.10567553043365478
At time: 9.144046783447266 accuracy is 0.9359375 and loss is 0.15388232469558716
Evaluating...
Done Evaluating: Achieved accuracy of 0.7638081395348837
Not better for 2
Completing Train Step at 3th epoch...
At time: 9.963197231292725 accuracy is 0.928125 and loss is 0.17824671268463135
At time: 10.156456708908081 accuracy is 0.9546875 and loss is 0.10704874992370605
At time: 10.354036092758179 accuracy is 0.9703125 and loss is 0.09110540747642518
At time: 10.553866386413574 accuracy is 0.9484375 and loss is 0.13197332620620728
At time: 10.757368326187134 accuracy is 0.9515625 and loss is 0.11630722284317016
At time: 10.965577840805054 accuracy is 0.9671875 and loss is 0.09221739768981933
At time: 11.179638147354126 accuracy is 0.95 and loss is 0.12669749259948732
At time: 11.398257970809937 accuracy is 0.9515625 and loss is 0.15325889587402344
At time: 11.622560024261475 accuracy is 0.9546875 and loss is 0.10626006126403809
At time: 11.85234022140503 accuracy is 0.9578125 and loss is 0.10562127828598022
At time: 12.09177827835083 accuracy is 0.9859375 and loss is 0.07152233719825744
At time: 12.338063716888428 accuracy is 0.9609375 and loss is 0.11494625806808471
Evaluating...
Done Evaluating: Achieved accuracy of 0.71875
Not better for 3
Completing Train Step at 4th epoch...
At time: 13.168872117996216 accuracy is 0.8703125 and loss is 0.35659539699554443
At time: 13.357450485229492 accuracy is 0.946875 and loss is 0.13169363737106324
At time: 13.552589178085327 accuracy is 0.965625 and loss is 0.08603634238243103
At time: 13.752672910690308 accuracy is 0.965625 and loss is 0.08876354694366455
At time: 13.95716905593872 accuracy is 0.959375 and loss is 0.10331424474716186
At time: 14.1662757396698 accuracy is 0.9609375 and loss is 0.09267115592956543
At time: 14.380923748016357 accuracy is 0.9515625 and loss is 0.11858035326004028
At time: 14.601340532302856 accuracy is 0.959375 and loss is 0.09358776211738587
At time: 14.827879428863525 accuracy is 0.9734375 and loss is 0.0720737874507904
At time: 15.057193994522095 accuracy is 0.978125 and loss is 0.06762208342552185
At time: 15.29248833656311 accuracy is 0.9875 and loss is 0.042643144726753235
At time: 15.539125680923462 accuracy is 0.9640625 and loss is 0.08444203734397888
Evaluating...
Done Evaluating: Achieved accuracy of 0.7409156976744186
Not better for 4
Completing Train Step at 5th epoch...
At time: 16.389987230300903 accuracy is 0.934375 and loss is 0.17047706842422486
At time: 16.592861652374268 accuracy is 0.9703125 and loss is 0.08229104876518249
At time: 16.80301523208618 accuracy is 0.9546875 and loss is 0.10605819225311279
At time: 17.008527755737305 accuracy is 0.953125 and loss is 0.11223342418670654
At time: 17.208717107772827 accuracy is 0.96875 and loss is 0.07408676147460938
At time: 17.41648507118225 accuracy is 0.9671875 and loss is 0.08576835989952088
At time: 17.62816882133484 accuracy is 0.9734375 and loss is 0.07332351207733154
At time: 17.847859382629395 accuracy is 0.96875 and loss is 0.08997074961662292
At time: 18.07451105117798 accuracy is 0.9765625 and loss is 0.06679964661598206
At time: 18.315957069396973 accuracy is 0.978125 and loss is 0.06408147811889649
At time: 18.568584203720093 accuracy is 0.9796875 and loss is 0.060832053422927856
At time: 18.827589750289917 accuracy is 0.9703125 and loss is 0.08288940787315369
Evaluating...
Done Evaluating: Achieved accuracy of 0.7380087209302325
Not better for 5
Completing Train Step at 6th epoch...
At time: 19.662464380264282 accuracy is 0.934375 and loss is 0.14931898117065429
At time: 19.851226091384888 accuracy is 0.959375 and loss is 0.09312359690666198
At time: 20.04482412338257 accuracy is 0.9640625 and loss is 0.08937222957611084
At time: 20.244137287139893 accuracy is 0.9609375 and loss is 0.10316849946975708
At time: 20.451367378234863 accuracy is 0.984375 and loss is 0.048481881618499756
At time: 20.661566019058228 accuracy is 0.96875 and loss is 0.07884340286254883
At time: 20.875818729400635 accuracy is 0.9671875 and loss is 0.07369192242622376
At time: 21.09556746482849 accuracy is 0.9703125 and loss is 0.0883893370628357
At time: 21.31929659843445 accuracy is 0.9828125 and loss is 0.053529387712478636
At time: 21.550383806228638 accuracy is 0.9625 and loss is 0.07933228611946105
At time: 21.788710594177246 accuracy is 0.9796875 and loss is 0.06018876433372498
At time: 22.037556171417236 accuracy is 0.96875 and loss is 0.08657515645027161
Evaluating...
Done Evaluating: Achieved accuracy of 0.7285610465116279
Not better for 6
Completing Train Step at 7th epoch...
At time: 22.873079299926758 accuracy is 0.946875 and loss is 0.1314011812210083
At time: 23.064638137817383 accuracy is 0.9609375 and loss is 0.10619571208953857
At time: 23.26094675064087 accuracy is 0.9671875 and loss is 0.08322876095771789
At time: 23.4600510597229 accuracy is 0.975 and loss is 0.06526718139648438
At time: 23.661696672439575 accuracy is 0.9734375 and loss is 0.08191267251968384
At time: 23.873795986175537 accuracy is 0.9765625 and loss is 0.07536863088607788
At time: 24.092052459716797 accuracy is 0.9765625 and loss is 0.06228727102279663
At time: 24.314358711242676 accuracy is 0.975 and loss is 0.058905678987503055
At time: 24.543505430221558 accuracy is 0.96875 and loss is 0.07878177165985108
At time: 24.78006649017334 accuracy is 0.984375 and loss is 0.050799894332885745
At time: 25.021326541900635 accuracy is 0.975 and loss is 0.07118800878524781
At time: 25.268450498580933 accuracy is 0.971875 and loss is 0.06040239334106445
Evaluating...
Done Evaluating: Achieved accuracy of 0.737281976744186
Not better for 7
Completing Train Step at 8th epoch...
At time: 26.149455785751343 accuracy is 0.9546875 and loss is 0.12310903072357178
At time: 26.362948417663574 accuracy is 0.965625 and loss is 0.08671345710754394
At time: 26.568450450897217 accuracy is 0.9734375 and loss is 0.07780823111534119
At time: 26.778512239456177 accuracy is 0.9625 and loss is 0.086763995885849
At time: 26.988403797149658 accuracy is 0.971875 and loss is 0.06849021315574647
At time: 27.197231769561768 accuracy is 0.9796875 and loss is 0.05352050065994263
At time: 27.411569356918335 accuracy is 0.9796875 and loss is 0.06561040878295898
At time: 27.629159688949585 accuracy is 0.9734375 and loss is 0.07060974240303039
At time: 27.85399580001831 accuracy is 0.9765625 and loss is 0.05537882447242737
At time: 28.093286991119385 accuracy is 0.96875 and loss is 0.07461044788360596
At time: 28.342012882232666 accuracy is 0.9796875 and loss is 0.05248947143554687
At time: 28.600454330444336 accuracy is 0.9765625 and loss is 0.04080455303192139
Evaluating...
Done Evaluating: Achieved accuracy of 0.7438226744186046
Not better for 8
Completing Train Step at 9th epoch...
At time: 29.519484043121338 accuracy is 0.9703125 and loss is 0.08994863033294678
At time: 29.708807229995728 accuracy is 0.9734375 and loss is 0.06607604622840882
At time: 29.903681993484497 accuracy is 0.971875 and loss is 0.06554652452468872
At time: 30.09887981414795 accuracy is 0.9703125 and loss is 0.07673349976539612
At time: 30.29898500442505 accuracy is 0.9671875 and loss is 0.06094730496406555
At time: 30.505255937576294 accuracy is 0.9765625 and loss is 0.0631726086139679
At time: 30.71837091445923 accuracy is 0.975 and loss is 0.07589991688728333
At time: 30.936526775360107 accuracy is 0.978125 and loss is 0.07163643836975098
At time: 31.16118884086609 accuracy is 0.9796875 and loss is 0.05268239974975586
At time: 31.389479875564575 accuracy is 0.9734375 and loss is 0.06437439918518066
At time: 31.62483835220337 accuracy is 0.984375 and loss is 0.03858286440372467
At time: 31.870610237121582 accuracy is 0.978125 and loss is 0.07086591720581055
Evaluating...
Done Evaluating: Achieved accuracy of 0.7452761627906976
Not better for 9
Completing Train Step at 10th epoch...
At time: 32.715604066848755 accuracy is 0.9703125 and loss is 0.074248206615448
At time: 32.90907859802246 accuracy is 0.971875 and loss is 0.07227997779846192
At time: 33.10460424423218 accuracy is 0.9859375 and loss is 0.04373228251934051
At time: 33.3046338558197 accuracy is 0.984375 and loss is 0.04227141737937927
At time: 33.50860929489136 accuracy is 0.971875 and loss is 0.0791132092475891
At time: 33.71933197975159 accuracy is 0.98125 and loss is 0.04649652242660522
At time: 33.93359684944153 accuracy is 0.9765625 and loss is 0.05731673240661621
At time: 34.15268063545227 accuracy is 0.975 and loss is 0.08011679649353028
At time: 34.37583565711975 accuracy is 0.9859375 and loss is 0.03572718501091003
At time: 34.604018688201904 accuracy is 0.9890625 and loss is 0.030396342277526855
At time: 34.83991265296936 accuracy is 0.9859375 and loss is 0.035925111174583434
At time: 35.08318018913269 accuracy is 0.9828125 and loss is 0.04327266812324524
Evaluating...
Done Evaluating: Achieved accuracy of 0.7256540697674418
Not better for 10
Model not improving. Stopping earlyat 0.7910610465116279 epochs.
Done Training. Achieved Best Accuracy of 0.7910610465116279
Improved accuracyfrom 0.7823401162790697 to 0.7910610465116279
classifier
SETTINGS FOR THIS RUN
{'batch_size': 32, 'attn_type': None, 'tune_wordvecs': True, 'rnn_dropout': 0.15747952697192769, 'data': 'MPQA', 'num_layers': 1, 'wordvec_source': 'glove', 'wordvec_dim': 300, 'lr': 0.0038211252687553724, 'dropout': 0.8134306088386225, 'l2': 0.5932280714934631}
Using CUDA!
here
None
Building RNN Classifier...

[93m    Warning: no model found for 'en'[0m

    Only loading the 'en' tokenizer.

Retrieving Data from file: /home-nfs/siddsach/ml/Interpreting-Attention/interpreting_language/data/mpqa/mpqa_subj_labels.pickle...
Loading Vectors From Memory...
Using these vectors: ['GloVe']
Getting GloVe Vectors with 300 dims
Building Vocab...
[<torchtext.vocab.Vectors object at 0x7f8b461d7a58>]
Getting Batches...
Created Iterator with 261 batches
Getting Batches...
Created Iterator with 87 batches
Building model...
Using Vanilla RNN with following args:
{'vocab_size': 15284, 'num_classes': 2, 'hidden_size': 300, 'input_size': 300, 'train_word_vecs': True, 'num_layers': 1, 'rnn_dropout': 0.15747952697192769, 'cuda': True, 'vectors': 
 0.0000  0.0000  0.0000  ...   0.0000  0.0000  0.0000
 0.0000  0.0000  0.0000  ...   0.0000  0.0000  0.0000
 0.0000  0.0000  0.0000  ...   0.0000  0.0000  0.0000
          ...             ⋱             ...          
-0.4786 -0.1089 -0.0076  ...   0.7458  0.7174  0.6185
 0.0000  0.0000  0.0000  ...   0.0000  0.0000  0.0000
-0.0479  0.9828  0.9182  ...   0.0424  0.4554 -0.3210
[torch.FloatTensor of size 15284x300]
, 'dropout': 0.8134306088386225, 'batch_size': 32}
Begin Training...
Completing Train Step at 0th epoch...
At time: 0.23755860328674316 accuracy is 0.59375 and loss is 0.7393830299377442
At time: 0.4382753372192383 accuracy is 0.5578125 and loss is 0.7276212692260742
At time: 0.6405727863311768 accuracy is 0.6109375 and loss is 0.6995291709899902
At time: 0.8467469215393066 accuracy is 0.6546875 and loss is 0.631617259979248
At time: 1.055950403213501 accuracy is 0.596875 and loss is 0.6834478378295898
At time: 1.270918846130371 accuracy is 0.709375 and loss is 0.71200532913208
At time: 1.4920930862426758 accuracy is 0.578125 and loss is 0.6860206604003907
At time: 1.7167129516601562 accuracy is 0.7046875 and loss is 0.5999815940856934
At time: 1.9462854862213135 accuracy is 0.646875 and loss is 0.6472076892852783
At time: 2.181757926940918 accuracy is 0.725 and loss is 0.6128070831298829
At time: 2.4252145290374756 accuracy is 0.75 and loss is 0.5474979877471924
At time: 2.678297758102417 accuracy is 0.721875 and loss is 0.6110056877136231
Evaluating...
Done Evaluating: Achieved accuracy of 0.6667877906976745
Achieved new best!
Completing Train Step at 1th epoch...
At time: 3.516631603240967 accuracy is 0.6453125 and loss is 0.7261333465576172
At time: 3.708315134048462 accuracy is 0.753125 and loss is 0.5313047885894775
At time: 3.905064344406128 accuracy is 0.765625 and loss is 0.4967161178588867
At time: 4.108249664306641 accuracy is 0.76875 and loss is 0.5021944046020508
At time: 4.3147313594818115 accuracy is 0.8 and loss is 0.4542893409729004
At time: 4.523582458496094 accuracy is 0.8109375 and loss is 0.44420294761657714
At time: 4.739007949829102 accuracy is 0.7984375 and loss is 0.4557051181793213
At time: 4.961119890213013 accuracy is 0.8046875 and loss is 0.4527420520782471
At time: 5.18703818321228 accuracy is 0.7890625 and loss is 0.4894740581512451
At time: 5.417782783508301 accuracy is 0.784375 and loss is 0.4774134635925293
At time: 5.655519962310791 accuracy is 0.7734375 and loss is 0.4805757522583008
At time: 5.903407335281372 accuracy is 0.7828125 and loss is 0.4581343173980713
Evaluating...
Done Evaluating: Achieved accuracy of 0.7274709302325582
Achieved new best!
Completing Train Step at 2th epoch...
At time: 6.747807264328003 accuracy is 0.7078125 and loss is 0.6116814136505127
At time: 6.951676845550537 accuracy is 0.90625 and loss is 0.27890160083770754
At time: 7.159436941146851 accuracy is 0.90625 and loss is 0.2256011486053467
At time: 7.3675525188446045 accuracy is 0.8734375 and loss is 0.31516461372375487
At time: 7.574856519699097 accuracy is 0.9140625 and loss is 0.21782424449920654
At time: 7.787107467651367 accuracy is 0.9328125 and loss is 0.20140514373779297
At time: 8.005341053009033 accuracy is 0.915625 and loss is 0.21683874130249023
At time: 8.227899312973022 accuracy is 0.8921875 and loss is 0.29972808361053466
At time: 8.454236268997192 accuracy is 0.884375 and loss is 0.3159636974334717
At time: 8.686232805252075 accuracy is 0.853125 and loss is 0.3587103128433228
At time: 8.925353765487671 accuracy is 0.8765625 and loss is 0.29724576473236086
At time: 9.172706365585327 accuracy is 0.871875 and loss is 0.3162236213684082
Evaluating...
Done Evaluating: Achieved accuracy of 0.7122093023255814
Not better for 1
Completing Train Step at 3th epoch...
At time: 10.02324652671814 accuracy is 0.7265625 and loss is 0.6314584732055664
At time: 10.21718168258667 accuracy is 0.9359375 and loss is 0.19186819791793824
At time: 10.411649703979492 accuracy is 0.9515625 and loss is 0.15100624561309814
At time: 10.614029169082642 accuracy is 0.940625 and loss is 0.1690865159034729
At time: 10.817451000213623 accuracy is 0.921875 and loss is 0.20661158561706544
At time: 11.02652907371521 accuracy is 0.928125 and loss is 0.17713178396224977
At time: 11.242668390274048 accuracy is 0.9421875 and loss is 0.16976380348205566
At time: 11.4634428024292 accuracy is 0.9171875 and loss is 0.23647820949554443
At time: 11.690060138702393 accuracy is 0.89375 and loss is 0.2839157819747925
At time: 11.923400163650513 accuracy is 0.9125 and loss is 0.24488213062286376
At time: 12.162383794784546 accuracy is 0.9265625 and loss is 0.20161652565002441
At time: 12.409134864807129 accuracy is 0.928125 and loss is 0.20337722301483155
Evaluating...
Done Evaluating: Achieved accuracy of 0.7518168604651163
Achieved new best!
Completing Train Step at 4th epoch...
At time: 13.243131160736084 accuracy is 0.8265625 and loss is 0.38862195014953616
At time: 13.433263063430786 accuracy is 0.9390625 and loss is 0.17134183645248413
At time: 13.628750562667847 accuracy is 0.9359375 and loss is 0.16787362098693848
At time: 13.82759714126587 accuracy is 0.940625 and loss is 0.1458826780319214
At time: 14.030742406845093 accuracy is 0.934375 and loss is 0.16749695539474488
At time: 14.239956378936768 accuracy is 0.9546875 and loss is 0.11081675291061402
At time: 14.454388856887817 accuracy is 0.9359375 and loss is 0.16770004034042357
At time: 14.675716161727905 accuracy is 0.915625 and loss is 0.2145792007446289
At time: 14.904895782470703 accuracy is 0.8984375 and loss is 0.24439625740051268
At time: 15.150989532470703 accuracy is 0.9328125 and loss is 0.18908307552337647
At time: 15.398918151855469 accuracy is 0.9328125 and loss is 0.17316677570343017
At time: 15.656966209411621 accuracy is 0.925 and loss is 0.1739239811897278
Evaluating...
Done Evaluating: Achieved accuracy of 0.7481831395348837
Not better for 1
Completing Train Step at 5th epoch...
At time: 16.50886344909668 accuracy is 0.846875 and loss is 0.3813054323196411
At time: 16.70056676864624 accuracy is 0.925 and loss is 0.19297246932983397
At time: 16.897579193115234 accuracy is 0.9609375 and loss is 0.10908797979354859
At time: 17.098135232925415 accuracy is 0.9625 and loss is 0.1163478970527649
At time: 17.301888942718506 accuracy is 0.940625 and loss is 0.14557125568389892
At time: 17.511226654052734 accuracy is 0.95 and loss is 0.14301137924194335
At time: 17.7264404296875 accuracy is 0.9390625 and loss is 0.18173062801361084
At time: 17.947925567626953 accuracy is 0.928125 and loss is 0.2213503122329712
At time: 18.175585746765137 accuracy is 0.9171875 and loss is 0.2578511476516724
At time: 18.407225131988525 accuracy is 0.940625 and loss is 0.1717222213745117
At time: 18.64667510986328 accuracy is 0.925 and loss is 0.16453248262405396
At time: 18.89329218864441 accuracy is 0.9359375 and loss is 0.18905131816864013
Evaluating...
Done Evaluating: Achieved accuracy of 0.7412790697674418
Not better for 2
Completing Train Step at 6th epoch...
At time: 19.73045563697815 accuracy is 0.8828125 and loss is 0.2910167694091797
At time: 19.919428825378418 accuracy is 0.9390625 and loss is 0.14382357597351075
At time: 20.11499834060669 accuracy is 0.959375 and loss is 0.10278774499893188
At time: 20.313896656036377 accuracy is 0.9703125 and loss is 0.0906952977180481
At time: 20.518538236618042 accuracy is 0.971875 and loss is 0.07479581832885743
At time: 20.727290153503418 accuracy is 0.959375 and loss is 0.08856278657913208
At time: 20.942189693450928 accuracy is 0.9390625 and loss is 0.19109183549880981
At time: 21.160895824432373 accuracy is 0.9390625 and loss is 0.1547412395477295
At time: 21.384902238845825 accuracy is 0.91875 and loss is 0.22517478466033936
At time: 21.612635135650635 accuracy is 0.921875 and loss is 0.180786657333374
At time: 21.848179817199707 accuracy is 0.9265625 and loss is 0.18050668239593506
At time: 22.093337297439575 accuracy is 0.9078125 and loss is 0.24344239234924317
Evaluating...
Done Evaluating: Achieved accuracy of 0.731468023255814
Not better for 3
Completing Train Step at 7th epoch...
At time: 22.905709743499756 accuracy is 0.8921875 and loss is 0.27907137870788573
At time: 23.09276056289673 accuracy is 0.9328125 and loss is 0.17894207239151
At time: 23.286421060562134 accuracy is 0.9578125 and loss is 0.11200271844863892
At time: 23.48653793334961 accuracy is 0.9578125 and loss is 0.11191327571868896
At time: 23.691316843032837 accuracy is 0.9546875 and loss is 0.10189101696014405
At time: 23.900675058364868 accuracy is 0.96875 and loss is 0.08367838859558105
At time: 24.11660599708557 accuracy is 0.965625 and loss is 0.10657798051834107
At time: 24.336952209472656 accuracy is 0.94375 and loss is 0.14928916692733765
At time: 24.562328815460205 accuracy is 0.91875 and loss is 0.19046441316604615
At time: 24.792725801467896 accuracy is 0.94375 and loss is 0.1532704472541809
At time: 25.030872106552124 accuracy is 0.9234375 and loss is 0.19564837217330933
At time: 25.27792453765869 accuracy is 0.93125 and loss is 0.1663213849067688
Evaluating...
Done Evaluating: Achieved accuracy of 0.737281976744186
Not better for 4
Completing Train Step at 8th epoch...
At time: 26.121472358703613 accuracy is 0.909375 and loss is 0.251656699180603
At time: 26.310643672943115 accuracy is 0.95 and loss is 0.144552481174469
At time: 26.504666328430176 accuracy is 0.9578125 and loss is 0.11184287071228027
At time: 26.703276872634888 accuracy is 0.9671875 and loss is 0.09963052868843078
At time: 26.90492844581604 accuracy is 0.96875 and loss is 0.08901679515838623
At time: 27.110636472702026 accuracy is 0.975 and loss is 0.060451012849807736
At time: 27.32285237312317 accuracy is 0.9578125 and loss is 0.12823442220687867
At time: 27.5395028591156 accuracy is 0.9484375 and loss is 0.19228198528289794
At time: 27.761913299560547 accuracy is 0.9125 and loss is 0.24240562915802003
At time: 27.99020528793335 accuracy is 0.946875 and loss is 0.15948022603988649
At time: 28.225314378738403 accuracy is 0.940625 and loss is 0.14556190967559815
At time: 28.47078251838684 accuracy is 0.959375 and loss is 0.12989779710769653
Evaluating...
Done Evaluating: Achieved accuracy of 0.7438226744186046
Not better for 5
Completing Train Step at 9th epoch...
At time: 29.31592631340027 accuracy is 0.9171875 and loss is 0.23194808959960939
At time: 29.507281064987183 accuracy is 0.9546875 and loss is 0.12473952770233154
At time: 29.703178644180298 accuracy is 0.9671875 and loss is 0.10517866611480713
At time: 29.904887199401855 accuracy is 0.9609375 and loss is 0.09827740788459778
At time: 30.109298944473267 accuracy is 0.95 and loss is 0.12487797737121582
At time: 30.318470001220703 accuracy is 0.9765625 and loss is 0.06100584864616394
At time: 30.536972045898438 accuracy is 0.953125 and loss is 0.1260398268699646
At time: 30.761380672454834 accuracy is 0.9515625 and loss is 0.13182342052459717
At time: 30.99106216430664 accuracy is 0.928125 and loss is 0.18470547199249268
At time: 31.22796368598938 accuracy is 0.9375 and loss is 0.15742636919021608
At time: 31.469711303710938 accuracy is 0.94375 and loss is 0.1674619197845459
At time: 31.721250295639038 accuracy is 0.9359375 and loss is 0.14523780345916748
Evaluating...
Done Evaluating: Achieved accuracy of 0.7321947674418605
Not better for 6
Completing Train Step at 10th epoch...
At time: 32.583842277526855 accuracy is 0.9046875 and loss is 0.23053948879241942
At time: 32.79265832901001 accuracy is 0.9390625 and loss is 0.14838149547576904
At time: 32.991973876953125 accuracy is 0.9640625 and loss is 0.10039910078048705
At time: 33.19661474227905 accuracy is 0.965625 and loss is 0.09671555757522583
At time: 33.40184187889099 accuracy is 0.9546875 and loss is 0.12164053916931153
At time: 33.61170291900635 accuracy is 0.975 and loss is 0.07235810160636902
At time: 33.82723093032837 accuracy is 0.9609375 and loss is 0.10174388885498047
At time: 34.04625964164734 accuracy is 0.95 and loss is 0.11688832044601441
At time: 34.27244544029236 accuracy is 0.9375 and loss is 0.2102562427520752
At time: 34.50244975090027 accuracy is 0.95625 and loss is 0.1172637939453125
At time: 34.74255990982056 accuracy is 0.9515625 and loss is 0.14093705415725707
At time: 34.99404430389404 accuracy is 0.95625 and loss is 0.12268126010894775
Evaluating...
Done Evaluating: Achieved accuracy of 0.7231104651162791
Not better for 7
Completing Train Step at 11th epoch...
At time: 35.84498882293701 accuracy is 0.9203125 and loss is 0.18309564590454103
At time: 36.03536581993103 accuracy is 0.9453125 and loss is 0.1422374129295349
At time: 36.232423067092896 accuracy is 0.953125 and loss is 0.13024404048919677
At time: 36.43438792228699 accuracy is 0.95625 and loss is 0.10620211362838745
At time: 36.6399621963501 accuracy is 0.9375 and loss is 0.1291214942932129
At time: 36.850610971450806 accuracy is 0.9578125 and loss is 0.09642917513847352
At time: 37.065537214279175 accuracy is 0.9453125 and loss is 0.1488997220993042
At time: 37.28472542762756 accuracy is 0.953125 and loss is 0.1287253737449646
At time: 37.50758767127991 accuracy is 0.9328125 and loss is 0.19480059146881104
At time: 37.7342426776886 accuracy is 0.9546875 and loss is 0.09660493731498718
At time: 37.96898078918457 accuracy is 0.9546875 and loss is 0.12038125991821289
At time: 38.214887857437134 accuracy is 0.959375 and loss is 0.11820729970932006
Evaluating...
Done Evaluating: Achieved accuracy of 0.7271075581395349
Not better for 8
Completing Train Step at 12th epoch...
At time: 39.032668590545654 accuracy is 0.921875 and loss is 0.20091164112091064
At time: 39.221810817718506 accuracy is 0.95625 and loss is 0.11968263387680053
At time: 39.41487216949463 accuracy is 0.9640625 and loss is 0.11392009258270264
At time: 39.61243438720703 accuracy is 0.96875 and loss is 0.09494549036026001
At time: 39.813910484313965 accuracy is 0.95625 and loss is 0.10820001363754272
At time: 40.02159023284912 accuracy is 0.9625 and loss is 0.11686146259307861
At time: 40.23286032676697 accuracy is 0.946875 and loss is 0.13980393409729003
At time: 40.45023798942566 accuracy is 0.946875 and loss is 0.14155380725860595
At time: 40.67324447631836 accuracy is 0.934375 and loss is 0.18390974998474122
At time: 40.89920997619629 accuracy is 0.95 and loss is 0.11005876064300538
At time: 41.13281035423279 accuracy is 0.9375 and loss is 0.15158910751342775
At time: 41.37549710273743 accuracy is 0.953125 and loss is 0.11176236867904663
Evaluating...
Done Evaluating: Achieved accuracy of 0.7267441860465116
Not better for 9
Completing Train Step at 13th epoch...
At time: 42.20212721824646 accuracy is 0.9328125 and loss is 0.17409201860427856
At time: 42.39183831214905 accuracy is 0.959375 and loss is 0.11904076337814332
At time: 42.58661603927612 accuracy is 0.9734375 and loss is 0.08448786139488221
At time: 42.785563230514526 accuracy is 0.953125 and loss is 0.10878113508224488
At time: 42.98699402809143 accuracy is 0.9515625 and loss is 0.12677507400512694
At time: 43.19464182853699 accuracy is 0.9703125 and loss is 0.07728352546691894
At time: 43.409669160842896 accuracy is 0.9515625 and loss is 0.12798209190368653
At time: 43.62990403175354 accuracy is 0.9515625 and loss is 0.13972605466842652
At time: 43.85584783554077 accuracy is 0.9328125 and loss is 0.20272982120513916
At time: 44.085707664489746 accuracy is 0.9640625 and loss is 0.10943636894226075
At time: 44.32176971435547 accuracy is 0.9546875 and loss is 0.132151997089386
At time: 44.565179109573364 accuracy is 0.95 and loss is 0.1328433632850647
Evaluating...
Done Evaluating: Achieved accuracy of 0.7405523255813954
Not better for 10
Model not improving. Stopping earlyat 0.7518168604651163 epochs.
Done Training. Achieved Best Accuracy of 0.7518168604651163
classifier
SETTINGS FOR THIS RUN
{'batch_size': 32, 'attn_type': None, 'tune_wordvecs': True, 'rnn_dropout': 0.9304069154566547, 'data': 'MPQA', 'num_layers': 1, 'wordvec_source': 'glove', 'wordvec_dim': 300, 'lr': 0.003587624880971884, 'dropout': 0.9799215472432079, 'l2': 0.9165655887925386}
Using CUDA!
here
None
Building RNN Classifier...

[93m    Warning: no model found for 'en'[0m

    Only loading the 'en' tokenizer.

Retrieving Data from file: /home-nfs/siddsach/ml/Interpreting-Attention/interpreting_language/data/mpqa/mpqa_subj_labels.pickle...
Loading Vectors From Memory...
Using these vectors: ['GloVe']
Getting GloVe Vectors with 300 dims
Building Vocab...
[<torchtext.vocab.Vectors object at 0x7f8b449ab0b8>]
Getting Batches...
Created Iterator with 261 batches
Getting Batches...
Created Iterator with 87 batches
Building model...
Using Vanilla RNN with following args:
{'vocab_size': 15284, 'num_classes': 2, 'hidden_size': 300, 'input_size': 300, 'train_word_vecs': True, 'num_layers': 1, 'rnn_dropout': 0.9304069154566547, 'cuda': True, 'vectors': 
 0.0000  0.0000  0.0000  ...   0.0000  0.0000  0.0000
 0.0000  0.0000  0.0000  ...   0.0000  0.0000  0.0000
 0.0000  0.0000  0.0000  ...   0.0000  0.0000  0.0000
          ...             ⋱             ...          
-0.4786 -0.1089 -0.0076  ...   0.7458  0.7174  0.6185
 0.0000  0.0000  0.0000  ...   0.0000  0.0000  0.0000
-0.0479  0.9828  0.9182  ...   0.0424  0.4554 -0.3210
[torch.FloatTensor of size 15284x300]
, 'dropout': 0.9799215472432079, 'batch_size': 32}
Begin Training...
Completing Train Step at 0th epoch...
At time: 0.22466278076171875 accuracy is 0.521875 and loss is 0.8703150749206543
At time: 0.4235208034515381 accuracy is 0.5265625 and loss is 0.8547871589660645
At time: 0.6264240741729736 accuracy is 0.5328125 and loss is 0.8120942115783691
At time: 0.832474946975708 accuracy is 0.4890625 and loss is 0.822545337677002
At time: 1.0405681133270264 accuracy is 0.45 and loss is 0.8567445755004883
At time: 1.2519609928131104 accuracy is 0.521875 and loss is 0.7585617542266846
At time: 1.468472957611084 accuracy is 0.5125 and loss is 0.7789805889129638
At time: 1.6901061534881592 accuracy is 0.4984375 and loss is 0.7990312099456787
At time: 1.9179050922393799 accuracy is 0.5421875 and loss is 0.7718237400054931
At time: 2.1513028144836426 accuracy is 0.5234375 and loss is 0.745497465133667
At time: 2.3922390937805176 accuracy is 0.546875 and loss is 0.7678190231323242
At time: 2.6433680057525635 accuracy is 0.578125 and loss is 0.7478520393371582
Evaluating...
Done Evaluating: Achieved accuracy of 0.5672238372093024
Achieved new best!
Completing Train Step at 1th epoch...
At time: 3.474658489227295 accuracy is 0.434375 and loss is 0.80294189453125
At time: 3.6576085090637207 accuracy is 0.553125 and loss is 0.6858391761779785
At time: 3.850541591644287 accuracy is 0.5875 and loss is 0.6647344112396241
At time: 4.049099445343018 accuracy is 0.715625 and loss is 0.6081358432769776
At time: 4.250250816345215 accuracy is 0.71875 and loss is 0.5777337551116943
At time: 4.4567039012908936 accuracy is 0.746875 and loss is 0.5538270950317383
At time: 4.666313886642456 accuracy is 0.7140625 and loss is 0.580938720703125
At time: 4.884645938873291 accuracy is 0.7421875 and loss is 0.5608480453491211
At time: 5.115126132965088 accuracy is 0.75625 and loss is 0.5667119026184082
At time: 5.3496458530426025 accuracy is 0.7515625 and loss is 0.5195693492889404
At time: 5.591814994812012 accuracy is 0.7328125 and loss is 0.5655492782592774
At time: 5.845638275146484 accuracy is 0.7171875 and loss is 0.5876243114471436
Evaluating...
Done Evaluating: Achieved accuracy of 0.7398255813953488
Achieved new best!
Completing Train Step at 2th epoch...
At time: 6.709959506988525 accuracy is 0.709375 and loss is 0.6607705116271972
At time: 6.907485723495483 accuracy is 0.8515625 and loss is 0.3310537338256836
At time: 7.109371900558472 accuracy is 0.8921875 and loss is 0.2667533874511719
At time: 7.312378168106079 accuracy is 0.8640625 and loss is 0.3347631454467773
At time: 7.518224716186523 accuracy is 0.8640625 and loss is 0.3123318672180176
At time: 7.728387355804443 accuracy is 0.875 and loss is 0.34124531745910647
At time: 7.94206976890564 accuracy is 0.8265625 and loss is 0.4094074726104736
At time: 8.158429145812988 accuracy is 0.8234375 and loss is 0.41688361167907717
At time: 8.385680437088013 accuracy is 0.825 and loss is 0.4318387031555176
At time: 8.612645864486694 accuracy is 0.8234375 and loss is 0.40878753662109374
At time: 8.850896120071411 accuracy is 0.821875 and loss is 0.4116043567657471
At time: 9.096328735351562 accuracy is 0.7984375 and loss is 0.4447237491607666
Evaluating...
Done Evaluating: Achieved accuracy of 0.6907703488372093
Not better for 1
Completing Train Step at 3th epoch...
At time: 9.930635690689087 accuracy is 0.653125 and loss is 0.8654793739318848
At time: 10.12456727027893 accuracy is 0.9046875 and loss is 0.27163741588592527
At time: 10.32097601890564 accuracy is 0.9109375 and loss is 0.20265042781829834
At time: 10.517937183380127 accuracy is 0.921875 and loss is 0.23357324600219725
At time: 10.719900131225586 accuracy is 0.884375 and loss is 0.2728122711181641
At time: 10.929241180419922 accuracy is 0.89375 and loss is 0.32223095893859866
At time: 11.141881704330444 accuracy is 0.8546875 and loss is 0.3804636001586914
At time: 11.35891056060791 accuracy is 0.8546875 and loss is 0.3737442970275879
At time: 11.580164670944214 accuracy is 0.8609375 and loss is 0.3688750028610229
At time: 11.806620121002197 accuracy is 0.8984375 and loss is 0.3057105302810669
At time: 12.044442892074585 accuracy is 0.859375 and loss is 0.3386646032333374
At time: 12.2909574508667 accuracy is 0.859375 and loss is 0.38374853134155273
Evaluating...
Done Evaluating: Achieved accuracy of 0.6696947674418605
Not better for 2
Completing Train Step at 4th epoch...
At time: 13.130929708480835 accuracy is 0.6421875 and loss is 0.9892577171325684
At time: 13.324682474136353 accuracy is 0.9234375 and loss is 0.1981768488883972
At time: 13.521181583404541 accuracy is 0.9578125 and loss is 0.1173972249031067
At time: 13.722509384155273 accuracy is 0.9453125 and loss is 0.1730525016784668
At time: 13.925931930541992 accuracy is 0.9109375 and loss is 0.2141796827316284
At time: 14.13378095626831 accuracy is 0.9125 and loss is 0.2593465566635132
At time: 14.347357273101807 accuracy is 0.875 and loss is 0.31908819675445554
At time: 14.565730333328247 accuracy is 0.871875 and loss is 0.3374182224273682
At time: 14.788611888885498 accuracy is 0.8625 and loss is 0.33853280544281006
At time: 15.017383575439453 accuracy is 0.890625 and loss is 0.28896021842956543
At time: 15.254319906234741 accuracy is 0.878125 and loss is 0.3191951036453247
At time: 15.50122594833374 accuracy is 0.8828125 and loss is 0.32564692497253417
Evaluating...
Done Evaluating: Achieved accuracy of 0.7180232558139535
Not better for 3
Completing Train Step at 5th epoch...
At time: 16.326589584350586 accuracy is 0.7375 and loss is 0.5924758434295654
At time: 16.51309871673584 accuracy is 0.925 and loss is 0.20360422134399414
At time: 16.706681728363037 accuracy is 0.9515625 and loss is 0.11827651262283326
At time: 16.90443253517151 accuracy is 0.946875 and loss is 0.15085517168045043
At time: 17.106794357299805 accuracy is 0.91875 and loss is 0.21556766033172609
At time: 17.315458059310913 accuracy is 0.921875 and loss is 0.21969306468963623
At time: 17.527877807617188 accuracy is 0.89375 and loss is 0.29427175521850585
At time: 17.74556851387024 accuracy is 0.896875 and loss is 0.2879859209060669
At time: 17.969361782073975 accuracy is 0.8890625 and loss is 0.31359171867370605
At time: 18.199260473251343 accuracy is 0.8609375 and loss is 0.3313948392868042
At time: 18.435842514038086 accuracy is 0.88125 and loss is 0.2922639846801758
At time: 18.683135986328125 accuracy is 0.871875 and loss is 0.32818827629089353
Evaluating...
Done Evaluating: Achieved accuracy of 0.7383720930232558
Not better for 4
Completing Train Step at 6th epoch...
At time: 19.524940967559814 accuracy is 0.8265625 and loss is 0.39202492237091063
At time: 19.71811819076538 accuracy is 0.925 and loss is 0.1982182025909424
At time: 19.919448614120483 accuracy is 0.9578125 and loss is 0.1300755262374878
At time: 20.126381874084473 accuracy is 0.959375 and loss is 0.14103264808654786
At time: 20.336891174316406 accuracy is 0.9296875 and loss is 0.17485129833221436
At time: 20.553787231445312 accuracy is 0.934375 and loss is 0.18042153120040894
At time: 20.776767253875732 accuracy is 0.8984375 and loss is 0.25839135646820066
At time: 20.999117851257324 accuracy is 0.90625 and loss is 0.26724586486816404
At time: 21.224535942077637 accuracy is 0.8875 and loss is 0.29302306175231935
At time: 21.45684504508972 accuracy is 0.903125 and loss is 0.2463629961013794
At time: 21.706068515777588 accuracy is 0.903125 and loss is 0.26647970676422117
At time: 21.964821577072144 accuracy is 0.90625 and loss is 0.27284128665924073
Evaluating...
Done Evaluating: Achieved accuracy of 0.6922238372093024
Not better for 5
Completing Train Step at 7th epoch...
At time: 22.811158418655396 accuracy is 0.8015625 and loss is 0.5014697551727295
At time: 23.00233006477356 accuracy is 0.9203125 and loss is 0.2125998020172119
At time: 23.19942831993103 accuracy is 0.953125 and loss is 0.13053022623062133
At time: 23.412458896636963 accuracy is 0.9375 and loss is 0.17280244827270508
At time: 23.62010908126831 accuracy is 0.9375 and loss is 0.1580394983291626
At time: 23.834088563919067 accuracy is 0.9359375 and loss is 0.18341816663742067
At time: 24.05357789993286 accuracy is 0.9234375 and loss is 0.21445622444152831
At time: 24.274760961532593 accuracy is 0.9234375 and loss is 0.23463797569274902
At time: 24.500826835632324 accuracy is 0.909375 and loss is 0.25714380741119386
At time: 24.731916427612305 accuracy is 0.89375 and loss is 0.23938288688659667
At time: 24.968880891799927 accuracy is 0.8859375 and loss is 0.2954073190689087
At time: 25.214496612548828 accuracy is 0.903125 and loss is 0.28531949520111083
Evaluating...
Done Evaluating: Achieved accuracy of 0.7212936046511628
Not better for 6
Completing Train Step at 8th epoch...
At time: 26.035565853118896 accuracy is 0.8484375 and loss is 0.37967963218688966
At time: 26.223769664764404 accuracy is 0.9265625 and loss is 0.18432562351226806
At time: 26.41713237762451 accuracy is 0.9625 and loss is 0.12001523971557618
At time: 26.61451530456543 accuracy is 0.9515625 and loss is 0.14865866899490357
At time: 26.817925453186035 accuracy is 0.9375 and loss is 0.15086181163787843
At time: 27.025197982788086 accuracy is 0.9296875 and loss is 0.20004584789276122
At time: 27.240333557128906 accuracy is 0.909375 and loss is 0.2417450189590454
At time: 27.45956039428711 accuracy is 0.9109375 and loss is 0.2636744976043701
At time: 27.687371015548706 accuracy is 0.8828125 and loss is 0.2958073616027832
At time: 27.919749975204468 accuracy is 0.9171875 and loss is 0.20188493728637696
At time: 28.160200357437134 accuracy is 0.90625 and loss is 0.25218000411987307
At time: 28.411264181137085 accuracy is 0.909375 and loss is 0.25768945217132566
Evaluating...
Done Evaluating: Achieved accuracy of 0.7074854651162791
Not better for 7
Completing Train Step at 9th epoch...
At time: 29.246577501296997 accuracy is 0.8421875 and loss is 0.4186237335205078
At time: 29.43553137779236 accuracy is 0.9359375 and loss is 0.18086426258087157
At time: 29.630220413208008 accuracy is 0.959375 and loss is 0.10730905532836914
At time: 29.8310444355011 accuracy is 0.9515625 and loss is 0.13897511959075928
At time: 30.035224676132202 accuracy is 0.953125 and loss is 0.12646760940551757
At time: 30.24913787841797 accuracy is 0.946875 and loss is 0.16285909414291383
At time: 30.466573476791382 accuracy is 0.909375 and loss is 0.26199610233306886
At time: 30.688217401504517 accuracy is 0.90625 and loss is 0.2536624908447266
At time: 30.916257858276367 accuracy is 0.90625 and loss is 0.2706552505493164
At time: 31.149503469467163 accuracy is 0.90625 and loss is 0.23779616355895997
At time: 31.39102053642273 accuracy is 0.9125 and loss is 0.216218900680542
At time: 31.644229412078857 accuracy is 0.9015625 and loss is 0.257420015335083
Evaluating...
Done Evaluating: Achieved accuracy of 0.7111191860465116
Not better for 8
Completing Train Step at 10th epoch...
At time: 32.48394751548767 accuracy is 0.853125 and loss is 0.401546049118042
At time: 32.678035497665405 accuracy is 0.921875 and loss is 0.19386935234069824
At time: 32.88193368911743 accuracy is 0.9703125 and loss is 0.09322624802589416
At time: 33.08026480674744 accuracy is 0.9453125 and loss is 0.1349177837371826
At time: 33.28219771385193 accuracy is 0.959375 and loss is 0.11309261322021484
At time: 33.48933696746826 accuracy is 0.9515625 and loss is 0.15920425653457643
At time: 33.70593857765198 accuracy is 0.9234375 and loss is 0.20127148628234864
At time: 33.92767643928528 accuracy is 0.91875 and loss is 0.23964998722076417
At time: 34.15662217140198 accuracy is 0.91875 and loss is 0.21946914196014405
At time: 34.392404556274414 accuracy is 0.9328125 and loss is 0.17567791938781738
At time: 34.63158559799194 accuracy is 0.9296875 and loss is 0.1974778413772583
At time: 34.88038778305054 accuracy is 0.9234375 and loss is 0.22214241027832032
Evaluating...
Done Evaluating: Achieved accuracy of 0.7194767441860465
Not better for 9
Completing Train Step at 11th epoch...
At time: 35.73433780670166 accuracy is 0.8765625 and loss is 0.30355424880981446
At time: 35.925133228302 accuracy is 0.921875 and loss is 0.17648247480392457
At time: 36.119370222091675 accuracy is 0.9578125 and loss is 0.10757683515548706
At time: 36.31736874580383 accuracy is 0.9515625 and loss is 0.11207157373428345
At time: 36.51884388923645 accuracy is 0.965625 and loss is 0.11089476346969604
At time: 36.72534465789795 accuracy is 0.9453125 and loss is 0.16869198083877562
At time: 36.93723011016846 accuracy is 0.94375 and loss is 0.17860963344573974
At time: 37.15330410003662 accuracy is 0.925 and loss is 0.22155492305755614
At time: 37.37704610824585 accuracy is 0.9078125 and loss is 0.26081151962280275
At time: 37.605772495269775 accuracy is 0.93125 and loss is 0.17472987174987792
At time: 37.84157729148865 accuracy is 0.934375 and loss is 0.2019822120666504
At time: 38.084999799728394 accuracy is 0.9359375 and loss is 0.233137845993042
Evaluating...
Done Evaluating: Achieved accuracy of 0.7111191860465116
Not better for 10
Model not improving. Stopping earlyat 0.7398255813953488 epochs.
Done Training. Achieved Best Accuracy of 0.7398255813953488
classifier



RESULTS:
[{'best_accuracy': 0.7663517441860465, 'params': {'batch_size': 32, 'attn_type': None, 'tune_wordvecs': True, 'rnn_dropout': 0.4041902304502665, 'data': 'MPQA', 'num_layers': 1, 'wordvec_source': 'glove', 'wordvec_dim': 300, 'lr': 0.004261218205987159, 'dropout': 0.6930013397302563, 'l2': 0.8648365477309006}}, {'best_accuracy': 0.7823401162790697, 'params': {'batch_size': 32, 'attn_type': None, 'tune_wordvecs': True, 'rnn_dropout': 0.7700188638411668, 'data': 'MPQA', 'num_layers': 1, 'wordvec_source': 'glove', 'wordvec_dim': 300, 'lr': 0.0015438559322885734, 'dropout': 0.02080478049878387, 'l2': 0.22450381403663888}}, {'best_accuracy': 0.7910610465116279, 'params': {'batch_size': 32, 'attn_type': None, 'tune_wordvecs': True, 'rnn_dropout': 0.5565521932375275, 'data': 'MPQA', 'num_layers': 1, 'wordvec_source': 'glove', 'wordvec_dim': 300, 'lr': 0.0020925024133315938, 'dropout': 0.24492211097094618, 'l2': 0.5397685982350584}}, {'best_accuracy': 0.7518168604651163, 'params': {'batch_size': 32, 'attn_type': None, 'tune_wordvecs': True, 'rnn_dropout': 0.15747952697192769, 'data': 'MPQA', 'num_layers': 1, 'wordvec_source': 'glove', 'wordvec_dim': 300, 'lr': 0.0038211252687553724, 'dropout': 0.8134306088386225, 'l2': 0.5932280714934631}}, {'best_accuracy': 0.7398255813953488, 'params': {'batch_size': 32, 'attn_type': None, 'tune_wordvecs': True, 'rnn_dropout': 0.9304069154566547, 'data': 'MPQA', 'num_layers': 1, 'wordvec_source': 'glove', 'wordvec_dim': 300, 'lr': 0.003587624880971884, 'dropout': 0.9799215472432079, 'l2': 0.9165655887925386}}]
