ROOT_PATH: /home-nfs/siddsach/ml/Interpreting-Attention/interpreting_language
Building Bayesian Optimizer for 
 data:IMDB 
 choices:[{'domain': [5e-05, 0.005], 'type': 'continuous', 'name': 'lr'}, {'domain': [0, 1], 'type': 'continuous', 'name': 'rnn_dropout'}, {'domain': [0, 1], 'type': 'continuous', 'name': 'dropout'}, {'domain': [0, 1], 'type': 'continuous', 'name': 'l2'}]
SETTINGS FOR THIS RUN
{'wordvec_dim': 300, 'dropout': 0.6732310090167497, 'tune_wordvecs': False, 'rnn_dropout': 0.9612115521151903, 'attn_type': 'similarity', 'l2': 0.19124321675657652, 'num_layers': 2, 'batch_size': 32, 'data': 'IMDB', 'lr': 0.0018716870389436557, 'tune_attn': True, 'wordvec_source': 'glove'}
Using CUDA!
here
similarity
Building RNN Classifier...

[93m    Warning: no model found for 'en'[0m

    Only loading the 'en' tokenizer.

Retrieving Data from file: /home-nfs/siddsach/ml/Interpreting-Attention/interpreting_language/data/imdb/aclImdb/train...
Got 25000 examples in 62.74588584899902 seconds
Retrieving Data from file: /home-nfs/siddsach/ml/Interpreting-Attention/interpreting_language/data/imdb/aclImdb/test...
Got 25000 examples in 60.05295729637146 seconds
Loading Vectors From Memory...
Using these vectors: ['GloVe']
Getting GloVe Vectors with 300 dims
Building Vocab...
[<torchtext.vocab.Vectors object at 0x7f61a8defe80>]
Getting Batches...
Created Iterator with 782 batches
Getting Batches...
Created Iterator with 782 batches
Building model...
similarity
Using Attention model with following args:
{'dropout': 0.6732310090167497, 'rnn_dropout': 0.9612115521151903, 'attn_type': 'similarity', 'input_size': 300, 'vocab_size': 101925, 'num_layers': 2, 'num_classes': 2, 'vectors': 
 0.0000  0.0000  0.0000  ...   0.0000  0.0000  0.0000
 0.0000  0.0000  0.0000  ...   0.0000  0.0000  0.0000
 0.0000  0.0000  0.0000  ...   0.0000  0.0000  0.0000
          ...             ⋱             ...          
-0.0075  0.1840 -0.4634  ...   0.4392  0.2791  0.2908
 0.0000  0.0000  0.0000  ...   0.0000  0.0000  0.0000
 0.0000  0.0000  0.0000  ...   0.0000  0.0000  0.0000
[torch.FloatTensor of size 101925x300]
, 'batch_size': 32, 'tune_attn': True, 'train_word_vecs': False, 'cuda': True, 'hidden_size': 300, 'attention_dim': 350}
Not Tuning Word Vectors!
Begin Training...
Completing Train Step at 0th epoch...
Traceback (most recent call last):
  File "tune_models.py", line 186, in <module>
    batch_size = args.batch_size, seq_len = args.seq_len)
  File "tune_models.py", line 67, in __init__
    exact_feval = True
  File "/home-nfs/siddsach/anaconda3/lib/python3.5/site-packages/GPyOpt/methods/bayesian_optimization.py", line 117, in __init__
    self._init_design_chooser()
  File "/home-nfs/siddsach/anaconda3/lib/python3.5/site-packages/GPyOpt/methods/bayesian_optimization.py", line 192, in _init_design_chooser
    self.Y, _ = self.objective.evaluate(self.X)
  File "/home-nfs/siddsach/anaconda3/lib/python3.5/site-packages/GPyOpt/core/task/objective.py", line 50, in evaluate
    f_evals, cost_evals = self._eval_func(x)
  File "/home-nfs/siddsach/anaconda3/lib/python3.5/site-packages/GPyOpt/core/task/objective.py", line 74, in _eval_func
    rlt = self.func(np.atleast_2d(x[i]))
  File "tune_models.py", line 120, in getError
    trainer.train(optimizer)
  File "/home-nfs/siddsach/ml/Interpreting-Attention/interpreting_language/classifier/attention_rnn/trainer.py", line 613, in train
    optimizer = self.train_step(optimizer, start_time)
  File "/home-nfs/siddsach/ml/Interpreting-Attention/interpreting_language/classifier/attention_rnn/trainer.py", line 496, in train_step
    self.save_attns(i, data, A, 'train')
  File "/home-nfs/siddsach/ml/Interpreting-Attention/interpreting_language/classifier/attention_rnn/trainer.py", line 532, in save_attns
    self.train_attns[1, index: index + self.batch_size, :attns.size(1)] = attns.data
RuntimeError: invalid argument 2: sizes do not match at /opt/conda/conda-bld/pytorch_1513366702650/work/torch/lib/THC/generic/THCTensorCopy.c:101
