ROOT_PATH: /home-nfs/siddsach/ml/Interpreting-Attention/interpreting_language
Building Bayesian Optimizer for 
 data:IMDB 
 choices:[{'domain': [5e-05, 0.005], 'type': 'continuous', 'name': 'lr'}, {'domain': [0, 1], 'type': 'continuous', 'name': 'rnn_dropout'}, {'domain': [0, 1], 'type': 'continuous', 'name': 'dropout'}, {'domain': [0, 1], 'type': 'continuous', 'name': 'l2'}]
SETTINGS FOR THIS RUN
{'dropout': 0.4817210993978206, 'tune_attn': False, 'wordvec_dim': 300, 'batch_size': 32, 'attn_type': 'similarity', 'wordvec_source': 'glove', 'tune_wordvecs': True, 'lr': 0.004849489908887029, 'num_layers': 1, 'data': 'IMDB', 'rnn_dropout': 0.8970358535142018, 'l2': 0.5621953615411367}
Using CUDA!
here
similarity
Building RNN Classifier...

[93m    Warning: no model found for 'en'[0m

    Only loading the 'en' tokenizer.

Retrieving Data from file: /home-nfs/siddsach/ml/Interpreting-Attention/interpreting_language/data/imdb/aclImdb/train...
Got 25000 examples in 62.430641889572144 seconds
Retrieving Data from file: /home-nfs/siddsach/ml/Interpreting-Attention/interpreting_language/data/imdb/aclImdb/test...
Got 25000 examples in 60.244362115859985 seconds
Loading Vectors From Memory...
Using these vectors: ['GloVe']
Getting GloVe Vectors with 300 dims
Building Vocab...
[<torchtext.vocab.Vectors object at 0x7fe8dba00080>]
Getting Batches...
Created Iterator with 782 batches
Getting Batches...
Created Iterator with 782 batches
Building model...
similarity
Using Attention model with following args:
{'vocab_size': 101925, 'cuda': True, 'input_size': 300, 'attn_type': 'similarity', 'batch_size': 32, 'dropout': 0.4817210993978206, 'attention_dim': 350, 'vectors': 
 0.0000  0.0000  0.0000  ...   0.0000  0.0000  0.0000
 0.0000  0.0000  0.0000  ...   0.0000  0.0000  0.0000
 0.0000  0.0000  0.0000  ...   0.0000  0.0000  0.0000
          ...             ⋱             ...          
-0.0075  0.1840 -0.4634  ...   0.4392  0.2791  0.2908
 0.0000  0.0000  0.0000  ...   0.0000  0.0000  0.0000
 0.0000  0.0000  0.0000  ...   0.0000  0.0000  0.0000
[torch.FloatTensor of size 101925x300]
, 'num_layers': 1, 'num_classes': 2, 'hidden_size': 300, 'rnn_dropout': 0.8970358535142018, 'train_word_vecs': True, 'tune_attn': False}
Begin Training...
Completing Train Step at 0th epoch...
Traceback (most recent call last):
  File "tune_models.py", line 186, in <module>
    batch_size = args.batch_size, seq_len = args.seq_len)
  File "tune_models.py", line 67, in __init__
    exact_feval = True
  File "/home-nfs/siddsach/anaconda3/lib/python3.5/site-packages/GPyOpt/methods/bayesian_optimization.py", line 117, in __init__
    self._init_design_chooser()
  File "/home-nfs/siddsach/anaconda3/lib/python3.5/site-packages/GPyOpt/methods/bayesian_optimization.py", line 192, in _init_design_chooser
    self.Y, _ = self.objective.evaluate(self.X)
  File "/home-nfs/siddsach/anaconda3/lib/python3.5/site-packages/GPyOpt/core/task/objective.py", line 50, in evaluate
    f_evals, cost_evals = self._eval_func(x)
  File "/home-nfs/siddsach/anaconda3/lib/python3.5/site-packages/GPyOpt/core/task/objective.py", line 74, in _eval_func
    rlt = self.func(np.atleast_2d(x[i]))
  File "tune_models.py", line 120, in getError
    trainer.train(optimizer)
  File "/home-nfs/siddsach/ml/Interpreting-Attention/interpreting_language/classifier/attention_rnn/trainer.py", line 614, in train
    optimizer = self.train_step(optimizer, start_time)
  File "/home-nfs/siddsach/ml/Interpreting-Attention/interpreting_language/classifier/attention_rnn/trainer.py", line 490, in train_step
    output, h, A = self.model(data, lengths = lengths)
  File "/home-nfs/siddsach/anaconda3/lib/python3.5/site-packages/torch/nn/modules/module.py", line 325, in __call__
    result = self.forward(*input, **kwargs)
  File "/home-nfs/siddsach/ml/Interpreting-Attention/interpreting_language/classifier/attention_rnn/model.py", line 217, in forward
    weighted_seq = torch.bmm(out, attn_params)
RuntimeError: Expected object of type Variable[torch.cuda.FloatTensor] but found type Variable[torch.FloatTensor] for argument #1 'mat2'
