ROOT_PATH: /home-nfs/siddsach/ml/Interpreting-Attention/interpreting_language
Building Bayesian Optimizer for 
 data:MPQA 
 choices:[{'type': 'continuous', 'domain': [5e-05, 0.005], 'name': 'lr'}, {'type': 'continuous', 'domain': [0, 1], 'name': 'rnn_dropout'}, {'type': 'continuous', 'domain': [0, 1], 'name': 'dropout'}, {'type': 'continuous', 'domain': [0, 1], 'name': 'l2'}, {'type': 'continuous', 'domain': [5, 100], 'name': 'attention_dim'}]
SETTINGS FOR THIS RUN
{'wordvec_source': 'google', 'l2': 0.7433775377196628, 'lr': 0.001113536256981645, 'wordvec_dim': 300, 'num_layers': 2, 'batch_size': 32, 'data': 'MPQA', 'dropout': 0.8137021480361936, 'rnn_dropout': 0.25057418554773425, 'attention_dim': 49, 'attn_type': 'MLP', 'tune_wordvecs': True}
Using CUDA!
here
MLP
Building RNN Classifier...

[93m    Warning: no model found for 'en'[0m

    Only loading the 'en' tokenizer.

Retrieving Data from file: /home-nfs/siddsach/ml/Interpreting-Attention/interpreting_language/data/mpqa/mpqa_subj_labels.pickle...
Loading Vectors From Memory...
Using these vectors: ['googlenews']
Getting google news vectors
Building Vocab...
[<torchtext.vocab.Vectors object at 0x7fd9223fb9e8>]
Getting Batches...
Created Iterator with 261 batches
Getting Batches...
Created Iterator with 87 batches
Building model...
MLP
Using Attention model with following args:
{'num_classes': 2, 'vectors': 
 0.0000  0.0000  0.0000  ...   0.0000  0.0000  0.0000
 0.0000  0.0000  0.0000  ...   0.0000  0.0000  0.0000
 0.0000  0.0000  0.0000  ...   0.0000  0.0000  0.0000
          ...             ⋱             ...          
 0.0000  0.0000  0.0000  ...   0.0000  0.0000  0.0000
 0.0000  0.0000  0.0000  ...   0.0000  0.0000  0.0000
 0.0000  0.0000  0.0000  ...   0.0000  0.0000  0.0000
[torch.FloatTensor of size 15284x300]
, 'cuda': True, 'rnn_dropout': 0.25057418554773425, 'tune_attn': 'True', 'input_size': 300, 'hidden_size': 300, 'num_layers': 2, 'batch_size': 32, 'vocab_size': 15284, 'dropout': 0.8137021480361936, 'attention_dim': 49, 'attn_type': 'MLP', 'train_word_vecs': True}
Begin Training...
Completing Train Step at 0th epoch...
At time: 1.0456624031066895 accuracy is 0.521875 and loss is 0.7344295024871826
At time: 1.2989299297332764 accuracy is 0.553125 and loss is 0.6893020153045655
At time: 1.5604076385498047 accuracy is 0.5578125 and loss is 0.6797902107238769
At time: 1.830812931060791 accuracy is 0.6765625 and loss is 0.6436386585235596
At time: 2.110445976257324 accuracy is 0.715625 and loss is 0.5627228736877441
At time: 2.4038593769073486 accuracy is 0.725 and loss is 0.5633351325988769
At time: 2.7079474925994873 accuracy is 0.7015625 and loss is 0.5789678573608399
At time: 3.0242834091186523 accuracy is 0.728125 and loss is 0.5600796222686768
At time: 3.3538241386413574 accuracy is 0.6828125 and loss is 0.573171854019165
At time: 3.696608066558838 accuracy is 0.7640625 and loss is 0.5082711696624755
At time: 4.06108832359314 accuracy is 0.7734375 and loss is 0.5333400726318359
At time: 4.4578330516815186 accuracy is 0.7359375 and loss is 0.531133508682251
Evaluating...
Done Evaluating: Achieved accuracy of 0.7725290697674418
Achieved new best!
Completing Train Step at 1th epoch...
At time: 5.545083999633789 accuracy is 0.7296875 and loss is 0.6181670188903808
At time: 5.776108264923096 accuracy is 0.7765625 and loss is 0.44716448783874513
At time: 6.013777017593384 accuracy is 0.846875 and loss is 0.3650196552276611
At time: 6.256059169769287 accuracy is 0.825 and loss is 0.3963635921478271
At time: 6.504097938537598 accuracy is 0.871875 and loss is 0.30122623443603513
At time: 6.761434555053711 accuracy is 0.83125 and loss is 0.3639646291732788
At time: 7.025546550750732 accuracy is 0.8375 and loss is 0.36209084987640383
At time: 7.2975099086761475 accuracy is 0.8296875 and loss is 0.3962399005889893
At time: 7.578365087509155 accuracy is 0.840625 and loss is 0.36571102142333983
At time: 7.870698690414429 accuracy is 0.853125 and loss is 0.335065221786499
At time: 8.173540353775024 accuracy is 0.8265625 and loss is 0.37595620155334475
At time: 8.493083953857422 accuracy is 0.84375 and loss is 0.40869932174682616
Evaluating...
Done Evaluating: Achieved accuracy of 0.7663517441860465
Not better for 1
Completing Train Step at 2th epoch...
At time: 9.45572543144226 accuracy is 0.8078125 and loss is 0.5038089275360107
At time: 9.683700561523438 accuracy is 0.9234375 and loss is 0.2382941722869873
At time: 9.919194221496582 accuracy is 0.9015625 and loss is 0.2214425802230835
At time: 10.160090208053589 accuracy is 0.9234375 and loss is 0.21153044700622559
At time: 10.409089803695679 accuracy is 0.925 and loss is 0.20061154365539552
At time: 10.666321039199829 accuracy is 0.8765625 and loss is 0.3161996603012085
At time: 10.930460214614868 accuracy is 0.878125 and loss is 0.3235751152038574
At time: 11.202368974685669 accuracy is 0.8890625 and loss is 0.30824244022369385
At time: 11.48341155052185 accuracy is 0.8921875 and loss is 0.24241275787353517
At time: 11.773358821868896 accuracy is 0.9015625 and loss is 0.22362136840820312
At time: 12.075952768325806 accuracy is 0.9140625 and loss is 0.24814205169677733
At time: 12.394669532775879 accuracy is 0.8875 and loss is 0.24684669971466064
Evaluating...
Done Evaluating: Achieved accuracy of 0.7354651162790697
Not better for 2
Completing Train Step at 3th epoch...
At time: 13.374571561813354 accuracy is 0.8296875 and loss is 0.4716301918029785
At time: 13.609130144119263 accuracy is 0.928125 and loss is 0.19578100442886354
At time: 13.848600625991821 accuracy is 0.93125 and loss is 0.17363979816436767
At time: 14.088936805725098 accuracy is 0.9015625 and loss is 0.23328864574432373
At time: 14.342916488647461 accuracy is 0.94375 and loss is 0.15743656158447267
At time: 14.603743314743042 accuracy is 0.9234375 and loss is 0.16550344228744507
At time: 14.870988368988037 accuracy is 0.93125 and loss is 0.1903014898300171
At time: 15.143953561782837 accuracy is 0.90625 and loss is 0.23748500347137452
At time: 15.423145771026611 accuracy is 0.9484375 and loss is 0.14358327388763428
At time: 15.712307929992676 accuracy is 0.9484375 and loss is 0.14490015506744386
At time: 16.011723518371582 accuracy is 0.94375 and loss is 0.14054924249649048
At time: 16.327896118164062 accuracy is 0.9515625 and loss is 0.12486703395843506
Evaluating...
Done Evaluating: Achieved accuracy of 0.7227470930232558
Not better for 3
Completing Train Step at 4th epoch...
At time: 17.312949419021606 accuracy is 0.871875 and loss is 0.38506667613983153
At time: 17.54679560661316 accuracy is 0.94375 and loss is 0.16894145011901857
At time: 17.785112857818604 accuracy is 0.95625 and loss is 0.1189699649810791
At time: 18.026231050491333 accuracy is 0.95 and loss is 0.13863272666931153
At time: 18.27531099319458 accuracy is 0.9296875 and loss is 0.16207700967788696
At time: 18.53227925300598 accuracy is 0.9078125 and loss is 0.23166327476501464
At time: 18.79652190208435 accuracy is 0.9046875 and loss is 0.23938145637512206
At time: 19.067886114120483 accuracy is 0.9359375 and loss is 0.19570358991622924
At time: 19.349676370620728 accuracy is 0.925 and loss is 0.21347250938415527
At time: 19.638870239257812 accuracy is 0.9296875 and loss is 0.15920443534851075
At time: 19.940919399261475 accuracy is 0.965625 and loss is 0.08299145698547364
At time: 20.257387399673462 accuracy is 0.9609375 and loss is 0.13056098222732543
Evaluating...
Done Evaluating: Achieved accuracy of 0.7387354651162791
Not better for 4
Completing Train Step at 5th epoch...
At time: 21.225825786590576 accuracy is 0.9046875 and loss is 0.2963184118270874
At time: 21.452382564544678 accuracy is 0.959375 and loss is 0.11776124238967896
At time: 21.68777894973755 accuracy is 0.975 and loss is 0.07183297872543334
At time: 21.929534435272217 accuracy is 0.9515625 and loss is 0.13129338026046752
At time: 22.18119525909424 accuracy is 0.9515625 and loss is 0.14160724878311157
At time: 22.44116449356079 accuracy is 0.925 and loss is 0.1954211950302124
At time: 22.714017391204834 accuracy is 0.928125 and loss is 0.20932457447052003
At time: 22.988017797470093 accuracy is 0.8796875 and loss is 0.32081406116485595
At time: 23.26881217956543 accuracy is 0.9421875 and loss is 0.17441267967224122
At time: 23.581181049346924 accuracy is 0.94375 and loss is 0.1409435510635376
At time: 23.89656352996826 accuracy is 0.9734375 and loss is 0.08410007953643799
At time: 24.215059995651245 accuracy is 0.953125 and loss is 0.13401964902877808
Evaluating...
Done Evaluating: Achieved accuracy of 0.7278343023255814
Not better for 5
Completing Train Step at 6th epoch...
At time: 25.196619749069214 accuracy is 0.896875 and loss is 0.30580427646636965
At time: 25.431294918060303 accuracy is 0.9453125 and loss is 0.1653889536857605
At time: 25.669066667556763 accuracy is 0.9703125 and loss is 0.09694073796272278
At time: 25.913344860076904 accuracy is 0.9734375 and loss is 0.08461999893188477
At time: 26.165112018585205 accuracy is 0.984375 and loss is 0.046811655163764954
At time: 26.422435998916626 accuracy is 0.965625 and loss is 0.11687408685684204
At time: 26.684892177581787 accuracy is 0.9703125 and loss is 0.09013625383377075
At time: 26.957353353500366 accuracy is 0.9390625 and loss is 0.1716975450515747
At time: 27.239816427230835 accuracy is 0.9546875 and loss is 0.11216775178909302
At time: 27.5314199924469 accuracy is 0.9546875 and loss is 0.10508406162261963
At time: 27.833370685577393 accuracy is 0.9703125 and loss is 0.11417311429977417
At time: 28.152715921401978 accuracy is 0.95 and loss is 0.18029316663742065
Evaluating...
Done Evaluating: Achieved accuracy of 0.7198401162790697
Not better for 6
Completing Train Step at 7th epoch...
At time: 29.122764825820923 accuracy is 0.9328125 and loss is 0.19560009241104126
At time: 29.348113536834717 accuracy is 0.959375 and loss is 0.1120680332183838
At time: 29.584432363510132 accuracy is 0.978125 and loss is 0.08987427949905395
At time: 29.824580192565918 accuracy is 0.98125 and loss is 0.04493560791015625
At time: 30.07349443435669 accuracy is 0.9453125 and loss is 0.10578826665878296
At time: 30.330152988433838 accuracy is 0.9734375 and loss is 0.10042008161544799
At time: 30.594623804092407 accuracy is 0.953125 and loss is 0.12591859102249145
At time: 30.865826845169067 accuracy is 0.971875 and loss is 0.09284501075744629
At time: 31.14552354812622 accuracy is 0.971875 and loss is 0.07186207175254822
At time: 31.43541932106018 accuracy is 0.984375 and loss is 0.04569281935691834
At time: 31.73528242111206 accuracy is 0.990625 and loss is 0.028761014342308044
At time: 32.05105376243591 accuracy is 0.978125 and loss is 0.06039448976516724
Evaluating...
Done Evaluating: Achieved accuracy of 0.7296511627906976
Not better for 7
Completing Train Step at 8th epoch...
At time: 33.0201096534729 accuracy is 0.9328125 and loss is 0.229883074760437
At time: 33.24690008163452 accuracy is 0.953125 and loss is 0.13358782529830932
At time: 33.48060870170593 accuracy is 0.9796875 and loss is 0.06281571388244629
At time: 33.71937441825867 accuracy is 0.978125 and loss is 0.08511179089546203
At time: 33.965407371520996 accuracy is 0.9828125 and loss is 0.05174296498298645
At time: 34.21981406211853 accuracy is 0.96875 and loss is 0.08127162456512452
At time: 34.48279547691345 accuracy is 0.95625 and loss is 0.14454810619354247
At time: 34.75433421134949 accuracy is 0.9671875 and loss is 0.0853986382484436
At time: 35.03537583351135 accuracy is 0.95625 and loss is 0.1370410442352295
At time: 35.3248496055603 accuracy is 0.9625 and loss is 0.11857868432998657
At time: 35.62816834449768 accuracy is 0.971875 and loss is 0.06876497268676758
At time: 35.94535279273987 accuracy is 0.9328125 and loss is 0.1974831223487854
Evaluating...
Done Evaluating: Achieved accuracy of 0.71875
Not better for 8
Completing Train Step at 9th epoch...
At time: 36.92237091064453 accuracy is 0.928125 and loss is 0.20224375724792482
At time: 37.153552532196045 accuracy is 0.946875 and loss is 0.1706473112106323
At time: 37.39316725730896 accuracy is 0.9796875 and loss is 0.0601671040058136
At time: 37.63533663749695 accuracy is 0.978125 and loss is 0.05577703714370728
At time: 37.8824417591095 accuracy is 0.9546875 and loss is 0.12757275104522706
At time: 38.140470027923584 accuracy is 0.971875 and loss is 0.09533274173736572
At time: 38.42396092414856 accuracy is 0.9578125 and loss is 0.1565428376197815
At time: 38.7083158493042 accuracy is 0.9671875 and loss is 0.08598598837852478
At time: 38.98719644546509 accuracy is 0.9671875 and loss is 0.07819848656654357
At time: 39.277201652526855 accuracy is 0.984375 and loss is 0.04505254626274109
At time: 39.57593870162964 accuracy is 0.9765625 and loss is 0.037711745500564574
At time: 39.89180564880371 accuracy is 0.9828125 and loss is 0.04371251463890076
Evaluating...
Done Evaluating: Achieved accuracy of 0.7220203488372093
Not better for 9
Completing Train Step at 10th epoch...
At time: 40.85755729675293 accuracy is 0.94375 and loss is 0.16415088176727294
At time: 41.08291745185852 accuracy is 0.953125 and loss is 0.14251632690429689
At time: 41.319326877593994 accuracy is 0.9734375 and loss is 0.07130693793296813
At time: 41.559664487838745 accuracy is 0.9859375 and loss is 0.047665256261825564
At time: 41.80660438537598 accuracy is 0.9640625 and loss is 0.08822890520095825
At time: 42.06319308280945 accuracy is 0.96875 and loss is 0.08756725192070007
At time: 42.32523155212402 accuracy is 0.975 and loss is 0.08134270310401917
At time: 42.596919536590576 accuracy is 0.9546875 and loss is 0.13627685308456422
At time: 42.87642860412598 accuracy is 0.9640625 and loss is 0.08874459862709046
At time: 43.16539478302002 accuracy is 0.9671875 and loss is 0.08232978582382203
At time: 43.46998476982117 accuracy is 0.98125 and loss is 0.05678539872169495
At time: 43.78654432296753 accuracy is 0.9515625 and loss is 0.14346687793731688
Evaluating...
Done Evaluating: Achieved accuracy of 0.7292877906976745
Not better for 10
Model not improving. Stopping earlyat 0.7725290697674418 epochs.
Done Training. Achieved Best Accuracy of 0.7725290697674418
Improved accuracyfrom -10000000 to 0.7725290697674418
mlpattn
SETTINGS FOR THIS RUN
{'wordvec_source': 'google', 'l2': 0.6476110409542828, 'lr': 0.0015284335657600365, 'wordvec_dim': 300, 'num_layers': 2, 'batch_size': 32, 'data': 'MPQA', 'dropout': 0.6460126455736573, 'rnn_dropout': 0.39827740022863267, 'attention_dim': 55, 'attn_type': 'MLP', 'tune_wordvecs': True}
Using CUDA!
here
MLP
Building RNN Classifier...

[93m    Warning: no model found for 'en'[0m

    Only loading the 'en' tokenizer.

Retrieving Data from file: /home-nfs/siddsach/ml/Interpreting-Attention/interpreting_language/data/mpqa/mpqa_subj_labels.pickle...
Loading Vectors From Memory...
Using these vectors: ['googlenews']
Getting google news vectors
Building Vocab...
[<torchtext.vocab.Vectors object at 0x7fd91ece6978>]
Getting Batches...
Created Iterator with 261 batches
Getting Batches...
Created Iterator with 87 batches
Building model...
MLP
Using Attention model with following args:
{'num_classes': 2, 'vectors': 
 0.0000  0.0000  0.0000  ...   0.0000  0.0000  0.0000
 0.0000  0.0000  0.0000  ...   0.0000  0.0000  0.0000
 0.0000  0.0000  0.0000  ...   0.0000  0.0000  0.0000
          ...             ⋱             ...          
 0.0000  0.0000  0.0000  ...   0.0000  0.0000  0.0000
 0.0000  0.0000  0.0000  ...   0.0000  0.0000  0.0000
 0.0000  0.0000  0.0000  ...   0.0000  0.0000  0.0000
[torch.FloatTensor of size 15284x300]
, 'cuda': True, 'rnn_dropout': 0.39827740022863267, 'tune_attn': 'True', 'input_size': 300, 'hidden_size': 300, 'num_layers': 2, 'batch_size': 32, 'vocab_size': 15284, 'dropout': 0.6460126455736573, 'attention_dim': 55, 'attn_type': 'MLP', 'train_word_vecs': True}
Begin Training...
Completing Train Step at 0th epoch...
At time: 0.27752184867858887 accuracy is 0.5671875 and loss is 0.7342383861541748
At time: 0.5431056022644043 accuracy is 0.55625 and loss is 0.6885063171386718
At time: 0.8089649677276611 accuracy is 0.659375 and loss is 0.6499812126159668
At time: 1.0869054794311523 accuracy is 0.5546875 and loss is 0.7183324813842773
At time: 1.3711276054382324 accuracy is 0.7 and loss is 0.584173583984375
At time: 1.6672663688659668 accuracy is 0.69375 and loss is 0.6216986656188965
At time: 1.970651626586914 accuracy is 0.70625 and loss is 0.5564609050750733
At time: 2.2863309383392334 accuracy is 0.73125 and loss is 0.573182487487793
At time: 2.617119789123535 accuracy is 0.7 and loss is 0.564171314239502
At time: 2.960526704788208 accuracy is 0.7203125 and loss is 0.5590142250061035
At time: 3.3216705322265625 accuracy is 0.7734375 and loss is 0.49107751846313474
At time: 3.70818829536438 accuracy is 0.7125 and loss is 0.5598782539367676
Evaluating...
Done Evaluating: Achieved accuracy of 0.654796511627907
Achieved new best!
Completing Train Step at 1th epoch...
At time: 4.7862677574157715 accuracy is 0.7046875 and loss is 0.6634265899658203
At time: 5.026477336883545 accuracy is 0.7546875 and loss is 0.5054847240447998
At time: 5.270721197128296 accuracy is 0.8203125 and loss is 0.4551888942718506
At time: 5.5153820514678955 accuracy is 0.7390625 and loss is 0.5106080532073974
At time: 5.767299652099609 accuracy is 0.8109375 and loss is 0.4211270332336426
At time: 6.027709484100342 accuracy is 0.778125 and loss is 0.46669507026672363
At time: 6.294794797897339 accuracy is 0.8765625 and loss is 0.28451788425445557
At time: 6.569634914398193 accuracy is 0.8140625 and loss is 0.4542415618896484
At time: 6.85346794128418 accuracy is 0.8140625 and loss is 0.40074787139892576
At time: 7.144751787185669 accuracy is 0.8390625 and loss is 0.39221055507659913
At time: 7.448543310165405 accuracy is 0.89375 and loss is 0.26672475337982177
At time: 7.7681663036346436 accuracy is 0.8265625 and loss is 0.47807950973510743
Evaluating...
Done Evaluating: Achieved accuracy of 0.7547238372093024
Achieved new best!
Completing Train Step at 2th epoch...
At time: 8.75095510482788 accuracy is 0.7984375 and loss is 0.5345313549041748
At time: 8.983390092849731 accuracy is 0.8890625 and loss is 0.29662768840789794
At time: 9.222569942474365 accuracy is 0.8984375 and loss is 0.24300291538238525
At time: 9.467731714248657 accuracy is 0.9078125 and loss is 0.2599850416183472
At time: 9.720826148986816 accuracy is 0.8640625 and loss is 0.36850526332855227
At time: 9.979608297348022 accuracy is 0.8671875 and loss is 0.30136010646820066
At time: 10.246817827224731 accuracy is 0.94375 and loss is 0.1534942388534546
At time: 10.520649909973145 accuracy is 0.921875 and loss is 0.20861372947692872
At time: 10.802441835403442 accuracy is 0.89375 and loss is 0.2643028736114502
At time: 11.094226360321045 accuracy is 0.8734375 and loss is 0.2797607421875
At time: 11.397679328918457 accuracy is 0.925 and loss is 0.21213047504425048
At time: 11.717453718185425 accuracy is 0.8765625 and loss is 0.3200048923492432
Evaluating...
Done Evaluating: Achieved accuracy of 0.7460029069767442
Not better for 1
Completing Train Step at 3th epoch...
At time: 12.708986282348633 accuracy is 0.8046875 and loss is 0.4810810565948486
At time: 12.952697277069092 accuracy is 0.9046875 and loss is 0.2664903402328491
At time: 13.200353384017944 accuracy is 0.9515625 and loss is 0.14393908977508546
At time: 13.44843077659607 accuracy is 0.9046875 and loss is 0.266187047958374
At time: 13.700700283050537 accuracy is 0.8953125 and loss is 0.2957282304763794
At time: 13.95867395401001 accuracy is 0.9125 and loss is 0.20996577739715577
At time: 14.233503580093384 accuracy is 0.95 and loss is 0.13199537992477417
At time: 14.511490106582642 accuracy is 0.9359375 and loss is 0.14130326509475707
At time: 14.797183275222778 accuracy is 0.9140625 and loss is 0.24472904205322266
At time: 15.09003496170044 accuracy is 0.909375 and loss is 0.21414713859558104
At time: 15.39677381515503 accuracy is 0.8953125 and loss is 0.2275611400604248
At time: 15.716705560684204 accuracy is 0.878125 and loss is 0.28007943630218507
Evaluating...
Done Evaluating: Achieved accuracy of 0.7267441860465116
Not better for 2
Completing Train Step at 4th epoch...
At time: 16.702114582061768 accuracy is 0.8609375 and loss is 0.36480536460876467
At time: 16.936529397964478 accuracy is 0.93125 and loss is 0.18040039539337158
At time: 17.175209522247314 accuracy is 0.9578125 and loss is 0.09621369242668151
At time: 17.41758370399475 accuracy is 0.9171875 and loss is 0.2264965534210205
At time: 17.668578147888184 accuracy is 0.8890625 and loss is 0.27607638835906984
At time: 17.92555809020996 accuracy is 0.8578125 and loss is 0.3599524974822998
At time: 18.191211938858032 accuracy is 0.9421875 and loss is 0.145734441280365
At time: 18.464918851852417 accuracy is 0.9375 and loss is 0.148165762424469
At time: 18.746462106704712 accuracy is 0.9359375 and loss is 0.21001129150390624
At time: 19.037689447402954 accuracy is 0.9421875 and loss is 0.20133070945739745
At time: 19.340922832489014 accuracy is 0.95 and loss is 0.10441895723342895
At time: 19.660316944122314 accuracy is 0.9234375 and loss is 0.1901426911354065
Evaluating...
Done Evaluating: Achieved accuracy of 0.731468023255814
Not better for 3
Completing Train Step at 5th epoch...
At time: 20.63650369644165 accuracy is 0.90625 and loss is 0.29946045875549315
At time: 20.863322496414185 accuracy is 0.925 and loss is 0.16729145050048827
At time: 21.120455741882324 accuracy is 0.978125 and loss is 0.06757288575172424
At time: 21.37509799003601 accuracy is 0.9234375 and loss is 0.24325895309448242
At time: 21.629518270492554 accuracy is 0.9203125 and loss is 0.2830380916595459
At time: 21.88702368736267 accuracy is 0.928125 and loss is 0.2133732557296753
At time: 22.154388904571533 accuracy is 0.9421875 and loss is 0.14969296455383302
At time: 22.42615795135498 accuracy is 0.9609375 and loss is 0.11539174318313598
At time: 22.708048582077026 accuracy is 0.959375 and loss is 0.1231728196144104
At time: 22.999167442321777 accuracy is 0.953125 and loss is 0.12194080352783203
At time: 23.300652980804443 accuracy is 0.96875 and loss is 0.07627966403961181
At time: 23.620383501052856 accuracy is 0.9375 and loss is 0.20300979614257814
Evaluating...
Done Evaluating: Achieved accuracy of 0.7111191860465116
Not better for 4
Completing Train Step at 6th epoch...
At time: 24.603735208511353 accuracy is 0.9234375 and loss is 0.22124969959259033
At time: 24.83740758895874 accuracy is 0.9265625 and loss is 0.18998422622680664
At time: 25.078440189361572 accuracy is 0.9515625 and loss is 0.138295578956604
At time: 25.321532249450684 accuracy is 0.9453125 and loss is 0.1257512927055359
At time: 25.570749759674072 accuracy is 0.9484375 and loss is 0.13148528337478638
At time: 25.82711935043335 accuracy is 0.965625 and loss is 0.09963811039924622
At time: 26.092342376708984 accuracy is 0.96875 and loss is 0.0841606855392456
At time: 26.36719822883606 accuracy is 0.9328125 and loss is 0.19726896286010742
At time: 26.648534774780273 accuracy is 0.9640625 and loss is 0.08064664006233216
At time: 26.94054341316223 accuracy is 0.9625 and loss is 0.1060686469078064
At time: 27.242162942886353 accuracy is 0.953125 and loss is 0.10478719472885131
At time: 27.56053876876831 accuracy is 0.9515625 and loss is 0.14234875440597533
Evaluating...
Done Evaluating: Achieved accuracy of 0.7311046511627907
Not better for 5
Completing Train Step at 7th epoch...
At time: 28.532670736312866 accuracy is 0.9421875 and loss is 0.19578912258148193
At time: 28.75827980041504 accuracy is 0.9625 and loss is 0.11736328601837158
At time: 28.992364645004272 accuracy is 0.975 and loss is 0.09015010595321656
At time: 29.235634088516235 accuracy is 0.96875 and loss is 0.09315273761749268
At time: 29.48554229736328 accuracy is 0.9609375 and loss is 0.10910725593566895
At time: 29.744014739990234 accuracy is 0.934375 and loss is 0.18568168878555297
At time: 30.008719205856323 accuracy is 0.95625 and loss is 0.11149150133132935
At time: 30.282821655273438 accuracy is 0.9421875 and loss is 0.18499077558517457
At time: 30.563246726989746 accuracy is 0.953125 and loss is 0.12463061809539795
At time: 30.854888200759888 accuracy is 0.978125 and loss is 0.06837213635444642
At time: 31.157536029815674 accuracy is 0.9625 and loss is 0.10193278789520263
At time: 31.4764347076416 accuracy is 0.9734375 and loss is 0.07918367385864258
Evaluating...
Done Evaluating: Achieved accuracy of 0.7267441860465116
Not better for 6
Completing Train Step at 8th epoch...
At time: 32.457247257232666 accuracy is 0.9328125 and loss is 0.1724422812461853
At time: 32.688891887664795 accuracy is 0.9484375 and loss is 0.1475801110267639
At time: 32.92858004570007 accuracy is 0.9421875 and loss is 0.13644061088562012
At time: 33.17162728309631 accuracy is 0.978125 and loss is 0.07347711324691772
At time: 33.42081022262573 accuracy is 0.9671875 and loss is 0.08111311197280884
At time: 33.67907953262329 accuracy is 0.9796875 and loss is 0.04700668156147003
At time: 33.94344186782837 accuracy is 0.98125 and loss is 0.04700009822845459
At time: 34.21827149391174 accuracy is 0.9796875 and loss is 0.0489165872335434
At time: 34.50265407562256 accuracy is 0.9859375 and loss is 0.04163934886455536
At time: 34.79498600959778 accuracy is 0.975 and loss is 0.06934590339660644
At time: 35.0995819568634 accuracy is 0.9671875 and loss is 0.08743297457695007
At time: 35.41795253753662 accuracy is 0.9796875 and loss is 0.04512458443641663
Evaluating...
Done Evaluating: Achieved accuracy of 0.7332848837209303
Not better for 7
Completing Train Step at 9th epoch...
At time: 36.465025424957275 accuracy is 0.95625 and loss is 0.12839071750640868
At time: 36.70775771141052 accuracy is 0.959375 and loss is 0.08691033720970154
At time: 36.955329179763794 accuracy is 0.9875 and loss is 0.037787428498268126
At time: 37.197752714157104 accuracy is 0.9890625 and loss is 0.04050145447254181
At time: 37.448077917099 accuracy is 0.9828125 and loss is 0.04527502954006195
At time: 37.70488691329956 accuracy is 0.990625 and loss is 0.02849312424659729
At time: 37.97225022315979 accuracy is 0.984375 and loss is 0.037270715832710265
At time: 38.24589681625366 accuracy is 0.98125 and loss is 0.05544654130935669
At time: 38.528234243392944 accuracy is 0.984375 and loss is 0.044776922464370726
At time: 38.819392919540405 accuracy is 0.9828125 and loss is 0.04257515072822571
At time: 39.121289014816284 accuracy is 0.9875 and loss is 0.03976274728775024
At time: 39.44058561325073 accuracy is 0.98125 and loss is 0.04481099247932434
Evaluating...
Done Evaluating: Achieved accuracy of 0.7263808139534884
Not better for 8
Completing Train Step at 10th epoch...
At time: 40.41201877593994 accuracy is 0.946875 and loss is 0.16754661798477172
At time: 40.640405893325806 accuracy is 0.9703125 and loss is 0.07494692206382751
At time: 40.895732164382935 accuracy is 0.9953125 and loss is 0.029737189412117004
At time: 41.14801740646362 accuracy is 0.990625 and loss is 0.03980211019515991
At time: 41.40116262435913 accuracy is 0.99375 and loss is 0.021178218722343444
At time: 41.65736246109009 accuracy is 0.990625 and loss is 0.05226408839225769
At time: 41.92857122421265 accuracy is 0.990625 and loss is 0.04339495301246643
At time: 42.202250242233276 accuracy is 0.978125 and loss is 0.06305607557296752
At time: 42.48417901992798 accuracy is 0.9875 and loss is 0.03714174330234528
At time: 42.77527213096619 accuracy is 0.9859375 and loss is 0.043803179264068605
At time: 43.07595205307007 accuracy is 0.9890625 and loss is 0.02164962738752365
At time: 43.3952579498291 accuracy is 0.98125 and loss is 0.05039699077606201
Evaluating...
Done Evaluating: Achieved accuracy of 0.7336482558139535
Not better for 9
Completing Train Step at 11th epoch...
At time: 44.378862619400024 accuracy is 0.959375 and loss is 0.12219749689102173
At time: 44.61347579956055 accuracy is 0.9734375 and loss is 0.07587267756462097
At time: 44.85336089134216 accuracy is 0.9875 and loss is 0.04319654703140259
At time: 45.09533214569092 accuracy is 0.9828125 and loss is 0.038326478004455565
At time: 45.34371209144592 accuracy is 0.990625 and loss is 0.038127243518829346
At time: 45.60074257850647 accuracy is 0.9890625 and loss is 0.024363955855369566
At time: 45.86502957344055 accuracy is 0.984375 and loss is 0.039471447467803955
At time: 46.13682174682617 accuracy is 0.98125 and loss is 0.06237120032310486
At time: 46.41730308532715 accuracy is 0.9796875 and loss is 0.04337323606014252
At time: 46.71124267578125 accuracy is 0.990625 and loss is 0.02564983069896698
At time: 47.01299834251404 accuracy is 0.99375 and loss is 0.022879093885421753
At time: 47.32945704460144 accuracy is 0.9890625 and loss is 0.059853392839431765
Evaluating...
Done Evaluating: Achieved accuracy of 0.7332848837209303
Not better for 10
Model not improving. Stopping earlyat 0.7547238372093024 epochs.
Done Training. Achieved Best Accuracy of 0.7547238372093024
mlpattn
SETTINGS FOR THIS RUN
{'wordvec_source': 'google', 'l2': 0.4031319196325508, 'lr': 0.00123855171407749, 'wordvec_dim': 300, 'num_layers': 2, 'batch_size': 32, 'data': 'MPQA', 'dropout': 0.7795251956057494, 'rnn_dropout': 0.05007256963992002, 'attention_dim': 77, 'attn_type': 'MLP', 'tune_wordvecs': True}
Using CUDA!
here
MLP
Building RNN Classifier...

[93m    Warning: no model found for 'en'[0m

    Only loading the 'en' tokenizer.

Retrieving Data from file: /home-nfs/siddsach/ml/Interpreting-Attention/interpreting_language/data/mpqa/mpqa_subj_labels.pickle...
Loading Vectors From Memory...
Using these vectors: ['googlenews']
Getting google news vectors
Building Vocab...
[<torchtext.vocab.Vectors object at 0x7fd925594d68>]
Getting Batches...
Created Iterator with 261 batches
Getting Batches...
Created Iterator with 87 batches
Building model...
MLP
Using Attention model with following args:
{'num_classes': 2, 'vectors': 
 0.0000  0.0000  0.0000  ...   0.0000  0.0000  0.0000
 0.0000  0.0000  0.0000  ...   0.0000  0.0000  0.0000
 0.0000  0.0000  0.0000  ...   0.0000  0.0000  0.0000
          ...             ⋱             ...          
 0.0000  0.0000  0.0000  ...   0.0000  0.0000  0.0000
 0.0000  0.0000  0.0000  ...   0.0000  0.0000  0.0000
 0.0000  0.0000  0.0000  ...   0.0000  0.0000  0.0000
[torch.FloatTensor of size 15284x300]
, 'cuda': True, 'rnn_dropout': 0.05007256963992002, 'tune_attn': 'True', 'input_size': 300, 'hidden_size': 300, 'num_layers': 2, 'batch_size': 32, 'vocab_size': 15284, 'dropout': 0.7795251956057494, 'attention_dim': 77, 'attn_type': 'MLP', 'train_word_vecs': True}
Begin Training...
Completing Train Step at 0th epoch...
At time: 0.2819709777832031 accuracy is 0.571875 and loss is 0.7316877365112304
At time: 0.5351738929748535 accuracy is 0.55625 and loss is 0.6876379489898682
At time: 0.7998981475830078 accuracy is 0.5484375 and loss is 0.6926178932189941
At time: 1.0704615116119385 accuracy is 0.640625 and loss is 0.6643462181091309
At time: 1.3590493202209473 accuracy is 0.71875 and loss is 0.6158022403717041
At time: 1.6565580368041992 accuracy is 0.6765625 and loss is 0.6273478507995606
At time: 1.9653489589691162 accuracy is 0.684375 and loss is 0.586310338973999
At time: 2.284681558609009 accuracy is 0.721875 and loss is 0.5697091102600098
At time: 2.616389274597168 accuracy is 0.71875 and loss is 0.5719203948974609
At time: 2.961625576019287 accuracy is 0.6796875 and loss is 0.5845695972442627
At time: 3.324209213256836 accuracy is 0.7546875 and loss is 0.5158799648284912
At time: 3.7123467922210693 accuracy is 0.7484375 and loss is 0.5336141109466552
Evaluating...
Done Evaluating: Achieved accuracy of 0.7728924418604651
Achieved new best!
Completing Train Step at 1th epoch...
At time: 4.777918338775635 accuracy is 0.7296875 and loss is 0.6634080410003662
At time: 5.005235195159912 accuracy is 0.7359375 and loss is 0.5382498741149903
At time: 5.241986989974976 accuracy is 0.7765625 and loss is 0.46909418106079104
At time: 5.486363172531128 accuracy is 0.8265625 and loss is 0.4034083843231201
At time: 5.737886190414429 accuracy is 0.7921875 and loss is 0.46883249282836914
At time: 5.995838642120361 accuracy is 0.7984375 and loss is 0.45494589805603025
At time: 6.262646198272705 accuracy is 0.8359375 and loss is 0.38522844314575194
At time: 6.535590171813965 accuracy is 0.8125 and loss is 0.42667388916015625
At time: 6.817556381225586 accuracy is 0.825 and loss is 0.37975895404815674
At time: 7.108226537704468 accuracy is 0.825 and loss is 0.3852745294570923
At time: 7.410440444946289 accuracy is 0.875 and loss is 0.2881320953369141
At time: 7.7292320728302 accuracy is 0.8171875 and loss is 0.4951350212097168
Evaluating...
Done Evaluating: Achieved accuracy of 0.7768895348837209
Achieved new best!
Completing Train Step at 2th epoch...
At time: 8.713864803314209 accuracy is 0.7640625 and loss is 0.5918237209320069
At time: 8.947476148605347 accuracy is 0.8546875 and loss is 0.3639081001281738
At time: 9.187211275100708 accuracy is 0.865625 and loss is 0.3308284282684326
At time: 9.429722309112549 accuracy is 0.875 and loss is 0.3032465696334839
At time: 9.679542303085327 accuracy is 0.8453125 and loss is 0.32687366008758545
At time: 9.937236070632935 accuracy is 0.8796875 and loss is 0.2872952461242676
At time: 10.202821731567383 accuracy is 0.8828125 and loss is 0.287625789642334
At time: 10.474685907363892 accuracy is 0.890625 and loss is 0.24941792488098144
At time: 10.762591361999512 accuracy is 0.9171875 and loss is 0.2063668727874756
At time: 11.059798002243042 accuracy is 0.871875 and loss is 0.30470871925354004
At time: 11.363345623016357 accuracy is 0.9171875 and loss is 0.19943569898605346
At time: 11.683150291442871 accuracy is 0.8703125 and loss is 0.3302100419998169
Evaluating...
Done Evaluating: Achieved accuracy of 0.7536337209302325
Not better for 1
Completing Train Step at 3th epoch...
At time: 12.678765296936035 accuracy is 0.7796875 and loss is 0.5099634170532227
At time: 12.916314601898193 accuracy is 0.86875 and loss is 0.3166011095046997
At time: 13.160394430160522 accuracy is 0.9328125 and loss is 0.20077173709869384
At time: 13.406328916549683 accuracy is 0.928125 and loss is 0.15521692037582396
At time: 13.660048723220825 accuracy is 0.871875 and loss is 0.38780741691589354
At time: 13.921253681182861 accuracy is 0.9328125 and loss is 0.16112837791442872
At time: 14.188346147537231 accuracy is 0.959375 and loss is 0.1331764817237854
At time: 14.463633060455322 accuracy is 0.9578125 and loss is 0.10904276371002197
At time: 14.749151945114136 accuracy is 0.9703125 and loss is 0.08882608413696289
At time: 15.044357776641846 accuracy is 0.89375 and loss is 0.33665330410003663
At time: 15.351511240005493 accuracy is 0.928125 and loss is 0.15851051807403566
At time: 15.67513394355774 accuracy is 0.9390625 and loss is 0.19007242918014527
Evaluating...
Done Evaluating: Achieved accuracy of 0.7449127906976745
Not better for 2
Completing Train Step at 4th epoch...
At time: 16.67543125152588 accuracy is 0.85625 and loss is 0.3657525062561035
At time: 16.910903453826904 accuracy is 0.9296875 and loss is 0.2000225305557251
At time: 17.152764558792114 accuracy is 0.959375 and loss is 0.10903512239456177
At time: 17.400256872177124 accuracy is 0.95625 and loss is 0.09883099198341369
At time: 17.653306484222412 accuracy is 0.9453125 and loss is 0.16071003675460815
At time: 17.90954828262329 accuracy is 0.9765625 and loss is 0.07199090719223022
At time: 18.174917221069336 accuracy is 0.9546875 and loss is 0.10076715946197509
At time: 18.447174549102783 accuracy is 0.971875 and loss is 0.07903035283088684
At time: 18.72983455657959 accuracy is 0.965625 and loss is 0.08840420842170715
At time: 19.02024793624878 accuracy is 0.9484375 and loss is 0.15397953987121582
At time: 19.323060750961304 accuracy is 0.98125 and loss is 0.05257021188735962
At time: 19.641918182373047 accuracy is 0.9625 and loss is 0.0971627950668335
Evaluating...
Done Evaluating: Achieved accuracy of 0.7365552325581395
Not better for 3
Completing Train Step at 5th epoch...
At time: 20.613316535949707 accuracy is 0.9 and loss is 0.2717275619506836
At time: 20.83844256401062 accuracy is 0.9515625 and loss is 0.13164999485015869
At time: 21.072807550430298 accuracy is 0.984375 and loss is 0.06467337608337402
At time: 21.32211399078369 accuracy is 0.9734375 and loss is 0.06533011198043823
At time: 21.5742404460907 accuracy is 0.96875 and loss is 0.10118162631988525
At time: 21.834753274917603 accuracy is 0.9578125 and loss is 0.10145002603530884
At time: 22.101711988449097 accuracy is 0.9515625 and loss is 0.14423371553421022
At time: 22.372828245162964 accuracy is 0.9671875 and loss is 0.07295026183128357
At time: 22.65250301361084 accuracy is 0.9640625 and loss is 0.09740812182426453
At time: 22.942980527877808 accuracy is 0.965625 and loss is 0.09249326586723328
At time: 23.246044397354126 accuracy is 0.9640625 and loss is 0.08774519562721253
At time: 23.562638998031616 accuracy is 0.975 and loss is 0.0850209891796112
Evaluating...
Done Evaluating: Achieved accuracy of 0.7420058139534884
Not better for 4
Completing Train Step at 6th epoch...
At time: 24.54253339767456 accuracy is 0.9046875 and loss is 0.27822556495666506
At time: 24.77450942993164 accuracy is 0.9609375 and loss is 0.10383844375610352
At time: 25.013413667678833 accuracy is 0.96875 and loss is 0.0921015202999115
At time: 25.254520177841187 accuracy is 0.9890625 and loss is 0.03517167866230011
At time: 25.501585006713867 accuracy is 0.975 and loss is 0.059768134355545045
At time: 25.758076190948486 accuracy is 0.9765625 and loss is 0.04385055601596832
At time: 26.02173948287964 accuracy is 0.984375 and loss is 0.05422035455703735
At time: 26.294798374176025 accuracy is 0.9890625 and loss is 0.04379069209098816
At time: 26.57634973526001 accuracy is 0.953125 and loss is 0.1696455478668213
At time: 26.8661687374115 accuracy is 0.975 and loss is 0.061181843280792236
At time: 27.169001817703247 accuracy is 0.984375 and loss is 0.04049856066703796
At time: 27.486760139465332 accuracy is 0.98125 and loss is 0.034096908569335935
Evaluating...
Done Evaluating: Achieved accuracy of 0.731468023255814
Not better for 5
Completing Train Step at 7th epoch...
At time: 28.466764450073242 accuracy is 0.909375 and loss is 0.27020394802093506
At time: 28.70062255859375 accuracy is 0.9640625 and loss is 0.08767813444137573
At time: 28.939840078353882 accuracy is 0.984375 and loss is 0.044810044765472415
At time: 29.18174457550049 accuracy is 0.9828125 and loss is 0.04107272326946258
At time: 29.433337450027466 accuracy is 0.98125 and loss is 0.03784899711608887
At time: 29.68962812423706 accuracy is 0.990625 and loss is 0.022316157817840576
At time: 29.954188585281372 accuracy is 0.9890625 and loss is 0.035734280943870544
At time: 30.226425647735596 accuracy is 0.959375 and loss is 0.11380579471588134
At time: 30.50751280784607 accuracy is 0.9734375 and loss is 0.08553407192230225
At time: 30.7985577583313 accuracy is 0.9875 and loss is 0.03788179457187653
At time: 31.100197315216064 accuracy is 0.984375 and loss is 0.05477625131607056
At time: 31.41918420791626 accuracy is 0.9765625 and loss is 0.05535079836845398
Evaluating...
Done Evaluating: Achieved accuracy of 0.7271075581395349
Not better for 6
Completing Train Step at 8th epoch...
At time: 32.4010910987854 accuracy is 0.93125 and loss is 0.172796893119812
At time: 32.634629011154175 accuracy is 0.98125 and loss is 0.058376753330230714
At time: 32.874945402145386 accuracy is 0.978125 and loss is 0.05096774697303772
At time: 33.11660575866699 accuracy is 0.978125 and loss is 0.07377894520759583
At time: 33.36541724205017 accuracy is 0.9859375 and loss is 0.04753752946853638
At time: 33.62178182601929 accuracy is 0.9734375 and loss is 0.06801591515541076
At time: 33.8865122795105 accuracy is 0.975 and loss is 0.07568402886390686
At time: 34.1588454246521 accuracy is 0.9625 and loss is 0.08434693217277527
At time: 34.43743014335632 accuracy is 0.9875 and loss is 0.03977490663528442
At time: 34.727139949798584 accuracy is 0.9890625 and loss is 0.026185405254364014
At time: 35.032395362854004 accuracy is 0.9296875 and loss is 0.21067500114440918
At time: 35.35045552253723 accuracy is 0.9609375 and loss is 0.10753920078277587
Evaluating...
Done Evaluating: Achieved accuracy of 0.7303779069767442
Not better for 7
Completing Train Step at 9th epoch...
At time: 36.33125329017639 accuracy is 0.9265625 and loss is 0.19020166397094726
At time: 36.56542921066284 accuracy is 0.984375 and loss is 0.0625541090965271
At time: 36.80302929878235 accuracy is 0.990625 and loss is 0.03961862027645111
At time: 37.04707622528076 accuracy is 0.990625 and loss is 0.02602563202381134
At time: 37.29452610015869 accuracy is 0.9921875 and loss is 0.02211031913757324
At time: 37.551284074783325 accuracy is 0.984375 and loss is 0.06730265617370605
At time: 37.81559157371521 accuracy is 0.965625 and loss is 0.09257305264472962
At time: 38.088130235672 accuracy is 0.9890625 and loss is 0.04231448173522949
At time: 38.36972165107727 accuracy is 0.9625 and loss is 0.10154083967208863
At time: 38.661455392837524 accuracy is 0.959375 and loss is 0.11891317367553711
At time: 38.96316623687744 accuracy is 0.9515625 and loss is 0.16051727533340454
At time: 39.28014421463013 accuracy is 0.98125 and loss is 0.0655271828174591
Evaluating...
Done Evaluating: Achieved accuracy of 0.7296511627906976
Not better for 8
Completing Train Step at 10th epoch...
At time: 40.263015031814575 accuracy is 0.9453125 and loss is 0.17179282903671264
At time: 40.493141889572144 accuracy is 0.971875 and loss is 0.07389020323753356
At time: 40.73219656944275 accuracy is 0.96875 and loss is 0.10209505558013916
At time: 40.975282192230225 accuracy is 0.98125 and loss is 0.06844229698181152
At time: 41.22548222541809 accuracy is 0.959375 and loss is 0.1243688702583313
At time: 41.48103141784668 accuracy is 0.9828125 and loss is 0.032925599813461305
At time: 41.748480558395386 accuracy is 0.96875 and loss is 0.11476790904998779
At time: 42.020509004592896 accuracy is 0.975 and loss is 0.07260591983795166
At time: 42.30054974555969 accuracy is 0.984375 and loss is 0.040307033061981204
At time: 42.592122077941895 accuracy is 0.9828125 and loss is 0.050081491470336914
At time: 42.89757037162781 accuracy is 0.9703125 and loss is 0.084893399477005
At time: 43.216055154800415 accuracy is 0.96875 and loss is 0.07526541948318481
Evaluating...
Done Evaluating: Achieved accuracy of 0.7445494186046512
Not better for 9
Completing Train Step at 11th epoch...
At time: 44.1989312171936 accuracy is 0.934375 and loss is 0.17855961322784425
At time: 44.453819274902344 accuracy is 0.9375 and loss is 0.17163723707199097
At time: 44.70360350608826 accuracy is 0.9859375 and loss is 0.06117704510688782
At time: 44.94459104537964 accuracy is 0.9703125 and loss is 0.06733862161636353
At time: 45.193368673324585 accuracy is 0.9765625 and loss is 0.0653020679950714
At time: 45.449007749557495 accuracy is 0.9703125 and loss is 0.09109406471252442
At time: 45.71254253387451 accuracy is 0.9828125 and loss is 0.04721401929855347
At time: 45.98740553855896 accuracy is 0.971875 and loss is 0.0809198260307312
At time: 46.2684543132782 accuracy is 0.98125 and loss is 0.05423381328582764
At time: 46.55792284011841 accuracy is 0.9875 and loss is 0.04640620946884155
At time: 46.86175990104675 accuracy is 0.990625 and loss is 0.035065951943397525
At time: 47.178149461746216 accuracy is 0.9921875 and loss is 0.03914189636707306
Evaluating...
Done Evaluating: Achieved accuracy of 0.7394622093023255
Not better for 10
Model not improving. Stopping earlyat 0.7768895348837209 epochs.
Done Training. Achieved Best Accuracy of 0.7768895348837209
Improved accuracyfrom 0.7725290697674418 to 0.7768895348837209
mlpattn
SETTINGS FOR THIS RUN
{'wordvec_source': 'google', 'l2': 0.24996524337597037, 'lr': 0.00042434550732505573, 'wordvec_dim': 300, 'num_layers': 2, 'batch_size': 32, 'data': 'MPQA', 'dropout': 0.6994790175459292, 'rnn_dropout': 0.9249573671133408, 'attention_dim': 90, 'attn_type': 'MLP', 'tune_wordvecs': True}
Using CUDA!
here
MLP
Building RNN Classifier...

[93m    Warning: no model found for 'en'[0m

    Only loading the 'en' tokenizer.

Retrieving Data from file: /home-nfs/siddsach/ml/Interpreting-Attention/interpreting_language/data/mpqa/mpqa_subj_labels.pickle...
Loading Vectors From Memory...
Using these vectors: ['googlenews']
Getting google news vectors
Building Vocab...
[<torchtext.vocab.Vectors object at 0x7fd91f69cef0>]
Getting Batches...
Created Iterator with 261 batches
Getting Batches...
Created Iterator with 87 batches
Building model...
MLP
Using Attention model with following args:
{'num_classes': 2, 'vectors': 
 0.0000  0.0000  0.0000  ...   0.0000  0.0000  0.0000
 0.0000  0.0000  0.0000  ...   0.0000  0.0000  0.0000
 0.0000  0.0000  0.0000  ...   0.0000  0.0000  0.0000
          ...             ⋱             ...          
 0.0000  0.0000  0.0000  ...   0.0000  0.0000  0.0000
 0.0000  0.0000  0.0000  ...   0.0000  0.0000  0.0000
 0.0000  0.0000  0.0000  ...   0.0000  0.0000  0.0000
[torch.FloatTensor of size 15284x300]
, 'cuda': True, 'rnn_dropout': 0.9249573671133408, 'tune_attn': 'True', 'input_size': 300, 'hidden_size': 300, 'num_layers': 2, 'batch_size': 32, 'vocab_size': 15284, 'dropout': 0.6994790175459292, 'attention_dim': 90, 'attn_type': 'MLP', 'train_word_vecs': True}
Begin Training...
Completing Train Step at 0th epoch...
At time: 0.2790822982788086 accuracy is 0.575 and loss is 0.722985029220581
At time: 0.5283746719360352 accuracy is 0.5484375 and loss is 0.6926741123199462
At time: 0.7889437675476074 accuracy is 0.5515625 and loss is 0.6840117454528809
At time: 1.0585651397705078 accuracy is 0.6296875 and loss is 0.6760628700256348
At time: 1.3403491973876953 accuracy is 0.709375 and loss is 0.5889381885528564
At time: 1.6347053050994873 accuracy is 0.709375 and loss is 0.5716903209686279
At time: 1.9400603771209717 accuracy is 0.7171875 and loss is 0.5824091911315918
At time: 2.255857467651367 accuracy is 0.7328125 and loss is 0.5412300586700439
At time: 2.5853464603424072 accuracy is 0.7671875 and loss is 0.5289761543273925
At time: 2.929602861404419 accuracy is 0.75625 and loss is 0.5090367794036865
At time: 3.2926719188690186 accuracy is 0.7140625 and loss is 0.5412778854370117
At time: 3.6794018745422363 accuracy is 0.75625 and loss is 0.5059266567230225
Evaluating...
Done Evaluating: Achieved accuracy of 0.7576308139534884
Achieved new best!
Completing Train Step at 1th epoch...
At time: 4.74967098236084 accuracy is 0.634375 and loss is 0.7178293704986572
At time: 4.985143423080444 accuracy is 0.8015625 and loss is 0.5024876594543457
At time: 5.225750923156738 accuracy is 0.8484375 and loss is 0.36024911403656007
At time: 5.469302654266357 accuracy is 0.840625 and loss is 0.42760000228881834
At time: 5.718713045120239 accuracy is 0.8609375 and loss is 0.3284838914871216
At time: 5.97645902633667 accuracy is 0.8546875 and loss is 0.32080004215240476
At time: 6.241688251495361 accuracy is 0.8734375 and loss is 0.297902512550354
At time: 6.513176679611206 accuracy is 0.8453125 and loss is 0.35436534881591797
At time: 6.792822360992432 accuracy is 0.8578125 and loss is 0.3071368455886841
At time: 7.084443807601929 accuracy is 0.865625 and loss is 0.33702335357666013
At time: 7.3871049880981445 accuracy is 0.8609375 and loss is 0.2991723299026489
At time: 7.70721435546875 accuracy is 0.86875 and loss is 0.3236705780029297
Evaluating...
Done Evaluating: Achieved accuracy of 0.7445494186046512
Not better for 1
Completing Train Step at 2th epoch...
At time: 8.684886693954468 accuracy is 0.7359375 and loss is 0.598655891418457
At time: 8.912475824356079 accuracy is 0.85625 and loss is 0.36526901721954347
At time: 9.148354530334473 accuracy is 0.8984375 and loss is 0.25062296390533445
At time: 9.391333103179932 accuracy is 0.9 and loss is 0.2421327590942383
At time: 9.640486717224121 accuracy is 0.9046875 and loss is 0.24156472682952881
At time: 9.898754358291626 accuracy is 0.9328125 and loss is 0.164583957195282
At time: 10.163920164108276 accuracy is 0.915625 and loss is 0.20766141414642333
At time: 10.436760425567627 accuracy is 0.91875 and loss is 0.20314631462097169
At time: 10.719442367553711 accuracy is 0.95 and loss is 0.1299384355545044
At time: 11.011213302612305 accuracy is 0.9359375 and loss is 0.1495652198791504
At time: 11.315724611282349 accuracy is 0.94375 and loss is 0.11650644540786743
At time: 11.636155366897583 accuracy is 0.9078125 and loss is 0.307887601852417
Evaluating...
Done Evaluating: Achieved accuracy of 0.7292877906976745
Not better for 2
Completing Train Step at 3th epoch...
At time: 12.62183928489685 accuracy is 0.828125 and loss is 0.41335062980651854
At time: 12.854855298995972 accuracy is 0.925 and loss is 0.19683858156204223
At time: 13.094081163406372 accuracy is 0.95 and loss is 0.13573743104934693
At time: 13.337764978408813 accuracy is 0.9375 and loss is 0.1770588755607605
At time: 13.588454723358154 accuracy is 0.953125 and loss is 0.13850049972534179
At time: 13.846225023269653 accuracy is 0.9421875 and loss is 0.15907883644104004
At time: 14.11234164237976 accuracy is 0.9609375 and loss is 0.1333827018737793
At time: 14.384315967559814 accuracy is 0.9546875 and loss is 0.10900297164916992
At time: 14.665627241134644 accuracy is 0.9671875 and loss is 0.08186670541763305
At time: 14.95679783821106 accuracy is 0.965625 and loss is 0.09495441913604737
At time: 15.260449647903442 accuracy is 0.9484375 and loss is 0.16574926376342775
At time: 15.580718517303467 accuracy is 0.925 and loss is 0.20338027477264403
Evaluating...
Done Evaluating: Achieved accuracy of 0.7612645348837209
Achieved new best!
Completing Train Step at 4th epoch...
At time: 16.566387176513672 accuracy is 0.9328125 and loss is 0.24360105991363526
At time: 16.800568342208862 accuracy is 0.95 and loss is 0.20352447032928467
At time: 17.041548490524292 accuracy is 0.9078125 and loss is 0.32179837226867675
At time: 17.28599524497986 accuracy is 0.9359375 and loss is 0.14545828104019165
At time: 17.534919500350952 accuracy is 0.9640625 and loss is 0.10758823156356812
At time: 17.792779207229614 accuracy is 0.9546875 and loss is 0.15316565036773683
At time: 18.058027505874634 accuracy is 0.946875 and loss is 0.13567324876785278
At time: 18.33159565925598 accuracy is 0.921875 and loss is 0.18147813081741332
At time: 18.615026235580444 accuracy is 0.9609375 and loss is 0.10988917350769042
At time: 18.906646728515625 accuracy is 0.96875 and loss is 0.0832659900188446
At time: 19.210096836090088 accuracy is 0.9578125 and loss is 0.10485343933105469
At time: 19.53011679649353 accuracy is 0.915625 and loss is 0.22716937065124512
Evaluating...
Done Evaluating: Achieved accuracy of 0.7452761627906976
Not better for 1
Completing Train Step at 5th epoch...
At time: 20.51610803604126 accuracy is 0.9640625 and loss is 0.15654529333114625
At time: 20.74881863594055 accuracy is 0.975 and loss is 0.06361533403396606
At time: 20.994242429733276 accuracy is 0.9328125 and loss is 0.23087282180786134
At time: 21.269608736038208 accuracy is 0.9546875 and loss is 0.13425272703170776
At time: 21.54335379600525 accuracy is 0.946875 and loss is 0.13413805961608888
At time: 21.811681747436523 accuracy is 0.940625 and loss is 0.15529651641845704
At time: 22.084228515625 accuracy is 0.9734375 and loss is 0.08429670333862305
At time: 22.36253333091736 accuracy is 0.9765625 and loss is 0.07971460819244384
At time: 22.64844250679016 accuracy is 0.984375 and loss is 0.048615720868110654
At time: 22.961808443069458 accuracy is 0.9609375 and loss is 0.12405877113342285
At time: 23.278356552124023 accuracy is 0.9640625 and loss is 0.08796940445899963
At time: 23.598376274108887 accuracy is 0.9625 and loss is 0.10684407949447632
Evaluating...
Done Evaluating: Achieved accuracy of 0.7434593023255814
Not better for 2
Completing Train Step at 6th epoch...
At time: 24.585203886032104 accuracy is 0.9625 and loss is 0.12218438386917115
At time: 24.819443464279175 accuracy is 0.984375 and loss is 0.03849063813686371
At time: 25.06071162223816 accuracy is 0.959375 and loss is 0.15703316926956176
At time: 25.304961442947388 accuracy is 0.9546875 and loss is 0.11686367988586426
At time: 25.554433584213257 accuracy is 0.9765625 and loss is 0.06233585476875305
At time: 25.81369972229004 accuracy is 0.971875 and loss is 0.11344746351242066
At time: 26.085628509521484 accuracy is 0.984375 and loss is 0.054812902212142946
At time: 26.36150336265564 accuracy is 0.975 and loss is 0.08494889736175537
At time: 26.645126819610596 accuracy is 0.9734375 and loss is 0.05457545518875122
At time: 26.93917226791382 accuracy is 0.9453125 and loss is 0.17583950757980346
At time: 27.244017601013184 accuracy is 0.98125 and loss is 0.05965188145637512
At time: 27.563782215118408 accuracy is 0.975 and loss is 0.10580792427062988
Evaluating...
Done Evaluating: Achieved accuracy of 0.7496366279069767
Not better for 3
Completing Train Step at 7th epoch...
At time: 28.54976487159729 accuracy is 0.9703125 and loss is 0.08659631013870239
At time: 28.78441834449768 accuracy is 0.9703125 and loss is 0.07280550599098205
At time: 29.02511429786682 accuracy is 0.91875 and loss is 0.19312398433685302
At time: 29.26952075958252 accuracy is 0.971875 and loss is 0.07605859041213989
At time: 29.519484281539917 accuracy is 0.9859375 and loss is 0.04895949363708496
At time: 29.778035879135132 accuracy is 0.971875 and loss is 0.0715706467628479
At time: 30.04446029663086 accuracy is 0.96875 and loss is 0.09167112708091736
At time: 30.31794500350952 accuracy is 0.940625 and loss is 0.17254658937454223
At time: 30.600663900375366 accuracy is 0.9640625 and loss is 0.10116688013076783
At time: 30.89311146736145 accuracy is 0.9765625 and loss is 0.05095435976982117
At time: 31.196532487869263 accuracy is 0.95625 and loss is 0.09427694082260132
At time: 31.516996383666992 accuracy is 0.96875 and loss is 0.10400947332382202
Evaluating...
Done Evaluating: Achieved accuracy of 0.751453488372093
Not better for 4
Completing Train Step at 8th epoch...
At time: 32.491663455963135 accuracy is 0.971875 and loss is 0.12292847633361817
At time: 32.71770358085632 accuracy is 0.984375 and loss is 0.05700517892837524
At time: 32.95188593864441 accuracy is 0.9546875 and loss is 0.0977711796760559
At time: 33.193172216415405 accuracy is 0.9890625 and loss is 0.03847745656967163
At time: 33.440715312957764 accuracy is 0.99375 and loss is 0.02464825361967087
At time: 33.697997093200684 accuracy is 0.9921875 and loss is 0.028874340653419494
At time: 33.96262240409851 accuracy is 0.9765625 and loss is 0.08088977932929993
At time: 34.23463273048401 accuracy is 0.9765625 and loss is 0.09120645523071289
At time: 34.514554023742676 accuracy is 0.990625 and loss is 0.03686021864414215
At time: 34.80209970474243 accuracy is 0.99375 and loss is 0.018856629729270935
At time: 35.10298490524292 accuracy is 0.99375 and loss is 0.017533174157142638
At time: 35.419960737228394 accuracy is 0.978125 and loss is 0.07553231716156006
Evaluating...
Done Evaluating: Achieved accuracy of 0.7245639534883721
Not better for 5
Completing Train Step at 9th epoch...
At time: 36.3823082447052 accuracy is 0.9625 and loss is 0.10512425899505615
At time: 36.60845875740051 accuracy is 0.975 and loss is 0.08297575712203979
At time: 36.842469930648804 accuracy is 0.98125 and loss is 0.05342667102813721
At time: 37.08433699607849 accuracy is 0.9765625 and loss is 0.06792276501655578
At time: 37.332499265670776 accuracy is 0.9625 and loss is 0.13731352090835572
At time: 37.58824968338013 accuracy is 0.96875 and loss is 0.12878178358078002
At time: 37.8535680770874 accuracy is 0.95 and loss is 0.14029228687286377
At time: 38.127663373947144 accuracy is 0.971875 and loss is 0.07884239554405212
At time: 38.409908056259155 accuracy is 0.9875 and loss is 0.030579203367233278
At time: 38.702085733413696 accuracy is 0.9828125 and loss is 0.04913234412670135
At time: 39.00621724128723 accuracy is 0.9953125 and loss is 0.027873387932777403
At time: 39.32556509971619 accuracy is 0.9921875 and loss is 0.0435448408126831
Evaluating...
Done Evaluating: Achieved accuracy of 0.7536337209302325
Not better for 6
Completing Train Step at 10th epoch...
At time: 40.304283618927 accuracy is 0.98125 and loss is 0.0658450722694397
At time: 40.53728985786438 accuracy is 0.990625 and loss is 0.027816322445869446
At time: 40.77602505683899 accuracy is 0.9953125 and loss is 0.01587919443845749
At time: 41.020360231399536 accuracy is 0.9515625 and loss is 0.19842820167541503
At time: 41.27023196220398 accuracy is 0.975 and loss is 0.09606656432151794
At time: 41.52767872810364 accuracy is 0.984375 and loss is 0.05338554382324219
At time: 41.79166865348816 accuracy is 0.990625 and loss is 0.024734741449356078
At time: 42.06411004066467 accuracy is 0.9859375 and loss is 0.0598068356513977
At time: 42.34727478027344 accuracy is 0.984375 and loss is 0.06201906800270081
At time: 42.63758850097656 accuracy is 0.990625 and loss is 0.019282062351703644
At time: 42.94107627868652 accuracy is 0.984375 and loss is 0.05049484968185425
At time: 43.262134313583374 accuracy is 0.978125 and loss is 0.07742460370063782
Evaluating...
Done Evaluating: Achieved accuracy of 0.7481831395348837
Not better for 7
Completing Train Step at 11th epoch...
At time: 44.24534487724304 accuracy is 0.9796875 and loss is 0.06328179240226746
At time: 44.480857372283936 accuracy is 0.978125 and loss is 0.060447728633880614
At time: 44.720728397369385 accuracy is 0.9875 and loss is 0.0368397980928421
At time: 44.96452522277832 accuracy is 0.9890625 and loss is 0.02789183259010315
At time: 45.215158224105835 accuracy is 0.99375 and loss is 0.035955995321273804
At time: 45.4737663269043 accuracy is 0.9875 and loss is 0.040356358885765074
At time: 45.74139714241028 accuracy is 0.9765625 and loss is 0.05413770079612732
At time: 46.01632356643677 accuracy is 0.9796875 and loss is 0.06959463357925415
At time: 46.29755353927612 accuracy is 0.99375 and loss is 0.018374018371105194
At time: 46.58840608596802 accuracy is 0.996875 and loss is 0.015119673311710357
At time: 46.89261245727539 accuracy is 0.990625 and loss is 0.03225663900375366
At time: 47.21147561073303 accuracy is 0.9875 and loss is 0.04443196654319763
Evaluating...
Done Evaluating: Achieved accuracy of 0.7467296511627907
Not better for 8
Completing Train Step at 12th epoch...
At time: 48.19344115257263 accuracy is 0.98125 and loss is 0.05389639735221863
At time: 48.42566442489624 accuracy is 0.9859375 and loss is 0.03908180594444275
At time: 48.6655113697052 accuracy is 0.98125 and loss is 0.03827399015426636
At time: 48.91015934944153 accuracy is 0.9578125 and loss is 0.1246347188949585
At time: 49.16100478172302 accuracy is 0.971875 and loss is 0.09096065759658814
At time: 49.42020869255066 accuracy is 0.9703125 and loss is 0.07059089541435241
At time: 49.68569564819336 accuracy is 0.9875 and loss is 0.04063898921012878
At time: 49.961357831954956 accuracy is 0.9515625 and loss is 0.16545746326446534
At time: 50.24333167076111 accuracy is 0.9828125 and loss is 0.02691284716129303
At time: 50.53419327735901 accuracy is 1.0 and loss is 0.002572241052985191
At time: 50.83858871459961 accuracy is 0.978125 and loss is 0.05227513313293457
At time: 51.159343957901 accuracy is 0.984375 and loss is 0.07986633777618408
Evaluating...
Done Evaluating: Achieved accuracy of 0.7463662790697675
Not better for 9
Completing Train Step at 13th epoch...
At time: 52.14534068107605 accuracy is 0.9921875 and loss is 0.04405310153961182
At time: 52.377543210983276 accuracy is 0.990625 and loss is 0.028870409727096556
At time: 52.61610007286072 accuracy is 0.975 and loss is 0.07290424704551697
At time: 52.857765674591064 accuracy is 0.9890625 and loss is 0.04583280086517334
At time: 53.13558030128479 accuracy is 0.9796875 and loss is 0.06458202600479127
At time: 53.40665674209595 accuracy is 1.0 and loss is 0.007073433697223663
At time: 53.674216747283936 accuracy is 0.975 and loss is 0.059982842206954955
At time: 53.94705533981323 accuracy is 0.9890625 and loss is 0.0387686550617218
At time: 54.228760957717896 accuracy is 0.9921875 and loss is 0.03313020169734955
At time: 54.518006563186646 accuracy is 0.98125 and loss is 0.0590918242931366
At time: 54.820335149765015 accuracy is 0.9796875 and loss is 0.03599381744861603
At time: 55.13926959037781 accuracy is 0.9703125 and loss is 0.07889189124107361
Evaluating...
Done Evaluating: Achieved accuracy of 0.734375
Not better for 10
Model not improving. Stopping earlyat 0.7612645348837209 epochs.
Done Training. Achieved Best Accuracy of 0.7612645348837209
mlpattn
SETTINGS FOR THIS RUN
{'wordvec_source': 'google', 'l2': 0.8192328269180098, 'lr': 0.0032594603466916984, 'wordvec_dim': 300, 'num_layers': 2, 'batch_size': 32, 'data': 'MPQA', 'dropout': 0.7508292972953756, 'rnn_dropout': 0.375567954073871, 'attention_dim': 25, 'attn_type': 'MLP', 'tune_wordvecs': True}
Using CUDA!
here
MLP
Building RNN Classifier...

[93m    Warning: no model found for 'en'[0m

    Only loading the 'en' tokenizer.

Retrieving Data from file: /home-nfs/siddsach/ml/Interpreting-Attention/interpreting_language/data/mpqa/mpqa_subj_labels.pickle...
Loading Vectors From Memory...
Using these vectors: ['googlenews']
Getting google news vectors
Building Vocab...
[<torchtext.vocab.Vectors object at 0x7fd9255074e0>]
Getting Batches...
Created Iterator with 261 batches
Getting Batches...
Created Iterator with 87 batches
Building model...
MLP
Using Attention model with following args:
{'num_classes': 2, 'vectors': 
 0.0000  0.0000  0.0000  ...   0.0000  0.0000  0.0000
 0.0000  0.0000  0.0000  ...   0.0000  0.0000  0.0000
 0.0000  0.0000  0.0000  ...   0.0000  0.0000  0.0000
          ...             ⋱             ...          
 0.0000  0.0000  0.0000  ...   0.0000  0.0000  0.0000
 0.0000  0.0000  0.0000  ...   0.0000  0.0000  0.0000
 0.0000  0.0000  0.0000  ...   0.0000  0.0000  0.0000
[torch.FloatTensor of size 15284x300]
, 'cuda': True, 'rnn_dropout': 0.375567954073871, 'tune_attn': 'True', 'input_size': 300, 'hidden_size': 300, 'num_layers': 2, 'batch_size': 32, 'vocab_size': 15284, 'dropout': 0.7508292972953756, 'attention_dim': 25, 'attn_type': 'MLP', 'train_word_vecs': True}
Begin Training...
Completing Train Step at 0th epoch...
At time: 0.2809336185455322 accuracy is 0.5375 and loss is 0.7270792961120606
At time: 0.5372402667999268 accuracy is 0.4765625 and loss is 0.7332266330718994
At time: 0.7998385429382324 accuracy is 0.55625 and loss is 0.7123700618743897
At time: 1.0710983276367188 accuracy is 0.5015625 and loss is 0.7068150520324707
At time: 1.3525843620300293 accuracy is 0.5296875 and loss is 0.7024187564849853
At time: 1.6468613147735596 accuracy is 0.53125 and loss is 0.7172552585601807
At time: 1.9520936012268066 accuracy is 0.51875 and loss is 0.7218042373657226
At time: 2.26784348487854 accuracy is 0.5296875 and loss is 0.7065390110015869
At time: 2.596601963043213 accuracy is 0.5359375 and loss is 0.7259509563446045
At time: 2.939124822616577 accuracy is 0.5265625 and loss is 0.7041802406311035
At time: 3.299995183944702 accuracy is 0.6546875 and loss is 0.6697733879089356
At time: 3.684922218322754 accuracy is 0.6 and loss is 0.6803759574890137
Evaluating...
Done Evaluating: Achieved accuracy of 0.5628633720930233
Achieved new best!
Completing Train Step at 1th epoch...
At time: 4.748369932174683 accuracy is 0.54375 and loss is 0.7330523014068604
At time: 4.980288982391357 accuracy is 0.528125 and loss is 0.7124100685119629
At time: 5.219061374664307 accuracy is 0.5203125 and loss is 0.7150900840759278
At time: 5.46025276184082 accuracy is 0.525 and loss is 0.6958465576171875
At time: 5.70803427696228 accuracy is 0.5734375 and loss is 0.6727789402008056
At time: 5.964841842651367 accuracy is 0.575 and loss is 0.6969136714935302
At time: 6.228281497955322 accuracy is 0.5875 and loss is 0.6616409301757813
At time: 6.499133348464966 accuracy is 0.6390625 and loss is 0.6769557952880859
At time: 6.778419733047485 accuracy is 0.6765625 and loss is 0.582598066329956
At time: 7.0665507316589355 accuracy is 0.665625 and loss is 0.5930018424987793
At time: 7.367963075637817 accuracy is 0.7171875 and loss is 0.5759364604949951
At time: 7.686219930648804 accuracy is 0.703125 and loss is 0.5743071079254151
Evaluating...
Done Evaluating: Achieved accuracy of 0.7009447674418605
Achieved new best!
Completing Train Step at 2th epoch...
At time: 8.666250228881836 accuracy is 0.621875 and loss is 0.6362533569335938
At time: 8.897550106048584 accuracy is 0.715625 and loss is 0.5473641872406005
At time: 9.135644674301147 accuracy is 0.690625 and loss is 0.5631891250610351
At time: 9.37780237197876 accuracy is 0.6703125 and loss is 0.6643450736999512
At time: 9.625860214233398 accuracy is 0.8046875 and loss is 0.43440952301025393
At time: 9.881342887878418 accuracy is 0.765625 and loss is 0.5065871715545655
At time: 10.145261764526367 accuracy is 0.78125 and loss is 0.47249565124511717
At time: 10.415823459625244 accuracy is 0.83125 and loss is 0.40062875747680665
At time: 10.695997476577759 accuracy is 0.8375 and loss is 0.4216815948486328
At time: 10.98404574394226 accuracy is 0.8265625 and loss is 0.3883316993713379
At time: 11.285130023956299 accuracy is 0.828125 and loss is 0.3688978910446167
At time: 11.601640701293945 accuracy is 0.8328125 and loss is 0.3691978454589844
Evaluating...
Done Evaluating: Achieved accuracy of 0.7427325581395349
Achieved new best!
Completing Train Step at 3th epoch...
At time: 12.567898035049438 accuracy is 0.8265625 and loss is 0.4485588550567627
At time: 12.792961835861206 accuracy is 0.9078125 and loss is 0.3008610010147095
At time: 13.026464700698853 accuracy is 0.840625 and loss is 0.417681360244751
At time: 13.267431735992432 accuracy is 0.7703125 and loss is 0.5163551807403565
At time: 13.514356851577759 accuracy is 0.8734375 and loss is 0.295347261428833
At time: 13.769981384277344 accuracy is 0.846875 and loss is 0.39068331718444826
At time: 14.03299856185913 accuracy is 0.8671875 and loss is 0.33256580829620364
At time: 14.304187059402466 accuracy is 0.85625 and loss is 0.32824182510375977
At time: 14.583550214767456 accuracy is 0.875 and loss is 0.3059823751449585
At time: 14.869844198226929 accuracy is 0.9046875 and loss is 0.22322068214416504
At time: 15.170931339263916 accuracy is 0.884375 and loss is 0.27006094455718993
At time: 15.486927270889282 accuracy is 0.909375 and loss is 0.23843863010406494
Evaluating...
Done Evaluating: Achieved accuracy of 0.7547238372093024
Achieved new best!
Completing Train Step at 4th epoch...
At time: 16.454939603805542 accuracy is 0.91875 and loss is 0.2993443489074707
At time: 16.679412364959717 accuracy is 0.9109375 and loss is 0.25915327072143557
At time: 16.91448450088501 accuracy is 0.8953125 and loss is 0.27525265216827394
At time: 17.157115936279297 accuracy is 0.8359375 and loss is 0.41583962440490724
At time: 17.405725479125977 accuracy is 0.884375 and loss is 0.2836876630783081
At time: 17.661205530166626 accuracy is 0.853125 and loss is 0.3665163040161133
At time: 17.92552924156189 accuracy is 0.8640625 and loss is 0.31243655681610105
At time: 18.19730019569397 accuracy is 0.88125 and loss is 0.2701982021331787
At time: 18.477221727371216 accuracy is 0.8828125 and loss is 0.29875907897949217
At time: 18.76637101173401 accuracy is 0.9390625 and loss is 0.16680108308792113
At time: 19.067378282546997 accuracy is 0.925 and loss is 0.19394474029541015
At time: 19.383415937423706 accuracy is 0.9390625 and loss is 0.15703694820404052
Evaluating...
Done Evaluating: Achieved accuracy of 0.7427325581395349
Not better for 1
Completing Train Step at 5th epoch...
At time: 20.34768795967102 accuracy is 0.909375 and loss is 0.32756810188293456
At time: 20.573988437652588 accuracy is 0.9109375 and loss is 0.2108510971069336
At time: 20.80693745613098 accuracy is 0.9109375 and loss is 0.2161342144012451
At time: 21.04787302017212 accuracy is 0.8828125 and loss is 0.35076122283935546
At time: 21.297495126724243 accuracy is 0.8953125 and loss is 0.3030325651168823
At time: 21.553150415420532 accuracy is 0.925 and loss is 0.18167383670806886
At time: 21.81655192375183 accuracy is 0.91875 and loss is 0.22328100204467774
At time: 22.088189125061035 accuracy is 0.8953125 and loss is 0.23047778606414795
At time: 22.36787486076355 accuracy is 0.9265625 and loss is 0.19801480770111085
At time: 22.65631103515625 accuracy is 0.946875 and loss is 0.14968396425247193
At time: 22.95866823196411 accuracy is 0.9375 and loss is 0.14659521579742432
At time: 23.275951385498047 accuracy is 0.95625 and loss is 0.13174762725830078
Evaluating...
Done Evaluating: Achieved accuracy of 0.7231104651162791
Not better for 2
Completing Train Step at 6th epoch...
At time: 24.25373864173889 accuracy is 0.921875 and loss is 0.21693224906921388
At time: 24.486396074295044 accuracy is 0.9421875 and loss is 0.15464915037155152
At time: 24.724965810775757 accuracy is 0.9375 and loss is 0.14760961532592773
At time: 24.965967178344727 accuracy is 0.91875 and loss is 0.2273719549179077
At time: 25.21392297744751 accuracy is 0.9234375 and loss is 0.18336989879608154
At time: 25.471038103103638 accuracy is 0.9640625 and loss is 0.09908481240272522
At time: 25.73415994644165 accuracy is 0.928125 and loss is 0.1889810800552368
At time: 26.005554914474487 accuracy is 0.921875 and loss is 0.18956599235534669
At time: 26.285420417785645 accuracy is 0.9546875 and loss is 0.15481730699539184
At time: 26.576639890670776 accuracy is 0.965625 and loss is 0.09526242017745971
At time: 26.882301330566406 accuracy is 0.971875 and loss is 0.07237039804458618
At time: 27.212549924850464 accuracy is 0.959375 and loss is 0.12317924499511719
Evaluating...
Done Evaluating: Achieved accuracy of 0.7452761627906976
Not better for 3
Completing Train Step at 7th epoch...
At time: 28.18845272064209 accuracy is 0.9390625 and loss is 0.19231418371200562
At time: 28.413492918014526 accuracy is 0.9734375 and loss is 0.09476581811904908
At time: 28.645304679870605 accuracy is 0.95 and loss is 0.12100096940994262
At time: 28.887397289276123 accuracy is 0.940625 and loss is 0.16951767206192017
At time: 29.13377046585083 accuracy is 0.946875 and loss is 0.12505894899368286
At time: 29.38896870613098 accuracy is 0.9421875 and loss is 0.12985268831253052
At time: 29.65314507484436 accuracy is 0.91875 and loss is 0.2069021224975586
At time: 29.92414617538452 accuracy is 0.9140625 and loss is 0.1952551007270813
At time: 30.204116344451904 accuracy is 0.9484375 and loss is 0.1551521897315979
At time: 30.493321180343628 accuracy is 0.9671875 and loss is 0.10227183103561402
At time: 30.795202016830444 accuracy is 0.95625 and loss is 0.10621052980422974
At time: 31.11267614364624 accuracy is 0.95625 and loss is 0.11054904460906982
Evaluating...
Done Evaluating: Achieved accuracy of 0.7151162790697675
Not better for 4
Completing Train Step at 8th epoch...
At time: 32.087955951690674 accuracy is 0.9296875 and loss is 0.21770868301391602
At time: 32.320032596588135 accuracy is 0.9640625 and loss is 0.10011602640151977
At time: 32.55740404129028 accuracy is 0.9546875 and loss is 0.11263859272003174
At time: 32.798468351364136 accuracy is 0.9515625 and loss is 0.11125391721725464
At time: 33.04670023918152 accuracy is 0.95625 and loss is 0.1035077691078186
At time: 33.302037477493286 accuracy is 0.971875 and loss is 0.0831476092338562
At time: 33.56586813926697 accuracy is 0.9515625 and loss is 0.16911416053771972
At time: 33.836223125457764 accuracy is 0.94375 and loss is 0.15639126300811768
At time: 34.114848375320435 accuracy is 0.946875 and loss is 0.1567737340927124
At time: 34.40250515937805 accuracy is 0.95625 and loss is 0.11686389446258545
At time: 34.70417070388794 accuracy is 0.9546875 and loss is 0.10653179883956909
At time: 35.02108359336853 accuracy is 0.95 and loss is 0.15843325853347778
Evaluating...
Done Evaluating: Achieved accuracy of 0.7263808139534884
Not better for 5
Completing Train Step at 9th epoch...
At time: 35.99825382232666 accuracy is 0.9140625 and loss is 0.21596360206604004
At time: 36.23081374168396 accuracy is 0.953125 and loss is 0.11207213401794433
At time: 36.46958827972412 accuracy is 0.93125 and loss is 0.1777701497077942
At time: 36.71042037010193 accuracy is 0.95625 and loss is 0.12094862461090088
At time: 36.957963705062866 accuracy is 0.965625 and loss is 0.09328330159187317
At time: 37.21320295333862 accuracy is 0.9609375 and loss is 0.08956969380378724
At time: 37.47653341293335 accuracy is 0.9484375 and loss is 0.13643707036972047
At time: 37.748043060302734 accuracy is 0.94375 and loss is 0.15025928020477294
At time: 38.02692532539368 accuracy is 0.959375 and loss is 0.11660000085830688
At time: 38.313748836517334 accuracy is 0.9859375 and loss is 0.06263555288314819
At time: 38.61469078063965 accuracy is 0.9609375 and loss is 0.08154951333999634
At time: 38.93086862564087 accuracy is 0.9734375 and loss is 0.08193399906158447
Evaluating...
Done Evaluating: Achieved accuracy of 0.7180232558139535
Not better for 6
Completing Train Step at 10th epoch...
At time: 39.896453857421875 accuracy is 0.91875 and loss is 0.18643952608108522
At time: 40.12074089050293 accuracy is 0.95 and loss is 0.11632711887359619
At time: 40.3547306060791 accuracy is 0.965625 and loss is 0.10147930383682251
At time: 40.59485220909119 accuracy is 0.9609375 and loss is 0.1260169506072998
At time: 40.842543840408325 accuracy is 0.95625 and loss is 0.09310455918312073
At time: 41.097479581832886 accuracy is 0.9703125 and loss is 0.07500829696655273
At time: 41.36166596412659 accuracy is 0.9546875 and loss is 0.1270919919013977
At time: 41.65353751182556 accuracy is 0.9609375 and loss is 0.11244093179702759
At time: 41.94476675987244 accuracy is 0.9609375 and loss is 0.09396208524703979
At time: 42.23280119895935 accuracy is 0.965625 and loss is 0.0876196026802063
At time: 42.53451943397522 accuracy is 0.971875 and loss is 0.08505018949508666
At time: 42.84974479675293 accuracy is 0.9734375 and loss is 0.07832525372505188
Evaluating...
Done Evaluating: Achieved accuracy of 0.7169331395348837
Not better for 7
Completing Train Step at 11th epoch...
At time: 43.82075333595276 accuracy is 0.9421875 and loss is 0.1965940237045288
At time: 44.07611060142517 accuracy is 0.9609375 and loss is 0.10997592210769654
At time: 44.33550763130188 accuracy is 0.9515625 and loss is 0.12081004381179809
At time: 44.583436727523804 accuracy is 0.9546875 and loss is 0.11242063045501709
At time: 44.835100173950195 accuracy is 0.9515625 and loss is 0.11286762952804566
At time: 45.09552264213562 accuracy is 0.978125 and loss is 0.07695711851119995
At time: 45.362868785858154 accuracy is 0.9484375 and loss is 0.1251437783241272
At time: 45.63640308380127 accuracy is 0.94375 and loss is 0.1515371322631836
At time: 45.9163134098053 accuracy is 0.9484375 and loss is 0.09951834678649903
At time: 46.20798897743225 accuracy is 0.9578125 and loss is 0.0975363552570343
At time: 46.51350545883179 accuracy is 0.965625 and loss is 0.08149936199188232
At time: 46.832916498184204 accuracy is 0.9390625 and loss is 0.18152499198913574
Evaluating...
Done Evaluating: Achieved accuracy of 0.735828488372093
Not better for 8
Completing Train Step at 12th epoch...
At time: 47.8143584728241 accuracy is 0.940625 and loss is 0.16694995164871215
At time: 48.0462007522583 accuracy is 0.9546875 and loss is 0.10993155241012573
At time: 48.284631967544556 accuracy is 0.9515625 and loss is 0.12167109251022339
At time: 48.525789737701416 accuracy is 0.9578125 and loss is 0.09530894756317139
At time: 48.77343487739563 accuracy is 0.959375 and loss is 0.1317729115486145
At time: 49.02885317802429 accuracy is 0.965625 and loss is 0.11069823503494262
At time: 49.292107343673706 accuracy is 0.959375 and loss is 0.13178459405899048
At time: 49.563687324523926 accuracy is 0.9640625 and loss is 0.088712877035141
At time: 49.84394717216492 accuracy is 0.959375 and loss is 0.10656137466430664
At time: 50.13432788848877 accuracy is 0.971875 and loss is 0.09118329882621765
At time: 50.43613052368164 accuracy is 0.9578125 and loss is 0.0943648099899292
At time: 50.7542622089386 accuracy is 0.9515625 and loss is 0.12379999160766601
Evaluating...
Done Evaluating: Achieved accuracy of 0.7376453488372093
Not better for 9
Completing Train Step at 13th epoch...
At time: 51.73285794258118 accuracy is 0.921875 and loss is 0.1812012553215027
At time: 51.971678733825684 accuracy is 0.9515625 and loss is 0.11708953380584716
At time: 52.22346115112305 accuracy is 0.9671875 and loss is 0.08805466294288636
At time: 52.4759635925293 accuracy is 0.9484375 and loss is 0.12396414279937744
At time: 52.730308532714844 accuracy is 0.9515625 and loss is 0.13378431797027587
At time: 52.988935232162476 accuracy is 0.9515625 and loss is 0.13151948451995848
At time: 53.254295110702515 accuracy is 0.9484375 and loss is 0.14062800407409667
At time: 53.52806115150452 accuracy is 0.965625 and loss is 0.11229290962219238
At time: 53.82216501235962 accuracy is 0.9546875 and loss is 0.12442251443862914
At time: 54.12773323059082 accuracy is 0.965625 and loss is 0.0829322874546051
At time: 54.43909764289856 accuracy is 0.94375 and loss is 0.14148528575897218
At time: 54.7581684589386 accuracy is 0.9609375 and loss is 0.1349851369857788
Evaluating...
Done Evaluating: Achieved accuracy of 0.7256540697674418
Not better for 10
Model not improving. Stopping earlyat 0.7547238372093024 epochs.
Done Training. Achieved Best Accuracy of 0.7547238372093024
mlpattn



RESULTS:
[{'params': {'wordvec_source': 'google', 'l2': 0.7433775377196628, 'lr': 0.001113536256981645, 'wordvec_dim': 300, 'num_layers': 2, 'batch_size': 32, 'data': 'MPQA', 'dropout': 0.8137021480361936, 'rnn_dropout': 0.25057418554773425, 'attention_dim': 49, 'attn_type': 'MLP', 'tune_wordvecs': True}, 'best_accuracy': 0.7725290697674418}, {'params': {'wordvec_source': 'google', 'l2': 0.6476110409542828, 'lr': 0.0015284335657600365, 'wordvec_dim': 300, 'num_layers': 2, 'batch_size': 32, 'data': 'MPQA', 'dropout': 0.6460126455736573, 'rnn_dropout': 0.39827740022863267, 'attention_dim': 55, 'attn_type': 'MLP', 'tune_wordvecs': True}, 'best_accuracy': 0.7547238372093024}, {'params': {'wordvec_source': 'google', 'l2': 0.4031319196325508, 'lr': 0.00123855171407749, 'wordvec_dim': 300, 'num_layers': 2, 'batch_size': 32, 'data': 'MPQA', 'dropout': 0.7795251956057494, 'rnn_dropout': 0.05007256963992002, 'attention_dim': 77, 'attn_type': 'MLP', 'tune_wordvecs': True}, 'best_accuracy': 0.7768895348837209}, {'params': {'wordvec_source': 'google', 'l2': 0.24996524337597037, 'lr': 0.00042434550732505573, 'wordvec_dim': 300, 'num_layers': 2, 'batch_size': 32, 'data': 'MPQA', 'dropout': 0.6994790175459292, 'rnn_dropout': 0.9249573671133408, 'attention_dim': 90, 'attn_type': 'MLP', 'tune_wordvecs': True}, 'best_accuracy': 0.7612645348837209}, {'params': {'wordvec_source': 'google', 'l2': 0.8192328269180098, 'lr': 0.0032594603466916984, 'wordvec_dim': 300, 'num_layers': 2, 'batch_size': 32, 'data': 'MPQA', 'dropout': 0.7508292972953756, 'rnn_dropout': 0.375567954073871, 'attention_dim': 25, 'attn_type': 'MLP', 'tune_wordvecs': True}, 'best_accuracy': 0.7547238372093024}]
