ROOT_PATH: /home-nfs/siddsach/ml/Interpreting-Attention/interpreting_language
Building Bayesian Optimizer for 
 data:MPQA 
 choices:[{'name': 'lr', 'domain': [5e-05, 0.005], 'type': 'continuous'}, {'name': 'rnn_dropout', 'domain': [0, 1], 'type': 'continuous'}, {'name': 'dropout', 'domain': [0, 1], 'type': 'continuous'}, {'name': 'l2', 'domain': [0, 1], 'type': 'continuous'}]
SETTINGS FOR THIS RUN
{'data': 'MPQA', 'l2': 0.6653847258089935, 'wordvec_source': 'None', 'num_layers': 3, 'tune_wordvecs': True, 'lr': 0.0001165964005911514, 'wordvec_dim': 300, 'attn_type': 'similarity', 'rnn_dropout': 0.47413072714180093, 'dropout': 0.7151078393950075, 'tune_attn': False, 'batch_size': 32}
Using CUDA!
here
similarity
Building RNN Classifier...

[93m    Warning: no model found for 'en'[0m

    Only loading the 'en' tokenizer.

Retrieving Data from file: /home-nfs/siddsach/ml/Interpreting-Attention/interpreting_language/data/mpqa/mpqa_subj_labels.pickle...
Loading Vectors From Memory...
Not using pretrained wordvectors
Building Vocab...
[]
Getting Batches...
Created Iterator with 261 batches
Getting Batches...
Created Iterator with 87 batches
Building model...
similarity
Using Attention model with following args:
{'vocab_size': 15284, 'num_layers': 3, 'hidden_size': 300, 'attention_dim': 350, 'train_word_vecs': True, 'rnn_dropout': 0.47413072714180093, 'num_classes': 2, 'dropout': 0.7151078393950075, 'attn_type': 'similarity', 'input_size': 300, 'tune_attn': False, 'cuda': True, 'vectors': None, 'batch_size': 32}
Begin Training...
Completing Train Step at 0th epoch...
Traceback (most recent call last):
  File "tune_models.py", line 186, in <module>
    batch_size = args.batch_size, seq_len = args.seq_len)
  File "tune_models.py", line 67, in __init__
    exact_feval = True
  File "/home-nfs/siddsach/anaconda3/lib/python3.5/site-packages/GPyOpt/methods/bayesian_optimization.py", line 117, in __init__
    self._init_design_chooser()
  File "/home-nfs/siddsach/anaconda3/lib/python3.5/site-packages/GPyOpt/methods/bayesian_optimization.py", line 192, in _init_design_chooser
    self.Y, _ = self.objective.evaluate(self.X)
  File "/home-nfs/siddsach/anaconda3/lib/python3.5/site-packages/GPyOpt/core/task/objective.py", line 50, in evaluate
    f_evals, cost_evals = self._eval_func(x)
  File "/home-nfs/siddsach/anaconda3/lib/python3.5/site-packages/GPyOpt/core/task/objective.py", line 74, in _eval_func
    rlt = self.func(np.atleast_2d(x[i]))
  File "tune_models.py", line 120, in getError
    trainer.train(optimizer)
  File "/home-nfs/siddsach/ml/Interpreting-Attention/interpreting_language/classifier/attention_rnn/trainer.py", line 614, in train
    optimizer = self.train_step(optimizer, start_time)
  File "/home-nfs/siddsach/ml/Interpreting-Attention/interpreting_language/classifier/attention_rnn/trainer.py", line 490, in train_step
    output, h, A = self.model(data, lengths = lengths)
  File "/home-nfs/siddsach/anaconda3/lib/python3.5/site-packages/torch/nn/modules/module.py", line 325, in __call__
    result = self.forward(*input, **kwargs)
  File "/home-nfs/siddsach/ml/Interpreting-Attention/interpreting_language/classifier/attention_rnn/model.py", line 217, in forward
    weighted_seq = torch.bmm(out, attn_params)
RuntimeError: Expected object of type Variable[torch.cuda.FloatTensor] but found type Variable[torch.FloatTensor] for argument #1 'mat2'
