ROOT_PATH: /home-nfs/siddsach/ml/Interpreting-Attention/interpreting_language
Building Bayesian Optimizer for 
 data:MPQA 
 choices:[{'type': 'continuous', 'name': 'lr', 'domain': [5e-05, 0.005]}, {'type': 'continuous', 'name': 'rnn_dropout', 'domain': [0, 1]}, {'type': 'continuous', 'name': 'dropout', 'domain': [0, 1]}, {'type': 'continuous', 'name': 'l2', 'domain': [0, 1]}, {'type': 'continuous', 'name': 'attention_dim', 'domain': [5, 100]}]
SETTINGS FOR THIS RUN
{'attention_dim': 58, 'num_layers': 1, 'l2': 0.6144239183124278, 'wordvec_source': 'glove', 'dropout': 0.07291445619456904, 'rnn_dropout': 0.13210030698778308, 'tune_wordvecs': False, 'data': 'MPQA', 'lr': 0.0013090103823040788, 'wordvec_dim': 300, 'batch_size': 32, 'attn_type': 'MLP'}
Using CUDA!
here
MLP
Building RNN Classifier...

[93m    Warning: no model found for 'en'[0m

    Only loading the 'en' tokenizer.

Retrieving Data from file: /home-nfs/siddsach/ml/Interpreting-Attention/interpreting_language/data/mpqa/mpqa_subj_labels.pickle...
Loading Vectors From Memory...
Using these vectors: ['GloVe']
Getting GloVe Vectors with 300 dims
Building Vocab...
[<torchtext.vocab.Vectors object at 0x7f063fdad4e0>]
Getting Batches...
Created Iterator with 261 batches
Getting Batches...
Created Iterator with 87 batches
Building model...
MLP
Using Attention model with following args:
{'attention_dim': 58, 'num_layers': 1, 'input_size': 300, 'train_word_vecs': False, 'num_classes': 2, 'vectors': 
 0.0000  0.0000  0.0000  ...   0.0000  0.0000  0.0000
 0.0000  0.0000  0.0000  ...   0.0000  0.0000  0.0000
 0.0000  0.0000  0.0000  ...   0.0000  0.0000  0.0000
          ...             ⋱             ...          
-0.4786 -0.1089 -0.0076  ...   0.7458  0.7174  0.6185
 0.0000  0.0000  0.0000  ...   0.0000  0.0000  0.0000
-0.0479  0.9828  0.9182  ...   0.0424  0.4554 -0.3210
[torch.FloatTensor of size 15284x300]
, 'attn_type': 'MLP', 'dropout': 0.07291445619456904, 'cuda': True, 'vocab_size': 15284, 'rnn_dropout': 0.13210030698778308, 'hidden_size': 300, 'batch_size': 32, 'tune_attn': 'True'}
Not Tuning Word Vectors!
Begin Training...
Completing Train Step at 0th epoch...
At time: 0.4057281017303467 accuracy is 0.571875 and loss is 0.726071548461914
At time: 0.5411372184753418 accuracy is 0.578125 and loss is 0.6669662952423095
At time: 0.671705961227417 accuracy is 0.7296875 and loss is 0.5567656993865967
At time: 0.8042793273925781 accuracy is 0.715625 and loss is 0.5676076412200928
At time: 0.9415533542633057 accuracy is 0.7921875 and loss is 0.5018292903900147
At time: 1.0883958339691162 accuracy is 0.746875 and loss is 0.5458258628845215
At time: 1.239816665649414 accuracy is 0.7609375 and loss is 0.49778995513916013
At time: 1.3967876434326172 accuracy is 0.784375 and loss is 0.4747303485870361
At time: 1.5638539791107178 accuracy is 0.7875 and loss is 0.47684407234191895
At time: 1.7459039688110352 accuracy is 0.775 and loss is 0.473919153213501
At time: 1.9475324153900146 accuracy is 0.7234375 and loss is 0.5240373134613037
At time: 2.161041021347046 accuracy is 0.7734375 and loss is 0.475983715057373
Evaluating...
Done Evaluating: Achieved accuracy of 0.7569040697674418
Achieved new best!
Completing Train Step at 1th epoch...
At time: 2.881981134414673 accuracy is 0.590625 and loss is 0.7098397731781005
At time: 2.999484062194824 accuracy is 0.746875 and loss is 0.5864157676696777
At time: 3.1233084201812744 accuracy is 0.7921875 and loss is 0.5100455760955811
At time: 3.2532896995544434 accuracy is 0.7921875 and loss is 0.5096591949462891
At time: 3.387887477874756 accuracy is 0.8109375 and loss is 0.42480950355529784
At time: 3.528850555419922 accuracy is 0.7890625 and loss is 0.42096099853515623
At time: 3.678617238998413 accuracy is 0.7953125 and loss is 0.42512288093566897
At time: 3.8369479179382324 accuracy is 0.821875 and loss is 0.4152885913848877
At time: 4.0071234703063965 accuracy is 0.796875 and loss is 0.42586870193481446
At time: 4.184010028839111 accuracy is 0.7875 and loss is 0.43157806396484377
At time: 4.372160196304321 accuracy is 0.8125 and loss is 0.39130687713623047
At time: 4.569911241531372 accuracy is 0.7953125 and loss is 0.41241745948791503
Evaluating...
Done Evaluating: Achieved accuracy of 0.7925145348837209
Achieved new best!
Completing Train Step at 2th epoch...
At time: 5.241456031799316 accuracy is 0.709375 and loss is 0.6032814025878906
At time: 5.3582682609558105 accuracy is 0.7546875 and loss is 0.47756032943725585
At time: 5.481935262680054 accuracy is 0.8046875 and loss is 0.4015988349914551
At time: 5.6101744174957275 accuracy is 0.7859375 and loss is 0.43883938789367677
At time: 5.742839813232422 accuracy is 0.8125 and loss is 0.41234612464904785
At time: 5.884469270706177 accuracy is 0.81875 and loss is 0.38438005447387696
At time: 6.03313136100769 accuracy is 0.809375 and loss is 0.4044523239135742
At time: 6.188380718231201 accuracy is 0.8078125 and loss is 0.4052921772003174
At time: 6.351670742034912 accuracy is 0.815625 and loss is 0.38224544525146487
At time: 6.524277448654175 accuracy is 0.825 and loss is 0.41069397926330564
At time: 6.709284782409668 accuracy is 0.7875 and loss is 0.4087088584899902
At time: 6.909719467163086 accuracy is 0.853125 and loss is 0.3016746759414673
Evaluating...
Done Evaluating: Achieved accuracy of 0.7874273255813954
Not better for 1
Completing Train Step at 3th epoch...
At time: 7.601663589477539 accuracy is 0.759375 and loss is 0.5766384601593018
At time: 7.7269885540008545 accuracy is 0.8265625 and loss is 0.4444389343261719
At time: 7.856906175613403 accuracy is 0.86875 and loss is 0.35235373973846434
At time: 7.9923412799835205 accuracy is 0.815625 and loss is 0.4048344135284424
At time: 8.13297414779663 accuracy is 0.83125 and loss is 0.3751903772354126
At time: 8.28057861328125 accuracy is 0.8890625 and loss is 0.29244678020477294
At time: 8.437603950500488 accuracy is 0.8328125 and loss is 0.3732625484466553
At time: 8.596986055374146 accuracy is 0.8515625 and loss is 0.3344072103500366
At time: 8.763582706451416 accuracy is 0.8609375 and loss is 0.30727643966674806
At time: 8.936904430389404 accuracy is 0.8296875 and loss is 0.3826398134231567
At time: 9.118663549423218 accuracy is 0.84375 and loss is 0.3591513156890869
At time: 9.316768646240234 accuracy is 0.884375 and loss is 0.2815807819366455
Evaluating...
Done Evaluating: Achieved accuracy of 0.767078488372093
Not better for 2
Completing Train Step at 4th epoch...
At time: 9.996646165847778 accuracy is 0.803125 and loss is 0.46323390007019044
At time: 10.114445686340332 accuracy is 0.840625 and loss is 0.3764305830001831
At time: 10.237991094589233 accuracy is 0.89375 and loss is 0.26329827308654785
At time: 10.367844104766846 accuracy is 0.8828125 and loss is 0.2886048793792725
At time: 10.504183292388916 accuracy is 0.8703125 and loss is 0.3040346145629883
At time: 10.64725923538208 accuracy is 0.8859375 and loss is 0.29209372997283933
At time: 10.798010349273682 accuracy is 0.865625 and loss is 0.3180014848709106
At time: 10.956682205200195 accuracy is 0.8734375 and loss is 0.3048607349395752
At time: 11.124353170394897 accuracy is 0.8703125 and loss is 0.2586221694946289
At time: 11.300400018692017 accuracy is 0.8328125 and loss is 0.3348186731338501
At time: 11.484185934066772 accuracy is 0.8859375 and loss is 0.2580289363861084
At time: 11.682135820388794 accuracy is 0.9171875 and loss is 0.21777701377868652
Evaluating...
Done Evaluating: Achieved accuracy of 0.7772529069767442
Not better for 3
Completing Train Step at 5th epoch...
At time: 12.372951984405518 accuracy is 0.840625 and loss is 0.36954703330993655
At time: 12.506974458694458 accuracy is 0.8796875 and loss is 0.29440693855285643
At time: 12.636994361877441 accuracy is 0.9078125 and loss is 0.23161044120788574
At time: 12.772802829742432 accuracy is 0.8703125 and loss is 0.30816195011138914
At time: 12.912272691726685 accuracy is 0.884375 and loss is 0.29707608222961424
At time: 13.058688163757324 accuracy is 0.9046875 and loss is 0.23881220817565918
At time: 13.216927289962769 accuracy is 0.8734375 and loss is 0.29376811981201173
At time: 13.38128113746643 accuracy is 0.896875 and loss is 0.2365821123123169
At time: 13.55113697052002 accuracy is 0.84375 and loss is 0.30591912269592286
At time: 13.729604005813599 accuracy is 0.853125 and loss is 0.3317513704299927
At time: 13.919787168502808 accuracy is 0.8734375 and loss is 0.26203341484069825
At time: 14.119938135147095 accuracy is 0.909375 and loss is 0.2187962532043457
Evaluating...
Done Evaluating: Achieved accuracy of 0.7394622093023255
Not better for 4
Completing Train Step at 6th epoch...
At time: 14.820794343948364 accuracy is 0.8734375 and loss is 0.32164456844329836
At time: 14.938961029052734 accuracy is 0.9265625 and loss is 0.22009387016296386
At time: 15.064225912094116 accuracy is 0.946875 and loss is 0.152849018573761
At time: 15.195907831192017 accuracy is 0.903125 and loss is 0.21639759540557862
At time: 15.332709550857544 accuracy is 0.928125 and loss is 0.17253129482269286
At time: 15.475904703140259 accuracy is 0.93125 and loss is 0.16892918348312377
At time: 15.628679037094116 accuracy is 0.9296875 and loss is 0.1542215585708618
At time: 15.788413047790527 accuracy is 0.928125 and loss is 0.14274896383285524
At time: 15.954451084136963 accuracy is 0.8734375 and loss is 0.285075044631958
At time: 16.127208471298218 accuracy is 0.8890625 and loss is 0.2298159122467041
At time: 16.312654972076416 accuracy is 0.9125 and loss is 0.19511089324951172
At time: 16.51099991798401 accuracy is 0.9578125 and loss is 0.12117811441421508
Evaluating...
Done Evaluating: Achieved accuracy of 0.7594476744186046
Not better for 5
Completing Train Step at 7th epoch...
At time: 17.19944190979004 accuracy is 0.9046875 and loss is 0.2530955791473389
At time: 17.326334714889526 accuracy is 0.9375 and loss is 0.1737964630126953
At time: 17.45630717277527 accuracy is 0.934375 and loss is 0.16662800312042236
At time: 17.59179139137268 accuracy is 0.915625 and loss is 0.19109506607055665
At time: 17.733226537704468 accuracy is 0.9296875 and loss is 0.17802824974060058
At time: 17.88115119934082 accuracy is 0.9546875 and loss is 0.12374253273010254
At time: 18.034606218338013 accuracy is 0.9375 and loss is 0.16738200187683105
At time: 18.193902015686035 accuracy is 0.9515625 and loss is 0.12915576696395875
At time: 18.367674112319946 accuracy is 0.90625 and loss is 0.19745321273803712
At time: 18.54846453666687 accuracy is 0.9203125 and loss is 0.18446104526519774
At time: 18.740299701690674 accuracy is 0.9546875 and loss is 0.12478498220443726
At time: 18.944520950317383 accuracy is 0.93125 and loss is 0.18623569011688232
Evaluating...
Done Evaluating: Achieved accuracy of 0.7837936046511628
Not better for 6
Completing Train Step at 8th epoch...
At time: 19.761855125427246 accuracy is 0.9234375 and loss is 0.22209606170654297
At time: 19.912071704864502 accuracy is 0.9546875 and loss is 0.12597265243530273
At time: 20.064183473587036 accuracy is 0.9609375 and loss is 0.09495097398757935
At time: 20.217713594436646 accuracy is 0.9359375 and loss is 0.1639941930770874
At time: 20.36899161338806 accuracy is 0.934375 and loss is 0.15400034189224243
At time: 20.528596878051758 accuracy is 0.9421875 and loss is 0.1504930377006531
At time: 20.69704556465149 accuracy is 0.9484375 and loss is 0.12916388511657714
At time: 20.89120602607727 accuracy is 0.9609375 and loss is 0.08924130201339722
At time: 21.083590269088745 accuracy is 0.9328125 and loss is 0.15386234521865844
At time: 21.281169891357422 accuracy is 0.9359375 and loss is 0.14973071813583375
At time: 21.481184482574463 accuracy is 0.96875 and loss is 0.10400948524475098
At time: 21.685245037078857 accuracy is 0.9484375 and loss is 0.14458234310150148
Evaluating...
Done Evaluating: Achieved accuracy of 0.7754360465116279
Not better for 7
Completing Train Step at 9th epoch...
At time: 22.3769793510437 accuracy is 0.9375 and loss is 0.17882137298583983
At time: 22.508256912231445 accuracy is 0.9484375 and loss is 0.13897712230682374
At time: 22.63676881790161 accuracy is 0.9765625 and loss is 0.08120374083518982
At time: 22.774760961532593 accuracy is 0.9515625 and loss is 0.1213101863861084
At time: 22.915975093841553 accuracy is 0.9609375 and loss is 0.10393723249435424
At time: 23.062716960906982 accuracy is 0.9703125 and loss is 0.12025829553604125
At time: 23.215632438659668 accuracy is 0.9578125 and loss is 0.09614052772521972
At time: 23.37306809425354 accuracy is 0.9671875 and loss is 0.07997608780860901
At time: 23.536133766174316 accuracy is 0.94375 and loss is 0.16837973594665528
At time: 23.706640243530273 accuracy is 0.95625 and loss is 0.1330284833908081
At time: 23.887269973754883 accuracy is 0.95625 and loss is 0.13682827949523926
At time: 24.08268141746521 accuracy is 0.9640625 and loss is 0.08263110518455505
Evaluating...
Done Evaluating: Achieved accuracy of 0.778343023255814
Not better for 8
Completing Train Step at 10th epoch...
At time: 24.74894070625305 accuracy is 0.9484375 and loss is 0.15202044248580932
At time: 24.862231254577637 accuracy is 0.9546875 and loss is 0.12245467901229859
At time: 24.984995365142822 accuracy is 0.978125 and loss is 0.08374906182289124
At time: 25.116195917129517 accuracy is 0.96875 and loss is 0.09366896152496337
At time: 25.254375457763672 accuracy is 0.96875 and loss is 0.083548903465271
At time: 25.399397134780884 accuracy is 0.9625 and loss is 0.08564403057098388
At time: 25.55246376991272 accuracy is 0.9671875 and loss is 0.08761590123176574
At time: 25.70853567123413 accuracy is 0.9734375 and loss is 0.06322835087776184
At time: 25.870150089263916 accuracy is 0.96875 and loss is 0.08420320749282836
At time: 26.042038202285767 accuracy is 0.9703125 and loss is 0.09252067804336547
At time: 26.222827911376953 accuracy is 0.9484375 and loss is 0.1303846836090088
At time: 26.421784162521362 accuracy is 0.9796875 and loss is 0.06974122524261475
Evaluating...
Done Evaluating: Achieved accuracy of 0.7834302325581395
Not better for 9
Completing Train Step at 11th epoch...
At time: 27.119877576828003 accuracy is 0.9578125 and loss is 0.13580394983291627
At time: 27.24360156059265 accuracy is 0.96875 and loss is 0.10271966457366943
At time: 27.36996817588806 accuracy is 0.971875 and loss is 0.08662825226783752
At time: 27.50172710418701 accuracy is 0.9484375 and loss is 0.12127950191497802
At time: 27.63995122909546 accuracy is 0.9625 and loss is 0.09724538326263428
At time: 27.781572103500366 accuracy is 0.9453125 and loss is 0.1319659948348999
At time: 27.930293083190918 accuracy is 0.9546875 and loss is 0.14108928442001342
At time: 28.087494134902954 accuracy is 0.965625 and loss is 0.0909896433353424
At time: 28.249935626983643 accuracy is 0.95 and loss is 0.14047774076461791
At time: 28.421791315078735 accuracy is 0.959375 and loss is 0.11749867200851441
At time: 28.602500200271606 accuracy is 0.978125 and loss is 0.06867707967758178
At time: 28.798076391220093 accuracy is 0.9703125 and loss is 0.09188705086708068
Evaluating...
Done Evaluating: Achieved accuracy of 0.78125
Not better for 10
Model not improving. Stopping earlyat 0.7925145348837209 epochs.
Done Training. Achieved Best Accuracy of 0.7925145348837209
Improved accuracyfrom -10000000 to 0.7925145348837209
mlpattn
SETTINGS FOR THIS RUN
{'attention_dim': 77, 'num_layers': 1, 'l2': 0.864805931363537, 'wordvec_source': 'glove', 'dropout': 0.11087889026625497, 'rnn_dropout': 0.8177266462244054, 'tune_wordvecs': False, 'data': 'MPQA', 'lr': 0.003912522397672939, 'wordvec_dim': 300, 'batch_size': 32, 'attn_type': 'MLP'}
Using CUDA!
here
MLP
Building RNN Classifier...

[93m    Warning: no model found for 'en'[0m

    Only loading the 'en' tokenizer.

Retrieving Data from file: /home-nfs/siddsach/ml/Interpreting-Attention/interpreting_language/data/mpqa/mpqa_subj_labels.pickle...
Loading Vectors From Memory...
Using these vectors: ['GloVe']
Getting GloVe Vectors with 300 dims
Building Vocab...
[<torchtext.vocab.Vectors object at 0x7f063c8b40f0>]
Getting Batches...
Created Iterator with 261 batches
Getting Batches...
Created Iterator with 87 batches
Building model...
MLP
Using Attention model with following args:
{'attention_dim': 77, 'num_layers': 1, 'input_size': 300, 'train_word_vecs': False, 'num_classes': 2, 'vectors': 
 0.0000  0.0000  0.0000  ...   0.0000  0.0000  0.0000
 0.0000  0.0000  0.0000  ...   0.0000  0.0000  0.0000
 0.0000  0.0000  0.0000  ...   0.0000  0.0000  0.0000
          ...             ⋱             ...          
-0.4786 -0.1089 -0.0076  ...   0.7458  0.7174  0.6185
 0.0000  0.0000  0.0000  ...   0.0000  0.0000  0.0000
-0.0479  0.9828  0.9182  ...   0.0424  0.4554 -0.3210
[torch.FloatTensor of size 15284x300]
, 'attn_type': 'MLP', 'dropout': 0.11087889026625497, 'cuda': True, 'vocab_size': 15284, 'rnn_dropout': 0.8177266462244054, 'hidden_size': 300, 'batch_size': 32, 'tune_attn': 'True'}
Not Tuning Word Vectors!
Begin Training...
Completing Train Step at 0th epoch...
At time: 0.1409151554107666 accuracy is 0.521875 and loss is 0.7384263038635254
At time: 0.2615973949432373 accuracy is 0.4859375 and loss is 0.7464423179626465
At time: 0.3896903991699219 accuracy is 0.6609375 and loss is 0.6012239456176758
At time: 0.523906946182251 accuracy is 0.6296875 and loss is 0.6971588134765625
At time: 0.668616533279419 accuracy is 0.6546875 and loss is 0.6116045475006103
At time: 0.8175704479217529 accuracy is 0.73125 and loss is 0.5535092353820801
At time: 0.9729735851287842 accuracy is 0.7046875 and loss is 0.5738526821136475
At time: 1.1328465938568115 accuracy is 0.7390625 and loss is 0.5429647922515869
At time: 1.2983958721160889 accuracy is 0.7609375 and loss is 0.5103264808654785
At time: 1.4708566665649414 accuracy is 0.775 and loss is 0.5006929397583008
At time: 1.6543407440185547 accuracy is 0.784375 and loss is 0.49713501930236814
At time: 1.8522064685821533 accuracy is 0.778125 and loss is 0.4797361850738525
Evaluating...
Done Evaluating: Achieved accuracy of 0.7688953488372093
Achieved new best!
Completing Train Step at 1th epoch...
At time: 2.5540454387664795 accuracy is 0.61875 and loss is 0.6720495223999023
At time: 2.676072835922241 accuracy is 0.753125 and loss is 0.516231918334961
At time: 2.803673267364502 accuracy is 0.803125 and loss is 0.5101618766784668
At time: 2.9389262199401855 accuracy is 0.7578125 and loss is 0.5081562995910645
At time: 3.0810863971710205 accuracy is 0.7640625 and loss is 0.503461503982544
At time: 3.227325439453125 accuracy is 0.7828125 and loss is 0.46077470779418944
At time: 3.3768951892852783 accuracy is 0.7703125 and loss is 0.4789577484130859
At time: 3.5319511890411377 accuracy is 0.7921875 and loss is 0.44365663528442384
At time: 3.694232702255249 accuracy is 0.7875 and loss is 0.45125637054443357
At time: 3.8642425537109375 accuracy is 0.7890625 and loss is 0.45468435287475584
At time: 4.0453431606292725 accuracy is 0.8078125 and loss is 0.4236257076263428
At time: 4.242098093032837 accuracy is 0.790625 and loss is 0.4266793727874756
Evaluating...
Done Evaluating: Achieved accuracy of 0.7823401162790697
Achieved new best!
Completing Train Step at 2th epoch...
At time: 4.953139066696167 accuracy is 0.73125 and loss is 0.6221683502197266
At time: 5.092800617218018 accuracy is 0.7703125 and loss is 0.48409233093261717
At time: 5.232577562332153 accuracy is 0.8421875 and loss is 0.38581252098083496
At time: 5.3759682178497314 accuracy is 0.8 and loss is 0.5002444744110107
At time: 5.522402286529541 accuracy is 0.8125 and loss is 0.4107066631317139
At time: 5.675848722457886 accuracy is 0.7875 and loss is 0.46797962188720704
At time: 5.832854747772217 accuracy is 0.7921875 and loss is 0.47747159004211426
At time: 5.9922168254852295 accuracy is 0.771875 and loss is 0.4736959934234619
At time: 6.159840822219849 accuracy is 0.8140625 and loss is 0.41865973472595214
At time: 6.335014820098877 accuracy is 0.79375 and loss is 0.4398512840270996
At time: 6.5210089683532715 accuracy is 0.8375 and loss is 0.3541933536529541
At time: 6.719422340393066 accuracy is 0.8109375 and loss is 0.41862025260925295
Evaluating...
Done Evaluating: Achieved accuracy of 0.7013081395348837
Not better for 1
Completing Train Step at 3th epoch...
At time: 7.419658660888672 accuracy is 0.70625 and loss is 0.585917615890503
At time: 7.537015199661255 accuracy is 0.8015625 and loss is 0.45759854316711424
At time: 7.660770416259766 accuracy is 0.8140625 and loss is 0.39202969074249266
At time: 7.791608810424805 accuracy is 0.8078125 and loss is 0.4398829936981201
At time: 7.927962303161621 accuracy is 0.834375 and loss is 0.34835288524627683
At time: 8.07095456123352 accuracy is 0.8234375 and loss is 0.3800405263900757
At time: 8.22152328491211 accuracy is 0.815625 and loss is 0.4031824111938477
At time: 8.380728244781494 accuracy is 0.8015625 and loss is 0.4097158908843994
At time: 8.549033880233765 accuracy is 0.8046875 and loss is 0.43257598876953124
At time: 8.72415018081665 accuracy is 0.8109375 and loss is 0.4068552017211914
At time: 8.91055417060852 accuracy is 0.8671875 and loss is 0.3219808340072632
At time: 9.111471176147461 accuracy is 0.8265625 and loss is 0.40420055389404297
Evaluating...
Done Evaluating: Achieved accuracy of 0.7220203488372093
Not better for 2
Completing Train Step at 4th epoch...
At time: 9.820752382278442 accuracy is 0.740625 and loss is 0.5328203201293945
At time: 9.937916278839111 accuracy is 0.80625 and loss is 0.45636835098266604
At time: 10.061438798904419 accuracy is 0.8625 and loss is 0.33603558540344236
At time: 10.191846132278442 accuracy is 0.815625 and loss is 0.39329824447631834
At time: 10.329145669937134 accuracy is 0.8609375 and loss is 0.3166352272033691
At time: 10.470825433731079 accuracy is 0.8203125 and loss is 0.37521092891693114
At time: 10.617353677749634 accuracy is 0.83125 and loss is 0.37977752685546873
At time: 10.770960092544556 accuracy is 0.8453125 and loss is 0.35294480323791505
At time: 10.932482242584229 accuracy is 0.8328125 and loss is 0.3714299201965332
At time: 11.102075338363647 accuracy is 0.875 and loss is 0.3254986047744751
At time: 11.290605783462524 accuracy is 0.8484375 and loss is 0.31119871139526367
At time: 11.491830348968506 accuracy is 0.8546875 and loss is 0.3289580583572388
Evaluating...
Done Evaluating: Achieved accuracy of 0.7772529069767442
Not better for 3
Completing Train Step at 5th epoch...
At time: 12.194809198379517 accuracy is 0.78125 and loss is 0.4846354961395264
At time: 12.327648162841797 accuracy is 0.8171875 and loss is 0.43305120468139646
At time: 12.45520567893982 accuracy is 0.90625 and loss is 0.27264630794525146
At time: 12.586602449417114 accuracy is 0.86875 and loss is 0.3078142642974854
At time: 12.724222421646118 accuracy is 0.8765625 and loss is 0.261490535736084
At time: 12.868865013122559 accuracy is 0.865625 and loss is 0.31617958545684816
At time: 13.025636434555054 accuracy is 0.8515625 and loss is 0.3431092739105225
At time: 13.207560300827026 accuracy is 0.8515625 and loss is 0.3676460266113281
At time: 13.395963430404663 accuracy is 0.84375 and loss is 0.3364440679550171
At time: 13.59082579612732 accuracy is 0.853125 and loss is 0.3196713447570801
At time: 13.790339231491089 accuracy is 0.8953125 and loss is 0.2710921287536621
At time: 14.003841400146484 accuracy is 0.8484375 and loss is 0.3776687145233154
Evaluating...
Done Evaluating: Achieved accuracy of 0.7303779069767442
Not better for 4
Completing Train Step at 6th epoch...
At time: 14.68677043914795 accuracy is 0.7015625 and loss is 0.5647894382476807
At time: 14.806736707687378 accuracy is 0.8046875 and loss is 0.412659215927124
At time: 14.933337926864624 accuracy is 0.9359375 and loss is 0.21264073848724366
At time: 15.06505274772644 accuracy is 0.8765625 and loss is 0.28808186054229734
At time: 15.2026846408844 accuracy is 0.8796875 and loss is 0.27072145938873293
At time: 15.34498119354248 accuracy is 0.878125 and loss is 0.3077483892440796
At time: 15.495534181594849 accuracy is 0.8625 and loss is 0.32120914459228517
At time: 15.653283834457397 accuracy is 0.871875 and loss is 0.31191952228546144
At time: 15.820262670516968 accuracy is 0.8609375 and loss is 0.34513900279998777
At time: 15.993132591247559 accuracy is 0.88125 and loss is 0.30803093910217283
At time: 16.176761627197266 accuracy is 0.875 and loss is 0.29200239181518556
At time: 16.374897241592407 accuracy is 0.875 and loss is 0.2830965518951416
Evaluating...
Done Evaluating: Achieved accuracy of 0.767078488372093
Not better for 5
Completing Train Step at 7th epoch...
At time: 17.06394386291504 accuracy is 0.8 and loss is 0.4525023937225342
At time: 17.190985918045044 accuracy is 0.8671875 and loss is 0.3302487850189209
At time: 17.3172607421875 accuracy is 0.9359375 and loss is 0.2199092149734497
At time: 17.448221445083618 accuracy is 0.89375 and loss is 0.2565439224243164
At time: 17.59826922416687 accuracy is 0.9 and loss is 0.21394598484039307
At time: 17.750159740447998 accuracy is 0.9125 and loss is 0.21505510807037354
At time: 17.902466773986816 accuracy is 0.8921875 and loss is 0.27335684299468993
At time: 18.06009793281555 accuracy is 0.8875 and loss is 0.27747976779937744
At time: 18.22394561767578 accuracy is 0.8921875 and loss is 0.2535239219665527
At time: 18.395859718322754 accuracy is 0.8984375 and loss is 0.2469736099243164
At time: 18.58046007156372 accuracy is 0.90625 and loss is 0.2383206605911255
At time: 18.779618978500366 accuracy is 0.865625 and loss is 0.28190977573394777
Evaluating...
Done Evaluating: Achieved accuracy of 0.75
Not better for 6
Completing Train Step at 8th epoch...
At time: 19.48911738395691 accuracy is 0.7859375 and loss is 0.46137728691101076
At time: 19.614391088485718 accuracy is 0.8453125 and loss is 0.3295171022415161
At time: 19.74484133720398 accuracy is 0.9359375 and loss is 0.19307310581207277
At time: 19.88099956512451 accuracy is 0.9125 and loss is 0.21272411346435546
At time: 20.022865056991577 accuracy is 0.9140625 and loss is 0.2042837381362915
At time: 20.170323371887207 accuracy is 0.884375 and loss is 0.256354022026062
At time: 20.324599266052246 accuracy is 0.8828125 and loss is 0.27659342288970945
At time: 20.48547053337097 accuracy is 0.9078125 and loss is 0.21742513179779052
At time: 20.65335726737976 accuracy is 0.8890625 and loss is 0.2649275064468384
At time: 20.828558444976807 accuracy is 0.903125 and loss is 0.2668357610702515
At time: 21.01652979850769 accuracy is 0.90625 and loss is 0.22688806056976318
At time: 21.21716332435608 accuracy is 0.890625 and loss is 0.29306027889251707
Evaluating...
Done Evaluating: Achieved accuracy of 0.7430959302325582
Not better for 7
Completing Train Step at 9th epoch...
At time: 21.90888810157776 accuracy is 0.825 and loss is 0.3899228096008301
At time: 22.02904510498047 accuracy is 0.90625 and loss is 0.24660971164703369
At time: 22.15719175338745 accuracy is 0.965625 and loss is 0.13145051002502442
At time: 22.289827823638916 accuracy is 0.9375 and loss is 0.16404573917388915
At time: 22.428186416625977 accuracy is 0.915625 and loss is 0.21702609062194825
At time: 22.57426357269287 accuracy is 0.91875 and loss is 0.22272648811340331
At time: 22.727532863616943 accuracy is 0.8953125 and loss is 0.23577709197998048
At time: 22.88601541519165 accuracy is 0.896875 and loss is 0.23484134674072266
At time: 23.051796436309814 accuracy is 0.915625 and loss is 0.22150890827178954
At time: 23.220067262649536 accuracy is 0.9109375 and loss is 0.25091776847839353
At time: 23.403499841690063 accuracy is 0.884375 and loss is 0.25861730575561526
At time: 23.62106680870056 accuracy is 0.9109375 and loss is 0.23239314556121826
Evaluating...
Done Evaluating: Achieved accuracy of 0.768531976744186
Not better for 8
Completing Train Step at 10th epoch...
At time: 24.32421636581421 accuracy is 0.834375 and loss is 0.3517241239547729
At time: 24.456071138381958 accuracy is 0.9296875 and loss is 0.21165475845336915
At time: 24.592402935028076 accuracy is 0.9515625 and loss is 0.14840441942214966
At time: 24.729954719543457 accuracy is 0.934375 and loss is 0.17771525382995607
At time: 24.869118690490723 accuracy is 0.9171875 and loss is 0.19163219928741454
At time: 25.013975143432617 accuracy is 0.9265625 and loss is 0.1815880060195923
At time: 25.16811442375183 accuracy is 0.9109375 and loss is 0.2354970932006836
At time: 25.330050468444824 accuracy is 0.9359375 and loss is 0.17516734600067138
At time: 25.497092247009277 accuracy is 0.9078125 and loss is 0.18729743957519532
At time: 25.66970920562744 accuracy is 0.9203125 and loss is 0.23737742900848388
At time: 25.853944778442383 accuracy is 0.8953125 and loss is 0.23333847522735596
At time: 26.050634622573853 accuracy is 0.88125 and loss is 0.2951372146606445
Evaluating...
Done Evaluating: Achieved accuracy of 0.751453488372093
Not better for 9
Completing Train Step at 11th epoch...
At time: 26.749587535858154 accuracy is 0.846875 and loss is 0.353464412689209
At time: 26.875242471694946 accuracy is 0.9234375 and loss is 0.20053107738494874
At time: 27.0051531791687 accuracy is 0.9546875 and loss is 0.16379737854003906
At time: 27.13859486579895 accuracy is 0.9296875 and loss is 0.20545284748077391
At time: 27.278084754943848 accuracy is 0.9453125 and loss is 0.14477894306182862
At time: 27.421883821487427 accuracy is 0.9375 and loss is 0.1479972243309021
At time: 27.570364236831665 accuracy is 0.925 and loss is 0.15375981330871583
At time: 27.725706577301025 accuracy is 0.9375 and loss is 0.1387912392616272
At time: 27.88801145553589 accuracy is 0.928125 and loss is 0.15193240642547606
At time: 28.058366775512695 accuracy is 0.9109375 and loss is 0.22960026264190675
At time: 28.240208387374878 accuracy is 0.93125 and loss is 0.16383562088012696
At time: 28.435163259506226 accuracy is 0.9109375 and loss is 0.2366183042526245
Evaluating...
Done Evaluating: Achieved accuracy of 0.7369186046511628
Not better for 10
Model not improving. Stopping earlyat 0.7823401162790697 epochs.
Done Training. Achieved Best Accuracy of 0.7823401162790697
mlpattn
SETTINGS FOR THIS RUN
{'attention_dim': 63, 'num_layers': 1, 'l2': 0.399912308504232, 'wordvec_source': 'glove', 'dropout': 0.021321766629278427, 'rnn_dropout': 0.16856635138618825, 'tune_wordvecs': False, 'data': 'MPQA', 'lr': 0.001109267064984006, 'wordvec_dim': 300, 'batch_size': 32, 'attn_type': 'MLP'}
Using CUDA!
here
MLP
Building RNN Classifier...

[93m    Warning: no model found for 'en'[0m

    Only loading the 'en' tokenizer.

Retrieving Data from file: /home-nfs/siddsach/ml/Interpreting-Attention/interpreting_language/data/mpqa/mpqa_subj_labels.pickle...
Loading Vectors From Memory...
Using these vectors: ['GloVe']
Getting GloVe Vectors with 300 dims
Building Vocab...
[<torchtext.vocab.Vectors object at 0x7f063fdad048>]
Getting Batches...
Created Iterator with 261 batches
Getting Batches...
Created Iterator with 87 batches
Building model...
MLP
Using Attention model with following args:
{'attention_dim': 63, 'num_layers': 1, 'input_size': 300, 'train_word_vecs': False, 'num_classes': 2, 'vectors': 
 0.0000  0.0000  0.0000  ...   0.0000  0.0000  0.0000
 0.0000  0.0000  0.0000  ...   0.0000  0.0000  0.0000
 0.0000  0.0000  0.0000  ...   0.0000  0.0000  0.0000
          ...             ⋱             ...          
-0.4786 -0.1089 -0.0076  ...   0.7458  0.7174  0.6185
 0.0000  0.0000  0.0000  ...   0.0000  0.0000  0.0000
-0.0479  0.9828  0.9182  ...   0.0424  0.4554 -0.3210
[torch.FloatTensor of size 15284x300]
, 'attn_type': 'MLP', 'dropout': 0.021321766629278427, 'cuda': True, 'vocab_size': 15284, 'rnn_dropout': 0.16856635138618825, 'hidden_size': 300, 'batch_size': 32, 'tune_attn': 'True'}
Not Tuning Word Vectors!
Begin Training...
Completing Train Step at 0th epoch...
At time: 0.13226079940795898 accuracy is 0.5453125 and loss is 0.7279996871948242
At time: 0.25461912155151367 accuracy is 0.628125 and loss is 0.6624255180358887
At time: 0.3835296630859375 accuracy is 0.690625 and loss is 0.5978729724884033
At time: 0.515204668045044 accuracy is 0.696875 and loss is 0.6351101875305176
At time: 0.6518049240112305 accuracy is 0.7109375 and loss is 0.5626615524291992
At time: 0.7956907749176025 accuracy is 0.7234375 and loss is 0.5485035419464112
At time: 0.946845293045044 accuracy is 0.73125 and loss is 0.5255859851837158
At time: 1.1024394035339355 accuracy is 0.7640625 and loss is 0.5481345176696777
At time: 1.2677054405212402 accuracy is 0.771875 and loss is 0.5169989585876464
At time: 1.4424870014190674 accuracy is 0.775 and loss is 0.4734950542449951
At time: 1.6304678916931152 accuracy is 0.7390625 and loss is 0.5297484397888184
At time: 1.8372166156768799 accuracy is 0.771875 and loss is 0.4962751388549805
Evaluating...
Done Evaluating: Achieved accuracy of 0.7547238372093024
Achieved new best!
Completing Train Step at 1th epoch...
At time: 2.5432288646698 accuracy is 0.5515625 and loss is 0.7184623718261719
At time: 2.663494348526001 accuracy is 0.7140625 and loss is 0.5911976814270019
At time: 2.790496587753296 accuracy is 0.775 and loss is 0.5064063549041748
At time: 2.926340341567993 accuracy is 0.796875 and loss is 0.5189321517944336
At time: 3.066638946533203 accuracy is 0.7875 and loss is 0.4599610805511475
At time: 3.212639570236206 accuracy is 0.7765625 and loss is 0.4785101890563965
At time: 3.364213705062866 accuracy is 0.78125 and loss is 0.4855308532714844
At time: 3.545365810394287 accuracy is 0.80625 and loss is 0.4469712734222412
At time: 3.7334370613098145 accuracy is 0.8 and loss is 0.435347843170166
At time: 3.9277303218841553 accuracy is 0.8078125 and loss is 0.42623581886291506
At time: 4.125015735626221 accuracy is 0.771875 and loss is 0.4515866756439209
At time: 4.323772430419922 accuracy is 0.8 and loss is 0.44468140602111816
Evaluating...
Done Evaluating: Achieved accuracy of 0.7950581395348837
Achieved new best!
Completing Train Step at 2th epoch...
At time: 5.107486009597778 accuracy is 0.7203125 and loss is 0.6382759571075439
At time: 5.230660438537598 accuracy is 0.7828125 and loss is 0.5303419589996338
At time: 5.358346939086914 accuracy is 0.8328125 and loss is 0.4449314594268799
At time: 5.491556644439697 accuracy is 0.825 and loss is 0.42896571159362795
At time: 5.6313934326171875 accuracy is 0.8296875 and loss is 0.3680140733718872
At time: 5.775717496871948 accuracy is 0.796875 and loss is 0.42222442626953127
At time: 5.926974058151245 accuracy is 0.809375 and loss is 0.44119739532470703
At time: 6.084125518798828 accuracy is 0.825 and loss is 0.3837736129760742
At time: 6.248471021652222 accuracy is 0.8125 and loss is 0.3870758771896362
At time: 6.421535015106201 accuracy is 0.828125 and loss is 0.3837229013442993
At time: 6.60505223274231 accuracy is 0.8453125 and loss is 0.3566199779510498
At time: 6.802515029907227 accuracy is 0.8125 and loss is 0.4652140140533447
Evaluating...
Done Evaluating: Achieved accuracy of 0.7710755813953488
Not better for 1
Completing Train Step at 3th epoch...
At time: 7.502490043640137 accuracy is 0.7640625 and loss is 0.5606849193572998
At time: 7.638190269470215 accuracy is 0.8078125 and loss is 0.45211176872253417
At time: 7.780000686645508 accuracy is 0.8328125 and loss is 0.3777590751647949
At time: 7.927091598510742 accuracy is 0.84375 and loss is 0.3618513822555542
At time: 8.07718563079834 accuracy is 0.865625 and loss is 0.3076932907104492
At time: 8.224087238311768 accuracy is 0.8515625 and loss is 0.34732666015625
At time: 8.379237651824951 accuracy is 0.8359375 and loss is 0.3944999217987061
At time: 8.539005279541016 accuracy is 0.871875 and loss is 0.3070065975189209
At time: 8.711488485336304 accuracy is 0.85 and loss is 0.32420599460601807
At time: 8.886897802352905 accuracy is 0.8484375 and loss is 0.31531615257263185
At time: 9.072080373764038 accuracy is 0.8453125 and loss is 0.33081965446472167
At time: 9.271158456802368 accuracy is 0.8375 and loss is 0.3704714775085449
Evaluating...
Done Evaluating: Achieved accuracy of 0.7888808139534884
Not better for 2
Completing Train Step at 4th epoch...
At time: 9.959741353988647 accuracy is 0.7953125 and loss is 0.5083546161651611
At time: 10.083754301071167 accuracy is 0.825 and loss is 0.40047454833984375
At time: 10.213655233383179 accuracy is 0.8578125 and loss is 0.32461464405059814
At time: 10.349740505218506 accuracy is 0.8578125 and loss is 0.32840700149536134
At time: 10.491000890731812 accuracy is 0.865625 and loss is 0.31086733341217043
At time: 10.635997295379639 accuracy is 0.871875 and loss is 0.3171877861022949
At time: 10.78823447227478 accuracy is 0.85625 and loss is 0.32433671951293946
At time: 10.946543455123901 accuracy is 0.9015625 and loss is 0.24505388736724854
At time: 11.114376306533813 accuracy is 0.8890625 and loss is 0.25780415534973145
At time: 11.288538694381714 accuracy is 0.9234375 and loss is 0.21827394962310792
At time: 11.472909688949585 accuracy is 0.8859375 and loss is 0.27449166774749756
At time: 11.671497583389282 accuracy is 0.8828125 and loss is 0.28043863773345945
Evaluating...
Done Evaluating: Achieved accuracy of 0.7750726744186046
Not better for 3
Completing Train Step at 5th epoch...
At time: 12.36781907081604 accuracy is 0.821875 and loss is 0.4445471286773682
At time: 12.492097616195679 accuracy is 0.890625 and loss is 0.284350061416626
At time: 12.619871616363525 accuracy is 0.9171875 and loss is 0.21094105243682862
At time: 12.7540864944458 accuracy is 0.89375 and loss is 0.24183876514434816
At time: 12.89285945892334 accuracy is 0.9046875 and loss is 0.20638201236724854
At time: 13.051745176315308 accuracy is 0.921875 and loss is 0.18413178920745848
At time: 13.209623098373413 accuracy is 0.9078125 and loss is 0.23385207653045653
At time: 13.375781059265137 accuracy is 0.9234375 and loss is 0.1960238814353943
At time: 13.541422367095947 accuracy is 0.9140625 and loss is 0.2183772087097168
At time: 13.71386456489563 accuracy is 0.896875 and loss is 0.2282179117202759
At time: 13.896806001663208 accuracy is 0.915625 and loss is 0.22198915481567383
At time: 14.098336219787598 accuracy is 0.91875 and loss is 0.21412742137908936
Evaluating...
Done Evaluating: Achieved accuracy of 0.75
Not better for 4
Completing Train Step at 6th epoch...
At time: 14.8204505443573 accuracy is 0.85625 and loss is 0.3612763166427612
At time: 14.958308935165405 accuracy is 0.921875 and loss is 0.22355918884277343
At time: 15.100995063781738 accuracy is 0.925 and loss is 0.17886314392089844
At time: 15.248000621795654 accuracy is 0.9140625 and loss is 0.20901613235473632
At time: 15.399585485458374 accuracy is 0.9125 and loss is 0.19260835647583008
At time: 15.54276704788208 accuracy is 0.8984375 and loss is 0.2721778392791748
At time: 15.692660808563232 accuracy is 0.9234375 and loss is 0.1927694320678711
At time: 15.850664854049683 accuracy is 0.953125 and loss is 0.1293763518333435
At time: 16.0159592628479 accuracy is 0.925 and loss is 0.18052316904067994
At time: 16.18766760826111 accuracy is 0.94375 and loss is 0.16287771463394166
At time: 16.368664264678955 accuracy is 0.94375 and loss is 0.1420392394065857
At time: 16.563697576522827 accuracy is 0.9265625 and loss is 0.1787129521369934
Evaluating...
Done Evaluating: Achieved accuracy of 0.7321947674418605
Not better for 5
Completing Train Step at 7th epoch...
At time: 17.235312700271606 accuracy is 0.89375 and loss is 0.27177422046661376
At time: 17.351466417312622 accuracy is 0.9578125 and loss is 0.15685322284698486
At time: 17.473654747009277 accuracy is 0.9484375 and loss is 0.11489253044128418
At time: 17.602067947387695 accuracy is 0.9046875 and loss is 0.20831241607666015
At time: 17.736469507217407 accuracy is 0.94375 and loss is 0.17041304111480712
At time: 17.874809503555298 accuracy is 0.94375 and loss is 0.14274715185165404
At time: 18.01937174797058 accuracy is 0.953125 and loss is 0.10421682596206665
At time: 18.17039704322815 accuracy is 0.9625 and loss is 0.1033551812171936
At time: 18.328908443450928 accuracy is 0.9421875 and loss is 0.13726484775543213
At time: 18.496172666549683 accuracy is 0.9328125 and loss is 0.1822384238243103
At time: 18.673516035079956 accuracy is 0.934375 and loss is 0.17236082553863524
At time: 18.86453366279602 accuracy is 0.940625 and loss is 0.15081994533538817
Evaluating...
Done Evaluating: Achieved accuracy of 0.7663517441860465
Not better for 6
Completing Train Step at 8th epoch...
At time: 19.536524295806885 accuracy is 0.896875 and loss is 0.25025556087493894
At time: 19.65514063835144 accuracy is 0.9625 and loss is 0.13684147596359253
At time: 19.78189754486084 accuracy is 0.95 and loss is 0.12195069789886474
At time: 19.914668560028076 accuracy is 0.9421875 and loss is 0.13038139343261718
At time: 20.054004907608032 accuracy is 0.9671875 and loss is 0.0963800311088562
At time: 20.198917627334595 accuracy is 0.940625 and loss is 0.14890589714050292
At time: 20.350680112838745 accuracy is 0.971875 and loss is 0.07857259511947631
At time: 20.51061725616455 accuracy is 0.94375 and loss is 0.12271301746368408
At time: 20.6756751537323 accuracy is 0.9453125 and loss is 0.1307973861694336
At time: 20.84891939163208 accuracy is 0.9390625 and loss is 0.18867638111114501
At time: 21.030163288116455 accuracy is 0.9546875 and loss is 0.11583477258682251
At time: 21.22551989555359 accuracy is 0.9578125 and loss is 0.12608551979064941
Evaluating...
Done Evaluating: Achieved accuracy of 0.7808866279069767
Not better for 7
Completing Train Step at 9th epoch...
At time: 21.90747380256653 accuracy is 0.9359375 and loss is 0.1881478786468506
At time: 22.027312517166138 accuracy is 0.971875 and loss is 0.1034625768661499
At time: 22.150010585784912 accuracy is 0.965625 and loss is 0.11752911806106567
At time: 22.278144121170044 accuracy is 0.953125 and loss is 0.11340538263320923
At time: 22.414258241653442 accuracy is 0.9640625 and loss is 0.09716116786003112
At time: 22.55603313446045 accuracy is 0.9734375 and loss is 0.08397169709205628
At time: 22.70371651649475 accuracy is 0.9625 and loss is 0.07686660885810852
At time: 22.859375953674316 accuracy is 0.9578125 and loss is 0.1110108733177185
At time: 23.023715257644653 accuracy is 0.9609375 and loss is 0.08858505487442017
At time: 23.194629192352295 accuracy is 0.9625 and loss is 0.09213849306106567
At time: 23.37368631362915 accuracy is 0.9765625 and loss is 0.06724958419799805
At time: 23.565503120422363 accuracy is 0.95 and loss is 0.12910928726196289
Evaluating...
Done Evaluating: Achieved accuracy of 0.7587209302325582
Not better for 8
Completing Train Step at 10th epoch...
At time: 24.230564832687378 accuracy is 0.9578125 and loss is 0.15096763372421265
At time: 24.346571445465088 accuracy is 0.9796875 and loss is 0.09092493653297425
At time: 24.469018697738647 accuracy is 0.9734375 and loss is 0.07650910615921021
At time: 24.598127841949463 accuracy is 0.96875 and loss is 0.07994027733802796
At time: 24.732369661331177 accuracy is 0.984375 and loss is 0.05593674182891846
At time: 24.871230125427246 accuracy is 0.975 and loss is 0.07560391426086426
At time: 25.01471209526062 accuracy is 0.9671875 and loss is 0.13392262458801268
At time: 25.1703200340271 accuracy is 0.9625 and loss is 0.10253819227218627
At time: 25.335415363311768 accuracy is 0.9625 and loss is 0.1116600513458252
At time: 25.509368896484375 accuracy is 0.9625 and loss is 0.12347527742385864
At time: 25.693320512771606 accuracy is 0.971875 and loss is 0.07132025957107543
At time: 25.892170906066895 accuracy is 0.9609375 and loss is 0.1369776487350464
Evaluating...
Done Evaluating: Achieved accuracy of 0.7616279069767442
Not better for 9
Completing Train Step at 11th epoch...
At time: 26.584977388381958 accuracy is 0.9609375 and loss is 0.1247285008430481
At time: 26.702359437942505 accuracy is 0.9859375 and loss is 0.0580266535282135
At time: 26.826907634735107 accuracy is 0.9734375 and loss is 0.07205602526664734
At time: 26.95777726173401 accuracy is 0.9734375 and loss is 0.07965100407600403
At time: 27.09569263458252 accuracy is 0.975 and loss is 0.07835954427719116
At time: 27.239710569381714 accuracy is 0.9828125 and loss is 0.043789973855018614
At time: 27.391163110733032 accuracy is 0.9765625 and loss is 0.06769177317619324
At time: 27.549329042434692 accuracy is 0.9796875 and loss is 0.06757367849349975
At time: 27.71478247642517 accuracy is 0.9859375 and loss is 0.04820146262645721
At time: 27.887941360473633 accuracy is 0.9859375 and loss is 0.040762311220169066
At time: 28.072359323501587 accuracy is 0.971875 and loss is 0.08304109573364257
At time: 28.270575284957886 accuracy is 0.9671875 and loss is 0.09186925292015076
Evaluating...
Done Evaluating: Achieved accuracy of 0.7837936046511628
Not better for 10
Model not improving. Stopping earlyat 0.7950581395348837 epochs.
Done Training. Achieved Best Accuracy of 0.7950581395348837
Improved accuracyfrom 0.7925145348837209 to 0.7950581395348837
mlpattn
SETTINGS FOR THIS RUN
{'attention_dim': 79, 'num_layers': 1, 'l2': 0.01449797273119724, 'wordvec_source': 'glove', 'dropout': 0.10781733882088507, 'rnn_dropout': 0.7789971290489076, 'tune_wordvecs': False, 'data': 'MPQA', 'lr': 0.0013855474952429794, 'wordvec_dim': 300, 'batch_size': 32, 'attn_type': 'MLP'}
Using CUDA!
here
MLP
Building RNN Classifier...

[93m    Warning: no model found for 'en'[0m

    Only loading the 'en' tokenizer.

Retrieving Data from file: /home-nfs/siddsach/ml/Interpreting-Attention/interpreting_language/data/mpqa/mpqa_subj_labels.pickle...
Loading Vectors From Memory...
Using these vectors: ['GloVe']
Getting GloVe Vectors with 300 dims
Building Vocab...
[<torchtext.vocab.Vectors object at 0x7f063c987c50>]
Getting Batches...
Created Iterator with 261 batches
Getting Batches...
Created Iterator with 87 batches
Building model...
MLP
Using Attention model with following args:
{'attention_dim': 79, 'num_layers': 1, 'input_size': 300, 'train_word_vecs': False, 'num_classes': 2, 'vectors': 
 0.0000  0.0000  0.0000  ...   0.0000  0.0000  0.0000
 0.0000  0.0000  0.0000  ...   0.0000  0.0000  0.0000
 0.0000  0.0000  0.0000  ...   0.0000  0.0000  0.0000
          ...             ⋱             ...          
-0.4786 -0.1089 -0.0076  ...   0.7458  0.7174  0.6185
 0.0000  0.0000  0.0000  ...   0.0000  0.0000  0.0000
-0.0479  0.9828  0.9182  ...   0.0424  0.4554 -0.3210
[torch.FloatTensor of size 15284x300]
, 'attn_type': 'MLP', 'dropout': 0.10781733882088507, 'cuda': True, 'vocab_size': 15284, 'rnn_dropout': 0.7789971290489076, 'hidden_size': 300, 'batch_size': 32, 'tune_attn': 'True'}
Not Tuning Word Vectors!
Begin Training...
Completing Train Step at 0th epoch...
At time: 0.16455698013305664 accuracy is 0.53125 and loss is 0.7350115776062012
At time: 0.2997004985809326 accuracy is 0.6296875 and loss is 0.662409782409668
At time: 0.4421267509460449 accuracy is 0.6484375 and loss is 0.6062532424926758
At time: 0.5901823043823242 accuracy is 0.684375 and loss is 0.5989520072937011
At time: 0.7341628074645996 accuracy is 0.7421875 and loss is 0.5269172191619873
At time: 0.8802521228790283 accuracy is 0.740625 and loss is 0.5432803630828857
At time: 1.032526969909668 accuracy is 0.7296875 and loss is 0.518439531326294
At time: 1.1912553310394287 accuracy is 0.7671875 and loss is 0.48586812019348147
At time: 1.3576560020446777 accuracy is 0.7703125 and loss is 0.4917760848999023
At time: 1.5308237075805664 accuracy is 0.784375 and loss is 0.45801281929016113
At time: 1.7138538360595703 accuracy is 0.790625 and loss is 0.446271276473999
At time: 1.9112370014190674 accuracy is 0.7796875 and loss is 0.46164531707763673
Evaluating...
Done Evaluating: Achieved accuracy of 0.7787063953488372
Achieved new best!
Completing Train Step at 1th epoch...
At time: 2.584874153137207 accuracy is 0.61875 and loss is 0.6887414455413818
At time: 2.6992685794830322 accuracy is 0.7546875 and loss is 0.5269115447998047
At time: 2.820953845977783 accuracy is 0.7703125 and loss is 0.5514578342437744
At time: 2.9492952823638916 accuracy is 0.778125 and loss is 0.46476545333862307
At time: 3.0836048126220703 accuracy is 0.8046875 and loss is 0.44391279220581054
At time: 3.224828004837036 accuracy is 0.7890625 and loss is 0.4414184093475342
At time: 3.373000383377075 accuracy is 0.7921875 and loss is 0.43576512336730955
At time: 3.5287718772888184 accuracy is 0.8078125 and loss is 0.4330880165100098
At time: 3.6915366649627686 accuracy is 0.790625 and loss is 0.4549429416656494
At time: 3.862006425857544 accuracy is 0.8140625 and loss is 0.4094851493835449
At time: 4.043543100357056 accuracy is 0.796875 and loss is 0.43842248916625975
At time: 4.240644216537476 accuracy is 0.8125 and loss is 0.3942211151123047
Evaluating...
Done Evaluating: Achieved accuracy of 0.75
Not better for 1
Completing Train Step at 2th epoch...
At time: 4.904919624328613 accuracy is 0.678125 and loss is 0.6549275875091553
At time: 5.019113779067993 accuracy is 0.7875 and loss is 0.4941872596740723
At time: 5.140413045883179 accuracy is 0.8 and loss is 0.43458285331726076
At time: 5.271156549453735 accuracy is 0.8109375 and loss is 0.4124618053436279
At time: 5.409502983093262 accuracy is 0.821875 and loss is 0.3930159568786621
At time: 5.5545783042907715 accuracy is 0.803125 and loss is 0.4409040927886963
At time: 5.7032554149627686 accuracy is 0.840625 and loss is 0.38372881412506105
At time: 5.857836961746216 accuracy is 0.8171875 and loss is 0.4063241958618164
At time: 6.019412040710449 accuracy is 0.790625 and loss is 0.4264112949371338
At time: 6.189150333404541 accuracy is 0.8234375 and loss is 0.3982433557510376
At time: 6.370053291320801 accuracy is 0.853125 and loss is 0.32838454246521
At time: 6.565641164779663 accuracy is 0.8359375 and loss is 0.42026534080505373
Evaluating...
Done Evaluating: Achieved accuracy of 0.7906976744186046
Achieved new best!
Completing Train Step at 3th epoch...
At time: 7.229345083236694 accuracy is 0.76875 and loss is 0.6066238403320312
At time: 7.343888282775879 accuracy is 0.8078125 and loss is 0.4682612419128418
At time: 7.465625047683716 accuracy is 0.83125 and loss is 0.37770631313323977
At time: 7.599581718444824 accuracy is 0.8328125 and loss is 0.4501234531402588
At time: 7.756826639175415 accuracy is 0.8453125 and loss is 0.38608756065368655
At time: 7.9148664474487305 accuracy is 0.846875 and loss is 0.3524030208587646
At time: 8.0780668258667 accuracy is 0.8609375 and loss is 0.3182929277420044
At time: 8.24830937385559 accuracy is 0.853125 and loss is 0.3144920587539673
At time: 8.411104917526245 accuracy is 0.8171875 and loss is 0.39976930618286133
At time: 8.582049131393433 accuracy is 0.8453125 and loss is 0.3730565071105957
At time: 8.7641441822052 accuracy is 0.8609375 and loss is 0.3332784652709961
At time: 8.959901332855225 accuracy is 0.8625 and loss is 0.31925215721130373
Evaluating...
Done Evaluating: Achieved accuracy of 0.7725290697674418
Not better for 1
Completing Train Step at 4th epoch...
At time: 9.63783884048462 accuracy is 0.7875 and loss is 0.5305106163024902
At time: 9.757235050201416 accuracy is 0.8140625 and loss is 0.4352985382080078
At time: 9.883617401123047 accuracy is 0.85625 and loss is 0.34536759853363036
At time: 10.028398990631104 accuracy is 0.8484375 and loss is 0.3492792844772339
At time: 10.180673360824585 accuracy is 0.8890625 and loss is 0.26327760219573976
At time: 10.334043741226196 accuracy is 0.8625 and loss is 0.2950966596603394
At time: 10.488664388656616 accuracy is 0.88125 and loss is 0.3028968334197998
At time: 10.650383472442627 accuracy is 0.8734375 and loss is 0.27015864849090576
At time: 10.819111824035645 accuracy is 0.875 and loss is 0.30564866065979
At time: 10.995572090148926 accuracy is 0.8421875 and loss is 0.33325393199920655
At time: 11.181250095367432 accuracy is 0.8890625 and loss is 0.2732311964035034
At time: 11.3814058303833 accuracy is 0.8921875 and loss is 0.2578683376312256
Evaluating...
Done Evaluating: Achieved accuracy of 0.7467296511627907
Not better for 2
Completing Train Step at 5th epoch...
At time: 12.082659006118774 accuracy is 0.803125 and loss is 0.4520110607147217
At time: 12.202219247817993 accuracy is 0.834375 and loss is 0.38037130832672117
At time: 12.327959060668945 accuracy is 0.8859375 and loss is 0.29017136096954343
At time: 12.459701776504517 accuracy is 0.890625 and loss is 0.27326388359069825
At time: 12.598342657089233 accuracy is 0.8984375 and loss is 0.235398530960083
At time: 12.74367380142212 accuracy is 0.8875 and loss is 0.24222111701965332
At time: 12.89605164527893 accuracy is 0.878125 and loss is 0.29232943058013916
At time: 13.055169582366943 accuracy is 0.9109375 and loss is 0.19488528966903687
At time: 13.223028421401978 accuracy is 0.90625 and loss is 0.21386075019836426
At time: 13.400431394577026 accuracy is 0.871875 and loss is 0.33067381381988525
At time: 13.588417530059814 accuracy is 0.8953125 and loss is 0.2630662441253662
At time: 13.791595935821533 accuracy is 0.9046875 and loss is 0.19827126264572142
Evaluating...
Done Evaluating: Achieved accuracy of 0.768531976744186
Not better for 3
Completing Train Step at 6th epoch...
At time: 14.478594779968262 accuracy is 0.85 and loss is 0.3590409517288208
At time: 14.59828519821167 accuracy is 0.88125 and loss is 0.28535964488983157
At time: 14.723526239395142 accuracy is 0.9203125 and loss is 0.1938793659210205
At time: 14.855652570724487 accuracy is 0.91875 and loss is 0.20043504238128662
At time: 14.994365453720093 accuracy is 0.9328125 and loss is 0.17171339988708495
At time: 15.14007043838501 accuracy is 0.9046875 and loss is 0.25435330867767336
At time: 15.293944835662842 accuracy is 0.8984375 and loss is 0.2301957130432129
At time: 15.454513549804688 accuracy is 0.9109375 and loss is 0.1875429630279541
At time: 15.624414682388306 accuracy is 0.8921875 and loss is 0.22618112564086915
At time: 15.80089259147644 accuracy is 0.9015625 and loss is 0.2186478853225708
At time: 15.98886227607727 accuracy is 0.9390625 and loss is 0.17250359058380127
At time: 16.189751863479614 accuracy is 0.934375 and loss is 0.1581826090812683
Evaluating...
Done Evaluating: Achieved accuracy of 0.7547238372093024
Not better for 4
Completing Train Step at 7th epoch...
At time: 16.890671491622925 accuracy is 0.853125 and loss is 0.3426922559738159
At time: 17.025776624679565 accuracy is 0.9046875 and loss is 0.22329766750335694
At time: 17.168161869049072 accuracy is 0.9453125 and loss is 0.15656883716583253
At time: 17.316495895385742 accuracy is 0.9234375 and loss is 0.18926676511764526
At time: 17.45827865600586 accuracy is 0.9359375 and loss is 0.1461760878562927
At time: 17.603642463684082 accuracy is 0.934375 and loss is 0.16404740810394286
At time: 17.7560818195343 accuracy is 0.940625 and loss is 0.15761688947677613
At time: 17.915236234664917 accuracy is 0.9453125 and loss is 0.1350114941596985
At time: 18.08188271522522 accuracy is 0.934375 and loss is 0.13813236951828003
At time: 18.258225917816162 accuracy is 0.93125 and loss is 0.17167704105377196
At time: 18.446350574493408 accuracy is 0.9453125 and loss is 0.14285858869552612
At time: 18.646689653396606 accuracy is 0.9421875 and loss is 0.1359553337097168
Evaluating...
Done Evaluating: Achieved accuracy of 0.7776162790697675
Not better for 5
Completing Train Step at 8th epoch...
At time: 19.344233989715576 accuracy is 0.8953125 and loss is 0.2770054340362549
At time: 19.46415066719055 accuracy is 0.9546875 and loss is 0.1452267050743103
At time: 19.590956926345825 accuracy is 0.9578125 and loss is 0.10875287055969238
At time: 19.723106145858765 accuracy is 0.934375 and loss is 0.14916937351226806
At time: 19.86239457130432 accuracy is 0.95625 and loss is 0.10227715969085693
At time: 20.007681608200073 accuracy is 0.9546875 and loss is 0.11308767795562744
At time: 20.15999698638916 accuracy is 0.9453125 and loss is 0.1257024884223938
At time: 20.31794762611389 accuracy is 0.9421875 and loss is 0.1330293297767639
At time: 20.481367111206055 accuracy is 0.953125 and loss is 0.12108443975448609
At time: 20.651957511901855 accuracy is 0.94375 and loss is 0.12231087684631348
At time: 20.833503246307373 accuracy is 0.965625 and loss is 0.09493099451065064
At time: 21.030569791793823 accuracy is 0.9171875 and loss is 0.2028883934020996
Evaluating...
Done Evaluating: Achieved accuracy of 0.7590843023255814
Not better for 6
Completing Train Step at 9th epoch...
At time: 21.709110975265503 accuracy is 0.9171875 and loss is 0.2198115825653076
At time: 21.825083017349243 accuracy is 0.9625 and loss is 0.12731661796569824
At time: 21.947054862976074 accuracy is 0.9625 and loss is 0.10662949085235596
At time: 22.074861526489258 accuracy is 0.959375 and loss is 0.09885053634643555
At time: 22.20852303504944 accuracy is 0.9703125 and loss is 0.0828121542930603
At time: 22.345649242401123 accuracy is 0.978125 and loss is 0.07427714467048645
At time: 22.488953113555908 accuracy is 0.9609375 and loss is 0.12916020154953003
At time: 22.642510652542114 accuracy is 0.9375 and loss is 0.14805949926376344
At time: 22.80405306816101 accuracy is 0.9421875 and loss is 0.15631047487258912
At time: 22.974127054214478 accuracy is 0.9640625 and loss is 0.09520595073699951
At time: 23.15348720550537 accuracy is 0.971875 and loss is 0.08349308371543884
At time: 23.346801042556763 accuracy is 0.9671875 and loss is 0.0694488227367401
Evaluating...
Done Evaluating: Achieved accuracy of 0.7739825581395349
Not better for 7
Completing Train Step at 10th epoch...
At time: 24.045825481414795 accuracy is 0.940625 and loss is 0.16913330554962158
At time: 24.1779944896698 accuracy is 0.975 and loss is 0.10390253067016601
At time: 24.340243816375732 accuracy is 0.98125 and loss is 0.06520583033561707
At time: 24.50161910057068 accuracy is 0.971875 and loss is 0.08864861130714416
At time: 24.666190147399902 accuracy is 0.9765625 and loss is 0.06976134181022645
At time: 24.832322120666504 accuracy is 0.96875 and loss is 0.09560711979866028
At time: 24.992793083190918 accuracy is 0.9546875 and loss is 0.10099519491195678
At time: 25.16164803504944 accuracy is 0.965625 and loss is 0.09776397347450257
At time: 25.34076690673828 accuracy is 0.953125 and loss is 0.12877366542816163
At time: 25.524489164352417 accuracy is 0.9796875 and loss is 0.0567433774471283
At time: 25.7227041721344 accuracy is 0.990625 and loss is 0.031957927346229556
At time: 25.937113285064697 accuracy is 0.965625 and loss is 0.09221305251121521
Evaluating...
Done Evaluating: Achieved accuracy of 0.7754360465116279
Not better for 8
Completing Train Step at 11th epoch...
At time: 26.680471181869507 accuracy is 0.9546875 and loss is 0.14869364500045776
At time: 26.79535675048828 accuracy is 0.9765625 and loss is 0.08767895102500915
At time: 26.92022681236267 accuracy is 0.975 and loss is 0.09415218830108643
At time: 27.053150415420532 accuracy is 0.9703125 and loss is 0.08896901607513427
At time: 27.19121527671814 accuracy is 0.975 and loss is 0.07023181319236756
At time: 27.336921453475952 accuracy is 0.971875 and loss is 0.07707986235618591
At time: 27.489484071731567 accuracy is 0.965625 and loss is 0.1016797661781311
At time: 27.650864839553833 accuracy is 0.965625 and loss is 0.07581822872161866
At time: 27.814086198806763 accuracy is 0.96875 and loss is 0.09004765152931213
At time: 27.988492727279663 accuracy is 0.959375 and loss is 0.13116831779479982
At time: 28.174070596694946 accuracy is 0.96875 and loss is 0.08824942708015442
At time: 28.374197006225586 accuracy is 0.9484375 and loss is 0.14139686822891234
Evaluating...
Done Evaluating: Achieved accuracy of 0.7423691860465116
Not better for 9
Completing Train Step at 12th epoch...
At time: 29.089057445526123 accuracy is 0.940625 and loss is 0.160691237449646
At time: 29.217882871627808 accuracy is 0.98125 and loss is 0.07707815766334533
At time: 29.35135841369629 accuracy is 0.975 and loss is 0.09104443788528442
At time: 29.48937678337097 accuracy is 0.9796875 and loss is 0.06314071416854858
At time: 29.632999897003174 accuracy is 0.9828125 and loss is 0.052314752340316774
At time: 29.78680682182312 accuracy is 0.975 and loss is 0.0692838728427887
At time: 29.942143201828003 accuracy is 0.9765625 and loss is 0.06365596652030944
At time: 30.103411436080933 accuracy is 0.975 and loss is 0.05990508794784546
At time: 30.272834539413452 accuracy is 0.9578125 and loss is 0.0987030565738678
At time: 30.448879718780518 accuracy is 0.9625 and loss is 0.11148934364318848
At time: 30.630778551101685 accuracy is 0.978125 and loss is 0.050978022813797
At time: 30.82401752471924 accuracy is 0.9796875 and loss is 0.05154744982719421
Evaluating...
Done Evaluating: Achieved accuracy of 0.7667151162790697
Not better for 10
Model not improving. Stopping earlyat 0.7906976744186046 epochs.
Done Training. Achieved Best Accuracy of 0.7906976744186046
mlpattn
SETTINGS FOR THIS RUN
{'attention_dim': 46, 'num_layers': 1, 'l2': 0.24241590923512946, 'wordvec_source': 'glove', 'dropout': 0.3719781171906872, 'rnn_dropout': 0.3011132454210359, 'tune_wordvecs': False, 'data': 'MPQA', 'lr': 0.001810224289615842, 'wordvec_dim': 300, 'batch_size': 32, 'attn_type': 'MLP'}
Using CUDA!
here
MLP
Building RNN Classifier...

[93m    Warning: no model found for 'en'[0m

    Only loading the 'en' tokenizer.

Retrieving Data from file: /home-nfs/siddsach/ml/Interpreting-Attention/interpreting_language/data/mpqa/mpqa_subj_labels.pickle...
Loading Vectors From Memory...
Using these vectors: ['GloVe']
Getting GloVe Vectors with 300 dims
Building Vocab...
[<torchtext.vocab.Vectors object at 0x7f063c7f7ba8>]
Getting Batches...
Created Iterator with 261 batches
Getting Batches...
Created Iterator with 87 batches
Building model...
MLP
Using Attention model with following args:
{'attention_dim': 46, 'num_layers': 1, 'input_size': 300, 'train_word_vecs': False, 'num_classes': 2, 'vectors': 
 0.0000  0.0000  0.0000  ...   0.0000  0.0000  0.0000
 0.0000  0.0000  0.0000  ...   0.0000  0.0000  0.0000
 0.0000  0.0000  0.0000  ...   0.0000  0.0000  0.0000
          ...             ⋱             ...          
-0.4786 -0.1089 -0.0076  ...   0.7458  0.7174  0.6185
 0.0000  0.0000  0.0000  ...   0.0000  0.0000  0.0000
-0.0479  0.9828  0.9182  ...   0.0424  0.4554 -0.3210
[torch.FloatTensor of size 15284x300]
, 'attn_type': 'MLP', 'dropout': 0.3719781171906872, 'cuda': True, 'vocab_size': 15284, 'rnn_dropout': 0.3011132454210359, 'hidden_size': 300, 'batch_size': 32, 'tune_attn': 'True'}
Not Tuning Word Vectors!
Begin Training...
Completing Train Step at 0th epoch...
At time: 0.15023207664489746 accuracy is 0.53125 and loss is 0.7347232341766358
At time: 0.2748110294342041 accuracy is 0.5734375 and loss is 0.6566100597381592
At time: 0.4045593738555908 accuracy is 0.7296875 and loss is 0.6086016654968261
At time: 0.535311222076416 accuracy is 0.7421875 and loss is 0.5506553173065185
At time: 0.6705214977264404 accuracy is 0.7609375 and loss is 0.48992490768432617
At time: 0.8162031173706055 accuracy is 0.7703125 and loss is 0.5021410942077636
At time: 0.9683516025543213 accuracy is 0.7578125 and loss is 0.4942802429199219
At time: 1.127265214920044 accuracy is 0.784375 and loss is 0.47411599159240725
At time: 1.2877836227416992 accuracy is 0.775 and loss is 0.48430829048156737
At time: 1.4595835208892822 accuracy is 0.778125 and loss is 0.46690168380737307
At time: 1.6380646228790283 accuracy is 0.775 and loss is 0.46203203201293946
At time: 1.8330411911010742 accuracy is 0.7640625 and loss is 0.4675764083862305
Evaluating...
Done Evaluating: Achieved accuracy of 0.7877906976744186
Achieved new best!
Completing Train Step at 1th epoch...
At time: 2.5159342288970947 accuracy is 0.684375 and loss is 0.6442790985107422
At time: 2.6300437450408936 accuracy is 0.734375 and loss is 0.5110640525817871
At time: 2.752039909362793 accuracy is 0.7875 and loss is 0.44183835983276365
At time: 2.880058765411377 accuracy is 0.7625 and loss is 0.4666459083557129
At time: 3.0139293670654297 accuracy is 0.7984375 and loss is 0.41562628746032715
At time: 3.1524550914764404 accuracy is 0.790625 and loss is 0.4772964000701904
At time: 3.2976489067077637 accuracy is 0.7703125 and loss is 0.4862349510192871
At time: 3.4497246742248535 accuracy is 0.759375 and loss is 0.47184114456176757
At time: 3.6114003658294678 accuracy is 0.7984375 and loss is 0.4476740837097168
At time: 3.7811505794525146 accuracy is 0.8140625 and loss is 0.4117323398590088
At time: 3.9622740745544434 accuracy is 0.78125 and loss is 0.44754900932312014
At time: 4.161609649658203 accuracy is 0.7984375 and loss is 0.43302359580993655
Evaluating...
Done Evaluating: Achieved accuracy of 0.7743459302325582
Not better for 1
Completing Train Step at 2th epoch...
At time: 4.858764171600342 accuracy is 0.7578125 and loss is 0.5793650627136231
At time: 4.977879762649536 accuracy is 0.7828125 and loss is 0.42113208770751953
At time: 5.102229356765747 accuracy is 0.8265625 and loss is 0.41640939712524416
At time: 5.234404802322388 accuracy is 0.7375 and loss is 0.5184191703796387
At time: 5.373755931854248 accuracy is 0.8078125 and loss is 0.42067546844482423
At time: 5.5177459716796875 accuracy is 0.8328125 and loss is 0.409543514251709
At time: 5.670104265213013 accuracy is 0.790625 and loss is 0.46074790954589845
At time: 5.82921290397644 accuracy is 0.80625 and loss is 0.4176064968109131
At time: 5.995086908340454 accuracy is 0.80625 and loss is 0.41744403839111327
At time: 6.166940450668335 accuracy is 0.81875 and loss is 0.3973004579544067
At time: 6.3489251136779785 accuracy is 0.83125 and loss is 0.35140745639801024
At time: 6.545230388641357 accuracy is 0.8015625 and loss is 0.42646112442016604
Evaluating...
Done Evaluating: Achieved accuracy of 0.8048691860465116
Achieved new best!
Completing Train Step at 3th epoch...
At time: 7.207869291305542 accuracy is 0.78125 and loss is 0.534349012374878
At time: 7.319681644439697 accuracy is 0.8484375 and loss is 0.35179340839385986
At time: 7.44025182723999 accuracy is 0.8203125 and loss is 0.384010910987854
At time: 7.56806755065918 accuracy is 0.80625 and loss is 0.4421036720275879
At time: 7.703197479248047 accuracy is 0.8109375 and loss is 0.41206912994384765
At time: 7.848670721054077 accuracy is 0.853125 and loss is 0.3395132541656494
At time: 8.000831365585327 accuracy is 0.825 and loss is 0.4059614181518555
At time: 8.156797170639038 accuracy is 0.83125 and loss is 0.3650827407836914
At time: 8.318965911865234 accuracy is 0.8375 and loss is 0.33366618156433103
At time: 8.491257190704346 accuracy is 0.8359375 and loss is 0.3656095743179321
At time: 8.675633907318115 accuracy is 0.8765625 and loss is 0.28266315460205077
At time: 8.874175548553467 accuracy is 0.8078125 and loss is 0.4651294708251953
Evaluating...
Done Evaluating: Achieved accuracy of 0.7899709302325582
Not better for 1
Completing Train Step at 4th epoch...
At time: 9.555896043777466 accuracy is 0.7953125 and loss is 0.5146825790405274
At time: 9.676262140274048 accuracy is 0.8578125 and loss is 0.3385918140411377
At time: 9.800073623657227 accuracy is 0.8375 and loss is 0.3451341152191162
At time: 9.93082332611084 accuracy is 0.8453125 and loss is 0.39459044933319093
At time: 10.068159580230713 accuracy is 0.8484375 and loss is 0.3471683025360107
At time: 10.2100248336792 accuracy is 0.8421875 and loss is 0.32366793155670165
At time: 10.358084917068481 accuracy is 0.8515625 and loss is 0.3491765022277832
At time: 10.510981321334839 accuracy is 0.890625 and loss is 0.2797081470489502
At time: 10.671151399612427 accuracy is 0.8734375 and loss is 0.28869316577911375
At time: 10.841961145401001 accuracy is 0.8796875 and loss is 0.29214026927948
At time: 11.021523714065552 accuracy is 0.890625 and loss is 0.26476848125457764
At time: 11.216605186462402 accuracy is 0.8609375 and loss is 0.31018505096435545
Evaluating...
Done Evaluating: Achieved accuracy of 0.762718023255814
Not better for 2
Completing Train Step at 5th epoch...
At time: 11.898330211639404 accuracy is 0.8015625 and loss is 0.4603583335876465
At time: 12.01683783531189 accuracy is 0.878125 and loss is 0.3049615859985352
At time: 12.13949704170227 accuracy is 0.8953125 and loss is 0.24744105339050293
At time: 12.269033432006836 accuracy is 0.8296875 and loss is 0.4205057144165039
At time: 12.404387950897217 accuracy is 0.875 and loss is 0.26806538105010985
At time: 12.546465396881104 accuracy is 0.8765625 and loss is 0.28298535346984866
At time: 12.694571018218994 accuracy is 0.871875 and loss is 0.28559675216674807
At time: 12.861104726791382 accuracy is 0.90625 and loss is 0.21289191246032715
At time: 13.038411140441895 accuracy is 0.8765625 and loss is 0.3090589284896851
At time: 13.22272539138794 accuracy is 0.9109375 and loss is 0.22365777492523192
At time: 13.40713381767273 accuracy is 0.91875 and loss is 0.19400194883346558
At time: 13.606054544448853 accuracy is 0.88125 and loss is 0.2775792360305786
Evaluating...
Done Evaluating: Achieved accuracy of 0.7430959302325582
Not better for 3
Completing Train Step at 6th epoch...
At time: 14.30544900894165 accuracy is 0.8171875 and loss is 0.41107521057128904
At time: 14.424182653427124 accuracy is 0.896875 and loss is 0.2562891721725464
At time: 14.549015045166016 accuracy is 0.90625 and loss is 0.22932498455047606
At time: 14.677742004394531 accuracy is 0.8890625 and loss is 0.2442009449005127
At time: 14.812742710113525 accuracy is 0.928125 and loss is 0.1877753496170044
At time: 14.95438003540039 accuracy is 0.890625 and loss is 0.23323218822479247
At time: 15.10121774673462 accuracy is 0.903125 and loss is 0.21866028308868407
At time: 15.253329277038574 accuracy is 0.91875 and loss is 0.197671639919281
At time: 15.412801265716553 accuracy is 0.921875 and loss is 0.20127060413360595
At time: 15.580237627029419 accuracy is 0.9234375 and loss is 0.19861235618591308
At time: 15.758643865585327 accuracy is 0.921875 and loss is 0.1945620059967041
At time: 15.95058822631836 accuracy is 0.8984375 and loss is 0.25090932846069336
Evaluating...
Done Evaluating: Achieved accuracy of 0.7638081395348837
Not better for 4
Completing Train Step at 7th epoch...
At time: 16.64338254928589 accuracy is 0.8703125 and loss is 0.3359880208969116
At time: 16.78068995475769 accuracy is 0.903125 and loss is 0.2328721046447754
At time: 16.92445182800293 accuracy is 0.928125 and loss is 0.18956270217895507
At time: 17.061275720596313 accuracy is 0.9140625 and loss is 0.21391091346740723
At time: 17.201550245285034 accuracy is 0.915625 and loss is 0.18381524085998535
At time: 17.358696699142456 accuracy is 0.9125 and loss is 0.20518574714660645
At time: 17.5451078414917 accuracy is 0.9125 and loss is 0.18518033027648925
At time: 17.730327129364014 accuracy is 0.9265625 and loss is 0.2020423412322998
At time: 17.92137622833252 accuracy is 0.9421875 and loss is 0.17178452014923096
At time: 18.1072039604187 accuracy is 0.921875 and loss is 0.19351037740707397
At time: 18.324143171310425 accuracy is 0.9296875 and loss is 0.19824734926223755
At time: 18.542909383773804 accuracy is 0.9140625 and loss is 0.22214035987854003
Evaluating...
Done Evaluating: Achieved accuracy of 0.7401889534883721
Not better for 5
Completing Train Step at 8th epoch...
At time: 19.231789112091064 accuracy is 0.865625 and loss is 0.3204249620437622
At time: 19.345827341079712 accuracy is 0.9359375 and loss is 0.20462460517883302
At time: 19.468971014022827 accuracy is 0.9390625 and loss is 0.17429920434951782
At time: 19.59997797012329 accuracy is 0.915625 and loss is 0.2038804054260254
At time: 19.73713779449463 accuracy is 0.959375 and loss is 0.10854146480560303
At time: 19.88178825378418 accuracy is 0.9484375 and loss is 0.12417764663696289
At time: 20.031250715255737 accuracy is 0.9515625 and loss is 0.12166457176208496
At time: 20.184675693511963 accuracy is 0.9359375 and loss is 0.13356397151947022
At time: 20.34649419784546 accuracy is 0.946875 and loss is 0.14029830694198608
At time: 20.517163276672363 accuracy is 0.9296875 and loss is 0.16668903827667236
At time: 20.69864296913147 accuracy is 0.9375 and loss is 0.14848533868789673
At time: 20.896477937698364 accuracy is 0.928125 and loss is 0.1793505072593689
Evaluating...
Done Evaluating: Achieved accuracy of 0.7416424418604651
Not better for 6
Completing Train Step at 9th epoch...
At time: 21.61800718307495 accuracy is 0.884375 and loss is 0.27420654296875
At time: 21.74401092529297 accuracy is 0.9453125 and loss is 0.1634731888771057
At time: 21.874348163604736 accuracy is 0.959375 and loss is 0.13441894054412842
At time: 22.008896350860596 accuracy is 0.9390625 and loss is 0.149998939037323
At time: 22.14614510536194 accuracy is 0.9671875 and loss is 0.09148669838905335
At time: 22.288347721099854 accuracy is 0.953125 and loss is 0.11878769397735596
At time: 22.43746328353882 accuracy is 0.946875 and loss is 0.12079143524169922
At time: 22.592739582061768 accuracy is 0.9546875 and loss is 0.12951668500900268
At time: 22.755611419677734 accuracy is 0.9328125 and loss is 0.17873088121414185
At time: 22.926297903060913 accuracy is 0.94375 and loss is 0.1853895902633667
At time: 23.108145713806152 accuracy is 0.9609375 and loss is 0.12324097156524658
At time: 23.30629301071167 accuracy is 0.94375 and loss is 0.14207254648208617
Evaluating...
Done Evaluating: Achieved accuracy of 0.7794331395348837
Not better for 7
Completing Train Step at 10th epoch...
At time: 23.977142810821533 accuracy is 0.93125 and loss is 0.21463794708251954
At time: 24.105071306228638 accuracy is 0.9578125 and loss is 0.1269318699836731
At time: 24.23855757713318 accuracy is 0.965625 and loss is 0.11457903385162353
At time: 24.374346494674683 accuracy is 0.940625 and loss is 0.15324317216873168
At time: 24.515588998794556 accuracy is 0.9578125 and loss is 0.108540940284729
At time: 24.665186882019043 accuracy is 0.95625 and loss is 0.11651813983917236
At time: 24.818854093551636 accuracy is 0.95 and loss is 0.12130463123321533
At time: 24.978386163711548 accuracy is 0.95 and loss is 0.14270638227462767
At time: 25.147408485412598 accuracy is 0.9515625 and loss is 0.11711562871932983
At time: 25.323248863220215 accuracy is 0.959375 and loss is 0.09951900243759156
At time: 25.511263370513916 accuracy is 0.965625 and loss is 0.11137669086456299
At time: 25.712512969970703 accuracy is 0.9578125 and loss is 0.11691458225250244
Evaluating...
Done Evaluating: Achieved accuracy of 0.7823401162790697
Not better for 8
Completing Train Step at 11th epoch...
At time: 26.42903161048889 accuracy is 0.9234375 and loss is 0.1972874402999878
At time: 26.55911350250244 accuracy is 0.9515625 and loss is 0.16551432609558106
At time: 26.694796323776245 accuracy is 0.9484375 and loss is 0.12711471319198608
At time: 26.834060430526733 accuracy is 0.9453125 and loss is 0.14032672643661498
At time: 26.97668981552124 accuracy is 0.96875 and loss is 0.10755027532577514
At time: 27.126633167266846 accuracy is 0.9578125 and loss is 0.12300994396209716
At time: 27.282366275787354 accuracy is 0.9578125 and loss is 0.09991328716278076
At time: 27.443562507629395 accuracy is 0.953125 and loss is 0.12954387664794922
At time: 27.612967014312744 accuracy is 0.971875 and loss is 0.07154648303985596
At time: 27.790340662002563 accuracy is 0.953125 and loss is 0.11987768411636353
At time: 27.978004217147827 accuracy is 0.96875 and loss is 0.08060074448585511
At time: 28.17981219291687 accuracy is 0.9296875 and loss is 0.18695299625396727
Evaluating...
Done Evaluating: Achieved accuracy of 0.7619912790697675
Not better for 9
Completing Train Step at 12th epoch...
At time: 28.89021348953247 accuracy is 0.934375 and loss is 0.1826188564300537
At time: 29.01319694519043 accuracy is 0.9578125 and loss is 0.14320740699768067
At time: 29.14164710044861 accuracy is 0.98125 and loss is 0.07708601355552673
At time: 29.276280879974365 accuracy is 0.9578125 and loss is 0.1007764220237732
At time: 29.41675615310669 accuracy is 0.9625 and loss is 0.0931941032409668
At time: 29.562552452087402 accuracy is 0.9671875 and loss is 0.10398612022399903
At time: 29.714835166931152 accuracy is 0.9734375 and loss is 0.0698930025100708
At time: 29.874256372451782 accuracy is 0.975 and loss is 0.067722487449646
At time: 30.04424524307251 accuracy is 0.96875 and loss is 0.09799573421478272
At time: 30.21410894393921 accuracy is 0.965625 and loss is 0.10179648399353028
At time: 30.397486448287964 accuracy is 0.953125 and loss is 0.1443900227546692
At time: 30.594740867614746 accuracy is 0.9515625 and loss is 0.15277259349822997
Evaluating...
Done Evaluating: Achieved accuracy of 0.7794331395348837
Not better for 10
Model not improving. Stopping earlyat 0.8048691860465116 epochs.
Done Training. Achieved Best Accuracy of 0.8048691860465116
Improved accuracyfrom 0.7950581395348837 to 0.8048691860465116
mlpattn



RESULTS:
[{'params': {'attention_dim': 58, 'num_layers': 1, 'l2': 0.6144239183124278, 'wordvec_source': 'glove', 'dropout': 0.07291445619456904, 'rnn_dropout': 0.13210030698778308, 'tune_wordvecs': False, 'data': 'MPQA', 'lr': 0.0013090103823040788, 'wordvec_dim': 300, 'batch_size': 32, 'attn_type': 'MLP'}, 'best_accuracy': 0.7925145348837209}, {'params': {'attention_dim': 77, 'num_layers': 1, 'l2': 0.864805931363537, 'wordvec_source': 'glove', 'dropout': 0.11087889026625497, 'rnn_dropout': 0.8177266462244054, 'tune_wordvecs': False, 'data': 'MPQA', 'lr': 0.003912522397672939, 'wordvec_dim': 300, 'batch_size': 32, 'attn_type': 'MLP'}, 'best_accuracy': 0.7823401162790697}, {'params': {'attention_dim': 63, 'num_layers': 1, 'l2': 0.399912308504232, 'wordvec_source': 'glove', 'dropout': 0.021321766629278427, 'rnn_dropout': 0.16856635138618825, 'tune_wordvecs': False, 'data': 'MPQA', 'lr': 0.001109267064984006, 'wordvec_dim': 300, 'batch_size': 32, 'attn_type': 'MLP'}, 'best_accuracy': 0.7950581395348837}, {'params': {'attention_dim': 79, 'num_layers': 1, 'l2': 0.01449797273119724, 'wordvec_source': 'glove', 'dropout': 0.10781733882088507, 'rnn_dropout': 0.7789971290489076, 'tune_wordvecs': False, 'data': 'MPQA', 'lr': 0.0013855474952429794, 'wordvec_dim': 300, 'batch_size': 32, 'attn_type': 'MLP'}, 'best_accuracy': 0.7906976744186046}, {'params': {'attention_dim': 46, 'num_layers': 1, 'l2': 0.24241590923512946, 'wordvec_source': 'glove', 'dropout': 0.3719781171906872, 'rnn_dropout': 0.3011132454210359, 'tune_wordvecs': False, 'data': 'MPQA', 'lr': 0.001810224289615842, 'wordvec_dim': 300, 'batch_size': 32, 'attn_type': 'MLP'}, 'best_accuracy': 0.8048691860465116}]
