ROOT_PATH: /home-nfs/siddsach/ml/Interpreting-Attention/interpreting_language
Building Bayesian Optimizer for 
 data:MPQA 
 choices:[{'type': 'continuous', 'name': 'lr', 'domain': [5e-05, 0.005]}, {'type': 'continuous', 'name': 'rnn_dropout', 'domain': [0, 1]}, {'type': 'continuous', 'name': 'dropout', 'domain': [0, 1]}, {'type': 'continuous', 'name': 'l2', 'domain': [0, 1]}, {'type': 'continuous', 'name': 'attention_dim', 'domain': [5, 100]}]
SETTINGS FOR THIS RUN
{'batch_size': 32, 'dropout': 0.4485903711678624, 'wordvec_source': 'None', 'l2': 0.8404204598237365, 'lr': 0.0008235657207661851, 'tune_wordvecs': True, 'rnn_dropout': 0.5920863832188418, 'attention_dim': 19, 'wordvec_dim': 300, 'attn_type': 'MLP', 'num_layers': 3, 'data': 'MPQA'}
Using CUDA!
here
MLP
Building RNN Classifier...

[93m    Warning: no model found for 'en'[0m

    Only loading the 'en' tokenizer.

Retrieving Data from file: /home-nfs/siddsach/ml/Interpreting-Attention/interpreting_language/data/mpqa/mpqa_subj_labels.pickle...
Loading Vectors From Memory...
Not using pretrained wordvectors
Building Vocab...
[]
Getting Batches...
Created Iterator with 261 batches
Getting Batches...
Created Iterator with 87 batches
Building model...
MLP
Using Attention model with following args:
{'batch_size': 32, 'tune_attn': 'True', 'input_size': 300, 'vocab_size': 15284, 'dropout': 0.4485903711678624, 'num_classes': 2, 'num_layers': 3, 'hidden_size': 300, 'train_word_vecs': True, 'rnn_dropout': 0.5920863832188418, 'attention_dim': 19, 'vectors': None, 'cuda': True, 'attn_type': 'MLP'}
Begin Training...
Completing Train Step at 0th epoch...
At time: 1.1811809539794922 accuracy is 0.5453125 and loss is 0.72805814743042
At time: 1.4460198879241943 accuracy is 0.5625 and loss is 0.6875782012939453
At time: 1.7069106101989746 accuracy is 0.6125 and loss is 0.6690670490264893
At time: 1.9712116718292236 accuracy is 0.553125 and loss is 0.6916897296905518
At time: 2.2385923862457275 accuracy is 0.6546875 and loss is 0.6542452335357666
At time: 2.5177001953125 accuracy is 0.64375 and loss is 0.6377503871917725
At time: 2.8290352821350098 accuracy is 0.6453125 and loss is 0.6829752445220947
At time: 3.152582883834839 accuracy is 0.6265625 and loss is 0.6296173572540283
At time: 3.482304334640503 accuracy is 0.7125 and loss is 0.5743725776672364
At time: 3.804652214050293 accuracy is 0.71875 and loss is 0.5533872127532959
At time: 4.146625757217407 accuracy is 0.6640625 and loss is 0.6080092430114746
At time: 4.512670278549194 accuracy is 0.696875 and loss is 0.5668449401855469
Evaluating...
Done Evaluating: Achieved accuracy of 0.6867732558139535
Achieved new best!
Completing Train Step at 1th epoch...
At time: 5.657417058944702 accuracy is 0.546875 and loss is 0.7450943946838379
At time: 5.892974376678467 accuracy is 0.6796875 and loss is 0.6234298706054687
At time: 6.135990858078003 accuracy is 0.78125 and loss is 0.5341044425964355
At time: 6.383014678955078 accuracy is 0.796875 and loss is 0.4942495822906494
At time: 6.634770154953003 accuracy is 0.8125 and loss is 0.41423635482788085
At time: 6.89136815071106 accuracy is 0.7984375 and loss is 0.44720115661621096
At time: 7.160140037536621 accuracy is 0.7875 and loss is 0.4586991310119629
At time: 7.4270079135894775 accuracy is 0.8078125 and loss is 0.4315655708312988
At time: 7.70468282699585 accuracy is 0.8296875 and loss is 0.3790337562561035
At time: 7.998147010803223 accuracy is 0.825 and loss is 0.38253259658813477
At time: 8.324553966522217 accuracy is 0.7828125 and loss is 0.48798513412475586
At time: 8.65463399887085 accuracy is 0.8109375 and loss is 0.3926126003265381
Evaluating...
Done Evaluating: Achieved accuracy of 0.7078488372093024
Achieved new best!
Completing Train Step at 2th epoch...
At time: 9.646523475646973 accuracy is 0.75625 and loss is 0.598792314529419
At time: 9.882266521453857 accuracy is 0.8328125 and loss is 0.41386637687683103
At time: 10.123350620269775 accuracy is 0.8703125 and loss is 0.2974076747894287
At time: 10.370477437973022 accuracy is 0.8453125 and loss is 0.3735250473022461
At time: 10.621342658996582 accuracy is 0.884375 and loss is 0.2884679794311523
At time: 10.878950119018555 accuracy is 0.8578125 and loss is 0.33404757976531985
At time: 11.160250186920166 accuracy is 0.8703125 and loss is 0.32211742401123045
At time: 11.435497522354126 accuracy is 0.884375 and loss is 0.27911911010742185
At time: 11.706140518188477 accuracy is 0.8578125 and loss is 0.3369055986404419
At time: 11.985685586929321 accuracy is 0.8953125 and loss is 0.2588260412216187
At time: 12.271025657653809 accuracy is 0.8640625 and loss is 0.33603734970092775
At time: 12.571561098098755 accuracy is 0.884375 and loss is 0.2710346460342407
Evaluating...
Done Evaluating: Achieved accuracy of 0.7296511627906976
Achieved new best!
Completing Train Step at 3th epoch...
At time: 13.584510803222656 accuracy is 0.8296875 and loss is 0.4721997261047363
At time: 13.820953607559204 accuracy is 0.946875 and loss is 0.18401485681533813
At time: 14.061020374298096 accuracy is 0.9546875 and loss is 0.11727645397186279
At time: 14.309485673904419 accuracy is 0.9265625 and loss is 0.24504683017730713
At time: 14.559342384338379 accuracy is 0.9328125 and loss is 0.18150004148483276
At time: 14.816348552703857 accuracy is 0.9078125 and loss is 0.24513678550720214
At time: 15.078578233718872 accuracy is 0.921875 and loss is 0.2030569076538086
At time: 15.34528112411499 accuracy is 0.9625 and loss is 0.08541917204856872
At time: 15.61641550064087 accuracy is 0.9046875 and loss is 0.26070964336395264
At time: 15.892432451248169 accuracy is 0.9484375 and loss is 0.16710410118103028
At time: 16.177060842514038 accuracy is 0.846875 and loss is 0.3624788045883179
At time: 16.47436237335205 accuracy is 0.9265625 and loss is 0.18348973989486694
Evaluating...
Done Evaluating: Achieved accuracy of 0.7223837209302325
Not better for 1
Completing Train Step at 4th epoch...
At time: 17.520445108413696 accuracy is 0.90625 and loss is 0.33114099502563477
At time: 17.776800632476807 accuracy is 0.975 and loss is 0.0882616639137268
At time: 18.05193543434143 accuracy is 0.9609375 and loss is 0.1406552314758301
At time: 18.3437340259552 accuracy is 0.9359375 and loss is 0.2318777322769165
At time: 18.616445779800415 accuracy is 0.9421875 and loss is 0.23137521743774414
At time: 18.890843391418457 accuracy is 0.9375 and loss is 0.16885536909103394
At time: 19.173912286758423 accuracy is 0.9671875 and loss is 0.10276854038238525
At time: 19.44094753265381 accuracy is 0.975 and loss is 0.06133987903594971
At time: 19.712866067886353 accuracy is 0.9578125 and loss is 0.11945652961730957
At time: 19.992349863052368 accuracy is 0.9515625 and loss is 0.12211265563964843
At time: 20.27686309814453 accuracy is 0.9484375 and loss is 0.15096571445465087
At time: 20.57791566848755 accuracy is 0.9234375 and loss is 0.20948271751403807
Evaluating...
Done Evaluating: Achieved accuracy of 0.7271075581395349
Not better for 2
Completing Train Step at 5th epoch...
At time: 21.60803246498108 accuracy is 0.9453125 and loss is 0.20548560619354247
At time: 21.85999298095703 accuracy is 0.9859375 and loss is 0.044784951210021975
At time: 22.112210035324097 accuracy is 0.9765625 and loss is 0.060780614614486694
At time: 22.355793714523315 accuracy is 0.965625 and loss is 0.09652112722396851
At time: 22.600804805755615 accuracy is 0.978125 and loss is 0.06762884855270386
At time: 22.846510410308838 accuracy is 0.984375 and loss is 0.07699780464172364
At time: 23.10145592689514 accuracy is 0.9484375 and loss is 0.13256964683532715
At time: 23.370640993118286 accuracy is 0.9296875 and loss is 0.2270362615585327
At time: 23.653182983398438 accuracy is 0.9671875 and loss is 0.08750594258308411
At time: 23.934089183807373 accuracy is 0.9734375 and loss is 0.0702803373336792
At time: 24.225037574768066 accuracy is 0.9859375 and loss is 0.03233482837677002
At time: 24.522448778152466 accuracy is 0.971875 and loss is 0.10180281400680542
Evaluating...
Done Evaluating: Achieved accuracy of 0.721656976744186
Not better for 3
Completing Train Step at 6th epoch...
At time: 25.538827896118164 accuracy is 0.925 and loss is 0.20879216194152833
At time: 25.791956663131714 accuracy is 0.9796875 and loss is 0.05573937892913818
At time: 26.044604063034058 accuracy is 0.975 and loss is 0.06592824459075927
At time: 26.29101014137268 accuracy is 0.9734375 and loss is 0.07111878395080566
At time: 26.547194242477417 accuracy is 0.99375 and loss is 0.026429954171180724
At time: 26.803080558776855 accuracy is 0.975 and loss is 0.08464596271514893
At time: 27.061157941818237 accuracy is 0.9796875 and loss is 0.06914860010147095
At time: 27.327476501464844 accuracy is 0.978125 and loss is 0.07040875554084777
At time: 27.597208261489868 accuracy is 0.9671875 and loss is 0.07814353704452515
At time: 27.87047576904297 accuracy is 0.928125 and loss is 0.16544225215911865
At time: 28.15722918510437 accuracy is 0.9421875 and loss is 0.1708787202835083
At time: 28.453892707824707 accuracy is 0.9390625 and loss is 0.2099090337753296
Evaluating...
Done Evaluating: Achieved accuracy of 0.7169331395348837
Not better for 4
Completing Train Step at 7th epoch...
At time: 29.4916410446167 accuracy is 0.9625 and loss is 0.13261743783950805
At time: 29.750479698181152 accuracy is 0.9875 and loss is 0.03974280655384064
At time: 30.015474319458008 accuracy is 0.9734375 and loss is 0.0803758442401886
At time: 30.280938625335693 accuracy is 0.9703125 and loss is 0.06503336429595948
At time: 30.54506278038025 accuracy is 0.9734375 and loss is 0.051802152395248414
At time: 30.800220489501953 accuracy is 0.978125 and loss is 0.05054142475128174
At time: 31.05905532836914 accuracy is 0.9921875 and loss is 0.039621207118034366
At time: 31.322620153427124 accuracy is 0.975 and loss is 0.07329748272895813
At time: 31.597463369369507 accuracy is 0.9828125 and loss is 0.05766783356666565
At time: 31.877159357070923 accuracy is 0.9421875 and loss is 0.2640417814254761
At time: 32.16242337226868 accuracy is 0.9890625 and loss is 0.033024567365646365
At time: 32.45993971824646 accuracy is 0.975 and loss is 0.07768859267234803
Evaluating...
Done Evaluating: Achieved accuracy of 0.7423691860465116
Achieved new best!
Completing Train Step at 8th epoch...
At time: 33.49655532836914 accuracy is 0.9828125 and loss is 0.06754915714263916
At time: 33.74657964706421 accuracy is 0.9859375 and loss is 0.03427620232105255
At time: 34.00255513191223 accuracy is 0.99375 and loss is 0.02168663591146469
At time: 34.25303506851196 accuracy is 0.971875 and loss is 0.10585696697235107
At time: 34.5049364566803 accuracy is 0.975 and loss is 0.07096538543701172
At time: 34.76581859588623 accuracy is 0.9671875 and loss is 0.09550480842590332
At time: 35.02858591079712 accuracy is 0.98125 and loss is 0.04667220413684845
At time: 35.291428565979004 accuracy is 0.9765625 and loss is 0.07225999236106873
At time: 35.55667161941528 accuracy is 0.9484375 and loss is 0.1614723563194275
At time: 35.82916808128357 accuracy is 0.990625 and loss is 0.025588542222976685
At time: 36.11766767501831 accuracy is 0.96875 and loss is 0.1179006814956665
At time: 36.42134189605713 accuracy is 0.9765625 and loss is 0.08419259786605834
Evaluating...
Done Evaluating: Achieved accuracy of 0.7536337209302325
Achieved new best!
Completing Train Step at 9th epoch...
At time: 37.468100786209106 accuracy is 0.9859375 and loss is 0.06845489740371705
At time: 37.71006369590759 accuracy is 0.9953125 and loss is 0.02524825930595398
At time: 37.965770959854126 accuracy is 0.9953125 and loss is 0.012203897535800933
At time: 38.2221314907074 accuracy is 0.99375 and loss is 0.02397136241197586
At time: 38.490567684173584 accuracy is 0.9875 and loss is 0.020565250515937807
At time: 38.75100922584534 accuracy is 0.99375 and loss is 0.015252286195755005
At time: 39.01583790779114 accuracy is 0.98125 and loss is 0.07121328115463257
At time: 39.29391312599182 accuracy is 0.98125 and loss is 0.09111388325691223
At time: 39.57389450073242 accuracy is 0.9921875 and loss is 0.05526984333992004
At time: 39.849602460861206 accuracy is 0.975 and loss is 0.06861640810966492
At time: 40.13312578201294 accuracy is 0.9859375 and loss is 0.04657520055770874
At time: 40.43395662307739 accuracy is 0.9625 and loss is 0.1749886155128479
Evaluating...
Done Evaluating: Achieved accuracy of 0.6885901162790697
Not better for 1
Completing Train Step at 10th epoch...
At time: 41.49353790283203 accuracy is 0.984375 and loss is 0.07047443389892578
At time: 41.74552273750305 accuracy is 0.9984375 and loss is 0.009567955881357193
At time: 42.00052237510681 accuracy is 0.9796875 and loss is 0.051510995626449584
At time: 42.25355577468872 accuracy is 0.971875 and loss is 0.08296543955802918
At time: 42.50644564628601 accuracy is 0.9953125 and loss is 0.01195988804101944
At time: 42.76563620567322 accuracy is 0.98125 and loss is 0.05961275100708008
At time: 43.02980351448059 accuracy is 0.9953125 and loss is 0.010594929754734039
At time: 43.30471420288086 accuracy is 0.9796875 and loss is 0.057920420169830324
At time: 43.57941150665283 accuracy is 0.99375 and loss is 0.013347938656806946
At time: 43.859482526779175 accuracy is 0.990625 and loss is 0.027718791365623476
At time: 44.14748501777649 accuracy is 0.9828125 and loss is 0.07425732016563416
At time: 44.450297594070435 accuracy is 0.9875 and loss is 0.03776463866233826
Evaluating...
Done Evaluating: Achieved accuracy of 0.7398255813953488
Not better for 2
Completing Train Step at 11th epoch...
At time: 45.49086546897888 accuracy is 0.996875 and loss is 0.020411452651023863
At time: 45.7426278591156 accuracy is 0.9921875 and loss is 0.024398505687713623
At time: 45.99183797836304 accuracy is 0.971875 and loss is 0.08260715603828431
At time: 46.24241089820862 accuracy is 0.99375 and loss is 0.02182408720254898
At time: 46.496031761169434 accuracy is 0.9921875 and loss is 0.02226671576499939
At time: 46.75387001037598 accuracy is 0.99375 and loss is 0.012054067850112916
At time: 47.01621127128601 accuracy is 0.9765625 and loss is 0.11336654424667358
At time: 47.282936334609985 accuracy is 1.0 and loss is 0.003339233994483948
At time: 47.55651378631592 accuracy is 0.9765625 and loss is 0.06716635227203369
At time: 47.83631253242493 accuracy is 0.96875 and loss is 0.09776365756988525
At time: 48.12494254112244 accuracy is 0.9875 and loss is 0.052619832754135135
At time: 48.42625379562378 accuracy is 0.9828125 and loss is 0.06756095290184021
Evaluating...
Done Evaluating: Achieved accuracy of 0.7151162790697675
Not better for 3
Completing Train Step at 12th epoch...
At time: 49.445319414138794 accuracy is 0.975 and loss is 0.08792009353637695
At time: 49.68902921676636 accuracy is 0.990625 and loss is 0.017709693312644957
At time: 49.93183660507202 accuracy is 1.0 and loss is 0.0035951238125562666
At time: 50.175390005111694 accuracy is 0.9921875 and loss is 0.027712664008140563
At time: 50.42802691459656 accuracy is 0.9921875 and loss is 0.01683206856250763
At time: 50.686052560806274 accuracy is 0.9765625 and loss is 0.08096256852149963
At time: 50.947407484054565 accuracy is 0.9890625 and loss is 0.0371636837720871
At time: 51.21834850311279 accuracy is 0.990625 and loss is 0.03563833236694336
At time: 51.493512868881226 accuracy is 0.9875 and loss is 0.04343531429767609
At time: 51.801541566848755 accuracy is 0.9953125 and loss is 0.021524870395660402
At time: 52.10164260864258 accuracy is 0.9953125 and loss is 0.017789030075073244
At time: 52.407195806503296 accuracy is 0.990625 and loss is 0.0403420090675354
Evaluating...
Done Evaluating: Achieved accuracy of 0.7430959302325582
Not better for 4
Completing Train Step at 13th epoch...
At time: 53.44077205657959 accuracy is 0.99375 and loss is 0.034471935033798216
At time: 53.69651007652283 accuracy is 0.9984375 and loss is 0.0035382740199565886
At time: 53.95791697502136 accuracy is 0.9828125 and loss is 0.04201624691486359
At time: 54.22323679924011 accuracy is 0.9796875 and loss is 0.03633705377578735
At time: 54.48454689979553 accuracy is 0.996875 and loss is 0.0099101722240448
At time: 54.74433255195618 accuracy is 0.9953125 and loss is 0.01075533926486969
At time: 55.008007287979126 accuracy is 0.9953125 and loss is 0.007519474625587464
At time: 55.29485726356506 accuracy is 0.9953125 and loss is 0.02156972587108612
At time: 55.58493614196777 accuracy is 0.9921875 and loss is 0.02025306522846222
At time: 55.865586280822754 accuracy is 0.996875 and loss is 0.005752966180443764
At time: 56.155208349227905 accuracy is 0.9890625 and loss is 0.04900566041469574
At time: 56.45878982543945 accuracy is 0.975 and loss is 0.14011541604995728
Evaluating...
Done Evaluating: Achieved accuracy of 0.7292877906976745
Not better for 5
Completing Train Step at 14th epoch...
At time: 57.55815362930298 accuracy is 0.9953125 and loss is 0.023093029856681824
At time: 57.80982184410095 accuracy is 1.0 and loss is 0.003707589954137802
At time: 58.06956458091736 accuracy is 0.98125 and loss is 0.06538053154945374
At time: 58.32513117790222 accuracy is 0.9875 and loss is 0.03737215399742126
At time: 58.58047962188721 accuracy is 0.996875 and loss is 0.011223222315311431
At time: 58.84100818634033 accuracy is 0.9953125 and loss is 0.02264368683099747
At time: 59.103877544403076 accuracy is 0.9921875 and loss is 0.0280330091714859
At time: 59.372636556625366 accuracy is 0.9890625 and loss is 0.03727005422115326
At time: 59.647855043411255 accuracy is 0.99375 and loss is 0.019407735764980318
At time: 59.92631483078003 accuracy is 0.99375 and loss is 0.024669831991195677
At time: 60.268378257751465 accuracy is 0.99375 and loss is 0.007145747542381287
At time: 60.60889148712158 accuracy is 0.9890625 and loss is 0.05104877352714539
Evaluating...
Done Evaluating: Achieved accuracy of 0.7347383720930233
Not better for 6
Completing Train Step at 15th epoch...
At time: 61.67869830131531 accuracy is 0.9953125 and loss is 0.015799719095230102
At time: 61.91926693916321 accuracy is 1.0 and loss is 0.006953679025173187
At time: 62.17102074623108 accuracy is 1.0 and loss is 0.0016178827732801437
At time: 62.431232213974 accuracy is 0.990625 and loss is 0.020009832084178926
At time: 62.69972062110901 accuracy is 0.984375 and loss is 0.048058348894119265
At time: 62.96348452568054 accuracy is 0.9953125 and loss is 0.0217130109667778
At time: 63.23994445800781 accuracy is 0.990625 and loss is 0.030077409744262696
At time: 63.51215124130249 accuracy is 0.9921875 and loss is 0.02033938467502594
At time: 63.79082751274109 accuracy is 0.9875 and loss is 0.036777034401893616
At time: 64.11571455001831 accuracy is 0.9953125 and loss is 0.014055421948432923
At time: 64.45414566993713 accuracy is 0.9921875 and loss is 0.018323543667793273
At time: 64.79807734489441 accuracy is 0.99375 and loss is 0.04972674548625946
Evaluating...
Done Evaluating: Achieved accuracy of 0.7401889534883721
Not better for 7
Completing Train Step at 16th epoch...
At time: 65.85582208633423 accuracy is 0.9953125 and loss is 0.014581404626369476
At time: 66.10314059257507 accuracy is 1.0 and loss is 0.005685655772686005
At time: 66.36955189704895 accuracy is 0.9859375 and loss is 0.044593021273612976
At time: 66.65366768836975 accuracy is 0.9921875 and loss is 0.025011906027793886
At time: 66.93725490570068 accuracy is 0.9953125 and loss is 0.011415687203407288
At time: 67.2148904800415 accuracy is 0.9671875 and loss is 0.10073096752166748
At time: 67.49058365821838 accuracy is 0.9890625 and loss is 0.030132538080215453
At time: 67.77953243255615 accuracy is 0.9875 and loss is 0.06276254653930664
At time: 68.06487536430359 accuracy is 0.9875 and loss is 0.02328190803527832
At time: 68.38105821609497 accuracy is 0.9953125 and loss is 0.02432332932949066
At time: 68.6795871257782 accuracy is 0.9875 and loss is 0.04858035743236542
At time: 68.98049569129944 accuracy is 0.9921875 and loss is 0.03237935304641724
Evaluating...
Done Evaluating: Achieved accuracy of 0.7387354651162791
Not better for 8
Completing Train Step at 17th epoch...
At time: 70.04527854919434 accuracy is 0.9984375 and loss is 0.007707585394382477
At time: 70.30999374389648 accuracy is 0.9921875 and loss is 0.018672078847885132
At time: 70.57363677024841 accuracy is 0.996875 and loss is 0.008348754793405532
At time: 70.84040927886963 accuracy is 1.0 and loss is 0.0006935993209481239
At time: 71.12955069541931 accuracy is 0.9953125 and loss is 0.02032589614391327
At time: 71.41420722007751 accuracy is 0.9921875 and loss is 0.020035403966903686
At time: 71.6953649520874 accuracy is 0.9984375 and loss is 0.00466843843460083
At time: 71.98759961128235 accuracy is 0.996875 and loss is 0.0073950767517089845
At time: 72.28225994110107 accuracy is 0.996875 and loss is 0.018946707248687744
At time: 72.57529616355896 accuracy is 0.996875 and loss is 0.010013437271118164
At time: 72.86316156387329 accuracy is 0.9921875 and loss is 0.023289483785629273
At time: 73.15755581855774 accuracy is 0.9953125 and loss is 0.02541213631629944
Evaluating...
Done Evaluating: Achieved accuracy of 0.7434593023255814
Not better for 9
Completing Train Step at 18th epoch...
At time: 74.17924070358276 accuracy is 0.9984375 and loss is 0.006640526652336121
At time: 74.41295289993286 accuracy is 1.0 and loss is 0.0033654596656560896
At time: 74.65694165229797 accuracy is 0.9984375 and loss is 0.006449815630912781
At time: 74.903146982193 accuracy is 0.996875 and loss is 0.006503573060035706
At time: 75.1545581817627 accuracy is 0.9984375 and loss is 0.0036904193460941316
At time: 75.41375064849854 accuracy is 0.9828125 and loss is 0.04550949931144714
At time: 75.68100619316101 accuracy is 0.99375 and loss is 0.022014217078685762
At time: 75.94568014144897 accuracy is 0.9953125 and loss is 0.011980807781219483
At time: 76.21060061454773 accuracy is 0.990625 and loss is 0.013174918293952943
At time: 76.48556876182556 accuracy is 0.9875 and loss is 0.05285080671310425
At time: 76.80180740356445 accuracy is 0.990625 and loss is 0.045214918255805966
At time: 77.12412309646606 accuracy is 0.990625 and loss is 0.036836445331573486
Evaluating...
Done Evaluating: Achieved accuracy of 0.7387354651162791
Not better for 10
Model not improving. Stopping earlyat 0.7536337209302325 epochs.
Done Training. Achieved Best Accuracy of 0.7536337209302325
Improved accuracyfrom -10000000 to 0.7536337209302325
mlpattn
SETTINGS FOR THIS RUN
{'batch_size': 32, 'dropout': 0.5958390963477252, 'wordvec_source': 'None', 'l2': 0.5548459674747929, 'lr': 0.003372944539798746, 'tune_wordvecs': True, 'rnn_dropout': 0.9005322186588965, 'attention_dim': 78, 'wordvec_dim': 300, 'attn_type': 'MLP', 'num_layers': 3, 'data': 'MPQA'}
Using CUDA!
here
MLP
Building RNN Classifier...

[93m    Warning: no model found for 'en'[0m

    Only loading the 'en' tokenizer.

Retrieving Data from file: /home-nfs/siddsach/ml/Interpreting-Attention/interpreting_language/data/mpqa/mpqa_subj_labels.pickle...
Loading Vectors From Memory...
Not using pretrained wordvectors
Building Vocab...
[]
Getting Batches...
Created Iterator with 261 batches
Getting Batches...
Created Iterator with 87 batches
Building model...
MLP
Using Attention model with following args:
{'batch_size': 32, 'tune_attn': 'True', 'input_size': 300, 'vocab_size': 15284, 'dropout': 0.5958390963477252, 'num_classes': 2, 'num_layers': 3, 'hidden_size': 300, 'train_word_vecs': True, 'rnn_dropout': 0.9005322186588965, 'attention_dim': 78, 'vectors': None, 'cuda': True, 'attn_type': 'MLP'}
Begin Training...
Completing Train Step at 0th epoch...
At time: 0.2887241840362549 accuracy is 0.5171875 and loss is 0.741960859298706
At time: 0.5499730110168457 accuracy is 0.4671875 and loss is 0.730142879486084
At time: 0.8221089839935303 accuracy is 0.5234375 and loss is 0.7049352169036865
At time: 1.0847597122192383 accuracy is 0.4859375 and loss is 0.7160362243652344
At time: 1.354771375656128 accuracy is 0.5046875 and loss is 0.7038674831390381
At time: 1.6402113437652588 accuracy is 0.5 and loss is 0.708042049407959
At time: 1.9469444751739502 accuracy is 0.4890625 and loss is 0.7085623741149902
At time: 2.2471539974212646 accuracy is 0.4875 and loss is 0.6986356735229492
At time: 2.5482733249664307 accuracy is 0.5984375 and loss is 0.6903290748596191
At time: 2.8606138229370117 accuracy is 0.590625 and loss is 0.6827465057373047
At time: 3.188852548599243 accuracy is 0.6421875 and loss is 0.6649740219116211
At time: 3.5329527854919434 accuracy is 0.625 and loss is 0.6699156761169434
Evaluating...
Done Evaluating: Achieved accuracy of 0.5348837209302325
Achieved new best!
Completing Train Step at 1th epoch...
At time: 4.60604453086853 accuracy is 0.45 and loss is 0.744059705734253
At time: 4.840085744857788 accuracy is 0.540625 and loss is 0.6928699493408204
At time: 5.084112644195557 accuracy is 0.53125 and loss is 0.7024669170379638
At time: 5.333638906478882 accuracy is 0.5125 and loss is 0.710124158859253
At time: 5.61179518699646 accuracy is 0.5140625 and loss is 0.7125959396362305
At time: 5.88668966293335 accuracy is 0.4734375 and loss is 0.705011510848999
At time: 6.189281225204468 accuracy is 0.521875 and loss is 0.7152400493621827
At time: 6.50407075881958 accuracy is 0.5109375 and loss is 0.7113438129425049
At time: 6.832483291625977 accuracy is 0.4921875 and loss is 0.7014516830444336
At time: 7.156994104385376 accuracy is 0.6140625 and loss is 0.6563992023468017
At time: 7.4745588302612305 accuracy is 0.640625 and loss is 0.6367422580718994
At time: 7.790617227554321 accuracy is 0.6359375 and loss is 0.6528520107269287
Evaluating...
Done Evaluating: Achieved accuracy of 0.6231831395348837
Achieved new best!
Completing Train Step at 2th epoch...
At time: 8.84090542793274 accuracy is 0.5859375 and loss is 0.7071932792663574
At time: 9.093209743499756 accuracy is 0.540625 and loss is 0.6960523128509521
At time: 9.355260610580444 accuracy is 0.571875 and loss is 0.6887124061584473
At time: 9.60844087600708 accuracy is 0.6609375 and loss is 0.6908944129943848
At time: 9.863355875015259 accuracy is 0.628125 and loss is 0.6361508846282959
At time: 10.124770402908325 accuracy is 0.6828125 and loss is 0.6267236709594727
At time: 10.38920521736145 accuracy is 0.7015625 and loss is 0.6093956470489502
At time: 10.669973373413086 accuracy is 0.74375 and loss is 0.5387880325317382
At time: 10.967540264129639 accuracy is 0.703125 and loss is 0.581694507598877
At time: 11.25295615196228 accuracy is 0.7890625 and loss is 0.5066094398498535
At time: 11.551322221755981 accuracy is 0.790625 and loss is 0.47428364753723146
At time: 11.888965845108032 accuracy is 0.790625 and loss is 0.4739230632781982
Evaluating...
Done Evaluating: Achieved accuracy of 0.7212936046511628
Achieved new best!
Completing Train Step at 3th epoch...
At time: 12.970466375350952 accuracy is 0.6578125 and loss is 0.6510886192321778
At time: 13.24143671989441 accuracy is 0.7140625 and loss is 0.5787075519561767
At time: 13.496551036834717 accuracy is 0.740625 and loss is 0.5205733299255371
At time: 13.751947402954102 accuracy is 0.7734375 and loss is 0.5274020671844483
At time: 14.004755973815918 accuracy is 0.8 and loss is 0.45267534255981445
At time: 14.264805555343628 accuracy is 0.8140625 and loss is 0.44097285270690917
At time: 14.555138349533081 accuracy is 0.85 and loss is 0.4046881675720215
At time: 14.841484785079956 accuracy is 0.821875 and loss is 0.42821011543273924
At time: 15.138023376464844 accuracy is 0.8328125 and loss is 0.38033342361450195
At time: 15.424190044403076 accuracy is 0.8578125 and loss is 0.3517880916595459
At time: 15.711295127868652 accuracy is 0.828125 and loss is 0.3877696990966797
At time: 16.011234283447266 accuracy is 0.8390625 and loss is 0.3884266376495361
Evaluating...
Done Evaluating: Achieved accuracy of 0.7143895348837209
Not better for 1
Completing Train Step at 4th epoch...
At time: 17.142598628997803 accuracy is 0.7234375 and loss is 0.5476864814758301
At time: 17.394340753555298 accuracy is 0.8234375 and loss is 0.4951491832733154
At time: 17.649397611618042 accuracy is 0.8578125 and loss is 0.35684778690338137
At time: 17.897440195083618 accuracy is 0.875 and loss is 0.36059298515319826
At time: 18.150689601898193 accuracy is 0.8484375 and loss is 0.34247984886169436
At time: 18.4104061126709 accuracy is 0.8640625 and loss is 0.3350552558898926
At time: 18.675400018692017 accuracy is 0.9015625 and loss is 0.2558245897293091
At time: 18.944664001464844 accuracy is 0.8828125 and loss is 0.31086652278900145
At time: 19.221147060394287 accuracy is 0.890625 and loss is 0.26741411685943606
At time: 19.5124671459198 accuracy is 0.93125 and loss is 0.1851064920425415
At time: 19.810348510742188 accuracy is 0.8828125 and loss is 0.2877050399780273
At time: 20.11190176010132 accuracy is 0.896875 and loss is 0.2937911510467529
Evaluating...
Done Evaluating: Achieved accuracy of 0.7067587209302325
Not better for 2
Completing Train Step at 5th epoch...
At time: 21.145260095596313 accuracy is 0.765625 and loss is 0.5256306648254394
At time: 21.38213062286377 accuracy is 0.8453125 and loss is 0.46243877410888673
At time: 21.649486780166626 accuracy is 0.8796875 and loss is 0.291834282875061
At time: 21.917515516281128 accuracy is 0.8765625 and loss is 0.30272889137268066
At time: 22.18254518508911 accuracy is 0.9015625 and loss is 0.2707399606704712
At time: 22.440884113311768 accuracy is 0.9328125 and loss is 0.1906975746154785
At time: 22.703237771987915 accuracy is 0.94375 and loss is 0.16524455547332764
At time: 22.970383405685425 accuracy is 0.90625 and loss is 0.24270365238189698
At time: 23.244768142700195 accuracy is 0.928125 and loss is 0.19867454767227172
At time: 23.52435612678528 accuracy is 0.89375 and loss is 0.26675221920013426
At time: 23.813448429107666 accuracy is 0.8953125 and loss is 0.2442577600479126
At time: 24.11121129989624 accuracy is 0.921875 and loss is 0.20875682830810546
Evaluating...
Done Evaluating: Achieved accuracy of 0.704578488372093
Not better for 3
Completing Train Step at 6th epoch...
At time: 25.13167142868042 accuracy is 0.765625 and loss is 0.4946305274963379
At time: 25.37713384628296 accuracy is 0.8890625 and loss is 0.3858999252319336
At time: 25.62071704864502 accuracy is 0.9296875 and loss is 0.20949962139129638
At time: 25.869916915893555 accuracy is 0.909375 and loss is 0.248015832901001
At time: 26.127796173095703 accuracy is 0.9078125 and loss is 0.23793354034423828
At time: 26.386659860610962 accuracy is 0.9453125 and loss is 0.1461798667907715
At time: 26.640784978866577 accuracy is 0.965625 and loss is 0.10705589056015015
At time: 26.896432876586914 accuracy is 0.9078125 and loss is 0.2444082736968994
At time: 27.164915561676025 accuracy is 0.940625 and loss is 0.13930763006210328
At time: 27.448702812194824 accuracy is 0.9328125 and loss is 0.17430146932601928
At time: 27.738863706588745 accuracy is 0.91875 and loss is 0.1947212338447571
At time: 28.04118251800537 accuracy is 0.9203125 and loss is 0.1928560972213745
Evaluating...
Done Evaluating: Achieved accuracy of 0.684593023255814
Not better for 4
Completing Train Step at 7th epoch...
At time: 29.077918529510498 accuracy is 0.7625 and loss is 0.5488375663757324
At time: 29.31477975845337 accuracy is 0.896875 and loss is 0.3455891847610474
At time: 29.573450803756714 accuracy is 0.9390625 and loss is 0.17338576316833496
At time: 29.853400945663452 accuracy is 0.9390625 and loss is 0.1916607141494751
At time: 30.123640537261963 accuracy is 0.928125 and loss is 0.18011605739593506
At time: 30.40383505821228 accuracy is 0.971875 and loss is 0.10831538438796998
At time: 30.686161279678345 accuracy is 0.9546875 and loss is 0.11360691785812378
At time: 30.963860034942627 accuracy is 0.9203125 and loss is 0.2161783218383789
At time: 31.23611044883728 accuracy is 0.9484375 and loss is 0.14005436897277831
At time: 31.51390838623047 accuracy is 0.953125 and loss is 0.1342548131942749
At time: 31.80262565612793 accuracy is 0.95625 and loss is 0.13532822132110595
At time: 32.10487914085388 accuracy is 0.94375 and loss is 0.15118829011917115
Evaluating...
Done Evaluating: Achieved accuracy of 0.6856831395348837
Not better for 5
Completing Train Step at 8th epoch...
At time: 33.16304039955139 accuracy is 0.734375 and loss is 0.5895668983459472
At time: 33.4196093082428 accuracy is 0.890625 and loss is 0.30972445011138916
At time: 33.685147523880005 accuracy is 0.9453125 and loss is 0.15274773836135863
At time: 33.94852089881897 accuracy is 0.9328125 and loss is 0.1880682349205017
At time: 34.21426296234131 accuracy is 0.9390625 and loss is 0.16673163175582886
At time: 34.480613231658936 accuracy is 0.9578125 and loss is 0.11667877435684204
At time: 34.745959997177124 accuracy is 0.9703125 and loss is 0.10386530160903931
At time: 35.015663862228394 accuracy is 0.9453125 and loss is 0.14424214363098145
At time: 35.330782413482666 accuracy is 0.9609375 and loss is 0.10324853658676147
At time: 35.644773721694946 accuracy is 0.9640625 and loss is 0.09872340559959411
At time: 35.961169958114624 accuracy is 0.9328125 and loss is 0.1337211012840271
At time: 36.29997777938843 accuracy is 0.9578125 and loss is 0.13044981956481932
Evaluating...
Done Evaluating: Achieved accuracy of 0.6947674418604651
Not better for 6
Completing Train Step at 9th epoch...
At time: 37.392115354537964 accuracy is 0.7640625 and loss is 0.5526553630828858
At time: 37.63857316970825 accuracy is 0.9125 and loss is 0.276561975479126
At time: 37.89288949966431 accuracy is 0.9484375 and loss is 0.14239290952682496
At time: 38.15322422981262 accuracy is 0.9375 and loss is 0.17322593927383423
At time: 38.41734838485718 accuracy is 0.959375 and loss is 0.1306584119796753
At time: 38.690218448638916 accuracy is 0.9671875 and loss is 0.09754751920700074
At time: 38.968955278396606 accuracy is 0.9671875 and loss is 0.09750743508338929
At time: 39.252686500549316 accuracy is 0.946875 and loss is 0.14995735883712769
At time: 39.543134927749634 accuracy is 0.9734375 and loss is 0.07551812529563903
At time: 39.83531856536865 accuracy is 0.975 and loss is 0.06893016099929809
At time: 40.14075326919556 accuracy is 0.9625 and loss is 0.09268704652786255
At time: 40.47456169128418 accuracy is 0.95 and loss is 0.11979538202285767
Evaluating...
Done Evaluating: Achieved accuracy of 0.7107558139534884
Not better for 7
Completing Train Step at 10th epoch...
At time: 41.624205112457275 accuracy is 0.834375 and loss is 0.4455068588256836
At time: 41.87824082374573 accuracy is 0.9125 and loss is 0.27730908393859866
At time: 42.13178896903992 accuracy is 0.95625 and loss is 0.13775177001953126
At time: 42.37690472602844 accuracy is 0.9328125 and loss is 0.2082425832748413
At time: 42.62908577919006 accuracy is 0.965625 and loss is 0.10415073633193969
At time: 42.88676047325134 accuracy is 0.978125 and loss is 0.07334093451499939
At time: 43.150667667388916 accuracy is 0.9765625 and loss is 0.06317334175109864
At time: 43.42114281654358 accuracy is 0.9515625 and loss is 0.15355026721954346
At time: 43.696733713150024 accuracy is 0.9703125 and loss is 0.07738218307495118
At time: 43.9989013671875 accuracy is 0.9765625 and loss is 0.08604146838188172
At time: 44.31032133102417 accuracy is 0.9625 and loss is 0.10179802179336547
At time: 44.628973960876465 accuracy is 0.965625 and loss is 0.08969783782958984
Evaluating...
Done Evaluating: Achieved accuracy of 0.7042151162790697
Not better for 8
Completing Train Step at 11th epoch...
At time: 45.642858028411865 accuracy is 0.8171875 and loss is 0.4679926872253418
At time: 45.89819288253784 accuracy is 0.9265625 and loss is 0.2542927980422974
At time: 46.15589118003845 accuracy is 0.9625 and loss is 0.11699934005737304
At time: 46.40441584587097 accuracy is 0.9515625 and loss is 0.1436087131500244
At time: 46.6732280254364 accuracy is 0.9734375 and loss is 0.09132742285728454
At time: 46.948375940322876 accuracy is 0.978125 and loss is 0.06004429459571838
At time: 47.226839542388916 accuracy is 0.971875 and loss is 0.08417640328407287
At time: 47.49859046936035 accuracy is 0.9578125 and loss is 0.13669772148132325
At time: 47.78742837905884 accuracy is 0.971875 and loss is 0.07931029796600342
At time: 48.08383345603943 accuracy is 0.9625 and loss is 0.09869369864463806
At time: 48.3914749622345 accuracy is 0.971875 and loss is 0.08056016564369202
At time: 48.70511531829834 accuracy is 0.9578125 and loss is 0.10203218460083008
Evaluating...
Done Evaluating: Achieved accuracy of 0.6798691860465116
Not better for 9
Completing Train Step at 12th epoch...
At time: 49.750667333602905 accuracy is 0.75625 and loss is 0.6525915622711181
At time: 50.00384998321533 accuracy is 0.9234375 and loss is 0.27805194854736326
At time: 50.255043745040894 accuracy is 0.96875 and loss is 0.11205111742019654
At time: 50.50450801849365 accuracy is 0.9546875 and loss is 0.1399151086807251
At time: 50.756935358047485 accuracy is 0.9703125 and loss is 0.09474300146102906
At time: 51.014413833618164 accuracy is 0.9765625 and loss is 0.06863327622413636
At time: 51.2769820690155 accuracy is 0.978125 and loss is 0.08332304954528809
At time: 51.545706272125244 accuracy is 0.95625 and loss is 0.12376070022583008
At time: 51.82155776023865 accuracy is 0.975 and loss is 0.07159141898155212
At time: 52.102386236190796 accuracy is 0.978125 and loss is 0.06269887685775757
At time: 52.39666152000427 accuracy is 0.9703125 and loss is 0.08499042391777038
At time: 52.703166007995605 accuracy is 0.965625 and loss is 0.08191995024681091
Evaluating...
Done Evaluating: Achieved accuracy of 0.7063953488372093
Not better for 10
Model not improving. Stopping earlyat 0.7212936046511628 epochs.
Done Training. Achieved Best Accuracy of 0.7212936046511628
mlpattn
SETTINGS FOR THIS RUN
{'batch_size': 32, 'dropout': 0.49466990923894794, 'wordvec_source': 'None', 'l2': 0.37655448099648337, 'lr': 0.0025079024898754174, 'tune_wordvecs': True, 'rnn_dropout': 0.30141926570321176, 'attention_dim': 79, 'wordvec_dim': 300, 'attn_type': 'MLP', 'num_layers': 3, 'data': 'MPQA'}
Using CUDA!
here
MLP
Building RNN Classifier...

[93m    Warning: no model found for 'en'[0m

    Only loading the 'en' tokenizer.

Retrieving Data from file: /home-nfs/siddsach/ml/Interpreting-Attention/interpreting_language/data/mpqa/mpqa_subj_labels.pickle...
Loading Vectors From Memory...
Not using pretrained wordvectors
Building Vocab...
[]
Getting Batches...
Created Iterator with 261 batches
Getting Batches...
Created Iterator with 87 batches
Building model...
MLP
Using Attention model with following args:
{'batch_size': 32, 'tune_attn': 'True', 'input_size': 300, 'vocab_size': 15284, 'dropout': 0.49466990923894794, 'num_classes': 2, 'num_layers': 3, 'hidden_size': 300, 'train_word_vecs': True, 'rnn_dropout': 0.30141926570321176, 'attention_dim': 79, 'vectors': None, 'cuda': True, 'attn_type': 'MLP'}
Begin Training...
Completing Train Step at 0th epoch...
At time: 0.32546186447143555 accuracy is 0.5515625 and loss is 0.7307769775390625
At time: 0.6009383201599121 accuracy is 0.4796875 and loss is 0.7119882106781006
At time: 0.8966865539550781 accuracy is 0.5234375 and loss is 0.7000865936279297
At time: 1.177971363067627 accuracy is 0.584375 and loss is 0.6818293571472168
At time: 1.4862613677978516 accuracy is 0.60625 and loss is 0.6744866371154785
At time: 1.797208309173584 accuracy is 0.5546875 and loss is 0.7029125213623046
At time: 2.101027727127075 accuracy is 0.5921875 and loss is 0.6536277294158935
At time: 2.4095101356506348 accuracy is 0.6421875 and loss is 0.6653223991394043
At time: 2.739607810974121 accuracy is 0.6859375 and loss is 0.6190637111663818
At time: 3.0652291774749756 accuracy is 0.6890625 and loss is 0.5806098937988281
At time: 3.430283546447754 accuracy is 0.7109375 and loss is 0.6318230628967285
At time: 3.8348443508148193 accuracy is 0.7390625 and loss is 0.5652751922607422
Evaluating...
Done Evaluating: Achieved accuracy of 0.7351017441860465
Achieved new best!
Completing Train Step at 1th epoch...
At time: 4.9802515506744385 accuracy is 0.6546875 and loss is 0.6831891059875488
At time: 5.236194133758545 accuracy is 0.7390625 and loss is 0.574400806427002
At time: 5.5078489780426025 accuracy is 0.803125 and loss is 0.47522459030151365
At time: 5.804072380065918 accuracy is 0.80625 and loss is 0.4230930805206299
At time: 6.094646692276001 accuracy is 0.7515625 and loss is 0.48924856185913085
At time: 6.391797065734863 accuracy is 0.7640625 and loss is 0.5140547275543212
At time: 6.699029207229614 accuracy is 0.809375 and loss is 0.43193740844726564
At time: 7.004048585891724 accuracy is 0.7953125 and loss is 0.4190693378448486
At time: 7.304255962371826 accuracy is 0.7984375 and loss is 0.43653364181518556
At time: 7.597687721252441 accuracy is 0.8140625 and loss is 0.4009688854217529
At time: 7.9229371547698975 accuracy is 0.79375 and loss is 0.436944580078125
At time: 8.273066997528076 accuracy is 0.8109375 and loss is 0.44604244232177737
Evaluating...
Done Evaluating: Achieved accuracy of 0.7634447674418605
Achieved new best!
Completing Train Step at 2th epoch...
At time: 9.371681451797485 accuracy is 0.7421875 and loss is 0.590329933166504
At time: 9.647446870803833 accuracy is 0.840625 and loss is 0.38774468898773196
At time: 9.926315784454346 accuracy is 0.8921875 and loss is 0.29481680393218995
At time: 10.186119794845581 accuracy is 0.9 and loss is 0.29156434535980225
At time: 10.448114395141602 accuracy is 0.8703125 and loss is 0.3288393259048462
At time: 10.732054710388184 accuracy is 0.8375 and loss is 0.37975785732269285
At time: 11.024679183959961 accuracy is 0.8859375 and loss is 0.2871180534362793
At time: 11.306610584259033 accuracy is 0.8921875 and loss is 0.2523090124130249
At time: 11.63489294052124 accuracy is 0.9 and loss is 0.2952667951583862
At time: 11.946054697036743 accuracy is 0.88125 and loss is 0.2642914056777954
At time: 12.265551328659058 accuracy is 0.90625 and loss is 0.25485084056854246
At time: 12.59501051902771 accuracy is 0.8921875 and loss is 0.2661530256271362
Evaluating...
Done Evaluating: Achieved accuracy of 0.75
Not better for 1
Completing Train Step at 3th epoch...
At time: 13.626576662063599 accuracy is 0.8234375 and loss is 0.4530035495758057
At time: 13.869516849517822 accuracy is 0.9046875 and loss is 0.28062829971313474
At time: 14.121397018432617 accuracy is 0.896875 and loss is 0.25633251667022705
At time: 14.405328035354614 accuracy is 0.9046875 and loss is 0.321412467956543
At time: 14.692295551300049 accuracy is 0.9171875 and loss is 0.2230436086654663
At time: 14.988190412521362 accuracy is 0.89375 and loss is 0.243696928024292
At time: 15.270239353179932 accuracy is 0.9109375 and loss is 0.2655517578125
At time: 15.548815250396729 accuracy is 0.896875 and loss is 0.25564022064208985
At time: 15.83469009399414 accuracy is 0.896875 and loss is 0.2500504493713379
At time: 16.126399278640747 accuracy is 0.9109375 and loss is 0.22841928005218506
At time: 16.47059202194214 accuracy is 0.8546875 and loss is 0.33739001750946046
At time: 16.81578779220581 accuracy is 0.909375 and loss is 0.2508840084075928
Evaluating...
Done Evaluating: Achieved accuracy of 0.7351017441860465
Not better for 2
Completing Train Step at 4th epoch...
At time: 17.965174198150635 accuracy is 0.8546875 and loss is 0.3665439605712891
At time: 18.21635675430298 accuracy is 0.9453125 and loss is 0.18401815891265869
At time: 18.47237730026245 accuracy is 0.9390625 and loss is 0.15588176250457764
At time: 18.727842569351196 accuracy is 0.8953125 and loss is 0.2543189287185669
At time: 18.98808789253235 accuracy is 0.9234375 and loss is 0.18346066474914552
At time: 19.254194498062134 accuracy is 0.90625 and loss is 0.225104022026062
At time: 19.568547010421753 accuracy is 0.9 and loss is 0.29422197341918943
At time: 19.874091625213623 accuracy is 0.9 and loss is 0.2805975914001465
At time: 20.17833423614502 accuracy is 0.93125 and loss is 0.18595457077026367
At time: 20.471171617507935 accuracy is 0.9484375 and loss is 0.14340258836746217
At time: 20.77273941040039 accuracy is 0.9421875 and loss is 0.19618160724639894
At time: 21.093587398529053 accuracy is 0.9421875 and loss is 0.17787824869155883
Evaluating...
Done Evaluating: Achieved accuracy of 0.7394622093023255
Not better for 3
Completing Train Step at 5th epoch...
At time: 22.179088830947876 accuracy is 0.8765625 and loss is 0.33569674491882323
At time: 22.435211896896362 accuracy is 0.946875 and loss is 0.16689321994781495
At time: 22.69329309463501 accuracy is 0.9671875 and loss is 0.103645658493042
At time: 22.952589750289917 accuracy is 0.934375 and loss is 0.14574999809265138
At time: 23.21460795402527 accuracy is 0.959375 and loss is 0.11541671752929687
At time: 23.482151746749878 accuracy is 0.9390625 and loss is 0.1404557466506958
At time: 23.756516933441162 accuracy is 0.9484375 and loss is 0.17181884050369262
At time: 24.03797173500061 accuracy is 0.9328125 and loss is 0.16941856145858764
At time: 24.322672843933105 accuracy is 0.965625 and loss is 0.09300270676612854
At time: 24.63809633255005 accuracy is 0.9640625 and loss is 0.08772777318954468
At time: 24.982329607009888 accuracy is 0.9546875 and loss is 0.15218101739883422
At time: 25.334083795547485 accuracy is 0.9609375 and loss is 0.12186485528945923
Evaluating...
Done Evaluating: Achieved accuracy of 0.7042151162790697
Not better for 4
Completing Train Step at 6th epoch...
At time: 26.373191833496094 accuracy is 0.8921875 and loss is 0.2905108451843262
At time: 26.61192226409912 accuracy is 0.959375 and loss is 0.12413182258605956
At time: 26.879016399383545 accuracy is 0.971875 and loss is 0.0958814024925232
At time: 27.1511390209198 accuracy is 0.9578125 and loss is 0.10693967342376709
At time: 27.417810201644897 accuracy is 0.9625 and loss is 0.09519895911216736
At time: 27.683319091796875 accuracy is 0.9421875 and loss is 0.1401681900024414
At time: 27.95563578605652 accuracy is 0.965625 and loss is 0.0962883174419403
At time: 28.23221206665039 accuracy is 0.9625 and loss is 0.11058918237686158
At time: 28.51590847969055 accuracy is 0.959375 and loss is 0.09522919654846192
At time: 28.80463171005249 accuracy is 0.971875 and loss is 0.08488443493843079
At time: 29.102715015411377 accuracy is 0.9046875 and loss is 0.28165535926818847
At time: 29.41061782836914 accuracy is 0.9546875 and loss is 0.1806510329246521
Evaluating...
Done Evaluating: Achieved accuracy of 0.7347383720930233
Not better for 5
Completing Train Step at 7th epoch...
At time: 30.436081171035767 accuracy is 0.8875 and loss is 0.2705820083618164
At time: 30.693554639816284 accuracy is 0.9453125 and loss is 0.1383170485496521
At time: 30.947559356689453 accuracy is 0.978125 and loss is 0.08075363039970399
At time: 31.201167821884155 accuracy is 0.9625 and loss is 0.09384918212890625
At time: 31.458153247833252 accuracy is 0.96875 and loss is 0.07847182154655456
At time: 31.745038747787476 accuracy is 0.965625 and loss is 0.09725552201271057
At time: 32.0264458656311 accuracy is 0.9828125 and loss is 0.06287993788719178
At time: 32.30948352813721 accuracy is 0.96875 and loss is 0.06486191749572753
At time: 32.5906982421875 accuracy is 0.965625 and loss is 0.08290403485298156
At time: 32.87888193130493 accuracy is 0.9703125 and loss is 0.11039628982543945
At time: 33.18103384971619 accuracy is 0.946875 and loss is 0.14823113679885863
At time: 33.49371814727783 accuracy is 0.96875 and loss is 0.09658125042915344
Evaluating...
Done Evaluating: Achieved accuracy of 0.7452761627906976
Not better for 6
Completing Train Step at 8th epoch...
At time: 34.53179860115051 accuracy is 0.940625 and loss is 0.20357632637023926
At time: 34.773964405059814 accuracy is 0.9765625 and loss is 0.07793552875518799
At time: 35.0240581035614 accuracy is 0.9765625 and loss is 0.05997515320777893
At time: 35.279946088790894 accuracy is 0.975 and loss is 0.06412714719772339
At time: 35.54085612297058 accuracy is 0.9671875 and loss is 0.09150452017784119
At time: 35.80898451805115 accuracy is 0.9625 and loss is 0.09107078909873963
At time: 36.08118963241577 accuracy is 0.9828125 and loss is 0.061379140615463255
At time: 36.35813236236572 accuracy is 0.959375 and loss is 0.09569896459579467
At time: 36.64327383041382 accuracy is 0.98125 and loss is 0.05444505214691162
At time: 36.93212270736694 accuracy is 0.978125 and loss is 0.045878010988235476
At time: 37.2679443359375 accuracy is 0.9671875 and loss is 0.11506485939025879
At time: 37.605628967285156 accuracy is 0.984375 and loss is 0.060236644744873044
Evaluating...
Done Evaluating: Achieved accuracy of 0.7489098837209303
Not better for 7
Completing Train Step at 9th epoch...
At time: 38.646788358688354 accuracy is 0.9390625 and loss is 0.19269670248031617
At time: 38.89609503746033 accuracy is 0.9734375 and loss is 0.08001013398170471
At time: 39.14745807647705 accuracy is 0.9921875 and loss is 0.03494492769241333
At time: 39.401825189590454 accuracy is 0.971875 and loss is 0.06761476397514343
At time: 39.65620470046997 accuracy is 0.9734375 and loss is 0.06763430833816528
At time: 39.912506103515625 accuracy is 0.9859375 and loss is 0.04342312216758728
At time: 40.176106691360474 accuracy is 0.96875 and loss is 0.08657548427581788
At time: 40.45392870903015 accuracy is 0.959375 and loss is 0.08924137353897095
At time: 40.73990845680237 accuracy is 0.975 and loss is 0.07112473845481873
At time: 41.03090214729309 accuracy is 0.978125 and loss is 0.042141789197921754
At time: 41.33202266693115 accuracy is 0.9671875 and loss is 0.08753156661987305
At time: 41.6388885974884 accuracy is 0.98125 and loss is 0.05609449744224548
Evaluating...
Done Evaluating: Achieved accuracy of 0.7296511627906976
Not better for 8
Completing Train Step at 10th epoch...
At time: 42.69399333000183 accuracy is 0.9390625 and loss is 0.17726261615753175
At time: 42.955474615097046 accuracy is 0.98125 and loss is 0.06413966417312622
At time: 43.22147583961487 accuracy is 0.9828125 and loss is 0.05116417407989502
At time: 43.48742365837097 accuracy is 0.9765625 and loss is 0.06089714169502258
At time: 43.751232385635376 accuracy is 0.98125 and loss is 0.0491597443819046
At time: 44.0198757648468 accuracy is 0.9890625 and loss is 0.03145233690738678
At time: 44.310044288635254 accuracy is 0.9828125 and loss is 0.062404084205627444
At time: 44.59636092185974 accuracy is 0.98125 and loss is 0.06881969571113586
At time: 44.88972496986389 accuracy is 0.9875 and loss is 0.04090912640094757
At time: 45.17189598083496 accuracy is 0.99375 and loss is 0.02183939665555954
At time: 45.459935903549194 accuracy is 0.9421875 and loss is 0.1636408567428589
At time: 45.76031732559204 accuracy is 0.9890625 and loss is 0.04380685091018677
Evaluating...
Done Evaluating: Achieved accuracy of 0.737281976744186
Not better for 9
Completing Train Step at 11th epoch...
At time: 46.799721240997314 accuracy is 0.9640625 and loss is 0.12594635486602784
At time: 47.05087447166443 accuracy is 0.978125 and loss is 0.052417528629302976
At time: 47.30751442909241 accuracy is 0.9890625 and loss is 0.029850617051124573
At time: 47.558513879776 accuracy is 0.9875 and loss is 0.0333870530128479
At time: 47.81194710731506 accuracy is 0.9921875 and loss is 0.028643214702606203
At time: 48.07005047798157 accuracy is 0.978125 and loss is 0.04960748255252838
At time: 48.33364176750183 accuracy is 0.98125 and loss is 0.06484871506690978
At time: 48.60143256187439 accuracy is 0.98125 and loss is 0.05199676752090454
At time: 48.8758647441864 accuracy is 0.9890625 and loss is 0.016051682829856872
At time: 49.156352519989014 accuracy is 0.9921875 and loss is 0.022795724868774413
At time: 49.44850516319275 accuracy is 0.9828125 and loss is 0.046297067403793336
At time: 49.75168490409851 accuracy is 0.990625 and loss is 0.029518279433250427
Evaluating...
Done Evaluating: Achieved accuracy of 0.7398255813953488
Not better for 10
Model not improving. Stopping earlyat 0.7634447674418605 epochs.
Done Training. Achieved Best Accuracy of 0.7634447674418605
Improved accuracyfrom 0.7536337209302325 to 0.7634447674418605
mlpattn
SETTINGS FOR THIS RUN
{'batch_size': 32, 'dropout': 0.6902397445120532, 'wordvec_source': 'None', 'l2': 0.6687085556100277, 'lr': 0.0018429150055222065, 'tune_wordvecs': True, 'rnn_dropout': 0.510366040194243, 'attention_dim': 33, 'wordvec_dim': 300, 'attn_type': 'MLP', 'num_layers': 3, 'data': 'MPQA'}
Using CUDA!
here
MLP
Building RNN Classifier...

[93m    Warning: no model found for 'en'[0m

    Only loading the 'en' tokenizer.

Retrieving Data from file: /home-nfs/siddsach/ml/Interpreting-Attention/interpreting_language/data/mpqa/mpqa_subj_labels.pickle...
Loading Vectors From Memory...
Not using pretrained wordvectors
Building Vocab...
[]
Getting Batches...
Created Iterator with 261 batches
Getting Batches...
Created Iterator with 87 batches
Building model...
MLP
Using Attention model with following args:
{'batch_size': 32, 'tune_attn': 'True', 'input_size': 300, 'vocab_size': 15284, 'dropout': 0.6902397445120532, 'num_classes': 2, 'num_layers': 3, 'hidden_size': 300, 'train_word_vecs': True, 'rnn_dropout': 0.510366040194243, 'attention_dim': 33, 'vectors': None, 'cuda': True, 'attn_type': 'MLP'}
Begin Training...
Completing Train Step at 0th epoch...
At time: 0.2723960876464844 accuracy is 0.5453125 and loss is 0.734428071975708
At time: 0.5200741291046143 accuracy is 0.5578125 and loss is 0.6904561519622803
At time: 0.7819514274597168 accuracy is 0.5203125 and loss is 0.7043603897094727
At time: 1.0505540370941162 accuracy is 0.503125 and loss is 0.7037574291229248
At time: 1.3249101638793945 accuracy is 0.54375 and loss is 0.6900840759277344
At time: 1.6091487407684326 accuracy is 0.571875 and loss is 0.6987162113189698
At time: 1.9000437259674072 accuracy is 0.578125 and loss is 0.6925759315490723
At time: 2.1975722312927246 accuracy is 0.5703125 and loss is 0.687476110458374
At time: 2.5079686641693115 accuracy is 0.5609375 and loss is 0.6736616611480712
At time: 2.821150541305542 accuracy is 0.6609375 and loss is 0.6195247650146485
At time: 3.1501212120056152 accuracy is 0.65625 and loss is 0.6562614917755127
At time: 3.4977426528930664 accuracy is 0.6578125 and loss is 0.639448881149292
Evaluating...
Done Evaluating: Achieved accuracy of 0.7067587209302325
Achieved new best!
Completing Train Step at 1th epoch...
At time: 4.615638732910156 accuracy is 0.6390625 and loss is 0.7113448143005371
At time: 4.86911416053772 accuracy is 0.671875 and loss is 0.6505287170410157
At time: 5.126918315887451 accuracy is 0.6515625 and loss is 0.6310758590698242
At time: 5.377895832061768 accuracy is 0.7078125 and loss is 0.6089794158935546
At time: 5.633769989013672 accuracy is 0.7015625 and loss is 0.5868621349334717
At time: 5.896364212036133 accuracy is 0.721875 and loss is 0.5679722785949707
At time: 6.165668725967407 accuracy is 0.746875 and loss is 0.5665449142456055
At time: 6.43828558921814 accuracy is 0.7515625 and loss is 0.5171806812286377
At time: 6.718747138977051 accuracy is 0.775 and loss is 0.46462459564208985
At time: 7.00926661491394 accuracy is 0.81875 and loss is 0.39172945022583006
At time: 7.303687572479248 accuracy is 0.803125 and loss is 0.43970603942871095
At time: 7.607438802719116 accuracy is 0.7890625 and loss is 0.4413802146911621
Evaluating...
Done Evaluating: Achieved accuracy of 0.7278343023255814
Achieved new best!
Completing Train Step at 2th epoch...
At time: 8.74515414237976 accuracy is 0.703125 and loss is 0.6243302822113037
At time: 9.000910997390747 accuracy is 0.803125 and loss is 0.48601350784301756
At time: 9.251599550247192 accuracy is 0.7859375 and loss is 0.47532095909118655
At time: 9.502117156982422 accuracy is 0.85 and loss is 0.3660533905029297
At time: 9.757824659347534 accuracy is 0.86875 and loss is 0.281360387802124
At time: 10.019161701202393 accuracy is 0.840625 and loss is 0.3803138017654419
At time: 10.285764694213867 accuracy is 0.871875 and loss is 0.32307617664337157
At time: 10.564148664474487 accuracy is 0.8671875 and loss is 0.32210042476654055
At time: 10.841500997543335 accuracy is 0.8703125 and loss is 0.29878082275390627
At time: 11.122990131378174 accuracy is 0.8828125 and loss is 0.3082566261291504
At time: 11.440319299697876 accuracy is 0.896875 and loss is 0.23421175479888917
At time: 11.765445470809937 accuracy is 0.890625 and loss is 0.27857232093811035
Evaluating...
Done Evaluating: Achieved accuracy of 0.7390988372093024
Achieved new best!
Completing Train Step at 3th epoch...
At time: 12.87851595878601 accuracy is 0.7359375 and loss is 0.5067811489105225
At time: 13.121108055114746 accuracy is 0.8953125 and loss is 0.2672004699707031
At time: 13.370237112045288 accuracy is 0.9046875 and loss is 0.28843610286712645
At time: 13.63350224494934 accuracy is 0.9296875 and loss is 0.18869850635528565
At time: 13.896747350692749 accuracy is 0.9390625 and loss is 0.15489180088043214
At time: 14.157004833221436 accuracy is 0.9015625 and loss is 0.2695687055587769
At time: 14.42443561553955 accuracy is 0.9296875 and loss is 0.19011560678482056
At time: 14.695988655090332 accuracy is 0.925 and loss is 0.20588388442993164
At time: 14.974559307098389 accuracy is 0.928125 and loss is 0.20030779838562013
At time: 15.259951114654541 accuracy is 0.9140625 and loss is 0.22814829349517823
At time: 15.553274154663086 accuracy is 0.928125 and loss is 0.16649155616760253
At time: 15.858676671981812 accuracy is 0.8984375 and loss is 0.26098904609680174
Evaluating...
Done Evaluating: Achieved accuracy of 0.7376453488372093
Not better for 1
Completing Train Step at 4th epoch...
At time: 16.904227018356323 accuracy is 0.85625 and loss is 0.369130277633667
At time: 17.142364025115967 accuracy is 0.9484375 and loss is 0.14886411428451538
At time: 17.387414693832397 accuracy is 0.9484375 and loss is 0.15445425510406494
At time: 17.638273239135742 accuracy is 0.9640625 and loss is 0.10141531229019166
At time: 17.89495849609375 accuracy is 0.9546875 and loss is 0.10178215503692627
At time: 18.156363487243652 accuracy is 0.94375 and loss is 0.16721199750900267
At time: 18.423187971115112 accuracy is 0.9671875 and loss is 0.0968273937702179
At time: 18.695162057876587 accuracy is 0.9859375 and loss is 0.03986177742481232
At time: 18.978092670440674 accuracy is 0.9734375 and loss is 0.0647006869316101
At time: 19.26762580871582 accuracy is 0.934375 and loss is 0.19405338764190674
At time: 19.562800645828247 accuracy is 0.965625 and loss is 0.09149783849716187
At time: 19.868215084075928 accuracy is 0.915625 and loss is 0.2279726505279541
Evaluating...
Done Evaluating: Achieved accuracy of 0.7183866279069767
Not better for 2
Completing Train Step at 5th epoch...
At time: 20.92000389099121 accuracy is 0.9078125 and loss is 0.2649868011474609
At time: 21.176602840423584 accuracy is 0.978125 and loss is 0.07193571329116821
At time: 21.43370270729065 accuracy is 0.9546875 and loss is 0.15393275022506714
At time: 21.684056520462036 accuracy is 0.971875 and loss is 0.0770835041999817
At time: 21.94866919517517 accuracy is 0.9484375 and loss is 0.16183078289031982
At time: 22.232511520385742 accuracy is 0.9453125 and loss is 0.16226545572280884
At time: 22.51808738708496 accuracy is 0.9703125 and loss is 0.07343566417694092
At time: 22.796086311340332 accuracy is 0.9640625 and loss is 0.11047053337097168
At time: 23.074698448181152 accuracy is 0.9640625 and loss is 0.076952463388443
At time: 23.356624841690063 accuracy is 0.9828125 and loss is 0.04759538769721985
At time: 23.644107580184937 accuracy is 0.9859375 and loss is 0.04018508791923523
At time: 23.94805121421814 accuracy is 0.978125 and loss is 0.07254174947738648
Evaluating...
Done Evaluating: Achieved accuracy of 0.7231104651162791
Not better for 3
Completing Train Step at 6th epoch...
At time: 24.9645574092865 accuracy is 0.9609375 and loss is 0.1603432297706604
At time: 25.220136880874634 accuracy is 0.9671875 and loss is 0.08657458424568176
At time: 25.481470346450806 accuracy is 0.95 and loss is 0.1493394374847412
At time: 25.747429132461548 accuracy is 0.9515625 and loss is 0.11695094108581543
At time: 26.003474950790405 accuracy is 0.9734375 and loss is 0.06405121684074402
At time: 26.26800012588501 accuracy is 0.9734375 and loss is 0.05905867218971252
At time: 26.533578157424927 accuracy is 0.9796875 and loss is 0.039277559518814086
At time: 26.805457830429077 accuracy is 0.96875 and loss is 0.07335609793663025
At time: 27.079007863998413 accuracy is 0.9859375 and loss is 0.029870641231536866
At time: 27.359090328216553 accuracy is 0.971875 and loss is 0.060519462823867796
At time: 27.656916856765747 accuracy is 0.9765625 and loss is 0.057726532220840454
At time: 27.98960781097412 accuracy is 0.9609375 and loss is 0.09912502765655518
Evaluating...
Done Evaluating: Achieved accuracy of 0.688953488372093
Not better for 4
Completing Train Step at 7th epoch...
At time: 29.051931619644165 accuracy is 0.9703125 and loss is 0.12198593616485595
At time: 29.304263830184937 accuracy is 0.9828125 and loss is 0.05063942074775696
At time: 29.564669370651245 accuracy is 0.975 and loss is 0.06865050196647644
At time: 29.816622734069824 accuracy is 0.98125 and loss is 0.05632613897323609
At time: 30.07366704940796 accuracy is 0.9890625 and loss is 0.02862250804901123
At time: 30.33591628074646 accuracy is 0.971875 and loss is 0.08342816829681396
At time: 30.62647581100464 accuracy is 0.96875 and loss is 0.10854130983352661
At time: 30.929406881332397 accuracy is 0.978125 and loss is 0.08759154081344604
At time: 31.23403811454773 accuracy is 0.9875 and loss is 0.04387503564357757
At time: 31.531274557113647 accuracy is 0.915625 and loss is 0.2641350984573364
At time: 31.838165044784546 accuracy is 0.9796875 and loss is 0.060829955339431765
At time: 32.155454874038696 accuracy is 0.9765625 and loss is 0.08683330416679383
Evaluating...
Done Evaluating: Achieved accuracy of 0.7380087209302325
Not better for 5
Completing Train Step at 8th epoch...
At time: 33.23950457572937 accuracy is 0.978125 and loss is 0.10538282394409179
At time: 33.51112174987793 accuracy is 0.971875 and loss is 0.10453482866287231
At time: 33.77668786048889 accuracy is 0.9875 and loss is 0.02969238758087158
At time: 34.04138684272766 accuracy is 0.978125 and loss is 0.057460474967956546
At time: 34.30814075469971 accuracy is 0.9890625 and loss is 0.03265874683856964
At time: 34.580100536346436 accuracy is 0.9890625 and loss is 0.019154509902000426
At time: 34.85979247093201 accuracy is 0.984375 and loss is 0.03261733949184418
At time: 35.14304327964783 accuracy is 0.9734375 and loss is 0.08741769790649415
At time: 35.43395113945007 accuracy is 0.971875 and loss is 0.0589180052280426
At time: 35.73093366622925 accuracy is 0.978125 and loss is 0.05856587290763855
At time: 36.0511372089386 accuracy is 0.9953125 and loss is 0.0173252135515213
At time: 36.37041115760803 accuracy is 0.9765625 and loss is 0.054493951797485354
Evaluating...
Done Evaluating: Achieved accuracy of 0.7347383720930233
Not better for 6
Completing Train Step at 9th epoch...
At time: 37.4279568195343 accuracy is 0.9796875 and loss is 0.08318004608154297
At time: 37.68271350860596 accuracy is 0.984375 and loss is 0.05197113752365112
At time: 37.94207406044006 accuracy is 0.984375 and loss is 0.050387024879455566
At time: 38.188149213790894 accuracy is 0.9875 and loss is 0.037827467918395995
At time: 38.43635630607605 accuracy is 0.9890625 and loss is 0.028383082151412962
At time: 38.6933479309082 accuracy is 0.984375 and loss is 0.04412093162536621
At time: 38.95944285392761 accuracy is 0.9890625 and loss is 0.04050632417201996
At time: 39.23251724243164 accuracy is 0.98125 and loss is 0.06252947449684143
At time: 39.51003313064575 accuracy is 0.9796875 and loss is 0.05654418468475342
At time: 39.80648636817932 accuracy is 0.9703125 and loss is 0.10128592252731324
At time: 40.124855756759644 accuracy is 0.9890625 and loss is 0.0449718177318573
At time: 40.45104765892029 accuracy is 0.9828125 and loss is 0.05387014150619507
Evaluating...
Done Evaluating: Achieved accuracy of 0.7198401162790697
Not better for 7
Completing Train Step at 10th epoch...
At time: 41.50350642204285 accuracy is 0.98125 and loss is 0.07515849471092224
At time: 41.758050203323364 accuracy is 0.984375 and loss is 0.059771490097045896
At time: 42.01392865180969 accuracy is 0.971875 and loss is 0.06199176907539368
At time: 42.26503086090088 accuracy is 0.9828125 and loss is 0.04234259128570557
At time: 42.52146100997925 accuracy is 0.99375 and loss is 0.013330014050006866
At time: 42.80288481712341 accuracy is 0.98125 and loss is 0.05055282711982727
At time: 43.10027050971985 accuracy is 0.99375 and loss is 0.027076107263565064
At time: 43.4048638343811 accuracy is 0.9765625 and loss is 0.06506760716438294
At time: 43.70529007911682 accuracy is 0.9875 and loss is 0.030990782380104064
At time: 44.00753378868103 accuracy is 0.9796875 and loss is 0.06282036900520324
At time: 44.3192036151886 accuracy is 0.9859375 and loss is 0.046084529161453246
At time: 44.66619300842285 accuracy is 0.98125 and loss is 0.07542763948440552
Evaluating...
Done Evaluating: Achieved accuracy of 0.7303779069767442
Not better for 8
Completing Train Step at 11th epoch...
At time: 45.75177550315857 accuracy is 0.9921875 and loss is 0.039110198616981506
At time: 46.008424520492554 accuracy is 0.9828125 and loss is 0.047575607895851135
At time: 46.283955574035645 accuracy is 0.9875 and loss is 0.03512817919254303
At time: 46.553162813186646 accuracy is 0.9859375 and loss is 0.043109774589538574
At time: 46.80937600135803 accuracy is 0.9875 and loss is 0.04862570762634277
At time: 47.072115421295166 accuracy is 0.9875 and loss is 0.04744285643100739
At time: 47.34032368659973 accuracy is 0.99375 and loss is 0.02599516212940216
At time: 47.612404108047485 accuracy is 0.978125 and loss is 0.08741201162338257
At time: 47.89363241195679 accuracy is 0.990625 and loss is 0.04875504076480865
At time: 48.1781325340271 accuracy is 0.99375 and loss is 0.019301436841487885
At time: 48.473313331604004 accuracy is 0.9875 and loss is 0.049557894468307495
At time: 48.77238607406616 accuracy is 0.984375 and loss is 0.07344476580619812
Evaluating...
Done Evaluating: Achieved accuracy of 0.7249273255813954
Not better for 9
Completing Train Step at 12th epoch...
At time: 49.814167499542236 accuracy is 0.9953125 and loss is 0.030970945954322815
At time: 50.066519260406494 accuracy is 0.9828125 and loss is 0.04946917593479157
At time: 50.32217836380005 accuracy is 0.9984375 and loss is 0.007202839851379395
At time: 50.576338052749634 accuracy is 0.996875 and loss is 0.00979919359087944
At time: 50.83190059661865 accuracy is 0.9921875 and loss is 0.02091328501701355
At time: 51.09467887878418 accuracy is 0.9859375 and loss is 0.05662081241607666
At time: 51.35814809799194 accuracy is 0.9875 and loss is 0.043537718057632444
At time: 51.62234282493591 accuracy is 0.990625 and loss is 0.019417005777359008
At time: 51.89474415779114 accuracy is 0.9828125 and loss is 0.04558943808078766
At time: 52.19913911819458 accuracy is 0.990625 and loss is 0.0269145131111145
At time: 52.505685567855835 accuracy is 0.9859375 and loss is 0.05561860203742981
At time: 52.82591462135315 accuracy is 0.9703125 and loss is 0.11029567718505859
Evaluating...
Done Evaluating: Achieved accuracy of 0.7212936046511628
Not better for 10
Model not improving. Stopping earlyat 0.7390988372093024 epochs.
Done Training. Achieved Best Accuracy of 0.7390988372093024
mlpattn
SETTINGS FOR THIS RUN
{'batch_size': 32, 'dropout': 0.11850630339622237, 'wordvec_source': 'None', 'l2': 0.4841699235967408, 'lr': 0.004061283619695972, 'tune_wordvecs': True, 'rnn_dropout': 0.7084589878099962, 'attention_dim': 93, 'wordvec_dim': 300, 'attn_type': 'MLP', 'num_layers': 3, 'data': 'MPQA'}
Using CUDA!
here
MLP
Building RNN Classifier...

[93m    Warning: no model found for 'en'[0m

    Only loading the 'en' tokenizer.

Retrieving Data from file: /home-nfs/siddsach/ml/Interpreting-Attention/interpreting_language/data/mpqa/mpqa_subj_labels.pickle...
Loading Vectors From Memory...
Not using pretrained wordvectors
Building Vocab...
[]
Getting Batches...
Created Iterator with 261 batches
Getting Batches...
Created Iterator with 87 batches
Building model...
MLP
Using Attention model with following args:
{'batch_size': 32, 'tune_attn': 'True', 'input_size': 300, 'vocab_size': 15284, 'dropout': 0.11850630339622237, 'num_classes': 2, 'num_layers': 3, 'hidden_size': 300, 'train_word_vecs': True, 'rnn_dropout': 0.7084589878099962, 'attention_dim': 93, 'vectors': None, 'cuda': True, 'attn_type': 'MLP'}
Begin Training...
Completing Train Step at 0th epoch...
At time: 0.306654691696167 accuracy is 0.5703125 and loss is 0.732710313796997
At time: 0.5905489921569824 accuracy is 0.478125 and loss is 0.7577984809875489
At time: 0.8754198551177979 accuracy is 0.5578125 and loss is 0.7017401218414306
At time: 1.1633243560791016 accuracy is 0.475 and loss is 0.7365206241607666
At time: 1.4461939334869385 accuracy is 0.5359375 and loss is 0.6873847484588623
At time: 1.7326405048370361 accuracy is 0.553125 and loss is 0.704844617843628
At time: 2.028088331222534 accuracy is 0.484375 and loss is 0.7356711387634277
At time: 2.3273861408233643 accuracy is 0.609375 and loss is 0.6699081897735596
At time: 2.638533115386963 accuracy is 0.6703125 and loss is 0.6478113651275634
At time: 2.9553027153015137 accuracy is 0.7 and loss is 0.6019538879394531
At time: 3.2880711555480957 accuracy is 0.6875 and loss is 0.6001835346221924
At time: 3.638885498046875 accuracy is 0.69375 and loss is 0.6241544723510742
Evaluating...
Done Evaluating: Achieved accuracy of 0.7107558139534884
Achieved new best!
Completing Train Step at 1th epoch...
At time: 4.734537124633789 accuracy is 0.63125 and loss is 0.6674015045166015
At time: 4.977534532546997 accuracy is 0.65625 and loss is 0.6303886413574219
At time: 5.224762916564941 accuracy is 0.703125 and loss is 0.5878008365631103
At time: 5.479625701904297 accuracy is 0.64375 and loss is 0.6584526062011719
At time: 5.737780570983887 accuracy is 0.74375 and loss is 0.522470760345459
At time: 6.00049901008606 accuracy is 0.7453125 and loss is 0.5060224533081055
At time: 6.2690229415893555 accuracy is 0.75 and loss is 0.5379282474517822
At time: 6.5406174659729 accuracy is 0.8 and loss is 0.4632128715515137
At time: 6.847820997238159 accuracy is 0.79375 and loss is 0.4388540267944336
At time: 7.156113624572754 accuracy is 0.8328125 and loss is 0.3941103458404541
At time: 7.4702818393707275 accuracy is 0.8234375 and loss is 0.4103499412536621
At time: 7.7728846073150635 accuracy is 0.8015625 and loss is 0.44452905654907227
Evaluating...
Done Evaluating: Achieved accuracy of 0.6620639534883721
Not better for 1
Completing Train Step at 2th epoch...
At time: 8.844469785690308 accuracy is 0.6828125 and loss is 0.5796650409698486
At time: 9.107373237609863 accuracy is 0.8609375 and loss is 0.3782294988632202
At time: 9.367480993270874 accuracy is 0.8265625 and loss is 0.42180752754211426
At time: 9.621914148330688 accuracy is 0.790625 and loss is 0.5029098510742187
At time: 9.891801834106445 accuracy is 0.85 and loss is 0.364763069152832
At time: 10.166923522949219 accuracy is 0.8640625 and loss is 0.33758256435394285
At time: 10.446529150009155 accuracy is 0.88125 and loss is 0.2859132528305054
At time: 10.750134944915771 accuracy is 0.8703125 and loss is 0.30387718677520753
At time: 11.040213823318481 accuracy is 0.871875 and loss is 0.3012737274169922
At time: 11.343205451965332 accuracy is 0.878125 and loss is 0.3132356882095337
At time: 11.640986442565918 accuracy is 0.8671875 and loss is 0.2960766315460205
At time: 11.948913812637329 accuracy is 0.8859375 and loss is 0.27815608978271483
Evaluating...
Done Evaluating: Achieved accuracy of 0.700218023255814
Not better for 2
Completing Train Step at 3th epoch...
At time: 13.060114622116089 accuracy is 0.7078125 and loss is 0.5340223789215088
At time: 13.303925275802612 accuracy is 0.89375 and loss is 0.3224419355392456
At time: 13.551366329193115 accuracy is 0.8546875 and loss is 0.3412083625793457
At time: 13.803837060928345 accuracy is 0.846875 and loss is 0.3972851037979126
At time: 14.061381101608276 accuracy is 0.89375 and loss is 0.24670932292938233
At time: 14.325831890106201 accuracy is 0.8921875 and loss is 0.27100186347961425
At time: 14.595495700836182 accuracy is 0.925 and loss is 0.17937066555023193
At time: 14.868445873260498 accuracy is 0.9109375 and loss is 0.20688846111297607
At time: 15.198785781860352 accuracy is 0.8984375 and loss is 0.2577502965927124
At time: 15.512317180633545 accuracy is 0.903125 and loss is 0.2623676538467407
At time: 15.818480491638184 accuracy is 0.8921875 and loss is 0.25065977573394777
At time: 16.134071588516235 accuracy is 0.9171875 and loss is 0.20199368000030518
Evaluating...
Done Evaluating: Achieved accuracy of 0.7347383720930233
Achieved new best!
Completing Train Step at 4th epoch...
At time: 17.18714666366577 accuracy is 0.7984375 and loss is 0.44042148590087893
At time: 17.42790150642395 accuracy is 0.8875 and loss is 0.3113582611083984
At time: 17.67705774307251 accuracy is 0.878125 and loss is 0.27865123748779297
At time: 17.93122172355652 accuracy is 0.88125 and loss is 0.2945250034332275
At time: 18.18833327293396 accuracy is 0.9078125 and loss is 0.20361030101776123
At time: 18.451351404190063 accuracy is 0.915625 and loss is 0.20300147533416749
At time: 18.720668077468872 accuracy is 0.965625 and loss is 0.10404015779495239
At time: 18.996296882629395 accuracy is 0.9515625 and loss is 0.13042231798171997
At time: 19.278114557266235 accuracy is 0.934375 and loss is 0.18191514015197754
At time: 19.56441855430603 accuracy is 0.940625 and loss is 0.1842013955116272
At time: 19.859448432922363 accuracy is 0.9171875 and loss is 0.20776853561401368
At time: 20.16885471343994 accuracy is 0.9390625 and loss is 0.15381839275360107
Evaluating...
Done Evaluating: Achieved accuracy of 0.7234738372093024
Not better for 1
Completing Train Step at 5th epoch...
At time: 21.238840341567993 accuracy is 0.8421875 and loss is 0.373620343208313
At time: 21.49407696723938 accuracy is 0.9078125 and loss is 0.28373467922210693
At time: 21.7703800201416 accuracy is 0.909375 and loss is 0.21608419418334962
At time: 22.039522647857666 accuracy is 0.8921875 and loss is 0.25075907707214357
At time: 22.311495780944824 accuracy is 0.9625 and loss is 0.12360897064208984
At time: 22.58242654800415 accuracy is 0.925 and loss is 0.21985151767730712
At time: 22.880683183670044 accuracy is 0.9625 and loss is 0.10296361446380616
At time: 23.173375844955444 accuracy is 0.94375 and loss is 0.15071014165878296
At time: 23.467849731445312 accuracy is 0.9640625 and loss is 0.11311744451522827
At time: 23.755600452423096 accuracy is 0.9671875 and loss is 0.10807175636291504
At time: 24.051259517669678 accuracy is 0.9578125 and loss is 0.11776502132415771
At time: 24.35918688774109 accuracy is 0.9359375 and loss is 0.16399415731430053
Evaluating...
Done Evaluating: Achieved accuracy of 0.6900436046511628
Not better for 2
Completing Train Step at 6th epoch...
At time: 25.420663595199585 accuracy is 0.8328125 and loss is 0.37656545639038086
At time: 25.6785888671875 accuracy is 0.9109375 and loss is 0.2331531286239624
At time: 25.935539960861206 accuracy is 0.928125 and loss is 0.1729699969291687
At time: 26.189754962921143 accuracy is 0.934375 and loss is 0.18670525550842285
At time: 26.447397708892822 accuracy is 0.975 and loss is 0.07831751108169556
At time: 26.709001779556274 accuracy is 0.93125 and loss is 0.18193376064300537
At time: 26.978536128997803 accuracy is 0.9640625 and loss is 0.1047102928161621
At time: 27.252488374710083 accuracy is 0.95 and loss is 0.13045036792755127
At time: 27.52500581741333 accuracy is 0.9640625 and loss is 0.10269579887390137
At time: 27.80237054824829 accuracy is 0.971875 and loss is 0.08694089651107788
At time: 28.09560251235962 accuracy is 0.9734375 and loss is 0.0675620198249817
At time: 28.405813932418823 accuracy is 0.959375 and loss is 0.10943917036056519
Evaluating...
Done Evaluating: Achieved accuracy of 0.7281976744186046
Not better for 3
Completing Train Step at 7th epoch...
At time: 29.468833446502686 accuracy is 0.9 and loss is 0.26667940616607666
At time: 29.725792169570923 accuracy is 0.9375 and loss is 0.15631026029586792
At time: 29.9897141456604 accuracy is 0.96875 and loss is 0.10423827171325684
At time: 30.245811700820923 accuracy is 0.9546875 and loss is 0.13359766006469725
At time: 30.504484176635742 accuracy is 0.9796875 and loss is 0.05505269765853882
At time: 30.767305612564087 accuracy is 0.95625 and loss is 0.13198455572128295
At time: 31.039406061172485 accuracy is 0.9828125 and loss is 0.05940622091293335
At time: 31.342267751693726 accuracy is 0.971875 and loss is 0.080422043800354
At time: 31.646119117736816 accuracy is 0.96875 and loss is 0.10891578197479249
At time: 31.951346397399902 accuracy is 0.9703125 and loss is 0.09161410927772522
At time: 32.24969983100891 accuracy is 0.9609375 and loss is 0.08577690124511719
At time: 32.5593466758728 accuracy is 0.95625 and loss is 0.1299600601196289
Evaluating...
Done Evaluating: Achieved accuracy of 0.7256540697674418
Not better for 4
Completing Train Step at 8th epoch...
At time: 33.62713956832886 accuracy is 0.9140625 and loss is 0.2263740062713623
At time: 33.887300968170166 accuracy is 0.9625 and loss is 0.11807360649108886
At time: 34.14497971534729 accuracy is 0.95625 and loss is 0.1110964298248291
At time: 34.43947720527649 accuracy is 0.9609375 and loss is 0.10803844928741455
At time: 34.733479738235474 accuracy is 0.978125 and loss is 0.058220064640045165
At time: 35.017027139663696 accuracy is 0.9578125 and loss is 0.12209997177124024
At time: 35.28576421737671 accuracy is 0.98125 and loss is 0.06918292045593262
At time: 35.56137013435364 accuracy is 0.96875 and loss is 0.09016019105911255
At time: 35.84776735305786 accuracy is 0.96875 and loss is 0.10013916492462158
At time: 36.19006395339966 accuracy is 0.9734375 and loss is 0.07255756258964538
At time: 36.5157732963562 accuracy is 0.9828125 and loss is 0.04653656482696533
At time: 36.82658553123474 accuracy is 0.9625 and loss is 0.14182816743850707
Evaluating...
Done Evaluating: Achieved accuracy of 0.71875
Not better for 5
Completing Train Step at 9th epoch...
At time: 37.87381863594055 accuracy is 0.9453125 and loss is 0.17851775884628296
At time: 38.128363609313965 accuracy is 0.965625 and loss is 0.09532142281532288
At time: 38.38232064247131 accuracy is 0.96875 and loss is 0.09115548729896546
At time: 38.63367223739624 accuracy is 0.9671875 and loss is 0.07606391906738282
At time: 38.88740277290344 accuracy is 0.9859375 and loss is 0.0336095929145813
At time: 39.14668273925781 accuracy is 0.9546875 and loss is 0.11793026924133301
At time: 39.41515564918518 accuracy is 0.9765625 and loss is 0.06596394181251526
At time: 39.68964457511902 accuracy is 0.965625 and loss is 0.08614299893379211
At time: 39.963547706604004 accuracy is 0.98125 and loss is 0.07831637263298034
At time: 40.24113488197327 accuracy is 0.9734375 and loss is 0.05827236771583557
At time: 40.528154134750366 accuracy is 0.9875 and loss is 0.040683594346046445
At time: 40.835561752319336 accuracy is 0.959375 and loss is 0.12338093519210816
Evaluating...
Done Evaluating: Achieved accuracy of 0.7303779069767442
Not better for 6
Completing Train Step at 10th epoch...
At time: 41.84753108024597 accuracy is 0.9546875 and loss is 0.14372097253799437
At time: 42.09610033035278 accuracy is 0.965625 and loss is 0.09102339744567871
At time: 42.34629845619202 accuracy is 0.9765625 and loss is 0.0606138288974762
At time: 42.600892305374146 accuracy is 0.975 and loss is 0.0668950617313385
At time: 42.85980558395386 accuracy is 0.9890625 and loss is 0.034602850675582886
At time: 43.12476706504822 accuracy is 0.96875 and loss is 0.09662870168685914
At time: 43.39838480949402 accuracy is 0.9859375 and loss is 0.043865743279457095
At time: 43.671486616134644 accuracy is 0.9734375 and loss is 0.0922159731388092
At time: 43.95107078552246 accuracy is 0.9765625 and loss is 0.07079207897186279
At time: 44.23511099815369 accuracy is 0.96875 and loss is 0.07191206812858582
At time: 44.52951145172119 accuracy is 0.978125 and loss is 0.04095279574394226
At time: 44.837061643600464 accuracy is 0.9515625 and loss is 0.1260621190071106
Evaluating...
Done Evaluating: Achieved accuracy of 0.7180232558139535
Not better for 7
Completing Train Step at 11th epoch...
At time: 45.88157105445862 accuracy is 0.9734375 and loss is 0.10624682903289795
At time: 46.12130427360535 accuracy is 0.9765625 and loss is 0.06322689056396484
At time: 46.368510484695435 accuracy is 0.9828125 and loss is 0.05324363708496094
At time: 46.620038747787476 accuracy is 0.9796875 and loss is 0.04333245158195496
At time: 46.87655687332153 accuracy is 0.9890625 and loss is 0.03502041697502136
At time: 47.14357399940491 accuracy is 0.975 and loss is 0.11669856309890747
At time: 47.44685220718384 accuracy is 0.978125 and loss is 0.05729361176490784
At time: 47.73778748512268 accuracy is 0.975 and loss is 0.05109175443649292
At time: 48.034409284591675 accuracy is 0.9734375 and loss is 0.06820719838142394
At time: 48.326353549957275 accuracy is 0.9765625 and loss is 0.07246979475021362
At time: 48.608619689941406 accuracy is 0.9796875 and loss is 0.051578855514526366
At time: 48.90049409866333 accuracy is 0.9546875 and loss is 0.13069334030151367
Evaluating...
Done Evaluating: Achieved accuracy of 0.7289244186046512
Not better for 8
Completing Train Step at 12th epoch...
At time: 49.906596422195435 accuracy is 0.9828125 and loss is 0.07118359804153443
At time: 50.14742684364319 accuracy is 0.9828125 and loss is 0.0456484854221344
At time: 50.394325733184814 accuracy is 0.984375 and loss is 0.04095563292503357
At time: 50.647913455963135 accuracy is 0.9828125 and loss is 0.05396223068237305
At time: 50.91074347496033 accuracy is 0.9890625 and loss is 0.04525444805622101
At time: 51.17429161071777 accuracy is 0.9703125 and loss is 0.115240478515625
At time: 51.44247889518738 accuracy is 0.9875 and loss is 0.05591843724250793
At time: 51.71761441230774 accuracy is 0.978125 and loss is 0.07906333208084107
At time: 52.02920627593994 accuracy is 0.9765625 and loss is 0.07441840171813965
At time: 52.33431077003479 accuracy is 0.9640625 and loss is 0.07910884022712708
At time: 52.63896441459656 accuracy is 0.978125 and loss is 0.05408412218093872
At time: 52.94508337974548 accuracy is 0.94375 and loss is 0.21495211124420166
Evaluating...
Done Evaluating: Achieved accuracy of 0.7278343023255814
Not better for 9
Completing Train Step at 13th epoch...
At time: 53.97080898284912 accuracy is 0.9828125 and loss is 0.06166843771934509
At time: 54.21302938461304 accuracy is 0.9828125 and loss is 0.03671830594539642
At time: 54.46483016014099 accuracy is 0.9734375 and loss is 0.09230711460113525
At time: 54.71793794631958 accuracy is 0.9484375 and loss is 0.119368577003479
At time: 54.97589731216431 accuracy is 0.9859375 and loss is 0.05060448050498963
At time: 55.24185848236084 accuracy is 0.9703125 and loss is 0.08357574343681336
At time: 55.514999866485596 accuracy is 0.978125 and loss is 0.05602673888206482
At time: 55.789469957351685 accuracy is 0.9671875 and loss is 0.09404380321502685
At time: 56.07257843017578 accuracy is 0.965625 and loss is 0.07759732604026795
At time: 56.36366415023804 accuracy is 0.9734375 and loss is 0.08624527454376221
At time: 56.658416509628296 accuracy is 0.9796875 and loss is 0.056014806032180786
At time: 56.967392683029175 accuracy is 0.9515625 and loss is 0.2114802837371826
Evaluating...
Done Evaluating: Achieved accuracy of 0.7285610465116279
Not better for 10
Model not improving. Stopping earlyat 0.7347383720930233 epochs.
Done Training. Achieved Best Accuracy of 0.7347383720930233
mlpattn



RESULTS:
[{'params': {'batch_size': 32, 'dropout': 0.4485903711678624, 'wordvec_source': 'None', 'l2': 0.8404204598237365, 'lr': 0.0008235657207661851, 'tune_wordvecs': True, 'rnn_dropout': 0.5920863832188418, 'attention_dim': 19, 'wordvec_dim': 300, 'attn_type': 'MLP', 'num_layers': 3, 'data': 'MPQA'}, 'best_accuracy': 0.7536337209302325}, {'params': {'batch_size': 32, 'dropout': 0.5958390963477252, 'wordvec_source': 'None', 'l2': 0.5548459674747929, 'lr': 0.003372944539798746, 'tune_wordvecs': True, 'rnn_dropout': 0.9005322186588965, 'attention_dim': 78, 'wordvec_dim': 300, 'attn_type': 'MLP', 'num_layers': 3, 'data': 'MPQA'}, 'best_accuracy': 0.7212936046511628}, {'params': {'batch_size': 32, 'dropout': 0.49466990923894794, 'wordvec_source': 'None', 'l2': 0.37655448099648337, 'lr': 0.0025079024898754174, 'tune_wordvecs': True, 'rnn_dropout': 0.30141926570321176, 'attention_dim': 79, 'wordvec_dim': 300, 'attn_type': 'MLP', 'num_layers': 3, 'data': 'MPQA'}, 'best_accuracy': 0.7634447674418605}, {'params': {'batch_size': 32, 'dropout': 0.6902397445120532, 'wordvec_source': 'None', 'l2': 0.6687085556100277, 'lr': 0.0018429150055222065, 'tune_wordvecs': True, 'rnn_dropout': 0.510366040194243, 'attention_dim': 33, 'wordvec_dim': 300, 'attn_type': 'MLP', 'num_layers': 3, 'data': 'MPQA'}, 'best_accuracy': 0.7390988372093024}, {'params': {'batch_size': 32, 'dropout': 0.11850630339622237, 'wordvec_source': 'None', 'l2': 0.4841699235967408, 'lr': 0.004061283619695972, 'tune_wordvecs': True, 'rnn_dropout': 0.7084589878099962, 'attention_dim': 93, 'wordvec_dim': 300, 'attn_type': 'MLP', 'num_layers': 3, 'data': 'MPQA'}, 'best_accuracy': 0.7347383720930233}]
