ROOT_PATH: /home-nfs/siddsach/ml/Interpreting-Attention/interpreting_language
Building Bayesian Optimizer for 
 data:IMDB 
 choices:[{'domain': [5e-05, 0.005], 'name': 'lr', 'type': 'continuous'}, {'domain': [0, 1], 'name': 'rnn_dropout', 'type': 'continuous'}, {'domain': [0, 1], 'name': 'dropout', 'type': 'continuous'}, {'domain': [0, 1], 'name': 'l2', 'type': 'continuous'}]
SETTINGS FOR THIS RUN
{'wordvec_dim': 300, 'tune_attn': True, 'data': 'IMDB', 'batch_size': 32, 'wordvec_source': 'gigavec', 'l2': 0.9696075030600873, 'tune_wordvecs': False, 'dropout': 0.8486717346042999, 'lr': 0.0038161783944773288, 'rnn_dropout': 0.12364584335956474, 'num_layers': 1, 'attn_type': 'similarity'}
Using CUDA!
here
similarity
Building RNN Classifier...

[93m    Warning: no model found for 'en'[0m

    Only loading the 'en' tokenizer.

Retrieving Data from file: /home-nfs/siddsach/ml/Interpreting-Attention/interpreting_language/data/imdb/aclImdb/train...
Got 25000 examples in 61.957340240478516 seconds
Retrieving Data from file: /home-nfs/siddsach/ml/Interpreting-Attention/interpreting_language/data/imdb/aclImdb/test...
Got 25000 examples in 61.845704317092896 seconds
Loading Vectors From Memory...
Using these vectors: ['gigavec']
Building Vocab...
[<torchtext.vocab.Vectors object at 0x7fc9bd7e1cc0>]
Getting Batches...
Created Iterator with 782 batches
Getting Batches...
Created Iterator with 782 batches
Building model...
similarity
Using Attention model with following args:
{'train_word_vecs': False, 'tune_attn': True, 'vectors': 
 0.0000  0.0000  0.0000  ...   0.0000  0.0000  0.0000
 0.0000  0.0000  0.0000  ...   0.0000  0.0000  0.0000
 0.0000  0.0000  0.0000  ...   0.0000  0.0000  0.0000
          ...             ⋱             ...          
 0.0000  0.0000  0.0000  ...   0.0000  0.0000  0.0000
 0.0000  0.0000  0.0000  ...   0.0000  0.0000  0.0000
 0.0000  0.0000  0.0000  ...   0.0000  0.0000  0.0000
[torch.FloatTensor of size 101925x300]
, 'batch_size': 32, 'input_size': 300, 'vocab_size': 101925, 'dropout': 0.8486717346042999, 'cuda': True, 'rnn_dropout': 0.12364584335956474, 'num_layers': 1, 'num_classes': 2, 'attention_dim': 350, 'hidden_size': 300, 'attn_type': 'similarity'}
Not Tuning Word Vectors!
Begin Training...
Completing Train Step at 0th epoch...
Traceback (most recent call last):
  File "tune_models.py", line 186, in <module>
    batch_size = args.batch_size, seq_len = args.seq_len)
  File "tune_models.py", line 67, in __init__
    exact_feval = True
  File "/home-nfs/siddsach/anaconda3/lib/python3.5/site-packages/GPyOpt/methods/bayesian_optimization.py", line 117, in __init__
    self._init_design_chooser()
  File "/home-nfs/siddsach/anaconda3/lib/python3.5/site-packages/GPyOpt/methods/bayesian_optimization.py", line 192, in _init_design_chooser
    self.Y, _ = self.objective.evaluate(self.X)
  File "/home-nfs/siddsach/anaconda3/lib/python3.5/site-packages/GPyOpt/core/task/objective.py", line 50, in evaluate
    f_evals, cost_evals = self._eval_func(x)
  File "/home-nfs/siddsach/anaconda3/lib/python3.5/site-packages/GPyOpt/core/task/objective.py", line 74, in _eval_func
    rlt = self.func(np.atleast_2d(x[i]))
  File "tune_models.py", line 120, in getError
    trainer.train(optimizer)
  File "/home-nfs/siddsach/ml/Interpreting-Attention/interpreting_language/classifier/attention_rnn/trainer.py", line 613, in train
    optimizer = self.train_step(optimizer, start_time)
  File "/home-nfs/siddsach/ml/Interpreting-Attention/interpreting_language/classifier/attention_rnn/trainer.py", line 496, in train_step
    self.save_attns(i, data, A, 'train')
  File "/home-nfs/siddsach/ml/Interpreting-Attention/interpreting_language/classifier/attention_rnn/trainer.py", line 532, in save_attns
    self.train_attns[1, index: index + self.batch_size, :attns.size(1)] = attns.data
RuntimeError: invalid argument 2: sizes do not match at /opt/conda/conda-bld/pytorch_1513366702650/work/torch/lib/THC/generic/THCTensorCopy.c:101
