ROOT_PATH: /home-nfs/siddsach/ml/Interpreting-Attention/interpreting_language
Building Bayesian Optimizer for 
 data:MPQA 
 choices:[{'type': 'continuous', 'name': 'lr', 'domain': [5e-05, 0.005]}, {'type': 'continuous', 'name': 'rnn_dropout', 'domain': [0, 1]}, {'type': 'continuous', 'name': 'dropout', 'domain': [0, 1]}, {'type': 'continuous', 'name': 'l2', 'domain': [0, 1]}]
SETTINGS FOR THIS RUN
{'attn_type': None, 'rnn_dropout': 0.9733103794046174, 'wordvec_source': 'gigavec', 'l2': 0.2678240142293763, 'lr': 0.004493871001413737, 'tune_wordvecs': True, 'batch_size': 32, 'num_layers': 2, 'dropout': 0.12509030548391042, 'wordvec_dim': 300, 'data': 'MPQA'}
Using CUDA!
here
None
Building RNN Classifier...

[93m    Warning: no model found for 'en'[0m

    Only loading the 'en' tokenizer.

Retrieving Data from file: /home-nfs/siddsach/ml/Interpreting-Attention/interpreting_language/data/mpqa/mpqa_subj_labels.pickle...
Loading Vectors From Memory...
Using these vectors: ['gigavec']
Building Vocab...
[<torchtext.vocab.Vectors object at 0x7f74c9b2f2e8>]
Getting Batches...
Created Iterator with 261 batches
Getting Batches...
Created Iterator with 87 batches
Building model...
Using Vanilla RNN with following args:
{'rnn_dropout': 0.9733103794046174, 'cuda': True, 'train_word_vecs': True, 'hidden_size': 300, 'num_layers': 2, 'vocab_size': 15284, 'vectors': 
 0.0000  0.0000  0.0000  ...   0.0000  0.0000  0.0000
 0.0000  0.0000  0.0000  ...   0.0000  0.0000  0.0000
 0.0000  0.0000  0.0000  ...   0.0000  0.0000  0.0000
          ...             ⋱             ...          
 0.0000  0.0000  0.0000  ...   0.0000  0.0000  0.0000
 0.0000  0.0000  0.0000  ...   0.0000  0.0000  0.0000
 0.0000  0.0000  0.0000  ...   0.0000  0.0000  0.0000
[torch.FloatTensor of size 15284x300]
, 'input_size': 300, 'dropout': 0.12509030548391042, 'num_classes': 2, 'batch_size': 32}
Begin Training...
Completing Train Step at 0th epoch...
At time: 0.6376039981842041 accuracy is 0.5375 and loss is 0.7959870815277099
At time: 0.9124941825866699 accuracy is 0.5203125 and loss is 0.7685409545898437
At time: 1.1788287162780762 accuracy is 0.5140625 and loss is 0.7273780345916748
At time: 1.4750580787658691 accuracy is 0.490625 and loss is 0.7522232055664062
At time: 1.7776927947998047 accuracy is 0.4953125 and loss is 0.7321648120880127
At time: 2.081575632095337 accuracy is 0.48125 and loss is 0.7490296840667725
At time: 2.3914692401885986 accuracy is 0.5125 and loss is 0.7313605785369873
At time: 2.7105183601379395 accuracy is 0.50625 and loss is 0.7316692352294922
At time: 3.0453107357025146 accuracy is 0.546875 and loss is 0.7177335739135742
At time: 3.393887996673584 accuracy is 0.55625 and loss is 0.7392382144927978
At time: 3.7647228240966797 accuracy is 0.5625 and loss is 0.6999547004699707
At time: 4.1821160316467285 accuracy is 0.5765625 and loss is 0.7300529956817627
Evaluating...
Done Evaluating: Achieved accuracy of 0.5672238372093024
Achieved new best!
Completing Train Step at 1th epoch...
At time: 5.42349648475647 accuracy is 0.45 and loss is 0.8449090957641602
At time: 5.6555092334747314 accuracy is 0.55625 and loss is 0.689862585067749
At time: 5.893591403961182 accuracy is 0.484375 and loss is 0.6994451522827149
At time: 6.130990982055664 accuracy is 0.5078125 and loss is 0.7269113540649415
At time: 6.3754706382751465 accuracy is 0.490625 and loss is 0.7118221282958984
At time: 6.628020763397217 accuracy is 0.521875 and loss is 0.6986258029937744
At time: 6.884485721588135 accuracy is 0.5296875 and loss is 0.6931413173675537
At time: 7.149151086807251 accuracy is 0.553125 and loss is 0.6930754661560059
At time: 7.42365574836731 accuracy is 0.5234375 and loss is 0.692981481552124
At time: 7.706705093383789 accuracy is 0.603125 and loss is 0.6809555530548096
At time: 8.003690242767334 accuracy is 0.6484375 and loss is 0.665485954284668
At time: 8.319617748260498 accuracy is 0.6296875 and loss is 0.6725859642028809
Evaluating...
Done Evaluating: Achieved accuracy of 0.5675872093023255
Achieved new best!
Completing Train Step at 2th epoch...
At time: 9.35770058631897 accuracy is 0.528125 and loss is 0.7453476905822753
At time: 9.584264993667603 accuracy is 0.5578125 and loss is 0.6933282375335693
At time: 9.819870948791504 accuracy is 0.58125 and loss is 0.7205914497375489
At time: 10.062241315841675 accuracy is 0.5734375 and loss is 0.6823488712310791
At time: 10.311955213546753 accuracy is 0.5859375 and loss is 0.6659276485443115
At time: 10.569639682769775 accuracy is 0.6609375 and loss is 0.6362277507781983
At time: 10.833314657211304 accuracy is 0.628125 and loss is 0.658273983001709
At time: 11.102911949157715 accuracy is 0.6890625 and loss is 0.6033709526062012
At time: 11.38019323348999 accuracy is 0.671875 and loss is 0.6208703517913818
At time: 11.664931297302246 accuracy is 0.696875 and loss is 0.5904342651367187
At time: 11.962539196014404 accuracy is 0.7375 and loss is 0.5546398639678956
At time: 12.279112815856934 accuracy is 0.7234375 and loss is 0.5847630977630616
Evaluating...
Done Evaluating: Achieved accuracy of 0.7263808139534884
Achieved new best!
Completing Train Step at 3th epoch...
At time: 13.293706178665161 accuracy is 0.65 and loss is 0.7513222694396973
At time: 13.521591186523438 accuracy is 0.7265625 and loss is 0.5336601257324218
At time: 13.75560212135315 accuracy is 0.759375 and loss is 0.5180186748504638
At time: 13.9976806640625 accuracy is 0.6734375 and loss is 0.6586953639984131
At time: 14.244508743286133 accuracy is 0.7328125 and loss is 0.4994917869567871
At time: 14.499265432357788 accuracy is 0.7859375 and loss is 0.4587569713592529
At time: 14.764899969100952 accuracy is 0.7578125 and loss is 0.5276069164276123
At time: 15.033545017242432 accuracy is 0.7640625 and loss is 0.4817314624786377
At time: 15.307238578796387 accuracy is 0.7734375 and loss is 0.4815191745758057
At time: 15.591304063796997 accuracy is 0.8078125 and loss is 0.46478805541992185
At time: 15.885619401931763 accuracy is 0.8015625 and loss is 0.446101713180542
At time: 16.195621013641357 accuracy is 0.7546875 and loss is 0.5295775413513184
Evaluating...
Done Evaluating: Achieved accuracy of 0.71875
Not better for 1
Completing Train Step at 4th epoch...
At time: 17.18369174003601 accuracy is 0.725 and loss is 0.6260726928710938
At time: 17.408024072647095 accuracy is 0.7765625 and loss is 0.4578692436218262
At time: 17.64311695098877 accuracy is 0.7734375 and loss is 0.5278823852539063
At time: 17.88407301902771 accuracy is 0.740625 and loss is 0.5177332401275635
At time: 18.13261127471924 accuracy is 0.7578125 and loss is 0.48381547927856444
At time: 18.388917207717896 accuracy is 0.846875 and loss is 0.42899088859558104
At time: 18.669119358062744 accuracy is 0.790625 and loss is 0.4793997764587402
At time: 18.95299482345581 accuracy is 0.821875 and loss is 0.4322704315185547
At time: 19.236248254776 accuracy is 0.803125 and loss is 0.43990306854248046
At time: 19.522705793380737 accuracy is 0.775 and loss is 0.4912069797515869
At time: 19.820125818252563 accuracy is 0.8265625 and loss is 0.41504583358764646
At time: 20.134186506271362 accuracy is 0.7765625 and loss is 0.4964015960693359
Evaluating...
Done Evaluating: Achieved accuracy of 0.7278343023255814
Achieved new best!
Completing Train Step at 5th epoch...
At time: 21.14771270751953 accuracy is 0.796875 and loss is 0.4921304702758789
At time: 21.38068699836731 accuracy is 0.7796875 and loss is 0.46576414108276365
At time: 21.61780548095703 accuracy is 0.8390625 and loss is 0.40138611793518064
At time: 21.859787940979004 accuracy is 0.778125 and loss is 0.46747746467590334
At time: 22.108272790908813 accuracy is 0.7890625 and loss is 0.4842116355895996
At time: 22.364540815353394 accuracy is 0.8140625 and loss is 0.42162337303161623
At time: 22.6272029876709 accuracy is 0.80625 and loss is 0.4391364574432373
At time: 22.89999270439148 accuracy is 0.828125 and loss is 0.3981260538101196
At time: 23.180894374847412 accuracy is 0.821875 and loss is 0.39628803730010986
At time: 23.469372987747192 accuracy is 0.859375 and loss is 0.33943815231323243
At time: 23.77023959159851 accuracy is 0.871875 and loss is 0.31615822315216063
At time: 24.082238912582397 accuracy is 0.8203125 and loss is 0.4288160800933838
Evaluating...
Done Evaluating: Achieved accuracy of 0.7118459302325582
Not better for 1
Completing Train Step at 6th epoch...
At time: 25.08667516708374 accuracy is 0.7765625 and loss is 0.4786983489990234
At time: 25.315755367279053 accuracy is 0.8203125 and loss is 0.36671671867370603
At time: 25.54852843284607 accuracy is 0.8703125 and loss is 0.3426846981048584
At time: 25.787657737731934 accuracy is 0.8203125 and loss is 0.40154085159301756
At time: 26.035969972610474 accuracy is 0.8328125 and loss is 0.38775067329406737
At time: 26.29240345954895 accuracy is 0.8703125 and loss is 0.35274765491485593
At time: 26.55484390258789 accuracy is 0.8140625 and loss is 0.4305553913116455
At time: 26.82695484161377 accuracy is 0.8421875 and loss is 0.3643070697784424
At time: 27.11239528656006 accuracy is 0.846875 and loss is 0.3709867000579834
At time: 27.40755319595337 accuracy is 0.8828125 and loss is 0.2879394769668579
At time: 27.711316347122192 accuracy is 0.903125 and loss is 0.2868237257003784
At time: 28.02919030189514 accuracy is 0.8703125 and loss is 0.35578031539916993
Evaluating...
Done Evaluating: Achieved accuracy of 0.7438226744186046
Achieved new best!
Completing Train Step at 7th epoch...
At time: 29.040918588638306 accuracy is 0.8625 and loss is 0.3705015182495117
At time: 29.270582914352417 accuracy is 0.846875 and loss is 0.36394453048706055
At time: 29.50776720046997 accuracy is 0.890625 and loss is 0.3223640203475952
At time: 29.752049922943115 accuracy is 0.8421875 and loss is 0.37479724884033205
At time: 30.002737760543823 accuracy is 0.86875 and loss is 0.3185644388198853
At time: 30.259886980056763 accuracy is 0.88125 and loss is 0.3063774347305298
At time: 30.52405548095703 accuracy is 0.840625 and loss is 0.39376049041748046
At time: 30.798258066177368 accuracy is 0.8796875 and loss is 0.30947151184082033
At time: 31.084070444107056 accuracy is 0.871875 and loss is 0.3169649600982666
At time: 31.382290601730347 accuracy is 0.875 and loss is 0.3000632286071777
At time: 31.691553831100464 accuracy is 0.8796875 and loss is 0.2715465068817139
At time: 32.01380133628845 accuracy is 0.8890625 and loss is 0.2939631462097168
Evaluating...
Done Evaluating: Achieved accuracy of 0.7460029069767442
Achieved new best!
Completing Train Step at 8th epoch...
At time: 33.097424030303955 accuracy is 0.84375 and loss is 0.40306639671325684
At time: 33.35649228096008 accuracy is 0.8796875 and loss is 0.31507487297058107
At time: 33.6195592880249 accuracy is 0.909375 and loss is 0.22605524063110352
At time: 33.88437795639038 accuracy is 0.8515625 and loss is 0.39336087703704836
At time: 34.14494299888611 accuracy is 0.8734375 and loss is 0.31498734951019286
At time: 34.40008091926575 accuracy is 0.896875 and loss is 0.2646190881729126
At time: 34.662561893463135 accuracy is 0.871875 and loss is 0.31333754062652586
At time: 34.93134546279907 accuracy is 0.875 and loss is 0.2970088243484497
At time: 35.20841336250305 accuracy is 0.8609375 and loss is 0.33693652153015136
At time: 35.497556924819946 accuracy is 0.890625 and loss is 0.2604836940765381
At time: 35.80001163482666 accuracy is 0.925 and loss is 0.20813477039337158
At time: 36.117027044296265 accuracy is 0.8703125 and loss is 0.31769485473632814
Evaluating...
Done Evaluating: Achieved accuracy of 0.7365552325581395
Not better for 1
Completing Train Step at 9th epoch...
At time: 37.214191198349 accuracy is 0.8796875 and loss is 0.3107562303543091
At time: 37.47342777252197 accuracy is 0.8984375 and loss is 0.28854801654815676
At time: 37.726383209228516 accuracy is 0.8984375 and loss is 0.25120294094085693
At time: 37.972572326660156 accuracy is 0.88125 and loss is 0.2820857048034668
At time: 38.22027277946472 accuracy is 0.875 and loss is 0.276609468460083
At time: 38.47846841812134 accuracy is 0.90625 and loss is 0.26090834140777586
At time: 38.740992307662964 accuracy is 0.865625 and loss is 0.3245365142822266
At time: 39.01072716712952 accuracy is 0.8859375 and loss is 0.28316726684570315
At time: 39.28966760635376 accuracy is 0.8640625 and loss is 0.35304827690124513
At time: 39.57422924041748 accuracy is 0.884375 and loss is 0.3124634504318237
At time: 39.872305154800415 accuracy is 0.8859375 and loss is 0.28571650981903074
At time: 40.19905090332031 accuracy is 0.8734375 and loss is 0.3002143383026123
Evaluating...
Done Evaluating: Achieved accuracy of 0.7212936046511628
Not better for 2
Completing Train Step at 10th epoch...
At time: 41.24822926521301 accuracy is 0.8828125 and loss is 0.3271345138549805
At time: 41.4989857673645 accuracy is 0.8890625 and loss is 0.25245692729949953
At time: 41.75948643684387 accuracy is 0.9140625 and loss is 0.22245571613311768
At time: 42.02203035354614 accuracy is 0.865625 and loss is 0.301317024230957
At time: 42.29767870903015 accuracy is 0.896875 and loss is 0.2613701105117798
At time: 42.58576679229736 accuracy is 0.9125 and loss is 0.2580069065093994
At time: 42.88500761985779 accuracy is 0.8859375 and loss is 0.27190299034118653
At time: 43.17251443862915 accuracy is 0.9015625 and loss is 0.2671458959579468
At time: 43.462531328201294 accuracy is 0.8640625 and loss is 0.30991239547729493
At time: 43.75760078430176 accuracy is 0.85625 and loss is 0.31250336170196535
At time: 44.065589904785156 accuracy is 0.9046875 and loss is 0.22906298637390138
At time: 44.382526874542236 accuracy is 0.89375 and loss is 0.2881040334701538
Evaluating...
Done Evaluating: Achieved accuracy of 0.7111191860465116
Not better for 3
Completing Train Step at 11th epoch...
At time: 45.39666247367859 accuracy is 0.834375 and loss is 0.360355019569397
At time: 45.62552881240845 accuracy is 0.896875 and loss is 0.2464843988418579
At time: 45.8712158203125 accuracy is 0.9203125 and loss is 0.20925648212432862
At time: 46.11945605278015 accuracy is 0.8890625 and loss is 0.32383432388305666
At time: 46.37417435646057 accuracy is 0.8953125 and loss is 0.2549180507659912
At time: 46.6441125869751 accuracy is 0.90625 and loss is 0.24753279685974122
At time: 46.90764403343201 accuracy is 0.9140625 and loss is 0.21661417484283446
At time: 47.17903733253479 accuracy is 0.896875 and loss is 0.2761573791503906
At time: 47.46082425117493 accuracy is 0.896875 and loss is 0.2827572822570801
At time: 47.75090837478638 accuracy is 0.9015625 and loss is 0.2427612543106079
At time: 48.051875829696655 accuracy is 0.915625 and loss is 0.2009519577026367
At time: 48.36626648902893 accuracy is 0.8953125 and loss is 0.2659961938858032
Evaluating...
Done Evaluating: Achieved accuracy of 0.7427325581395349
Not better for 4
Completing Train Step at 12th epoch...
At time: 49.35282850265503 accuracy is 0.8921875 and loss is 0.29893906116485597
At time: 49.57777500152588 accuracy is 0.9078125 and loss is 0.2198939085006714
At time: 49.826943159103394 accuracy is 0.9296875 and loss is 0.17105095386505126
At time: 50.074594259262085 accuracy is 0.8984375 and loss is 0.2753561019897461
At time: 50.32699799537659 accuracy is 0.8671875 and loss is 0.32348482608795165
At time: 50.58476281166077 accuracy is 0.9 and loss is 0.2729031562805176
At time: 50.85085415840149 accuracy is 0.903125 and loss is 0.2420646905899048
At time: 51.12508726119995 accuracy is 0.921875 and loss is 0.2138279438018799
At time: 51.40604496002197 accuracy is 0.9 and loss is 0.2868736505508423
At time: 51.69805407524109 accuracy is 0.909375 and loss is 0.23548405170440673
At time: 52.006821155548096 accuracy is 0.9234375 and loss is 0.18796311616897582
At time: 52.32553029060364 accuracy is 0.9 and loss is 0.26813929080963134
Evaluating...
Done Evaluating: Achieved accuracy of 0.7321947674418605
Not better for 5
Completing Train Step at 13th epoch...
At time: 53.3233163356781 accuracy is 0.9078125 and loss is 0.27448604106903074
At time: 53.54862642288208 accuracy is 0.9296875 and loss is 0.2163567066192627
At time: 53.78212380409241 accuracy is 0.93125 and loss is 0.16229263544082642
At time: 54.02346611022949 accuracy is 0.896875 and loss is 0.2518353223800659
At time: 54.27535676956177 accuracy is 0.8796875 and loss is 0.25535154342651367
At time: 54.53434443473816 accuracy is 0.9015625 and loss is 0.2806721210479736
At time: 54.80355191230774 accuracy is 0.9109375 and loss is 0.21425025463104247
At time: 55.079670429229736 accuracy is 0.9109375 and loss is 0.24556899070739746
At time: 55.36241269111633 accuracy is 0.9 and loss is 0.24600133895874024
At time: 55.65457034111023 accuracy is 0.925 and loss is 0.2097747802734375
At time: 55.95648813247681 accuracy is 0.9234375 and loss is 0.21978063583374025
At time: 56.27454209327698 accuracy is 0.9109375 and loss is 0.21340701580047608
Evaluating...
Done Evaluating: Achieved accuracy of 0.7249273255813954
Not better for 6
Completing Train Step at 14th epoch...
At time: 57.27781343460083 accuracy is 0.9015625 and loss is 0.26110894680023194
At time: 57.50447106361389 accuracy is 0.9234375 and loss is 0.17789955139160157
At time: 57.736830949783325 accuracy is 0.934375 and loss is 0.135848331451416
At time: 57.97656202316284 accuracy is 0.890625 and loss is 0.29269497394561766
At time: 58.22317028045654 accuracy is 0.9046875 and loss is 0.258176851272583
At time: 58.48185586929321 accuracy is 0.93125 and loss is 0.19699206352233886
At time: 58.749815702438354 accuracy is 0.9265625 and loss is 0.18483247756958007
At time: 59.022412061691284 accuracy is 0.9140625 and loss is 0.21154367923736572
At time: 59.303775787353516 accuracy is 0.9140625 and loss is 0.22381420135498048
At time: 59.59527087211609 accuracy is 0.9078125 and loss is 0.21669354438781738
At time: 59.89761972427368 accuracy is 0.925 and loss is 0.2104799270629883
At time: 60.21417260169983 accuracy is 0.9203125 and loss is 0.2369779348373413
Evaluating...
Done Evaluating: Achieved accuracy of 0.7180232558139535
Not better for 7
Completing Train Step at 15th epoch...
At time: 61.21374583244324 accuracy is 0.89375 and loss is 0.2839090824127197
At time: 61.44314908981323 accuracy is 0.928125 and loss is 0.21666314601898193
At time: 61.6778769493103 accuracy is 0.9453125 and loss is 0.13960374593734742
At time: 61.923362016677856 accuracy is 0.925 and loss is 0.2543541431427002
At time: 62.180561542510986 accuracy is 0.9328125 and loss is 0.202622389793396
At time: 62.44309878349304 accuracy is 0.925 and loss is 0.21136085987091063
At time: 62.71079134941101 accuracy is 0.91875 and loss is 0.19777355194091797
At time: 62.98193120956421 accuracy is 0.9203125 and loss is 0.20055053234100342
At time: 63.26348876953125 accuracy is 0.896875 and loss is 0.2633179187774658
At time: 63.5517361164093 accuracy is 0.909375 and loss is 0.22064743041992188
At time: 63.84903812408447 accuracy is 0.903125 and loss is 0.23500850200653076
At time: 64.16069746017456 accuracy is 0.9140625 and loss is 0.21287086009979247
Evaluating...
Done Evaluating: Achieved accuracy of 0.7162063953488372
Not better for 8
Completing Train Step at 16th epoch...
At time: 65.14234709739685 accuracy is 0.884375 and loss is 0.297979474067688
At time: 65.36667275428772 accuracy is 0.91875 and loss is 0.20549962520599366
At time: 65.60296678543091 accuracy is 0.9296875 and loss is 0.18279560804367065
At time: 65.8436324596405 accuracy is 0.909375 and loss is 0.21340670585632324
At time: 66.09168481826782 accuracy is 0.9 and loss is 0.28356180191040037
At time: 66.34997534751892 accuracy is 0.91875 and loss is 0.23352904319763185
At time: 66.61723971366882 accuracy is 0.909375 and loss is 0.22776858806610106
At time: 66.88802480697632 accuracy is 0.903125 and loss is 0.21310300827026368
At time: 67.16727566719055 accuracy is 0.915625 and loss is 0.20047178268432617
At time: 67.45602679252625 accuracy is 0.9375 and loss is 0.1743345856666565
At time: 67.78169298171997 accuracy is 0.9265625 and loss is 0.17804938554763794
At time: 68.09759259223938 accuracy is 0.9375 and loss is 0.19140024185180665
Evaluating...
Done Evaluating: Achieved accuracy of 0.7307412790697675
Not better for 9
Completing Train Step at 17th epoch...
At time: 69.08734250068665 accuracy is 0.890625 and loss is 0.2613961219787598
At time: 69.3169777393341 accuracy is 0.921875 and loss is 0.17680940628051758
At time: 69.54794025421143 accuracy is 0.93125 and loss is 0.1688315153121948
At time: 69.78683423995972 accuracy is 0.9171875 and loss is 0.22734146118164061
At time: 70.03196454048157 accuracy is 0.9234375 and loss is 0.1979392170906067
At time: 70.28526449203491 accuracy is 0.928125 and loss is 0.20580010414123534
At time: 70.54585814476013 accuracy is 0.934375 and loss is 0.19897701740264892
At time: 70.81540060043335 accuracy is 0.934375 and loss is 0.1951122283935547
At time: 71.09258985519409 accuracy is 0.91875 and loss is 0.22170286178588866
At time: 71.37695240974426 accuracy is 0.9484375 and loss is 0.1379179835319519
At time: 71.67962861061096 accuracy is 0.9375 and loss is 0.18649929761886597
At time: 71.9927248954773 accuracy is 0.915625 and loss is 0.27635960578918456
Evaluating...
Done Evaluating: Achieved accuracy of 0.7271075581395349
Not better for 10
Model not improving. Stopping earlyat 0.7460029069767442 epochs.
Done Training. Achieved Best Accuracy of 0.7460029069767442
Improved accuracyfrom -10000000 to 0.7460029069767442
classifier
SETTINGS FOR THIS RUN
{'attn_type': None, 'rnn_dropout': 0.008337939622758528, 'wordvec_source': 'gigavec', 'l2': 0.8423452160463143, 'lr': 0.0005369625685427254, 'tune_wordvecs': True, 'batch_size': 32, 'num_layers': 2, 'dropout': 0.8757294151013624, 'wordvec_dim': 300, 'data': 'MPQA'}
Using CUDA!
here
None
Building RNN Classifier...

[93m    Warning: no model found for 'en'[0m

    Only loading the 'en' tokenizer.

Retrieving Data from file: /home-nfs/siddsach/ml/Interpreting-Attention/interpreting_language/data/mpqa/mpqa_subj_labels.pickle...
Loading Vectors From Memory...
Using these vectors: ['gigavec']
Building Vocab...
[<torchtext.vocab.Vectors object at 0x7f74c223ad68>]
Getting Batches...
Created Iterator with 261 batches
Getting Batches...
Created Iterator with 87 batches
Building model...
Using Vanilla RNN with following args:
{'rnn_dropout': 0.008337939622758528, 'cuda': True, 'train_word_vecs': True, 'hidden_size': 300, 'num_layers': 2, 'vocab_size': 15284, 'vectors': 
 0.0000  0.0000  0.0000  ...   0.0000  0.0000  0.0000
 0.0000  0.0000  0.0000  ...   0.0000  0.0000  0.0000
 0.0000  0.0000  0.0000  ...   0.0000  0.0000  0.0000
          ...             ⋱             ...          
 0.0000  0.0000  0.0000  ...   0.0000  0.0000  0.0000
 0.0000  0.0000  0.0000  ...   0.0000  0.0000  0.0000
 0.0000  0.0000  0.0000  ...   0.0000  0.0000  0.0000
[torch.FloatTensor of size 15284x300]
, 'input_size': 300, 'dropout': 0.8757294151013624, 'num_classes': 2, 'batch_size': 32}
Begin Training...
Completing Train Step at 0th epoch...
At time: 0.27405357360839844 accuracy is 0.5296875 and loss is 0.7326275825500488
At time: 0.5308787822723389 accuracy is 0.55 and loss is 0.6884531497955322
At time: 0.7965474128723145 accuracy is 0.6296875 and loss is 0.6465933799743653
At time: 1.074497938156128 accuracy is 0.5703125 and loss is 0.7434650421142578
At time: 1.362192153930664 accuracy is 0.6171875 and loss is 0.651669979095459
At time: 1.6600873470306396 accuracy is 0.6796875 and loss is 0.6234740257263184
At time: 1.9695954322814941 accuracy is 0.6625 and loss is 0.6572432518005371
At time: 2.2868874073028564 accuracy is 0.6328125 and loss is 0.6624418735504151
At time: 2.6167705059051514 accuracy is 0.63125 and loss is 0.6444656848907471
At time: 2.9602057933807373 accuracy is 0.703125 and loss is 0.5976047992706299
At time: 3.3209099769592285 accuracy is 0.7203125 and loss is 0.6129916191101075
At time: 3.705796718597412 accuracy is 0.6453125 and loss is 0.6536201477050781
Evaluating...
Done Evaluating: Achieved accuracy of 0.7398255813953488
Achieved new best!
Completing Train Step at 1th epoch...
At time: 4.797762632369995 accuracy is 0.6421875 and loss is 0.6874350070953369
At time: 5.0399956703186035 accuracy is 0.7140625 and loss is 0.5593277454376221
At time: 5.277390718460083 accuracy is 0.7640625 and loss is 0.5046342372894287
At time: 5.521243333816528 accuracy is 0.740625 and loss is 0.5395560741424561
At time: 5.77246880531311 accuracy is 0.7765625 and loss is 0.4886329650878906
At time: 6.030014753341675 accuracy is 0.7859375 and loss is 0.47765483856201174
At time: 6.294390439987183 accuracy is 0.7359375 and loss is 0.5678903579711914
At time: 6.568537712097168 accuracy is 0.80625 and loss is 0.47838568687438965
At time: 6.8513994216918945 accuracy is 0.7796875 and loss is 0.5128203868865967
At time: 7.143298387527466 accuracy is 0.7984375 and loss is 0.46807384490966797
At time: 7.446480989456177 accuracy is 0.7875 and loss is 0.5079750537872314
At time: 7.76356840133667 accuracy is 0.775 and loss is 0.4824061393737793
Evaluating...
Done Evaluating: Achieved accuracy of 0.7896075581395349
Achieved new best!
Completing Train Step at 2th epoch...
At time: 8.794983863830566 accuracy is 0.81875 and loss is 0.46385793685913085
At time: 9.030737161636353 accuracy is 0.8625 and loss is 0.35904483795166015
At time: 9.271791934967041 accuracy is 0.875 and loss is 0.3009962558746338
At time: 9.514506101608276 accuracy is 0.8578125 and loss is 0.36666853427886964
At time: 9.764224290847778 accuracy is 0.8390625 and loss is 0.3947033166885376
At time: 10.020062923431396 accuracy is 0.8828125 and loss is 0.32460551261901854
At time: 10.284160614013672 accuracy is 0.8125 and loss is 0.4334554195404053
At time: 10.556503534317017 accuracy is 0.88125 and loss is 0.3471724033355713
At time: 10.838622808456421 accuracy is 0.8765625 and loss is 0.33415684700012205
At time: 11.128947734832764 accuracy is 0.8890625 and loss is 0.3168391227722168
At time: 11.430177211761475 accuracy is 0.8421875 and loss is 0.37970833778381347
At time: 11.742475986480713 accuracy is 0.8390625 and loss is 0.3805978298187256
Evaluating...
Done Evaluating: Achieved accuracy of 0.7845203488372093
Not better for 1
Completing Train Step at 3th epoch...
At time: 12.743579864501953 accuracy is 0.871875 and loss is 0.34739553928375244
At time: 12.977352857589722 accuracy is 0.91875 and loss is 0.1988409638404846
At time: 13.215761423110962 accuracy is 0.940625 and loss is 0.18923224210739137
At time: 13.460856676101685 accuracy is 0.9109375 and loss is 0.26225805282592773
At time: 13.709767580032349 accuracy is 0.8953125 and loss is 0.2749363899230957
At time: 13.966271162033081 accuracy is 0.9125 and loss is 0.23822944164276122
At time: 14.229154109954834 accuracy is 0.871875 and loss is 0.3137019634246826
At time: 14.500568866729736 accuracy is 0.88125 and loss is 0.28039913177490233
At time: 14.780050992965698 accuracy is 0.9296875 and loss is 0.22480955123901367
At time: 15.068268060684204 accuracy is 0.9203125 and loss is 0.2474799633026123
At time: 15.369033575057983 accuracy is 0.9 and loss is 0.22996270656585693
At time: 15.68650770187378 accuracy is 0.8578125 and loss is 0.38041565418243406
Evaluating...
Done Evaluating: Achieved accuracy of 0.7609011627906976
Not better for 2
Completing Train Step at 4th epoch...
At time: 16.689554452896118 accuracy is 0.9125 and loss is 0.2355175256729126
At time: 16.921051025390625 accuracy is 0.9640625 and loss is 0.09799844026565552
At time: 17.16025733947754 accuracy is 0.90625 and loss is 0.20519931316375734
At time: 17.40588879585266 accuracy is 0.9171875 and loss is 0.2178192377090454
At time: 17.657405376434326 accuracy is 0.94375 and loss is 0.16964038610458373
At time: 17.91735076904297 accuracy is 0.909375 and loss is 0.21364240646362304
At time: 18.183335065841675 accuracy is 0.9125 and loss is 0.21397366523742675
At time: 18.45725965499878 accuracy is 0.9296875 and loss is 0.19906097650527954
At time: 18.73870301246643 accuracy is 0.9421875 and loss is 0.17042142152786255
At time: 19.023072004318237 accuracy is 0.9359375 and loss is 0.17294127941131593
At time: 19.32109570503235 accuracy is 0.959375 and loss is 0.13174304962158204
At time: 19.6336829662323 accuracy is 0.9375 and loss is 0.18461230993270875
Evaluating...
Done Evaluating: Achieved accuracy of 0.7307412790697675
Not better for 3
Completing Train Step at 5th epoch...
At time: 20.632538080215454 accuracy is 0.91875 and loss is 0.19714751243591308
At time: 20.859919786453247 accuracy is 0.959375 and loss is 0.11414656639099122
At time: 21.098321199417114 accuracy is 0.934375 and loss is 0.2996755838394165
At time: 21.342115879058838 accuracy is 0.9375 and loss is 0.1859151005744934
At time: 21.591549158096313 accuracy is 0.9109375 and loss is 0.24302029609680176
At time: 21.84817934036255 accuracy is 0.940625 and loss is 0.22976288795471192
At time: 22.109551668167114 accuracy is 0.9421875 and loss is 0.1631077766418457
At time: 22.380223512649536 accuracy is 0.9484375 and loss is 0.16219940185546874
At time: 22.658121347427368 accuracy is 0.9640625 and loss is 0.11365987062454223
At time: 22.94479751586914 accuracy is 0.971875 and loss is 0.09770230054855347
At time: 23.24373173713684 accuracy is 0.9828125 and loss is 0.06434398889541626
At time: 23.557470321655273 accuracy is 0.946875 and loss is 0.18940110206604005
Evaluating...
Done Evaluating: Achieved accuracy of 0.7598110465116279
Not better for 4
Completing Train Step at 6th epoch...
At time: 24.57248306274414 accuracy is 0.9296875 and loss is 0.17689601182937623
At time: 24.807070016860962 accuracy is 0.959375 and loss is 0.11311641931533814
At time: 25.046703577041626 accuracy is 0.9328125 and loss is 0.18974326848983764
At time: 25.290541410446167 accuracy is 0.9484375 and loss is 0.15597858428955078
At time: 25.542595386505127 accuracy is 0.9578125 and loss is 0.12204138040542603
At time: 25.80198049545288 accuracy is 0.9484375 and loss is 0.15659698247909545
At time: 26.06870698928833 accuracy is 0.9578125 and loss is 0.13567688465118408
At time: 26.339001893997192 accuracy is 0.9640625 and loss is 0.10464653968811036
At time: 26.61911153793335 accuracy is 0.94375 and loss is 0.1403756856918335
At time: 26.90818738937378 accuracy is 0.9453125 and loss is 0.16448514461517333
At time: 27.207948446273804 accuracy is 0.9640625 and loss is 0.0901908278465271
At time: 27.523595094680786 accuracy is 0.95 and loss is 0.10372494459152222
Evaluating...
Done Evaluating: Achieved accuracy of 0.7645348837209303
Not better for 5
Completing Train Step at 7th epoch...
At time: 28.554717302322388 accuracy is 0.9609375 and loss is 0.13024747371673584
At time: 28.788705110549927 accuracy is 0.978125 and loss is 0.05973941087722778
At time: 29.027066469192505 accuracy is 0.9765625 and loss is 0.07215585112571717
At time: 29.268186807632446 accuracy is 0.96875 and loss is 0.09406242966651916
At time: 29.517021656036377 accuracy is 0.9703125 and loss is 0.12175619602203369
At time: 29.77228331565857 accuracy is 0.9453125 and loss is 0.12546533346176147
At time: 30.0337073802948 accuracy is 0.978125 and loss is 0.07675275206565857
At time: 30.30291438102722 accuracy is 0.9453125 and loss is 0.19155863523483277
At time: 30.5838565826416 accuracy is 0.978125 and loss is 0.08661489486694336
At time: 30.871746301651 accuracy is 0.9328125 and loss is 0.18401142358779907
At time: 31.16732931137085 accuracy is 0.984375 and loss is 0.06849918365478516
At time: 31.48455023765564 accuracy is 0.9671875 and loss is 0.1020382285118103
Evaluating...
Done Evaluating: Achieved accuracy of 0.7365552325581395
Not better for 6
Completing Train Step at 8th epoch...
At time: 32.56653881072998 accuracy is 0.953125 and loss is 0.14317476749420166
At time: 32.81230902671814 accuracy is 0.98125 and loss is 0.04527087807655335
At time: 33.06090307235718 accuracy is 0.9671875 and loss is 0.1237918496131897
At time: 33.3136510848999 accuracy is 0.96875 and loss is 0.0760494589805603
At time: 33.569615602493286 accuracy is 0.971875 and loss is 0.06423696279525756
At time: 33.830522775650024 accuracy is 0.9515625 and loss is 0.1509210228919983
At time: 34.09897446632385 accuracy is 0.984375 and loss is 0.039269426465034486
At time: 34.376919984817505 accuracy is 0.9578125 and loss is 0.11966086626052856
At time: 34.66048860549927 accuracy is 0.9765625 and loss is 0.0702245593070984
At time: 34.954745292663574 accuracy is 0.9609375 and loss is 0.10272603034973145
At time: 35.25662446022034 accuracy is 0.984375 and loss is 0.04152086079120636
At time: 35.57586336135864 accuracy is 0.9578125 and loss is 0.08188353180885315
Evaluating...
Done Evaluating: Achieved accuracy of 0.7401889534883721
Not better for 7
Completing Train Step at 9th epoch...
At time: 36.61354207992554 accuracy is 0.96875 and loss is 0.10606038570404053
At time: 36.84941053390503 accuracy is 0.9734375 and loss is 0.06511712670326233
At time: 37.09133219718933 accuracy is 0.9765625 and loss is 0.08865014910697937
At time: 37.33827590942383 accuracy is 0.9640625 and loss is 0.11821582317352294
At time: 37.58949899673462 accuracy is 0.98125 and loss is 0.04635112285614014
At time: 37.84889030456543 accuracy is 0.9421875 and loss is 0.12905200719833373
At time: 38.115055084228516 accuracy is 0.9640625 and loss is 0.07494534254074096
At time: 38.38442397117615 accuracy is 0.9640625 and loss is 0.1310519576072693
At time: 38.66795802116394 accuracy is 0.9875 and loss is 0.07311630845069886
At time: 38.95682954788208 accuracy is 0.990625 and loss is 0.03840339183807373
At time: 39.259812116622925 accuracy is 0.9796875 and loss is 0.049694588780403136
At time: 39.57422637939453 accuracy is 0.9875 and loss is 0.03229467570781708
Evaluating...
Done Evaluating: Achieved accuracy of 0.7423691860465116
Not better for 8
Completing Train Step at 10th epoch...
At time: 40.579824686050415 accuracy is 0.971875 and loss is 0.07254815697669983
At time: 40.806835651397705 accuracy is 0.978125 and loss is 0.0532876193523407
At time: 41.045509576797485 accuracy is 0.9765625 and loss is 0.07153422832489013
At time: 41.28994822502136 accuracy is 0.965625 and loss is 0.12455983161926269
At time: 41.54231929779053 accuracy is 0.9859375 and loss is 0.0416573166847229
At time: 41.79933953285217 accuracy is 0.9796875 and loss is 0.049522265791893005
At time: 42.06402850151062 accuracy is 0.975 and loss is 0.08379567861557007
At time: 42.33456349372864 accuracy is 0.975 and loss is 0.06378085017204285
At time: 42.61505579948425 accuracy is 0.9828125 and loss is 0.06117088198661804
At time: 42.906230449676514 accuracy is 0.9921875 and loss is 0.054564887285232545
At time: 43.20990014076233 accuracy is 0.9921875 and loss is 0.04350611269474029
At time: 43.52509665489197 accuracy is 0.9828125 and loss is 0.06113899350166321
Evaluating...
Done Evaluating: Achieved accuracy of 0.7354651162790697
Not better for 9
Completing Train Step at 11th epoch...
At time: 44.524630546569824 accuracy is 0.98125 and loss is 0.08251242637634278
At time: 44.74837684631348 accuracy is 0.9859375 and loss is 0.032389411330223085
At time: 44.98106408119202 accuracy is 0.9875 and loss is 0.041913542151451114
At time: 45.23809504508972 accuracy is 0.9875 and loss is 0.03089747726917267
At time: 45.49843668937683 accuracy is 0.9953125 and loss is 0.015514418482780457
At time: 45.76280212402344 accuracy is 0.98125 and loss is 0.09534077644348145
At time: 46.0285382270813 accuracy is 0.984375 and loss is 0.05014882683753967
At time: 46.30335593223572 accuracy is 0.9828125 and loss is 0.045044758915901185
At time: 46.58633875846863 accuracy is 0.984375 and loss is 0.03994522988796234
At time: 46.876333713531494 accuracy is 0.9921875 and loss is 0.034134584665298465
At time: 47.17818641662598 accuracy is 0.9828125 and loss is 0.04361501336097717
At time: 47.49342727661133 accuracy is 0.9828125 and loss is 0.035141578316688536
Evaluating...
Done Evaluating: Achieved accuracy of 0.7114825581395349
Not better for 10
Model not improving. Stopping earlyat 0.7896075581395349 epochs.
Done Training. Achieved Best Accuracy of 0.7896075581395349
Improved accuracyfrom 0.7460029069767442 to 0.7896075581395349
classifier
SETTINGS FOR THIS RUN
{'attn_type': None, 'rnn_dropout': 0.17956702085226028, 'wordvec_source': 'gigavec', 'l2': 0.547841748390998, 'lr': 0.00259360534338986, 'tune_wordvecs': True, 'batch_size': 32, 'num_layers': 2, 'dropout': 0.46791570740744615, 'wordvec_dim': 300, 'data': 'MPQA'}
Using CUDA!
here
None
Building RNN Classifier...

[93m    Warning: no model found for 'en'[0m

    Only loading the 'en' tokenizer.

Retrieving Data from file: /home-nfs/siddsach/ml/Interpreting-Attention/interpreting_language/data/mpqa/mpqa_subj_labels.pickle...
Loading Vectors From Memory...
Using these vectors: ['gigavec']
Building Vocab...
[<torchtext.vocab.Vectors object at 0x7f74c1fd7cf8>]
Getting Batches...
Created Iterator with 261 batches
Getting Batches...
Created Iterator with 87 batches
Building model...
Using Vanilla RNN with following args:
{'rnn_dropout': 0.17956702085226028, 'cuda': True, 'train_word_vecs': True, 'hidden_size': 300, 'num_layers': 2, 'vocab_size': 15284, 'vectors': 
 0.0000  0.0000  0.0000  ...   0.0000  0.0000  0.0000
 0.0000  0.0000  0.0000  ...   0.0000  0.0000  0.0000
 0.0000  0.0000  0.0000  ...   0.0000  0.0000  0.0000
          ...             ⋱             ...          
 0.0000  0.0000  0.0000  ...   0.0000  0.0000  0.0000
 0.0000  0.0000  0.0000  ...   0.0000  0.0000  0.0000
 0.0000  0.0000  0.0000  ...   0.0000  0.0000  0.0000
[torch.FloatTensor of size 15284x300]
, 'input_size': 300, 'dropout': 0.46791570740744615, 'num_classes': 2, 'batch_size': 32}
Begin Training...
Completing Train Step at 0th epoch...
At time: 0.3049643039703369 accuracy is 0.5359375 and loss is 0.7438522815704346
At time: 0.584068775177002 accuracy is 0.534375 and loss is 0.721015453338623
At time: 0.8627235889434814 accuracy is 0.59375 and loss is 0.6597766876220703
At time: 1.1463165283203125 accuracy is 0.5609375 and loss is 0.6863774299621582
At time: 1.4420719146728516 accuracy is 0.6671875 and loss is 0.7052151679992675
At time: 1.7469019889831543 accuracy is 0.6734375 and loss is 0.6223690032958984
At time: 2.0649144649505615 accuracy is 0.6796875 and loss is 0.6535677909851074
At time: 2.3854565620422363 accuracy is 0.69375 and loss is 0.6146245956420898
At time: 2.7186949253082275 accuracy is 0.7171875 and loss is 0.6139580726623535
At time: 3.065955400466919 accuracy is 0.7421875 and loss is 0.5687723159790039
At time: 3.433985948562622 accuracy is 0.784375 and loss is 0.5264848232269287
At time: 3.8208463191986084 accuracy is 0.7640625 and loss is 0.5441432476043702
Evaluating...
Done Evaluating: Achieved accuracy of 0.7231104651162791
Achieved new best!
Completing Train Step at 1th epoch...
At time: 4.888719797134399 accuracy is 0.621875 and loss is 0.7942529201507569
At time: 5.1117565631866455 accuracy is 0.65 and loss is 0.5814757347106934
At time: 5.342755556106567 accuracy is 0.7875 and loss is 0.44264702796936034
At time: 5.580175876617432 accuracy is 0.8140625 and loss is 0.4320398807525635
At time: 5.823985815048218 accuracy is 0.7828125 and loss is 0.4634798526763916
At time: 6.07620096206665 accuracy is 0.8296875 and loss is 0.4192671775817871
At time: 6.336064100265503 accuracy is 0.7875 and loss is 0.5010231971740723
At time: 6.602935791015625 accuracy is 0.7578125 and loss is 0.45833611488342285
At time: 6.877693176269531 accuracy is 0.8390625 and loss is 0.3838393449783325
At time: 7.160900115966797 accuracy is 0.8640625 and loss is 0.3967427253723145
At time: 7.4535627365112305 accuracy is 0.8453125 and loss is 0.37217016220092775
At time: 7.763522148132324 accuracy is 0.8484375 and loss is 0.4012025833129883
Evaluating...
Done Evaluating: Achieved accuracy of 0.7463662790697675
Achieved new best!
Completing Train Step at 2th epoch...
At time: 8.762452840805054 accuracy is 0.775 and loss is 0.5173685550689697
At time: 8.997275590896606 accuracy is 0.84375 and loss is 0.36430697441101073
At time: 9.23296070098877 accuracy is 0.9125 and loss is 0.24126920700073243
At time: 9.471750974655151 accuracy is 0.928125 and loss is 0.21921942234039307
At time: 9.718602180480957 accuracy is 0.9078125 and loss is 0.25369815826416015
At time: 9.973139524459839 accuracy is 0.865625 and loss is 0.35836472511291506
At time: 10.243943691253662 accuracy is 0.8234375 and loss is 0.3933149576187134
At time: 10.515610694885254 accuracy is 0.8515625 and loss is 0.35366413593292234
At time: 10.794059038162231 accuracy is 0.8984375 and loss is 0.27114841938018797
At time: 11.080846786499023 accuracy is 0.8890625 and loss is 0.2723646402359009
At time: 11.380373239517212 accuracy is 0.91875 and loss is 0.23305530548095704
At time: 11.692232608795166 accuracy is 0.9 and loss is 0.2955761909484863
Evaluating...
Done Evaluating: Achieved accuracy of 0.7281976744186046
Not better for 1
Completing Train Step at 3th epoch...
At time: 12.695837497711182 accuracy is 0.8421875 and loss is 0.5027448654174804
At time: 12.922182083129883 accuracy is 0.9078125 and loss is 0.24487061500549318
At time: 13.154785871505737 accuracy is 0.928125 and loss is 0.2129817247390747
At time: 13.418339490890503 accuracy is 0.8984375 and loss is 0.2591062545776367
At time: 13.681849956512451 accuracy is 0.9390625 and loss is 0.18077256679534912
At time: 13.947770833969116 accuracy is 0.9140625 and loss is 0.2744689226150513
At time: 14.215112447738647 accuracy is 0.8828125 and loss is 0.31507842540740966
At time: 14.491982460021973 accuracy is 0.9015625 and loss is 0.26587576866149903
At time: 14.772363185882568 accuracy is 0.93125 and loss is 0.1843887209892273
At time: 15.064724683761597 accuracy is 0.91875 and loss is 0.22434544563293457
At time: 15.36567234992981 accuracy is 0.940625 and loss is 0.19104461669921874
At time: 15.680853128433228 accuracy is 0.9203125 and loss is 0.256690239906311
Evaluating...
Done Evaluating: Achieved accuracy of 0.7539970930232558
Achieved new best!
Completing Train Step at 4th epoch...
At time: 16.69097876548767 accuracy is 0.884375 and loss is 0.3341280698776245
At time: 16.927460193634033 accuracy is 0.921875 and loss is 0.23476996421813964
At time: 17.16683554649353 accuracy is 0.953125 and loss is 0.1368290066719055
At time: 17.413596391677856 accuracy is 0.934375 and loss is 0.21562070846557618
At time: 17.665194988250732 accuracy is 0.9421875 and loss is 0.15118060111999512
At time: 17.923529148101807 accuracy is 0.8859375 and loss is 0.24397764205932618
At time: 18.189913511276245 accuracy is 0.9015625 and loss is 0.2722994089126587
At time: 18.463743686676025 accuracy is 0.921875 and loss is 0.1888060212135315
At time: 18.742545127868652 accuracy is 0.94375 and loss is 0.1644481301307678
At time: 19.030314683914185 accuracy is 0.934375 and loss is 0.1715921401977539
At time: 19.33200240135193 accuracy is 0.953125 and loss is 0.13973578214645385
At time: 19.64828872680664 accuracy is 0.925 and loss is 0.19897940158843994
Evaluating...
Done Evaluating: Achieved accuracy of 0.7191133720930233
Not better for 1
Completing Train Step at 5th epoch...
At time: 20.723116397857666 accuracy is 0.8828125 and loss is 0.3043412923812866
At time: 20.95344614982605 accuracy is 0.9390625 and loss is 0.163287889957428
At time: 21.19314980506897 accuracy is 0.9484375 and loss is 0.13301076889038085
At time: 21.440807342529297 accuracy is 0.953125 and loss is 0.14041707515716553
At time: 21.694190502166748 accuracy is 0.9390625 and loss is 0.15050219297409057
At time: 21.954577922821045 accuracy is 0.946875 and loss is 0.14944299459457397
At time: 22.22322654724121 accuracy is 0.9359375 and loss is 0.18726338148117067
At time: 22.4989972114563 accuracy is 0.9453125 and loss is 0.14481511116027831
At time: 22.782334089279175 accuracy is 0.95625 and loss is 0.1464700698852539
At time: 23.071630239486694 accuracy is 0.9421875 and loss is 0.15914077758789064
At time: 23.372044324874878 accuracy is 0.953125 and loss is 0.13565053939819335
At time: 23.68733239173889 accuracy is 0.9234375 and loss is 0.18203129768371581
Evaluating...
Done Evaluating: Achieved accuracy of 0.7263808139534884
Not better for 2
Completing Train Step at 6th epoch...
At time: 24.681954383850098 accuracy is 0.8671875 and loss is 0.27381200790405275
At time: 24.910954475402832 accuracy is 0.9265625 and loss is 0.2042098045349121
At time: 25.158685207366943 accuracy is 0.9546875 and loss is 0.1326320767402649
At time: 25.404604196548462 accuracy is 0.940625 and loss is 0.16514124870300292
At time: 25.65874481201172 accuracy is 0.946875 and loss is 0.14534850120544435
At time: 25.918813943862915 accuracy is 0.915625 and loss is 0.21049418449401855
At time: 26.186301946640015 accuracy is 0.9359375 and loss is 0.14581611156463622
At time: 26.461505651474 accuracy is 0.9484375 and loss is 0.13625940084457397
At time: 26.74581551551819 accuracy is 0.9375 and loss is 0.15468846559524535
At time: 27.037806034088135 accuracy is 0.953125 and loss is 0.13963041305541993
At time: 27.338815689086914 accuracy is 0.9546875 and loss is 0.1394236207008362
At time: 27.654866218566895 accuracy is 0.9265625 and loss is 0.14763511419296266
Evaluating...
Done Evaluating: Achieved accuracy of 0.704578488372093
Not better for 3
Completing Train Step at 7th epoch...
At time: 28.67588973045349 accuracy is 0.8984375 and loss is 0.23932888507843017
At time: 28.9109845161438 accuracy is 0.925 and loss is 0.17787889242172242
At time: 29.151151657104492 accuracy is 0.9359375 and loss is 0.15012681484222412
At time: 29.395224571228027 accuracy is 0.9578125 and loss is 0.11334130764007569
At time: 29.646981716156006 accuracy is 0.9421875 and loss is 0.14745374917984008
At time: 29.905891180038452 accuracy is 0.9375 and loss is 0.1796875238418579
At time: 30.172125101089478 accuracy is 0.9375 and loss is 0.15939818620681762
At time: 30.461045742034912 accuracy is 0.95625 and loss is 0.12827011346817016
At time: 30.75360107421875 accuracy is 0.95625 and loss is 0.12877787351608277
At time: 31.042813777923584 accuracy is 0.95 and loss is 0.13083629608154296
At time: 31.34632968902588 accuracy is 0.9578125 and loss is 0.1144179344177246
At time: 31.665292263031006 accuracy is 0.953125 and loss is 0.146786105632782
Evaluating...
Done Evaluating: Achieved accuracy of 0.7336482558139535
Not better for 4
Completing Train Step at 8th epoch...
At time: 32.68138647079468 accuracy is 0.921875 and loss is 0.22811694145202638
At time: 32.91653299331665 accuracy is 0.940625 and loss is 0.14440057277679444
At time: 33.15711188316345 accuracy is 0.9546875 and loss is 0.11864224672317505
At time: 33.42487454414368 accuracy is 0.971875 and loss is 0.08427366018295288
At time: 33.69174337387085 accuracy is 0.975 and loss is 0.07136733531951904
At time: 33.97144389152527 accuracy is 0.9578125 and loss is 0.16742961406707763
At time: 34.25051784515381 accuracy is 0.9546875 and loss is 0.10830491781234741
At time: 34.52405881881714 accuracy is 0.953125 and loss is 0.12062137126922608
At time: 34.80708312988281 accuracy is 0.959375 and loss is 0.1282392144203186
At time: 35.09725260734558 accuracy is 0.9515625 and loss is 0.11381705999374389
At time: 35.39876437187195 accuracy is 0.9765625 and loss is 0.08998863101005554
At time: 35.71488881111145 accuracy is 0.9421875 and loss is 0.19175115823745728
Evaluating...
Done Evaluating: Achieved accuracy of 0.7281976744186046
Not better for 5
Completing Train Step at 9th epoch...
At time: 36.738219022750854 accuracy is 0.9203125 and loss is 0.22234578132629396
At time: 36.97375178337097 accuracy is 0.9484375 and loss is 0.11716806888580322
At time: 37.21370792388916 accuracy is 0.95 and loss is 0.13165817260742188
At time: 37.45950365066528 accuracy is 0.959375 and loss is 0.14280306100845336
At time: 37.7113561630249 accuracy is 0.9484375 and loss is 0.12697243690490723
At time: 37.97063374519348 accuracy is 0.946875 and loss is 0.14900466203689575
At time: 38.23699712753296 accuracy is 0.9796875 and loss is 0.0724383533000946
At time: 38.51172685623169 accuracy is 0.9578125 and loss is 0.12524343729019166
At time: 38.802828788757324 accuracy is 0.9578125 and loss is 0.12329446077346802
At time: 39.09616231918335 accuracy is 0.959375 and loss is 0.11981744766235351
At time: 39.40094542503357 accuracy is 0.9703125 and loss is 0.08236105442047119
At time: 39.72078800201416 accuracy is 0.9546875 and loss is 0.11446830034255981
Evaluating...
Done Evaluating: Achieved accuracy of 0.7311046511627907
Not better for 6
Completing Train Step at 10th epoch...
At time: 40.763507604599 accuracy is 0.9109375 and loss is 0.2211287260055542
At time: 41.0066237449646 accuracy is 0.9609375 and loss is 0.10141941308975219
At time: 41.25378131866455 accuracy is 0.965625 and loss is 0.10756223201751709
At time: 41.50281047821045 accuracy is 0.9640625 and loss is 0.09576170444488526
At time: 41.75882577896118 accuracy is 0.9734375 and loss is 0.06798326969146729
At time: 42.020848751068115 accuracy is 0.96875 and loss is 0.10875005722045898
At time: 42.29119515419006 accuracy is 0.9765625 and loss is 0.07210682034492492
At time: 42.56902766227722 accuracy is 0.9625 and loss is 0.09247868657112121
At time: 42.85350060462952 accuracy is 0.9671875 and loss is 0.08694056272506714
At time: 43.1431725025177 accuracy is 0.9703125 and loss is 0.08865270614624024
At time: 43.4424033164978 accuracy is 0.9671875 and loss is 0.08871757984161377
At time: 43.755796909332275 accuracy is 0.95625 and loss is 0.1370287299156189
Evaluating...
Done Evaluating: Achieved accuracy of 0.734375
Not better for 7
Completing Train Step at 11th epoch...
At time: 44.76603078842163 accuracy is 0.8953125 and loss is 0.24978139400482177
At time: 45.021018266677856 accuracy is 0.965625 and loss is 0.09831946492195129
At time: 45.2728967666626 accuracy is 0.9625 and loss is 0.10141172409057617
At time: 45.52049112319946 accuracy is 0.9578125 and loss is 0.11070663928985595
At time: 45.77260661125183 accuracy is 0.96875 and loss is 0.07047426700592041
At time: 46.032978773117065 accuracy is 0.9703125 and loss is 0.10218651294708252
At time: 46.30345320701599 accuracy is 0.9734375 and loss is 0.06762263774871827
At time: 46.5813729763031 accuracy is 0.9703125 and loss is 0.07328866124153137
At time: 46.86622476577759 accuracy is 0.9484375 and loss is 0.14987690448760987
At time: 47.15644550323486 accuracy is 0.9703125 and loss is 0.08241070508956909
At time: 47.457223653793335 accuracy is 0.95 and loss is 0.1458217144012451
At time: 47.77409315109253 accuracy is 0.95625 and loss is 0.1330398440361023
Evaluating...
Done Evaluating: Achieved accuracy of 0.7165697674418605
Not better for 8
Completing Train Step at 12th epoch...
At time: 48.8045449256897 accuracy is 0.921875 and loss is 0.18705099821090698
At time: 49.0442419052124 accuracy is 0.9703125 and loss is 0.09070866107940674
At time: 49.289485454559326 accuracy is 0.9703125 and loss is 0.07632970809936523
At time: 49.54344582557678 accuracy is 0.9640625 and loss is 0.08858373761177063
At time: 49.797290325164795 accuracy is 0.9828125 and loss is 0.0549244225025177
At time: 50.05952167510986 accuracy is 0.95 and loss is 0.14998553991317748
At time: 50.32806754112244 accuracy is 0.971875 and loss is 0.08273105621337891
At time: 50.60081076622009 accuracy is 0.971875 and loss is 0.08055293560028076
At time: 50.8804726600647 accuracy is 0.9546875 and loss is 0.1327519655227661
At time: 51.17262864112854 accuracy is 0.959375 and loss is 0.11065356731414795
At time: 51.47522783279419 accuracy is 0.971875 and loss is 0.07383337616920471
At time: 51.79239106178284 accuracy is 0.975 and loss is 0.09809015989303589
Evaluating...
Done Evaluating: Achieved accuracy of 0.7361918604651163
Not better for 9
Completing Train Step at 13th epoch...
At time: 52.816161155700684 accuracy is 0.934375 and loss is 0.17377396821975707
At time: 53.04576778411865 accuracy is 0.95625 and loss is 0.11744067668914795
At time: 53.2847626209259 accuracy is 0.9828125 and loss is 0.06742997169494629
At time: 53.52938628196716 accuracy is 0.9640625 and loss is 0.08972424268722534
At time: 53.77690672874451 accuracy is 0.975 and loss is 0.05785735845565796
At time: 54.03049826622009 accuracy is 0.9546875 and loss is 0.11822377443313599
At time: 54.29018211364746 accuracy is 0.9640625 and loss is 0.09299099445343018
At time: 54.557859659194946 accuracy is 0.975 and loss is 0.05470777153968811
At time: 54.8328742980957 accuracy is 0.9625 and loss is 0.10221676826477051
At time: 55.11714458465576 accuracy is 0.9703125 and loss is 0.08720453381538391
At time: 55.41132998466492 accuracy is 0.9703125 and loss is 0.08618109226226807
At time: 55.72203969955444 accuracy is 0.9671875 and loss is 0.08431998491287232
Evaluating...
Done Evaluating: Achieved accuracy of 0.7252906976744186
Not better for 10
Model not improving. Stopping earlyat 0.7539970930232558 epochs.
Done Training. Achieved Best Accuracy of 0.7539970930232558
classifier
SETTINGS FOR THIS RUN
{'attn_type': None, 'rnn_dropout': 0.9176832760170343, 'wordvec_source': 'gigavec', 'l2': 0.17226930922595474, 'lr': 0.0022738210314450858, 'tune_wordvecs': True, 'batch_size': 32, 'num_layers': 2, 'dropout': 0.8634165963269594, 'wordvec_dim': 300, 'data': 'MPQA'}
Using CUDA!
here
None
Building RNN Classifier...

[93m    Warning: no model found for 'en'[0m

    Only loading the 'en' tokenizer.

Retrieving Data from file: /home-nfs/siddsach/ml/Interpreting-Attention/interpreting_language/data/mpqa/mpqa_subj_labels.pickle...
Loading Vectors From Memory...
Using these vectors: ['gigavec']
Building Vocab...
[<torchtext.vocab.Vectors object at 0x7f74bd070a90>]
Getting Batches...
Created Iterator with 261 batches
Getting Batches...
Created Iterator with 87 batches
Building model...
Using Vanilla RNN with following args:
{'rnn_dropout': 0.9176832760170343, 'cuda': True, 'train_word_vecs': True, 'hidden_size': 300, 'num_layers': 2, 'vocab_size': 15284, 'vectors': 
 0.0000  0.0000  0.0000  ...   0.0000  0.0000  0.0000
 0.0000  0.0000  0.0000  ...   0.0000  0.0000  0.0000
 0.0000  0.0000  0.0000  ...   0.0000  0.0000  0.0000
          ...             ⋱             ...          
 0.0000  0.0000  0.0000  ...   0.0000  0.0000  0.0000
 0.0000  0.0000  0.0000  ...   0.0000  0.0000  0.0000
 0.0000  0.0000  0.0000  ...   0.0000  0.0000  0.0000
[torch.FloatTensor of size 15284x300]
, 'input_size': 300, 'dropout': 0.8634165963269594, 'num_classes': 2, 'batch_size': 32}
Begin Training...
Completing Train Step at 0th epoch...
At time: 0.30158305168151855 accuracy is 0.534375 and loss is 0.7488038539886475
At time: 0.5734822750091553 accuracy is 0.5125 and loss is 0.7470305442810059
At time: 0.8425109386444092 accuracy is 0.51875 and loss is 0.7315024375915528
At time: 1.120246171951294 accuracy is 0.546875 and loss is 0.7067286491394043
At time: 1.4044976234436035 accuracy is 0.5296875 and loss is 0.7186287403106689
At time: 1.701427936553955 accuracy is 0.584375 and loss is 0.6839442253112793
At time: 2.009946823120117 accuracy is 0.6125 and loss is 0.6818732738494873
At time: 2.3285796642303467 accuracy is 0.5671875 and loss is 0.7571967601776123
At time: 2.660404682159424 accuracy is 0.61875 and loss is 0.681580638885498
At time: 3.004810333251953 accuracy is 0.5953125 and loss is 0.6828393936157227
At time: 3.3688344955444336 accuracy is 0.6265625 and loss is 0.6656229972839356
At time: 3.758262872695923 accuracy is 0.6078125 and loss is 0.6946598529815674
Evaluating...
Done Evaluating: Achieved accuracy of 0.7260174418604651
Achieved new best!
Completing Train Step at 1th epoch...
At time: 4.8522114753723145 accuracy is 0.5171875 and loss is 0.834111499786377
At time: 5.083491325378418 accuracy is 0.571875 and loss is 0.6383402347564697
At time: 5.32089900970459 accuracy is 0.675 and loss is 0.6459649562835693
At time: 5.560757875442505 accuracy is 0.7296875 and loss is 0.6246404647827148
At time: 5.806065082550049 accuracy is 0.7171875 and loss is 0.5633074760437011
At time: 6.060770750045776 accuracy is 0.734375 and loss is 0.5671840667724609
At time: 6.330723524093628 accuracy is 0.65625 and loss is 0.64671630859375
At time: 6.601497650146484 accuracy is 0.7484375 and loss is 0.5612302303314209
At time: 6.880640983581543 accuracy is 0.7796875 and loss is 0.5052034378051757
At time: 7.165858030319214 accuracy is 0.7640625 and loss is 0.507823133468628
At time: 7.46588659286499 accuracy is 0.803125 and loss is 0.4451602458953857
At time: 7.79069185256958 accuracy is 0.728125 and loss is 0.5407354831695557
Evaluating...
Done Evaluating: Achieved accuracy of 0.7489098837209303
Achieved new best!
Completing Train Step at 2th epoch...
At time: 8.796503067016602 accuracy is 0.7125 and loss is 0.5628355979919434
At time: 9.045301914215088 accuracy is 0.8171875 and loss is 0.38947880268096924
At time: 9.303948163986206 accuracy is 0.8203125 and loss is 0.46210412979125975
At time: 9.5558180809021 accuracy is 0.8375 and loss is 0.4030452728271484
At time: 9.804815769195557 accuracy is 0.8609375 and loss is 0.35129351615905763
At time: 10.06679892539978 accuracy is 0.8640625 and loss is 0.3392797946929932
At time: 10.345303297042847 accuracy is 0.8359375 and loss is 0.3843135595321655
At time: 10.625338315963745 accuracy is 0.8546875 and loss is 0.34720535278320314
At time: 10.90733027458191 accuracy is 0.865625 and loss is 0.36764118671417234
At time: 11.198589324951172 accuracy is 0.8625 and loss is 0.3337566375732422
At time: 11.49651575088501 accuracy is 0.9109375 and loss is 0.24169485569000243
At time: 11.810399532318115 accuracy is 0.8234375 and loss is 0.40077643394470214
Evaluating...
Done Evaluating: Achieved accuracy of 0.7507267441860465
Achieved new best!
Completing Train Step at 3th epoch...
At time: 12.830935001373291 accuracy is 0.8421875 and loss is 0.48501739501953123
At time: 13.063631296157837 accuracy is 0.88125 and loss is 0.2637784957885742
At time: 13.300162315368652 accuracy is 0.884375 and loss is 0.28780767917633054
At time: 13.54435658454895 accuracy is 0.909375 and loss is 0.28099260330200193
At time: 13.810694694519043 accuracy is 0.896875 and loss is 0.2884794235229492
At time: 14.080365419387817 accuracy is 0.9078125 and loss is 0.27995872497558594
At time: 14.349256038665771 accuracy is 0.8890625 and loss is 0.2892353296279907
At time: 14.6222562789917 accuracy is 0.915625 and loss is 0.2415555715560913
At time: 14.904338598251343 accuracy is 0.9046875 and loss is 0.24562547206878663
At time: 15.196533203125 accuracy is 0.9265625 and loss is 0.20775034427642822
At time: 15.503825187683105 accuracy is 0.9375 and loss is 0.15885112285614014
At time: 15.82288908958435 accuracy is 0.8640625 and loss is 0.3788304805755615
Evaluating...
Done Evaluating: Achieved accuracy of 0.7409156976744186
Not better for 1
Completing Train Step at 4th epoch...
At time: 16.82020878791809 accuracy is 0.8671875 and loss is 0.3819833278656006
At time: 17.0494327545166 accuracy is 0.91875 and loss is 0.2305448055267334
At time: 17.284898281097412 accuracy is 0.9078125 and loss is 0.23806345462799072
At time: 17.524463891983032 accuracy is 0.91875 and loss is 0.22494978904724122
At time: 17.773142099380493 accuracy is 0.9125 and loss is 0.2028151273727417
At time: 18.03271174430847 accuracy is 0.93125 and loss is 0.17865850925445556
At time: 18.300902366638184 accuracy is 0.9453125 and loss is 0.1643097758293152
At time: 18.576796054840088 accuracy is 0.915625 and loss is 0.22040507793426514
At time: 18.861172199249268 accuracy is 0.9171875 and loss is 0.2148796558380127
At time: 19.155329942703247 accuracy is 0.95 and loss is 0.1467002511024475
At time: 19.45850396156311 accuracy is 0.959375 and loss is 0.12543630599975586
At time: 19.777429580688477 accuracy is 0.8875 and loss is 0.4537567138671875
Evaluating...
Done Evaluating: Achieved accuracy of 0.7474563953488372
Not better for 2
Completing Train Step at 5th epoch...
At time: 20.80176591873169 accuracy is 0.8953125 and loss is 0.27365951538085936
At time: 21.032341957092285 accuracy is 0.928125 and loss is 0.15676581859588623
At time: 21.271437406539917 accuracy is 0.9296875 and loss is 0.18954254388809205
At time: 21.51755690574646 accuracy is 0.9296875 and loss is 0.1572852611541748
At time: 21.768561124801636 accuracy is 0.940625 and loss is 0.13714410066604615
At time: 22.024291038513184 accuracy is 0.953125 and loss is 0.12459518909454345
At time: 22.29164743423462 accuracy is 0.9375 and loss is 0.17522385120391845
At time: 22.565410614013672 accuracy is 0.940625 and loss is 0.1794176459312439
At time: 22.84908962249756 accuracy is 0.9203125 and loss is 0.219551682472229
At time: 23.133992195129395 accuracy is 0.928125 and loss is 0.19058303833007811
At time: 23.42991828918457 accuracy is 0.9546875 and loss is 0.16131935119628907
At time: 23.742487907409668 accuracy is 0.9078125 and loss is 0.2730072259902954
Evaluating...
Done Evaluating: Achieved accuracy of 0.7441860465116279
Not better for 3
Completing Train Step at 6th epoch...
At time: 24.767048358917236 accuracy is 0.8921875 and loss is 0.2733001232147217
At time: 25.002585887908936 accuracy is 0.9421875 and loss is 0.1561985731124878
At time: 25.243950605392456 accuracy is 0.946875 and loss is 0.1608637571334839
At time: 25.489662170410156 accuracy is 0.9515625 and loss is 0.11531434059143067
At time: 25.74389100074768 accuracy is 0.959375 and loss is 0.1143378734588623
At time: 26.005340337753296 accuracy is 0.9328125 and loss is 0.17186790704727173
At time: 26.272775888442993 accuracy is 0.9421875 and loss is 0.1570146679878235
At time: 26.548439264297485 accuracy is 0.940625 and loss is 0.17918405532836915
At time: 26.832249879837036 accuracy is 0.921875 and loss is 0.20343940258026122
At time: 27.123267650604248 accuracy is 0.9453125 and loss is 0.1432276487350464
At time: 27.423834085464478 accuracy is 0.95 and loss is 0.1274626612663269
At time: 27.737152338027954 accuracy is 0.909375 and loss is 0.2532177925109863
Evaluating...
Done Evaluating: Achieved accuracy of 0.735828488372093
Not better for 4
Completing Train Step at 7th epoch...
At time: 28.71883249282837 accuracy is 0.91875 and loss is 0.22692058086395264
At time: 28.941174030303955 accuracy is 0.95 and loss is 0.1330603241920471
At time: 29.170763731002808 accuracy is 0.9609375 and loss is 0.12242401838302612
At time: 29.409653425216675 accuracy is 0.9265625 and loss is 0.19038741588592528
At time: 29.65478277206421 accuracy is 0.940625 and loss is 0.14481114149093627
At time: 29.906473398208618 accuracy is 0.9625 and loss is 0.1212120532989502
At time: 30.167011260986328 accuracy is 0.940625 and loss is 0.17863013744354247
At time: 30.433464765548706 accuracy is 0.940625 and loss is 0.1353377103805542
At time: 30.707687854766846 accuracy is 0.9484375 and loss is 0.13357739448547362
At time: 30.993195056915283 accuracy is 0.921875 and loss is 0.1881966233253479
At time: 31.287404775619507 accuracy is 0.9671875 and loss is 0.11774585247039795
At time: 31.60046887397766 accuracy is 0.9296875 and loss is 0.1969912528991699
Evaluating...
Done Evaluating: Achieved accuracy of 0.7340116279069767
Not better for 5
Completing Train Step at 8th epoch...
At time: 32.617613792419434 accuracy is 0.9109375 and loss is 0.2226710796356201
At time: 32.85005235671997 accuracy is 0.9625 and loss is 0.09262763857841491
At time: 33.08726739883423 accuracy is 0.965625 and loss is 0.1253134489059448
At time: 33.32829809188843 accuracy is 0.978125 and loss is 0.07654078602790833
At time: 33.57639670372009 accuracy is 0.9640625 and loss is 0.0975888192653656
At time: 33.858510971069336 accuracy is 0.9609375 and loss is 0.090950608253479
At time: 34.13743352890015 accuracy is 0.94375 and loss is 0.13660643100738526
At time: 34.42123293876648 accuracy is 0.95 and loss is 0.12864707708358764
At time: 34.69971942901611 accuracy is 0.946875 and loss is 0.16315584182739257
At time: 34.98491072654724 accuracy is 0.965625 and loss is 0.10485626459121704
At time: 35.28359794616699 accuracy is 0.9703125 and loss is 0.09810993075370789
At time: 35.59715676307678 accuracy is 0.95 and loss is 0.1364287853240967
Evaluating...
Done Evaluating: Achieved accuracy of 0.7096656976744186
Not better for 6
Completing Train Step at 9th epoch...
At time: 36.59741830825806 accuracy is 0.89375 and loss is 0.23444597721099852
At time: 36.83035445213318 accuracy is 0.94375 and loss is 0.12955312728881835
At time: 37.066850662231445 accuracy is 0.9609375 and loss is 0.12994008064270018
At time: 37.30754065513611 accuracy is 0.9625 and loss is 0.09261419773101806
At time: 37.555964946746826 accuracy is 0.9671875 and loss is 0.07053265571594239
At time: 37.81132936477661 accuracy is 0.965625 and loss is 0.09618825912475586
At time: 38.082759618759155 accuracy is 0.953125 and loss is 0.13257731199264527
At time: 38.36954927444458 accuracy is 0.9640625 and loss is 0.10325040817260742
At time: 38.66455006599426 accuracy is 0.9484375 and loss is 0.16811323165893555
At time: 38.95308470726013 accuracy is 0.9671875 and loss is 0.10016124248504639
At time: 39.25386881828308 accuracy is 0.975 and loss is 0.06917526721954345
At time: 39.56381273269653 accuracy is 0.9640625 and loss is 0.10805294513702393
Evaluating...
Done Evaluating: Achieved accuracy of 0.7281976744186046
Not better for 7
Completing Train Step at 10th epoch...
At time: 40.561296463012695 accuracy is 0.9171875 and loss is 0.20153300762176513
At time: 40.79017496109009 accuracy is 0.9625 and loss is 0.0774957776069641
At time: 41.02911376953125 accuracy is 0.978125 and loss is 0.08093436360359192
At time: 41.2736554145813 accuracy is 0.9734375 and loss is 0.07944127917289734
At time: 41.52446532249451 accuracy is 0.965625 and loss is 0.10459092855453492
At time: 41.78162217140198 accuracy is 0.934375 and loss is 0.18748732805252075
At time: 42.04911470413208 accuracy is 0.95 and loss is 0.13345869779586791
At time: 42.32449817657471 accuracy is 0.94375 and loss is 0.17574855089187622
At time: 42.60743713378906 accuracy is 0.953125 and loss is 0.1444134831428528
At time: 42.89284563064575 accuracy is 0.9640625 and loss is 0.1079138159751892
At time: 43.19321799278259 accuracy is 0.971875 and loss is 0.07436949014663696
At time: 43.51154899597168 accuracy is 0.9375 and loss is 0.17883620262145997
Evaluating...
Done Evaluating: Achieved accuracy of 0.7220203488372093
Not better for 8
Completing Train Step at 11th epoch...
At time: 44.53247666358948 accuracy is 0.9203125 and loss is 0.20425059795379638
At time: 44.76660084724426 accuracy is 0.975 and loss is 0.06499156355857849
At time: 45.00859093666077 accuracy is 0.9734375 and loss is 0.07291225790977478
At time: 45.254852294921875 accuracy is 0.9796875 and loss is 0.0638660728931427
At time: 45.50432872772217 accuracy is 0.965625 and loss is 0.10498303174972534
At time: 45.76451253890991 accuracy is 0.9484375 and loss is 0.13182920217514038
At time: 46.02877688407898 accuracy is 0.9640625 and loss is 0.10991215705871582
At time: 46.30292367935181 accuracy is 0.9578125 and loss is 0.11366508007049561
At time: 46.58626747131348 accuracy is 0.9515625 and loss is 0.15530793666839598
At time: 46.87791967391968 accuracy is 0.9609375 and loss is 0.10875463485717773
At time: 47.17942714691162 accuracy is 0.9671875 and loss is 0.07983977794647217
At time: 47.495747566223145 accuracy is 0.9734375 and loss is 0.10186463594436646
Evaluating...
Done Evaluating: Achieved accuracy of 0.7263808139534884
Not better for 9
Completing Train Step at 12th epoch...
At time: 48.5105721950531 accuracy is 0.9296875 and loss is 0.18489816188812255
At time: 48.736998558044434 accuracy is 0.9765625 and loss is 0.056565845012664796
At time: 48.976287603378296 accuracy is 0.975 and loss is 0.08399803638458252
At time: 49.22351026535034 accuracy is 0.975 and loss is 0.080356764793396
At time: 49.477577447891235 accuracy is 0.96875 and loss is 0.0975859820842743
At time: 49.73880958557129 accuracy is 0.9671875 and loss is 0.09065167307853698
At time: 50.00680446624756 accuracy is 0.9796875 and loss is 0.07627817392349243
At time: 50.27972388267517 accuracy is 0.9484375 and loss is 0.15012334585189818
At time: 50.58396029472351 accuracy is 0.959375 and loss is 0.15137070417404175
At time: 50.8835015296936 accuracy is 0.953125 and loss is 0.1254805326461792
At time: 51.19274401664734 accuracy is 0.9453125 and loss is 0.12222424745559693
At time: 51.51377725601196 accuracy is 0.9515625 and loss is 0.14446643590927125
Evaluating...
Done Evaluating: Achieved accuracy of 0.7183866279069767
Not better for 10
Model not improving. Stopping earlyat 0.7507267441860465 epochs.
Done Training. Achieved Best Accuracy of 0.7507267441860465
classifier
SETTINGS FOR THIS RUN
{'attn_type': None, 'rnn_dropout': 0.21420212961337748, 'wordvec_source': 'gigavec', 'l2': 0.7786289049445356, 'lr': 0.0014176121458227046, 'tune_wordvecs': True, 'batch_size': 32, 'num_layers': 2, 'dropout': 0.7778460632305036, 'wordvec_dim': 300, 'data': 'MPQA'}
Using CUDA!
here
None
Building RNN Classifier...

[93m    Warning: no model found for 'en'[0m

    Only loading the 'en' tokenizer.

Retrieving Data from file: /home-nfs/siddsach/ml/Interpreting-Attention/interpreting_language/data/mpqa/mpqa_subj_labels.pickle...
Loading Vectors From Memory...
Using these vectors: ['gigavec']
Building Vocab...
[<torchtext.vocab.Vectors object at 0x7f74c0abe860>]
Getting Batches...
Created Iterator with 261 batches
Getting Batches...
Created Iterator with 87 batches
Building model...
Using Vanilla RNN with following args:
{'rnn_dropout': 0.21420212961337748, 'cuda': True, 'train_word_vecs': True, 'hidden_size': 300, 'num_layers': 2, 'vocab_size': 15284, 'vectors': 
 0.0000  0.0000  0.0000  ...   0.0000  0.0000  0.0000
 0.0000  0.0000  0.0000  ...   0.0000  0.0000  0.0000
 0.0000  0.0000  0.0000  ...   0.0000  0.0000  0.0000
          ...             ⋱             ...          
 0.0000  0.0000  0.0000  ...   0.0000  0.0000  0.0000
 0.0000  0.0000  0.0000  ...   0.0000  0.0000  0.0000
 0.0000  0.0000  0.0000  ...   0.0000  0.0000  0.0000
[torch.FloatTensor of size 15284x300]
, 'input_size': 300, 'dropout': 0.7778460632305036, 'num_classes': 2, 'batch_size': 32}
Begin Training...
Completing Train Step at 0th epoch...
At time: 0.2924065589904785 accuracy is 0.534375 and loss is 0.7456552982330322
At time: 0.5508787631988525 accuracy is 0.503125 and loss is 0.7288301944732666
At time: 0.8188767433166504 accuracy is 0.56875 and loss is 0.6735458850860596
At time: 1.0962109565734863 accuracy is 0.5140625 and loss is 0.7869446754455567
At time: 1.384230136871338 accuracy is 0.5359375 and loss is 0.697111701965332
At time: 1.6836206912994385 accuracy is 0.6859375 and loss is 0.7182151794433593
At time: 1.9942808151245117 accuracy is 0.559375 and loss is 0.7425784587860107
At time: 2.3130874633789062 accuracy is 0.6703125 and loss is 0.6317562580108642
At time: 2.6438162326812744 accuracy is 0.634375 and loss is 0.6584765911102295
At time: 2.990105390548706 accuracy is 0.6640625 and loss is 0.6633289337158204
At time: 3.3544743061065674 accuracy is 0.6625 and loss is 0.6543232917785644
At time: 3.741671562194824 accuracy is 0.60625 and loss is 0.6729315757751465
Evaluating...
Done Evaluating: Achieved accuracy of 0.6002906976744186
Achieved new best!
Completing Train Step at 1th epoch...
At time: 4.881728172302246 accuracy is 0.6296875 and loss is 0.6756626605987549
At time: 5.131119728088379 accuracy is 0.5734375 and loss is 0.7105957508087158
At time: 5.3718767166137695 accuracy is 0.5359375 and loss is 0.6712533950805664
At time: 5.613924503326416 accuracy is 0.6484375 and loss is 0.6821125984191895
At time: 5.86449933052063 accuracy is 0.6578125 and loss is 0.6713770866394043
At time: 6.129528522491455 accuracy is 0.6921875 and loss is 0.7336146831512451
At time: 6.397467613220215 accuracy is 0.6984375 and loss is 0.6551308631896973
At time: 6.673548936843872 accuracy is 0.74375 and loss is 0.5740115165710449
At time: 6.953075408935547 accuracy is 0.70625 and loss is 0.6166294097900391
At time: 7.240813970565796 accuracy is 0.715625 and loss is 0.591118335723877
At time: 7.541605710983276 accuracy is 0.7984375 and loss is 0.5246569156646729
At time: 7.856266021728516 accuracy is 0.6640625 and loss is 0.7089002132415771
Evaluating...
Done Evaluating: Achieved accuracy of 0.7049418604651163
Achieved new best!
Completing Train Step at 2th epoch...
At time: 8.86039137840271 accuracy is 0.7625 and loss is 0.4948575973510742
At time: 9.086240530014038 accuracy is 0.8203125 and loss is 0.4168726444244385
At time: 9.32129454612732 accuracy is 0.8 and loss is 0.40606045722961426
At time: 9.56192684173584 accuracy is 0.7765625 and loss is 0.47223892211914065
At time: 9.809949398040771 accuracy is 0.80625 and loss is 0.4521737575531006
At time: 10.06511664390564 accuracy is 0.8109375 and loss is 0.4193576335906982
At time: 10.331448793411255 accuracy is 0.865625 and loss is 0.3589674711227417
At time: 10.604440212249756 accuracy is 0.875 and loss is 0.3198035001754761
At time: 10.88746428489685 accuracy is 0.821875 and loss is 0.40163235664367675
At time: 11.176586627960205 accuracy is 0.8359375 and loss is 0.4003777027130127
At time: 11.474058151245117 accuracy is 0.815625 and loss is 0.4471064567565918
At time: 11.786476612091064 accuracy is 0.7859375 and loss is 0.4828455924987793
Evaluating...
Done Evaluating: Achieved accuracy of 0.7630813953488372
Achieved new best!
Completing Train Step at 3th epoch...
At time: 12.775116443634033 accuracy is 0.8421875 and loss is 0.3696635961532593
At time: 12.998301982879639 accuracy is 0.903125 and loss is 0.24668712615966798
At time: 13.236822366714478 accuracy is 0.8953125 and loss is 0.2521789073944092
At time: 13.4753897190094 accuracy is 0.8703125 and loss is 0.3392517328262329
At time: 13.722089529037476 accuracy is 0.91875 and loss is 0.2513399600982666
At time: 13.975630044937134 accuracy is 0.9046875 and loss is 0.2500486373901367
At time: 14.234347105026245 accuracy is 0.9453125 and loss is 0.16100499629974366
At time: 14.502448081970215 accuracy is 0.9265625 and loss is 0.20094647407531738
At time: 14.7809579372406 accuracy is 0.8859375 and loss is 0.2858441829681396
At time: 15.067280054092407 accuracy is 0.884375 and loss is 0.293082070350647
At time: 15.368778228759766 accuracy is 0.890625 and loss is 0.29897265434265136
At time: 15.685361623764038 accuracy is 0.8734375 and loss is 0.32157192230224607
Evaluating...
Done Evaluating: Achieved accuracy of 0.7387354651162791
Not better for 1
Completing Train Step at 4th epoch...
At time: 16.68561601638794 accuracy is 0.8875 and loss is 0.30044510364532473
At time: 16.915544986724854 accuracy is 0.9390625 and loss is 0.19342188835144042
At time: 17.154579401016235 accuracy is 0.91875 and loss is 0.20433037281036376
At time: 17.400945901870728 accuracy is 0.8890625 and loss is 0.2985507965087891
At time: 17.664583444595337 accuracy is 0.9203125 and loss is 0.18582408428192138
At time: 17.934757709503174 accuracy is 0.959375 and loss is 0.13217418193817138
At time: 18.20506525039673 accuracy is 0.971875 and loss is 0.1078981637954712
At time: 18.472767114639282 accuracy is 0.95 and loss is 0.1544845461845398
At time: 18.74925208091736 accuracy is 0.9234375 and loss is 0.21980156898498535
At time: 19.033730268478394 accuracy is 0.9359375 and loss is 0.21275842189788818
At time: 19.33298635482788 accuracy is 0.9328125 and loss is 0.18189914226531984
At time: 19.647286653518677 accuracy is 0.9125 and loss is 0.2546713352203369
Evaluating...
Done Evaluating: Achieved accuracy of 0.7420058139534884
Not better for 2
Completing Train Step at 5th epoch...
At time: 20.641377449035645 accuracy is 0.9109375 and loss is 0.24000461101531984
At time: 20.866028547286987 accuracy is 0.9390625 and loss is 0.1526430606842041
At time: 21.099798917770386 accuracy is 0.9609375 and loss is 0.13201030492782592
At time: 21.34060573577881 accuracy is 0.921875 and loss is 0.21835775375366212
At time: 21.58840250968933 accuracy is 0.94375 and loss is 0.15193536281585693
At time: 21.843475341796875 accuracy is 0.9609375 and loss is 0.09439746141433716
At time: 22.1066153049469 accuracy is 0.953125 and loss is 0.12725930213928222
At time: 22.37726140022278 accuracy is 0.95 and loss is 0.13075541257858275
At time: 22.656180381774902 accuracy is 0.9359375 and loss is 0.2327259063720703
At time: 22.94272541999817 accuracy is 0.9296875 and loss is 0.2127687931060791
At time: 23.241329669952393 accuracy is 0.9578125 and loss is 0.1420523166656494
At time: 23.560216188430786 accuracy is 0.925 and loss is 0.24135270118713378
Evaluating...
Done Evaluating: Achieved accuracy of 0.7398255813953488
Not better for 3
Completing Train Step at 6th epoch...
At time: 24.5753493309021 accuracy is 0.9234375 and loss is 0.2134546995162964
At time: 24.80246067047119 accuracy is 0.965625 and loss is 0.08802725672721863
At time: 25.03992748260498 accuracy is 0.953125 and loss is 0.14293675422668456
At time: 25.28375768661499 accuracy is 0.9453125 and loss is 0.161076819896698
At time: 25.535996198654175 accuracy is 0.95625 and loss is 0.10459933280944825
At time: 25.79468822479248 accuracy is 0.95625 and loss is 0.11011753082275391
At time: 26.05967402458191 accuracy is 0.96875 and loss is 0.09802260398864746
At time: 26.330894470214844 accuracy is 0.946875 and loss is 0.18070745468139648
At time: 26.61228919029236 accuracy is 0.953125 and loss is 0.18691338300704957
At time: 26.90241003036499 accuracy is 0.9203125 and loss is 0.2054298162460327
At time: 27.20353055000305 accuracy is 0.959375 and loss is 0.11928744316101074
At time: 27.519782543182373 accuracy is 0.9453125 and loss is 0.18308292627334594
Evaluating...
Done Evaluating: Achieved accuracy of 0.7467296511627907
Not better for 4
Completing Train Step at 7th epoch...
At time: 28.53655505180359 accuracy is 0.9375 and loss is 0.1850489854812622
At time: 28.766387701034546 accuracy is 0.95625 and loss is 0.1020436406135559
At time: 29.012364625930786 accuracy is 0.9515625 and loss is 0.10353765487670899
At time: 29.262662887573242 accuracy is 0.9375 and loss is 0.1760384202003479
At time: 29.516865253448486 accuracy is 0.9765625 and loss is 0.06750149726867676
At time: 29.777034521102905 accuracy is 0.9671875 and loss is 0.09881037473678589
At time: 30.042101860046387 accuracy is 0.96875 and loss is 0.09077314138412476
At time: 30.314937829971313 accuracy is 0.9578125 and loss is 0.11320654153823853
At time: 30.59693717956543 accuracy is 0.959375 and loss is 0.11292669773101807
At time: 30.885608673095703 accuracy is 0.959375 and loss is 0.13601716756820678
At time: 31.187922954559326 accuracy is 0.9765625 and loss is 0.08121340274810791
At time: 31.503238916397095 accuracy is 0.95625 and loss is 0.11836762428283691
Evaluating...
Done Evaluating: Achieved accuracy of 0.735828488372093
Not better for 5
Completing Train Step at 8th epoch...
At time: 32.523552656173706 accuracy is 0.95625 and loss is 0.15555624961853026
At time: 32.76080083847046 accuracy is 0.9609375 and loss is 0.1094240427017212
At time: 33.00303411483765 accuracy is 0.959375 and loss is 0.10316394567489624
At time: 33.248732805252075 accuracy is 0.9484375 and loss is 0.11884970664978027
At time: 33.4988477230072 accuracy is 0.9828125 and loss is 0.05884018540382385
At time: 33.75910186767578 accuracy is 0.978125 and loss is 0.07457943558692932
At time: 34.024359941482544 accuracy is 0.975 and loss is 0.07587822079658509
At time: 34.29862117767334 accuracy is 0.946875 and loss is 0.1594568371772766
At time: 34.58015489578247 accuracy is 0.946875 and loss is 0.13915482759475709
At time: 34.868959188461304 accuracy is 0.965625 and loss is 0.0994262456893921
At time: 35.169426679611206 accuracy is 0.975 and loss is 0.08631743192672729
At time: 35.485241651535034 accuracy is 0.959375 and loss is 0.12131445407867432
Evaluating...
Done Evaluating: Achieved accuracy of 0.7340116279069767
Not better for 6
Completing Train Step at 9th epoch...
At time: 36.50133466720581 accuracy is 0.934375 and loss is 0.15524102449417115
At time: 36.72717332839966 accuracy is 0.9640625 and loss is 0.07665680050849914
At time: 36.96168065071106 accuracy is 0.9671875 and loss is 0.09667589068412781
At time: 37.202492475509644 accuracy is 0.975 and loss is 0.05678467750549317
At time: 37.45118737220764 accuracy is 0.9765625 and loss is 0.07454687952995301
At time: 37.711986780166626 accuracy is 0.98125 and loss is 0.054216247797012326
At time: 37.98079586029053 accuracy is 0.9390625 and loss is 0.19069818258285523
At time: 38.26140880584717 accuracy is 0.9703125 and loss is 0.07771762609481811
At time: 38.53779745101929 accuracy is 0.96875 and loss is 0.09852039813995361
At time: 38.82409906387329 accuracy is 0.971875 and loss is 0.0894835650920868
At time: 39.119157791137695 accuracy is 0.9875 and loss is 0.05156883001327515
At time: 39.431946754455566 accuracy is 0.9640625 and loss is 0.12126137018203735
Evaluating...
Done Evaluating: Achieved accuracy of 0.7318313953488372
Not better for 7
Completing Train Step at 10th epoch...
At time: 40.43479108810425 accuracy is 0.9453125 and loss is 0.17326805591583253
At time: 40.67668390274048 accuracy is 0.959375 and loss is 0.10144206285476684
At time: 40.914788246154785 accuracy is 0.9671875 and loss is 0.07414832711219788
At time: 41.15938210487366 accuracy is 0.9828125 and loss is 0.04976622760295868
At time: 41.40554070472717 accuracy is 0.984375 and loss is 0.03630777597427368
At time: 41.66148328781128 accuracy is 0.9796875 and loss is 0.0610071063041687
At time: 41.92235016822815 accuracy is 0.975 and loss is 0.07339386940002442
At time: 42.19434452056885 accuracy is 0.9859375 and loss is 0.04156368970870972
At time: 42.476557970047 accuracy is 0.98125 and loss is 0.055217248201370236
At time: 42.779558181762695 accuracy is 0.978125 and loss is 0.08307328820228577
At time: 43.09506583213806 accuracy is 0.9796875 and loss is 0.07160162925720215
At time: 43.41765213012695 accuracy is 0.975 and loss is 0.05480866432189942
Evaluating...
Done Evaluating: Achieved accuracy of 0.7303779069767442
Not better for 8
Completing Train Step at 11th epoch...
At time: 44.452380418777466 accuracy is 0.9578125 and loss is 0.13149152994155883
At time: 44.68973517417908 accuracy is 0.9578125 and loss is 0.10551689863204956
At time: 44.93307614326477 accuracy is 0.9796875 and loss is 0.05954146981239319
At time: 45.19046711921692 accuracy is 0.9765625 and loss is 0.07028512954711914
At time: 45.45038437843323 accuracy is 0.9703125 and loss is 0.10645333528518677
At time: 45.715314626693726 accuracy is 0.98125 and loss is 0.04140498340129852
At time: 45.98434805870056 accuracy is 0.98125 and loss is 0.07912022471427918
At time: 46.264294147491455 accuracy is 0.9765625 and loss is 0.0679919958114624
At time: 46.548861026763916 accuracy is 0.9765625 and loss is 0.07485775947570801
At time: 46.842206954956055 accuracy is 0.9734375 and loss is 0.07492749094963073
At time: 47.14854192733765 accuracy is 0.9921875 and loss is 0.029742836952209473
At time: 47.46713709831238 accuracy is 0.978125 and loss is 0.06397387385368347
Evaluating...
Done Evaluating: Achieved accuracy of 0.7296511627906976
Not better for 9
Completing Train Step at 12th epoch...
At time: 48.507312059402466 accuracy is 0.9703125 and loss is 0.07970969676971436
At time: 48.75035643577576 accuracy is 0.9734375 and loss is 0.06932713985443115
At time: 48.98965668678284 accuracy is 0.9859375 and loss is 0.03288035392761231
At time: 49.23202610015869 accuracy is 0.9796875 and loss is 0.05512296557426453
At time: 49.48459482192993 accuracy is 0.9796875 and loss is 0.04610254764556885
At time: 49.7453498840332 accuracy is 0.9890625 and loss is 0.03392588198184967
At time: 50.01267886161804 accuracy is 0.978125 and loss is 0.06436865925788879
At time: 50.285139322280884 accuracy is 0.978125 and loss is 0.057620227336883545
At time: 50.56803274154663 accuracy is 0.959375 and loss is 0.11647883653640748
At time: 50.85909843444824 accuracy is 0.98125 and loss is 0.06362136602401733
At time: 51.16221356391907 accuracy is 0.98125 and loss is 0.03104325532913208
At time: 51.47984862327576 accuracy is 0.9828125 and loss is 0.049303045868873595
Evaluating...
Done Evaluating: Achieved accuracy of 0.7351017441860465
Not better for 10
Model not improving. Stopping earlyat 0.7630813953488372 epochs.
Done Training. Achieved Best Accuracy of 0.7630813953488372
classifier



RESULTS:
[{'best_accuracy': 0.7460029069767442, 'params': {'attn_type': None, 'rnn_dropout': 0.9733103794046174, 'wordvec_source': 'gigavec', 'l2': 0.2678240142293763, 'lr': 0.004493871001413737, 'tune_wordvecs': True, 'batch_size': 32, 'num_layers': 2, 'dropout': 0.12509030548391042, 'wordvec_dim': 300, 'data': 'MPQA'}}, {'best_accuracy': 0.7896075581395349, 'params': {'attn_type': None, 'rnn_dropout': 0.008337939622758528, 'wordvec_source': 'gigavec', 'l2': 0.8423452160463143, 'lr': 0.0005369625685427254, 'tune_wordvecs': True, 'batch_size': 32, 'num_layers': 2, 'dropout': 0.8757294151013624, 'wordvec_dim': 300, 'data': 'MPQA'}}, {'best_accuracy': 0.7539970930232558, 'params': {'attn_type': None, 'rnn_dropout': 0.17956702085226028, 'wordvec_source': 'gigavec', 'l2': 0.547841748390998, 'lr': 0.00259360534338986, 'tune_wordvecs': True, 'batch_size': 32, 'num_layers': 2, 'dropout': 0.46791570740744615, 'wordvec_dim': 300, 'data': 'MPQA'}}, {'best_accuracy': 0.7507267441860465, 'params': {'attn_type': None, 'rnn_dropout': 0.9176832760170343, 'wordvec_source': 'gigavec', 'l2': 0.17226930922595474, 'lr': 0.0022738210314450858, 'tune_wordvecs': True, 'batch_size': 32, 'num_layers': 2, 'dropout': 0.8634165963269594, 'wordvec_dim': 300, 'data': 'MPQA'}}, {'best_accuracy': 0.7630813953488372, 'params': {'attn_type': None, 'rnn_dropout': 0.21420212961337748, 'wordvec_source': 'gigavec', 'l2': 0.7786289049445356, 'lr': 0.0014176121458227046, 'tune_wordvecs': True, 'batch_size': 32, 'num_layers': 2, 'dropout': 0.7778460632305036, 'wordvec_dim': 300, 'data': 'MPQA'}}]
