ROOT_PATH: /home-nfs/siddsach/ml/Interpreting-Attention/interpreting_language
Building Bayesian Optimizer for 
 data:MPQA 
 choices:[{'type': 'continuous', 'name': 'lr', 'domain': [5e-05, 0.005]}, {'type': 'continuous', 'name': 'rnn_dropout', 'domain': [0, 1]}, {'type': 'continuous', 'name': 'dropout', 'domain': [0, 1]}, {'type': 'continuous', 'name': 'l2', 'domain': [0, 1]}, {'type': 'continuous', 'name': 'attention_dim', 'domain': [5, 100]}]
SETTINGS FOR THIS RUN
{'attention_dim': 99, 'lr': 0.0026755884255316408, 'batch_size': 32, 'rnn_dropout': 0.7111550652854951, 'wordvec_source': 'glove', 'l2': 0.8183444851080156, 'dropout': 0.12926375322841577, 'wordvec_dim': 300, 'attn_type': 'MLP', 'data': 'MPQA', 'num_layers': 2, 'tune_wordvecs': True}
Using CUDA!
here
MLP
Building RNN Classifier...

[93m    Warning: no model found for 'en'[0m

    Only loading the 'en' tokenizer.

Retrieving Data from file: /home-nfs/siddsach/ml/Interpreting-Attention/interpreting_language/data/mpqa/mpqa_subj_labels.pickle...
Loading Vectors From Memory...
Using these vectors: ['GloVe']
Getting GloVe Vectors with 300 dims
Building Vocab...
[<torchtext.vocab.Vectors object at 0x7f69cc077860>]
Getting Batches...
Created Iterator with 261 batches
Getting Batches...
Created Iterator with 87 batches
Building model...
MLP
Using Attention model with following args:
{'num_classes': 2, 'train_word_vecs': True, 'hidden_size': 300, 'batch_size': 32, 'rnn_dropout': 0.7111550652854951, 'cuda': True, 'dropout': 0.12926375322841577, 'vectors': 
 0.0000  0.0000  0.0000  ...   0.0000  0.0000  0.0000
 0.0000  0.0000  0.0000  ...   0.0000  0.0000  0.0000
 0.0000  0.0000  0.0000  ...   0.0000  0.0000  0.0000
          ...             ⋱             ...          
-0.4786 -0.1089 -0.0076  ...   0.7458  0.7174  0.6185
 0.0000  0.0000  0.0000  ...   0.0000  0.0000  0.0000
-0.0479  0.9828  0.9182  ...   0.0424  0.4554 -0.3210
[torch.FloatTensor of size 15284x300]
, 'vocab_size': 15284, 'attn_type': 'MLP', 'attention_dim': 99, 'tune_attn': 'True', 'num_layers': 2, 'input_size': 300}
Begin Training...
Completing Train Step at 0th epoch...
At time: 0.5659844875335693 accuracy is 0.5296875 and loss is 0.7374707221984863
At time: 0.8193967342376709 accuracy is 0.496875 and loss is 0.7139498233795166
At time: 1.0838849544525146 accuracy is 0.5859375 and loss is 0.6673959255218506
At time: 1.3611423969268799 accuracy is 0.5453125 and loss is 0.7023890972137451
At time: 1.6473028659820557 accuracy is 0.7328125 and loss is 0.5759684085845947
At time: 1.9444971084594727 accuracy is 0.7 and loss is 0.6210895538330078
At time: 2.251189708709717 accuracy is 0.6578125 and loss is 0.5912849426269531
At time: 2.570133686065674 accuracy is 0.7296875 and loss is 0.5999772071838378
At time: 2.902561664581299 accuracy is 0.64375 and loss is 0.6233885765075684
At time: 3.248096227645874 accuracy is 0.6953125 and loss is 0.5517772674560547
At time: 3.6178195476531982 accuracy is 0.7890625 and loss is 0.46559820175170896
At time: 4.033617734909058 accuracy is 0.7140625 and loss is 0.5522541522979736
Evaluating...
Done Evaluating: Achieved accuracy of 0.7863372093023255
Achieved new best!
Completing Train Step at 1th epoch...
At time: 5.147299289703369 accuracy is 0.7109375 and loss is 0.6952704429626465
At time: 5.373693466186523 accuracy is 0.753125 and loss is 0.5166801452636719
At time: 5.607564449310303 accuracy is 0.7921875 and loss is 0.43195762634277346
At time: 5.8484508991241455 accuracy is 0.8109375 and loss is 0.41463413238525393
At time: 6.0995402336120605 accuracy is 0.8953125 and loss is 0.2991605758666992
At time: 6.356603622436523 accuracy is 0.8265625 and loss is 0.3987500905990601
At time: 6.62308669090271 accuracy is 0.85625 and loss is 0.3184027671813965
At time: 6.901743412017822 accuracy is 0.8875 and loss is 0.2884209394454956
At time: 7.199777126312256 accuracy is 0.859375 and loss is 0.33221633434295655
At time: 7.502248048782349 accuracy is 0.878125 and loss is 0.2802283763885498
At time: 7.8114540576934814 accuracy is 0.9296875 and loss is 0.19440271854400634
At time: 8.131056070327759 accuracy is 0.8828125 and loss is 0.3415986061096191
Evaluating...
Done Evaluating: Achieved accuracy of 0.7292877906976745
Not better for 1
Completing Train Step at 2th epoch...
At time: 9.138503074645996 accuracy is 0.7828125 and loss is 0.4799983501434326
At time: 9.38228964805603 accuracy is 0.9015625 and loss is 0.2574673414230347
At time: 9.626231908798218 accuracy is 0.909375 and loss is 0.22266411781311035
At time: 9.871016263961792 accuracy is 0.8921875 and loss is 0.29806089401245117
At time: 10.12151026725769 accuracy is 0.921875 and loss is 0.18765003681182862
At time: 10.380306959152222 accuracy is 0.9265625 and loss is 0.14991077184677123
At time: 10.645348072052002 accuracy is 0.9453125 and loss is 0.15432337522506714
At time: 10.920310497283936 accuracy is 0.9234375 and loss is 0.19912770986557007
At time: 11.207736730575562 accuracy is 0.878125 and loss is 0.29913351535797117
At time: 11.501874685287476 accuracy is 0.9328125 and loss is 0.18223562240600585
At time: 11.808339595794678 accuracy is 0.953125 and loss is 0.11641192436218262
At time: 12.132659196853638 accuracy is 0.90625 and loss is 0.3514705181121826
Evaluating...
Done Evaluating: Achieved accuracy of 0.7122093023255814
Not better for 2
Completing Train Step at 3th epoch...
At time: 13.127696752548218 accuracy is 0.8296875 and loss is 0.41773695945739747
At time: 13.363802909851074 accuracy is 0.91875 and loss is 0.21037108898162843
At time: 13.606474876403809 accuracy is 0.925 and loss is 0.2019815683364868
At time: 13.854656457901001 accuracy is 0.9203125 and loss is 0.25033342838287354
At time: 14.106723308563232 accuracy is 0.9359375 and loss is 0.17519413232803344
At time: 14.36513066291809 accuracy is 0.9296875 and loss is 0.19062273502349852
At time: 14.631549835205078 accuracy is 0.9640625 and loss is 0.07600555419921876
At time: 14.90550947189331 accuracy is 0.9625 and loss is 0.10040628910064697
At time: 15.191084861755371 accuracy is 0.9265625 and loss is 0.1868079423904419
At time: 15.490751504898071 accuracy is 0.95 and loss is 0.12348461151123047
At time: 15.799880027770996 accuracy is 0.95 and loss is 0.11454417705535888
At time: 16.123095989227295 accuracy is 0.9453125 and loss is 0.13367872238159179
Evaluating...
Done Evaluating: Achieved accuracy of 0.7456395348837209
Not better for 3
Completing Train Step at 4th epoch...
At time: 17.093804597854614 accuracy is 0.8921875 and loss is 0.28712351322174073
At time: 17.32064175605774 accuracy is 0.934375 and loss is 0.14996485710144042
At time: 17.558382987976074 accuracy is 0.959375 and loss is 0.1364305019378662
At time: 17.803534746170044 accuracy is 0.9359375 and loss is 0.19168250560760497
At time: 18.054893016815186 accuracy is 0.9625 and loss is 0.10309118032455444
At time: 18.313156127929688 accuracy is 0.978125 and loss is 0.06676518321037292
At time: 18.578354597091675 accuracy is 0.9828125 and loss is 0.04082636535167694
At time: 18.850021600723267 accuracy is 0.975 and loss is 0.07269055843353271
At time: 19.13035249710083 accuracy is 0.9734375 and loss is 0.09123280644416809
At time: 19.419360399246216 accuracy is 0.9625 and loss is 0.0836843192577362
At time: 19.722872972488403 accuracy is 0.965625 and loss is 0.09139795899391175
At time: 20.0440833568573 accuracy is 0.959375 and loss is 0.11996827125549317
Evaluating...
Done Evaluating: Achieved accuracy of 0.7361918604651163
Not better for 4
Completing Train Step at 5th epoch...
At time: 21.022018432617188 accuracy is 0.9296875 and loss is 0.2404263973236084
At time: 21.251493453979492 accuracy is 0.934375 and loss is 0.15460978746414183
At time: 21.49371361732483 accuracy is 0.934375 and loss is 0.1824849247932434
At time: 21.744609355926514 accuracy is 0.9359375 and loss is 0.16064698696136476
At time: 21.999264240264893 accuracy is 0.946875 and loss is 0.14217982292175294
At time: 22.257479667663574 accuracy is 0.96875 and loss is 0.09363475441932678
At time: 22.524383306503296 accuracy is 0.9765625 and loss is 0.06561985611915588
At time: 22.798213720321655 accuracy is 0.9609375 and loss is 0.09575860500335694
At time: 23.079413414001465 accuracy is 0.9609375 and loss is 0.10070812702178955
At time: 23.3680317401886 accuracy is 0.96875 and loss is 0.07068709135055543
At time: 23.669654607772827 accuracy is 0.978125 and loss is 0.0663139283657074
At time: 23.98907971382141 accuracy is 0.9515625 and loss is 0.1307010054588318
Evaluating...
Done Evaluating: Achieved accuracy of 0.7252906976744186
Not better for 5
Completing Train Step at 6th epoch...
At time: 24.96287703514099 accuracy is 0.9328125 and loss is 0.22126641273498535
At time: 25.195287942886353 accuracy is 0.9453125 and loss is 0.1335231065750122
At time: 25.431752920150757 accuracy is 0.9609375 and loss is 0.09785102009773254
At time: 25.67221975326538 accuracy is 0.9828125 and loss is 0.06564894914627076
At time: 25.91993284225464 accuracy is 0.9734375 and loss is 0.07530199885368347
At time: 26.176005840301514 accuracy is 0.9640625 and loss is 0.09036347270011902
At time: 26.439274311065674 accuracy is 0.9796875 and loss is 0.04405796825885773
At time: 26.712493181228638 accuracy is 0.9484375 and loss is 0.15529019832611085
At time: 26.9932222366333 accuracy is 0.9703125 and loss is 0.08617610335350037
At time: 27.28203511238098 accuracy is 0.9890625 and loss is 0.03178187310695648
At time: 27.585956811904907 accuracy is 0.978125 and loss is 0.054025900363922116
At time: 27.908725023269653 accuracy is 0.9453125 and loss is 0.15808732509613038
Evaluating...
Done Evaluating: Achieved accuracy of 0.7263808139534884
Not better for 6
Completing Train Step at 7th epoch...
At time: 28.90394115447998 accuracy is 0.9453125 and loss is 0.16835843324661254
At time: 29.136852502822876 accuracy is 0.9703125 and loss is 0.0755120873451233
At time: 29.37485122680664 accuracy is 0.9765625 and loss is 0.06509026288986205
At time: 29.618882417678833 accuracy is 0.96875 and loss is 0.10207047462463378
At time: 29.870205402374268 accuracy is 0.978125 and loss is 0.09585140347480774
At time: 30.129547834396362 accuracy is 0.9796875 and loss is 0.06535725593566895
At time: 30.394819259643555 accuracy is 0.9875 and loss is 0.026973503828048705
At time: 30.67019820213318 accuracy is 0.9859375 and loss is 0.05545269846916199
At time: 30.95405340194702 accuracy is 0.975 and loss is 0.07824227213859558
At time: 31.24709987640381 accuracy is 0.971875 and loss is 0.0971910834312439
At time: 31.553767442703247 accuracy is 0.9796875 and loss is 0.0622874915599823
At time: 31.876436233520508 accuracy is 0.9640625 and loss is 0.11343991756439209
Evaluating...
Done Evaluating: Achieved accuracy of 0.7165697674418605
Not better for 7
Completing Train Step at 8th epoch...
At time: 32.872517585754395 accuracy is 0.91875 and loss is 0.17010868787765504
At time: 33.10658383369446 accuracy is 0.95 and loss is 0.10472277402877808
At time: 33.35060453414917 accuracy is 0.9359375 and loss is 0.13989027738571166
At time: 33.61130881309509 accuracy is 0.95 and loss is 0.11944023370742798
At time: 33.87451982498169 accuracy is 0.971875 and loss is 0.06860817074775696
At time: 34.14194130897522 accuracy is 0.96875 and loss is 0.08375878930091858
At time: 34.40929341316223 accuracy is 0.9734375 and loss is 0.065590238571167
At time: 34.68358898162842 accuracy is 0.965625 and loss is 0.0845123589038849
At time: 34.96694803237915 accuracy is 0.9546875 and loss is 0.1344440460205078
At time: 35.26016092300415 accuracy is 0.9875 and loss is 0.02673013210296631
At time: 35.56763935089111 accuracy is 0.984375 and loss is 0.047125279903411865
At time: 35.89056396484375 accuracy is 0.959375 and loss is 0.12047314643859863
Evaluating...
Done Evaluating: Achieved accuracy of 0.7234738372093024
Not better for 8
Completing Train Step at 9th epoch...
At time: 36.8639600276947 accuracy is 0.946875 and loss is 0.14815294742584229
At time: 37.09071373939514 accuracy is 0.9625 and loss is 0.09266095161437989
At time: 37.32650136947632 accuracy is 0.9671875 and loss is 0.07717836499214173
At time: 37.57109475135803 accuracy is 0.965625 and loss is 0.09439716935157776
At time: 37.82249689102173 accuracy is 0.9625 and loss is 0.10813933610916138
At time: 38.08165264129639 accuracy is 0.95 and loss is 0.15207825899124144
At time: 38.348084926605225 accuracy is 0.9734375 and loss is 0.07098169922828675
At time: 38.62430453300476 accuracy is 0.965625 and loss is 0.11450394392013549
At time: 38.909037351608276 accuracy is 0.9484375 and loss is 0.15679398775100709
At time: 39.20177340507507 accuracy is 0.9875 and loss is 0.03749976754188537
At time: 39.50847673416138 accuracy is 0.9421875 and loss is 0.1805826783180237
At time: 39.82917928695679 accuracy is 0.9703125 and loss is 0.1072506070137024
Evaluating...
Done Evaluating: Achieved accuracy of 0.7332848837209303
Not better for 9
Completing Train Step at 10th epoch...
At time: 40.80386662483215 accuracy is 0.9484375 and loss is 0.12841296195983887
At time: 41.03735375404358 accuracy is 0.934375 and loss is 0.17775367498397826
At time: 41.27662897109985 accuracy is 0.953125 and loss is 0.11998369693756103
At time: 41.51745796203613 accuracy is 0.9578125 and loss is 0.09500255584716796
At time: 41.76420736312866 accuracy is 0.975 and loss is 0.062218976020812986
At time: 42.02112412452698 accuracy is 0.9578125 and loss is 0.11380372047424317
At time: 42.284196615219116 accuracy is 0.9421875 and loss is 0.17997702360153198
At time: 42.55699682235718 accuracy is 0.965625 and loss is 0.09342502355575562
At time: 42.83805704116821 accuracy is 0.965625 and loss is 0.09597375988960266
At time: 43.1272714138031 accuracy is 0.9765625 and loss is 0.06718603372573853
At time: 43.43014574050903 accuracy is 0.978125 and loss is 0.04983537495136261
At time: 43.74814462661743 accuracy is 0.9609375 and loss is 0.10804970264434814
Evaluating...
Done Evaluating: Achieved accuracy of 0.7220203488372093
Not better for 10
Model not improving. Stopping earlyat 0.7863372093023255 epochs.
Done Training. Achieved Best Accuracy of 0.7863372093023255
Improved accuracyfrom -10000000 to 0.7863372093023255
mlpattn
SETTINGS FOR THIS RUN
{'attention_dim': 57, 'lr': 0.004729908110011245, 'batch_size': 32, 'rnn_dropout': 0.33804504826527104, 'wordvec_source': 'glove', 'l2': 0.7008754887758908, 'dropout': 0.41553978688604154, 'wordvec_dim': 300, 'attn_type': 'MLP', 'data': 'MPQA', 'num_layers': 2, 'tune_wordvecs': True}
Using CUDA!
here
MLP
Building RNN Classifier...

[93m    Warning: no model found for 'en'[0m

    Only loading the 'en' tokenizer.

Retrieving Data from file: /home-nfs/siddsach/ml/Interpreting-Attention/interpreting_language/data/mpqa/mpqa_subj_labels.pickle...
Loading Vectors From Memory...
Using these vectors: ['GloVe']
Getting GloVe Vectors with 300 dims
Building Vocab...
[<torchtext.vocab.Vectors object at 0x7f69cb66c128>]
Getting Batches...
Created Iterator with 261 batches
Getting Batches...
Created Iterator with 87 batches
Building model...
MLP
Using Attention model with following args:
{'num_classes': 2, 'train_word_vecs': True, 'hidden_size': 300, 'batch_size': 32, 'rnn_dropout': 0.33804504826527104, 'cuda': True, 'dropout': 0.41553978688604154, 'vectors': 
 0.0000  0.0000  0.0000  ...   0.0000  0.0000  0.0000
 0.0000  0.0000  0.0000  ...   0.0000  0.0000  0.0000
 0.0000  0.0000  0.0000  ...   0.0000  0.0000  0.0000
          ...             ⋱             ...          
-0.4786 -0.1089 -0.0076  ...   0.7458  0.7174  0.6185
 0.0000  0.0000  0.0000  ...   0.0000  0.0000  0.0000
-0.0479  0.9828  0.9182  ...   0.0424  0.4554 -0.3210
[torch.FloatTensor of size 15284x300]
, 'vocab_size': 15284, 'attn_type': 'MLP', 'attention_dim': 57, 'tune_attn': 'True', 'num_layers': 2, 'input_size': 300}
Begin Training...
Completing Train Step at 0th epoch...
At time: 0.27681851387023926 accuracy is 0.5890625 and loss is 0.7343805313110352
At time: 0.5304830074310303 accuracy is 0.640625 and loss is 0.6535416603088379
At time: 0.7966122627258301 accuracy is 0.6296875 and loss is 0.6785739421844482
At time: 1.0673959255218506 accuracy is 0.6703125 and loss is 0.5990113258361817
At time: 1.3474771976470947 accuracy is 0.7265625 and loss is 0.5610564231872559
At time: 1.6384825706481934 accuracy is 0.7234375 and loss is 0.5895731449127197
At time: 1.9402735233306885 accuracy is 0.6734375 and loss is 0.6393618106842041
At time: 2.2559585571289062 accuracy is 0.7265625 and loss is 0.5865462303161622
At time: 2.587818145751953 accuracy is 0.7125 and loss is 0.5551389694213867
At time: 2.9329588413238525 accuracy is 0.71875 and loss is 0.6096326351165772
At time: 3.295891761779785 accuracy is 0.790625 and loss is 0.46559672355651854
At time: 3.682620048522949 accuracy is 0.7171875 and loss is 0.5514168739318848
Evaluating...
Done Evaluating: Achieved accuracy of 0.6824127906976745
Achieved new best!
Completing Train Step at 1th epoch...
At time: 4.761255502700806 accuracy is 0.521875 and loss is 0.7232728958129883
At time: 4.993139266967773 accuracy is 0.8296875 and loss is 0.4464606285095215
At time: 5.231337308883667 accuracy is 0.828125 and loss is 0.4201521396636963
At time: 5.475421667098999 accuracy is 0.89375 and loss is 0.25039944648742674
At time: 5.723849296569824 accuracy is 0.8890625 and loss is 0.2947691440582275
At time: 5.980762720108032 accuracy is 0.8734375 and loss is 0.2959012269973755
At time: 6.2547993659973145 accuracy is 0.8703125 and loss is 0.3234272480010986
At time: 6.530524730682373 accuracy is 0.84375 and loss is 0.3449592113494873
At time: 6.81569766998291 accuracy is 0.8453125 and loss is 0.34551541805267333
At time: 7.109333038330078 accuracy is 0.8546875 and loss is 0.34808859825134275
At time: 7.414575815200806 accuracy is 0.846875 and loss is 0.3258307933807373
At time: 7.7370500564575195 accuracy is 0.8484375 and loss is 0.376436710357666
Evaluating...
Done Evaluating: Achieved accuracy of 0.7456395348837209
Achieved new best!
Completing Train Step at 2th epoch...
At time: 8.732322216033936 accuracy is 0.828125 and loss is 0.4760035514831543
At time: 8.960187435150146 accuracy is 0.90625 and loss is 0.29490103721618655
At time: 9.19606614112854 accuracy is 0.86875 and loss is 0.2951251983642578
At time: 9.440429925918579 accuracy is 0.85625 and loss is 0.33083391189575195
At time: 9.693493127822876 accuracy is 0.875 and loss is 0.31424095630645754
At time: 9.95640254020691 accuracy is 0.9015625 and loss is 0.23524186611175538
At time: 10.228038787841797 accuracy is 0.8953125 and loss is 0.25729377269744874
At time: 10.50755000114441 accuracy is 0.875 and loss is 0.3158742427825928
At time: 10.805670738220215 accuracy is 0.865625 and loss is 0.3421917915344238
At time: 11.110872030258179 accuracy is 0.8859375 and loss is 0.2866466760635376
At time: 11.423263788223267 accuracy is 0.9265625 and loss is 0.195871901512146
At time: 11.741072177886963 accuracy is 0.9125 and loss is 0.25346174240112307
Evaluating...
Done Evaluating: Achieved accuracy of 0.7445494186046512
Not better for 1
Completing Train Step at 3th epoch...
At time: 12.72314739227295 accuracy is 0.85625 and loss is 0.4430225372314453
At time: 12.955458879470825 accuracy is 0.925 and loss is 0.18999477624893188
At time: 13.195689916610718 accuracy is 0.9109375 and loss is 0.2563484191894531
At time: 13.445920467376709 accuracy is 0.8765625 and loss is 0.4757851600646973
At time: 13.7028226852417 accuracy is 0.8921875 and loss is 0.28965675830841064
At time: 13.963176012039185 accuracy is 0.9234375 and loss is 0.17655924558639527
At time: 14.240638256072998 accuracy is 0.928125 and loss is 0.2081616163253784
At time: 14.523800373077393 accuracy is 0.890625 and loss is 0.27434487342834474
At time: 14.813825845718384 accuracy is 0.9109375 and loss is 0.21148159503936767
At time: 15.110357284545898 accuracy is 0.9140625 and loss is 0.19855165481567383
At time: 15.414860963821411 accuracy is 0.9046875 and loss is 0.23744962215423585
At time: 15.733537197113037 accuracy is 0.884375 and loss is 0.29144854545593263
Evaluating...
Done Evaluating: Achieved accuracy of 0.7191133720930233
Not better for 2
Completing Train Step at 4th epoch...
At time: 16.698967218399048 accuracy is 0.8515625 and loss is 0.3534264326095581
At time: 16.93544888496399 accuracy is 0.909375 and loss is 0.2245641231536865
At time: 17.176161766052246 accuracy is 0.91875 and loss is 0.18042893409729005
At time: 17.42050576210022 accuracy is 0.93125 and loss is 0.24056241512298585
At time: 17.674458265304565 accuracy is 0.9140625 and loss is 0.22474896907806396
At time: 17.935032606124878 accuracy is 0.9625 and loss is 0.10552294254302978
At time: 18.20188045501709 accuracy is 0.94375 and loss is 0.13101433515548705
At time: 18.4759418964386 accuracy is 0.9046875 and loss is 0.26522369384765626
At time: 18.761677503585815 accuracy is 0.8953125 and loss is 0.2881826877593994
At time: 19.05608820915222 accuracy is 0.9234375 and loss is 0.1904313087463379
At time: 19.36188268661499 accuracy is 0.940625 and loss is 0.19882055521011352
At time: 19.682093381881714 accuracy is 0.940625 and loss is 0.18297986984252929
Evaluating...
Done Evaluating: Achieved accuracy of 0.731468023255814
Not better for 3
Completing Train Step at 5th epoch...
At time: 20.643775701522827 accuracy is 0.884375 and loss is 0.26880178451538084
At time: 20.872957468032837 accuracy is 0.9359375 and loss is 0.14661009311676027
At time: 21.110227823257446 accuracy is 0.9375 and loss is 0.16340698003768922
At time: 21.35271954536438 accuracy is 0.9203125 and loss is 0.26179120540618894
At time: 21.604063987731934 accuracy is 0.91875 and loss is 0.21972980499267578
At time: 21.867350339889526 accuracy is 0.9546875 and loss is 0.12570301294326783
At time: 22.13625693321228 accuracy is 0.94375 and loss is 0.14648985862731934
At time: 22.411769151687622 accuracy is 0.9234375 and loss is 0.21257505416870118
At time: 22.70483088493347 accuracy is 0.940625 and loss is 0.16346433162689208
At time: 22.994807243347168 accuracy is 0.934375 and loss is 0.1377715826034546
At time: 23.299484491348267 accuracy is 0.93125 and loss is 0.15462478399276733
At time: 23.62312626838684 accuracy is 0.91875 and loss is 0.19852683544158936
Evaluating...
Done Evaluating: Achieved accuracy of 0.6958575581395349
Not better for 4
Completing Train Step at 6th epoch...
At time: 24.594778060913086 accuracy is 0.8859375 and loss is 0.2749098539352417
At time: 24.82302188873291 accuracy is 0.94375 and loss is 0.16567091941833495
At time: 25.060301065444946 accuracy is 0.9453125 and loss is 0.14787596464157104
At time: 25.307873249053955 accuracy is 0.921875 and loss is 0.1757676124572754
At time: 25.56270742416382 accuracy is 0.934375 and loss is 0.2123589038848877
At time: 25.824190855026245 accuracy is 0.8953125 and loss is 0.2803459644317627
At time: 26.09309482574463 accuracy is 0.9328125 and loss is 0.14525105953216552
At time: 26.36739683151245 accuracy is 0.925 and loss is 0.2265009880065918
At time: 26.652606964111328 accuracy is 0.909375 and loss is 0.2635814189910889
At time: 26.94845962524414 accuracy is 0.93125 and loss is 0.1841212272644043
At time: 27.260534048080444 accuracy is 0.94375 and loss is 0.16725188493728638
At time: 27.584758281707764 accuracy is 0.9328125 and loss is 0.1785800814628601
Evaluating...
Done Evaluating: Achieved accuracy of 0.7053052325581395
Not better for 5
Completing Train Step at 7th epoch...
At time: 28.587267875671387 accuracy is 0.8734375 and loss is 0.2910398721694946
At time: 28.826354265213013 accuracy is 0.9453125 and loss is 0.15238540172576903
At time: 29.065492391586304 accuracy is 0.9453125 and loss is 0.1423162817955017
At time: 29.311331272125244 accuracy is 0.9109375 and loss is 0.21329214572906494
At time: 29.562907934188843 accuracy is 0.9421875 and loss is 0.1547327756881714
At time: 29.822604656219482 accuracy is 0.934375 and loss is 0.16496071815490723
At time: 30.090646505355835 accuracy is 0.94375 and loss is 0.1389551043510437
At time: 30.367849588394165 accuracy is 0.9203125 and loss is 0.19796326160430908
At time: 30.652119398117065 accuracy is 0.940625 and loss is 0.14396215677261354
At time: 30.946101427078247 accuracy is 0.9625 and loss is 0.08714581727981567
At time: 31.25455927848816 accuracy is 0.9609375 and loss is 0.10399261713027955
At time: 31.579612970352173 accuracy is 0.940625 and loss is 0.13006240129470825
Evaluating...
Done Evaluating: Achieved accuracy of 0.7238372093023255
Not better for 6
Completing Train Step at 8th epoch...
At time: 32.575711488723755 accuracy is 0.9125 and loss is 0.23384253978729247
At time: 32.820704221725464 accuracy is 0.9484375 and loss is 0.13922395706176757
At time: 33.06177091598511 accuracy is 0.925 and loss is 0.1781514048576355
At time: 33.30712008476257 accuracy is 0.94375 and loss is 0.15703942775726318
At time: 33.556535720825195 accuracy is 0.953125 and loss is 0.12061177492141724
At time: 33.81408977508545 accuracy is 0.9421875 and loss is 0.15697915554046632
At time: 34.08090353012085 accuracy is 0.9578125 and loss is 0.10936239957809449
At time: 34.357746839523315 accuracy is 0.928125 and loss is 0.15547319650650024
At time: 34.643038272857666 accuracy is 0.940625 and loss is 0.14708746671676637
At time: 34.93740153312683 accuracy is 0.9640625 and loss is 0.0882798194885254
At time: 35.244123220443726 accuracy is 0.95625 and loss is 0.10078667402267456
At time: 35.56590938568115 accuracy is 0.965625 and loss is 0.09739195108413697
Evaluating...
Done Evaluating: Achieved accuracy of 0.7354651162790697
Not better for 7
Completing Train Step at 9th epoch...
At time: 36.55283260345459 accuracy is 0.903125 and loss is 0.23274199962615966
At time: 36.78677415847778 accuracy is 0.94375 and loss is 0.15185974836349486
At time: 37.02616214752197 accuracy is 0.9296875 and loss is 0.1644805908203125
At time: 37.26945233345032 accuracy is 0.94375 and loss is 0.14534430503845214
At time: 37.51919436454773 accuracy is 0.9578125 and loss is 0.10492066144943238
At time: 37.77722692489624 accuracy is 0.93125 and loss is 0.14961345195770265
At time: 38.04425621032715 accuracy is 0.95 and loss is 0.12360025644302368
At time: 38.32097125053406 accuracy is 0.94375 and loss is 0.1425970435142517
At time: 38.60620713233948 accuracy is 0.9484375 and loss is 0.12101753950119018
At time: 38.900185346603394 accuracy is 0.9640625 and loss is 0.08666812181472779
At time: 39.205291986465454 accuracy is 0.959375 and loss is 0.11117526292800903
At time: 39.526859760284424 accuracy is 0.9453125 and loss is 0.13126392364501954
Evaluating...
Done Evaluating: Achieved accuracy of 0.735828488372093
Not better for 8
Completing Train Step at 10th epoch...
At time: 40.520753383636475 accuracy is 0.9234375 and loss is 0.19422987699508668
At time: 40.75549125671387 accuracy is 0.940625 and loss is 0.12486692667007446
At time: 40.99485206604004 accuracy is 0.953125 and loss is 0.12724148035049437
At time: 41.23743414878845 accuracy is 0.940625 and loss is 0.16235727071762085
At time: 41.48734974861145 accuracy is 0.9671875 and loss is 0.08791531324386596
At time: 41.74734282493591 accuracy is 0.9375 and loss is 0.13871333599090577
At time: 42.015889167785645 accuracy is 0.940625 and loss is 0.15155036449432374
At time: 42.29200339317322 accuracy is 0.95 and loss is 0.13343216180801393
At time: 42.57749390602112 accuracy is 0.959375 and loss is 0.10545028448104858
At time: 42.871699810028076 accuracy is 0.9609375 and loss is 0.09307329058647155
At time: 43.17790508270264 accuracy is 0.9671875 and loss is 0.10115938186645508
At time: 43.49974799156189 accuracy is 0.95 and loss is 0.1260210633277893
Evaluating...
Done Evaluating: Achieved accuracy of 0.7278343023255814
Not better for 9
Completing Train Step at 11th epoch...
At time: 44.47647547721863 accuracy is 0.925 and loss is 0.19047079086303711
At time: 44.708239793777466 accuracy is 0.9390625 and loss is 0.14689868688583374
At time: 44.94986343383789 accuracy is 0.9328125 and loss is 0.14118374586105348
At time: 45.211897134780884 accuracy is 0.9671875 and loss is 0.11923370361328126
At time: 45.46996855735779 accuracy is 0.9609375 and loss is 0.09869071245193481
At time: 45.730345487594604 accuracy is 0.9484375 and loss is 0.1371459484100342
At time: 45.99665141105652 accuracy is 0.9453125 and loss is 0.136121928691864
At time: 46.27355122566223 accuracy is 0.9421875 and loss is 0.13153486251831054
At time: 46.56046009063721 accuracy is 0.9609375 and loss is 0.09613040685653687
At time: 46.85625624656677 accuracy is 0.971875 and loss is 0.06878947615623474
At time: 47.16224932670593 accuracy is 0.96875 and loss is 0.07829164862632751
At time: 47.48141956329346 accuracy is 0.9609375 and loss is 0.09844977855682373
Evaluating...
Done Evaluating: Achieved accuracy of 0.7303779069767442
Not better for 10
Model not improving. Stopping earlyat 0.7456395348837209 epochs.
Done Training. Achieved Best Accuracy of 0.7456395348837209
mlpattn
SETTINGS FOR THIS RUN
{'attention_dim': 78, 'lr': 0.0008466234196817648, 'batch_size': 32, 'rnn_dropout': 0.9829921258650134, 'wordvec_source': 'glove', 'l2': 0.5723811448967233, 'dropout': 0.7063754364844059, 'wordvec_dim': 300, 'attn_type': 'MLP', 'data': 'MPQA', 'num_layers': 2, 'tune_wordvecs': True}
Using CUDA!
here
MLP
Building RNN Classifier...

[93m    Warning: no model found for 'en'[0m

    Only loading the 'en' tokenizer.

Retrieving Data from file: /home-nfs/siddsach/ml/Interpreting-Attention/interpreting_language/data/mpqa/mpqa_subj_labels.pickle...
Loading Vectors From Memory...
Using these vectors: ['GloVe']
Getting GloVe Vectors with 300 dims
Building Vocab...
[<torchtext.vocab.Vectors object at 0x7f69d1efac18>]
Getting Batches...
Created Iterator with 261 batches
Getting Batches...
Created Iterator with 87 batches
Building model...
MLP
Using Attention model with following args:
{'num_classes': 2, 'train_word_vecs': True, 'hidden_size': 300, 'batch_size': 32, 'rnn_dropout': 0.9829921258650134, 'cuda': True, 'dropout': 0.7063754364844059, 'vectors': 
 0.0000  0.0000  0.0000  ...   0.0000  0.0000  0.0000
 0.0000  0.0000  0.0000  ...   0.0000  0.0000  0.0000
 0.0000  0.0000  0.0000  ...   0.0000  0.0000  0.0000
          ...             ⋱             ...          
-0.4786 -0.1089 -0.0076  ...   0.7458  0.7174  0.6185
 0.0000  0.0000  0.0000  ...   0.0000  0.0000  0.0000
-0.0479  0.9828  0.9182  ...   0.0424  0.4554 -0.3210
[torch.FloatTensor of size 15284x300]
, 'vocab_size': 15284, 'attn_type': 'MLP', 'attention_dim': 78, 'tune_attn': 'True', 'num_layers': 2, 'input_size': 300}
Begin Training...
Completing Train Step at 0th epoch...
At time: 0.2702786922454834 accuracy is 0.58125 and loss is 0.717244291305542
At time: 0.5250363349914551 accuracy is 0.578125 and loss is 0.687586784362793
At time: 0.7903048992156982 accuracy is 0.596875 and loss is 0.6480659008026123
At time: 1.0633971691131592 accuracy is 0.6765625 and loss is 0.611589765548706
At time: 1.3543822765350342 accuracy is 0.7140625 and loss is 0.60509033203125
At time: 1.6527185440063477 accuracy is 0.7078125 and loss is 0.5695414066314697
At time: 1.9621028900146484 accuracy is 0.7265625 and loss is 0.5689132213592529
At time: 2.281420946121216 accuracy is 0.7578125 and loss is 0.5190659999847412
At time: 2.617588520050049 accuracy is 0.7703125 and loss is 0.4985510349273682
At time: 2.9709479808807373 accuracy is 0.76875 and loss is 0.5398190975189209
At time: 3.338810920715332 accuracy is 0.75 and loss is 0.5286821365356446
At time: 3.7296664714813232 accuracy is 0.746875 and loss is 0.5156290054321289
Evaluating...
Done Evaluating: Achieved accuracy of 0.7739825581395349
Achieved new best!
Completing Train Step at 1th epoch...
At time: 4.805272102355957 accuracy is 0.6546875 and loss is 0.6903876781463623
At time: 5.04119610786438 accuracy is 0.80625 and loss is 0.5111500740051269
At time: 5.2807488441467285 accuracy is 0.8265625 and loss is 0.39488968849182127
At time: 5.520362615585327 accuracy is 0.8328125 and loss is 0.390468430519104
At time: 5.767296314239502 accuracy is 0.8640625 and loss is 0.33365280628204347
At time: 6.024197816848755 accuracy is 0.8421875 and loss is 0.37158918380737305
At time: 6.289249420166016 accuracy is 0.85625 and loss is 0.31415481567382814
At time: 6.564367055892944 accuracy is 0.8671875 and loss is 0.3513727426528931
At time: 6.8517632484436035 accuracy is 0.8796875 and loss is 0.30556092262268064
At time: 7.149020195007324 accuracy is 0.8390625 and loss is 0.347657299041748
At time: 7.474915266036987 accuracy is 0.8859375 and loss is 0.27941694259643557
At time: 7.795017957687378 accuracy is 0.85 and loss is 0.35227389335632325
Evaluating...
Done Evaluating: Achieved accuracy of 0.7776162790697675
Achieved new best!
Completing Train Step at 2th epoch...
At time: 8.792610883712769 accuracy is 0.809375 and loss is 0.5325791358947753
At time: 9.042449474334717 accuracy is 0.85625 and loss is 0.3531684637069702
At time: 9.289649486541748 accuracy is 0.86875 and loss is 0.3037784814834595
At time: 9.538808345794678 accuracy is 0.9359375 and loss is 0.1654016375541687
At time: 9.794285297393799 accuracy is 0.940625 and loss is 0.13578314781188966
At time: 10.054646730422974 accuracy is 0.9328125 and loss is 0.18328667879104615
At time: 10.323199033737183 accuracy is 0.9546875 and loss is 0.1313744902610779
At time: 10.598004817962646 accuracy is 0.9296875 and loss is 0.19864556789398194
At time: 10.886716842651367 accuracy is 0.9375 and loss is 0.16126606464385987
At time: 11.184102296829224 accuracy is 0.9390625 and loss is 0.15673904418945311
At time: 11.49263858795166 accuracy is 0.9796875 and loss is 0.07613614797592164
At time: 11.816555261611938 accuracy is 0.928125 and loss is 0.20477309226989746
Evaluating...
Done Evaluating: Achieved accuracy of 0.7020348837209303
Not better for 1
Completing Train Step at 3th epoch...
At time: 12.804008960723877 accuracy is 0.865625 and loss is 0.391930079460144
At time: 13.038183450698853 accuracy is 0.9140625 and loss is 0.2097318649291992
At time: 13.277253866195679 accuracy is 0.93125 and loss is 0.1626343846321106
At time: 13.522745847702026 accuracy is 0.978125 and loss is 0.06487292647361756
At time: 13.774219512939453 accuracy is 0.9796875 and loss is 0.06085129976272583
At time: 14.033145904541016 accuracy is 0.93125 and loss is 0.15493624210357665
At time: 14.300812721252441 accuracy is 0.9484375 and loss is 0.12712807655334474
At time: 14.577063083648682 accuracy is 0.95625 and loss is 0.10161429643630981
At time: 14.861397504806519 accuracy is 0.9640625 and loss is 0.0885159969329834
At time: 15.156607151031494 accuracy is 0.9796875 and loss is 0.05613087415695191
At time: 15.461505889892578 accuracy is 0.978125 and loss is 0.057493412494659425
At time: 15.78331208229065 accuracy is 0.9578125 and loss is 0.1326661467552185
Evaluating...
Done Evaluating: Achieved accuracy of 0.7619912790697675
Not better for 2
Completing Train Step at 4th epoch...
At time: 16.79521632194519 accuracy is 0.909375 and loss is 0.24040346145629882
At time: 17.032994270324707 accuracy is 0.9484375 and loss is 0.14098893404006957
At time: 17.275681495666504 accuracy is 0.953125 and loss is 0.12989991903305054
At time: 17.52355456352234 accuracy is 0.9484375 and loss is 0.14988695383071898
At time: 17.77604603767395 accuracy is 0.9453125 and loss is 0.23721020221710204
At time: 18.033718824386597 accuracy is 0.9734375 and loss is 0.07376430630683899
At time: 18.301728010177612 accuracy is 0.9625 and loss is 0.08414060473442078
At time: 18.578808069229126 accuracy is 0.9703125 and loss is 0.07497851848602295
At time: 18.864407777786255 accuracy is 0.9765625 and loss is 0.0704077124595642
At time: 19.158555269241333 accuracy is 0.9703125 and loss is 0.09926838874816894
At time: 19.486340045928955 accuracy is 0.978125 and loss is 0.04937449395656586
At time: 19.822802543640137 accuracy is 0.96875 and loss is 0.0911366581916809
Evaluating...
Done Evaluating: Achieved accuracy of 0.7634447674418605
Not better for 3
Completing Train Step at 5th epoch...
At time: 20.837584257125854 accuracy is 0.9625 and loss is 0.14790333509445192
At time: 21.066232442855835 accuracy is 0.971875 and loss is 0.09080256223678589
At time: 21.304208755493164 accuracy is 0.9625 and loss is 0.1250665307044983
At time: 21.549747228622437 accuracy is 0.9171875 and loss is 0.20850057601928712
At time: 21.803035497665405 accuracy is 0.96875 and loss is 0.10641235113143921
At time: 22.065584421157837 accuracy is 0.984375 and loss is 0.04598545134067535
At time: 22.336568593978882 accuracy is 0.9828125 and loss is 0.04824528694152832
At time: 22.61504340171814 accuracy is 0.9796875 and loss is 0.05990380644798279
At time: 22.90204620361328 accuracy is 0.9734375 and loss is 0.06331902146339416
At time: 23.193629264831543 accuracy is 0.978125 and loss is 0.08343491554260254
At time: 23.496299982070923 accuracy is 0.984375 and loss is 0.03754731714725494
At time: 23.814425945281982 accuracy is 0.9734375 and loss is 0.08845497369766235
Evaluating...
Done Evaluating: Achieved accuracy of 0.7554505813953488
Not better for 4
Completing Train Step at 6th epoch...
At time: 24.781813859939575 accuracy is 0.9296875 and loss is 0.208044695854187
At time: 25.01429057121277 accuracy is 0.9640625 and loss is 0.09604671597480774
At time: 25.253705263137817 accuracy is 0.984375 and loss is 0.041106569766998294
At time: 25.49899435043335 accuracy is 0.984375 and loss is 0.05048545598983765
At time: 25.74954843521118 accuracy is 0.971875 and loss is 0.09736675620079041
At time: 26.009276390075684 accuracy is 0.9828125 and loss is 0.06123573780059814
At time: 26.276567220687866 accuracy is 0.98125 and loss is 0.04843860566616058
At time: 26.550244331359863 accuracy is 0.9796875 and loss is 0.059685760736465455
At time: 26.83289408683777 accuracy is 0.9875 and loss is 0.04048817455768585
At time: 27.12646245956421 accuracy is 0.9765625 and loss is 0.041653960943222046
At time: 27.43081784248352 accuracy is 0.98125 and loss is 0.03934878408908844
At time: 27.75198769569397 accuracy is 0.9828125 and loss is 0.04631417691707611
Evaluating...
Done Evaluating: Achieved accuracy of 0.7420058139534884
Not better for 5
Completing Train Step at 7th epoch...
At time: 28.73869490623474 accuracy is 0.9578125 and loss is 0.11756930351257325
At time: 28.971255779266357 accuracy is 0.965625 and loss is 0.09121143817901611
At time: 29.2104229927063 accuracy is 0.98125 and loss is 0.06342768669128418
At time: 29.459070444107056 accuracy is 0.9765625 and loss is 0.06013627648353577
At time: 29.713749170303345 accuracy is 0.9453125 and loss is 0.1274510622024536
At time: 29.975295782089233 accuracy is 0.9828125 and loss is 0.03882828950881958
At time: 30.239190101623535 accuracy is 0.99375 and loss is 0.0286016047000885
At time: 30.51432180404663 accuracy is 0.9890625 and loss is 0.045975986123085025
At time: 30.800307035446167 accuracy is 0.9859375 and loss is 0.040439918637275696
At time: 31.093907594680786 accuracy is 0.99375 and loss is 0.020933979749679567
At time: 31.39791774749756 accuracy is 0.9859375 and loss is 0.029940038919448853
At time: 31.71709394454956 accuracy is 0.9796875 and loss is 0.07305453419685363
Evaluating...
Done Evaluating: Achieved accuracy of 0.7249273255813954
Not better for 6
Completing Train Step at 8th epoch...
At time: 32.69497776031494 accuracy is 0.978125 and loss is 0.09113351106643677
At time: 32.92619800567627 accuracy is 0.965625 and loss is 0.06587882041931152
At time: 33.16636657714844 accuracy is 0.9875 and loss is 0.05492548942565918
At time: 33.41446828842163 accuracy is 0.978125 and loss is 0.0624317467212677
At time: 33.667612075805664 accuracy is 0.9875 and loss is 0.04004386961460114
At time: 33.927802324295044 accuracy is 0.9828125 and loss is 0.04195698797702789
At time: 34.19365334510803 accuracy is 0.9859375 and loss is 0.06020346879959106
At time: 34.469613552093506 accuracy is 0.9453125 and loss is 0.1926691174507141
At time: 34.75119137763977 accuracy is 0.98125 and loss is 0.0860715389251709
At time: 35.041582107543945 accuracy is 0.9953125 and loss is 0.019114480912685396
At time: 35.34917759895325 accuracy is 0.9890625 and loss is 0.029821470379829407
At time: 35.68902325630188 accuracy is 0.9890625 and loss is 0.048031586408615115
Evaluating...
Done Evaluating: Achieved accuracy of 0.7572674418604651
Not better for 7
Completing Train Step at 9th epoch...
At time: 36.68633818626404 accuracy is 0.975 and loss is 0.10423059463500976
At time: 36.922749757766724 accuracy is 0.9703125 and loss is 0.10643821954727173
At time: 37.16336464881897 accuracy is 0.9640625 and loss is 0.07233143448829651
At time: 37.408066511154175 accuracy is 0.984375 and loss is 0.0458177775144577
At time: 37.658589124679565 accuracy is 0.971875 and loss is 0.080266273021698
At time: 37.918262243270874 accuracy is 0.990625 and loss is 0.026380258798599242
At time: 38.187172412872314 accuracy is 0.9734375 and loss is 0.07471098303794861
At time: 38.46262526512146 accuracy is 0.99375 and loss is 0.0194480299949646
At time: 38.751415729522705 accuracy is 0.9828125 and loss is 0.05155615210533142
At time: 39.043641567230225 accuracy is 0.990625 and loss is 0.022370694577693938
At time: 39.34660768508911 accuracy is 0.9921875 and loss is 0.023229292035102843
At time: 39.668410301208496 accuracy is 0.99375 and loss is 0.03166025280952454
Evaluating...
Done Evaluating: Achieved accuracy of 0.7550872093023255
Not better for 8
Completing Train Step at 10th epoch...
At time: 40.64582920074463 accuracy is 0.9765625 and loss is 0.07084908485412597
At time: 40.8781201839447 accuracy is 0.9859375 and loss is 0.04790569543838501
At time: 41.11831188201904 accuracy is 0.98125 and loss is 0.08760218024253845
At time: 41.35936117172241 accuracy is 0.990625 and loss is 0.026012411713600157
At time: 41.60745358467102 accuracy is 0.9828125 and loss is 0.05179681181907654
At time: 41.862019062042236 accuracy is 0.9953125 and loss is 0.011454601585865021
At time: 42.12735319137573 accuracy is 0.978125 and loss is 0.06780250072479248
At time: 42.39901804924011 accuracy is 0.9921875 and loss is 0.021225786209106444
At time: 42.68140459060669 accuracy is 0.9859375 and loss is 0.05441884994506836
At time: 42.9710750579834 accuracy is 0.96875 and loss is 0.09765537977218627
At time: 43.27493476867676 accuracy is 0.9796875 and loss is 0.0538558304309845
At time: 43.59356331825256 accuracy is 0.975 and loss is 0.09279868602752686
Evaluating...
Done Evaluating: Achieved accuracy of 0.7561773255813954
Not better for 9
Completing Train Step at 11th epoch...
At time: 44.566651344299316 accuracy is 0.9828125 and loss is 0.07836336493492127
At time: 44.7985360622406 accuracy is 0.990625 and loss is 0.03776317536830902
At time: 45.035747051239014 accuracy is 0.9890625 and loss is 0.05848766565322876
At time: 45.277889013290405 accuracy is 0.9875 and loss is 0.05332130193710327
At time: 45.525623083114624 accuracy is 0.9953125 and loss is 0.022882404923439025
At time: 45.782713413238525 accuracy is 0.9765625 and loss is 0.09616745710372925
At time: 46.04722857475281 accuracy is 0.9859375 and loss is 0.04006310105323792
At time: 46.318891763687134 accuracy is 0.9609375 and loss is 0.11506872177124024
At time: 46.60190558433533 accuracy is 0.9859375 and loss is 0.0695799469947815
At time: 46.8895742893219 accuracy is 0.990625 and loss is 0.03059566915035248
At time: 47.19337487220764 accuracy is 0.978125 and loss is 0.06673645973205566
At time: 47.51112747192383 accuracy is 0.9859375 and loss is 0.07360800504684448
Evaluating...
Done Evaluating: Achieved accuracy of 0.75
Not better for 10
Model not improving. Stopping earlyat 0.7776162790697675 epochs.
Done Training. Achieved Best Accuracy of 0.7776162790697675
mlpattn
SETTINGS FOR THIS RUN
{'attention_dim': 23, 'lr': 0.0029461926020027665, 'batch_size': 32, 'rnn_dropout': 0.030021325712089153, 'wordvec_source': 'glove', 'l2': 0.6064881888064021, 'dropout': 0.24065979166620421, 'wordvec_dim': 300, 'attn_type': 'MLP', 'data': 'MPQA', 'num_layers': 2, 'tune_wordvecs': True}
Using CUDA!
here
MLP
Building RNN Classifier...

[93m    Warning: no model found for 'en'[0m

    Only loading the 'en' tokenizer.

Retrieving Data from file: /home-nfs/siddsach/ml/Interpreting-Attention/interpreting_language/data/mpqa/mpqa_subj_labels.pickle...
Loading Vectors From Memory...
Using these vectors: ['GloVe']
Getting GloVe Vectors with 300 dims
Building Vocab...
[<torchtext.vocab.Vectors object at 0x7f69ce93a4e0>]
Getting Batches...
Created Iterator with 261 batches
Getting Batches...
Created Iterator with 87 batches
Building model...
MLP
Using Attention model with following args:
{'num_classes': 2, 'train_word_vecs': True, 'hidden_size': 300, 'batch_size': 32, 'rnn_dropout': 0.030021325712089153, 'cuda': True, 'dropout': 0.24065979166620421, 'vectors': 
 0.0000  0.0000  0.0000  ...   0.0000  0.0000  0.0000
 0.0000  0.0000  0.0000  ...   0.0000  0.0000  0.0000
 0.0000  0.0000  0.0000  ...   0.0000  0.0000  0.0000
          ...             ⋱             ...          
-0.4786 -0.1089 -0.0076  ...   0.7458  0.7174  0.6185
 0.0000  0.0000  0.0000  ...   0.0000  0.0000  0.0000
-0.0479  0.9828  0.9182  ...   0.0424  0.4554 -0.3210
[torch.FloatTensor of size 15284x300]
, 'vocab_size': 15284, 'attn_type': 'MLP', 'attention_dim': 23, 'tune_attn': 'True', 'num_layers': 2, 'input_size': 300}
Begin Training...
Completing Train Step at 0th epoch...
At time: 0.2947578430175781 accuracy is 0.55625 and loss is 0.7279257774353027
At time: 0.5569074153900146 accuracy is 0.496875 and loss is 0.7153266429901123
At time: 0.8250453472137451 accuracy is 0.56875 and loss is 0.6813296794891357
At time: 1.099198818206787 accuracy is 0.703125 and loss is 0.581116771697998
At time: 1.382371187210083 accuracy is 0.6734375 and loss is 0.576426362991333
At time: 1.6767704486846924 accuracy is 0.725 and loss is 0.5610434532165527
At time: 1.9823455810546875 accuracy is 0.75 and loss is 0.505593204498291
At time: 2.303448438644409 accuracy is 0.7859375 and loss is 0.4938936233520508
At time: 2.6387734413146973 accuracy is 0.771875 and loss is 0.5080164909362793
At time: 2.9853463172912598 accuracy is 0.7609375 and loss is 0.5226588249206543
At time: 3.349926233291626 accuracy is 0.7765625 and loss is 0.4742575645446777
At time: 3.7427258491516113 accuracy is 0.7390625 and loss is 0.5322904586791992
Evaluating...
Done Evaluating: Achieved accuracy of 0.7845203488372093
Achieved new best!
Completing Train Step at 1th epoch...
At time: 4.815079689025879 accuracy is 0.7171875 and loss is 0.6198084831237793
At time: 5.051312446594238 accuracy is 0.8109375 and loss is 0.44486031532287595
At time: 5.3006908893585205 accuracy is 0.8390625 and loss is 0.36938135623931884
At time: 5.551944255828857 accuracy is 0.8015625 and loss is 0.45536351203918457
At time: 5.807977676391602 accuracy is 0.796875 and loss is 0.41623964309692385
At time: 6.064614534378052 accuracy is 0.8515625 and loss is 0.34762940406799314
At time: 6.326970815658569 accuracy is 0.865625 and loss is 0.31314740180969236
At time: 6.599010467529297 accuracy is 0.89375 and loss is 0.3106689929962158
At time: 6.885585069656372 accuracy is 0.853125 and loss is 0.3718317747116089
At time: 7.181769847869873 accuracy is 0.8484375 and loss is 0.3761322259902954
At time: 7.488597869873047 accuracy is 0.8125 and loss is 0.40140590667724607
At time: 7.807227373123169 accuracy is 0.8390625 and loss is 0.4364152431488037
Evaluating...
Done Evaluating: Achieved accuracy of 0.7652616279069767
Not better for 1
Completing Train Step at 2th epoch...
At time: 8.779741525650024 accuracy is 0.8359375 and loss is 0.5295685768127442
At time: 9.009706258773804 accuracy is 0.9171875 and loss is 0.27837629318237306
At time: 9.245357036590576 accuracy is 0.9203125 and loss is 0.20739622116088868
At time: 9.488685846328735 accuracy is 0.90625 and loss is 0.2504764795303345
At time: 9.739615440368652 accuracy is 0.8859375 and loss is 0.27554757595062257
At time: 9.998210430145264 accuracy is 0.89375 and loss is 0.27554123401641845
At time: 10.264769792556763 accuracy is 0.93125 and loss is 0.1713631868362427
At time: 10.537107706069946 accuracy is 0.9015625 and loss is 0.269574236869812
At time: 10.819985389709473 accuracy is 0.903125 and loss is 0.29327921867370604
At time: 11.111465454101562 accuracy is 0.875 and loss is 0.31252734661102294
At time: 11.41438913345337 accuracy is 0.9109375 and loss is 0.23669774532318116
At time: 11.73266887664795 accuracy is 0.8671875 and loss is 0.3072559595108032
Evaluating...
Done Evaluating: Achieved accuracy of 0.7576308139534884
Not better for 2
Completing Train Step at 3th epoch...
At time: 12.700737476348877 accuracy is 0.8875 and loss is 0.38854007720947265
At time: 12.930940866470337 accuracy is 0.9234375 and loss is 0.18644245862960815
At time: 13.168741226196289 accuracy is 0.9765625 and loss is 0.06347089409828185
At time: 13.412760496139526 accuracy is 0.96875 and loss is 0.08830174803733826
At time: 13.670947790145874 accuracy is 0.909375 and loss is 0.41968436241149903
At time: 13.943630456924438 accuracy is 0.896875 and loss is 0.32028200626373293
At time: 14.211838006973267 accuracy is 0.9171875 and loss is 0.24015979766845702
At time: 14.490031719207764 accuracy is 0.878125 and loss is 0.33399794101715086
At time: 14.775558233261108 accuracy is 0.91875 and loss is 0.2565371751785278
At time: 15.068079471588135 accuracy is 0.928125 and loss is 0.18502999544143678
At time: 15.377701044082642 accuracy is 0.9265625 and loss is 0.1748788595199585
At time: 15.700236320495605 accuracy is 0.9109375 and loss is 0.22719209194183348
Evaluating...
Done Evaluating: Achieved accuracy of 0.7311046511627907
Not better for 3
Completing Train Step at 4th epoch...
At time: 16.68368101119995 accuracy is 0.884375 and loss is 0.2964590787887573
At time: 16.92049479484558 accuracy is 0.94375 and loss is 0.17457622289657593
At time: 17.16321110725403 accuracy is 0.9703125 and loss is 0.10591011047363282
At time: 17.407524585723877 accuracy is 0.9453125 and loss is 0.12144066095352173
At time: 17.656362056732178 accuracy is 0.9296875 and loss is 0.24772813320159912
At time: 17.915138959884644 accuracy is 0.9375 and loss is 0.20670604705810547
At time: 18.183951377868652 accuracy is 0.95 and loss is 0.1315102458000183
At time: 18.457217693328857 accuracy is 0.946875 and loss is 0.15287998914718628
At time: 18.737739324569702 accuracy is 0.9484375 and loss is 0.14151949882507325
At time: 19.02988839149475 accuracy is 0.9515625 and loss is 0.11904523372650147
At time: 19.3351092338562 accuracy is 0.95 and loss is 0.12301671504974365
At time: 19.65679359436035 accuracy is 0.940625 and loss is 0.1552618145942688
Evaluating...
Done Evaluating: Achieved accuracy of 0.7390988372093024
Not better for 4
Completing Train Step at 5th epoch...
At time: 20.643576622009277 accuracy is 0.9015625 and loss is 0.25318963527679444
At time: 20.882012367248535 accuracy is 0.93125 and loss is 0.16307469606399536
At time: 21.122468948364258 accuracy is 0.9734375 and loss is 0.07102551460266113
At time: 21.37027335166931 accuracy is 0.9734375 and loss is 0.0924980103969574
At time: 21.626526355743408 accuracy is 0.953125 and loss is 0.15541117191314696
At time: 21.893303394317627 accuracy is 0.959375 and loss is 0.12395163774490356
At time: 22.16094160079956 accuracy is 0.975 and loss is 0.06773334145545959
At time: 22.437946319580078 accuracy is 0.971875 and loss is 0.0806858479976654
At time: 22.723625421524048 accuracy is 0.9578125 and loss is 0.11098542213439941
At time: 23.02023196220398 accuracy is 0.9515625 and loss is 0.1291490077972412
At time: 23.329859495162964 accuracy is 0.946875 and loss is 0.1363809585571289
At time: 23.65419316291809 accuracy is 0.9453125 and loss is 0.15216462612152098
Evaluating...
Done Evaluating: Achieved accuracy of 0.7394622093023255
Not better for 5
Completing Train Step at 6th epoch...
At time: 24.650861501693726 accuracy is 0.9 and loss is 0.26763296127319336
At time: 24.881771326065063 accuracy is 0.940625 and loss is 0.13458189964294434
At time: 25.119060754776 accuracy is 0.96875 and loss is 0.08268577456474305
At time: 25.366551160812378 accuracy is 0.95625 and loss is 0.12709519863128663
At time: 25.622147798538208 accuracy is 0.925 and loss is 0.21782245635986328
At time: 25.887823581695557 accuracy is 0.94375 and loss is 0.12491797208786011
At time: 26.16053557395935 accuracy is 0.953125 and loss is 0.11900267601013184
At time: 26.436880350112915 accuracy is 0.9453125 and loss is 0.12836445569992067
At time: 26.717496156692505 accuracy is 0.94375 and loss is 0.14721652269363403
At time: 27.00806450843811 accuracy is 0.9609375 and loss is 0.10471715927124023
At time: 27.310997486114502 accuracy is 0.953125 and loss is 0.12384117841720581
At time: 27.635712385177612 accuracy is 0.975 and loss is 0.08325951099395752
Evaluating...
Done Evaluating: Achieved accuracy of 0.735828488372093
Not better for 6
Completing Train Step at 7th epoch...
At time: 28.63728404045105 accuracy is 0.921875 and loss is 0.20922796726226806
At time: 28.875158309936523 accuracy is 0.9640625 and loss is 0.098280930519104
At time: 29.116371631622314 accuracy is 0.978125 and loss is 0.06285325288772584
At time: 29.366048336029053 accuracy is 0.975 and loss is 0.06340394616127014
At time: 29.62355923652649 accuracy is 0.9640625 and loss is 0.10912400484085083
At time: 29.884090900421143 accuracy is 0.9671875 and loss is 0.1053428292274475
At time: 30.159792184829712 accuracy is 0.9734375 and loss is 0.0775903046131134
At time: 30.45881986618042 accuracy is 0.9578125 and loss is 0.11395968198776245
At time: 30.75940227508545 accuracy is 0.9484375 and loss is 0.1406835913658142
At time: 31.064040184020996 accuracy is 0.9640625 and loss is 0.10382415056228637
At time: 31.376847743988037 accuracy is 0.9703125 and loss is 0.08122469186782837
At time: 31.706525087356567 accuracy is 0.9625 and loss is 0.09260846972465515
Evaluating...
Done Evaluating: Achieved accuracy of 0.7289244186046512
Not better for 7
Completing Train Step at 8th epoch...
At time: 32.744404315948486 accuracy is 0.928125 and loss is 0.1880392074584961
At time: 32.979419231414795 accuracy is 0.9703125 and loss is 0.08424498438835144
At time: 33.22565722465515 accuracy is 0.9765625 and loss is 0.0796515166759491
At time: 33.49236273765564 accuracy is 0.9796875 and loss is 0.06322447061538697
At time: 33.75485324859619 accuracy is 0.971875 and loss is 0.07324506640434265
At time: 34.016221046447754 accuracy is 0.96875 and loss is 0.08050345182418824
At time: 34.28543567657471 accuracy is 0.96875 and loss is 0.07130104303359985
At time: 34.56610941886902 accuracy is 0.965625 and loss is 0.09017372131347656
At time: 34.85159683227539 accuracy is 0.971875 and loss is 0.07516499757766723
At time: 35.143187046051025 accuracy is 0.971875 and loss is 0.08377391695976258
At time: 35.45053505897522 accuracy is 0.9515625 and loss is 0.12450962066650391
At time: 35.782103300094604 accuracy is 0.971875 and loss is 0.10048127174377441
Evaluating...
Done Evaluating: Achieved accuracy of 0.7427325581395349
Not better for 8
Completing Train Step at 9th epoch...
At time: 36.74575138092041 accuracy is 0.934375 and loss is 0.17529534101486205
At time: 36.973100900650024 accuracy is 0.940625 and loss is 0.1608515501022339
At time: 37.20969295501709 accuracy is 0.95625 and loss is 0.10010632276535034
At time: 37.46239638328552 accuracy is 0.96875 and loss is 0.07997329235076904
At time: 37.71951699256897 accuracy is 0.9578125 and loss is 0.09370813965797424
At time: 37.980557441711426 accuracy is 0.98125 and loss is 0.057814913988113406
At time: 38.256046295166016 accuracy is 0.96875 and loss is 0.07939536571502685
At time: 38.5346953868866 accuracy is 0.9703125 and loss is 0.09813503026962281
At time: 38.820064544677734 accuracy is 0.9734375 and loss is 0.07356101870536805
At time: 39.11352038383484 accuracy is 0.9796875 and loss is 0.05336888432502747
At time: 39.42233681678772 accuracy is 0.9765625 and loss is 0.05318782329559326
At time: 39.741735219955444 accuracy is 0.978125 and loss is 0.10018333196640014
Evaluating...
Done Evaluating: Achieved accuracy of 0.7401889534883721
Not better for 9
Completing Train Step at 10th epoch...
At time: 40.72755241394043 accuracy is 0.940625 and loss is 0.14903296232223512
At time: 40.967270612716675 accuracy is 0.95625 and loss is 0.1513853907585144
At time: 41.22180461883545 accuracy is 0.9546875 and loss is 0.12762967348098755
At time: 41.472673177719116 accuracy is 0.975 and loss is 0.06682683229446411
At time: 41.7278106212616 accuracy is 0.978125 and loss is 0.07068502902984619
At time: 41.98612332344055 accuracy is 0.9875 and loss is 0.04485866725444794
At time: 42.25593137741089 accuracy is 0.9765625 and loss is 0.058818429708480835
At time: 42.531779289245605 accuracy is 0.978125 and loss is 0.05375248789787292
At time: 42.81535506248474 accuracy is 0.9671875 and loss is 0.08867020606994629
At time: 43.124096155166626 accuracy is 0.9671875 and loss is 0.09176782965660095
At time: 43.44216227531433 accuracy is 0.95625 and loss is 0.1021735668182373
At time: 43.769606828689575 accuracy is 0.959375 and loss is 0.13539862632751465
Evaluating...
Done Evaluating: Achieved accuracy of 0.7129360465116279
Not better for 10
Model not improving. Stopping earlyat 0.7845203488372093 epochs.
Done Training. Achieved Best Accuracy of 0.7845203488372093
mlpattn
SETTINGS FOR THIS RUN
{'attention_dim': 10, 'lr': 0.002856264491024108, 'batch_size': 32, 'rnn_dropout': 0.6783602734083828, 'wordvec_source': 'glove', 'l2': 0.9921250589030108, 'dropout': 0.19630203631837673, 'wordvec_dim': 300, 'attn_type': 'MLP', 'data': 'MPQA', 'num_layers': 2, 'tune_wordvecs': True}
Using CUDA!
here
MLP
Building RNN Classifier...

[93m    Warning: no model found for 'en'[0m

    Only loading the 'en' tokenizer.

Retrieving Data from file: /home-nfs/siddsach/ml/Interpreting-Attention/interpreting_language/data/mpqa/mpqa_subj_labels.pickle...
Loading Vectors From Memory...
Using these vectors: ['GloVe']
Getting GloVe Vectors with 300 dims
Building Vocab...
[<torchtext.vocab.Vectors object at 0x7f69c826e6a0>]
Getting Batches...
Created Iterator with 261 batches
Getting Batches...
Created Iterator with 87 batches
Building model...
MLP
Using Attention model with following args:
{'num_classes': 2, 'train_word_vecs': True, 'hidden_size': 300, 'batch_size': 32, 'rnn_dropout': 0.6783602734083828, 'cuda': True, 'dropout': 0.19630203631837673, 'vectors': 
 0.0000  0.0000  0.0000  ...   0.0000  0.0000  0.0000
 0.0000  0.0000  0.0000  ...   0.0000  0.0000  0.0000
 0.0000  0.0000  0.0000  ...   0.0000  0.0000  0.0000
          ...             ⋱             ...          
-0.4786 -0.1089 -0.0076  ...   0.7458  0.7174  0.6185
 0.0000  0.0000  0.0000  ...   0.0000  0.0000  0.0000
-0.0479  0.9828  0.9182  ...   0.0424  0.4554 -0.3210
[torch.FloatTensor of size 15284x300]
, 'vocab_size': 15284, 'attn_type': 'MLP', 'attention_dim': 10, 'tune_attn': 'True', 'num_layers': 2, 'input_size': 300}
Begin Training...
Completing Train Step at 0th epoch...
At time: 0.2762765884399414 accuracy is 0.5375 and loss is 0.7338333129882812
At time: 0.538353681564331 accuracy is 0.5328125 and loss is 0.6994101524353027
At time: 0.8069281578063965 accuracy is 0.5765625 and loss is 0.6714027881622314
At time: 1.0828900337219238 accuracy is 0.6296875 and loss is 0.6623929023742676
At time: 1.3667683601379395 accuracy is 0.684375 and loss is 0.5822113037109375
At time: 1.6616711616516113 accuracy is 0.7265625 and loss is 0.5730554103851319
At time: 1.9678654670715332 accuracy is 0.671875 and loss is 0.5877311706542969
At time: 2.2846806049346924 accuracy is 0.721875 and loss is 0.5551506996154785
At time: 2.6183292865753174 accuracy is 0.721875 and loss is 0.5898235321044922
At time: 2.963205575942993 accuracy is 0.7546875 and loss is 0.5123910903930664
At time: 3.3256325721740723 accuracy is 0.784375 and loss is 0.4853555679321289
At time: 3.710688829421997 accuracy is 0.759375 and loss is 0.5100284576416015
Evaluating...
Done Evaluating: Achieved accuracy of 0.7267441860465116
Achieved new best!
Completing Train Step at 1th epoch...
At time: 4.782746076583862 accuracy is 0.715625 and loss is 0.6205519199371338
At time: 5.018308877944946 accuracy is 0.7296875 and loss is 0.5680685043334961
At time: 5.259517431259155 accuracy is 0.7890625 and loss is 0.457870626449585
At time: 5.506402254104614 accuracy is 0.8 and loss is 0.4320187568664551
At time: 5.756935119628906 accuracy is 0.8609375 and loss is 0.3150709390640259
At time: 6.017258405685425 accuracy is 0.8390625 and loss is 0.3946479320526123
At time: 6.285696506500244 accuracy is 0.86875 and loss is 0.3178801774978638
At time: 6.563802719116211 accuracy is 0.8703125 and loss is 0.3585198163986206
At time: 6.851880311965942 accuracy is 0.834375 and loss is 0.4046482086181641
At time: 7.145440578460693 accuracy is 0.85625 and loss is 0.3783614158630371
At time: 7.448050260543823 accuracy is 0.796875 and loss is 0.44190402030944825
At time: 7.766320705413818 accuracy is 0.85625 and loss is 0.36891200542449953
Evaluating...
Done Evaluating: Achieved accuracy of 0.7420058139534884
Achieved new best!
Completing Train Step at 2th epoch...
At time: 8.731756448745728 accuracy is 0.721875 and loss is 0.6077872276306152
At time: 8.959735631942749 accuracy is 0.825 and loss is 0.3920233726501465
At time: 9.19714069366455 accuracy is 0.8734375 and loss is 0.30244693756103513
At time: 9.442830801010132 accuracy is 0.8890625 and loss is 0.27071545124053953
At time: 9.694491147994995 accuracy is 0.91875 and loss is 0.19175800085067748
At time: 9.954115390777588 accuracy is 0.8796875 and loss is 0.3346549510955811
At time: 10.220468044281006 accuracy is 0.925 and loss is 0.19586225748062133
At time: 10.495869874954224 accuracy is 0.8953125 and loss is 0.252668571472168
At time: 10.781659841537476 accuracy is 0.9140625 and loss is 0.2152498483657837
At time: 11.0785973072052 accuracy is 0.934375 and loss is 0.19242252111434938
At time: 11.405076265335083 accuracy is 0.9015625 and loss is 0.24796898365020753
At time: 11.743376731872559 accuracy is 0.8875 and loss is 0.3494940042495728
Evaluating...
Done Evaluating: Achieved accuracy of 0.6805959302325582
Not better for 1
Completing Train Step at 3th epoch...
At time: 12.753898859024048 accuracy is 0.8484375 and loss is 0.4159870624542236
At time: 12.993404388427734 accuracy is 0.9125 and loss is 0.22903237342834473
At time: 13.235057830810547 accuracy is 0.91875 and loss is 0.21245718002319336
At time: 13.482697248458862 accuracy is 0.909375 and loss is 0.22759754657745362
At time: 13.738282203674316 accuracy is 0.9546875 and loss is 0.12620123624801635
At time: 14.002273797988892 accuracy is 0.928125 and loss is 0.16093581914901733
At time: 14.273624897003174 accuracy is 0.9640625 and loss is 0.12610528469085694
At time: 14.553194284439087 accuracy is 0.9328125 and loss is 0.15307328701019288
At time: 14.840909242630005 accuracy is 0.946875 and loss is 0.14254199266433715
At time: 15.138587236404419 accuracy is 0.9140625 and loss is 0.2183434247970581
At time: 15.45169734954834 accuracy is 0.9265625 and loss is 0.21134867668151855
At time: 15.775707721710205 accuracy is 0.909375 and loss is 0.21253340244293212
Evaluating...
Done Evaluating: Achieved accuracy of 0.752906976744186
Achieved new best!
Completing Train Step at 4th epoch...
At time: 16.770403623580933 accuracy is 0.896875 and loss is 0.33039240837097167
At time: 17.00092124938965 accuracy is 0.91875 and loss is 0.19205138683319092
At time: 17.23835015296936 accuracy is 0.9515625 and loss is 0.13035728931427001
At time: 17.483057975769043 accuracy is 0.9296875 and loss is 0.16803081035614015
At time: 17.75289797782898 accuracy is 0.9609375 and loss is 0.10982860326766967
At time: 18.023686408996582 accuracy is 0.9609375 and loss is 0.10153143405914307
At time: 18.30319905281067 accuracy is 0.946875 and loss is 0.1150596022605896
At time: 18.57970356941223 accuracy is 0.95 and loss is 0.15523735284805298
At time: 18.86868143081665 accuracy is 0.9578125 and loss is 0.14724088907241822
At time: 19.16638946533203 accuracy is 0.953125 and loss is 0.1304360270500183
At time: 19.471447944641113 accuracy is 0.95 and loss is 0.11956901550292968
At time: 19.791188716888428 accuracy is 0.9296875 and loss is 0.18720327615737914
Evaluating...
Done Evaluating: Achieved accuracy of 0.7452761627906976
Not better for 1
Completing Train Step at 5th epoch...
At time: 20.7784743309021 accuracy is 0.9171875 and loss is 0.2658776998519897
At time: 21.01304602622986 accuracy is 0.9390625 and loss is 0.15019075870513915
At time: 21.251450538635254 accuracy is 0.9625 and loss is 0.08317068815231324
At time: 21.495750188827515 accuracy is 0.9546875 and loss is 0.1373292922973633
At time: 21.750192880630493 accuracy is 0.9546875 and loss is 0.12098335027694702
At time: 22.011959314346313 accuracy is 0.93125 and loss is 0.15371296405792237
At time: 22.28078866004944 accuracy is 0.9390625 and loss is 0.1552057147026062
At time: 22.559346199035645 accuracy is 0.896875 and loss is 0.31389608383178713
At time: 22.846071004867554 accuracy is 0.9421875 and loss is 0.14294898509979248
At time: 23.1397864818573 accuracy is 0.9328125 and loss is 0.17422162294387816
At time: 23.443737030029297 accuracy is 0.9640625 and loss is 0.09728723168373107
At time: 23.762973070144653 accuracy is 0.9671875 and loss is 0.10729122161865234
Evaluating...
Done Evaluating: Achieved accuracy of 0.7449127906976745
Not better for 2
Completing Train Step at 6th epoch...
At time: 24.7486891746521 accuracy is 0.909375 and loss is 0.2931921720504761
At time: 24.98714566230774 accuracy is 0.9203125 and loss is 0.19587571620941163
At time: 25.230054140090942 accuracy is 0.96875 and loss is 0.09194546341896057
At time: 25.479053258895874 accuracy is 0.975 and loss is 0.07614428400993348
At time: 25.7329261302948 accuracy is 0.9796875 and loss is 0.0744035005569458
At time: 25.99390435218811 accuracy is 0.9734375 and loss is 0.08332281708717346
At time: 26.26691961288452 accuracy is 0.93125 and loss is 0.2197573661804199
At time: 26.54181146621704 accuracy is 0.934375 and loss is 0.2271200656890869
At time: 26.824373722076416 accuracy is 0.9609375 and loss is 0.10905025005340577
At time: 27.13354182243347 accuracy is 0.9390625 and loss is 0.16797294616699218
At time: 27.437559127807617 accuracy is 0.96875 and loss is 0.0899594783782959
At time: 27.761820316314697 accuracy is 0.946875 and loss is 0.13646122217178344
Evaluating...
Done Evaluating: Achieved accuracy of 0.700218023255814
Not better for 3
Completing Train Step at 7th epoch...
At time: 28.738391637802124 accuracy is 0.915625 and loss is 0.2114333152770996
At time: 28.96887993812561 accuracy is 0.9578125 and loss is 0.13267138004302978
At time: 29.208141088485718 accuracy is 0.98125 and loss is 0.055720722675323485
At time: 29.44890069961548 accuracy is 0.9640625 and loss is 0.10319576263427735
At time: 29.703460454940796 accuracy is 0.9671875 and loss is 0.08881056308746338
At time: 29.965784311294556 accuracy is 0.925 and loss is 0.18653913736343383
At time: 30.232950925827026 accuracy is 0.95 and loss is 0.12145103216171264
At time: 30.50851345062256 accuracy is 0.93125 and loss is 0.1734249472618103
At time: 30.792927742004395 accuracy is 0.95 and loss is 0.14942452907562256
At time: 31.083709955215454 accuracy is 0.9796875 and loss is 0.0642117977142334
At time: 31.38866114616394 accuracy is 0.959375 and loss is 0.10282638072967529
At time: 31.705976963043213 accuracy is 0.9609375 and loss is 0.11967928409576416
Evaluating...
Done Evaluating: Achieved accuracy of 0.7369186046511628
Not better for 4
Completing Train Step at 8th epoch...
At time: 32.70240783691406 accuracy is 0.928125 and loss is 0.20327186584472656
At time: 32.936261892318726 accuracy is 0.95625 and loss is 0.11663345098495484
At time: 33.173967361450195 accuracy is 0.978125 and loss is 0.06504741311073303
At time: 33.41653537750244 accuracy is 0.965625 and loss is 0.1051259160041809
At time: 33.66565704345703 accuracy is 0.975 and loss is 0.06899288892745972
At time: 33.925392627716064 accuracy is 0.965625 and loss is 0.07673043608665467
At time: 34.1909077167511 accuracy is 0.95625 and loss is 0.09924044013023377
At time: 34.464696645736694 accuracy is 0.9546875 and loss is 0.11075693368911743
At time: 34.747159481048584 accuracy is 0.9515625 and loss is 0.12813721895217894
At time: 35.039382457733154 accuracy is 0.940625 and loss is 0.18506377935409546
At time: 35.343000173568726 accuracy is 0.965625 and loss is 0.10149705410003662
At time: 35.66159009933472 accuracy is 0.928125 and loss is 0.20277631282806396
Evaluating...
Done Evaluating: Achieved accuracy of 0.7249273255813954
Not better for 5
Completing Train Step at 9th epoch...
At time: 36.62496495246887 accuracy is 0.9390625 and loss is 0.19484331607818603
At time: 36.85359764099121 accuracy is 0.9671875 and loss is 0.0998504102230072
At time: 37.08877921104431 accuracy is 0.9546875 and loss is 0.1159785509109497
At time: 37.33054757118225 accuracy is 0.971875 and loss is 0.06954670548439026
At time: 37.58470273017883 accuracy is 0.953125 and loss is 0.14581050872802734
At time: 37.84700417518616 accuracy is 0.96875 and loss is 0.09351313710212708
At time: 38.11638593673706 accuracy is 0.953125 and loss is 0.12877849340438843
At time: 38.39465045928955 accuracy is 0.9578125 and loss is 0.10772143602371216
At time: 38.692678928375244 accuracy is 0.9765625 and loss is 0.06275835037231445
At time: 38.99320435523987 accuracy is 0.9671875 and loss is 0.09514056444168091
At time: 39.305259466171265 accuracy is 0.9828125 and loss is 0.05144650936126709
At time: 39.639246463775635 accuracy is 0.9765625 and loss is 0.06650282144546509
Evaluating...
Done Evaluating: Achieved accuracy of 0.734375
Not better for 6
Completing Train Step at 10th epoch...
At time: 40.68284344673157 accuracy is 0.9375 and loss is 0.19133472442626953
At time: 40.91282510757446 accuracy is 0.9078125 and loss is 0.1993027448654175
At time: 41.1520836353302 accuracy is 0.959375 and loss is 0.12271631956100464
At time: 41.404860734939575 accuracy is 0.96875 and loss is 0.09428432583808899
At time: 41.6650812625885 accuracy is 0.9734375 and loss is 0.061738723516464235
At time: 41.92915725708008 accuracy is 0.9640625 and loss is 0.08557666540145874
At time: 42.20516037940979 accuracy is 0.9609375 and loss is 0.10349593162536622
At time: 42.48389673233032 accuracy is 0.9640625 and loss is 0.06892548203468322
At time: 42.76896023750305 accuracy is 0.9640625 and loss is 0.11569013595581054
At time: 43.062817335128784 accuracy is 0.971875 and loss is 0.06737970113754273
At time: 43.36583495140076 accuracy is 0.96875 and loss is 0.09531943202018738
At time: 43.684788942337036 accuracy is 0.9671875 and loss is 0.09294664859771729
Evaluating...
Done Evaluating: Achieved accuracy of 0.7238372093023255
Not better for 7
Completing Train Step at 11th epoch...
At time: 44.665162801742554 accuracy is 0.9140625 and loss is 0.19892923831939696
At time: 44.919976472854614 accuracy is 0.9640625 and loss is 0.09516971707344055
At time: 45.17437529563904 accuracy is 0.971875 and loss is 0.09472199082374573
At time: 45.43368124961853 accuracy is 0.978125 and loss is 0.06009539365768433
At time: 45.689465284347534 accuracy is 0.978125 and loss is 0.05071594715118408
At time: 45.95356798171997 accuracy is 0.98125 and loss is 0.08108693957328797
At time: 46.22597813606262 accuracy is 0.971875 and loss is 0.06610569357872009
At time: 46.5010712146759 accuracy is 0.971875 and loss is 0.07210584878921508
At time: 46.784193992614746 accuracy is 0.96875 and loss is 0.0678746223449707
At time: 47.07962465286255 accuracy is 0.946875 and loss is 0.18670073747634888
At time: 47.387327671051025 accuracy is 0.975 and loss is 0.05707170963287354
At time: 47.71236205101013 accuracy is 0.9453125 and loss is 0.17135056257247924
Evaluating...
Done Evaluating: Achieved accuracy of 0.7234738372093024
Not better for 8
Completing Train Step at 12th epoch...
At time: 48.69567537307739 accuracy is 0.9390625 and loss is 0.16397449970245362
At time: 48.92805576324463 accuracy is 0.9578125 and loss is 0.10692718029022216
At time: 49.16632628440857 accuracy is 0.971875 and loss is 0.07609934210777283
At time: 49.41580128669739 accuracy is 0.98125 and loss is 0.05394622087478638
At time: 49.67065787315369 accuracy is 0.984375 and loss is 0.05399439930915832
At time: 49.933244943618774 accuracy is 0.971875 and loss is 0.07301968932151795
At time: 50.203680753707886 accuracy is 0.975 and loss is 0.06416424512863159
At time: 50.482078075408936 accuracy is 0.984375 and loss is 0.04359003603458404
At time: 50.773977756500244 accuracy is 0.984375 and loss is 0.03521017134189606
At time: 51.076616048812866 accuracy is 0.9828125 and loss is 0.06230724453926086
At time: 51.38440942764282 accuracy is 0.9890625 and loss is 0.0265683114528656
At time: 51.705971002578735 accuracy is 0.978125 and loss is 0.0554832398891449
Evaluating...
Done Evaluating: Achieved accuracy of 0.7332848837209303
Not better for 9
Completing Train Step at 13th epoch...
At time: 52.694090366363525 accuracy is 0.928125 and loss is 0.1508454442024231
At time: 52.92839312553406 accuracy is 0.9578125 and loss is 0.11210919618606567
At time: 53.16757941246033 accuracy is 0.96875 and loss is 0.08461188077926636
At time: 53.413392782211304 accuracy is 0.9828125 and loss is 0.056656235456466676
At time: 53.66742825508118 accuracy is 0.9875 and loss is 0.038110125064849856
At time: 53.9288604259491 accuracy is 0.978125 and loss is 0.06649329662322997
At time: 54.19680213928223 accuracy is 0.9796875 and loss is 0.048998776078224185
At time: 54.47382593154907 accuracy is 0.9890625 and loss is 0.04066792130470276
At time: 54.759676694869995 accuracy is 0.9875 and loss is 0.03059399425983429
At time: 55.05108404159546 accuracy is 0.9859375 and loss is 0.04044757485389709
At time: 55.354615449905396 accuracy is 0.9875 and loss is 0.027112480998039246
At time: 55.680686473846436 accuracy is 0.990625 and loss is 0.03462113738059998
Evaluating...
Done Evaluating: Achieved accuracy of 0.7285610465116279
Not better for 10
Model not improving. Stopping earlyat 0.752906976744186 epochs.
Done Training. Achieved Best Accuracy of 0.752906976744186
mlpattn



RESULTS:
[{'best_accuracy': 0.7863372093023255, 'params': {'attention_dim': 99, 'lr': 0.0026755884255316408, 'batch_size': 32, 'rnn_dropout': 0.7111550652854951, 'wordvec_source': 'glove', 'l2': 0.8183444851080156, 'dropout': 0.12926375322841577, 'wordvec_dim': 300, 'attn_type': 'MLP', 'data': 'MPQA', 'num_layers': 2, 'tune_wordvecs': True}}, {'best_accuracy': 0.7456395348837209, 'params': {'attention_dim': 57, 'lr': 0.004729908110011245, 'batch_size': 32, 'rnn_dropout': 0.33804504826527104, 'wordvec_source': 'glove', 'l2': 0.7008754887758908, 'dropout': 0.41553978688604154, 'wordvec_dim': 300, 'attn_type': 'MLP', 'data': 'MPQA', 'num_layers': 2, 'tune_wordvecs': True}}, {'best_accuracy': 0.7776162790697675, 'params': {'attention_dim': 78, 'lr': 0.0008466234196817648, 'batch_size': 32, 'rnn_dropout': 0.9829921258650134, 'wordvec_source': 'glove', 'l2': 0.5723811448967233, 'dropout': 0.7063754364844059, 'wordvec_dim': 300, 'attn_type': 'MLP', 'data': 'MPQA', 'num_layers': 2, 'tune_wordvecs': True}}, {'best_accuracy': 0.7845203488372093, 'params': {'attention_dim': 23, 'lr': 0.0029461926020027665, 'batch_size': 32, 'rnn_dropout': 0.030021325712089153, 'wordvec_source': 'glove', 'l2': 0.6064881888064021, 'dropout': 0.24065979166620421, 'wordvec_dim': 300, 'attn_type': 'MLP', 'data': 'MPQA', 'num_layers': 2, 'tune_wordvecs': True}}, {'best_accuracy': 0.752906976744186, 'params': {'attention_dim': 10, 'lr': 0.002856264491024108, 'batch_size': 32, 'rnn_dropout': 0.6783602734083828, 'wordvec_source': 'glove', 'l2': 0.9921250589030108, 'dropout': 0.19630203631837673, 'wordvec_dim': 300, 'attn_type': 'MLP', 'data': 'MPQA', 'num_layers': 2, 'tune_wordvecs': True}}]
