ROOT_PATH: /home-nfs/siddsach/ml/Interpreting-Attention/interpreting_language
Building Bayesian Optimizer for 
 data:MPQA 
 choices:[{'type': 'continuous', 'name': 'lr', 'domain': [5e-05, 0.005]}, {'type': 'continuous', 'name': 'rnn_dropout', 'domain': [0, 1]}, {'type': 'continuous', 'name': 'dropout', 'domain': [0, 1]}, {'type': 'continuous', 'name': 'l2', 'domain': [0, 1]}, {'type': 'continuous', 'name': 'attention_dim', 'domain': [5, 100]}]
SETTINGS FOR THIS RUN
{'dropout': 0.8278550231828578, 'wordvec_dim': 300, 'wordvec_source': 'gigavec', 'tune_wordvecs': False, 'l2': 0.7398429062380799, 'attn_type': 'MLP', 'rnn_dropout': 0.9209607291296278, 'data': 'MPQA', 'num_layers': 2, 'attention_dim': 35, 'lr': 0.0020971367954230355, 'batch_size': 32}
Using CUDA!
here
MLP
Building RNN Classifier...

[93m    Warning: no model found for 'en'[0m

    Only loading the 'en' tokenizer.

Retrieving Data from file: /home-nfs/siddsach/ml/Interpreting-Attention/interpreting_language/data/mpqa/mpqa_subj_labels.pickle...
Loading Vectors From Memory...
Using these vectors: ['gigavec']
Building Vocab...
[<torchtext.vocab.Vectors object at 0x7fd8ede40f60>]
Getting Batches...
Created Iterator with 261 batches
Getting Batches...
Created Iterator with 87 batches
Building model...
MLP
Using Attention model with following args:
{'attn_type': 'MLP', 'batch_size': 32, 'num_classes': 2, 'hidden_size': 300, 'dropout': 0.8278550231828578, 'cuda': True, 'rnn_dropout': 0.9209607291296278, 'num_layers': 2, 'vocab_size': 15284, 'input_size': 300, 'tune_attn': 'True', 'vectors': 
 0.0000  0.0000  0.0000  ...   0.0000  0.0000  0.0000
 0.0000  0.0000  0.0000  ...   0.0000  0.0000  0.0000
 0.0000  0.0000  0.0000  ...   0.0000  0.0000  0.0000
          ...             ⋱             ...          
 0.0000  0.0000  0.0000  ...   0.0000  0.0000  0.0000
 0.0000  0.0000  0.0000  ...   0.0000  0.0000  0.0000
 0.0000  0.0000  0.0000  ...   0.0000  0.0000  0.0000
[torch.FloatTensor of size 15284x300]
, 'attention_dim': 35, 'train_word_vecs': False}
Not Tuning Word Vectors!
Begin Training...
Completing Train Step at 0th epoch...
At time: 1.080077886581421 accuracy is 0.5375 and loss is 0.7363589763641357
At time: 1.2712123394012451 accuracy is 0.509375 and loss is 0.7020495891571045
At time: 1.453242540359497 accuracy is 0.53125 and loss is 0.7191072463989258
At time: 1.6489439010620117 accuracy is 0.5390625 and loss is 0.6942553043365478
At time: 1.8562877178192139 accuracy is 0.55625 and loss is 0.6832388877868653
At time: 2.0913009643554688 accuracy is 0.5671875 and loss is 0.686421012878418
At time: 2.3413314819335938 accuracy is 0.596875 and loss is 0.6791187286376953
At time: 2.601930618286133 accuracy is 0.6015625 and loss is 0.6833136558532715
At time: 2.880401611328125 accuracy is 0.5265625 and loss is 0.7335291385650635
At time: 3.169534683227539 accuracy is 0.615625 and loss is 0.6807065486907959
At time: 3.489408254623413 accuracy is 0.66875 and loss is 0.6071850776672363
At time: 3.8370373249053955 accuracy is 0.6078125 and loss is 0.6456680774688721
Evaluating...
Done Evaluating: Achieved accuracy of 0.7089389534883721
Achieved new best!
Completing Train Step at 1th epoch...
At time: 4.8347392082214355 accuracy is 0.6015625 and loss is 0.7082275390625
At time: 5.00021505355835 accuracy is 0.6578125 and loss is 0.638383150100708
At time: 5.170199155807495 accuracy is 0.7015625 and loss is 0.5925145149230957
At time: 5.337820768356323 accuracy is 0.7171875 and loss is 0.5900458335876465
At time: 5.5139288902282715 accuracy is 0.7296875 and loss is 0.5969479084014893
At time: 5.6987481117248535 accuracy is 0.709375 and loss is 0.5858505725860595
At time: 5.888268709182739 accuracy is 0.7140625 and loss is 0.569270658493042
At time: 6.08603310585022 accuracy is 0.759375 and loss is 0.5541892528533936
At time: 6.293360710144043 accuracy is 0.7703125 and loss is 0.5195520877838135
At time: 6.510488033294678 accuracy is 0.7203125 and loss is 0.5491002559661865
At time: 6.741615533828735 accuracy is 0.7953125 and loss is 0.4604741096496582
At time: 6.991419315338135 accuracy is 0.7109375 and loss is 0.587528133392334
Evaluating...
Done Evaluating: Achieved accuracy of 0.7300145348837209
Achieved new best!
Completing Train Step at 2th epoch...
At time: 7.82297945022583 accuracy is 0.6328125 and loss is 0.6556193351745605
At time: 7.976294755935669 accuracy is 0.7234375 and loss is 0.564262580871582
At time: 8.136238813400269 accuracy is 0.765625 and loss is 0.5122998714447021
At time: 8.301216840744019 accuracy is 0.7328125 and loss is 0.5650572299957275
At time: 8.4891996383667 accuracy is 0.7046875 and loss is 0.5625998973846436
At time: 8.68945574760437 accuracy is 0.709375 and loss is 0.6116733551025391
At time: 8.897884368896484 accuracy is 0.7453125 and loss is 0.5386650562286377
At time: 9.103744268417358 accuracy is 0.809375 and loss is 0.49273152351379396
At time: 9.320229768753052 accuracy is 0.7484375 and loss is 0.5111176490783691
At time: 9.53930950164795 accuracy is 0.7796875 and loss is 0.5002378463745117
At time: 9.772258520126343 accuracy is 0.8046875 and loss is 0.44953055381774903
At time: 10.027632474899292 accuracy is 0.7671875 and loss is 0.5436549663543702
Evaluating...
Done Evaluating: Achieved accuracy of 0.7034883720930233
Not better for 1
Completing Train Step at 3th epoch...
At time: 10.880975484848022 accuracy is 0.6328125 and loss is 0.6493547439575196
At time: 11.032989740371704 accuracy is 0.78125 and loss is 0.5289694786071777
At time: 11.19321870803833 accuracy is 0.796875 and loss is 0.48272905349731443
At time: 11.361462593078613 accuracy is 0.7609375 and loss is 0.5248072624206543
At time: 11.533771276473999 accuracy is 0.7828125 and loss is 0.47638349533081054
At time: 11.719172954559326 accuracy is 0.746875 and loss is 0.4873697757720947
At time: 11.910528659820557 accuracy is 0.76875 and loss is 0.4918066501617432
At time: 12.109979629516602 accuracy is 0.7578125 and loss is 0.5035887241363526
At time: 12.318472862243652 accuracy is 0.8046875 and loss is 0.4715428352355957
At time: 12.53461766242981 accuracy is 0.815625 and loss is 0.4790013790130615
At time: 12.765506744384766 accuracy is 0.8234375 and loss is 0.410520601272583
At time: 13.01563286781311 accuracy is 0.7671875 and loss is 0.48846898078918455
Evaluating...
Done Evaluating: Achieved accuracy of 0.7183866279069767
Not better for 2
Completing Train Step at 4th epoch...
At time: 13.82547926902771 accuracy is 0.6484375 and loss is 0.675348949432373
At time: 13.967407464981079 accuracy is 0.784375 and loss is 0.5104278087615967
At time: 14.123324871063232 accuracy is 0.815625 and loss is 0.41796226501464845
At time: 14.28673791885376 accuracy is 0.7609375 and loss is 0.5066387176513671
At time: 14.456543684005737 accuracy is 0.7765625 and loss is 0.47679920196533204
At time: 14.63449215888977 accuracy is 0.75 and loss is 0.49184908866882326
At time: 14.824717044830322 accuracy is 0.7796875 and loss is 0.4651628017425537
At time: 15.026198148727417 accuracy is 0.8171875 and loss is 0.41993408203125
At time: 15.233797311782837 accuracy is 0.815625 and loss is 0.4195093154907227
At time: 15.456385850906372 accuracy is 0.80625 and loss is 0.45775637626647947
At time: 15.687410354614258 accuracy is 0.815625 and loss is 0.41898765563964846
At time: 15.934613943099976 accuracy is 0.765625 and loss is 0.47105069160461427
Evaluating...
Done Evaluating: Achieved accuracy of 0.6660610465116279
Not better for 3
Completing Train Step at 5th epoch...
At time: 16.764153480529785 accuracy is 0.615625 and loss is 0.7959659099578857
At time: 16.911436080932617 accuracy is 0.75 and loss is 0.5277661800384521
At time: 17.06657862663269 accuracy is 0.8171875 and loss is 0.40729966163635256
At time: 17.22672200202942 accuracy is 0.7625 and loss is 0.5155154705047608
At time: 17.392237424850464 accuracy is 0.784375 and loss is 0.4638028144836426
At time: 17.568154096603394 accuracy is 0.7984375 and loss is 0.43975105285644533
At time: 17.76358127593994 accuracy is 0.803125 and loss is 0.4389826774597168
At time: 17.98939037322998 accuracy is 0.834375 and loss is 0.37290105819702146
At time: 18.21051573753357 accuracy is 0.825 and loss is 0.39033894538879393
At time: 18.44168448448181 accuracy is 0.821875 and loss is 0.4043933868408203
At time: 18.674429178237915 accuracy is 0.8203125 and loss is 0.3996913909912109
At time: 18.927750825881958 accuracy is 0.7640625 and loss is 0.47628355026245117
Evaluating...
Done Evaluating: Achieved accuracy of 0.6798691860465116
Not better for 4
Completing Train Step at 6th epoch...
At time: 19.75282883644104 accuracy is 0.628125 and loss is 0.759205961227417
At time: 19.90404772758484 accuracy is 0.7828125 and loss is 0.4677590847015381
At time: 20.062641382217407 accuracy is 0.8546875 and loss is 0.3614121198654175
At time: 20.23248028755188 accuracy is 0.7953125 and loss is 0.4399372100830078
At time: 20.44544291496277 accuracy is 0.815625 and loss is 0.44285082817077637
At time: 20.655576467514038 accuracy is 0.7859375 and loss is 0.41653952598571775
At time: 20.874200105667114 accuracy is 0.80625 and loss is 0.4356739044189453
At time: 21.082307815551758 accuracy is 0.85625 and loss is 0.33975019454956057
At time: 21.325512886047363 accuracy is 0.825 and loss is 0.40784969329833987
At time: 21.558029174804688 accuracy is 0.7765625 and loss is 0.46221461296081545
At time: 21.80234670639038 accuracy is 0.828125 and loss is 0.3925981044769287
At time: 22.056596040725708 accuracy is 0.7953125 and loss is 0.47713136672973633
Evaluating...
Done Evaluating: Achieved accuracy of 0.625
Not better for 5
Completing Train Step at 7th epoch...
At time: 22.894716262817383 accuracy is 0.5859375 and loss is 0.8857037544250488
At time: 23.03648328781128 accuracy is 0.71875 and loss is 0.5232510089874267
At time: 23.188501834869385 accuracy is 0.8578125 and loss is 0.3407402515411377
At time: 23.350278854370117 accuracy is 0.809375 and loss is 0.4297936916351318
At time: 23.52528405189514 accuracy is 0.8203125 and loss is 0.408174467086792
At time: 23.707419395446777 accuracy is 0.796875 and loss is 0.44773616790771487
At time: 23.898465156555176 accuracy is 0.7984375 and loss is 0.41733875274658205
At time: 24.098543643951416 accuracy is 0.8453125 and loss is 0.37423267364501955
At time: 24.30884861946106 accuracy is 0.8171875 and loss is 0.40258255004882815
At time: 24.530789375305176 accuracy is 0.825 and loss is 0.4126551151275635
At time: 24.76614212989807 accuracy is 0.80625 and loss is 0.3989152431488037
At time: 25.022307872772217 accuracy is 0.7953125 and loss is 0.45844740867614747
Evaluating...
Done Evaluating: Achieved accuracy of 0.6711482558139535
Not better for 6
Completing Train Step at 8th epoch...
At time: 25.880136489868164 accuracy is 0.5953125 and loss is 0.824649715423584
At time: 26.053130388259888 accuracy is 0.7375 and loss is 0.49520349502563477
At time: 26.222755193710327 accuracy is 0.8609375 and loss is 0.3164652109146118
At time: 26.40165066719055 accuracy is 0.8203125 and loss is 0.39975974559783933
At time: 26.583364963531494 accuracy is 0.8375 and loss is 0.38051753044128417
At time: 26.770296096801758 accuracy is 0.7953125 and loss is 0.42620534896850587
At time: 26.96329355239868 accuracy is 0.7953125 and loss is 0.4395263671875
At time: 27.172746896743774 accuracy is 0.8390625 and loss is 0.36557445526123045
At time: 27.387529134750366 accuracy is 0.8265625 and loss is 0.39318459033966063
At time: 27.613577365875244 accuracy is 0.8109375 and loss is 0.41491217613220216
At time: 27.848105907440186 accuracy is 0.8390625 and loss is 0.3606759548187256
At time: 28.10314702987671 accuracy is 0.7921875 and loss is 0.4730041027069092
Evaluating...
Done Evaluating: Achieved accuracy of 0.7274709302325582
Not better for 7
Completing Train Step at 9th epoch...
At time: 28.955098152160645 accuracy is 0.6203125 and loss is 0.7993705749511719
At time: 29.12586760520935 accuracy is 0.7921875 and loss is 0.45252466201782227
At time: 29.28607416152954 accuracy is 0.840625 and loss is 0.34292709827423096
At time: 29.455877780914307 accuracy is 0.8 and loss is 0.40965995788574217
At time: 29.632628440856934 accuracy is 0.846875 and loss is 0.3770609855651855
At time: 29.82008671760559 accuracy is 0.8125 and loss is 0.38829286098480226
At time: 30.015516757965088 accuracy is 0.81875 and loss is 0.3770612716674805
At time: 30.219109058380127 accuracy is 0.865625 and loss is 0.29376926422119143
At time: 30.430946826934814 accuracy is 0.8609375 and loss is 0.320204496383667
At time: 30.65535306930542 accuracy is 0.8546875 and loss is 0.3708522319793701
At time: 30.89333176612854 accuracy is 0.85 and loss is 0.3416121482849121
At time: 31.150439023971558 accuracy is 0.8 and loss is 0.44887824058532716
Evaluating...
Done Evaluating: Achieved accuracy of 0.642078488372093
Not better for 8
Completing Train Step at 10th epoch...
At time: 32.00043487548828 accuracy is 0.584375 and loss is 0.9249309539794922
At time: 32.155068159103394 accuracy is 0.6734375 and loss is 0.5860751628875732
At time: 32.318066120147705 accuracy is 0.8671875 and loss is 0.31625072956085204
At time: 32.47817945480347 accuracy is 0.8296875 and loss is 0.387664794921875
At time: 32.646002769470215 accuracy is 0.878125 and loss is 0.3025864839553833
At time: 32.83215689659119 accuracy is 0.853125 and loss is 0.32695536613464354
At time: 33.02541160583496 accuracy is 0.8109375 and loss is 0.4097409725189209
At time: 33.224958419799805 accuracy is 0.8671875 and loss is 0.2886563062667847
At time: 33.43269062042236 accuracy is 0.8734375 and loss is 0.29896719455718995
At time: 33.65025782585144 accuracy is 0.8359375 and loss is 0.4104289531707764
At time: 33.88130521774292 accuracy is 0.8703125 and loss is 0.27872133255004883
At time: 34.13613843917847 accuracy is 0.8125 and loss is 0.42609176635742185
Evaluating...
Done Evaluating: Achieved accuracy of 0.6765988372093024
Not better for 9
Completing Train Step at 11th epoch...
At time: 34.96350860595703 accuracy is 0.640625 and loss is 0.8991178512573242
At time: 35.10881543159485 accuracy is 0.7359375 and loss is 0.5592875003814697
At time: 35.26134514808655 accuracy is 0.8859375 and loss is 0.2789391756057739
At time: 35.42281770706177 accuracy is 0.8765625 and loss is 0.3235745429992676
At time: 35.61088824272156 accuracy is 0.8921875 and loss is 0.27376489639282225
At time: 35.80268692970276 accuracy is 0.853125 and loss is 0.36250207424163816
At time: 35.99507021903992 accuracy is 0.834375 and loss is 0.3768404722213745
At time: 36.1927924156189 accuracy is 0.865625 and loss is 0.3048317193984985
At time: 36.39795804023743 accuracy is 0.8796875 and loss is 0.28264033794403076
At time: 36.612101554870605 accuracy is 0.8578125 and loss is 0.351483678817749
At time: 36.8401038646698 accuracy is 0.8828125 and loss is 0.2761878728866577
At time: 37.08690786361694 accuracy is 0.803125 and loss is 0.4297636032104492
Evaluating...
Done Evaluating: Achieved accuracy of 0.7140261627906976
Not better for 10
Model not improving. Stopping earlyat 0.7300145348837209 epochs.
Done Training. Achieved Best Accuracy of 0.7300145348837209
Improved accuracyfrom -10000000 to 0.7300145348837209
mlpattn
SETTINGS FOR THIS RUN
{'dropout': 0.7224276441228211, 'wordvec_dim': 300, 'wordvec_source': 'gigavec', 'tune_wordvecs': False, 'l2': 0.20946169283667349, 'attn_type': 'MLP', 'rnn_dropout': 0.3379074251417785, 'data': 'MPQA', 'num_layers': 2, 'attention_dim': 19, 'lr': 0.0006821173342036765, 'batch_size': 32}
Using CUDA!
here
MLP
Building RNN Classifier...

[93m    Warning: no model found for 'en'[0m

    Only loading the 'en' tokenizer.

Retrieving Data from file: /home-nfs/siddsach/ml/Interpreting-Attention/interpreting_language/data/mpqa/mpqa_subj_labels.pickle...
Loading Vectors From Memory...
Using these vectors: ['gigavec']
Building Vocab...
[<torchtext.vocab.Vectors object at 0x7fd8e3ed3b70>]
Getting Batches...
Created Iterator with 261 batches
Getting Batches...
Created Iterator with 87 batches
Building model...
MLP
Using Attention model with following args:
{'attn_type': 'MLP', 'batch_size': 32, 'num_classes': 2, 'hidden_size': 300, 'dropout': 0.7224276441228211, 'cuda': True, 'rnn_dropout': 0.3379074251417785, 'num_layers': 2, 'vocab_size': 15284, 'input_size': 300, 'tune_attn': 'True', 'vectors': 
 0.0000  0.0000  0.0000  ...   0.0000  0.0000  0.0000
 0.0000  0.0000  0.0000  ...   0.0000  0.0000  0.0000
 0.0000  0.0000  0.0000  ...   0.0000  0.0000  0.0000
          ...             ⋱             ...          
 0.0000  0.0000  0.0000  ...   0.0000  0.0000  0.0000
 0.0000  0.0000  0.0000  ...   0.0000  0.0000  0.0000
 0.0000  0.0000  0.0000  ...   0.0000  0.0000  0.0000
[torch.FloatTensor of size 15284x300]
, 'attention_dim': 19, 'train_word_vecs': False}
Not Tuning Word Vectors!
Begin Training...
Completing Train Step at 0th epoch...
At time: 0.18686151504516602 accuracy is 0.5109375 and loss is 0.727787446975708
At time: 0.3631887435913086 accuracy is 0.553125 and loss is 0.6806561470031738
At time: 0.5449326038360596 accuracy is 0.678125 and loss is 0.6057172298431397
At time: 0.7344808578491211 accuracy is 0.6375 and loss is 0.6598188400268554
At time: 0.934950590133667 accuracy is 0.659375 and loss is 0.5946553707122803
At time: 1.160315990447998 accuracy is 0.703125 and loss is 0.5986698627471924
At time: 1.4020485877990723 accuracy is 0.6515625 and loss is 0.6130670070648193
At time: 1.649014949798584 accuracy is 0.709375 and loss is 0.5736213207244873
At time: 1.9094641208648682 accuracy is 0.7671875 and loss is 0.527303409576416
At time: 2.18389892578125 accuracy is 0.753125 and loss is 0.5089189052581787
At time: 2.4766697883605957 accuracy is 0.721875 and loss is 0.5558260917663574
At time: 2.798062801361084 accuracy is 0.7234375 and loss is 0.5633751392364502
Evaluating...
Done Evaluating: Achieved accuracy of 0.6497093023255814
Achieved new best!
Completing Train Step at 1th epoch...
At time: 3.7336556911468506 accuracy is 0.5703125 and loss is 0.7172183990478516
At time: 3.8891475200653076 accuracy is 0.7375 and loss is 0.5721650123596191
At time: 4.053877830505371 accuracy is 0.7609375 and loss is 0.515188455581665
At time: 4.2227842807769775 accuracy is 0.759375 and loss is 0.5115204334259034
At time: 4.395131349563599 accuracy is 0.778125 and loss is 0.4647416114807129
At time: 4.581313371658325 accuracy is 0.7375 and loss is 0.5357187747955322
At time: 4.7753214836120605 accuracy is 0.765625 and loss is 0.5041079998016358
At time: 4.978094816207886 accuracy is 0.7515625 and loss is 0.5221198558807373
At time: 5.190816879272461 accuracy is 0.7609375 and loss is 0.5126290321350098
At time: 5.414670944213867 accuracy is 0.78125 and loss is 0.495205020904541
At time: 5.653444051742554 accuracy is 0.7921875 and loss is 0.4461814403533936
At time: 5.911823272705078 accuracy is 0.7578125 and loss is 0.4810822010040283
Evaluating...
Done Evaluating: Achieved accuracy of 0.7260174418604651
Achieved new best!
Completing Train Step at 2th epoch...
At time: 6.774008274078369 accuracy is 0.5546875 and loss is 0.7128983974456787
At time: 6.952329874038696 accuracy is 0.71875 and loss is 0.5694211006164551
At time: 7.126737356185913 accuracy is 0.7859375 and loss is 0.4780294895172119
At time: 7.316060543060303 accuracy is 0.7796875 and loss is 0.49682226181030276
At time: 7.497107744216919 accuracy is 0.7734375 and loss is 0.46481919288635254
At time: 7.6812424659729 accuracy is 0.7765625 and loss is 0.461074161529541
At time: 7.876623868942261 accuracy is 0.7484375 and loss is 0.4988284111022949
At time: 8.084971904754639 accuracy is 0.7703125 and loss is 0.4666557788848877
At time: 8.302446842193604 accuracy is 0.7921875 and loss is 0.4525743007659912
At time: 8.520895719528198 accuracy is 0.8 and loss is 0.44423561096191405
At time: 8.757786273956299 accuracy is 0.8328125 and loss is 0.3824290752410889
At time: 9.00941014289856 accuracy is 0.7703125 and loss is 0.4712778091430664
Evaluating...
Done Evaluating: Achieved accuracy of 0.7703488372093024
Achieved new best!
Completing Train Step at 3th epoch...
At time: 9.867339372634888 accuracy is 0.7109375 and loss is 0.6345595359802246
At time: 10.018564701080322 accuracy is 0.75625 and loss is 0.5370471954345704
At time: 10.178202152252197 accuracy is 0.771875 and loss is 0.46814708709716796
At time: 10.343186378479004 accuracy is 0.7703125 and loss is 0.48828463554382323
At time: 10.517813920974731 accuracy is 0.7828125 and loss is 0.4287102222442627
At time: 10.698127746582031 accuracy is 0.8078125 and loss is 0.4280738353729248
At time: 10.890496253967285 accuracy is 0.784375 and loss is 0.43573455810546874
At time: 11.097187757492065 accuracy is 0.8046875 and loss is 0.4358389854431152
At time: 11.309165239334106 accuracy is 0.8125 and loss is 0.4464442729949951
At time: 11.53066086769104 accuracy is 0.8 and loss is 0.44083166122436523
At time: 11.76429533958435 accuracy is 0.83125 and loss is 0.3771711826324463
At time: 12.016456604003906 accuracy is 0.78125 and loss is 0.47087769508361815
Evaluating...
Done Evaluating: Achieved accuracy of 0.7765261627906976
Achieved new best!
Completing Train Step at 4th epoch...
At time: 12.84781002998352 accuracy is 0.71875 and loss is 0.6015567779541016
At time: 12.991684436798096 accuracy is 0.7609375 and loss is 0.5154319286346436
At time: 13.144689559936523 accuracy is 0.7828125 and loss is 0.4525270938873291
At time: 13.304497480392456 accuracy is 0.784375 and loss is 0.4565132141113281
At time: 13.472923278808594 accuracy is 0.8 and loss is 0.4040863513946533
At time: 13.65156602859497 accuracy is 0.8203125 and loss is 0.39876549243927
At time: 13.840643644332886 accuracy is 0.81875 and loss is 0.40932021141052244
At time: 14.039189577102661 accuracy is 0.7875 and loss is 0.4255228519439697
At time: 14.248085737228394 accuracy is 0.8265625 and loss is 0.4141252517700195
At time: 14.471322298049927 accuracy is 0.809375 and loss is 0.4292871952056885
At time: 14.708732843399048 accuracy is 0.8546875 and loss is 0.3440303087234497
At time: 14.962623834609985 accuracy is 0.7921875 and loss is 0.4688272953033447
Evaluating...
Done Evaluating: Achieved accuracy of 0.7427325581395349
Not better for 1
Completing Train Step at 5th epoch...
At time: 15.805565595626831 accuracy is 0.71875 and loss is 0.5778997421264649
At time: 15.959431409835815 accuracy is 0.7703125 and loss is 0.5044768810272217
At time: 16.12085747718811 accuracy is 0.8046875 and loss is 0.4186535358428955
At time: 16.294745206832886 accuracy is 0.7953125 and loss is 0.443144416809082
At time: 16.468242168426514 accuracy is 0.809375 and loss is 0.3953177213668823
At time: 16.651318311691284 accuracy is 0.8046875 and loss is 0.4205163955688477
At time: 16.840598106384277 accuracy is 0.80625 and loss is 0.4374362945556641
At time: 17.03810405731201 accuracy is 0.81875 and loss is 0.36689200401306155
At time: 17.252965688705444 accuracy is 0.8265625 and loss is 0.3822637557983398
At time: 17.473990440368652 accuracy is 0.8328125 and loss is 0.38893918991088866
At time: 17.711543560028076 accuracy is 0.846875 and loss is 0.34278461933135984
At time: 17.96496057510376 accuracy is 0.8015625 and loss is 0.40430302619934083
Evaluating...
Done Evaluating: Achieved accuracy of 0.7943313953488372
Achieved new best!
Completing Train Step at 6th epoch...
At time: 18.785597324371338 accuracy is 0.746875 and loss is 0.5677023887634277
At time: 18.93208336830139 accuracy is 0.796875 and loss is 0.46648874282836916
At time: 19.088122367858887 accuracy is 0.8203125 and loss is 0.3850745916366577
At time: 19.253595113754272 accuracy is 0.8109375 and loss is 0.4298853874206543
At time: 19.426353216171265 accuracy is 0.83125 and loss is 0.327555251121521
At time: 19.610363245010376 accuracy is 0.84375 and loss is 0.36249115467071535
At time: 19.803856372833252 accuracy is 0.83125 and loss is 0.3914820432662964
At time: 20.00752353668213 accuracy is 0.8515625 and loss is 0.3558492183685303
At time: 20.218390941619873 accuracy is 0.825 and loss is 0.3804388284683228
At time: 20.43730068206787 accuracy is 0.840625 and loss is 0.38099873065948486
At time: 20.669421911239624 accuracy is 0.815625 and loss is 0.3763590812683105
At time: 20.922584533691406 accuracy is 0.8109375 and loss is 0.39667177200317383
Evaluating...
Done Evaluating: Achieved accuracy of 0.7957848837209303
Achieved new best!
Completing Train Step at 7th epoch...
At time: 21.744737148284912 accuracy is 0.7515625 and loss is 0.5441042900085449
At time: 21.890769004821777 accuracy is 0.8296875 and loss is 0.45501036643981935
At time: 22.04841113090515 accuracy is 0.825 and loss is 0.38211941719055176
At time: 22.213064193725586 accuracy is 0.8078125 and loss is 0.4138027191162109
At time: 22.385770559310913 accuracy is 0.88125 and loss is 0.25633530616760253
At time: 22.567394971847534 accuracy is 0.871875 and loss is 0.3002176284790039
At time: 22.759071826934814 accuracy is 0.8625 and loss is 0.3260061740875244
At time: 22.963393688201904 accuracy is 0.85 and loss is 0.3264559984207153
At time: 23.171928644180298 accuracy is 0.8734375 and loss is 0.3037458658218384
At time: 23.39254856109619 accuracy is 0.84375 and loss is 0.3536858081817627
At time: 23.629276990890503 accuracy is 0.8609375 and loss is 0.2983879804611206
At time: 23.884485483169556 accuracy is 0.8296875 and loss is 0.36961486339569094
Evaluating...
Done Evaluating: Achieved accuracy of 0.7576308139534884
Not better for 1
Completing Train Step at 8th epoch...
At time: 24.73541283607483 accuracy is 0.76875 and loss is 0.4947346687316895
At time: 24.89132523536682 accuracy is 0.8515625 and loss is 0.3834782600402832
At time: 25.090834617614746 accuracy is 0.8546875 and loss is 0.3168818235397339
At time: 25.287736415863037 accuracy is 0.8234375 and loss is 0.36003360748291013
At time: 25.492019176483154 accuracy is 0.878125 and loss is 0.2578125
At time: 25.689125299453735 accuracy is 0.8953125 and loss is 0.25835988521575926
At time: 25.908607244491577 accuracy is 0.8609375 and loss is 0.3147087574005127
At time: 26.12325930595398 accuracy is 0.8875 and loss is 0.2708917140960693
At time: 26.355681896209717 accuracy is 0.915625 and loss is 0.21339631080627441
At time: 26.582396030426025 accuracy is 0.8703125 and loss is 0.29974339008331297
At time: 26.815879583358765 accuracy is 0.896875 and loss is 0.24412052631378173
At time: 27.068755626678467 accuracy is 0.85 and loss is 0.3498749971389771
Evaluating...
Done Evaluating: Achieved accuracy of 0.7761627906976745
Not better for 2
Completing Train Step at 9th epoch...
At time: 27.913124561309814 accuracy is 0.796875 and loss is 0.4703371047973633
At time: 28.09879446029663 accuracy is 0.8546875 and loss is 0.37061097621917727
At time: 28.262248992919922 accuracy is 0.9109375 and loss is 0.26126224994659425
At time: 28.42435359954834 accuracy is 0.8671875 and loss is 0.298880410194397
At time: 28.595306634902954 accuracy is 0.9140625 and loss is 0.20821285247802734
At time: 28.778131008148193 accuracy is 0.8828125 and loss is 0.2221400499343872
At time: 28.973756074905396 accuracy is 0.85 and loss is 0.35149900913238524
At time: 29.173221826553345 accuracy is 0.884375 and loss is 0.2512638807296753
At time: 29.3809597492218 accuracy is 0.9015625 and loss is 0.24399657249450685
At time: 29.601850748062134 accuracy is 0.859375 and loss is 0.30032269954681395
At time: 29.836962699890137 accuracy is 0.9078125 and loss is 0.2272045612335205
At time: 30.091676473617554 accuracy is 0.8734375 and loss is 0.31110444068908694
Evaluating...
Done Evaluating: Achieved accuracy of 0.7772529069767442
Not better for 3
Completing Train Step at 10th epoch...
At time: 30.952122926712036 accuracy is 0.803125 and loss is 0.437254810333252
At time: 31.111183643341064 accuracy is 0.8875 and loss is 0.30726113319396975
At time: 31.273152589797974 accuracy is 0.921875 and loss is 0.22504057884216308
At time: 31.440561294555664 accuracy is 0.8703125 and loss is 0.30880236625671387
At time: 31.613283157348633 accuracy is 0.9234375 and loss is 0.21083500385284423
At time: 31.794025659561157 accuracy is 0.8953125 and loss is 0.2565495729446411
At time: 31.98376488685608 accuracy is 0.88125 and loss is 0.30328781604766847
At time: 32.18385648727417 accuracy is 0.9171875 and loss is 0.18705413341522217
At time: 32.410439252853394 accuracy is 0.9296875 and loss is 0.1870894193649292
At time: 32.63801550865173 accuracy is 0.903125 and loss is 0.2508949518203735
At time: 32.87591886520386 accuracy is 0.9265625 and loss is 0.17389414310455323
At time: 33.13367199897766 accuracy is 0.884375 and loss is 0.25097155570983887
Evaluating...
Done Evaluating: Achieved accuracy of 0.7819767441860465
Not better for 4
Completing Train Step at 11th epoch...
At time: 34.002220153808594 accuracy is 0.8640625 and loss is 0.3330712795257568
At time: 34.15810990333557 accuracy is 0.9265625 and loss is 0.20543851852416992
At time: 34.31761455535889 accuracy is 0.9265625 and loss is 0.22453389167785645
At time: 34.48186492919922 accuracy is 0.90625 and loss is 0.22857422828674318
At time: 34.65458559989929 accuracy is 0.9203125 and loss is 0.19261457920074462
At time: 34.83422017097473 accuracy is 0.9078125 and loss is 0.21428768634796141
At time: 35.021291732788086 accuracy is 0.9046875 and loss is 0.2522353410720825
At time: 35.22023630142212 accuracy is 0.940625 and loss is 0.14417550563812256
At time: 35.4273567199707 accuracy is 0.91875 and loss is 0.20317671298980713
At time: 35.644073247909546 accuracy is 0.9125 and loss is 0.1936517119407654
At time: 35.875632762908936 accuracy is 0.9140625 and loss is 0.18260304927825927
At time: 36.12661576271057 accuracy is 0.9046875 and loss is 0.21376326084136962
Evaluating...
Done Evaluating: Achieved accuracy of 0.7449127906976745
Not better for 5
Completing Train Step at 12th epoch...
At time: 36.97045683860779 accuracy is 0.8828125 and loss is 0.2996819972991943
At time: 37.12696838378906 accuracy is 0.9421875 and loss is 0.17069199085235595
At time: 37.28880190849304 accuracy is 0.9609375 and loss is 0.12699542045593262
At time: 37.456220865249634 accuracy is 0.9140625 and loss is 0.21085424423217775
At time: 37.62856721878052 accuracy is 0.928125 and loss is 0.17844877243041993
At time: 37.81198573112488 accuracy is 0.921875 and loss is 0.18207849264144899
At time: 38.00279784202576 accuracy is 0.9296875 and loss is 0.17046810388565065
At time: 38.2016339302063 accuracy is 0.9265625 and loss is 0.1640484571456909
At time: 38.409342765808105 accuracy is 0.9359375 and loss is 0.16099780797958374
At time: 38.62945771217346 accuracy is 0.9484375 and loss is 0.13051611185073853
At time: 38.86638569831848 accuracy is 0.959375 and loss is 0.09748364686965942
At time: 39.12337684631348 accuracy is 0.946875 and loss is 0.15842978954315184
Evaluating...
Done Evaluating: Achieved accuracy of 0.7696220930232558
Not better for 6
Completing Train Step at 13th epoch...
At time: 39.978206157684326 accuracy is 0.9296875 and loss is 0.21201951503753663
At time: 40.13526654243469 accuracy is 0.96875 and loss is 0.1128994107246399
At time: 40.30026197433472 accuracy is 0.9671875 and loss is 0.11250804662704468
At time: 40.467230796813965 accuracy is 0.9109375 and loss is 0.22062890529632567
At time: 40.63782525062561 accuracy is 0.9359375 and loss is 0.15261130332946776
At time: 40.818143129348755 accuracy is 0.928125 and loss is 0.15024447441101074
At time: 41.007391691207886 accuracy is 0.9453125 and loss is 0.1638718843460083
At time: 41.21071267127991 accuracy is 0.94375 and loss is 0.15256677865982055
At time: 41.421791791915894 accuracy is 0.9609375 and loss is 0.10060151815414428
At time: 41.64318108558655 accuracy is 0.965625 and loss is 0.0977388083934784
At time: 41.88116955757141 accuracy is 0.9765625 and loss is 0.071426260471344
At time: 42.137898683547974 accuracy is 0.953125 and loss is 0.1454146146774292
Evaluating...
Done Evaluating: Achieved accuracy of 0.7859738372093024
Not better for 7
Completing Train Step at 14th epoch...
At time: 42.99481511116028 accuracy is 0.93125 and loss is 0.1957141637802124
At time: 43.14942264556885 accuracy is 0.96875 and loss is 0.10163599252700806
At time: 43.31163167953491 accuracy is 0.94375 and loss is 0.17142266035079956
At time: 43.47939968109131 accuracy is 0.9234375 and loss is 0.18624985218048096
At time: 43.64824104309082 accuracy is 0.9421875 and loss is 0.17105752229690552
At time: 43.827296018600464 accuracy is 0.9453125 and loss is 0.14364815950393678
At time: 44.01647067070007 accuracy is 0.953125 and loss is 0.12369567155838013
At time: 44.21677255630493 accuracy is 0.959375 and loss is 0.10143867731094361
At time: 44.4266893863678 accuracy is 0.971875 and loss is 0.06923340559005738
At time: 44.647828102111816 accuracy is 0.9734375 and loss is 0.07781664729118347
At time: 44.88509392738342 accuracy is 0.975 and loss is 0.05822243094444275
At time: 45.142250537872314 accuracy is 0.9734375 and loss is 0.07734286189079284
Evaluating...
Done Evaluating: Achieved accuracy of 0.7721656976744186
Not better for 8
Completing Train Step at 15th epoch...
At time: 45.98142457008362 accuracy is 0.9375 and loss is 0.18072975873947145
At time: 46.13587212562561 accuracy is 0.9609375 and loss is 0.1097535490989685
At time: 46.297505378723145 accuracy is 0.959375 and loss is 0.1110217809677124
At time: 46.491265535354614 accuracy is 0.9578125 and loss is 0.1293250322341919
At time: 46.68003058433533 accuracy is 0.959375 and loss is 0.10948797464370727
At time: 46.87825012207031 accuracy is 0.95 and loss is 0.10405781269073486
At time: 47.073880195617676 accuracy is 0.965625 and loss is 0.10018637180328369
At time: 47.27461624145508 accuracy is 0.965625 and loss is 0.1013254165649414
At time: 47.491464614868164 accuracy is 0.9703125 and loss is 0.07659627795219422
At time: 47.716243267059326 accuracy is 0.9625 and loss is 0.07955977320671082
At time: 47.95442986488342 accuracy is 0.959375 and loss is 0.08259502649307252
At time: 48.2105872631073 accuracy is 0.971875 and loss is 0.06767988801002503
Evaluating...
Done Evaluating: Achieved accuracy of 0.7718023255813954
Not better for 9
Completing Train Step at 16th epoch...
At time: 49.060723543167114 accuracy is 0.95 and loss is 0.15887324810028075
At time: 49.215014696121216 accuracy is 0.975 and loss is 0.08567299246788025
At time: 49.37586569786072 accuracy is 0.9671875 and loss is 0.0873209297657013
At time: 49.54300665855408 accuracy is 0.9484375 and loss is 0.13413952589035033
At time: 49.71519470214844 accuracy is 0.96875 and loss is 0.10192793607711792
At time: 49.89423084259033 accuracy is 0.9609375 and loss is 0.07847948670387268
At time: 50.082027435302734 accuracy is 0.95625 and loss is 0.14454395771026612
At time: 50.27820348739624 accuracy is 0.9796875 and loss is 0.06524770259857178
At time: 50.48450493812561 accuracy is 0.9671875 and loss is 0.09367215633392334
At time: 50.70169138908386 accuracy is 0.98125 and loss is 0.07905327081680298
At time: 50.93184494972229 accuracy is 0.946875 and loss is 0.13195472955703735
At time: 51.18183708190918 accuracy is 0.96875 and loss is 0.08545069098472595
Evaluating...
Done Evaluating: Achieved accuracy of 0.7463662790697675
Not better for 10
Model not improving. Stopping earlyat 0.7957848837209303 epochs.
Done Training. Achieved Best Accuracy of 0.7957848837209303
Improved accuracyfrom 0.7300145348837209 to 0.7957848837209303
mlpattn
SETTINGS FOR THIS RUN
{'dropout': 0.35043513719608177, 'wordvec_dim': 300, 'wordvec_source': 'gigavec', 'tune_wordvecs': False, 'l2': 0.7884207910171346, 'attn_type': 'MLP', 'rnn_dropout': 0.36690636786462283, 'data': 'MPQA', 'num_layers': 2, 'attention_dim': 71, 'lr': 0.004324339308203067, 'batch_size': 32}
Using CUDA!
here
MLP
Building RNN Classifier...

[93m    Warning: no model found for 'en'[0m

    Only loading the 'en' tokenizer.

Retrieving Data from file: /home-nfs/siddsach/ml/Interpreting-Attention/interpreting_language/data/mpqa/mpqa_subj_labels.pickle...
Loading Vectors From Memory...
Using these vectors: ['gigavec']
Building Vocab...
[<torchtext.vocab.Vectors object at 0x7fd8e9a7e630>]
Getting Batches...
Created Iterator with 261 batches
Getting Batches...
Created Iterator with 87 batches
Building model...
MLP
Using Attention model with following args:
{'attn_type': 'MLP', 'batch_size': 32, 'num_classes': 2, 'hidden_size': 300, 'dropout': 0.35043513719608177, 'cuda': True, 'rnn_dropout': 0.36690636786462283, 'num_layers': 2, 'vocab_size': 15284, 'input_size': 300, 'tune_attn': 'True', 'vectors': 
 0.0000  0.0000  0.0000  ...   0.0000  0.0000  0.0000
 0.0000  0.0000  0.0000  ...   0.0000  0.0000  0.0000
 0.0000  0.0000  0.0000  ...   0.0000  0.0000  0.0000
          ...             ⋱             ...          
 0.0000  0.0000  0.0000  ...   0.0000  0.0000  0.0000
 0.0000  0.0000  0.0000  ...   0.0000  0.0000  0.0000
 0.0000  0.0000  0.0000  ...   0.0000  0.0000  0.0000
[torch.FloatTensor of size 15284x300]
, 'attention_dim': 71, 'train_word_vecs': False}
Not Tuning Word Vectors!
Begin Training...
Completing Train Step at 0th epoch...
At time: 0.18545818328857422 accuracy is 0.5671875 and loss is 0.7388775825500489
At time: 0.36087727546691895 accuracy is 0.55 and loss is 0.7016197204589844
At time: 0.5441620349884033 accuracy is 0.4671875 and loss is 0.7288273811340332
At time: 0.7381489276885986 accuracy is 0.478125 and loss is 0.6987939834594726
At time: 0.9422752857208252 accuracy is 0.596875 and loss is 0.6729495525360107
At time: 1.162355899810791 accuracy is 0.5828125 and loss is 0.7329009056091309
At time: 1.3937585353851318 accuracy is 0.55 and loss is 0.727117395401001
At time: 1.6387050151824951 accuracy is 0.690625 and loss is 0.5886589050292969
At time: 1.8993933200836182 accuracy is 0.69375 and loss is 0.6049617290496826
At time: 2.1758205890655518 accuracy is 0.646875 and loss is 0.6384266376495361
At time: 2.4733095169067383 accuracy is 0.6453125 and loss is 0.6323737144470215
At time: 2.795970916748047 accuracy is 0.703125 and loss is 0.5793152809143066
Evaluating...
Done Evaluating: Achieved accuracy of 0.7365552325581395
Achieved new best!
Completing Train Step at 1th epoch...
At time: 3.7156007289886475 accuracy is 0.6328125 and loss is 0.6689753532409668
At time: 3.858508348464966 accuracy is 0.6296875 and loss is 0.6417717456817627
At time: 4.010430574417114 accuracy is 0.646875 and loss is 0.606009578704834
At time: 4.172675609588623 accuracy is 0.678125 and loss is 0.6044399738311768
At time: 4.345208406448364 accuracy is 0.690625 and loss is 0.6164541721343995
At time: 4.527596712112427 accuracy is 0.6828125 and loss is 0.6201751708984375
At time: 4.7228100299835205 accuracy is 0.696875 and loss is 0.5991406440734863
At time: 4.925378322601318 accuracy is 0.69375 and loss is 0.5784205913543701
At time: 5.137286186218262 accuracy is 0.76875 and loss is 0.5312527656555176
At time: 5.359595060348511 accuracy is 0.7453125 and loss is 0.5335960388183594
At time: 5.598055601119995 accuracy is 0.6484375 and loss is 0.6334649085998535
At time: 5.854626655578613 accuracy is 0.728125 and loss is 0.5873141288757324
Evaluating...
Done Evaluating: Achieved accuracy of 0.65625
Not better for 1
Completing Train Step at 2th epoch...
At time: 6.716557025909424 accuracy is 0.6625 and loss is 0.6482053756713867
At time: 6.873417615890503 accuracy is 0.7046875 and loss is 0.5435683727264404
At time: 7.038214683532715 accuracy is 0.7328125 and loss is 0.5544472694396972
At time: 7.206904172897339 accuracy is 0.6765625 and loss is 0.6355471134185791
At time: 7.378626585006714 accuracy is 0.746875 and loss is 0.5217801570892334
At time: 7.560212135314941 accuracy is 0.703125 and loss is 0.5956468105316162
At time: 7.7527453899383545 accuracy is 0.7203125 and loss is 0.5616077899932861
At time: 7.949718952178955 accuracy is 0.74375 and loss is 0.540419626235962
At time: 8.158207654953003 accuracy is 0.7703125 and loss is 0.5117913722991944
At time: 8.378831148147583 accuracy is 0.775 and loss is 0.5032744407653809
At time: 8.615578651428223 accuracy is 0.790625 and loss is 0.45989160537719725
At time: 8.872697353363037 accuracy is 0.74375 and loss is 0.5229748725891114
Evaluating...
Done Evaluating: Achieved accuracy of 0.7318313953488372
Not better for 2
Completing Train Step at 3th epoch...
At time: 9.731574773788452 accuracy is 0.696875 and loss is 0.6486997604370117
At time: 9.88986873626709 accuracy is 0.7484375 and loss is 0.5045974254608154
At time: 10.053943395614624 accuracy is 0.7625 and loss is 0.4788933277130127
At time: 10.221850633621216 accuracy is 0.703125 and loss is 0.6079547882080079
At time: 10.394360065460205 accuracy is 0.73125 and loss is 0.5355834007263184
At time: 10.575894594192505 accuracy is 0.7578125 and loss is 0.5118106365203857
At time: 10.766480684280396 accuracy is 0.759375 and loss is 0.5118322372436523
At time: 10.967178106307983 accuracy is 0.75625 and loss is 0.5222330570220948
At time: 11.17848014831543 accuracy is 0.7875 and loss is 0.4877115249633789
At time: 11.399113893508911 accuracy is 0.784375 and loss is 0.5000220775604248
At time: 11.634586095809937 accuracy is 0.775 and loss is 0.4517344951629639
At time: 11.889432430267334 accuracy is 0.75625 and loss is 0.5474379062652588
Evaluating...
Done Evaluating: Achieved accuracy of 0.7332848837209303
Not better for 3
Completing Train Step at 4th epoch...
At time: 12.73642110824585 accuracy is 0.625 and loss is 0.6319040775299072
At time: 12.882747411727905 accuracy is 0.75625 and loss is 0.531353759765625
At time: 13.038065671920776 accuracy is 0.765625 and loss is 0.45749053955078123
At time: 13.202007293701172 accuracy is 0.7578125 and loss is 0.5430296897888184
At time: 13.37425947189331 accuracy is 0.753125 and loss is 0.49576554298400877
At time: 13.555565118789673 accuracy is 0.775 and loss is 0.4562716007232666
At time: 13.746861219406128 accuracy is 0.7640625 and loss is 0.5061803817749023
At time: 13.947580814361572 accuracy is 0.7734375 and loss is 0.47194271087646483
At time: 14.158936977386475 accuracy is 0.746875 and loss is 0.5293631553649902
At time: 14.38228702545166 accuracy is 0.7765625 and loss is 0.5001142501831055
At time: 14.621685028076172 accuracy is 0.7421875 and loss is 0.5242392539978027
At time: 14.87933874130249 accuracy is 0.7546875 and loss is 0.5367974281311035
Evaluating...
Done Evaluating: Achieved accuracy of 0.7085755813953488
Not better for 4
Completing Train Step at 5th epoch...
At time: 15.736067533493042 accuracy is 0.634375 and loss is 0.639403247833252
At time: 15.89225721359253 accuracy is 0.76875 and loss is 0.5332571983337402
At time: 16.05625867843628 accuracy is 0.7703125 and loss is 0.4646136283874512
At time: 16.250605583190918 accuracy is 0.75 and loss is 0.5137165546417236
At time: 16.436915397644043 accuracy is 0.75 and loss is 0.5074823379516602
At time: 16.62159013748169 accuracy is 0.771875 and loss is 0.46454415321350095
At time: 16.815491437911987 accuracy is 0.7953125 and loss is 0.4416069507598877
At time: 17.018040657043457 accuracy is 0.771875 and loss is 0.46488337516784667
At time: 17.2280330657959 accuracy is 0.809375 and loss is 0.44380722045898435
At time: 17.448782682418823 accuracy is 0.784375 and loss is 0.4630246162414551
At time: 17.68147587776184 accuracy is 0.815625 and loss is 0.4129073143005371
At time: 17.933156490325928 accuracy is 0.7734375 and loss is 0.4832003116607666
Evaluating...
Done Evaluating: Achieved accuracy of 0.6984011627906976
Not better for 5
Completing Train Step at 6th epoch...
At time: 18.75200843811035 accuracy is 0.63125 and loss is 0.6674997329711914
At time: 18.895400047302246 accuracy is 0.7875 and loss is 0.5443395614624024
At time: 19.05120277404785 accuracy is 0.8109375 and loss is 0.4096816539764404
At time: 19.217341423034668 accuracy is 0.7375 and loss is 0.49806809425354004
At time: 19.390135526657104 accuracy is 0.803125 and loss is 0.4599578857421875
At time: 19.57130217552185 accuracy is 0.784375 and loss is 0.44837613105773927
At time: 19.76182770729065 accuracy is 0.7796875 and loss is 0.5095948696136474
At time: 19.96119785308838 accuracy is 0.8140625 and loss is 0.4229562759399414
At time: 20.175552368164062 accuracy is 0.7984375 and loss is 0.42226710319519045
At time: 20.399441719055176 accuracy is 0.8125 and loss is 0.4394516468048096
At time: 20.637221097946167 accuracy is 0.8203125 and loss is 0.4207420825958252
At time: 20.895851850509644 accuracy is 0.753125 and loss is 0.5043729305267334
Evaluating...
Done Evaluating: Achieved accuracy of 0.6958575581395349
Not better for 6
Completing Train Step at 7th epoch...
At time: 21.71190595626831 accuracy is 0.6546875 and loss is 0.6825021266937256
At time: 21.851661920547485 accuracy is 0.790625 and loss is 0.45199337005615237
At time: 22.003790855407715 accuracy is 0.815625 and loss is 0.3954395055770874
At time: 22.164174795150757 accuracy is 0.7875 and loss is 0.46152400970458984
At time: 22.333794355392456 accuracy is 0.7828125 and loss is 0.46401233673095704
At time: 22.511624336242676 accuracy is 0.7453125 and loss is 0.4948436260223389
At time: 22.698710441589355 accuracy is 0.7890625 and loss is 0.4785615921020508
At time: 22.894564151763916 accuracy is 0.7625 and loss is 0.46407308578491213
At time: 23.100738525390625 accuracy is 0.809375 and loss is 0.44585556983947755
At time: 23.3167941570282 accuracy is 0.76875 and loss is 0.447799825668335
At time: 23.545639038085938 accuracy is 0.846875 and loss is 0.3702863693237305
At time: 23.796014070510864 accuracy is 0.7421875 and loss is 0.5034922122955322
Evaluating...
Done Evaluating: Achieved accuracy of 0.6257267441860465
Not better for 7
Completing Train Step at 8th epoch...
At time: 24.639180660247803 accuracy is 0.6703125 and loss is 0.6826226234436035
At time: 24.794564962387085 accuracy is 0.7484375 and loss is 0.5342406749725341
At time: 24.956570386886597 accuracy is 0.7859375 and loss is 0.4322803974151611
At time: 25.12410616874695 accuracy is 0.771875 and loss is 0.4796555995941162
At time: 25.296701908111572 accuracy is 0.7859375 and loss is 0.4544532775878906
At time: 25.47903847694397 accuracy is 0.76875 and loss is 0.4637752532958984
At time: 25.670377016067505 accuracy is 0.7921875 and loss is 0.47684717178344727
At time: 25.884167671203613 accuracy is 0.8 and loss is 0.42447919845581056
At time: 26.101532697677612 accuracy is 0.803125 and loss is 0.41555352210998536
At time: 26.327658653259277 accuracy is 0.7984375 and loss is 0.4249850273132324
At time: 26.561665296554565 accuracy is 0.8546875 and loss is 0.33103165626525877
At time: 26.81103515625 accuracy is 0.76875 and loss is 0.4836205005645752
Evaluating...
Done Evaluating: Achieved accuracy of 0.6119186046511628
Not better for 8
Completing Train Step at 9th epoch...
At time: 27.651522636413574 accuracy is 0.621875 and loss is 0.7575930595397949
At time: 27.802907943725586 accuracy is 0.7953125 and loss is 0.4654585838317871
At time: 27.96205496788025 accuracy is 0.83125 and loss is 0.4040663719177246
At time: 28.129444360733032 accuracy is 0.7625 and loss is 0.4576444149017334
At time: 28.304394483566284 accuracy is 0.803125 and loss is 0.43996691703796387
At time: 28.48907160758972 accuracy is 0.7921875 and loss is 0.42583599090576174
At time: 28.68500328063965 accuracy is 0.790625 and loss is 0.4560676574707031
At time: 28.88913607597351 accuracy is 0.8203125 and loss is 0.39130899906158445
At time: 29.102422952651978 accuracy is 0.8125 and loss is 0.4235205173492432
At time: 29.32445979118347 accuracy is 0.8125 and loss is 0.40187501907348633
At time: 29.56312656402588 accuracy is 0.8484375 and loss is 0.3425506830215454
At time: 29.820814609527588 accuracy is 0.7796875 and loss is 0.5176047801971435
Evaluating...
Done Evaluating: Achieved accuracy of 0.6722383720930233
Not better for 9
Completing Train Step at 10th epoch...
At time: 30.666770696640015 accuracy is 0.625 and loss is 0.7083222389221191
At time: 30.82815456390381 accuracy is 0.790625 and loss is 0.4991952419281006
At time: 30.996746063232422 accuracy is 0.840625 and loss is 0.39716877937316897
At time: 31.170498609542847 accuracy is 0.78125 and loss is 0.43385329246521
At time: 31.34368371963501 accuracy is 0.7875 and loss is 0.49800839424133303
At time: 31.523330450057983 accuracy is 0.7796875 and loss is 0.44897780418395994
At time: 31.712766647338867 accuracy is 0.803125 and loss is 0.4203920841217041
At time: 31.9116530418396 accuracy is 0.84375 and loss is 0.35095069408416746
At time: 32.1225528717041 accuracy is 0.825 and loss is 0.3795372247695923
At time: 32.33896541595459 accuracy is 0.8203125 and loss is 0.4432703971862793
At time: 32.56855368614197 accuracy is 0.815625 and loss is 0.3858349323272705
At time: 32.81694436073303 accuracy is 0.784375 and loss is 0.5017617225646973
Evaluating...
Done Evaluating: Achieved accuracy of 0.6380813953488372
Not better for 10
Model not improving. Stopping earlyat 0.7365552325581395 epochs.
Done Training. Achieved Best Accuracy of 0.7365552325581395
mlpattn
SETTINGS FOR THIS RUN
{'dropout': 0.554972928994095, 'wordvec_dim': 300, 'wordvec_source': 'gigavec', 'tune_wordvecs': False, 'l2': 0.26384038241793983, 'attn_type': 'MLP', 'rnn_dropout': 0.5012218623889659, 'data': 'MPQA', 'num_layers': 2, 'attention_dim': 53, 'lr': 0.0012752730466260543, 'batch_size': 32}
Using CUDA!
here
MLP
Building RNN Classifier...

[93m    Warning: no model found for 'en'[0m

    Only loading the 'en' tokenizer.

Retrieving Data from file: /home-nfs/siddsach/ml/Interpreting-Attention/interpreting_language/data/mpqa/mpqa_subj_labels.pickle...
Loading Vectors From Memory...
Using these vectors: ['gigavec']
Building Vocab...
[<torchtext.vocab.Vectors object at 0x7fd8e9a7e630>]
Getting Batches...
Created Iterator with 261 batches
Getting Batches...
Created Iterator with 87 batches
Building model...
MLP
Using Attention model with following args:
{'attn_type': 'MLP', 'batch_size': 32, 'num_classes': 2, 'hidden_size': 300, 'dropout': 0.554972928994095, 'cuda': True, 'rnn_dropout': 0.5012218623889659, 'num_layers': 2, 'vocab_size': 15284, 'input_size': 300, 'tune_attn': 'True', 'vectors': 
 0.0000  0.0000  0.0000  ...   0.0000  0.0000  0.0000
 0.0000  0.0000  0.0000  ...   0.0000  0.0000  0.0000
 0.0000  0.0000  0.0000  ...   0.0000  0.0000  0.0000
          ...             ⋱             ...          
 0.0000  0.0000  0.0000  ...   0.0000  0.0000  0.0000
 0.0000  0.0000  0.0000  ...   0.0000  0.0000  0.0000
 0.0000  0.0000  0.0000  ...   0.0000  0.0000  0.0000
[torch.FloatTensor of size 15284x300]
, 'attention_dim': 53, 'train_word_vecs': False}
Not Tuning Word Vectors!
Begin Training...
Completing Train Step at 0th epoch...
At time: 0.19098639488220215 accuracy is 0.5484375 and loss is 0.7345015048980713
At time: 0.3680555820465088 accuracy is 0.55625 and loss is 0.6868395328521728
At time: 0.5557384490966797 accuracy is 0.521875 and loss is 0.7109455585479736
At time: 0.7512357234954834 accuracy is 0.5375 and loss is 0.673710823059082
At time: 0.9550437927246094 accuracy is 0.6609375 and loss is 0.7104581832885742
At time: 1.1769118309020996 accuracy is 0.7046875 and loss is 0.610333251953125
At time: 1.4064610004425049 accuracy is 0.69375 and loss is 0.5877243041992187
At time: 1.6475391387939453 accuracy is 0.7 and loss is 0.6097095012664795
At time: 1.9007835388183594 accuracy is 0.75 and loss is 0.5501564979553223
At time: 2.1685264110565186 accuracy is 0.7296875 and loss is 0.5400474071502686
At time: 2.455963134765625 accuracy is 0.75 and loss is 0.541781997680664
At time: 2.7717926502227783 accuracy is 0.715625 and loss is 0.5573693752288819
Evaluating...
Done Evaluating: Achieved accuracy of 0.7630813953488372
Achieved new best!
Completing Train Step at 1th epoch...
At time: 3.6871650218963623 accuracy is 0.6015625 and loss is 0.6999682426452637
At time: 3.8378489017486572 accuracy is 0.728125 and loss is 0.588391923904419
At time: 3.996558666229248 accuracy is 0.7671875 and loss is 0.5348710536956787
At time: 4.162471055984497 accuracy is 0.7234375 and loss is 0.552186393737793
At time: 4.33177375793457 accuracy is 0.703125 and loss is 0.5530349254608155
At time: 4.510785102844238 accuracy is 0.7296875 and loss is 0.5422625541687012
At time: 4.69879412651062 accuracy is 0.7265625 and loss is 0.5605629920959473
At time: 4.897543668746948 accuracy is 0.775 and loss is 0.5007689952850342
At time: 5.105786561965942 accuracy is 0.79375 and loss is 0.47717761993408203
At time: 5.326617956161499 accuracy is 0.7515625 and loss is 0.5199603080749512
At time: 5.567905426025391 accuracy is 0.8203125 and loss is 0.42044897079467775
At time: 5.82206916809082 accuracy is 0.7609375 and loss is 0.5363039016723633
Evaluating...
Done Evaluating: Achieved accuracy of 0.7852470930232558
Achieved new best!
Completing Train Step at 2th epoch...
At time: 6.687879323959351 accuracy is 0.6421875 and loss is 0.6744815349578858
At time: 6.847002267837524 accuracy is 0.7046875 and loss is 0.5604837894439697
At time: 7.010619640350342 accuracy is 0.784375 and loss is 0.4701526165008545
At time: 7.182384490966797 accuracy is 0.75625 and loss is 0.5064867019653321
At time: 7.357529163360596 accuracy is 0.765625 and loss is 0.4761354446411133
At time: 7.539326906204224 accuracy is 0.7421875 and loss is 0.49089035987854
At time: 7.7284321784973145 accuracy is 0.753125 and loss is 0.5464754581451416
At time: 7.931399583816528 accuracy is 0.7796875 and loss is 0.45494771003723145
At time: 8.142528533935547 accuracy is 0.809375 and loss is 0.45995049476623534
At time: 8.364220142364502 accuracy is 0.80625 and loss is 0.45717320442199705
At time: 8.59896183013916 accuracy is 0.815625 and loss is 0.4173762798309326
At time: 8.853881597518921 accuracy is 0.771875 and loss is 0.48342418670654297
Evaluating...
Done Evaluating: Achieved accuracy of 0.7914244186046512
Achieved new best!
Completing Train Step at 3th epoch...
At time: 9.701663255691528 accuracy is 0.7078125 and loss is 0.6296664237976074
At time: 9.848991632461548 accuracy is 0.771875 and loss is 0.5045879364013672
At time: 10.005990028381348 accuracy is 0.765625 and loss is 0.44351706504821775
At time: 10.172171831130981 accuracy is 0.7828125 and loss is 0.4574283123016357
At time: 10.361199378967285 accuracy is 0.7828125 and loss is 0.44219207763671875
At time: 10.546777725219727 accuracy is 0.7765625 and loss is 0.45000720024108887
At time: 10.743532657623291 accuracy is 0.7859375 and loss is 0.4277343273162842
At time: 10.950268268585205 accuracy is 0.8171875 and loss is 0.4560518264770508
At time: 11.162047386169434 accuracy is 0.8171875 and loss is 0.4399267196655273
At time: 11.38277816772461 accuracy is 0.8046875 and loss is 0.427597713470459
At time: 11.615808486938477 accuracy is 0.8453125 and loss is 0.3658256530761719
At time: 11.867748498916626 accuracy is 0.775 and loss is 0.4790377616882324
Evaluating...
Done Evaluating: Achieved accuracy of 0.7449127906976745
Not better for 1
Completing Train Step at 4th epoch...
At time: 12.708717584609985 accuracy is 0.709375 and loss is 0.5840848922729492
At time: 12.861216306686401 accuracy is 0.80625 and loss is 0.46190853118896485
At time: 13.020423173904419 accuracy is 0.8015625 and loss is 0.40553770065307615
At time: 13.186624765396118 accuracy is 0.79375 and loss is 0.420299768447876
At time: 13.355716943740845 accuracy is 0.815625 and loss is 0.39193387031555177
At time: 13.536032438278198 accuracy is 0.7984375 and loss is 0.4056252479553223
At time: 13.723196983337402 accuracy is 0.8140625 and loss is 0.380709171295166
At time: 13.920013427734375 accuracy is 0.8484375 and loss is 0.38913764953613283
At time: 14.12683391571045 accuracy is 0.8 and loss is 0.45604538917541504
At time: 14.348915338516235 accuracy is 0.775 and loss is 0.48175048828125
At time: 14.583164691925049 accuracy is 0.8375 and loss is 0.3759997129440308
At time: 14.835485219955444 accuracy is 0.7890625 and loss is 0.4607877731323242
Evaluating...
Done Evaluating: Achieved accuracy of 0.7496366279069767
Not better for 2
Completing Train Step at 5th epoch...
At time: 15.67304015159607 accuracy is 0.7078125 and loss is 0.5785093307495117
At time: 15.825624465942383 accuracy is 0.8421875 and loss is 0.43744592666625975
At time: 15.985253810882568 accuracy is 0.83125 and loss is 0.3858055353164673
At time: 16.149267196655273 accuracy is 0.7921875 and loss is 0.4334698677062988
At time: 16.31853485107422 accuracy is 0.76875 and loss is 0.45215206146240233
At time: 16.494292974472046 accuracy is 0.79375 and loss is 0.4029869079589844
At time: 16.6780743598938 accuracy is 0.8203125 and loss is 0.3573600292205811
At time: 16.87123680114746 accuracy is 0.8515625 and loss is 0.3331876516342163
At time: 17.0741970539093 accuracy is 0.8375 and loss is 0.3824121952056885
At time: 17.287848711013794 accuracy is 0.8390625 and loss is 0.3877758264541626
At time: 17.51797389984131 accuracy is 0.8546875 and loss is 0.33516731262207033
At time: 17.769413948059082 accuracy is 0.8140625 and loss is 0.4235085487365723
Evaluating...
Done Evaluating: Achieved accuracy of 0.7852470930232558
Not better for 3
Completing Train Step at 6th epoch...
At time: 18.59998893737793 accuracy is 0.7375 and loss is 0.5631548881530761
At time: 18.752197980880737 accuracy is 0.834375 and loss is 0.4285529613494873
At time: 18.91155219078064 accuracy is 0.8546875 and loss is 0.3552598237991333
At time: 19.076114177703857 accuracy is 0.8453125 and loss is 0.34553985595703124
At time: 19.247552156448364 accuracy is 0.8546875 and loss is 0.31462826728820803
At time: 19.424376010894775 accuracy is 0.83125 and loss is 0.37552454471588137
At time: 19.609269857406616 accuracy is 0.8609375 and loss is 0.3078173637390137
At time: 19.803171396255493 accuracy is 0.8625 and loss is 0.3621387004852295
At time: 20.007324934005737 accuracy is 0.8328125 and loss is 0.37217082977294924
At time: 20.22118854522705 accuracy is 0.8328125 and loss is 0.37046587467193604
At time: 20.45004630088806 accuracy is 0.840625 and loss is 0.33216137886047364
At time: 20.698078870773315 accuracy is 0.815625 and loss is 0.40700488090515136
Evaluating...
Done Evaluating: Achieved accuracy of 0.7423691860465116
Not better for 4
Completing Train Step at 7th epoch...
At time: 21.522578716278076 accuracy is 0.7 and loss is 0.5722373962402344
At time: 21.663233041763306 accuracy is 0.8484375 and loss is 0.39997766017913816
At time: 21.818981647491455 accuracy is 0.89375 and loss is 0.26140902042388914
At time: 21.98612666130066 accuracy is 0.8796875 and loss is 0.27007596492767333
At time: 22.158865928649902 accuracy is 0.865625 and loss is 0.30769031047821044
At time: 22.343079328536987 accuracy is 0.853125 and loss is 0.3533508539199829
At time: 22.536932945251465 accuracy is 0.8734375 and loss is 0.2841053485870361
At time: 22.740325927734375 accuracy is 0.871875 and loss is 0.2798960208892822
At time: 22.95455527305603 accuracy is 0.8578125 and loss is 0.3159786224365234
At time: 23.1784725189209 accuracy is 0.8625 and loss is 0.31120901107788085
At time: 23.415949821472168 accuracy is 0.8703125 and loss is 0.3003407955169678
At time: 23.67195773124695 accuracy is 0.8375 and loss is 0.3656078100204468
Evaluating...
Done Evaluating: Achieved accuracy of 0.7830668604651163
Not better for 5
Completing Train Step at 8th epoch...
At time: 24.53294062614441 accuracy is 0.7578125 and loss is 0.5185265064239502
At time: 24.692110061645508 accuracy is 0.8828125 and loss is 0.3240912914276123
At time: 24.85746932029724 accuracy is 0.9421875 and loss is 0.1958206534385681
At time: 25.029159784317017 accuracy is 0.8953125 and loss is 0.24526164531707764
At time: 25.205486059188843 accuracy is 0.8796875 and loss is 0.34571051597595215
At time: 25.390703678131104 accuracy is 0.8515625 and loss is 0.32067897319793703
At time: 25.585047721862793 accuracy is 0.865625 and loss is 0.2846982479095459
At time: 25.78832197189331 accuracy is 0.9234375 and loss is 0.19967215061187743
At time: 26.002288103103638 accuracy is 0.9 and loss is 0.26579225063323975
At time: 26.226151704788208 accuracy is 0.890625 and loss is 0.25708651542663574
At time: 26.464112758636475 accuracy is 0.890625 and loss is 0.25220794677734376
At time: 26.719897508621216 accuracy is 0.8796875 and loss is 0.2947943925857544
Evaluating...
Done Evaluating: Achieved accuracy of 0.7779796511627907
Not better for 6
Completing Train Step at 9th epoch...
At time: 27.569449186325073 accuracy is 0.803125 and loss is 0.4613645553588867
At time: 27.716251373291016 accuracy is 0.89375 and loss is 0.3113245964050293
At time: 27.873287677764893 accuracy is 0.95625 and loss is 0.18915940523147584
At time: 28.038597345352173 accuracy is 0.9125 and loss is 0.2205489158630371
At time: 28.21235466003418 accuracy is 0.86875 and loss is 0.3348503828048706
At time: 28.39727544784546 accuracy is 0.8671875 and loss is 0.3264069318771362
At time: 28.5913405418396 accuracy is 0.8890625 and loss is 0.26529202461242674
At time: 28.794138431549072 accuracy is 0.9125 and loss is 0.20430712699890136
At time: 29.007563591003418 accuracy is 0.9109375 and loss is 0.22998397350311278
At time: 29.231717824935913 accuracy is 0.8875 and loss is 0.2610687971115112
At time: 29.470534563064575 accuracy is 0.9 and loss is 0.23715362548828126
At time: 29.72884726524353 accuracy is 0.8734375 and loss is 0.27893249988555907
Evaluating...
Done Evaluating: Achieved accuracy of 0.7630813953488372
Not better for 7
Completing Train Step at 10th epoch...
At time: 30.584620475769043 accuracy is 0.8046875 and loss is 0.4478175163269043
At time: 30.73525881767273 accuracy is 0.9203125 and loss is 0.24433588981628418
At time: 30.893458127975464 accuracy is 0.959375 and loss is 0.15390626192092896
At time: 31.0611629486084 accuracy is 0.9203125 and loss is 0.2044271469116211
At time: 31.23463010787964 accuracy is 0.8625 and loss is 0.3583712100982666
At time: 31.418222427368164 accuracy is 0.8796875 and loss is 0.29061570167541506
At time: 31.61199641227722 accuracy is 0.8859375 and loss is 0.22946221828460694
At time: 31.813283920288086 accuracy is 0.95 and loss is 0.13821349143981934
At time: 32.02485632896423 accuracy is 0.9171875 and loss is 0.20557425022125245
At time: 32.24753761291504 accuracy is 0.9125 and loss is 0.23064100742340088
At time: 32.48449683189392 accuracy is 0.928125 and loss is 0.22476158142089844
At time: 32.74114441871643 accuracy is 0.85625 and loss is 0.4600059986114502
Evaluating...
Done Evaluating: Achieved accuracy of 0.7906976744186046
Not better for 8
Completing Train Step at 11th epoch...
At time: 33.60305404663086 accuracy is 0.825 and loss is 0.41141705513000487
At time: 33.75801372528076 accuracy is 0.9234375 and loss is 0.2232354164123535
At time: 33.92107534408569 accuracy is 0.9140625 and loss is 0.22851665019989015
At time: 34.088613986968994 accuracy is 0.9046875 and loss is 0.20321478843688964
At time: 34.25874948501587 accuracy is 0.8734375 and loss is 0.31081290245056153
At time: 34.445966958999634 accuracy is 0.9046875 and loss is 0.22014620304107665
At time: 34.64399480819702 accuracy is 0.921875 and loss is 0.1655768036842346
At time: 34.847285985946655 accuracy is 0.953125 and loss is 0.1289224863052368
At time: 35.06618809700012 accuracy is 0.9171875 and loss is 0.21315858364105225
At time: 35.287747621536255 accuracy is 0.91875 and loss is 0.20037200450897216
At time: 35.522603273391724 accuracy is 0.93125 and loss is 0.18541862964630126
At time: 35.782394886016846 accuracy is 0.9265625 and loss is 0.20963881015777588
Evaluating...
Done Evaluating: Achieved accuracy of 0.7834302325581395
Not better for 9
Completing Train Step at 12th epoch...
At time: 36.64127731323242 accuracy is 0.875 and loss is 0.3080950975418091
At time: 36.80301070213318 accuracy is 0.9328125 and loss is 0.2004155158996582
At time: 36.97355079650879 accuracy is 0.9328125 and loss is 0.17528741359710692
At time: 37.14411473274231 accuracy is 0.9421875 and loss is 0.1476759672164917
At time: 37.322049617767334 accuracy is 0.9109375 and loss is 0.22162230014801027
At time: 37.503767251968384 accuracy is 0.9234375 and loss is 0.18452389240264894
At time: 37.69166946411133 accuracy is 0.946875 and loss is 0.14517574310302733
At time: 37.89204239845276 accuracy is 0.9515625 and loss is 0.11991374492645264
At time: 38.102771282196045 accuracy is 0.940625 and loss is 0.17288761138916015
At time: 38.32485771179199 accuracy is 0.9390625 and loss is 0.16919764280319213
At time: 38.562997341156006 accuracy is 0.94375 and loss is 0.14027440547943115
At time: 38.822094440460205 accuracy is 0.915625 and loss is 0.22452387809753419
Evaluating...
Done Evaluating: Achieved accuracy of 0.7757994186046512
Not better for 10
Model not improving. Stopping earlyat 0.7914244186046512 epochs.
Done Training. Achieved Best Accuracy of 0.7914244186046512
mlpattn
SETTINGS FOR THIS RUN
{'dropout': 0.14919562219881122, 'wordvec_dim': 300, 'wordvec_source': 'gigavec', 'tune_wordvecs': False, 'l2': 0.7040632760830038, 'attn_type': 'MLP', 'rnn_dropout': 0.7624878571250245, 'data': 'MPQA', 'num_layers': 2, 'attention_dim': 19, 'lr': 0.0036344187644111597, 'batch_size': 32}
Using CUDA!
here
MLP
Building RNN Classifier...

[93m    Warning: no model found for 'en'[0m

    Only loading the 'en' tokenizer.

Retrieving Data from file: /home-nfs/siddsach/ml/Interpreting-Attention/interpreting_language/data/mpqa/mpqa_subj_labels.pickle...
Loading Vectors From Memory...
Using these vectors: ['gigavec']
Building Vocab...
[<torchtext.vocab.Vectors object at 0x7fd8e6228cf8>]
Getting Batches...
Created Iterator with 261 batches
Getting Batches...
Created Iterator with 87 batches
Building model...
MLP
Using Attention model with following args:
{'attn_type': 'MLP', 'batch_size': 32, 'num_classes': 2, 'hidden_size': 300, 'dropout': 0.14919562219881122, 'cuda': True, 'rnn_dropout': 0.7624878571250245, 'num_layers': 2, 'vocab_size': 15284, 'input_size': 300, 'tune_attn': 'True', 'vectors': 
 0.0000  0.0000  0.0000  ...   0.0000  0.0000  0.0000
 0.0000  0.0000  0.0000  ...   0.0000  0.0000  0.0000
 0.0000  0.0000  0.0000  ...   0.0000  0.0000  0.0000
          ...             ⋱             ...          
 0.0000  0.0000  0.0000  ...   0.0000  0.0000  0.0000
 0.0000  0.0000  0.0000  ...   0.0000  0.0000  0.0000
 0.0000  0.0000  0.0000  ...   0.0000  0.0000  0.0000
[torch.FloatTensor of size 15284x300]
, 'attention_dim': 19, 'train_word_vecs': False}
Not Tuning Word Vectors!
Begin Training...
Completing Train Step at 0th epoch...
At time: 0.17851853370666504 accuracy is 0.5796875 and loss is 0.727130937576294
At time: 0.3422963619232178 accuracy is 0.4875 and loss is 0.7390367984771729
At time: 0.5239591598510742 accuracy is 0.5359375 and loss is 0.6942378997802734
At time: 0.7177400588989258 accuracy is 0.4953125 and loss is 0.6996275901794433
At time: 0.9226264953613281 accuracy is 0.509375 and loss is 0.6897310256958008
At time: 1.142693281173706 accuracy is 0.5828125 and loss is 0.6890870571136475
At time: 1.376265287399292 accuracy is 0.56875 and loss is 0.7032308101654052
At time: 1.6222209930419922 accuracy is 0.5640625 and loss is 0.6760836601257324
At time: 1.8819539546966553 accuracy is 0.66875 and loss is 0.6607162952423096
At time: 2.1550796031951904 accuracy is 0.7140625 and loss is 0.589470911026001
At time: 2.4457428455352783 accuracy is 0.6578125 and loss is 0.6060298442840576
At time: 2.7647578716278076 accuracy is 0.6640625 and loss is 0.6219441413879394
Evaluating...
Done Evaluating: Achieved accuracy of 0.7249273255813954
Achieved new best!
Completing Train Step at 1th epoch...
At time: 3.6878461837768555 accuracy is 0.653125 and loss is 0.6838711261749267
At time: 3.839071035385132 accuracy is 0.7125 and loss is 0.5988931655883789
At time: 4.001230716705322 accuracy is 0.75 and loss is 0.5591711044311524
At time: 4.169061183929443 accuracy is 0.746875 and loss is 0.5660227775573731
At time: 4.344070911407471 accuracy is 0.7203125 and loss is 0.5669686794281006
At time: 4.5286171436309814 accuracy is 0.7234375 and loss is 0.5651110649108887
At time: 4.721758127212524 accuracy is 0.715625 and loss is 0.5696192741394043
At time: 4.923712491989136 accuracy is 0.7203125 and loss is 0.562603235244751
At time: 5.133241176605225 accuracy is 0.7890625 and loss is 0.5278826236724854
At time: 5.35438084602356 accuracy is 0.8 and loss is 0.4828034400939941
At time: 5.592320442199707 accuracy is 0.775 and loss is 0.4915316581726074
At time: 5.846291780471802 accuracy is 0.7421875 and loss is 0.5309284210205079
Evaluating...
Done Evaluating: Achieved accuracy of 0.7387354651162791
Achieved new best!
Completing Train Step at 2th epoch...
At time: 6.783830404281616 accuracy is 0.653125 and loss is 0.6382598876953125
At time: 6.974782466888428 accuracy is 0.7328125 and loss is 0.5774745941162109
At time: 7.1695215702056885 accuracy is 0.7609375 and loss is 0.5055995941162109
At time: 7.361727237701416 accuracy is 0.76875 and loss is 0.5372707366943359
At time: 7.5504560470581055 accuracy is 0.740625 and loss is 0.5155325412750245
At time: 7.7396721839904785 accuracy is 0.7609375 and loss is 0.5074233055114746
At time: 7.935739278793335 accuracy is 0.7359375 and loss is 0.5122424602508545
At time: 8.151949405670166 accuracy is 0.7640625 and loss is 0.5158443927764893
At time: 8.380708694458008 accuracy is 0.7703125 and loss is 0.5384782314300537
At time: 8.613611936569214 accuracy is 0.7671875 and loss is 0.5085967063903809
At time: 8.853070497512817 accuracy is 0.825 and loss is 0.4519636154174805
At time: 9.110246896743774 accuracy is 0.7703125 and loss is 0.4951799392700195
Evaluating...
Done Evaluating: Achieved accuracy of 0.7151162790697675
Not better for 1
Completing Train Step at 3th epoch...
At time: 9.978140115737915 accuracy is 0.63125 and loss is 0.6669562816619873
At time: 10.133345603942871 accuracy is 0.7328125 and loss is 0.5647922039031983
At time: 10.305131435394287 accuracy is 0.740625 and loss is 0.5286879539489746
At time: 10.477573871612549 accuracy is 0.7859375 and loss is 0.5180217266082764
At time: 10.65494704246521 accuracy is 0.790625 and loss is 0.4757805824279785
At time: 10.839561700820923 accuracy is 0.7515625 and loss is 0.5143128871917725
At time: 11.028398275375366 accuracy is 0.7703125 and loss is 0.4862545967102051
At time: 11.22633147239685 accuracy is 0.796875 and loss is 0.4358692646026611
At time: 11.430824995040894 accuracy is 0.7984375 and loss is 0.51608304977417
At time: 11.64701509475708 accuracy is 0.803125 and loss is 0.45461697578430177
At time: 11.877835512161255 accuracy is 0.809375 and loss is 0.43289642333984374
At time: 12.129682540893555 accuracy is 0.7484375 and loss is 0.5299000263214111
Evaluating...
Done Evaluating: Achieved accuracy of 0.732921511627907
Not better for 2
Completing Train Step at 4th epoch...
At time: 12.997299909591675 accuracy is 0.6515625 and loss is 0.7354936599731445
At time: 13.161829471588135 accuracy is 0.771875 and loss is 0.5139469623565673
At time: 13.335117101669312 accuracy is 0.7859375 and loss is 0.4752652645111084
At time: 13.515346050262451 accuracy is 0.7734375 and loss is 0.4848930835723877
At time: 13.68808102607727 accuracy is 0.7953125 and loss is 0.46163406372070315
At time: 13.870019435882568 accuracy is 0.775 and loss is 0.4895471096038818
At time: 14.058677434921265 accuracy is 0.796875 and loss is 0.4552625179290771
At time: 14.254592895507812 accuracy is 0.809375 and loss is 0.4404961585998535
At time: 14.461458683013916 accuracy is 0.7984375 and loss is 0.47988238334655764
At time: 14.680442333221436 accuracy is 0.771875 and loss is 0.48080906867980955
At time: 14.916428804397583 accuracy is 0.778125 and loss is 0.503450345993042
At time: 15.166866540908813 accuracy is 0.75625 and loss is 0.5024642467498779
Evaluating...
Done Evaluating: Achieved accuracy of 0.7307412790697675
Not better for 3
Completing Train Step at 5th epoch...
At time: 16.021141052246094 accuracy is 0.640625 and loss is 0.7654240608215332
At time: 16.176753759384155 accuracy is 0.728125 and loss is 0.5753946304321289
At time: 16.339856386184692 accuracy is 0.7796875 and loss is 0.4975389003753662
At time: 16.507028579711914 accuracy is 0.78125 and loss is 0.4751418113708496
At time: 16.676302194595337 accuracy is 0.7796875 and loss is 0.4767136573791504
At time: 16.854408264160156 accuracy is 0.7546875 and loss is 0.5107403755187988
At time: 17.038938760757446 accuracy is 0.79375 and loss is 0.4765615940093994
At time: 17.23470973968506 accuracy is 0.7984375 and loss is 0.44504365921020506
At time: 17.441757917404175 accuracy is 0.796875 and loss is 0.4631918430328369
At time: 17.658745288848877 accuracy is 0.8234375 and loss is 0.44080567359924316
At time: 17.88730549812317 accuracy is 0.821875 and loss is 0.4194775581359863
At time: 18.13879108428955 accuracy is 0.765625 and loss is 0.49183049201965334
Evaluating...
Done Evaluating: Achieved accuracy of 0.7412790697674418
Achieved new best!
Completing Train Step at 6th epoch...
At time: 18.987216472625732 accuracy is 0.675 and loss is 0.6266014099121093
At time: 19.142558336257935 accuracy is 0.7984375 and loss is 0.5178717136383056
At time: 19.304826021194458 accuracy is 0.8015625 and loss is 0.4813412666320801
At time: 19.47172713279724 accuracy is 0.7703125 and loss is 0.47062087059020996
At time: 19.644097805023193 accuracy is 0.7671875 and loss is 0.5060359477996826
At time: 19.82497215270996 accuracy is 0.75 and loss is 0.5224087238311768
At time: 20.014904975891113 accuracy is 0.76875 and loss is 0.49170169830322263
At time: 20.21380591392517 accuracy is 0.7890625 and loss is 0.48990674018859864
At time: 20.420465230941772 accuracy is 0.8 and loss is 0.47071056365966796
At time: 20.639594554901123 accuracy is 0.8078125 and loss is 0.4557682991027832
At time: 20.874995470046997 accuracy is 0.809375 and loss is 0.41925582885742185
At time: 21.13194227218628 accuracy is 0.76875 and loss is 0.5186368465423584
Evaluating...
Done Evaluating: Achieved accuracy of 0.7579941860465116
Achieved new best!
Completing Train Step at 7th epoch...
At time: 21.994284629821777 accuracy is 0.6890625 and loss is 0.6755821704864502
At time: 22.14987063407898 accuracy is 0.7921875 and loss is 0.49347786903381347
At time: 22.31285858154297 accuracy is 0.7921875 and loss is 0.4605280876159668
At time: 22.480693817138672 accuracy is 0.7734375 and loss is 0.46560282707214357
At time: 22.65325617790222 accuracy is 0.8125 and loss is 0.43754868507385253
At time: 22.838260889053345 accuracy is 0.7625 and loss is 0.5034397125244141
At time: 23.027974128723145 accuracy is 0.771875 and loss is 0.4968599319458008
At time: 23.228825330734253 accuracy is 0.80625 and loss is 0.4258232116699219
At time: 23.43615174293518 accuracy is 0.8140625 and loss is 0.4507089614868164
At time: 23.653863668441772 accuracy is 0.7921875 and loss is 0.47461504936218263
At time: 23.887155532836914 accuracy is 0.7796875 and loss is 0.43692803382873535
At time: 24.139467477798462 accuracy is 0.7703125 and loss is 0.5204253196716309
Evaluating...
Done Evaluating: Achieved accuracy of 0.657703488372093
Not better for 1
Completing Train Step at 8th epoch...
At time: 24.987453937530518 accuracy is 0.6265625 and loss is 0.7050934314727784
At time: 25.13647747039795 accuracy is 0.778125 and loss is 0.5069618225097656
At time: 25.293553352355957 accuracy is 0.7953125 and loss is 0.44333877563476565
At time: 25.459064960479736 accuracy is 0.759375 and loss is 0.49028816223144533
At time: 25.629748344421387 accuracy is 0.7953125 and loss is 0.4361227512359619
At time: 25.808197736740112 accuracy is 0.7875 and loss is 0.43932161331176756
At time: 25.99362087249756 accuracy is 0.771875 and loss is 0.4692984580993652
At time: 26.187916040420532 accuracy is 0.8453125 and loss is 0.3794407367706299
At time: 26.391939401626587 accuracy is 0.8109375 and loss is 0.4329719066619873
At time: 26.606305837631226 accuracy is 0.7890625 and loss is 0.4467640399932861
At time: 26.83781671524048 accuracy is 0.8296875 and loss is 0.40466904640197754
At time: 27.088932037353516 accuracy is 0.7875 and loss is 0.4453685760498047
Evaluating...
Done Evaluating: Achieved accuracy of 0.7521802325581395
Not better for 2
Completing Train Step at 9th epoch...
At time: 27.922815561294556 accuracy is 0.665625 and loss is 0.7073204517364502
At time: 28.07377529144287 accuracy is 0.7890625 and loss is 0.465946626663208
At time: 28.230650901794434 accuracy is 0.81875 and loss is 0.41251497268676757
At time: 28.392593145370483 accuracy is 0.79375 and loss is 0.4320207595825195
At time: 28.559407472610474 accuracy is 0.8 and loss is 0.45067667961120605
At time: 28.73470640182495 accuracy is 0.7828125 and loss is 0.4553656578063965
At time: 28.918850421905518 accuracy is 0.803125 and loss is 0.42348127365112304
At time: 29.113539457321167 accuracy is 0.8296875 and loss is 0.3784657001495361
At time: 29.317439317703247 accuracy is 0.8203125 and loss is 0.41408324241638184
At time: 29.53178310394287 accuracy is 0.7859375 and loss is 0.47455196380615233
At time: 29.76063299179077 accuracy is 0.8125 and loss is 0.430255126953125
At time: 30.01469373703003 accuracy is 0.7734375 and loss is 0.49268336296081544
Evaluating...
Done Evaluating: Achieved accuracy of 0.7441860465116279
Not better for 3
Completing Train Step at 10th epoch...
At time: 30.853652954101562 accuracy is 0.659375 and loss is 0.6738592147827148
At time: 31.00843620300293 accuracy is 0.809375 and loss is 0.4722743511199951
At time: 31.16261863708496 accuracy is 0.8203125 and loss is 0.4091911315917969
At time: 31.323291778564453 accuracy is 0.7859375 and loss is 0.4490161895751953
At time: 31.49301314353943 accuracy is 0.7859375 and loss is 0.46028704643249513
At time: 31.669094562530518 accuracy is 0.7890625 and loss is 0.4678351879119873
At time: 31.8545503616333 accuracy is 0.778125 and loss is 0.4551055431365967
At time: 32.04984498023987 accuracy is 0.8390625 and loss is 0.38883793354034424
At time: 32.25398826599121 accuracy is 0.7609375 and loss is 0.5025614261627197
At time: 32.46993088722229 accuracy is 0.8 and loss is 0.4473461151123047
At time: 32.7024405002594 accuracy is 0.8046875 and loss is 0.4128812313079834
At time: 32.956642150878906 accuracy is 0.78125 and loss is 0.49204249382019044
Evaluating...
Done Evaluating: Achieved accuracy of 0.6613372093023255
Not better for 4
Completing Train Step at 11th epoch...
At time: 33.80940771102905 accuracy is 0.621875 and loss is 0.7800326347351074
At time: 33.96066975593567 accuracy is 0.790625 and loss is 0.46844167709350587
At time: 34.12068510055542 accuracy is 0.846875 and loss is 0.36872639656066897
At time: 34.28768754005432 accuracy is 0.80625 and loss is 0.42916221618652345
At time: 34.45981240272522 accuracy is 0.80625 and loss is 0.4344511032104492
At time: 34.63921928405762 accuracy is 0.784375 and loss is 0.4551142692565918
At time: 34.826069355010986 accuracy is 0.8140625 and loss is 0.42337331771850584
At time: 35.024446964263916 accuracy is 0.853125 and loss is 0.3394038200378418
At time: 35.23294973373413 accuracy is 0.8125 and loss is 0.411305570602417
At time: 35.44711399078369 accuracy is 0.8078125 and loss is 0.4458597183227539
At time: 35.6755256652832 accuracy is 0.8328125 and loss is 0.40337586402893066
At time: 35.926387548446655 accuracy is 0.7890625 and loss is 0.4955306053161621
Evaluating...
Done Evaluating: Achieved accuracy of 0.6260901162790697
Not better for 5
Completing Train Step at 12th epoch...
At time: 36.751357316970825 accuracy is 0.6 and loss is 0.8823930740356445
At time: 36.899383783340454 accuracy is 0.7703125 and loss is 0.47260584831237795
At time: 37.054596185684204 accuracy is 0.8640625 and loss is 0.3312757253646851
At time: 37.216660261154175 accuracy is 0.8125 and loss is 0.41283607482910156
At time: 37.38224792480469 accuracy is 0.834375 and loss is 0.3923025608062744
At time: 37.55650734901428 accuracy is 0.79375 and loss is 0.42812485694885255
At time: 37.73985290527344 accuracy is 0.8171875 and loss is 0.4150432586669922
At time: 37.93492913246155 accuracy is 0.85625 and loss is 0.32959685325622556
At time: 38.14091181755066 accuracy is 0.815625 and loss is 0.3929542303085327
At time: 38.37128496170044 accuracy is 0.7828125 and loss is 0.5549674034118652
At time: 38.621294260025024 accuracy is 0.7828125 and loss is 0.41792593002319334
At time: 38.88369345664978 accuracy is 0.7953125 and loss is 0.46518716812133787
Evaluating...
Done Evaluating: Achieved accuracy of 0.6424418604651163
Not better for 6
Completing Train Step at 13th epoch...
At time: 39.73682880401611 accuracy is 0.6171875 and loss is 0.8864253044128418
At time: 39.88848257064819 accuracy is 0.771875 and loss is 0.49099006652832033
At time: 40.04697299003601 accuracy is 0.8625 and loss is 0.3142233371734619
At time: 40.209019899368286 accuracy is 0.8234375 and loss is 0.3752169609069824
At time: 40.380496978759766 accuracy is 0.8265625 and loss is 0.3800771951675415
At time: 40.56169414520264 accuracy is 0.8 and loss is 0.4051519393920898
At time: 40.751248359680176 accuracy is 0.7859375 and loss is 0.4332479953765869
At time: 40.950859785079956 accuracy is 0.8171875 and loss is 0.3966287851333618
At time: 41.15870141983032 accuracy is 0.8109375 and loss is 0.43501906394958495
At time: 41.398423194885254 accuracy is 0.771875 and loss is 0.503508186340332
At time: 41.6473343372345 accuracy is 0.80625 and loss is 0.4053986072540283
At time: 41.914456844329834 accuracy is 0.796875 and loss is 0.5079596519470215
Evaluating...
Done Evaluating: Achieved accuracy of 0.7147529069767442
Not better for 7
Completing Train Step at 14th epoch...
At time: 42.757206439971924 accuracy is 0.65625 and loss is 0.6898897647857666
At time: 42.909059047698975 accuracy is 0.8015625 and loss is 0.47446837425231936
At time: 43.068861961364746 accuracy is 0.8578125 and loss is 0.34816756248474123
At time: 43.23080348968506 accuracy is 0.81875 and loss is 0.4020530700683594
At time: 43.399949073791504 accuracy is 0.840625 and loss is 0.3735819816589355
At time: 43.57960820198059 accuracy is 0.825 and loss is 0.3740252494812012
At time: 43.767099142074585 accuracy is 0.8109375 and loss is 0.4187772750854492
At time: 43.96472382545471 accuracy is 0.803125 and loss is 0.37486121654510496
At time: 44.172059297561646 accuracy is 0.8234375 and loss is 0.421457576751709
At time: 44.38979458808899 accuracy is 0.8 and loss is 0.43602876663208007
At time: 44.62111258506775 accuracy is 0.834375 and loss is 0.38209588527679444
At time: 44.87235689163208 accuracy is 0.7875 and loss is 0.4935153007507324
Evaluating...
Done Evaluating: Achieved accuracy of 0.717296511627907
Not better for 8
Completing Train Step at 15th epoch...
At time: 45.70687007904053 accuracy is 0.6625 and loss is 0.7458397388458252
At time: 45.858322858810425 accuracy is 0.8203125 and loss is 0.4450213432312012
At time: 46.01505947113037 accuracy is 0.878125 and loss is 0.31835792064666746
At time: 46.17655825614929 accuracy is 0.8484375 and loss is 0.356989312171936
At time: 46.34326529502869 accuracy is 0.8140625 and loss is 0.43109827041625975
At time: 46.52069306373596 accuracy is 0.8125 and loss is 0.40221519470214845
At time: 46.70821523666382 accuracy is 0.8109375 and loss is 0.41069846153259276
At time: 46.905649185180664 accuracy is 0.85 and loss is 0.3383284330368042
At time: 47.112637519836426 accuracy is 0.7984375 and loss is 0.42221932411193847
At time: 47.327709674835205 accuracy is 0.8203125 and loss is 0.4256688117980957
At time: 47.55589294433594 accuracy is 0.828125 and loss is 0.37289884090423586
At time: 47.803794145584106 accuracy is 0.7765625 and loss is 0.44994020462036133
Evaluating...
Done Evaluating: Achieved accuracy of 0.6507994186046512
Not better for 9
Completing Train Step at 16th epoch...
At time: 48.623305797576904 accuracy is 0.5953125 and loss is 0.8875331878662109
At time: 48.772075176239014 accuracy is 0.7734375 and loss is 0.4714203834533691
At time: 48.93079113960266 accuracy is 0.8703125 and loss is 0.31372478008270266
At time: 49.09616184234619 accuracy is 0.8546875 and loss is 0.34046115875244143
At time: 49.26878046989441 accuracy is 0.83125 and loss is 0.3801156520843506
At time: 49.45296573638916 accuracy is 0.809375 and loss is 0.40764150619506834
At time: 49.64665722846985 accuracy is 0.7921875 and loss is 0.4376535892486572
At time: 49.851258754730225 accuracy is 0.8546875 and loss is 0.3307616710662842
At time: 50.065019369125366 accuracy is 0.825 and loss is 0.40021657943725586
At time: 50.293034076690674 accuracy is 0.8 and loss is 0.42372817993164064
At time: 50.52984929084778 accuracy is 0.8484375 and loss is 0.3635568618774414
At time: 50.784666299819946 accuracy is 0.7984375 and loss is 0.41925673484802245
Evaluating...
Done Evaluating: Achieved accuracy of 0.7274709302325582
Not better for 10
Model not improving. Stopping earlyat 0.7579941860465116 epochs.
Done Training. Achieved Best Accuracy of 0.7579941860465116
mlpattn



RESULTS:
[{'best_accuracy': 0.7300145348837209, 'params': {'dropout': 0.8278550231828578, 'wordvec_dim': 300, 'wordvec_source': 'gigavec', 'tune_wordvecs': False, 'l2': 0.7398429062380799, 'attn_type': 'MLP', 'rnn_dropout': 0.9209607291296278, 'data': 'MPQA', 'num_layers': 2, 'attention_dim': 35, 'lr': 0.0020971367954230355, 'batch_size': 32}}, {'best_accuracy': 0.7957848837209303, 'params': {'dropout': 0.7224276441228211, 'wordvec_dim': 300, 'wordvec_source': 'gigavec', 'tune_wordvecs': False, 'l2': 0.20946169283667349, 'attn_type': 'MLP', 'rnn_dropout': 0.3379074251417785, 'data': 'MPQA', 'num_layers': 2, 'attention_dim': 19, 'lr': 0.0006821173342036765, 'batch_size': 32}}, {'best_accuracy': 0.7365552325581395, 'params': {'dropout': 0.35043513719608177, 'wordvec_dim': 300, 'wordvec_source': 'gigavec', 'tune_wordvecs': False, 'l2': 0.7884207910171346, 'attn_type': 'MLP', 'rnn_dropout': 0.36690636786462283, 'data': 'MPQA', 'num_layers': 2, 'attention_dim': 71, 'lr': 0.004324339308203067, 'batch_size': 32}}, {'best_accuracy': 0.7914244186046512, 'params': {'dropout': 0.554972928994095, 'wordvec_dim': 300, 'wordvec_source': 'gigavec', 'tune_wordvecs': False, 'l2': 0.26384038241793983, 'attn_type': 'MLP', 'rnn_dropout': 0.5012218623889659, 'data': 'MPQA', 'num_layers': 2, 'attention_dim': 53, 'lr': 0.0012752730466260543, 'batch_size': 32}}, {'best_accuracy': 0.7579941860465116, 'params': {'dropout': 0.14919562219881122, 'wordvec_dim': 300, 'wordvec_source': 'gigavec', 'tune_wordvecs': False, 'l2': 0.7040632760830038, 'attn_type': 'MLP', 'rnn_dropout': 0.7624878571250245, 'data': 'MPQA', 'num_layers': 2, 'attention_dim': 19, 'lr': 0.0036344187644111597, 'batch_size': 32}}]
