ROOT_PATH: /home-nfs/siddsach/ml/Interpreting-Attention/interpreting_language
Building Bayesian Optimizer for 
 data:MPQA 
 choices:[{'domain': [5e-05, 0.005], 'name': 'lr', 'type': 'continuous'}, {'domain': [0, 1], 'name': 'rnn_dropout', 'type': 'continuous'}, {'domain': [0, 1], 'name': 'dropout', 'type': 'continuous'}, {'domain': [0, 1], 'name': 'l2', 'type': 'continuous'}]
SETTINGS FOR THIS RUN
{'tune_wordvecs': True, 'num_layers': 3, 'dropout': 0.1517149515757299, 'batch_size': 32, 'wordvec_dim': 300, 'tune_attn': False, 'lr': 0.004340056892313386, 'rnn_dropout': 0.22546846073948623, 'l2': 0.37149086574415324, 'data': 'MPQA', 'attn_type': 'similarity', 'wordvec_source': 'glove'}
Using CUDA!
here
similarity
Building RNN Classifier...

[93m    Warning: no model found for 'en'[0m

    Only loading the 'en' tokenizer.

Retrieving Data from file: /home-nfs/siddsach/ml/Interpreting-Attention/interpreting_language/data/mpqa/mpqa_subj_labels.pickle...
Loading Vectors From Memory...
Using these vectors: ['GloVe']
Getting GloVe Vectors with 300 dims
Building Vocab...
[<torchtext.vocab.Vectors object at 0x7f3a271aa400>]
Getting Batches...
Created Iterator with 261 batches
Getting Batches...
Created Iterator with 87 batches
Building model...
similarity
Using Attention model with following args:
{'num_layers': 3, 'tune_attn': False, 'dropout': 0.1517149515757299, 'batch_size': 32, 'attn_type': 'similarity', 'vectors': 
 0.0000  0.0000  0.0000  ...   0.0000  0.0000  0.0000
 0.0000  0.0000  0.0000  ...   0.0000  0.0000  0.0000
 0.0000  0.0000  0.0000  ...   0.0000  0.0000  0.0000
          ...             ⋱             ...          
-0.4786 -0.1089 -0.0076  ...   0.7458  0.7174  0.6185
 0.0000  0.0000  0.0000  ...   0.0000  0.0000  0.0000
-0.0479  0.9828  0.9182  ...   0.0424  0.4554 -0.3210
[torch.FloatTensor of size 15284x300]
, 'hidden_size': 300, 'train_word_vecs': True, 'num_classes': 2, 'vocab_size': 15284, 'attention_dim': 350, 'input_size': 300, 'cuda': True, 'rnn_dropout': 0.22546846073948623}
Begin Training...
Completing Train Step at 0th epoch...
At time: 1.0669126510620117 accuracy is 0.5875 and loss is 0.836025333404541
At time: 1.3879952430725098 accuracy is 0.621875 and loss is 0.7063263893127442
At time: 1.7364156246185303 accuracy is 0.496875 and loss is 0.7336156845092774
At time: 2.112614154815674 accuracy is 0.4875 and loss is 0.7043603420257568
At time: 2.507556676864624 accuracy is 0.5265625 and loss is 0.6933589935302734
At time: 2.9248239994049072 accuracy is 0.48125 and loss is 0.6988140106201172
At time: 3.3684709072113037 accuracy is 0.4765625 and loss is 0.6958012104034423
At time: 3.8367152214050293 accuracy is 0.553125 and loss is 0.6886997699737549
At time: 4.334202289581299 accuracy is 0.596875 and loss is 0.6740839004516601
At time: 4.859999418258667 accuracy is 0.603125 and loss is 0.6717812538146972
At time: 5.429797172546387 accuracy is 0.6484375 and loss is 0.6536457538604736
At time: 6.058119535446167 accuracy is 0.628125 and loss is 0.6623718738555908
Evaluating...
Done Evaluating: Achieved accuracy of 0.5672238372093024
Achieved new best!
Completing Train Step at 1th epoch...
At time: 7.5513200759887695 accuracy is 0.425 and loss is 0.8842010498046875
At time: 7.8475565910339355 accuracy is 0.590625 and loss is 0.7159548282623291
At time: 8.150091648101807 accuracy is 0.53125 and loss is 0.6899546146392822
At time: 8.450999021530151 accuracy is 0.5171875 and loss is 0.6959175586700439
At time: 8.74845027923584 accuracy is 0.5 and loss is 0.6947846412658691
At time: 9.059663772583008 accuracy is 0.4875 and loss is 0.7020745277404785
At time: 9.38554072380066 accuracy is 0.4546875 and loss is 0.7022845268249511
At time: 9.721293449401855 accuracy is 0.546875 and loss is 0.6894562244415283
At time: 10.074841022491455 accuracy is 0.596875 and loss is 0.6743486881256103
At time: 10.439868688583374 accuracy is 0.603125 and loss is 0.6747484683990479
At time: 10.822384595870972 accuracy is 0.6484375 and loss is 0.6487150669097901
At time: 11.2520010471344 accuracy is 0.6296875 and loss is 0.659278392791748
Evaluating...
Done Evaluating: Achieved accuracy of 0.5672238372093024
Achieved new best!
Completing Train Step at 2th epoch...
At time: 12.508468866348267 accuracy is 0.421875 and loss is 0.8156849861145019
At time: 12.787181377410889 accuracy is 0.4453125 and loss is 0.7294618606567382
At time: 13.076130628585815 accuracy is 0.484375 and loss is 0.6997420787811279
At time: 13.36185097694397 accuracy is 0.4828125 and loss is 0.6965272903442383
At time: 13.659810543060303 accuracy is 0.51875 and loss is 0.6937010288238525
At time: 13.972730875015259 accuracy is 0.5125 and loss is 0.693186902999878
At time: 14.293964147567749 accuracy is 0.5453125 and loss is 0.6909644603729248
At time: 14.627596139907837 accuracy is 0.553125 and loss is 0.6892990112304688
At time: 14.980793237686157 accuracy is 0.596875 and loss is 0.6760104656219482
At time: 15.340337038040161 accuracy is 0.603125 and loss is 0.6750632286071777
At time: 15.719096183776855 accuracy is 0.6484375 and loss is 0.6520511150360108
At time: 16.125481367111206 accuracy is 0.6296875 and loss is 0.6612914562225342
Evaluating...
Done Evaluating: Achieved accuracy of 0.5672238372093024
Achieved new best!
Completing Train Step at 3th epoch...
At time: 17.32004141807556 accuracy is 0.425 and loss is 0.8839788436889648
At time: 17.598752737045288 accuracy is 0.4421875 and loss is 0.7686775207519532
At time: 17.88790535926819 accuracy is 0.4484375 and loss is 0.7269606113433837
At time: 18.18303656578064 accuracy is 0.5078125 and loss is 0.6921267986297608
At time: 18.481635570526123 accuracy is 0.51875 and loss is 0.6940384864807129
At time: 18.791252851486206 accuracy is 0.4875 and loss is 0.7023551940917969
At time: 19.115739822387695 accuracy is 0.4546875 and loss is 0.7007971286773682
At time: 19.451659440994263 accuracy is 0.553125 and loss is 0.6896415233612061
At time: 19.800457239151 accuracy is 0.596875 and loss is 0.6749587059020996
At time: 20.163456201553345 accuracy is 0.603125 and loss is 0.6731991291046142
At time: 20.544956922531128 accuracy is 0.6484375 and loss is 0.6493725776672363
At time: 20.95355200767517 accuracy is 0.6296875 and loss is 0.6601388454437256
Evaluating...
Done Evaluating: Achieved accuracy of 0.5672238372093024
Achieved new best!
Completing Train Step at 4th epoch...
At time: 22.158236503601074 accuracy is 0.50625 and loss is 1.9203407287597656
At time: 22.43720579147339 accuracy is 0.4875 and loss is 0.7609921932220459
At time: 22.723352193832397 accuracy is 0.5125 and loss is 0.6877112865447998
At time: 23.015551805496216 accuracy is 0.5171875 and loss is 0.7021098613739014
At time: 23.31276798248291 accuracy is 0.484375 and loss is 0.6979001045227051
At time: 23.622679233551025 accuracy is 0.4875 and loss is 0.6974020957946777
At time: 23.954657316207886 accuracy is 0.45625 and loss is 0.7127995491027832
At time: 24.287519693374634 accuracy is 0.4765625 and loss is 0.6975833892822265
At time: 24.634758710861206 accuracy is 0.596875 and loss is 0.6812448024749755
At time: 24.997652769088745 accuracy is 0.603125 and loss is 0.6726759433746338
At time: 25.37939429283142 accuracy is 0.6484375 and loss is 0.6479936122894288
At time: 25.78529381752014 accuracy is 0.6296875 and loss is 0.6648405075073243
Evaluating...
Done Evaluating: Achieved accuracy of 0.5668604651162791
Not better for 1
Completing Train Step at 5th epoch...
At time: 26.95920205116272 accuracy is 0.434375 and loss is 0.8611221313476562
At time: 27.224138021469116 accuracy is 0.4421875 and loss is 0.7433810234069824
At time: 27.5013427734375 accuracy is 0.4484375 and loss is 0.7122269153594971
At time: 27.78695034980774 accuracy is 0.5234375 and loss is 0.6926010131835938
At time: 28.083552360534668 accuracy is 0.51875 and loss is 0.6948139190673828
At time: 28.39486837387085 accuracy is 0.4875 and loss is 0.7018878936767579
At time: 28.717762231826782 accuracy is 0.4703125 and loss is 0.6983437061309814
At time: 29.05132484436035 accuracy is 0.553125 and loss is 0.6888226985931396
At time: 29.39831781387329 accuracy is 0.596875 and loss is 0.6745655059814453
At time: 29.761650562286377 accuracy is 0.603125 and loss is 0.6733809471130371
At time: 30.14059042930603 accuracy is 0.6484375 and loss is 0.6482560157775878
At time: 30.541232347488403 accuracy is 0.6296875 and loss is 0.6598660469055175
Evaluating...
Done Evaluating: Achieved accuracy of 0.5664970930232558
Not better for 2
Completing Train Step at 6th epoch...
At time: 31.701929092407227 accuracy is 0.4359375 and loss is 0.9094289779663086
At time: 31.966121912002563 accuracy is 0.5515625 and loss is 0.739774751663208
At time: 32.24193334579468 accuracy is 0.6078125 and loss is 0.7627568244934082
At time: 32.53058648109436 accuracy is 0.5546875 and loss is 0.8019552230834961
At time: 32.82803964614868 accuracy is 0.575 and loss is 0.7022770404815674
At time: 33.13740253448486 accuracy is 0.5546875 and loss is 0.7062105655670166
At time: 33.459442138671875 accuracy is 0.6515625 and loss is 0.6254726409912109
At time: 33.79190492630005 accuracy is 0.6765625 and loss is 0.6147324562072753
At time: 34.14211964607239 accuracy is 0.6671875 and loss is 0.6173119068145752
At time: 34.4991729259491 accuracy is 0.68125 and loss is 0.5873785972595215
At time: 34.88108944892883 accuracy is 0.70625 and loss is 0.5880352020263672
At time: 35.28837203979492 accuracy is 0.715625 and loss is 0.5673794269561767
Evaluating...
Done Evaluating: Achieved accuracy of 0.6144622093023255
Achieved new best!
Completing Train Step at 7th epoch...
At time: 36.45457720756531 accuracy is 0.559375 and loss is 0.7774223327636719
At time: 36.71598434448242 accuracy is 0.740625 and loss is 0.54749755859375
At time: 36.99092435836792 accuracy is 0.7609375 and loss is 0.5335830688476563
At time: 37.276325702667236 accuracy is 0.7015625 and loss is 0.655941390991211
At time: 37.57355284690857 accuracy is 0.6640625 and loss is 0.6867883682250977
At time: 37.88283896446228 accuracy is 0.70625 and loss is 0.6220106601715087
At time: 38.20366144180298 accuracy is 0.7890625 and loss is 0.45749626159667967
At time: 38.53688907623291 accuracy is 0.775 and loss is 0.4876972198486328
At time: 38.88314437866211 accuracy is 0.7765625 and loss is 0.45165162086486815
At time: 39.25132369995117 accuracy is 0.7859375 and loss is 0.501531982421875
At time: 39.658459186553955 accuracy is 0.7140625 and loss is 0.6224052906036377
At time: 40.07438659667969 accuracy is 0.7578125 and loss is 0.49457511901855467
Evaluating...
Done Evaluating: Achieved accuracy of 0.6776889534883721
Achieved new best!
Completing Train Step at 8th epoch...
At time: 41.26612424850464 accuracy is 0.596875 and loss is 0.704133129119873
At time: 41.54266691207886 accuracy is 0.725 and loss is 0.5371878623962403
At time: 41.82240033149719 accuracy is 0.7734375 and loss is 0.46601157188415526
At time: 42.109532833099365 accuracy is 0.7078125 and loss is 0.5989428997039795
At time: 42.40825319290161 accuracy is 0.7875 and loss is 0.4672290802001953
At time: 42.72132205963135 accuracy is 0.7453125 and loss is 0.5158090591430664
At time: 43.045623540878296 accuracy is 0.8109375 and loss is 0.42787861824035645
At time: 43.38199520111084 accuracy is 0.8359375 and loss is 0.3959963798522949
At time: 43.73269200325012 accuracy is 0.8234375 and loss is 0.40341362953186033
At time: 44.0994439125061 accuracy is 0.7796875 and loss is 0.5023451328277588
At time: 44.48264026641846 accuracy is 0.8046875 and loss is 0.44409990310668945
At time: 44.90264630317688 accuracy is 0.8125 and loss is 0.4081695079803467
Evaluating...
Done Evaluating: Achieved accuracy of 0.7100290697674418
Achieved new best!
Completing Train Step at 9th epoch...
At time: 46.12392044067383 accuracy is 0.65 and loss is 0.6466633319854737
At time: 46.41369819641113 accuracy is 0.7984375 and loss is 0.45955305099487304
At time: 46.70328116416931 accuracy is 0.8140625 and loss is 0.39702982902526857
At time: 47.01185059547424 accuracy is 0.80625 and loss is 0.43389501571655276
At time: 47.319910764694214 accuracy is 0.7390625 and loss is 0.5615760326385498
At time: 47.639151096343994 accuracy is 0.7546875 and loss is 0.5406911373138428
At time: 47.965083599090576 accuracy is 0.8359375 and loss is 0.341808819770813
At time: 48.300023555755615 accuracy is 0.84375 and loss is 0.34707281589508054
At time: 48.64591145515442 accuracy is 0.8140625 and loss is 0.399484920501709
At time: 49.009583711624146 accuracy is 0.8265625 and loss is 0.39794583320617677
At time: 49.40002655982971 accuracy is 0.81875 and loss is 0.4145543098449707
At time: 49.81101632118225 accuracy is 0.840625 and loss is 0.37703590393066405
Evaluating...
Done Evaluating: Achieved accuracy of 0.7478197674418605
Achieved new best!
Completing Train Step at 10th epoch...
At time: 51.010416746139526 accuracy is 0.7375 and loss is 0.5637452125549316
At time: 51.28861379623413 accuracy is 0.8234375 and loss is 0.4485306739807129
At time: 51.58031249046326 accuracy is 0.8109375 and loss is 0.40311713218688966
At time: 51.878520488739014 accuracy is 0.8359375 and loss is 0.377233099937439
At time: 52.17854070663452 accuracy is 0.790625 and loss is 0.5060440063476562
At time: 52.49035692214966 accuracy is 0.771875 and loss is 0.4830354690551758
At time: 52.81640696525574 accuracy is 0.8984375 and loss is 0.25847837924957273
At time: 53.15334749221802 accuracy is 0.8796875 and loss is 0.28277585506439207
At time: 53.50378346443176 accuracy is 0.8546875 and loss is 0.36662237644195556
At time: 53.86792540550232 accuracy is 0.8546875 and loss is 0.35471770763397215
At time: 54.25253677368164 accuracy is 0.834375 and loss is 0.41063899993896485
At time: 54.66252279281616 accuracy is 0.8703125 and loss is 0.3204491138458252
Evaluating...
Done Evaluating: Achieved accuracy of 0.7180232558139535
Not better for 1
Completing Train Step at 11th epoch...
At time: 55.855249881744385 accuracy is 0.75625 and loss is 0.5471137046813965
At time: 56.13020133972168 accuracy is 0.8671875 and loss is 0.33602473735809324
At time: 56.418214559555054 accuracy is 0.834375 and loss is 0.41623506546020506
At time: 56.71236324310303 accuracy is 0.8234375 and loss is 0.39199488162994384
At time: 57.01438641548157 accuracy is 0.853125 and loss is 0.38191149234771726
At time: 57.327996015548706 accuracy is 0.7890625 and loss is 0.49871034622192384
At time: 57.65253138542175 accuracy is 0.9171875 and loss is 0.23271055221557618
At time: 57.99031209945679 accuracy is 0.884375 and loss is 0.2822925567626953
At time: 58.34357976913452 accuracy is 0.88125 and loss is 0.2810194730758667
At time: 58.7118194103241 accuracy is 0.8625 and loss is 0.3203774929046631
At time: 59.09789180755615 accuracy is 0.8484375 and loss is 0.3854084014892578
At time: 59.50859761238098 accuracy is 0.8265625 and loss is 0.41489477157592775
Evaluating...
Done Evaluating: Achieved accuracy of 0.715843023255814
Not better for 2
Completing Train Step at 12th epoch...
At time: 60.69008922576904 accuracy is 0.7328125 and loss is 0.5577813625335694
At time: 60.954633951187134 accuracy is 0.7953125 and loss is 0.4578226089477539
At time: 61.23439693450928 accuracy is 0.8578125 and loss is 0.37227418422698977
At time: 61.52470850944519 accuracy is 0.8234375 and loss is 0.4653135299682617
At time: 61.82476830482483 accuracy is 0.8515625 and loss is 0.39646823406219484
At time: 62.138211250305176 accuracy is 0.83125 and loss is 0.45600132942199706
At time: 62.46927094459534 accuracy is 0.9125 and loss is 0.22828783988952636
At time: 62.812241077423096 accuracy is 0.884375 and loss is 0.2968236684799194
At time: 63.16250777244568 accuracy is 0.9234375 and loss is 0.22746315002441406
At time: 63.52696442604065 accuracy is 0.884375 and loss is 0.26881091594696044
At time: 63.90982127189636 accuracy is 0.86875 and loss is 0.3513974905014038
At time: 64.31757402420044 accuracy is 0.875 and loss is 0.3172175884246826
Evaluating...
Done Evaluating: Achieved accuracy of 0.7180232558139535
Not better for 3
Completing Train Step at 13th epoch...
At time: 65.48731088638306 accuracy is 0.8015625 and loss is 0.4895904541015625
At time: 65.74961709976196 accuracy is 0.8953125 and loss is 0.2831439018249512
At time: 66.02600860595703 accuracy is 0.8703125 and loss is 0.3392131567001343
At time: 66.31261014938354 accuracy is 0.8609375 and loss is 0.3137063503265381
At time: 66.61200261116028 accuracy is 0.8828125 and loss is 0.2985001802444458
At time: 66.92339968681335 accuracy is 0.8328125 and loss is 0.4209736824035645
At time: 67.24559712409973 accuracy is 0.90625 and loss is 0.2356306791305542
At time: 67.58035898208618 accuracy is 0.909375 and loss is 0.22715792655944825
At time: 67.93030858039856 accuracy is 0.9125 and loss is 0.2227691888809204
At time: 68.29386639595032 accuracy is 0.9046875 and loss is 0.24292464256286622
At time: 68.67808628082275 accuracy is 0.8890625 and loss is 0.33218443393707275
At time: 69.08613348007202 accuracy is 0.8484375 and loss is 0.3792792081832886
Evaluating...
Done Evaluating: Achieved accuracy of 0.6991279069767442
Not better for 4
Completing Train Step at 14th epoch...
At time: 70.26281094551086 accuracy is 0.821875 and loss is 0.4422440052032471
At time: 70.52725267410278 accuracy is 0.8953125 and loss is 0.27229011058807373
At time: 70.80397653579712 accuracy is 0.9015625 and loss is 0.2930835008621216
At time: 71.09229016304016 accuracy is 0.871875 and loss is 0.3319891929626465
At time: 71.39337754249573 accuracy is 0.8796875 and loss is 0.31625900268554685
At time: 71.70753002166748 accuracy is 0.85625 and loss is 0.38275647163391113
At time: 72.04152631759644 accuracy is 0.8984375 and loss is 0.22314183712005614
At time: 72.37494277954102 accuracy is 0.90625 and loss is 0.22976045608520507
At time: 72.72326874732971 accuracy is 0.9015625 and loss is 0.26059842109680176
At time: 73.08854556083679 accuracy is 0.909375 and loss is 0.23524279594421388
At time: 73.47225666046143 accuracy is 0.909375 and loss is 0.24649355411529542
At time: 73.88267636299133 accuracy is 0.903125 and loss is 0.3391517162322998
Evaluating...
Done Evaluating: Achieved accuracy of 0.7194767441860465
Not better for 5
Completing Train Step at 15th epoch...
At time: 75.09588742256165 accuracy is 0.8203125 and loss is 0.4285562038421631
At time: 75.37265586853027 accuracy is 0.909375 and loss is 0.2550756216049194
At time: 75.65674614906311 accuracy is 0.91875 and loss is 0.2404635190963745
At time: 75.94529509544373 accuracy is 0.9078125 and loss is 0.2370436191558838
At time: 76.24652457237244 accuracy is 0.890625 and loss is 0.2965806245803833
At time: 76.55956745147705 accuracy is 0.8328125 and loss is 0.416561222076416
At time: 76.88464021682739 accuracy is 0.90625 and loss is 0.2281177520751953
At time: 77.22155380249023 accuracy is 0.890625 and loss is 0.2654387950897217
At time: 77.57254576683044 accuracy is 0.9203125 and loss is 0.21245882511138917
At time: 77.93741297721863 accuracy is 0.896875 and loss is 0.2657876968383789
At time: 78.3221230506897 accuracy is 0.89375 and loss is 0.2881652593612671
At time: 78.73074746131897 accuracy is 0.9078125 and loss is 0.2878724575042725
Evaluating...
Done Evaluating: Achieved accuracy of 0.7107558139534884
Not better for 6
Completing Train Step at 16th epoch...
At time: 79.92336654663086 accuracy is 0.8609375 and loss is 0.37183566093444825
At time: 80.20061111450195 accuracy is 0.903125 and loss is 0.26232573986053465
At time: 80.48306655883789 accuracy is 0.915625 and loss is 0.2414095878601074
At time: 80.77139782905579 accuracy is 0.903125 and loss is 0.22370924949645996
At time: 81.0723569393158 accuracy is 0.896875 and loss is 0.2490309715270996
At time: 81.38569641113281 accuracy is 0.878125 and loss is 0.33524537086486816
At time: 81.70933055877686 accuracy is 0.9171875 and loss is 0.19917535781860352
At time: 82.04564452171326 accuracy is 0.915625 and loss is 0.2131736993789673
At time: 82.3971893787384 accuracy is 0.9171875 and loss is 0.2291337251663208
At time: 82.7615556716919 accuracy is 0.921875 and loss is 0.17027682065963745
At time: 83.15173506736755 accuracy is 0.91875 and loss is 0.26264784336090086
At time: 83.56737971305847 accuracy is 0.9203125 and loss is 0.2568540573120117
Evaluating...
Done Evaluating: Achieved accuracy of 0.732921511627907
Not better for 7
Completing Train Step at 17th epoch...
At time: 84.7619833946228 accuracy is 0.8375 and loss is 0.44569950103759765
At time: 85.0385537147522 accuracy is 0.8625 and loss is 0.3200545310974121
At time: 85.32039427757263 accuracy is 0.9015625 and loss is 0.28557143211364744
At time: 85.60966849327087 accuracy is 0.91875 and loss is 0.22194020748138427
At time: 85.90974569320679 accuracy is 0.8921875 and loss is 0.3351266860961914
At time: 86.22322010993958 accuracy is 0.853125 and loss is 0.40739855766296384
At time: 86.54755401611328 accuracy is 0.93125 and loss is 0.18572885990142823
At time: 86.89406681060791 accuracy is 0.9 and loss is 0.26122820377349854
At time: 87.24866485595703 accuracy is 0.93125 and loss is 0.2596944808959961
At time: 87.61503982543945 accuracy is 0.9203125 and loss is 0.2656134366989136
At time: 87.99982953071594 accuracy is 0.93125 and loss is 0.274088191986084
At time: 88.40998339653015 accuracy is 0.909375 and loss is 0.353733229637146
Evaluating...
Done Evaluating: Achieved accuracy of 0.7071220930232558
Not better for 8
Completing Train Step at 18th epoch...
At time: 89.60080099105835 accuracy is 0.8578125 and loss is 0.41639299392700196
At time: 89.87835645675659 accuracy is 0.9125 and loss is 0.22399332523345947
At time: 90.16193652153015 accuracy is 0.9375 and loss is 0.19097944498062133
At time: 90.45188474655151 accuracy is 0.93125 and loss is 0.1982492685317993
At time: 90.75235056877136 accuracy is 0.925 and loss is 0.1890685200691223
At time: 91.06410551071167 accuracy is 0.9015625 and loss is 0.2725943088531494
At time: 91.38924860954285 accuracy is 0.9546875 and loss is 0.13212028741836548
At time: 91.72664499282837 accuracy is 0.9375 and loss is 0.15219043493270873
At time: 92.07769799232483 accuracy is 0.928125 and loss is 0.20586988925933838
At time: 92.44273114204407 accuracy is 0.9265625 and loss is 0.22641963958740235
At time: 92.83577752113342 accuracy is 0.9296875 and loss is 0.2154329776763916
At time: 93.25450730323792 accuracy is 0.915625 and loss is 0.24940121173858643
Evaluating...
Done Evaluating: Achieved accuracy of 0.7278343023255814
Not better for 9
Completing Train Step at 19th epoch...
At time: 94.45014572143555 accuracy is 0.8734375 and loss is 0.3335892915725708
At time: 94.72524762153625 accuracy is 0.9203125 and loss is 0.20823450088500978
At time: 95.00976228713989 accuracy is 0.93125 and loss is 0.2089632511138916
At time: 95.29830384254456 accuracy is 0.9359375 and loss is 0.17230069637298584
At time: 95.5969226360321 accuracy is 0.91875 and loss is 0.19485878944396973
At time: 95.9081506729126 accuracy is 0.903125 and loss is 0.2260910987854004
At time: 96.24196243286133 accuracy is 0.9359375 and loss is 0.15991026163101196
At time: 96.57313513755798 accuracy is 0.9375 and loss is 0.19044567346572877
At time: 96.92028474807739 accuracy is 0.928125 and loss is 0.19058965444564818
At time: 97.28298044204712 accuracy is 0.9359375 and loss is 0.19128957986831666
At time: 97.66622519493103 accuracy is 0.91875 and loss is 0.21628382205963134
At time: 98.07478976249695 accuracy is 0.91875 and loss is 0.27604265213012696
Evaluating...
Done Evaluating: Achieved accuracy of 0.7307412790697675
Not better for 10
Model not improving. Stopping earlyat 0.7478197674418605 epochs.
Done Training. Achieved Best Accuracy of 0.7478197674418605
Improved accuracyfrom -10000000 to 0.7478197674418605
keyvalattn
SETTINGS FOR THIS RUN
{'tune_wordvecs': True, 'num_layers': 3, 'dropout': 0.8656906142431093, 'batch_size': 32, 'wordvec_dim': 300, 'tune_attn': False, 'lr': 0.0037929610280375485, 'rnn_dropout': 0.3144679848218779, 'l2': 0.5179143800764006, 'data': 'MPQA', 'attn_type': 'similarity', 'wordvec_source': 'glove'}
Using CUDA!
here
similarity
Building RNN Classifier...

[93m    Warning: no model found for 'en'[0m

    Only loading the 'en' tokenizer.

Retrieving Data from file: /home-nfs/siddsach/ml/Interpreting-Attention/interpreting_language/data/mpqa/mpqa_subj_labels.pickle...
Loading Vectors From Memory...
Using these vectors: ['GloVe']
Getting GloVe Vectors with 300 dims
Building Vocab...
[<torchtext.vocab.Vectors object at 0x7f3a227ed780>]
Getting Batches...
Created Iterator with 261 batches
Getting Batches...
Created Iterator with 87 batches
Building model...
similarity
Using Attention model with following args:
{'num_layers': 3, 'tune_attn': False, 'dropout': 0.8656906142431093, 'batch_size': 32, 'attn_type': 'similarity', 'vectors': 
 0.0000  0.0000  0.0000  ...   0.0000  0.0000  0.0000
 0.0000  0.0000  0.0000  ...   0.0000  0.0000  0.0000
 0.0000  0.0000  0.0000  ...   0.0000  0.0000  0.0000
          ...             ⋱             ...          
-0.4786 -0.1089 -0.0076  ...   0.7458  0.7174  0.6185
 0.0000  0.0000  0.0000  ...   0.0000  0.0000  0.0000
-0.0479  0.9828  0.9182  ...   0.0424  0.4554 -0.3210
[torch.FloatTensor of size 15284x300]
, 'hidden_size': 300, 'train_word_vecs': True, 'num_classes': 2, 'vocab_size': 15284, 'attention_dim': 350, 'input_size': 300, 'cuda': True, 'rnn_dropout': 0.3144679848218779}
Begin Training...
Completing Train Step at 0th epoch...
At time: 0.3277285099029541 accuracy is 0.53125 and loss is 0.8010259628295898
At time: 0.6511642932891846 accuracy is 0.5828125 and loss is 0.8040179252624512
At time: 1.0010669231414795 accuracy is 0.5125 and loss is 0.6987510204315186
At time: 1.373387098312378 accuracy is 0.4765625 and loss is 0.7163735389709472
At time: 1.7671918869018555 accuracy is 0.51875 and loss is 0.6925693035125733
At time: 2.186979055404663 accuracy is 0.5171875 and loss is 0.6924104213714599
At time: 2.629704475402832 accuracy is 0.54375 and loss is 0.6926510810852051
At time: 3.097618341445923 accuracy is 0.553125 and loss is 0.6906890392303466
At time: 3.595675468444824 accuracy is 0.596875 and loss is 0.6812198162078857
At time: 4.122421026229858 accuracy is 0.5984375 and loss is 0.6865798950195312
At time: 4.688629388809204 accuracy is 0.6484375 and loss is 0.652946138381958
At time: 5.304882049560547 accuracy is 0.6296875 and loss is 0.6606236457824707
Evaluating...
Done Evaluating: Achieved accuracy of 0.5672238372093024
Achieved new best!
Completing Train Step at 1th epoch...
At time: 6.7910990715026855 accuracy is 0.43125 and loss is 0.8767170906066895
At time: 7.091783046722412 accuracy is 0.4515625 and loss is 0.8381199836730957
At time: 7.38085150718689 accuracy is 0.4546875 and loss is 0.7373617649078369
At time: 7.676629304885864 accuracy is 0.5125 and loss is 0.696372127532959
At time: 7.975370645523071 accuracy is 0.5046875 and loss is 0.6947327613830566
At time: 8.28428053855896 accuracy is 0.4875 and loss is 0.6972907066345215
At time: 8.607386589050293 accuracy is 0.4546875 and loss is 0.7026113510131836
At time: 8.951086044311523 accuracy is 0.5 and loss is 0.6927111148834229
At time: 9.295234680175781 accuracy is 0.596875 and loss is 0.6780467987060547
At time: 9.65003252029419 accuracy is 0.603125 and loss is 0.6723109722137451
At time: 10.029760122299194 accuracy is 0.6484375 and loss is 0.6482407569885253
At time: 10.435255289077759 accuracy is 0.6296875 and loss is 0.6628952980041504
Evaluating...
Done Evaluating: Achieved accuracy of 0.5672238372093024
Achieved new best!
Completing Train Step at 2th epoch...
At time: 11.642035245895386 accuracy is 0.425 and loss is 0.8569416999816895
At time: 11.92829442024231 accuracy is 0.46875 and loss is 0.7628004074096679
At time: 12.222382068634033 accuracy is 0.4484375 and loss is 0.7269205570220947
At time: 12.511967897415161 accuracy is 0.5171875 and loss is 0.6928265571594239
At time: 12.809798002243042 accuracy is 0.484375 and loss is 0.6938164234161377
At time: 13.118664741516113 accuracy is 0.4875 and loss is 0.6989547729492187
At time: 13.4422767162323 accuracy is 0.4546875 and loss is 0.701698637008667
At time: 13.778532266616821 accuracy is 0.528125 and loss is 0.6918426513671875
At time: 14.128034114837646 accuracy is 0.596875 and loss is 0.6779665470123291
At time: 14.490999460220337 accuracy is 0.603125 and loss is 0.6722960948944092
At time: 14.872200012207031 accuracy is 0.6484375 and loss is 0.6483865261077881
At time: 15.279447078704834 accuracy is 0.6296875 and loss is 0.6624451637268066
Evaluating...
Done Evaluating: Achieved accuracy of 0.5672238372093024
Achieved new best!
Completing Train Step at 3th epoch...
At time: 16.47615909576416 accuracy is 0.425 and loss is 0.8599165916442871
At time: 16.754928588867188 accuracy is 0.4515625 and loss is 0.7745620727539062
At time: 17.04077982902527 accuracy is 0.453125 and loss is 0.7783071994781494
At time: 17.330140829086304 accuracy is 0.5125 and loss is 0.7087644100189209
At time: 17.630716800689697 accuracy is 0.4984375 and loss is 0.707556676864624
At time: 17.942514896392822 accuracy is 0.465625 and loss is 0.7143587112426758
At time: 18.276790380477905 accuracy is 0.5203125 and loss is 0.7128568649291992
At time: 18.60863947868347 accuracy is 0.528125 and loss is 0.6971819400787354
At time: 18.955519199371338 accuracy is 0.5875 and loss is 0.6923779964447021
At time: 19.319221258163452 accuracy is 0.5921875 and loss is 0.6820680141448975
At time: 19.703828811645508 accuracy is 0.65 and loss is 0.6530597686767579
At time: 20.11199712753296 accuracy is 0.621875 and loss is 0.6772572994232178
Evaluating...
Done Evaluating: Achieved accuracy of 0.5675872093023255
Achieved new best!
Completing Train Step at 4th epoch...
At time: 21.29094409942627 accuracy is 0.471875 and loss is 0.7669758319854736
At time: 21.567689418792725 accuracy is 0.553125 and loss is 0.7088725090026855
At time: 21.84846019744873 accuracy is 0.5078125 and loss is 0.7131410598754883
At time: 22.136158227920532 accuracy is 0.503125 and loss is 0.7076169490814209
At time: 22.43720006942749 accuracy is 0.496875 and loss is 0.7053717136383056
At time: 22.747370719909668 accuracy is 0.509375 and loss is 0.6977501392364502
At time: 23.07158374786377 accuracy is 0.509375 and loss is 0.704260778427124
At time: 23.40753984451294 accuracy is 0.553125 and loss is 0.688689136505127
At time: 23.756603240966797 accuracy is 0.59375 and loss is 0.6850656509399414
At time: 24.121384620666504 accuracy is 0.596875 and loss is 0.6786775588989258
At time: 24.504417657852173 accuracy is 0.640625 and loss is 0.7009237289428711
At time: 24.912660598754883 accuracy is 0.615625 and loss is 0.6817212104797363
Evaluating...
Done Evaluating: Achieved accuracy of 0.5686773255813954
Achieved new best!
Completing Train Step at 5th epoch...
At time: 26.102288484573364 accuracy is 0.490625 and loss is 0.7533013820648193
At time: 26.393376111984253 accuracy is 0.5609375 and loss is 0.7110356330871582
At time: 26.68415379524231 accuracy is 0.5390625 and loss is 0.7075338363647461
At time: 26.979227304458618 accuracy is 0.4921875 and loss is 0.704979658126831
At time: 27.29189133644104 accuracy is 0.46875 and loss is 0.7138368606567382
At time: 27.60859179496765 accuracy is 0.51875 and loss is 0.6984513282775879
At time: 27.93319034576416 accuracy is 0.51875 and loss is 0.6991374492645264
At time: 28.267258405685425 accuracy is 0.5390625 and loss is 0.6915993690490723
At time: 28.615183115005493 accuracy is 0.5796875 and loss is 0.6898478507995606
At time: 28.98073172569275 accuracy is 0.603125 and loss is 0.6814107418060302
At time: 29.36300539970398 accuracy is 0.65 and loss is 0.658745813369751
At time: 29.771681547164917 accuracy is 0.6296875 and loss is 0.6713616371154785
Evaluating...
Done Evaluating: Achieved accuracy of 0.5683139534883721
Not better for 1
Completing Train Step at 6th epoch...
At time: 30.95966339111328 accuracy is 0.46875 and loss is 0.7581522464752197
At time: 31.232887268066406 accuracy is 0.55 and loss is 0.6965866088867188
At time: 31.51942253112793 accuracy is 0.528125 and loss is 0.7115712642669678
At time: 31.820377588272095 accuracy is 0.5046875 and loss is 0.7017138004302979
At time: 32.12465286254883 accuracy is 0.471875 and loss is 0.7056704044342041
At time: 32.4419207572937 accuracy is 0.5 and loss is 0.6993436336517334
At time: 32.7815158367157 accuracy is 0.5109375 and loss is 0.7059919834136963
At time: 33.12542200088501 accuracy is 0.5453125 and loss is 0.698235559463501
At time: 33.47500205039978 accuracy is 0.5984375 and loss is 0.6823382377624512
At time: 33.8399703502655 accuracy is 0.6046875 and loss is 0.6714725971221924
At time: 34.225111961364746 accuracy is 0.6484375 and loss is 0.6565070152282715
At time: 34.63456082344055 accuracy is 0.621875 and loss is 0.6718224048614502
Evaluating...
Done Evaluating: Achieved accuracy of 0.5668604651162791
Not better for 2
Completing Train Step at 7th epoch...
At time: 35.81962561607361 accuracy is 0.478125 and loss is 0.7470926761627197
At time: 36.08179783821106 accuracy is 0.553125 and loss is 0.691528034210205
At time: 36.37742805480957 accuracy is 0.5421875 and loss is 0.7178342342376709
At time: 36.68987035751343 accuracy is 0.5 and loss is 0.7038027763366699
At time: 36.99412703514099 accuracy is 0.4921875 and loss is 0.6947617530822754
At time: 37.30521750450134 accuracy is 0.5390625 and loss is 0.6929370880126953
At time: 37.626936197280884 accuracy is 0.540625 and loss is 0.6914839744567871
At time: 37.960235834121704 accuracy is 0.553125 and loss is 0.6887035846710206
At time: 38.306976318359375 accuracy is 0.596875 and loss is 0.6749931812286377
At time: 38.67011594772339 accuracy is 0.6046875 and loss is 0.6754796504974365
At time: 39.05260634422302 accuracy is 0.646875 and loss is 0.6709694385528564
At time: 39.461716651916504 accuracy is 0.6296875 and loss is 0.6610855102539063
Evaluating...
Done Evaluating: Achieved accuracy of 0.5675872093023255
Not better for 3
Completing Train Step at 8th epoch...
At time: 40.655381202697754 accuracy is 0.4359375 and loss is 0.8325831413269043
At time: 40.92473340034485 accuracy is 0.50625 and loss is 0.7244216918945312
At time: 41.20285439491272 accuracy is 0.5234375 and loss is 0.7517290115356445
At time: 41.49269247055054 accuracy is 0.4734375 and loss is 0.7001230716705322
At time: 41.79340982437134 accuracy is 0.503125 and loss is 0.7053891181945801
At time: 42.10558724403381 accuracy is 0.484375 and loss is 0.7074972629547119
At time: 42.42985773086548 accuracy is 0.5484375 and loss is 0.7108893871307373
At time: 42.76633310317993 accuracy is 0.53125 and loss is 0.6938506603240967
At time: 43.115766286849976 accuracy is 0.596875 and loss is 0.6760316848754883
At time: 43.47934079170227 accuracy is 0.603125 and loss is 0.6731096744537354
At time: 43.860828161239624 accuracy is 0.6484375 and loss is 0.6481063842773438
At time: 44.268702268600464 accuracy is 0.6296875 and loss is 0.6617136001586914
Evaluating...
Done Evaluating: Achieved accuracy of 0.5672238372093024
Not better for 4
Completing Train Step at 9th epoch...
At time: 45.442511796951294 accuracy is 0.425 and loss is 0.7966722965240478
At time: 45.70685386657715 accuracy is 0.4421875 and loss is 0.7054860115051269
At time: 45.98271703720093 accuracy is 0.5515625 and loss is 0.6907888412475586
At time: 46.2699191570282 accuracy is 0.4828125 and loss is 0.7097783565521241
At time: 46.56920266151428 accuracy is 0.5109375 and loss is 0.6921767234802246
At time: 46.879395723342896 accuracy is 0.5125 and loss is 0.6935221672058105
At time: 47.2014696598053 accuracy is 0.5453125 and loss is 0.6909821033477783
At time: 47.535624265670776 accuracy is 0.553125 and loss is 0.6876743793487549
At time: 47.883732080459595 accuracy is 0.596875 and loss is 0.6896418571472168
At time: 48.24970054626465 accuracy is 0.6046875 and loss is 0.6915744781494141
At time: 48.634196043014526 accuracy is 0.6484375 and loss is 0.6566117763519287
At time: 49.04229164123535 accuracy is 0.6296875 and loss is 0.659727668762207
Evaluating...
Done Evaluating: Achieved accuracy of 0.5672238372093024
Not better for 5
Completing Train Step at 10th epoch...
At time: 50.222938537597656 accuracy is 0.428125 and loss is 0.9703888893127441
At time: 50.488208532333374 accuracy is 0.4375 and loss is 0.7873895168304443
At time: 50.76657509803772 accuracy is 0.4484375 and loss is 0.7352129459381104
At time: 51.053741216659546 accuracy is 0.5171875 and loss is 0.6923925399780273
At time: 51.35056734085083 accuracy is 0.51875 and loss is 0.6943129062652588
At time: 51.66056442260742 accuracy is 0.4875 and loss is 0.7031781673431396
At time: 51.98380756378174 accuracy is 0.4609375 and loss is 0.7006072521209716
At time: 52.32001352310181 accuracy is 0.553125 and loss is 0.6891430377960205
At time: 52.66808605194092 accuracy is 0.596875 and loss is 0.6744178295135498
At time: 53.02993702888489 accuracy is 0.603125 and loss is 0.6741205215454101
At time: 53.410799503326416 accuracy is 0.6484375 and loss is 0.6484849452972412
At time: 53.817301511764526 accuracy is 0.6296875 and loss is 0.6592909336090088
Evaluating...
Done Evaluating: Achieved accuracy of 0.5672238372093024
Not better for 6
Completing Train Step at 11th epoch...
At time: 55.0134756565094 accuracy is 0.425 and loss is 0.8098902702331543
At time: 55.29149580001831 accuracy is 0.4421875 and loss is 0.7238168716430664
At time: 55.57354712486267 accuracy is 0.4828125 and loss is 0.6998231887817383
At time: 55.861258029937744 accuracy is 0.4828125 and loss is 0.6965847969055176
At time: 56.174323081970215 accuracy is 0.51875 and loss is 0.6936724662780762
At time: 56.50408148765564 accuracy is 0.521875 and loss is 0.693348503112793
At time: 56.837300300598145 accuracy is 0.5453125 and loss is 0.6908562660217286
At time: 57.17827224731445 accuracy is 0.553125 and loss is 0.6888523578643799
At time: 57.52977180480957 accuracy is 0.596875 and loss is 0.6754017353057862
At time: 57.89109444618225 accuracy is 0.603125 and loss is 0.6735177993774414
At time: 58.271788358688354 accuracy is 0.6484375 and loss is 0.6508060455322265
At time: 58.676613569259644 accuracy is 0.6296875 and loss is 0.6615215301513672
Evaluating...
Done Evaluating: Achieved accuracy of 0.5672238372093024
Not better for 7
Completing Train Step at 12th epoch...
At time: 59.85389542579651 accuracy is 0.425 and loss is 0.8791314125061035
At time: 60.117998123168945 accuracy is 0.4421875 and loss is 0.7670169830322265
At time: 60.3954656124115 accuracy is 0.4484375 and loss is 0.7273603439331054
At time: 60.681764364242554 accuracy is 0.5171875 and loss is 0.6922652721405029
At time: 60.97812819480896 accuracy is 0.51875 and loss is 0.6938381671905518
At time: 61.28660702705383 accuracy is 0.4875 and loss is 0.7018319606781006
At time: 61.6110782623291 accuracy is 0.4546875 and loss is 0.7017876625061035
At time: 61.94520020484924 accuracy is 0.54375 and loss is 0.6904533386230469
At time: 62.29328536987305 accuracy is 0.596875 and loss is 0.6757291316986084
At time: 62.6546356678009 accuracy is 0.603125 and loss is 0.6726332664489746
At time: 63.03372240066528 accuracy is 0.6484375 and loss is 0.6480597972869873
At time: 63.447219371795654 accuracy is 0.6296875 and loss is 0.6612680912017822
Evaluating...
Done Evaluating: Achieved accuracy of 0.5672238372093024
Not better for 8
Completing Train Step at 13th epoch...
At time: 64.6204092502594 accuracy is 0.425 and loss is 0.8283163070678711
At time: 64.89899587631226 accuracy is 0.4421875 and loss is 0.7351096630096435
At time: 65.18198490142822 accuracy is 0.4484375 and loss is 0.707874345779419
At time: 65.46760606765747 accuracy is 0.5296875 and loss is 0.6930360317230224
At time: 65.76341009140015 accuracy is 0.51875 and loss is 0.6942785263061524
At time: 66.08245182037354 accuracy is 0.4875 and loss is 0.6994742393493653
At time: 66.40477013587952 accuracy is 0.4671875 and loss is 0.6962920188903808
At time: 66.73574829101562 accuracy is 0.553125 and loss is 0.6884462356567382
At time: 67.08903908729553 accuracy is 0.596875 and loss is 0.6745290756225586
At time: 67.4442663192749 accuracy is 0.603125 and loss is 0.6731281280517578
At time: 67.83176493644714 accuracy is 0.6484375 and loss is 0.6482157707214355
At time: 68.23889207839966 accuracy is 0.6296875 and loss is 0.6601306915283203
Evaluating...
Done Evaluating: Achieved accuracy of 0.5672238372093024
Not better for 9
Completing Train Step at 14th epoch...
At time: 69.43683505058289 accuracy is 0.4234375 and loss is 0.8358773231506348
At time: 69.71631383895874 accuracy is 0.4421875 and loss is 0.7350139141082763
At time: 69.99870014190674 accuracy is 0.4484375 and loss is 0.7084542274475097
At time: 70.29322481155396 accuracy is 0.5296875 and loss is 0.6928444385528565
At time: 70.59731602668762 accuracy is 0.51875 and loss is 0.6942857265472412
At time: 70.90879654884338 accuracy is 0.4875 and loss is 0.7002952575683594
At time: 71.23126316070557 accuracy is 0.4703125 and loss is 0.6974821567535401
At time: 71.56636357307434 accuracy is 0.553125 and loss is 0.6888377666473389
At time: 71.91461658477783 accuracy is 0.596875 and loss is 0.6748558521270752
At time: 72.27770137786865 accuracy is 0.603125 and loss is 0.6728345394134522
At time: 72.65760135650635 accuracy is 0.6484375 and loss is 0.648123025894165
At time: 73.06441140174866 accuracy is 0.6296875 and loss is 0.6607343196868897
Evaluating...
Done Evaluating: Achieved accuracy of 0.5672238372093024
Not better for 10
Model not improving. Stopping earlyat 0.5686773255813954 epochs.
Done Training. Achieved Best Accuracy of 0.5686773255813954
keyvalattn
SETTINGS FOR THIS RUN
{'tune_wordvecs': True, 'num_layers': 3, 'dropout': 0.7733284970575913, 'batch_size': 32, 'wordvec_dim': 300, 'tune_attn': False, 'lr': 0.0018561666165641296, 'rnn_dropout': 0.4616708268191154, 'l2': 0.5764016081122636, 'data': 'MPQA', 'attn_type': 'similarity', 'wordvec_source': 'glove'}
Using CUDA!
here
similarity
Building RNN Classifier...

[93m    Warning: no model found for 'en'[0m

    Only loading the 'en' tokenizer.

Retrieving Data from file: /home-nfs/siddsach/ml/Interpreting-Attention/interpreting_language/data/mpqa/mpqa_subj_labels.pickle...
Loading Vectors From Memory...
Using these vectors: ['GloVe']
Getting GloVe Vectors with 300 dims
Building Vocab...
[<torchtext.vocab.Vectors object at 0x7f3a250f30b8>]
Getting Batches...
Created Iterator with 261 batches
Getting Batches...
Created Iterator with 87 batches
Building model...
similarity
Using Attention model with following args:
{'num_layers': 3, 'tune_attn': False, 'dropout': 0.7733284970575913, 'batch_size': 32, 'attn_type': 'similarity', 'vectors': 
 0.0000  0.0000  0.0000  ...   0.0000  0.0000  0.0000
 0.0000  0.0000  0.0000  ...   0.0000  0.0000  0.0000
 0.0000  0.0000  0.0000  ...   0.0000  0.0000  0.0000
          ...             ⋱             ...          
-0.4786 -0.1089 -0.0076  ...   0.7458  0.7174  0.6185
 0.0000  0.0000  0.0000  ...   0.0000  0.0000  0.0000
-0.0479  0.9828  0.9182  ...   0.0424  0.4554 -0.3210
[torch.FloatTensor of size 15284x300]
, 'hidden_size': 300, 'train_word_vecs': True, 'num_classes': 2, 'vocab_size': 15284, 'attention_dim': 350, 'input_size': 300, 'cuda': True, 'rnn_dropout': 0.4616708268191154}
Begin Training...
Completing Train Step at 0th epoch...
At time: 0.32565999031066895 accuracy is 0.5734375 and loss is 0.7723554611206055
At time: 0.650343656539917 accuracy is 0.60625 and loss is 0.8220305442810059
At time: 1.0015075206756592 accuracy is 0.6703125 and loss is 0.8630599975585938
At time: 1.377009630203247 accuracy is 0.65625 and loss is 0.6897684097290039
At time: 1.774545431137085 accuracy is 0.6890625 and loss is 0.6184936046600342
At time: 2.1997101306915283 accuracy is 0.7359375 and loss is 0.5576368808746338
At time: 2.6481122970581055 accuracy is 0.7609375 and loss is 0.5468790054321289
At time: 3.1217198371887207 accuracy is 0.7765625 and loss is 0.6204994201660157
At time: 3.6245505809783936 accuracy is 0.7703125 and loss is 0.525347375869751
At time: 4.156095504760742 accuracy is 0.7671875 and loss is 0.46267313957214357
At time: 4.725023984909058 accuracy is 0.7921875 and loss is 0.4682629585266113
At time: 5.346328973770142 accuracy is 0.7640625 and loss is 0.5478626251220703
Evaluating...
Done Evaluating: Achieved accuracy of 0.7867005813953488
Achieved new best!
Completing Train Step at 1th epoch...
At time: 6.815981388092041 accuracy is 0.6359375 and loss is 0.677412462234497
At time: 7.09508490562439 accuracy is 0.7234375 and loss is 0.5190977573394775
At time: 7.38310694694519 accuracy is 0.80625 and loss is 0.5442741870880127
At time: 7.673312187194824 accuracy is 0.83125 and loss is 0.459395694732666
At time: 7.9742701053619385 accuracy is 0.8359375 and loss is 0.4120768070220947
At time: 8.287691831588745 accuracy is 0.8078125 and loss is 0.4039137840270996
At time: 8.613640785217285 accuracy is 0.878125 and loss is 0.3871374368667603
At time: 8.9518141746521 accuracy is 0.8203125 and loss is 0.47991743087768557
At time: 9.302308082580566 accuracy is 0.8734375 and loss is 0.33085792064666747
At time: 9.666816711425781 accuracy is 0.9234375 and loss is 0.21845109462738038
At time: 10.050995111465454 accuracy is 0.8796875 and loss is 0.30270249843597413
At time: 10.459084510803223 accuracy is 0.86875 and loss is 0.31527323722839357
Evaluating...
Done Evaluating: Achieved accuracy of 0.7696220930232558
Not better for 1
Completing Train Step at 2th epoch...
At time: 11.62378191947937 accuracy is 0.8171875 and loss is 0.592378568649292
At time: 11.887962102890015 accuracy is 0.86875 and loss is 0.33611791133880614
At time: 12.165271997451782 accuracy is 0.865625 and loss is 0.3573225259780884
At time: 12.4549720287323 accuracy is 0.8875 and loss is 0.2920582056045532
At time: 12.754427909851074 accuracy is 0.9140625 and loss is 0.2217702627182007
At time: 13.067270040512085 accuracy is 0.9 and loss is 0.22372233867645264
At time: 13.391920566558838 accuracy is 0.8921875 and loss is 0.24882850646972657
At time: 13.72804069519043 accuracy is 0.8953125 and loss is 0.2801022529602051
At time: 14.079246044158936 accuracy is 0.94375 and loss is 0.17185564041137696
At time: 14.44215703010559 accuracy is 0.9734375 and loss is 0.06305699348449707
At time: 14.826382875442505 accuracy is 0.9015625 and loss is 0.4815774917602539
At time: 15.235418796539307 accuracy is 0.921875 and loss is 0.29273481369018556
Evaluating...
Done Evaluating: Achieved accuracy of 0.7521802325581395
Not better for 2
Completing Train Step at 3th epoch...
At time: 16.423523902893066 accuracy is 0.8421875 and loss is 0.42009496688842773
At time: 16.700897216796875 accuracy is 0.9296875 and loss is 0.24360809326171876
At time: 16.985361337661743 accuracy is 0.8921875 and loss is 0.2245574951171875
At time: 17.275906562805176 accuracy is 0.9359375 and loss is 0.16470801830291748
At time: 17.57733178138733 accuracy is 0.9578125 and loss is 0.14216787815093995
At time: 17.890013933181763 accuracy is 0.965625 and loss is 0.10291929244995117
At time: 18.21446919441223 accuracy is 0.9375 and loss is 0.16358379125595093
At time: 18.553092002868652 accuracy is 0.94375 and loss is 0.21016910076141357
At time: 18.9043288230896 accuracy is 0.971875 and loss is 0.09927918314933777
At time: 19.272185802459717 accuracy is 0.984375 and loss is 0.05425917506217957
At time: 19.658132314682007 accuracy is 0.9421875 and loss is 0.2483600854873657
At time: 20.06902241706848 accuracy is 0.94375 and loss is 0.18029909133911132
Evaluating...
Done Evaluating: Achieved accuracy of 0.7467296511627907
Not better for 3
Completing Train Step at 4th epoch...
At time: 21.266738414764404 accuracy is 0.9109375 and loss is 0.29239635467529296
At time: 21.544114351272583 accuracy is 0.95625 and loss is 0.12427014112472534
At time: 21.82808256149292 accuracy is 0.9390625 and loss is 0.21258690357208251
At time: 22.11665415763855 accuracy is 0.971875 and loss is 0.07377948760986328
At time: 22.414852142333984 accuracy is 0.9828125 and loss is 0.0787522852420807
At time: 22.728492498397827 accuracy is 0.971875 and loss is 0.08873367309570312
At time: 23.05206274986267 accuracy is 0.98125 and loss is 0.05655221939086914
At time: 23.3883273601532 accuracy is 0.9640625 and loss is 0.1215884804725647
At time: 23.73750901222229 accuracy is 0.9765625 and loss is 0.07046562433242798
At time: 24.105184316635132 accuracy is 0.984375 and loss is 0.04655544757843018
At time: 24.48173689842224 accuracy is 0.9484375 and loss is 0.1716695785522461
At time: 24.89090847969055 accuracy is 0.946875 and loss is 0.1565984845161438
Evaluating...
Done Evaluating: Achieved accuracy of 0.764171511627907
Not better for 4
Completing Train Step at 5th epoch...
At time: 26.085959911346436 accuracy is 0.921875 and loss is 0.2562315225601196
At time: 26.364611387252808 accuracy is 0.9671875 and loss is 0.06181237697601318
At time: 26.646998167037964 accuracy is 0.9828125 and loss is 0.06854492425918579
At time: 26.935526371002197 accuracy is 0.978125 and loss is 0.07996888160705566
At time: 27.23660445213318 accuracy is 0.98125 and loss is 0.07507281899452209
At time: 27.54984760284424 accuracy is 0.9578125 and loss is 0.1359132170677185
At time: 27.873753786087036 accuracy is 0.96875 and loss is 0.07946503758430482
At time: 28.206466913223267 accuracy is 0.9671875 and loss is 0.10217404365539551
At time: 28.55071258544922 accuracy is 0.959375 and loss is 0.09664610624313355
At time: 28.914392709732056 accuracy is 0.984375 and loss is 0.04894952476024628
At time: 29.299195289611816 accuracy is 0.9703125 and loss is 0.10623325109481811
At time: 29.707812786102295 accuracy is 0.971875 and loss is 0.07763679027557373
Evaluating...
Done Evaluating: Achieved accuracy of 0.7383720930232558
Not better for 5
Completing Train Step at 6th epoch...
At time: 30.898854970932007 accuracy is 0.9171875 and loss is 0.2280749797821045
At time: 31.178871393203735 accuracy is 0.9765625 and loss is 0.08545790314674377
At time: 31.459893465042114 accuracy is 0.98125 and loss is 0.06673792600631714
At time: 31.750373363494873 accuracy is 0.975 and loss is 0.08426247239112854
At time: 32.049325942993164 accuracy is 0.9859375 and loss is 0.03492779731750488
At time: 32.361393451690674 accuracy is 0.95 and loss is 0.09810888767242432
At time: 32.68638467788696 accuracy is 0.9765625 and loss is 0.05467651486396789
At time: 33.02425026893616 accuracy is 0.9765625 and loss is 0.08435682058334351
At time: 33.373154163360596 accuracy is 0.9859375 and loss is 0.034352952241897584
At time: 33.73813986778259 accuracy is 0.984375 and loss is 0.05052277445793152
At time: 34.12298369407654 accuracy is 0.9703125 and loss is 0.0766722559928894
At time: 34.534706592559814 accuracy is 0.978125 and loss is 0.06546526551246643
Evaluating...
Done Evaluating: Achieved accuracy of 0.7380087209302325
Not better for 6
Completing Train Step at 7th epoch...
At time: 35.731454610824585 accuracy is 0.909375 and loss is 0.2472921371459961
At time: 36.00820350646973 accuracy is 0.9609375 and loss is 0.09692732095718384
At time: 36.28946614265442 accuracy is 0.975 and loss is 0.07971444725990295
At time: 36.579485177993774 accuracy is 0.9734375 and loss is 0.08326557874679566
At time: 36.88215970993042 accuracy is 0.975 and loss is 0.0952494740486145
At time: 37.19653677940369 accuracy is 0.971875 and loss is 0.06976090669631958
At time: 37.52354669570923 accuracy is 0.978125 and loss is 0.07633305191993714
At time: 37.86070394515991 accuracy is 0.9828125 and loss is 0.048652514815330505
At time: 38.21897315979004 accuracy is 0.9890625 and loss is 0.03992798030376434
At time: 38.580559968948364 accuracy is 0.99375 and loss is 0.0396245539188385
At time: 38.96323013305664 accuracy is 0.971875 and loss is 0.08546267747879029
At time: 39.372838735580444 accuracy is 0.9875 and loss is 0.05610184073448181
Evaluating...
Done Evaluating: Achieved accuracy of 0.7412790697674418
Not better for 7
Completing Train Step at 8th epoch...
At time: 40.5723397731781 accuracy is 0.9203125 and loss is 0.1785434365272522
At time: 40.84951639175415 accuracy is 0.971875 and loss is 0.06963940262794495
At time: 41.132455825805664 accuracy is 0.978125 and loss is 0.07976576685905457
At time: 41.42335367202759 accuracy is 0.971875 and loss is 0.06286949515342713
At time: 41.72292137145996 accuracy is 0.9890625 and loss is 0.027505096793174744
At time: 42.03732109069824 accuracy is 0.9546875 and loss is 0.15892221927642822
At time: 42.361990451812744 accuracy is 0.9796875 and loss is 0.05419451594352722
At time: 42.69954562187195 accuracy is 0.9796875 and loss is 0.09202873110771179
At time: 43.04853272438049 accuracy is 0.9859375 and loss is 0.03659042716026306
At time: 43.41496205329895 accuracy is 0.975 and loss is 0.10913776159286499
At time: 43.79877591133118 accuracy is 0.978125 and loss is 0.0782668948173523
At time: 44.207767486572266 accuracy is 0.98125 and loss is 0.04325859546661377
Evaluating...
Done Evaluating: Achieved accuracy of 0.7412790697674418
Not better for 8
Completing Train Step at 9th epoch...
At time: 45.39533591270447 accuracy is 0.9390625 and loss is 0.17441725730895996
At time: 45.67103433609009 accuracy is 0.975 and loss is 0.0647864043712616
At time: 45.952638149261475 accuracy is 0.9859375 and loss is 0.05192841291427612
At time: 46.24150061607361 accuracy is 0.9859375 and loss is 0.05559751987457275
At time: 46.54066252708435 accuracy is 0.9890625 and loss is 0.031632733345031736
At time: 46.85253691673279 accuracy is 0.978125 and loss is 0.12140469551086426
At time: 47.17411160469055 accuracy is 0.9921875 and loss is 0.03058440089225769
At time: 47.51087236404419 accuracy is 0.9875 and loss is 0.0410925954580307
At time: 47.86214256286621 accuracy is 0.9859375 and loss is 0.039411962032318115
At time: 48.227065324783325 accuracy is 0.9953125 and loss is 0.010269410908222198
At time: 48.610313177108765 accuracy is 0.9921875 and loss is 0.05284711718559265
At time: 49.02171444892883 accuracy is 0.9953125 and loss is 0.014309458434581757
Evaluating...
Done Evaluating: Achieved accuracy of 0.7274709302325582
Not better for 9
Completing Train Step at 10th epoch...
At time: 50.28222370147705 accuracy is 0.9578125 and loss is 0.12444955110549927
At time: 50.56086540222168 accuracy is 0.984375 and loss is 0.034237703680992125
At time: 50.843780279159546 accuracy is 0.984375 and loss is 0.06825216412544251
At time: 51.150076389312744 accuracy is 0.9890625 and loss is 0.0552996575832367
At time: 51.45587754249573 accuracy is 0.9703125 and loss is 0.0839119791984558
At time: 51.77143955230713 accuracy is 0.9875 and loss is 0.042344826459884646
At time: 52.096505880355835 accuracy is 0.990625 and loss is 0.03141633868217468
At time: 52.435110569000244 accuracy is 0.971875 and loss is 0.06981701254844666
At time: 52.789387702941895 accuracy is 0.975 and loss is 0.05725376009941101
At time: 53.156744956970215 accuracy is 0.9828125 and loss is 0.059500116109848025
At time: 53.54237508773804 accuracy is 0.99375 and loss is 0.022508938610553742
At time: 53.95584464073181 accuracy is 0.96875 and loss is 0.08058173060417176
Evaluating...
Done Evaluating: Achieved accuracy of 0.7409156976744186
Not better for 10
Model not improving. Stopping earlyat 0.7867005813953488 epochs.
Done Training. Achieved Best Accuracy of 0.7867005813953488
Improved accuracyfrom 0.7478197674418605 to 0.7867005813953488
keyvalattn
SETTINGS FOR THIS RUN
{'tune_wordvecs': True, 'num_layers': 3, 'dropout': 0.18864319955952513, 'batch_size': 32, 'wordvec_dim': 300, 'tune_attn': False, 'lr': 5.319851188697758e-05, 'rnn_dropout': 0.6632062465708051, 'l2': 0.6838708920777148, 'data': 'MPQA', 'attn_type': 'similarity', 'wordvec_source': 'glove'}
Using CUDA!
here
similarity
Building RNN Classifier...

[93m    Warning: no model found for 'en'[0m

    Only loading the 'en' tokenizer.

Retrieving Data from file: /home-nfs/siddsach/ml/Interpreting-Attention/interpreting_language/data/mpqa/mpqa_subj_labels.pickle...
Loading Vectors From Memory...
Using these vectors: ['GloVe']
Getting GloVe Vectors with 300 dims
Building Vocab...
[<torchtext.vocab.Vectors object at 0x7f3a268f2e80>]
Getting Batches...
Created Iterator with 261 batches
Getting Batches...
Created Iterator with 87 batches
Building model...
similarity
Using Attention model with following args:
{'num_layers': 3, 'tune_attn': False, 'dropout': 0.18864319955952513, 'batch_size': 32, 'attn_type': 'similarity', 'vectors': 
 0.0000  0.0000  0.0000  ...   0.0000  0.0000  0.0000
 0.0000  0.0000  0.0000  ...   0.0000  0.0000  0.0000
 0.0000  0.0000  0.0000  ...   0.0000  0.0000  0.0000
          ...             ⋱             ...          
-0.4786 -0.1089 -0.0076  ...   0.7458  0.7174  0.6185
 0.0000  0.0000  0.0000  ...   0.0000  0.0000  0.0000
-0.0479  0.9828  0.9182  ...   0.0424  0.4554 -0.3210
[torch.FloatTensor of size 15284x300]
, 'hidden_size': 300, 'train_word_vecs': True, 'num_classes': 2, 'vocab_size': 15284, 'attention_dim': 350, 'input_size': 300, 'cuda': True, 'rnn_dropout': 0.6632062465708051}
Begin Training...
Completing Train Step at 0th epoch...
At time: 0.3363981246948242 accuracy is 0.5484375 and loss is 0.7307067394256592
At time: 0.6596848964691162 accuracy is 0.559375 and loss is 0.6883189678192139
At time: 1.0131597518920898 accuracy is 0.553125 and loss is 0.6783184051513672
At time: 1.3894317150115967 accuracy is 0.6125 and loss is 0.6623560905456543
At time: 1.7901594638824463 accuracy is 0.7078125 and loss is 0.5843253135681152
At time: 2.216712474822998 accuracy is 0.7203125 and loss is 0.5751547336578369
At time: 2.6669673919677734 accuracy is 0.73125 and loss is 0.5381247520446777
At time: 3.1426520347595215 accuracy is 0.7671875 and loss is 0.49365787506103515
At time: 3.6462931632995605 accuracy is 0.7703125 and loss is 0.5054493427276612
At time: 4.180835485458374 accuracy is 0.7609375 and loss is 0.48133230209350586
At time: 4.753505706787109 accuracy is 0.7859375 and loss is 0.47637405395507815
At time: 5.3770177364349365 accuracy is 0.7625 and loss is 0.5026928424835205
Evaluating...
Done Evaluating: Achieved accuracy of 0.6864098837209303
Achieved new best!
Completing Train Step at 1th epoch...
At time: 6.864155530929565 accuracy is 0.671875 and loss is 0.666716480255127
At time: 7.1456382274627686 accuracy is 0.7265625 and loss is 0.5245536804199219
At time: 7.456478834152222 accuracy is 0.7734375 and loss is 0.48845701217651366
At time: 7.760720729827881 accuracy is 0.7765625 and loss is 0.4895800590515137
At time: 8.067879676818848 accuracy is 0.803125 and loss is 0.45719342231750487
At time: 8.383537769317627 accuracy is 0.778125 and loss is 0.4776445865631104
At time: 8.710553407669067 accuracy is 0.784375 and loss is 0.4626766681671143
At time: 9.049808740615845 accuracy is 0.790625 and loss is 0.4424890518188477
At time: 9.402579069137573 accuracy is 0.7828125 and loss is 0.4614767074584961
At time: 9.769569873809814 accuracy is 0.7890625 and loss is 0.4421420097351074
At time: 10.15543246269226 accuracy is 0.796875 and loss is 0.4320178985595703
At time: 10.566476821899414 accuracy is 0.7796875 and loss is 0.45682263374328613
Evaluating...
Done Evaluating: Achieved accuracy of 0.717296511627907
Achieved new best!
Completing Train Step at 2th epoch...
At time: 11.7682204246521 accuracy is 0.7140625 and loss is 0.6132349491119384
At time: 12.047765731811523 accuracy is 0.775 and loss is 0.4694216251373291
At time: 12.334094762802124 accuracy is 0.80625 and loss is 0.4472031593322754
At time: 12.625704526901245 accuracy is 0.79375 and loss is 0.4427019596099854
At time: 12.927679538726807 accuracy is 0.8265625 and loss is 0.4248372554779053
At time: 13.240511655807495 accuracy is 0.7984375 and loss is 0.43835020065307617
At time: 13.565019130706787 accuracy is 0.796875 and loss is 0.4253957271575928
At time: 13.902508974075317 accuracy is 0.8 and loss is 0.41417598724365234
At time: 14.254184246063232 accuracy is 0.803125 and loss is 0.4329975128173828
At time: 14.621346235275269 accuracy is 0.7953125 and loss is 0.42093558311462403
At time: 15.022338628768921 accuracy is 0.8046875 and loss is 0.4055320739746094
At time: 15.44302749633789 accuracy is 0.8046875 and loss is 0.42943153381347654
Evaluating...
Done Evaluating: Achieved accuracy of 0.7554505813953488
Achieved new best!
Completing Train Step at 3th epoch...
At time: 16.645975351333618 accuracy is 0.715625 and loss is 0.5879540920257569
At time: 16.925217390060425 accuracy is 0.79375 and loss is 0.4301572322845459
At time: 17.20956587791443 accuracy is 0.8078125 and loss is 0.4090148448944092
At time: 17.500941276550293 accuracy is 0.8140625 and loss is 0.4002519130706787
At time: 17.803815364837646 accuracy is 0.8234375 and loss is 0.3980968236923218
At time: 18.118844985961914 accuracy is 0.809375 and loss is 0.41074166297912595
At time: 18.44638991355896 accuracy is 0.8203125 and loss is 0.39226181507110597
At time: 18.78591299057007 accuracy is 0.825 and loss is 0.3872439622879028
At time: 19.139978885650635 accuracy is 0.8203125 and loss is 0.4031485080718994
At time: 19.508861303329468 accuracy is 0.8 and loss is 0.40271878242492676
At time: 19.89692997932434 accuracy is 0.81875 and loss is 0.381877064704895
At time: 20.309773206710815 accuracy is 0.8265625 and loss is 0.4069014549255371
Evaluating...
Done Evaluating: Achieved accuracy of 0.7834302325581395
Achieved new best!
Completing Train Step at 4th epoch...
At time: 21.489741325378418 accuracy is 0.7375 and loss is 0.5567190647125244
At time: 21.757445812225342 accuracy is 0.815625 and loss is 0.3918489456176758
At time: 22.03861689567566 accuracy is 0.825 and loss is 0.37862515449523926
At time: 22.331737279891968 accuracy is 0.83125 and loss is 0.3659955024719238
At time: 22.649019956588745 accuracy is 0.8328125 and loss is 0.37298285961151123
At time: 22.96775245666504 accuracy is 0.8234375 and loss is 0.39148428440093996
At time: 23.2956326007843 accuracy is 0.846875 and loss is 0.36920173168182374
At time: 23.636751651763916 accuracy is 0.8328125 and loss is 0.3613683462142944
At time: 23.99191904067993 accuracy is 0.834375 and loss is 0.38431007862091066
At time: 24.362438440322876 accuracy is 0.8109375 and loss is 0.3857426166534424
At time: 24.75090765953064 accuracy is 0.8296875 and loss is 0.35926754474639894
At time: 25.16463351249695 accuracy is 0.8390625 and loss is 0.38678488731384275
Evaluating...
Done Evaluating: Achieved accuracy of 0.7903343023255814
Achieved new best!
Completing Train Step at 5th epoch...
At time: 26.37931251525879 accuracy is 0.75 and loss is 0.5439669132232666
At time: 26.659624338150024 accuracy is 0.8296875 and loss is 0.35567564964294435
At time: 26.94551920890808 accuracy is 0.8390625 and loss is 0.3478538513183594
At time: 27.238314867019653 accuracy is 0.8515625 and loss is 0.33400592803955076
At time: 27.54159379005432 accuracy is 0.846875 and loss is 0.35025436878204347
At time: 27.87025237083435 accuracy is 0.8390625 and loss is 0.3766665458679199
At time: 28.210209131240845 accuracy is 0.859375 and loss is 0.3503325700759888
At time: 28.557239532470703 accuracy is 0.85 and loss is 0.3405014514923096
At time: 28.912118911743164 accuracy is 0.8390625 and loss is 0.36646394729614257
At time: 29.28286647796631 accuracy is 0.8125 and loss is 0.3725715637207031
At time: 29.674635410308838 accuracy is 0.8546875 and loss is 0.33225069046020506
At time: 30.079729795455933 accuracy is 0.8453125 and loss is 0.36857521533966064
Evaluating...
Done Evaluating: Achieved accuracy of 0.7906976744186046
Achieved new best!
Completing Train Step at 6th epoch...
At time: 31.290773391723633 accuracy is 0.76875 and loss is 0.5207733631134033
At time: 31.57177472114563 accuracy is 0.85625 and loss is 0.31837759017944334
At time: 31.856669664382935 accuracy is 0.85625 and loss is 0.32071671485900877
At time: 32.153682231903076 accuracy is 0.871875 and loss is 0.3020110845565796
At time: 32.469329595565796 accuracy is 0.8640625 and loss is 0.32177913188934326
At time: 32.787336111068726 accuracy is 0.8421875 and loss is 0.35814847946166994
At time: 33.11584973335266 accuracy is 0.8703125 and loss is 0.3243988513946533
At time: 33.45560169219971 accuracy is 0.86875 and loss is 0.30973565578460693
At time: 33.80858278274536 accuracy is 0.85 and loss is 0.34469144344329833
At time: 34.17768669128418 accuracy is 0.821875 and loss is 0.3616241455078125
At time: 34.56389307975769 accuracy is 0.8796875 and loss is 0.30213174819946287
At time: 34.97685670852661 accuracy is 0.8546875 and loss is 0.33945703506469727
Evaluating...
Done Evaluating: Achieved accuracy of 0.7834302325581395
Not better for 1
Completing Train Step at 7th epoch...
At time: 36.17871904373169 accuracy is 0.7703125 and loss is 0.5206656455993652
At time: 36.45839858055115 accuracy is 0.8765625 and loss is 0.2877803325653076
At time: 36.74429512023926 accuracy is 0.8578125 and loss is 0.2895377159118652
At time: 37.035709619522095 accuracy is 0.8875 and loss is 0.2714614629745483
At time: 37.33829689025879 accuracy is 0.878125 and loss is 0.30078418254852296
At time: 37.65343713760376 accuracy is 0.85 and loss is 0.35569238662719727
At time: 37.98051118850708 accuracy is 0.878125 and loss is 0.30394706726074217
At time: 38.31884264945984 accuracy is 0.878125 and loss is 0.28197455406188965
At time: 38.671773195266724 accuracy is 0.8703125 and loss is 0.3278430700302124
At time: 39.03852844238281 accuracy is 0.846875 and loss is 0.3457951068878174
At time: 39.434693574905396 accuracy is 0.896875 and loss is 0.2714755296707153
At time: 39.83597278594971 accuracy is 0.865625 and loss is 0.31056149005889894
Evaluating...
Done Evaluating: Achieved accuracy of 0.7896075581395349
Not better for 2
Completing Train Step at 8th epoch...
At time: 41.0468955039978 accuracy is 0.7703125 and loss is 0.5533793926239013
At time: 41.33849310874939 accuracy is 0.8859375 and loss is 0.26425116062164306
At time: 41.62839651107788 accuracy is 0.8796875 and loss is 0.2565469264984131
At time: 41.92244076728821 accuracy is 0.9015625 and loss is 0.23560056686401368
At time: 42.226524353027344 accuracy is 0.9 and loss is 0.2760576009750366
At time: 42.54348349571228 accuracy is 0.8640625 and loss is 0.3465102195739746
At time: 42.87239861488342 accuracy is 0.8921875 and loss is 0.270311164855957
At time: 43.21242690086365 accuracy is 0.890625 and loss is 0.2607699155807495
At time: 43.56597685813904 accuracy is 0.878125 and loss is 0.3197005748748779
At time: 43.93391299247742 accuracy is 0.871875 and loss is 0.32976858615875243
At time: 44.32541513442993 accuracy is 0.9140625 and loss is 0.24705560207366944
At time: 44.7288498878479 accuracy is 0.8890625 and loss is 0.2993002891540527
Evaluating...
Done Evaluating: Achieved accuracy of 0.7906976744186046
Achieved new best!
Completing Train Step at 9th epoch...
At time: 45.93072748184204 accuracy is 0.7890625 and loss is 0.5102306365966797
At time: 46.21129012107849 accuracy is 0.9015625 and loss is 0.23306653499603272
At time: 46.51398968696594 accuracy is 0.8953125 and loss is 0.22967851161956787
At time: 46.81403851509094 accuracy is 0.90625 and loss is 0.2130211591720581
At time: 47.118568658828735 accuracy is 0.9109375 and loss is 0.2547380685806274
At time: 47.433704137802124 accuracy is 0.884375 and loss is 0.33368625640869143
At time: 47.76056981086731 accuracy is 0.9109375 and loss is 0.2377903699874878
At time: 48.10024166107178 accuracy is 0.903125 and loss is 0.2436913013458252
At time: 48.45349597930908 accuracy is 0.8921875 and loss is 0.2989400148391724
At time: 48.82195496559143 accuracy is 0.8796875 and loss is 0.31589808464050295
At time: 49.20842480659485 accuracy is 0.9109375 and loss is 0.2272639274597168
At time: 49.62036967277527 accuracy is 0.896875 and loss is 0.2629940271377563
Evaluating...
Done Evaluating: Achieved accuracy of 0.7881540697674418
Not better for 1
Completing Train Step at 10th epoch...
At time: 50.80878210067749 accuracy is 0.784375 and loss is 0.5731968402862548
At time: 51.07552933692932 accuracy is 0.9015625 and loss is 0.22453172206878663
At time: 51.35618352890015 accuracy is 0.9203125 and loss is 0.19104009866714478
At time: 51.648423194885254 accuracy is 0.9171875 and loss is 0.19720250368118286
At time: 51.95210528373718 accuracy is 0.90625 and loss is 0.27028660774230956
At time: 52.26668930053711 accuracy is 0.8875 and loss is 0.3144193649291992
At time: 52.59377431869507 accuracy is 0.9265625 and loss is 0.205973219871521
At time: 52.93425226211548 accuracy is 0.90625 and loss is 0.22474968433380127
At time: 53.28994798660278 accuracy is 0.9046875 and loss is 0.26742584705352784
At time: 53.660218715667725 accuracy is 0.8828125 and loss is 0.32691545486450196
At time: 54.04904770851135 accuracy is 0.9203125 and loss is 0.20757102966308594
At time: 54.462536096572876 accuracy is 0.9171875 and loss is 0.2301647901535034
Evaluating...
Done Evaluating: Achieved accuracy of 0.7856104651162791
Not better for 2
Completing Train Step at 11th epoch...
At time: 55.65302014350891 accuracy is 0.8 and loss is 0.5593389511108399
At time: 55.92077612876892 accuracy is 0.9109375 and loss is 0.2007746458053589
At time: 56.20213961601257 accuracy is 0.9296875 and loss is 0.16349436044692994
At time: 56.49488353729248 accuracy is 0.928125 and loss is 0.1751881241798401
At time: 56.79870581626892 accuracy is 0.9109375 and loss is 0.25755958557128905
At time: 57.114521980285645 accuracy is 0.9046875 and loss is 0.29695653915405273
At time: 57.44277477264404 accuracy is 0.9390625 and loss is 0.18179303407669067
At time: 57.78381085395813 accuracy is 0.9234375 and loss is 0.20105447769165039
At time: 58.13665723800659 accuracy is 0.9171875 and loss is 0.25290942192077637
At time: 58.503082275390625 accuracy is 0.890625 and loss is 0.3456749200820923
At time: 58.88924956321716 accuracy is 0.93125 and loss is 0.19085638523101806
At time: 59.30217695236206 accuracy is 0.925 and loss is 0.21505863666534425
Evaluating...
Done Evaluating: Achieved accuracy of 0.7754360465116279
Not better for 3
Completing Train Step at 12th epoch...
At time: 60.48870635032654 accuracy is 0.8203125 and loss is 0.49481539726257323
At time: 60.75507736206055 accuracy is 0.9171875 and loss is 0.18578155040740968
At time: 61.035733699798584 accuracy is 0.934375 and loss is 0.14246004819869995
At time: 61.32711601257324 accuracy is 0.9515625 and loss is 0.1435837984085083
At time: 61.630300521850586 accuracy is 0.9203125 and loss is 0.2522133350372314
At time: 61.9454619884491 accuracy is 0.9140625 and loss is 0.2910268306732178
At time: 62.272746562957764 accuracy is 0.946875 and loss is 0.17184890508651735
At time: 62.61274576187134 accuracy is 0.9171875 and loss is 0.2047355890274048
At time: 62.9682183265686 accuracy is 0.9234375 and loss is 0.2611768007278442
At time: 63.33634877204895 accuracy is 0.884375 and loss is 0.36660470962524416
At time: 63.72539448738098 accuracy is 0.9390625 and loss is 0.17268943786621094
At time: 64.1260507106781 accuracy is 0.9421875 and loss is 0.18154468536376953
Evaluating...
Done Evaluating: Achieved accuracy of 0.7728924418604651
Not better for 4
Completing Train Step at 13th epoch...
At time: 65.32376503944397 accuracy is 0.825 and loss is 0.5246757984161377
At time: 65.60497999191284 accuracy is 0.9328125 and loss is 0.15220533609390258
At time: 65.89053463935852 accuracy is 0.946875 and loss is 0.11602592468261719
At time: 66.18319392204285 accuracy is 0.9515625 and loss is 0.1533500909805298
At time: 66.48648619651794 accuracy is 0.940625 and loss is 0.2281374454498291
At time: 66.80219650268555 accuracy is 0.934375 and loss is 0.2728846788406372
At time: 67.13179039955139 accuracy is 0.953125 and loss is 0.1420825481414795
At time: 67.47199487686157 accuracy is 0.928125 and loss is 0.1719182848930359
At time: 67.82718515396118 accuracy is 0.9375 and loss is 0.21977603435516357
At time: 68.19771814346313 accuracy is 0.9109375 and loss is 0.2847536563873291
At time: 68.585768699646 accuracy is 0.9453125 and loss is 0.14628714323043823
At time: 68.99996614456177 accuracy is 0.93125 and loss is 0.19248507022857667
Evaluating...
Done Evaluating: Achieved accuracy of 0.7801598837209303
Not better for 5
Completing Train Step at 14th epoch...
At time: 70.20878291130066 accuracy is 0.8390625 and loss is 0.4500916004180908
At time: 70.48969340324402 accuracy is 0.9484375 and loss is 0.12213621139526368
At time: 70.77692556381226 accuracy is 0.9578125 and loss is 0.1153151273727417
At time: 71.06987690925598 accuracy is 0.953125 and loss is 0.13863050937652588
At time: 71.37359380722046 accuracy is 0.940625 and loss is 0.22633037567138672
At time: 71.6897394657135 accuracy is 0.940625 and loss is 0.2759209632873535
At time: 72.01812291145325 accuracy is 0.9609375 and loss is 0.12675783634185792
At time: 72.36049675941467 accuracy is 0.94375 and loss is 0.15068223476409912
At time: 72.71630644798279 accuracy is 0.9421875 and loss is 0.19836777448654175
At time: 73.08674645423889 accuracy is 0.928125 and loss is 0.2623772144317627
At time: 73.47520279884338 accuracy is 0.9484375 and loss is 0.11613963842391968
At time: 73.88882446289062 accuracy is 0.9578125 and loss is 0.16259480714797975
Evaluating...
Done Evaluating: Achieved accuracy of 0.7645348837209303
Not better for 6
Completing Train Step at 15th epoch...
At time: 75.08411383628845 accuracy is 0.875 and loss is 0.43015203475952146
At time: 75.35106897354126 accuracy is 0.9484375 and loss is 0.12430008649826049
At time: 75.63219404220581 accuracy is 0.965625 and loss is 0.09677225947380066
At time: 75.92544627189636 accuracy is 0.9734375 and loss is 0.10838150978088379
At time: 76.22947478294373 accuracy is 0.95 and loss is 0.26072983741760253
At time: 76.54520750045776 accuracy is 0.9390625 and loss is 0.24008417129516602
At time: 76.87181568145752 accuracy is 0.9484375 and loss is 0.1257481336593628
At time: 77.21260285377502 accuracy is 0.95 and loss is 0.12531843185424804
At time: 77.56630444526672 accuracy is 0.9390625 and loss is 0.18702425956726074
At time: 77.93547916412354 accuracy is 0.928125 and loss is 0.25892014503479005
At time: 78.3230619430542 accuracy is 0.95625 and loss is 0.10298796892166137
At time: 78.73478531837463 accuracy is 0.95 and loss is 0.18501768112182618
Evaluating...
Done Evaluating: Achieved accuracy of 0.7692587209302325
Not better for 7
Completing Train Step at 16th epoch...
At time: 79.92430663108826 accuracy is 0.884375 and loss is 0.3806633949279785
At time: 80.19115400314331 accuracy is 0.9578125 and loss is 0.11210396289825439
At time: 80.47163677215576 accuracy is 0.96875 and loss is 0.0915247917175293
At time: 80.7640027999878 accuracy is 0.971875 and loss is 0.11905301809310913
At time: 81.06820440292358 accuracy is 0.9125 and loss is 0.5487526893615723
At time: 81.422767162323 accuracy is 0.9125 and loss is 0.39114770889282224
At time: 81.76826047897339 accuracy is 0.9484375 and loss is 0.13593169450759887
At time: 82.1222312450409 accuracy is 0.953125 and loss is 0.1186792016029358
At time: 82.48170757293701 accuracy is 0.9390625 and loss is 0.19999561309814454
At time: 82.84778165817261 accuracy is 0.91875 and loss is 0.27946374416351316
At time: 83.22894096374512 accuracy is 0.9578125 and loss is 0.12270123958587646
At time: 83.6359133720398 accuracy is 0.9609375 and loss is 0.12998449802398682
Evaluating...
Done Evaluating: Achieved accuracy of 0.7739825581395349
Not better for 8
Completing Train Step at 17th epoch...
At time: 84.81752872467041 accuracy is 0.878125 and loss is 0.3608656644821167
At time: 85.0916268825531 accuracy is 0.975 and loss is 0.07453676462173461
At time: 85.37460279464722 accuracy is 0.971875 and loss is 0.0840135395526886
At time: 85.66193675994873 accuracy is 0.9578125 and loss is 0.17949137687683106
At time: 85.96026802062988 accuracy is 0.8984375 and loss is 0.49808449745178224
At time: 86.27174925804138 accuracy is 0.9484375 and loss is 0.22006685733795167
At time: 86.59419989585876 accuracy is 0.96875 and loss is 0.0949198067188263
At time: 86.9291763305664 accuracy is 0.9609375 and loss is 0.11849247217178345
At time: 87.2825698852539 accuracy is 0.95625 and loss is 0.2251265525817871
At time: 87.63956999778748 accuracy is 0.940625 and loss is 0.26588528156280516
At time: 88.02151155471802 accuracy is 0.9734375 and loss is 0.08894518613815308
At time: 88.42850232124329 accuracy is 0.959375 and loss is 0.15053509473800658
Evaluating...
Done Evaluating: Achieved accuracy of 0.7609011627906976
Not better for 9
Completing Train Step at 18th epoch...
At time: 89.61325716972351 accuracy is 0.9 and loss is 0.3223556995391846
At time: 89.89124011993408 accuracy is 0.9703125 and loss is 0.07916644215583801
At time: 90.19410276412964 accuracy is 0.9640625 and loss is 0.12581793069839478
At time: 90.49901223182678 accuracy is 0.9578125 and loss is 0.142964506149292
At time: 90.8021821975708 accuracy is 0.95 and loss is 0.21220071315765382
At time: 91.11743116378784 accuracy is 0.9578125 and loss is 0.19517476558685304
At time: 91.44373488426208 accuracy is 0.975 and loss is 0.07401055097579956
At time: 91.78182697296143 accuracy is 0.965625 and loss is 0.09480909109115601
At time: 92.13561487197876 accuracy is 0.940625 and loss is 0.21795101165771485
At time: 92.50295543670654 accuracy is 0.9171875 and loss is 0.29872784614562986
At time: 92.88985538482666 accuracy is 0.971875 and loss is 0.07579172849655151
At time: 93.30168724060059 accuracy is 0.965625 and loss is 0.15179487466812133
Evaluating...
Done Evaluating: Achieved accuracy of 0.7539970930232558
Not better for 10
Model not improving. Stopping earlyat 0.7906976744186046 epochs.
Done Training. Achieved Best Accuracy of 0.7906976744186046
Improved accuracyfrom 0.7867005813953488 to 0.7906976744186046
keyvalattn
SETTINGS FOR THIS RUN
{'tune_wordvecs': True, 'num_layers': 3, 'dropout': 0.7888629706891904, 'batch_size': 32, 'wordvec_dim': 300, 'tune_attn': False, 'lr': 0.0008458709493852531, 'rnn_dropout': 0.06339270962336274, 'l2': 0.6116369193106104, 'data': 'MPQA', 'attn_type': 'similarity', 'wordvec_source': 'glove'}
Using CUDA!
here
similarity
Building RNN Classifier...

[93m    Warning: no model found for 'en'[0m

    Only loading the 'en' tokenizer.

Retrieving Data from file: /home-nfs/siddsach/ml/Interpreting-Attention/interpreting_language/data/mpqa/mpqa_subj_labels.pickle...
Loading Vectors From Memory...
Using these vectors: ['GloVe']
Getting GloVe Vectors with 300 dims
Building Vocab...
[<torchtext.vocab.Vectors object at 0x7f3a2e00e668>]
Getting Batches...
Created Iterator with 261 batches
Getting Batches...
Created Iterator with 87 batches
Building model...
similarity
Using Attention model with following args:
{'num_layers': 3, 'tune_attn': False, 'dropout': 0.7888629706891904, 'batch_size': 32, 'attn_type': 'similarity', 'vectors': 
 0.0000  0.0000  0.0000  ...   0.0000  0.0000  0.0000
 0.0000  0.0000  0.0000  ...   0.0000  0.0000  0.0000
 0.0000  0.0000  0.0000  ...   0.0000  0.0000  0.0000
          ...             ⋱             ...          
-0.4786 -0.1089 -0.0076  ...   0.7458  0.7174  0.6185
 0.0000  0.0000  0.0000  ...   0.0000  0.0000  0.0000
-0.0479  0.9828  0.9182  ...   0.0424  0.4554 -0.3210
[torch.FloatTensor of size 15284x300]
, 'hidden_size': 300, 'train_word_vecs': True, 'num_classes': 2, 'vocab_size': 15284, 'attention_dim': 350, 'input_size': 300, 'cuda': True, 'rnn_dropout': 0.06339270962336274}
Begin Training...
Completing Train Step at 0th epoch...
At time: 0.34076642990112305 accuracy is 0.5546875 and loss is 0.756836223602295
At time: 0.6701574325561523 accuracy is 0.51875 and loss is 0.7067118167877198
At time: 1.025754690170288 accuracy is 0.609375 and loss is 0.7272394180297852
At time: 1.406235694885254 accuracy is 0.60625 and loss is 0.6926345825195312
At time: 1.8064725399017334 accuracy is 0.684375 and loss is 0.6414810180664062
At time: 2.232844352722168 accuracy is 0.6484375 and loss is 0.6375930309295654
At time: 2.6808674335479736 accuracy is 0.6671875 and loss is 0.7206795692443848
At time: 3.153500556945801 accuracy is 0.746875 and loss is 0.5907220840454102
At time: 3.6566951274871826 accuracy is 0.75 and loss is 0.5503556728363037
At time: 4.187917947769165 accuracy is 0.7625 and loss is 0.5687612533569336
At time: 4.758785247802734 accuracy is 0.7734375 and loss is 0.534421157836914
At time: 5.380698919296265 accuracy is 0.765625 and loss is 0.504240894317627
Evaluating...
Done Evaluating: Achieved accuracy of 0.7863372093023255
Achieved new best!
Completing Train Step at 1th epoch...
At time: 6.858164548873901 accuracy is 0.71875 and loss is 0.6308511734008789
At time: 7.138009071350098 accuracy is 0.7875 and loss is 0.47253832817077634
At time: 7.429069995880127 accuracy is 0.83125 and loss is 0.41472740173339845
At time: 7.723548650741577 accuracy is 0.8203125 and loss is 0.39803271293640136
At time: 8.025349140167236 accuracy is 0.8328125 and loss is 0.3863492488861084
At time: 8.341174602508545 accuracy is 0.8296875 and loss is 0.38086514472961425
At time: 8.667768955230713 accuracy is 0.8375 and loss is 0.3652975082397461
At time: 9.006576299667358 accuracy is 0.85625 and loss is 0.32633020877838137
At time: 9.361351251602173 accuracy is 0.8625 and loss is 0.3910217761993408
At time: 9.727674007415771 accuracy is 0.8640625 and loss is 0.32944402694702146
At time: 10.11275339126587 accuracy is 0.865625 and loss is 0.31181309223175047
At time: 10.523598909378052 accuracy is 0.8703125 and loss is 0.31243441104888914
Evaluating...
Done Evaluating: Achieved accuracy of 0.7223837209302325
Not better for 1
Completing Train Step at 2th epoch...
At time: 11.70742654800415 accuracy is 0.7484375 and loss is 0.5195658206939697
At time: 11.970772981643677 accuracy is 0.89375 and loss is 0.31662640571594236
At time: 12.24850869178772 accuracy is 0.9015625 and loss is 0.24202899932861327
At time: 12.535697937011719 accuracy is 0.8703125 and loss is 0.31433606147766113
At time: 12.833972930908203 accuracy is 0.9078125 and loss is 0.23238956928253174
At time: 13.144693613052368 accuracy is 0.9125 and loss is 0.2378161668777466
At time: 13.468318939208984 accuracy is 0.875 and loss is 0.2934926748275757
At time: 13.802901268005371 accuracy is 0.9359375 and loss is 0.2371516227722168
At time: 14.15237832069397 accuracy is 0.9015625 and loss is 0.2640339136123657
At time: 14.516000270843506 accuracy is 0.9234375 and loss is 0.20046162605285645
At time: 14.896819591522217 accuracy is 0.9640625 and loss is 0.08148467540740967
At time: 15.302776098251343 accuracy is 0.928125 and loss is 0.16929274797439575
Evaluating...
Done Evaluating: Achieved accuracy of 0.7616279069767442
Not better for 2
Completing Train Step at 3th epoch...
At time: 16.47737455368042 accuracy is 0.871875 and loss is 0.3333150625228882
At time: 16.740654706954956 accuracy is 0.9515625 and loss is 0.13724920749664307
At time: 17.01677131652832 accuracy is 0.959375 and loss is 0.2079784870147705
At time: 17.304638385772705 accuracy is 0.93125 and loss is 0.15009582042694092
At time: 17.603679895401 accuracy is 0.9515625 and loss is 0.12747889757156372
At time: 17.915498733520508 accuracy is 0.96875 and loss is 0.11152412891387939
At time: 18.240154504776 accuracy is 0.9234375 and loss is 0.2950451850891113
At time: 18.576261043548584 accuracy is 0.9546875 and loss is 0.1233857274055481
At time: 18.924825191497803 accuracy is 0.9546875 and loss is 0.1327675461769104
At time: 19.290767192840576 accuracy is 0.94375 and loss is 0.15611636638641357
At time: 19.674289226531982 accuracy is 0.98125 and loss is 0.053178292512893674
At time: 20.08561611175537 accuracy is 0.959375 and loss is 0.13277913331985475
Evaluating...
Done Evaluating: Achieved accuracy of 0.7678052325581395
Not better for 3
Completing Train Step at 4th epoch...
At time: 21.276857137680054 accuracy is 0.9203125 and loss is 0.2643416166305542
At time: 21.540111541748047 accuracy is 0.971875 and loss is 0.06274988055229187
At time: 21.819343328475952 accuracy is 0.95 and loss is 0.4037929058074951
At time: 22.10948395729065 accuracy is 0.95625 and loss is 0.18988951444625854
At time: 22.410369157791138 accuracy is 0.9421875 and loss is 0.11929718255996705
At time: 22.722979068756104 accuracy is 0.959375 and loss is 0.10937156677246093
At time: 23.047606945037842 accuracy is 0.934375 and loss is 0.16656231880187988
At time: 23.385288953781128 accuracy is 0.95625 and loss is 0.12550415992736816
At time: 23.734962940216064 accuracy is 0.953125 and loss is 0.14330915212631226
At time: 24.100433349609375 accuracy is 0.965625 and loss is 0.10633320808410644
At time: 24.48433780670166 accuracy is 0.9828125 and loss is 0.05895370841026306
At time: 24.894567012786865 accuracy is 0.9796875 and loss is 0.07570624351501465
Evaluating...
Done Evaluating: Achieved accuracy of 0.7107558139534884
Not better for 4
Completing Train Step at 5th epoch...
At time: 26.0766282081604 accuracy is 0.9203125 and loss is 0.20047526359558104
At time: 26.33910369873047 accuracy is 0.975 and loss is 0.0826581597328186
At time: 26.616868257522583 accuracy is 0.965625 and loss is 0.1150898814201355
At time: 26.905370950698853 accuracy is 0.96875 and loss is 0.13626275062561036
At time: 27.204506874084473 accuracy is 0.9703125 and loss is 0.07552579045295715
At time: 27.514845848083496 accuracy is 0.9828125 and loss is 0.04838318824768066
At time: 27.839802980422974 accuracy is 0.9421875 and loss is 0.37643520832061766
At time: 28.175163507461548 accuracy is 0.9703125 and loss is 0.07449686527252197
At time: 28.525245666503906 accuracy is 0.9765625 and loss is 0.08446802496910095
At time: 28.890699863433838 accuracy is 0.9734375 and loss is 0.06855544447898865
At time: 29.275306940078735 accuracy is 0.9578125 and loss is 0.1567516803741455
At time: 29.697017192840576 accuracy is 0.971875 and loss is 0.05163578391075134
Evaluating...
Done Evaluating: Achieved accuracy of 0.7765261627906976
Not better for 5
Completing Train Step at 6th epoch...
At time: 30.889369249343872 accuracy is 0.9375 and loss is 0.1704896092414856
At time: 31.170469999313354 accuracy is 0.984375 and loss is 3.4601497650146484
At time: 31.457472801208496 accuracy is 0.984375 and loss is 0.12897858619689942
At time: 31.748242139816284 accuracy is 0.9921875 and loss is 0.0441797137260437
At time: 32.06084728240967 accuracy is 0.9890625 and loss is 0.03447009027004242
At time: 32.37829256057739 accuracy is 0.9828125 and loss is 0.047889035940170285
At time: 32.706400871276855 accuracy is 0.9515625 and loss is 0.1437041401863098
At time: 33.047446489334106 accuracy is 0.9828125 and loss is 0.07104328870773316
At time: 33.39832592010498 accuracy is 0.9859375 and loss is 0.03525821566581726
At time: 33.76446342468262 accuracy is 0.9828125 and loss is 0.037239640951156616
At time: 34.14837050437927 accuracy is 0.978125 and loss is 0.061673760414123535
At time: 34.558614015579224 accuracy is 0.978125 and loss is 0.04210484325885773
Evaluating...
Done Evaluating: Achieved accuracy of 0.7332848837209303
Not better for 6
Completing Train Step at 7th epoch...
At time: 35.76054048538208 accuracy is 0.921875 and loss is 0.17049769163131714
At time: 36.039814710617065 accuracy is 0.9625 and loss is 0.1789188027381897
At time: 36.32598328590393 accuracy is 0.9765625 and loss is 0.09685586094856262
At time: 36.61617827415466 accuracy is 0.9859375 and loss is 0.04752461016178131
At time: 36.91782355308533 accuracy is 0.990625 and loss is 0.03970003426074982
At time: 37.23871874809265 accuracy is 0.9828125 and loss is 0.041698789596557616
At time: 37.56524419784546 accuracy is 0.9578125 and loss is 0.20231151580810547
At time: 37.90050482749939 accuracy is 0.9609375 and loss is 0.1527790904045105
At time: 38.252609968185425 accuracy is 0.9828125 and loss is 0.057258933782577515
At time: 38.61827039718628 accuracy is 0.9765625 and loss is 0.053211790323257444
At time: 39.00270438194275 accuracy is 0.98125 and loss is 0.03311055302619934
At time: 39.415239334106445 accuracy is 0.9859375 and loss is 0.049790564179420474
Evaluating...
Done Evaluating: Achieved accuracy of 0.734375
Not better for 7
Completing Train Step at 8th epoch...
At time: 40.613221406936646 accuracy is 0.940625 and loss is 0.1620267629623413
At time: 40.89327597618103 accuracy is 0.9703125 and loss is 0.0655335009098053
At time: 41.17766308784485 accuracy is 0.9703125 and loss is 0.1502320408821106
At time: 41.46743035316467 accuracy is 0.996875 and loss is 0.015113355219364166
At time: 41.76566553115845 accuracy is 0.9953125 and loss is 0.007252201437950134
At time: 42.07898211479187 accuracy is 0.9875 and loss is 0.06828935146331787
At time: 42.40471363067627 accuracy is 0.9765625 and loss is 0.08652015924453735
At time: 42.74187612533569 accuracy is 0.9921875 and loss is 0.03817993402481079
At time: 43.0957567691803 accuracy is 0.9859375 and loss is 0.06581547260284423
At time: 43.46301770210266 accuracy is 0.9890625 and loss is 0.042744362354278566
At time: 43.84896993637085 accuracy is 0.99375 and loss is 0.0185484379529953
At time: 44.25930595397949 accuracy is 0.9734375 and loss is 0.09161003232002259
Evaluating...
Done Evaluating: Achieved accuracy of 0.7245639534883721
Not better for 8
Completing Train Step at 9th epoch...
At time: 45.44823384284973 accuracy is 0.9359375 and loss is 0.13504493236541748
At time: 45.71318602561951 accuracy is 0.9875 and loss is 0.05276352763175964
At time: 45.993544816970825 accuracy is 0.98125 and loss is 0.05353643894195557
At time: 46.28903031349182 accuracy is 0.9953125 and loss is 0.07370049953460693
At time: 46.59129738807678 accuracy is 0.9921875 and loss is 0.02483806014060974
At time: 46.906283140182495 accuracy is 0.9859375 and loss is 0.05171217918395996
At time: 47.23386335372925 accuracy is 0.984375 and loss is 0.07371556758880615
At time: 47.57166504859924 accuracy is 0.9875 and loss is 0.05202373266220093
At time: 47.924357414245605 accuracy is 0.98125 and loss is 0.0740339457988739
At time: 48.29099416732788 accuracy is 0.9875 and loss is 0.031157633662223815
At time: 48.676640033721924 accuracy is 0.9765625 and loss is 0.06577497720718384
At time: 49.088295698165894 accuracy is 0.9796875 and loss is 0.12832239866256714
Evaluating...
Done Evaluating: Achieved accuracy of 0.7576308139534884
Not better for 9
Completing Train Step at 10th epoch...
At time: 50.27907180786133 accuracy is 0.953125 and loss is 0.1483548879623413
At time: 50.545236349105835 accuracy is 0.990625 and loss is 0.03326492309570313
At time: 50.82468914985657 accuracy is 0.9921875 and loss is 0.024416589736938478
At time: 51.11400818824768 accuracy is 0.99375 and loss is 0.035582512617111206
At time: 51.41648006439209 accuracy is 0.9796875 and loss is 0.08984442353248596
At time: 51.73222517967224 accuracy is 0.98125 and loss is 0.181007719039917
At time: 52.05594730377197 accuracy is 0.9984375 and loss is 0.005298592150211334
At time: 52.3935124874115 accuracy is 0.9890625 and loss is 0.0367913544178009
At time: 52.74485373497009 accuracy is 0.9875 and loss is 0.026611840724945067
At time: 53.1102876663208 accuracy is 0.9828125 and loss is 0.043237420916557315
At time: 53.49747323989868 accuracy is 0.9796875 and loss is 0.06638997793197632
At time: 53.90767478942871 accuracy is 0.984375 and loss is 0.03878746628761291
Evaluating...
Done Evaluating: Achieved accuracy of 0.7605377906976745
Not better for 10
Model not improving. Stopping earlyat 0.7863372093023255 epochs.
Done Training. Achieved Best Accuracy of 0.7863372093023255
keyvalattn



RESULTS:
[{'params': {'tune_wordvecs': True, 'num_layers': 3, 'dropout': 0.1517149515757299, 'batch_size': 32, 'wordvec_dim': 300, 'tune_attn': False, 'lr': 0.004340056892313386, 'rnn_dropout': 0.22546846073948623, 'l2': 0.37149086574415324, 'data': 'MPQA', 'attn_type': 'similarity', 'wordvec_source': 'glove'}, 'best_accuracy': 0.7478197674418605}, {'params': {'tune_wordvecs': True, 'num_layers': 3, 'dropout': 0.8656906142431093, 'batch_size': 32, 'wordvec_dim': 300, 'tune_attn': False, 'lr': 0.0037929610280375485, 'rnn_dropout': 0.3144679848218779, 'l2': 0.5179143800764006, 'data': 'MPQA', 'attn_type': 'similarity', 'wordvec_source': 'glove'}, 'best_accuracy': 0.5686773255813954}, {'params': {'tune_wordvecs': True, 'num_layers': 3, 'dropout': 0.7733284970575913, 'batch_size': 32, 'wordvec_dim': 300, 'tune_attn': False, 'lr': 0.0018561666165641296, 'rnn_dropout': 0.4616708268191154, 'l2': 0.5764016081122636, 'data': 'MPQA', 'attn_type': 'similarity', 'wordvec_source': 'glove'}, 'best_accuracy': 0.7867005813953488}, {'params': {'tune_wordvecs': True, 'num_layers': 3, 'dropout': 0.18864319955952513, 'batch_size': 32, 'wordvec_dim': 300, 'tune_attn': False, 'lr': 5.319851188697758e-05, 'rnn_dropout': 0.6632062465708051, 'l2': 0.6838708920777148, 'data': 'MPQA', 'attn_type': 'similarity', 'wordvec_source': 'glove'}, 'best_accuracy': 0.7906976744186046}, {'params': {'tune_wordvecs': True, 'num_layers': 3, 'dropout': 0.7888629706891904, 'batch_size': 32, 'wordvec_dim': 300, 'tune_attn': False, 'lr': 0.0008458709493852531, 'rnn_dropout': 0.06339270962336274, 'l2': 0.6116369193106104, 'data': 'MPQA', 'attn_type': 'similarity', 'wordvec_source': 'glove'}, 'best_accuracy': 0.7863372093023255}]
