ROOT_PATH: /home-nfs/siddsach/ml/Interpreting-Attention/interpreting_language
Building Bayesian Optimizer for 
 data:IMDB 
 choices:[{'name': 'lr', 'type': 'continuous', 'domain': [5e-05, 0.005]}, {'name': 'rnn_dropout', 'type': 'continuous', 'domain': [0, 1]}, {'name': 'dropout', 'type': 'continuous', 'domain': [0, 1]}, {'name': 'l2', 'type': 'continuous', 'domain': [0, 1]}, {'name': 'attention_dim', 'type': 'continuous', 'domain': [5, 100]}]
SETTINGS FOR THIS RUN
{'num_layers': 2, 'dropout': 0.592879608225428, 'l2': 0.028111166755156014, 'lr': 0.001562434078085294, 'wordvec_dim': 200, 'attention_dim': 36, 'data': 'IMDB', 'attn_type': 'MLP', 'tune_wordvecs': True, 'batch_size': 32, 'rnn_dropout': 0.29448046670515504, 'wordvec_source': 'google'}
Using CUDA!
here
MLP
Building RNN Classifier...

[93m    Warning: no model found for 'en'[0m

    Only loading the 'en' tokenizer.

Retrieving Data from file: /home-nfs/siddsach/ml/Interpreting-Attention/interpreting_language/data/imdb/aclImdb/train...
Got 25000 examples in 64.88689589500427 seconds
Retrieving Data from file: /home-nfs/siddsach/ml/Interpreting-Attention/interpreting_language/data/imdb/aclImdb/test...
Got 25000 examples in 58.50214123725891 seconds
Loading Vectors From Memory...
Using these vectors: ['googlenews']
Getting google news vectors
Building Vocab...
[<torchtext.vocab.Vectors object at 0x7f63167abcf8>]
Getting Batches...
Created Iterator with 782 batches
Getting Batches...
Created Iterator with 782 batches
Building model...
MLP
Using Attention model with following args:
{'num_layers': 2, 'dropout': 0.592879608225428, 'num_classes': 2, 'hidden_size': 300, 'cuda': True, 'attention_dim': 36, 'vectors': 
 0.0000  0.0000  0.0000  ...   0.0000  0.0000  0.0000
 0.0000  0.0000  0.0000  ...   0.0000  0.0000  0.0000
 0.0000  0.0000  0.0000  ...   0.0000  0.0000  0.0000
          ...             ⋱             ...          
 0.0000  0.0000  0.0000  ...   0.0000  0.0000  0.0000
 0.0000  0.0000  0.0000  ...   0.0000  0.0000  0.0000
 0.0000  0.0000  0.0000  ...   0.0000  0.0000  0.0000
[torch.FloatTensor of size 101925x100]
, 'input_size': 300, 'tune_attn': 'True', 'attn_type': 'MLP', 'train_word_vecs': True, 'batch_size': 32, 'rnn_dropout': 0.29448046670515504, 'vocab_size': 101925}
Traceback (most recent call last):
  File "tune_models.py", line 183, in <module>
    batch_size = args.batch_size, seq_len = args.seq_len)
  File "tune_models.py", line 67, in __init__
    exact_feval = True
  File "/home-nfs/siddsach/anaconda3/lib/python3.5/site-packages/GPyOpt/methods/bayesian_optimization.py", line 117, in __init__
    self._init_design_chooser()
  File "/home-nfs/siddsach/anaconda3/lib/python3.5/site-packages/GPyOpt/methods/bayesian_optimization.py", line 192, in _init_design_chooser
    self.Y, _ = self.objective.evaluate(self.X)
  File "/home-nfs/siddsach/anaconda3/lib/python3.5/site-packages/GPyOpt/core/task/objective.py", line 50, in evaluate
    f_evals, cost_evals = self._eval_func(x)
  File "/home-nfs/siddsach/anaconda3/lib/python3.5/site-packages/GPyOpt/core/task/objective.py", line 74, in _eval_func
    rlt = self.func(np.atleast_2d(x[i]))
  File "tune_models.py", line 118, in getError
    optimizer = trainer.start_train()
  File "/home-nfs/siddsach/ml/Interpreting-Attention/interpreting_language/classifier/attention_rnn/trainer.py", line 583, in start_train
    self.get_model(pretrained_weights, pretrained_args)
  File "/home-nfs/siddsach/ml/Interpreting-Attention/interpreting_language/classifier/attention_rnn/trainer.py", line 401, in get_model
    self.model = SelfAttentiveRNN(**args)
  File "/home-nfs/siddsach/ml/Interpreting-Attention/interpreting_language/classifier/attention_rnn/model.py", line 148, in __init__
    super(SelfAttentiveRNN, self).__init__(**kwargs)
  File "/home-nfs/siddsach/ml/Interpreting-Attention/interpreting_language/classifier/attention_rnn/model.py", line 70, in __init__
    self.init_embedding(vectors)
  File "/home-nfs/siddsach/ml/Interpreting-Attention/interpreting_language/classifier/attention_rnn/model.py", line 73, in init_embedding
    self.embed.weight.data.copy_(pretrained_embeddings)# this provides the values
RuntimeError: inconsistent tensor size, expected tensor [101925 x 300] and src [101925 x 100] to have the same number of elements, but got 30577500 and 10192500 elements respectively at /opt/conda/conda-bld/pytorch_1513366702650/work/torch/lib/TH/generic/THTensorCopy.c:86
