Building Bayesian Optimizer for 
 data:ptb 
 choices:[{'domain': [0, 30], 'name': 'lr', 'type': 'continuous'}, {'domain': [0, 1], 'name': 'dropout', 'type': 'continuous'}, {'domain': [2, 8], 'name': 'anneal', 'type': 'continuous'}]
SETTINGS FOR THIS RUN
{'dropout': 0.4676940737245404, 'tune_wordvecs': True, 'anneal': 4.109207781934505, 'lr': 11.243554506927053, 'wordvec_source': '', 'data': 'ptb', 'num_layers': 1, 'seq_len': 50, 'batch_size': 50, 'wordvec_dim': 200}
Preparing Data Loaders

[93m    Warning: no model found for 'en'[0m

    Only loading the 'en' tokenizer.

Retrieving Train Data from file: /home-nfs/siddsach/Interpreting-Attention/interpreting_language/data/penn/train.txt...
Got Train Dataset with 1042946 words
Retrieving Valid Data from file: /home-nfs/siddsach/Interpreting-Attention/interpreting_language/data/penn/valid.txt...
Retrieving Test Data from file: /home-nfs/siddsach/Interpreting-Attention/interpreting_language/data/penn/test.txt...
Loading Vectors From Memory...
Building Vocab...
Found 9600 tokens
Getting Batches...
Created Iterator with 418 batches
Initializing Model parameters...
Constructing LSTM with 1 layers and 200 hidden size...
here
200
200
Using Cross Entropy Loss ...
Begin Training...
Finished 0 epochs...
Completing Train Step...
At time: 1.295316457748413 and batch: 50, loss is 6.369203796386719 and perplexity is 583.5929850173094
At time: 2.0237255096435547 and batch: 100, loss is 5.656641998291016 and perplexity is 286.18601408221247
At time: 2.7329330444335938 and batch: 150, loss is 5.470345678329468 and perplexity is 237.5422917930262
At time: 3.4436092376708984 and batch: 200, loss is 5.39934720993042 and perplexity is 221.26193145858215
At time: 4.151250123977661 and batch: 250, loss is 5.411009979248047 and perplexity is 223.85756504032398
At time: 4.8600075244903564 and batch: 300, loss is 5.372166423797608 and perplexity is 215.32885631630592
At time: 5.570141792297363 and batch: 350, loss is 5.332394371032715 and perplexity is 206.93285549001536
At time: 6.2837607860565186 and batch: 400, loss is 5.356335468292237 and perplexity is 211.94683571473718
Finished Train Step
Begin Evaluating...
Getting Batches...
Created Iterator with 34 batches
Traceback (most recent call last):
  File "tune_models.py", line 172, in <module>
    seq_len = args.seq_len)
  File "tune_models.py", line 147, in tuneModels
    opt = Optimizer(dataset, vectors, tune_wordvecs, wordvec_dim, choices, trainerclass, max_time, num_layers, batch_size, seq_len)
  File "tune_models.py", line 35, in __init__
    exact_feval = True
  File "/home-nfs/siddsach/anaconda3/lib/python3.5/site-packages/GPyOpt/methods/bayesian_optimization.py", line 117, in __init__
    self._init_design_chooser()
  File "/home-nfs/siddsach/anaconda3/lib/python3.5/site-packages/GPyOpt/methods/bayesian_optimization.py", line 192, in _init_design_chooser
    self.Y, _ = self.objective.evaluate(self.X)
  File "/home-nfs/siddsach/anaconda3/lib/python3.5/site-packages/GPyOpt/core/task/objective.py", line 50, in evaluate
    f_evals, cost_evals = self._eval_func(x)
  File "/home-nfs/siddsach/anaconda3/lib/python3.5/site-packages/GPyOpt/core/task/objective.py", line 74, in _eval_func
    rlt = self.func(np.atleast_2d(x[i]))
  File "tune_models.py", line 73, in getError
    trainer.train()
  File "/home-nfs/siddsach/Interpreting-Attention/interpreting_language/pretraining/langmodel/trainer.py", line 408, in train
    this_perplexity = self.evaluate()
  File "/home-nfs/siddsach/Interpreting-Attention/interpreting_language/pretraining/langmodel/trainer.py", line 348, in evaluate
    for i, batch in enumerate(self.valid_iterator):
  File "/home-nfs/siddsach/anaconda3/lib/python3.5/site-packages/torchtext/data/iterator.py", line 246, in __iter__
    text=data[i:i + seq_len],
  File "/home-nfs/siddsach/anaconda3/lib/python3.5/site-packages/torch/autograd/variable.py", line 76, in __getitem__
    return Index.apply(self, key)
  File "/home-nfs/siddsach/anaconda3/lib/python3.5/site-packages/torch/autograd/_functions/tensor.py", line 16, in forward
    result = i.index(ctx.index)
ValueError: result of slicing is an empty tensor
