ROOT_PATH: /home-nfs/siddsach/ml/Interpreting-Attention/interpreting_language
Building Bayesian Optimizer for 
 data:MPQA 
 choices:[{'name': 'lr', 'type': 'continuous', 'domain': [5e-05, 0.005]}, {'name': 'rnn_dropout', 'type': 'continuous', 'domain': [0, 1]}, {'name': 'dropout', 'type': 'continuous', 'domain': [0, 1]}, {'name': 'l2', 'type': 'continuous', 'domain': [0, 1]}]
SETTINGS FOR THIS RUN
{'data': 'MPQA', 'num_layers': 2, 'dropout': 0.19116271323760825, 'batch_size': 32, 'attn_type': 'similarity', 'wordvec_source': 'glove', 'lr': 0.001645692939395335, 'wordvec_dim': 300, 'rnn_dropout': 0.6762203682036423, 'tune_wordvecs': True, 'tune_attn': True, 'l2': 0.5616616883654155}
Using CUDA!
here
similarity
Building RNN Classifier...

[93m    Warning: no model found for 'en'[0m

    Only loading the 'en' tokenizer.

Retrieving Data from file: /home-nfs/siddsach/ml/Interpreting-Attention/interpreting_language/data/mpqa/mpqa_subj_labels.pickle...
Loading Vectors From Memory...
Using these vectors: ['GloVe']
Getting GloVe Vectors with 300 dims
Building Vocab...
[<torchtext.vocab.Vectors object at 0x7f7308ea7f98>]
Getting Batches...
Created Iterator with 261 batches
Getting Batches...
Created Iterator with 87 batches
Building model...
similarity
Using Attention model with following args:
{'num_layers': 2, 'cuda': True, 'attention_dim': 350, 'dropout': 0.19116271323760825, 'hidden_size': 300, 'attn_type': 'similarity', 'num_classes': 2, 'vocab_size': 15284, 'tune_attn': True, 'batch_size': 32, 'rnn_dropout': 0.6762203682036423, 'vectors': 
 0.0000  0.0000  0.0000  ...   0.0000  0.0000  0.0000
 0.0000  0.0000  0.0000  ...   0.0000  0.0000  0.0000
 0.0000  0.0000  0.0000  ...   0.0000  0.0000  0.0000
          ...             ⋱             ...          
-0.4786 -0.1089 -0.0076  ...   0.7458  0.7174  0.6185
 0.0000  0.0000  0.0000  ...   0.0000  0.0000  0.0000
-0.0479  0.9828  0.9182  ...   0.0424  0.4554 -0.3210
[torch.FloatTensor of size 15284x300]
, 'input_size': 300, 'train_word_vecs': True}
Begin Training...
Completing Train Step at 0th epoch...
At time: 0.5121359825134277 accuracy is 0.559375 and loss is 1.250728702545166
At time: 0.7345826625823975 accuracy is 0.578125 and loss is 0.820252513885498
At time: 0.9574196338653564 accuracy is 0.6390625 and loss is 0.6783833503723145
At time: 1.1883962154388428 accuracy is 0.6875 and loss is 0.6422035694122314
At time: 1.4255051612854004 accuracy is 0.696875 and loss is 0.6680348873138428
At time: 1.6692595481872559 accuracy is 0.73125 and loss is 0.6084987163543701
At time: 1.911181926727295 accuracy is 0.7390625 and loss is 0.5683812141418457
At time: 2.1567509174346924 accuracy is 0.7859375 and loss is 0.539671516418457
At time: 2.4122536182403564 accuracy is 0.7203125 and loss is 0.5953427791595459
At time: 2.6694440841674805 accuracy is 0.765625 and loss is 0.49466533660888673
At time: 2.940086841583252 accuracy is 0.7828125 and loss is 0.5460055351257325
At time: 3.2261784076690674 accuracy is 0.771875 and loss is 0.5145116329193116
Evaluating...
Done Evaluating: Achieved accuracy of 0.7296511627906976
Achieved new best!
Completing Train Step at 1th epoch...
At time: 4.191452741622925 accuracy is 0.6734375 and loss is 0.7652552127838135
At time: 4.398159980773926 accuracy is 0.71875 and loss is 0.5884017467498779
At time: 4.612917423248291 accuracy is 0.796875 and loss is 0.4678785800933838
At time: 4.827968597412109 accuracy is 0.815625 and loss is 0.4299332618713379
At time: 5.045462131500244 accuracy is 0.8078125 and loss is 0.44751949310302735
At time: 5.269967794418335 accuracy is 0.8265625 and loss is 0.3806119918823242
At time: 5.493697881698608 accuracy is 0.8203125 and loss is 0.4668086528778076
At time: 5.722602367401123 accuracy is 0.8140625 and loss is 0.43499188423156737
At time: 5.954143047332764 accuracy is 0.859375 and loss is 0.37299821376800535
At time: 6.1930832862854 accuracy is 0.878125 and loss is 0.3089912891387939
At time: 6.434101343154907 accuracy is 0.8890625 and loss is 0.346486759185791
At time: 6.690033435821533 accuracy is 0.8921875 and loss is 0.2981335878372192
Evaluating...
Done Evaluating: Achieved accuracy of 0.7761627906976745
Achieved new best!
Completing Train Step at 2th epoch...
At time: 7.574187755584717 accuracy is 0.809375 and loss is 0.5257010936737061
At time: 7.780412197113037 accuracy is 0.8296875 and loss is 0.3699936866760254
At time: 7.99180793762207 accuracy is 0.88125 and loss is 0.28753902912139895
At time: 8.209715366363525 accuracy is 0.890625 and loss is 0.37047126293182375
At time: 8.432980060577393 accuracy is 0.9109375 and loss is 0.2561635971069336
At time: 8.663256883621216 accuracy is 0.928125 and loss is 0.3295643091201782
At time: 8.894308090209961 accuracy is 0.884375 and loss is 0.2832199573516846
At time: 9.126621961593628 accuracy is 0.896875 and loss is 0.2611464262008667
At time: 9.361137390136719 accuracy is 0.94375 and loss is 0.1451367735862732
At time: 9.59480881690979 accuracy is 0.9421875 and loss is 0.17851022481918336
At time: 9.839788913726807 accuracy is 0.9375 and loss is 0.18181610107421875
At time: 10.089829683303833 accuracy is 0.9125 and loss is 0.22831127643585206
Evaluating...
Done Evaluating: Achieved accuracy of 0.7692587209302325
Not better for 1
Completing Train Step at 3th epoch...
At time: 10.978917360305786 accuracy is 0.8875 and loss is 0.3987454414367676
At time: 11.185349941253662 accuracy is 0.8875 and loss is 0.2778113842010498
At time: 11.3943932056427 accuracy is 0.9296875 and loss is 0.18099937438964844
At time: 11.607195377349854 accuracy is 0.93125 and loss is 0.1742074728012085
At time: 11.821637392044067 accuracy is 0.934375 and loss is 0.14684569835662842
At time: 12.040963649749756 accuracy is 0.953125 and loss is 0.14647563695907592
At time: 12.264986991882324 accuracy is 0.9421875 and loss is 0.1347470760345459
At time: 12.493257284164429 accuracy is 0.9625 and loss is 0.12221242189407348
At time: 12.727412939071655 accuracy is 0.965625 and loss is 0.09135521054267884
At time: 12.965898752212524 accuracy is 0.9640625 and loss is 0.1524569034576416
At time: 13.212139368057251 accuracy is 0.9703125 and loss is 0.09883056282997131
At time: 13.465054273605347 accuracy is 0.9375 and loss is 0.18585880994796752
Evaluating...
Done Evaluating: Achieved accuracy of 0.7263808139534884
Not better for 2
Completing Train Step at 4th epoch...
At time: 14.338354110717773 accuracy is 0.896875 and loss is 0.3322831869125366
At time: 14.548531770706177 accuracy is 0.9125 and loss is 0.22410333156585693
At time: 14.761451005935669 accuracy is 0.9671875 and loss is 0.08729215264320374
At time: 14.97627854347229 accuracy is 0.9484375 and loss is 0.19119762182235717
At time: 15.197688817977905 accuracy is 0.978125 and loss is 0.061626660823822024
At time: 15.423752784729004 accuracy is 0.9515625 and loss is 0.17522990703582764
At time: 15.65624737739563 accuracy is 0.959375 and loss is 0.10837953090667725
At time: 15.887739896774292 accuracy is 0.9796875 and loss is 0.0790934681892395
At time: 16.126001596450806 accuracy is 0.9625 and loss is 0.10757731199264527
At time: 16.36875009536743 accuracy is 0.9609375 and loss is 0.10335761308670044
At time: 16.61618447303772 accuracy is 0.9828125 and loss is 0.06222940683364868
At time: 16.873749494552612 accuracy is 0.95 and loss is 0.4501150608062744
Evaluating...
Done Evaluating: Achieved accuracy of 0.75
Not better for 3
Completing Train Step at 5th epoch...
At time: 17.763365030288696 accuracy is 0.878125 and loss is 0.3086695194244385
At time: 17.968180656433105 accuracy is 0.9390625 and loss is 0.24741554260253906
At time: 18.179794549942017 accuracy is 0.934375 and loss is 0.122398841381073
At time: 18.39627480506897 accuracy is 0.978125 and loss is 0.07532118558883667
At time: 18.61440372467041 accuracy is 0.9828125 and loss is 0.06913946866989136
At time: 18.8354012966156 accuracy is 0.9625 and loss is 0.11625123023986816
At time: 19.06160569190979 accuracy is 0.9828125 and loss is 0.062278980016708375
At time: 19.28824281692505 accuracy is 0.9640625 and loss is 0.20855796337127686
At time: 19.52043056488037 accuracy is 0.9625 and loss is 0.2049717426300049
At time: 19.756895542144775 accuracy is 0.965625 and loss is 0.1349759578704834
At time: 20.003173351287842 accuracy is 0.95625 and loss is 0.13296449184417725
At time: 20.25408625602722 accuracy is 0.95 and loss is 0.19227797985076905
Evaluating...
Done Evaluating: Achieved accuracy of 0.7558139534883721
Not better for 4
Completing Train Step at 6th epoch...
At time: 21.131015062332153 accuracy is 0.9359375 and loss is 0.18199403285980226
At time: 21.342169523239136 accuracy is 0.9515625 and loss is 0.1298660159111023
At time: 21.55624794960022 accuracy is 0.978125 and loss is 0.06504461765289307
At time: 21.77409291267395 accuracy is 0.975 and loss is 0.08408845663070678
At time: 21.999755859375 accuracy is 0.96875 and loss is 0.19246550798416137
At time: 22.22404932975769 accuracy is 0.9875 and loss is 0.03924875855445862
At time: 22.45357584953308 accuracy is 0.959375 and loss is 0.2585982084274292
At time: 22.685117721557617 accuracy is 0.9875 and loss is 0.03797033727169037
At time: 22.92082977294922 accuracy is 0.98125 and loss is 0.05376642942428589
At time: 23.15924644470215 accuracy is 0.9734375 and loss is 0.08113332986831664
At time: 23.40577483177185 accuracy is 0.971875 and loss is 0.07541367411613464
At time: 23.659178733825684 accuracy is 0.95625 and loss is 0.18235578536987304
Evaluating...
Done Evaluating: Achieved accuracy of 0.6896802325581395
Not better for 5
Completing Train Step at 7th epoch...
At time: 24.53818702697754 accuracy is 0.9046875 and loss is 0.23776204586029054
At time: 24.748106241226196 accuracy is 0.965625 and loss is 0.0832184374332428
At time: 24.962361335754395 accuracy is 0.96875 and loss is 0.07928197383880616
At time: 25.181339502334595 accuracy is 0.9734375 and loss is 0.1573957085609436
At time: 25.39993691444397 accuracy is 0.9875 and loss is 0.04963407516479492
At time: 25.62650418281555 accuracy is 0.990625 and loss is 0.025104451179504394
At time: 25.85555362701416 accuracy is 0.9765625 and loss is 0.08061165809631347
At time: 26.08593463897705 accuracy is 0.98125 and loss is 0.05271041393280029
At time: 26.321268558502197 accuracy is 0.978125 and loss is 0.05285811424255371
At time: 26.561264753341675 accuracy is 0.9765625 and loss is 0.057739120721817014
At time: 26.808022260665894 accuracy is 0.9921875 and loss is 0.01831461787223816
At time: 27.063891172409058 accuracy is 0.975 and loss is 0.09156494140625
Evaluating...
Done Evaluating: Achieved accuracy of 0.6925872093023255
Not better for 6
Completing Train Step at 8th epoch...
At time: 27.987507343292236 accuracy is 0.91875 and loss is 0.2165224075317383
At time: 28.19787311553955 accuracy is 0.95625 and loss is 0.11117010116577149
At time: 28.41563844680786 accuracy is 0.9828125 and loss is 0.04972568452358246
At time: 28.63648557662964 accuracy is 0.9234375 and loss is 0.2632421970367432
At time: 28.855576515197754 accuracy is 0.98125 and loss is 0.07741020321846008
At time: 29.08088231086731 accuracy is 0.9828125 and loss is 0.043591490387916564
At time: 29.309679746627808 accuracy is 0.9484375 and loss is 0.18829450607299805
At time: 29.544038772583008 accuracy is 0.971875 and loss is 0.12451747655868531
At time: 29.779115438461304 accuracy is 0.9796875 and loss is 0.04849923253059387
At time: 30.024393558502197 accuracy is 0.9625 and loss is 0.10679038763046264
At time: 30.269447803497314 accuracy is 0.9859375 and loss is 0.04883300960063934
At time: 30.523308992385864 accuracy is 0.9859375 and loss is 0.04748335182666778
Evaluating...
Done Evaluating: Achieved accuracy of 0.7521802325581395
Not better for 7
Completing Train Step at 9th epoch...
At time: 31.408607244491577 accuracy is 0.9359375 and loss is 0.1740275502204895
At time: 31.619158029556274 accuracy is 0.975 and loss is 0.05994560718536377
At time: 31.83507800102234 accuracy is 0.9890625 and loss is 0.04208793342113495
At time: 32.05341053009033 accuracy is 0.9875 and loss is 0.0431451827287674
At time: 32.27392077445984 accuracy is 0.984375 and loss is 0.16261260509490966
At time: 32.49986386299133 accuracy is 0.984375 and loss is 0.07269338369369507
At time: 32.72784376144409 accuracy is 0.978125 and loss is 0.05812833309173584
At time: 32.960437536239624 accuracy is 0.984375 and loss is 0.08265634179115296
At time: 33.19845509529114 accuracy is 0.9875 and loss is 0.0497018963098526
At time: 33.439432859420776 accuracy is 0.9796875 and loss is 0.06420844793319702
At time: 33.68544030189514 accuracy is 0.9859375 and loss is 0.06195538640022278
At time: 33.93927073478699 accuracy is 0.9890625 and loss is 0.05245598554611206
Evaluating...
Done Evaluating: Achieved accuracy of 0.7292877906976745
Not better for 8
Completing Train Step at 10th epoch...
At time: 34.81636118888855 accuracy is 0.9484375 and loss is 0.14181524515151978
At time: 35.024736166000366 accuracy is 0.9796875 and loss is 0.14268176555633544
At time: 35.24007606506348 accuracy is 0.9890625 and loss is 0.040962913632392885
At time: 35.45750665664673 accuracy is 0.9890625 and loss is 0.048606231808662415
At time: 35.67939376831055 accuracy is 0.98125 and loss is 0.09427310228347778
At time: 35.90664982795715 accuracy is 0.9703125 and loss is 0.16970740556716918
At time: 36.13699674606323 accuracy is 0.9875 and loss is 0.05490240454673767
At time: 36.36954474449158 accuracy is 0.971875 and loss is 0.09304131269454956
At time: 36.60733771324158 accuracy is 0.978125 and loss is 0.06082667708396912
At time: 36.84653091430664 accuracy is 0.9828125 and loss is 0.04934232234954834
At time: 37.09329557418823 accuracy is 0.9828125 and loss is 0.09993684887886048
At time: 37.34884333610535 accuracy is 0.9734375 and loss is 0.10476855039596558
Evaluating...
Done Evaluating: Achieved accuracy of 0.735828488372093
Not better for 9
Completing Train Step at 11th epoch...
At time: 38.23187017440796 accuracy is 0.9453125 and loss is 0.14234894514083862
At time: 38.442702531814575 accuracy is 0.975 and loss is 0.08832325339317322
At time: 38.65636968612671 accuracy is 0.9984375 and loss is 0.00848919004201889
At time: 38.876872301101685 accuracy is 0.9671875 and loss is 0.0995600938796997
At time: 39.0997838973999 accuracy is 0.98125 and loss is 0.14503822326660157
At time: 39.32328248023987 accuracy is 0.9921875 and loss is 0.018702408671379088
At time: 39.55101466178894 accuracy is 0.990625 and loss is 0.02324341833591461
At time: 39.78621482849121 accuracy is 0.9875 and loss is 0.04972746670246124
At time: 40.02030801773071 accuracy is 0.990625 and loss is 0.028498396277427673
At time: 40.2605938911438 accuracy is 0.978125 and loss is 0.03351654410362244
At time: 40.50608015060425 accuracy is 0.9984375 and loss is 0.004925206303596497
At time: 40.76108956336975 accuracy is 0.9921875 and loss is 0.03235245943069458
Evaluating...
Done Evaluating: Achieved accuracy of 0.7449127906976745
Not better for 10
Model not improving. Stopping earlyat 0.7761627906976745 epochs.
Done Training. Achieved Best Accuracy of 0.7761627906976745
Improved accuracyfrom -10000000 to 0.7761627906976745
keyvalattn
SETTINGS FOR THIS RUN
{'data': 'MPQA', 'num_layers': 2, 'dropout': 0.8966230130989047, 'batch_size': 32, 'attn_type': 'similarity', 'wordvec_source': 'glove', 'lr': 0.00027809954649325497, 'wordvec_dim': 300, 'rnn_dropout': 0.3266411388654853, 'tune_wordvecs': True, 'tune_attn': True, 'l2': 0.20523360724456163}
Using CUDA!
here
similarity
Building RNN Classifier...

[93m    Warning: no model found for 'en'[0m

    Only loading the 'en' tokenizer.

Retrieving Data from file: /home-nfs/siddsach/ml/Interpreting-Attention/interpreting_language/data/mpqa/mpqa_subj_labels.pickle...
Loading Vectors From Memory...
Using these vectors: ['GloVe']
Getting GloVe Vectors with 300 dims
Building Vocab...
[<torchtext.vocab.Vectors object at 0x7f730920f358>]
Getting Batches...
Created Iterator with 261 batches
Getting Batches...
Created Iterator with 87 batches
Building model...
similarity
Using Attention model with following args:
{'num_layers': 2, 'cuda': True, 'attention_dim': 350, 'dropout': 0.8966230130989047, 'hidden_size': 300, 'attn_type': 'similarity', 'num_classes': 2, 'vocab_size': 15284, 'tune_attn': True, 'batch_size': 32, 'rnn_dropout': 0.3266411388654853, 'vectors': 
 0.0000  0.0000  0.0000  ...   0.0000  0.0000  0.0000
 0.0000  0.0000  0.0000  ...   0.0000  0.0000  0.0000
 0.0000  0.0000  0.0000  ...   0.0000  0.0000  0.0000
          ...             ⋱             ...          
-0.4786 -0.1089 -0.0076  ...   0.7458  0.7174  0.6185
 0.0000  0.0000  0.0000  ...   0.0000  0.0000  0.0000
-0.0479  0.9828  0.9182  ...   0.0424  0.4554 -0.3210
[torch.FloatTensor of size 15284x300]
, 'input_size': 300, 'train_word_vecs': True}
Begin Training...
Completing Train Step at 0th epoch...
At time: 0.24679350852966309 accuracy is 0.5203125 and loss is 0.8265714645385742
At time: 0.4646625518798828 accuracy is 0.55 and loss is 0.7349413394927978
At time: 0.6833481788635254 accuracy is 0.6140625 and loss is 0.6823332786560059
At time: 0.903362512588501 accuracy is 0.678125 and loss is 0.6337144851684571
At time: 1.127131700515747 accuracy is 0.75625 and loss is 0.5208010196685791
At time: 1.3585410118103027 accuracy is 0.746875 and loss is 0.5168925285339355
At time: 1.615532636642456 accuracy is 0.7390625 and loss is 0.542356014251709
At time: 1.8765480518341064 accuracy is 0.784375 and loss is 0.49243927001953125
At time: 2.127556562423706 accuracy is 0.7640625 and loss is 0.4968875408172607
At time: 2.3851892948150635 accuracy is 0.7609375 and loss is 0.5072654724121094
At time: 2.653289794921875 accuracy is 0.784375 and loss is 0.4822554111480713
At time: 2.9454596042633057 accuracy is 0.7515625 and loss is 0.5250289440155029
Evaluating...
Done Evaluating: Achieved accuracy of 0.7354651162790697
Achieved new best!
Completing Train Step at 1th epoch...
At time: 3.8632218837738037 accuracy is 0.553125 and loss is 0.7259486675262451
At time: 4.070593595504761 accuracy is 0.7203125 and loss is 0.5325816154479981
At time: 4.281586408615112 accuracy is 0.778125 and loss is 0.47823705673217776
At time: 4.495584011077881 accuracy is 0.7984375 and loss is 0.4657921314239502
At time: 4.711531162261963 accuracy is 0.8046875 and loss is 0.42575745582580565
At time: 4.931323289871216 accuracy is 0.7953125 and loss is 0.4157430648803711
At time: 5.155944347381592 accuracy is 0.809375 and loss is 0.426068639755249
At time: 5.383455038070679 accuracy is 0.809375 and loss is 0.40560126304626465
At time: 5.614962339401245 accuracy is 0.8171875 and loss is 0.4007460594177246
At time: 5.852099895477295 accuracy is 0.8171875 and loss is 0.4249431133270264
At time: 6.097005367279053 accuracy is 0.8328125 and loss is 0.3796222448348999
At time: 6.345103979110718 accuracy is 0.80625 and loss is 0.4351527214050293
Evaluating...
Done Evaluating: Achieved accuracy of 0.7834302325581395
Achieved new best!
Completing Train Step at 2th epoch...
At time: 7.221532106399536 accuracy is 0.7265625 and loss is 0.5785098552703858
At time: 7.439094543457031 accuracy is 0.7921875 and loss is 0.45129055976867677
At time: 7.658751010894775 accuracy is 0.8203125 and loss is 0.3770113229751587
At time: 7.880614757537842 accuracy is 0.8546875 and loss is 0.3364320993423462
At time: 8.104822635650635 accuracy is 0.853125 and loss is 0.32170896530151366
At time: 8.33382797241211 accuracy is 0.8453125 and loss is 0.3335702896118164
At time: 8.567358255386353 accuracy is 0.8515625 and loss is 0.33401596546173096
At time: 8.802817583084106 accuracy is 0.859375 and loss is 0.32918148040771483
At time: 9.036503553390503 accuracy is 0.8640625 and loss is 0.30003268718719484
At time: 9.270279169082642 accuracy is 0.859375 and loss is 0.3325336933135986
At time: 9.512160778045654 accuracy is 0.871875 and loss is 0.2903704881668091
At time: 9.760883569717407 accuracy is 0.8484375 and loss is 0.35163273811340334
Evaluating...
Done Evaluating: Achieved accuracy of 0.7747093023255814
Not better for 1
Completing Train Step at 3th epoch...
At time: 10.664113521575928 accuracy is 0.8015625 and loss is 0.48993887901306155
At time: 10.870385885238647 accuracy is 0.8484375 and loss is 0.3800577878952026
At time: 11.083730459213257 accuracy is 0.884375 and loss is 0.2702130556106567
At time: 11.299569129943848 accuracy is 0.9 and loss is 0.2582419395446777
At time: 11.519344806671143 accuracy is 0.9140625 and loss is 0.21799743175506592
At time: 11.740428686141968 accuracy is 0.8984375 and loss is 0.26489963531494143
At time: 11.964967250823975 accuracy is 0.8796875 and loss is 0.27258596420288084
At time: 12.192201137542725 accuracy is 0.9 and loss is 0.2721740961074829
At time: 12.42290186882019 accuracy is 0.89375 and loss is 0.23225624561309816
At time: 12.657811403274536 accuracy is 0.890625 and loss is 0.27572264671325686
At time: 12.898911237716675 accuracy is 0.9140625 and loss is 0.19452526569366455
At time: 13.149187088012695 accuracy is 0.878125 and loss is 0.28796160221099854
Evaluating...
Done Evaluating: Achieved accuracy of 0.7583575581395349
Not better for 2
Completing Train Step at 4th epoch...
At time: 14.020854949951172 accuracy is 0.79375 and loss is 0.49849367141723633
At time: 14.226460695266724 accuracy is 0.8859375 and loss is 0.26534099578857423
At time: 14.439429998397827 accuracy is 0.9109375 and loss is 0.22399594783782958
At time: 14.656454801559448 accuracy is 0.93125 and loss is 0.17675235271453857
At time: 14.873744487762451 accuracy is 0.9359375 and loss is 0.14767866134643554
At time: 15.093640804290771 accuracy is 0.9234375 and loss is 0.2135066032409668
At time: 15.314589977264404 accuracy is 0.9125 and loss is 0.23124213218688966
At time: 15.540579795837402 accuracy is 0.9046875 and loss is 0.21996045112609863
At time: 15.771764516830444 accuracy is 0.925 and loss is 0.18820202350616455
At time: 16.007566928863525 accuracy is 0.9265625 and loss is 0.18725546598434448
At time: 16.2522132396698 accuracy is 0.9546875 and loss is 0.13981617689132692
At time: 16.50172710418701 accuracy is 0.925 and loss is 0.2051253080368042
Evaluating...
Done Evaluating: Achieved accuracy of 0.7910610465116279
Achieved new best!
Completing Train Step at 5th epoch...
At time: 17.365830183029175 accuracy is 0.8890625 and loss is 0.35290093421936036
At time: 17.572620153427124 accuracy is 0.9265625 and loss is 0.18476474285125732
At time: 17.782962560653687 accuracy is 0.940625 and loss is 0.16631351709365844
At time: 17.996559143066406 accuracy is 0.9515625 and loss is 0.12360421419143677
At time: 18.21340274810791 accuracy is 0.9578125 and loss is 0.10246144533157349
At time: 18.43284797668457 accuracy is 0.94375 and loss is 0.16982170343399047
At time: 18.656367778778076 accuracy is 0.93125 and loss is 0.21696560382843016
At time: 18.88268280029297 accuracy is 0.91875 and loss is 0.22414140701293944
At time: 19.118541479110718 accuracy is 0.9515625 and loss is 0.16444056034088134
At time: 19.35281729698181 accuracy is 0.940625 and loss is 0.13983139991760254
At time: 19.59463596343994 accuracy is 0.9765625 and loss is 0.07594278454780579
At time: 19.842329025268555 accuracy is 0.9296875 and loss is 0.26971843242645266
Evaluating...
Done Evaluating: Achieved accuracy of 0.7787063953488372
Not better for 1
Completing Train Step at 6th epoch...
At time: 20.706974506378174 accuracy is 0.896875 and loss is 0.2954765796661377
At time: 20.91368794441223 accuracy is 0.95 and loss is 0.12494208812713622
At time: 21.123372316360474 accuracy is 0.9578125 and loss is 0.14594652652740478
At time: 21.33872365951538 accuracy is 0.9328125 and loss is 0.22782437801361083
At time: 21.5551335811615 accuracy is 0.9734375 and loss is 0.07021679282188416
At time: 21.777193069458008 accuracy is 0.9328125 and loss is 0.19111008644104005
At time: 22.00145649909973 accuracy is 0.9546875 and loss is 0.11459327936172485
At time: 22.228162050247192 accuracy is 0.95625 and loss is 0.1674561858177185
At time: 22.45880651473999 accuracy is 0.975 and loss is 0.10849003791809082
At time: 22.694457054138184 accuracy is 0.96875 and loss is 0.07947353720664978
At time: 22.94633960723877 accuracy is 0.9796875 and loss is 0.03786751925945282
At time: 23.19531011581421 accuracy is 0.946875 and loss is 0.28056917190551756
Evaluating...
Done Evaluating: Achieved accuracy of 0.7732558139534884
Not better for 2
Completing Train Step at 7th epoch...
At time: 24.062329292297363 accuracy is 0.921875 and loss is 0.23684661388397216
At time: 24.26856517791748 accuracy is 0.9640625 and loss is 0.09421834945678711
At time: 24.477665901184082 accuracy is 0.965625 and loss is 0.10602360963821411
At time: 24.68953824043274 accuracy is 0.921875 and loss is 0.3023549795150757
At time: 24.90587830543518 accuracy is 0.9421875 and loss is 0.18299306631088258
At time: 25.1279354095459 accuracy is 0.940625 and loss is 0.18509340286254883
At time: 25.3561749458313 accuracy is 0.9546875 and loss is 0.13405743837356568
At time: 25.582332849502563 accuracy is 0.975 and loss is 0.09636009335517884
At time: 25.812822103500366 accuracy is 0.9796875 and loss is 0.10172115564346314
At time: 26.047794580459595 accuracy is 0.9671875 and loss is 0.06923205256462098
At time: 26.286537408828735 accuracy is 0.9875 and loss is 0.04815510511398315
At time: 26.53508710861206 accuracy is 0.9484375 and loss is 0.1506281614303589
Evaluating...
Done Evaluating: Achieved accuracy of 0.7590843023255814
Not better for 3
Completing Train Step at 8th epoch...
At time: 27.401012897491455 accuracy is 0.925 and loss is 0.21067745685577394
At time: 27.608197927474976 accuracy is 0.971875 and loss is 0.08550150394439697
At time: 27.81794810295105 accuracy is 0.959375 and loss is 0.11105810403823853
At time: 28.03291893005371 accuracy is 0.9671875 and loss is 0.14750347137451172
At time: 28.252090215682983 accuracy is 0.971875 and loss is 0.1260187029838562
At time: 28.473438262939453 accuracy is 0.9640625 and loss is 0.08387805223464966
At time: 28.697479963302612 accuracy is 0.96875 and loss is 0.13198014497756957
At time: 28.924715757369995 accuracy is 0.9765625 and loss is 0.11570075750350953
At time: 29.156301975250244 accuracy is 0.9828125 and loss is 0.07214798927307128
At time: 29.391695976257324 accuracy is 0.9796875 and loss is 0.05021791458129883
At time: 29.63324737548828 accuracy is 0.984375 and loss is 0.05150911808013916
At time: 29.881560564041138 accuracy is 0.95 and loss is 0.2976018667221069
Evaluating...
Done Evaluating: Achieved accuracy of 0.7605377906976745
Not better for 4
Completing Train Step at 9th epoch...
At time: 30.75098180770874 accuracy is 0.953125 and loss is 0.14787329435348512
At time: 30.95765995979309 accuracy is 0.98125 and loss is 0.043353044986724855
At time: 31.167919397354126 accuracy is 0.9703125 and loss is 0.11441189050674438
At time: 31.381658792495728 accuracy is 0.95625 and loss is 0.24888839721679687
At time: 31.59885001182556 accuracy is 0.9828125 and loss is 0.10521082878112793
At time: 31.820672512054443 accuracy is 0.9765625 and loss is 0.0710721492767334
At time: 32.04988741874695 accuracy is 0.9546875 and loss is 0.15622878074645996
At time: 32.276596546173096 accuracy is 0.975 and loss is 0.12167239189147949
At time: 32.506592750549316 accuracy is 0.9765625 and loss is 0.06703941226005554
At time: 32.74576997756958 accuracy is 0.996875 and loss is 0.013283583521842956
At time: 32.98616814613342 accuracy is 0.9890625 and loss is 0.10477695465087891
At time: 33.23646879196167 accuracy is 0.971875 and loss is 0.16388970613479614
Evaluating...
Done Evaluating: Achieved accuracy of 0.7612645348837209
Not better for 5
Completing Train Step at 10th epoch...
At time: 34.10680413246155 accuracy is 0.965625 and loss is 0.13222141265869142
At time: 34.31385064125061 accuracy is 0.9890625 and loss is 0.031433844566345216
At time: 34.52356719970703 accuracy is 0.971875 and loss is 0.12238256931304932
At time: 34.73839521408081 accuracy is 0.971875 and loss is 0.09045445322990417
At time: 34.955100536346436 accuracy is 0.971875 and loss is 0.16284512281417846
At time: 35.17384934425354 accuracy is 0.9828125 and loss is 0.09021545648574829
At time: 35.39690685272217 accuracy is 0.9671875 and loss is 0.12303199768066406
At time: 35.62544393539429 accuracy is 0.9859375 and loss is 0.04534628391265869
At time: 35.85846710205078 accuracy is 0.9859375 and loss is 0.037494581937789914
At time: 36.100630044937134 accuracy is 0.9859375 and loss is 0.14683786630630494
At time: 36.34066820144653 accuracy is 0.9796875 and loss is 0.12101753950119018
At time: 36.590049266815186 accuracy is 0.9765625 and loss is 0.10636377334594727
Evaluating...
Done Evaluating: Achieved accuracy of 0.765625
Not better for 6
Completing Train Step at 11th epoch...
At time: 37.466434955596924 accuracy is 0.9640625 and loss is 0.09060518741607666
At time: 37.672513484954834 accuracy is 0.9859375 and loss is 0.03858647346496582
At time: 37.88592576980591 accuracy is 0.9796875 and loss is 0.09481878876686096
At time: 38.09897446632385 accuracy is 0.9828125 and loss is 0.06292483806610108
At time: 38.3141303062439 accuracy is 0.9921875 and loss is 0.01346386969089508
At time: 38.53575277328491 accuracy is 0.9953125 and loss is 0.035436952114105226
At time: 38.75952482223511 accuracy is 0.98125 and loss is 0.12193962335586547
At time: 38.989492416381836 accuracy is 0.9625 and loss is 0.14830515384674073
At time: 39.22170066833496 accuracy is 0.9875 and loss is 0.06205781698226929
At time: 39.456523418426514 accuracy is 0.9875 and loss is 0.06266452670097351
At time: 39.69845223426819 accuracy is 0.9796875 and loss is 0.10831663608551026
At time: 39.94525194168091 accuracy is 0.971875 and loss is 0.10010069608688354
Evaluating...
Done Evaluating: Achieved accuracy of 0.7405523255813954
Not better for 7
Completing Train Step at 12th epoch...
At time: 40.808022260665894 accuracy is 0.9765625 and loss is 0.0807115077972412
At time: 41.013057231903076 accuracy is 0.9890625 and loss is 0.025674077868461608
At time: 41.2241108417511 accuracy is 0.984375 and loss is 0.06258805990219116
At time: 41.437495708465576 accuracy is 0.9921875 and loss is 0.028201726078987122
At time: 41.65499758720398 accuracy is 0.9796875 and loss is 0.14032641649246216
At time: 41.87677502632141 accuracy is 0.975 and loss is 0.1294647216796875
At time: 42.100502729415894 accuracy is 0.9796875 and loss is 0.09783121347427368
At time: 42.32800650596619 accuracy is 0.984375 and loss is 0.06974515318870544
At time: 42.55851912498474 accuracy is 0.9625 and loss is 0.1347636580467224
At time: 42.794105529785156 accuracy is 0.9828125 and loss is 0.05340198278427124
At time: 43.03298854827881 accuracy is 0.9703125 and loss is 0.12480353116989136
At time: 43.2829110622406 accuracy is 0.971875 and loss is 0.08113802671432495
Evaluating...
Done Evaluating: Achieved accuracy of 0.7612645348837209
Not better for 8
Completing Train Step at 13th epoch...
At time: 44.15470337867737 accuracy is 0.975 and loss is 0.07754260301589966
At time: 44.35963273048401 accuracy is 0.98125 and loss is 0.03195451200008392
At time: 44.568464517593384 accuracy is 0.9953125 and loss is 0.015857779979705812
At time: 44.78079056739807 accuracy is 0.9828125 and loss is 0.12910231351852416
At time: 44.99534559249878 accuracy is 0.984375 and loss is 0.08587772846221924
At time: 45.214723110198975 accuracy is 0.9625 and loss is 0.22512903213500976
At time: 45.43763256072998 accuracy is 0.9890625 and loss is 0.05603225231170654
At time: 45.665300369262695 accuracy is 0.9734375 and loss is 0.05583640933036804
At time: 45.8997859954834 accuracy is 0.9921875 and loss is 0.03870012164115906
At time: 46.13483810424805 accuracy is 0.9859375 and loss is 0.11399245262145996
At time: 46.37418818473816 accuracy is 0.9859375 and loss is 0.19115997552871705
At time: 46.62494921684265 accuracy is 0.9890625 and loss is 0.02490844428539276
Evaluating...
Done Evaluating: Achieved accuracy of 0.7667151162790697
Not better for 9
Completing Train Step at 14th epoch...
At time: 47.494210958480835 accuracy is 0.9859375 and loss is 0.04483295679092407
At time: 47.700780630111694 accuracy is 0.9875 and loss is 0.2543888330459595
At time: 47.90990114212036 accuracy is 0.971875 and loss is 0.1271095871925354
At time: 48.124624490737915 accuracy is 0.9796875 and loss is 0.10735375881195068
At time: 48.34324789047241 accuracy is 0.9953125 and loss is 0.02314366549253464
At time: 48.56573796272278 accuracy is 0.965625 and loss is 0.2162396192550659
At time: 48.79049015045166 accuracy is 0.9765625 and loss is 0.0798164188861847
At time: 49.01514291763306 accuracy is 0.9859375 and loss is 0.03996634483337402
At time: 49.24600267410278 accuracy is 0.9953125 and loss is 0.0185304120182991
At time: 49.484785079956055 accuracy is 0.96875 and loss is 0.13773934841156005
At time: 49.725114822387695 accuracy is 0.9796875 and loss is 0.1436455249786377
At time: 49.97373104095459 accuracy is 0.975 and loss is 0.09123333096504212
Evaluating...
Done Evaluating: Achieved accuracy of 0.752906976744186
Not better for 10
Model not improving. Stopping earlyat 0.7910610465116279 epochs.
Done Training. Achieved Best Accuracy of 0.7910610465116279
Improved accuracyfrom 0.7761627906976745 to 0.7910610465116279
keyvalattn
SETTINGS FOR THIS RUN
{'data': 'MPQA', 'num_layers': 2, 'dropout': 0.2443807624643628, 'batch_size': 32, 'attn_type': 'similarity', 'wordvec_source': 'glove', 'lr': 0.00388672913622619, 'wordvec_dim': 300, 'rnn_dropout': 0.1797744033738412, 'tune_wordvecs': True, 'tune_attn': True, 'l2': 0.1741103975891305}
Using CUDA!
here
similarity
Building RNN Classifier...

[93m    Warning: no model found for 'en'[0m

    Only loading the 'en' tokenizer.

Retrieving Data from file: /home-nfs/siddsach/ml/Interpreting-Attention/interpreting_language/data/mpqa/mpqa_subj_labels.pickle...
Loading Vectors From Memory...
Using these vectors: ['GloVe']
Getting GloVe Vectors with 300 dims
Building Vocab...
[<torchtext.vocab.Vectors object at 0x7f735e739390>]
Getting Batches...
Created Iterator with 261 batches
Getting Batches...
Created Iterator with 87 batches
Building model...
similarity
Using Attention model with following args:
{'num_layers': 2, 'cuda': True, 'attention_dim': 350, 'dropout': 0.2443807624643628, 'hidden_size': 300, 'attn_type': 'similarity', 'num_classes': 2, 'vocab_size': 15284, 'tune_attn': True, 'batch_size': 32, 'rnn_dropout': 0.1797744033738412, 'vectors': 
 0.0000  0.0000  0.0000  ...   0.0000  0.0000  0.0000
 0.0000  0.0000  0.0000  ...   0.0000  0.0000  0.0000
 0.0000  0.0000  0.0000  ...   0.0000  0.0000  0.0000
          ...             ⋱             ...          
-0.4786 -0.1089 -0.0076  ...   0.7458  0.7174  0.6185
 0.0000  0.0000  0.0000  ...   0.0000  0.0000  0.0000
-0.0479  0.9828  0.9182  ...   0.0424  0.4554 -0.3210
[torch.FloatTensor of size 15284x300]
, 'input_size': 300, 'train_word_vecs': True}
Begin Training...
Completing Train Step at 0th epoch...
At time: 0.2454516887664795 accuracy is 0.5703125 and loss is 2.0121442794799806
At time: 0.4720728397369385 accuracy is 0.53125 and loss is 0.8406360626220704
At time: 0.6980369091033936 accuracy is 0.5578125 and loss is 0.757944393157959
At time: 0.9263026714324951 accuracy is 0.6109375 and loss is 0.7782108306884765
At time: 1.1583778858184814 accuracy is 0.6484375 and loss is 0.912282657623291
At time: 1.4014966487884521 accuracy is 0.715625 and loss is 0.7530118942260742
At time: 1.6530933380126953 accuracy is 0.646875 and loss is 0.7806046962738037
At time: 1.9021062850952148 accuracy is 0.75 and loss is 0.6402185916900635
At time: 2.158710479736328 accuracy is 0.7453125 and loss is 0.5384093284606933
At time: 2.423072338104248 accuracy is 0.765625 and loss is 0.5617635250091553
At time: 2.6954870223999023 accuracy is 0.7421875 and loss is 0.5473011016845704
At time: 2.973694324493408 accuracy is 0.7609375 and loss is 0.5129726886749267
Evaluating...
Done Evaluating: Achieved accuracy of 0.7532703488372093
Achieved new best!
Completing Train Step at 1th epoch...
At time: 3.885220766067505 accuracy is 0.7625 and loss is 0.5860019207000733
At time: 4.092358827590942 accuracy is 0.6984375 and loss is 0.5592986106872558
At time: 4.3014750480651855 accuracy is 0.79375 and loss is 0.45561995506286623
At time: 4.51492977142334 accuracy is 0.828125 and loss is 0.43166112899780273
At time: 4.729715824127197 accuracy is 0.8515625 and loss is 0.35663931369781493
At time: 4.9484522342681885 accuracy is 0.8484375 and loss is 0.36078777313232424
At time: 5.170124053955078 accuracy is 0.8234375 and loss is 0.4272767066955566
At time: 5.394814968109131 accuracy is 0.846875 and loss is 0.36201512813568115
At time: 5.624088525772095 accuracy is 0.9 and loss is 0.2856891393661499
At time: 5.859400987625122 accuracy is 0.8984375 and loss is 0.25087885856628417
At time: 6.098085880279541 accuracy is 0.921875 and loss is 0.2748424530029297
At time: 6.3520166873931885 accuracy is 0.8796875 and loss is 0.31802978515625
Evaluating...
Done Evaluating: Achieved accuracy of 0.7609011627906976
Achieved new best!
Completing Train Step at 2th epoch...
At time: 7.2796361446380615 accuracy is 0.8203125 and loss is 0.5209649562835693
At time: 7.510385990142822 accuracy is 0.871875 and loss is 0.30853934288024903
At time: 7.745383262634277 accuracy is 0.9046875 and loss is 0.2506842613220215
At time: 7.9838666915893555 accuracy is 0.9015625 and loss is 0.22954983711242677
At time: 8.228867292404175 accuracy is 0.934375 and loss is 0.17823922634124756
At time: 8.455899000167847 accuracy is 0.9546875 and loss is 0.16723238229751586
At time: 8.685815572738647 accuracy is 0.89375 and loss is 0.26440765857696535
At time: 8.915335416793823 accuracy is 0.91875 and loss is 0.23330168724060057
At time: 9.145545721054077 accuracy is 0.9359375 and loss is 0.18444616794586183
At time: 9.388071298599243 accuracy is 0.93125 and loss is 0.18415025472640992
At time: 9.648930788040161 accuracy is 0.953125 and loss is 0.1449409008026123
At time: 9.90359902381897 accuracy is 0.9359375 and loss is 0.17775930166244508
Evaluating...
Done Evaluating: Achieved accuracy of 0.7165697674418605
Not better for 1
Completing Train Step at 3th epoch...
At time: 10.816597700119019 accuracy is 0.825 and loss is 0.41842284202575686
At time: 11.021993637084961 accuracy is 0.9046875 and loss is 0.21179072856903075
At time: 11.232829809188843 accuracy is 0.9375 and loss is 0.17476381063461305
At time: 11.44835114479065 accuracy is 0.9328125 and loss is 0.13723899126052858
At time: 11.666004657745361 accuracy is 0.934375 and loss is 0.22869725227355958
At time: 11.886305093765259 accuracy is 0.953125 and loss is 0.1384935975074768
At time: 12.108063459396362 accuracy is 0.9078125 and loss is 0.24191656112670898
At time: 12.335120677947998 accuracy is 0.9390625 and loss is 0.16593117713928224
At time: 12.567377090454102 accuracy is 0.928125 and loss is 0.20639054775238036
At time: 12.804041624069214 accuracy is 0.93125 and loss is 0.1930983543395996
At time: 13.049063205718994 accuracy is 0.9484375 and loss is 0.31278328895568847
At time: 13.298062086105347 accuracy is 0.909375 and loss is 0.24755759239196778
Evaluating...
Done Evaluating: Achieved accuracy of 0.7463662790697675
Not better for 2
Completing Train Step at 4th epoch...
At time: 14.167046308517456 accuracy is 0.9046875 and loss is 0.4759472370147705
At time: 14.37494707107544 accuracy is 0.925 and loss is 0.19020273685455322
At time: 14.587457180023193 accuracy is 0.946875 and loss is 0.15476130247116088
At time: 14.802304744720459 accuracy is 0.940625 and loss is 0.2862956762313843
At time: 15.018155574798584 accuracy is 0.9421875 and loss is 0.1785254120826721
At time: 15.236871480941772 accuracy is 0.9375 and loss is 0.1621955394744873
At time: 15.463011503219604 accuracy is 0.9265625 and loss is 0.1943063497543335
At time: 15.693433284759521 accuracy is 0.9578125 and loss is 0.15449299812316894
At time: 15.927399158477783 accuracy is 0.9546875 and loss is 0.1508965253829956
At time: 16.164413452148438 accuracy is 0.9609375 and loss is 0.1020131230354309
At time: 16.404560327529907 accuracy is 0.9765625 and loss is 0.09775170683860779
At time: 16.653246879577637 accuracy is 0.9515625 and loss is 0.11722308397293091
Evaluating...
Done Evaluating: Achieved accuracy of 0.7332848837209303
Not better for 3
Completing Train Step at 5th epoch...
At time: 17.525184631347656 accuracy is 0.9015625 and loss is 0.42827434539794923
At time: 17.730973958969116 accuracy is 0.9359375 and loss is 0.16734964847564698
At time: 17.94297695159912 accuracy is 0.965625 and loss is 0.13955332040786744
At time: 18.157631635665894 accuracy is 0.940625 and loss is 0.19003016948699952
At time: 18.374610424041748 accuracy is 0.93125 and loss is 0.20899505615234376
At time: 18.599306344985962 accuracy is 0.9515625 and loss is 0.5351578235626221
At time: 18.823903560638428 accuracy is 0.95 and loss is 0.17965598106384278
At time: 19.053250312805176 accuracy is 0.9703125 and loss is 0.06861123442649841
At time: 19.289142370224 accuracy is 0.9515625 and loss is 0.26422920227050783
At time: 19.524179458618164 accuracy is 0.9578125 and loss is 0.10941826105117798
At time: 19.765676975250244 accuracy is 0.953125 and loss is 0.1579685926437378
At time: 20.020231246948242 accuracy is 0.9609375 and loss is 0.2735508918762207
Evaluating...
Done Evaluating: Achieved accuracy of 0.7376453488372093
Not better for 4
Completing Train Step at 6th epoch...
At time: 20.89694857597351 accuracy is 0.9 and loss is 0.5059357166290284
At time: 21.10313081741333 accuracy is 0.94375 and loss is 0.1315160870552063
At time: 21.31485366821289 accuracy is 0.959375 and loss is 0.1533639669418335
At time: 21.53321599960327 accuracy is 0.9578125 and loss is 0.14026893377304078
At time: 21.747968196868896 accuracy is 0.9734375 and loss is 0.0855275571346283
At time: 21.9708354473114 accuracy is 0.9546875 and loss is 0.3416671991348267
At time: 22.194371700286865 accuracy is 0.9609375 and loss is 0.12599005699157714
At time: 22.419044971466064 accuracy is 0.953125 and loss is 0.13411881923675537
At time: 22.651653051376343 accuracy is 0.9796875 and loss is 0.07138568758964539
At time: 22.89018225669861 accuracy is 0.9828125 and loss is 0.04962126314640045
At time: 23.12908625602722 accuracy is 0.9890625 and loss is 0.04813523888587952
At time: 23.380018711090088 accuracy is 0.953125 and loss is 2.1734750747680662
Evaluating...
Done Evaluating: Achieved accuracy of 0.7311046511627907
Not better for 5
Completing Train Step at 7th epoch...
At time: 24.28320550918579 accuracy is 0.8875 and loss is 0.5976985931396485
At time: 24.49138832092285 accuracy is 0.9546875 and loss is 0.17484431266784667
At time: 24.702871799468994 accuracy is 0.9171875 and loss is 0.23060183525085448
At time: 24.92041325569153 accuracy is 0.9609375 and loss is 0.11188920736312866
At time: 25.136837482452393 accuracy is 0.9484375 and loss is 0.13020100593566894
At time: 25.357599020004272 accuracy is 0.9515625 and loss is 0.1518661856651306
At time: 25.58373260498047 accuracy is 0.9609375 and loss is 0.11982458829879761
At time: 25.79229974746704 accuracy is 0.96875 and loss is 0.10484685897827148
At time: 25.996598482131958 accuracy is 0.9578125 and loss is 0.1419889211654663
At time: 26.227599620819092 accuracy is 0.9640625 and loss is 0.12183195352554321
At time: 26.473021030426025 accuracy is 0.9734375 and loss is 0.09833654165267944
At time: 26.73135805130005 accuracy is 0.965625 and loss is 0.12957156896591188
Evaluating...
Done Evaluating: Achieved accuracy of 0.7318313953488372
Not better for 6
Completing Train Step at 8th epoch...
At time: 27.592803955078125 accuracy is 0.8921875 and loss is 0.3049044609069824
At time: 27.807305812835693 accuracy is 0.9578125 and loss is 0.14877358675003052
At time: 28.023614645004272 accuracy is 0.953125 and loss is 0.1286799430847168
At time: 28.241365909576416 accuracy is 0.9609375 and loss is 0.10057919025421143
At time: 28.45759606361389 accuracy is 0.975 and loss is 0.24008285999298096
At time: 28.678281545639038 accuracy is 0.9640625 and loss is 0.09311442971229553
At time: 28.90327262878418 accuracy is 0.9671875 and loss is 0.1587319016456604
At time: 29.13550591468811 accuracy is 0.946875 and loss is 0.13724385499954223
At time: 29.371541500091553 accuracy is 0.9390625 and loss is 0.13713983297348023
At time: 29.607171058654785 accuracy is 0.978125 and loss is 0.11461775302886963
At time: 29.84680461883545 accuracy is 0.996875 and loss is 0.019575874507427215
At time: 30.09812593460083 accuracy is 0.971875 and loss is 0.2528534412384033
Evaluating...
Done Evaluating: Achieved accuracy of 0.7481831395348837
Not better for 7
Completing Train Step at 9th epoch...
At time: 30.9726459980011 accuracy is 0.8828125 and loss is 0.30060875415802
At time: 31.178637742996216 accuracy is 0.9453125 and loss is 0.1693151593208313
At time: 31.388842821121216 accuracy is 0.9484375 and loss is 0.13029109239578246
At time: 31.606213569641113 accuracy is 0.9640625 and loss is 0.11269795894622803
At time: 31.82363533973694 accuracy is 0.965625 and loss is 0.12233567237854004
At time: 32.0495183467865 accuracy is 0.9546875 and loss is 0.12110644578933716
At time: 32.273653984069824 accuracy is 0.9390625 and loss is 0.14925328493118287
At time: 32.50233268737793 accuracy is 0.971875 and loss is 0.09438567757606506
At time: 32.73556470870972 accuracy is 0.9703125 and loss is 0.09606432914733887
At time: 32.969526290893555 accuracy is 0.9625 and loss is 0.2486875057220459
At time: 33.214993953704834 accuracy is 0.9734375 and loss is 0.23945693969726561
At time: 33.468228816986084 accuracy is 0.9671875 and loss is 0.11349661350250244
Evaluating...
Done Evaluating: Achieved accuracy of 0.7318313953488372
Not better for 8
Completing Train Step at 10th epoch...
At time: 34.34557318687439 accuracy is 0.890625 and loss is 0.2833271503448486
At time: 34.551602602005005 accuracy is 0.94375 and loss is 0.22249624729156495
At time: 34.76722526550293 accuracy is 0.9640625 and loss is 0.12221616506576538
At time: 34.98318409919739 accuracy is 0.978125 and loss is 0.07272424101829529
At time: 35.20185303688049 accuracy is 0.984375 and loss is 0.06756031513214111
At time: 35.4248628616333 accuracy is 0.946875 and loss is 0.13910024166107177
At time: 35.65089440345764 accuracy is 0.959375 and loss is 0.13222647905349733
At time: 35.879239082336426 accuracy is 0.9765625 and loss is 0.16161375045776366
At time: 36.11406445503235 accuracy is 0.971875 and loss is 0.20219156742095948
At time: 36.350966930389404 accuracy is 0.98125 and loss is 0.058810961246490476
At time: 36.598867416381836 accuracy is 0.975 and loss is 0.28635919094085693
At time: 36.86551260948181 accuracy is 0.971875 and loss is 0.09861350059509277
Evaluating...
Done Evaluating: Achieved accuracy of 0.7252906976744186
Not better for 9
Completing Train Step at 11th epoch...
At time: 37.760555267333984 accuracy is 0.8875 and loss is 0.3997023582458496
At time: 37.96840167045593 accuracy is 0.940625 and loss is 0.14817088842391968
At time: 38.17857098579407 accuracy is 0.96875 and loss is 0.11659698486328125
At time: 38.39215564727783 accuracy is 0.9890625 and loss is 0.041880249977111816
At time: 38.60905861854553 accuracy is 0.9765625 and loss is 0.12573254108428955
At time: 38.83351016044617 accuracy is 0.9734375 and loss is 0.08873403072357178
At time: 39.06078624725342 accuracy is 0.9734375 and loss is 0.12372053861618042
At time: 39.28786015510559 accuracy is 0.971875 and loss is 0.1377400517463684
At time: 39.51810002326965 accuracy is 0.9640625 and loss is 0.0872603178024292
At time: 39.7523877620697 accuracy is 0.96875 and loss is 0.10058499574661255
At time: 39.99445366859436 accuracy is 0.9890625 and loss is 0.0977214515209198
At time: 40.249197006225586 accuracy is 0.978125 and loss is 0.1623956799507141
Evaluating...
Done Evaluating: Achieved accuracy of 0.7271075581395349
Not better for 10
Model not improving. Stopping earlyat 0.7609011627906976 epochs.
Done Training. Achieved Best Accuracy of 0.7609011627906976
keyvalattn
SETTINGS FOR THIS RUN
{'data': 'MPQA', 'num_layers': 2, 'dropout': 0.7299109617877093, 'batch_size': 32, 'attn_type': 'similarity', 'wordvec_source': 'glove', 'lr': 0.004879845611596792, 'wordvec_dim': 300, 'rnn_dropout': 0.10184032255377073, 'tune_wordvecs': True, 'tune_attn': True, 'l2': 0.04573311467862873}
Using CUDA!
here
similarity
Building RNN Classifier...

[93m    Warning: no model found for 'en'[0m

    Only loading the 'en' tokenizer.

Retrieving Data from file: /home-nfs/siddsach/ml/Interpreting-Attention/interpreting_language/data/mpqa/mpqa_subj_labels.pickle...
Loading Vectors From Memory...
Using these vectors: ['GloVe']
Getting GloVe Vectors with 300 dims
Building Vocab...
[<torchtext.vocab.Vectors object at 0x7f7306a68588>]
Getting Batches...
Created Iterator with 261 batches
Getting Batches...
Created Iterator with 87 batches
Building model...
similarity
Using Attention model with following args:
{'num_layers': 2, 'cuda': True, 'attention_dim': 350, 'dropout': 0.7299109617877093, 'hidden_size': 300, 'attn_type': 'similarity', 'num_classes': 2, 'vocab_size': 15284, 'tune_attn': True, 'batch_size': 32, 'rnn_dropout': 0.10184032255377073, 'vectors': 
 0.0000  0.0000  0.0000  ...   0.0000  0.0000  0.0000
 0.0000  0.0000  0.0000  ...   0.0000  0.0000  0.0000
 0.0000  0.0000  0.0000  ...   0.0000  0.0000  0.0000
          ...             ⋱             ...          
-0.4786 -0.1089 -0.0076  ...   0.7458  0.7174  0.6185
 0.0000  0.0000  0.0000  ...   0.0000  0.0000  0.0000
-0.0479  0.9828  0.9182  ...   0.0424  0.4554 -0.3210
[torch.FloatTensor of size 15284x300]
, 'input_size': 300, 'train_word_vecs': True}
Begin Training...
Completing Train Step at 0th epoch...
At time: 0.24110960960388184 accuracy is 0.51875 and loss is 2.6908100128173826
At time: 0.4574718475341797 accuracy is 0.5453125 and loss is 0.8379855155944824
At time: 0.6750798225402832 accuracy is 0.5234375 and loss is 0.8352725982666016
At time: 0.8954634666442871 accuracy is 0.5390625 and loss is 0.7319155216217041
At time: 1.1208300590515137 accuracy is 0.609375 and loss is 0.8061418533325195
At time: 1.350759744644165 accuracy is 0.6921875 and loss is 0.6742013454437256
At time: 1.5892407894134521 accuracy is 0.684375 and loss is 0.5935158252716064
At time: 1.8282196521759033 accuracy is 0.73125 and loss is 0.5596325397491455
At time: 2.0726866722106934 accuracy is 0.7375 and loss is 0.5736789703369141
At time: 2.321150541305542 accuracy is 0.74375 and loss is 0.5453566074371338
At time: 2.580979585647583 accuracy is 0.740625 and loss is 0.5559571743011474
At time: 2.8521814346313477 accuracy is 0.775 and loss is 0.4995608329772949
Evaluating...
Done Evaluating: Achieved accuracy of 0.7390988372093024
Achieved new best!
Completing Train Step at 1th epoch...
At time: 3.756964921951294 accuracy is 0.6390625 and loss is 0.6827392101287841
At time: 3.966292381286621 accuracy is 0.7 and loss is 0.577285623550415
At time: 4.176639080047607 accuracy is 0.7765625 and loss is 0.48117985725402834
At time: 4.394376039505005 accuracy is 0.76875 and loss is 0.5148893833160401
At time: 4.61228084564209 accuracy is 0.796875 and loss is 0.4474966049194336
At time: 4.831451654434204 accuracy is 0.834375 and loss is 0.36677703857421873
At time: 5.056258916854858 accuracy is 0.8703125 and loss is 0.29239583015441895
At time: 5.282516002655029 accuracy is 0.85 and loss is 0.3624042272567749
At time: 5.512552976608276 accuracy is 0.859375 and loss is 0.35036065578460696
At time: 5.750864267349243 accuracy is 0.8859375 and loss is 0.29933996200561525
At time: 5.994325160980225 accuracy is 0.8578125 and loss is 0.33853955268859864
At time: 6.245938539505005 accuracy is 0.846875 and loss is 0.3410550594329834
Evaluating...
Done Evaluating: Achieved accuracy of 0.7645348837209303
Achieved new best!
Completing Train Step at 2th epoch...
At time: 7.116377592086792 accuracy is 0.834375 and loss is 0.49897255897521975
At time: 7.325202941894531 accuracy is 0.859375 and loss is 0.34803807735443115
At time: 7.535994291305542 accuracy is 0.9125 and loss is 0.24022867679595947
At time: 7.749859571456909 accuracy is 0.8984375 and loss is 0.23894693851470947
At time: 7.964912414550781 accuracy is 0.8890625 and loss is 0.28860063552856446
At time: 8.186830282211304 accuracy is 0.915625 and loss is 0.21713073253631593
At time: 8.413634061813354 accuracy is 0.925 and loss is 0.18008204698562622
At time: 8.643665790557861 accuracy is 0.903125 and loss is 0.22949275970458985
At time: 8.875394582748413 accuracy is 0.909375 and loss is 0.25164735317230225
At time: 9.1108877658844 accuracy is 0.9265625 and loss is 0.19827072620391845
At time: 9.35535216331482 accuracy is 0.9359375 and loss is 0.16845120191574098
At time: 9.604459762573242 accuracy is 0.9234375 and loss is 0.18535075187683106
Evaluating...
Done Evaluating: Achieved accuracy of 0.7460029069767442
Not better for 1
Completing Train Step at 3th epoch...
At time: 10.476688861846924 accuracy is 0.8890625 and loss is 0.4018895626068115
At time: 10.686450242996216 accuracy is 0.925 and loss is 0.23096978664398193
At time: 10.898712873458862 accuracy is 0.928125 and loss is 0.1696586489677429
At time: 11.11680006980896 accuracy is 0.946875 and loss is 0.15861250162124635
At time: 11.335655927658081 accuracy is 0.9203125 and loss is 0.18761215209960938
At time: 11.555856227874756 accuracy is 0.946875 and loss is 0.1359043836593628
At time: 11.781410932540894 accuracy is 0.909375 and loss is 0.2997739315032959
At time: 12.010311603546143 accuracy is 0.9 and loss is 0.28634607791900635
At time: 12.242441654205322 accuracy is 0.9203125 and loss is 0.27151975631713865
At time: 12.478865385055542 accuracy is 0.9328125 and loss is 0.17002568244934083
At time: 12.724146842956543 accuracy is 0.959375 and loss is 0.11240944862365723
At time: 12.97554874420166 accuracy is 0.9453125 and loss is 0.20875113010406493
Evaluating...
Done Evaluating: Achieved accuracy of 0.7100290697674418
Not better for 2
Completing Train Step at 4th epoch...
At time: 13.844329833984375 accuracy is 0.875 and loss is 0.37021660804748535
At time: 14.052435636520386 accuracy is 0.94375 and loss is 0.14889039993286132
At time: 14.267343044281006 accuracy is 0.9515625 and loss is 0.22310681343078614
At time: 14.481115818023682 accuracy is 0.91875 and loss is 0.3281970977783203
At time: 14.69562315940857 accuracy is 0.940625 and loss is 0.20372698307037354
At time: 14.91541600227356 accuracy is 0.95 and loss is 0.16602394580841065
At time: 15.139416217803955 accuracy is 0.95 and loss is 0.15954375267028809
At time: 15.368595361709595 accuracy is 0.959375 and loss is 0.15920889377593994
At time: 15.60241436958313 accuracy is 0.94375 and loss is 0.20840106010437012
At time: 15.83724594116211 accuracy is 0.9546875 and loss is 0.1272340774536133
At time: 16.0778911113739 accuracy is 0.9703125 and loss is 0.12817991971969606
At time: 16.326135635375977 accuracy is 0.95625 and loss is 0.21091251373291015
Evaluating...
Done Evaluating: Achieved accuracy of 0.7340116279069767
Not better for 3
Completing Train Step at 5th epoch...
At time: 17.23158073425293 accuracy is 0.8796875 and loss is 0.32270920276641846
At time: 17.439353466033936 accuracy is 0.9703125 and loss is 0.15033138990402223
At time: 17.653169631958008 accuracy is 0.95625 and loss is 0.14421037435531617
At time: 17.867208242416382 accuracy is 0.965625 and loss is 0.14892985820770263
At time: 18.085732221603394 accuracy is 0.94375 and loss is 0.18325819969177246
At time: 18.308801889419556 accuracy is 0.9703125 and loss is 0.07726301550865174
At time: 18.534727334976196 accuracy is 0.9546875 and loss is 0.11537001132965088
At time: 18.762805461883545 accuracy is 0.9625 and loss is 0.1272653818130493
At time: 18.9970543384552 accuracy is 0.9390625 and loss is 0.19659687280654908
At time: 19.232056140899658 accuracy is 0.959375 and loss is 0.11634230613708496
At time: 19.47489356994629 accuracy is 0.9484375 and loss is 0.1330629348754883
At time: 19.724159479141235 accuracy is 0.940625 and loss is 0.17264829874038695
Evaluating...
Done Evaluating: Achieved accuracy of 0.6984011627906976
Not better for 4
Completing Train Step at 6th epoch...
At time: 20.58549165725708 accuracy is 0.85625 and loss is 0.406459379196167
At time: 20.79418182373047 accuracy is 0.9296875 and loss is 0.18310308456420898
At time: 21.004064321517944 accuracy is 0.940625 and loss is 0.15538301467895507
At time: 21.218553066253662 accuracy is 0.94375 and loss is 0.20712127685546874
At time: 21.436365604400635 accuracy is 0.9109375 and loss is 0.27670722007751464
At time: 21.658052921295166 accuracy is 0.9578125 and loss is 0.11507967710494996
At time: 21.884782075881958 accuracy is 0.95625 and loss is 0.2328418731689453
At time: 22.11784076690674 accuracy is 0.9265625 and loss is 0.20912227630615235
At time: 22.351226806640625 accuracy is 0.9421875 and loss is 0.16116617918014525
At time: 22.589463472366333 accuracy is 0.946875 and loss is 0.13091464042663575
At time: 22.833775758743286 accuracy is 0.959375 and loss is 0.09308669567108155
At time: 23.08236050605774 accuracy is 0.971875 and loss is 0.08749316334724426
Evaluating...
Done Evaluating: Achieved accuracy of 0.7252906976744186
Not better for 5
Completing Train Step at 7th epoch...
At time: 23.957422971725464 accuracy is 0.8921875 and loss is 0.27593355178833007
At time: 24.16515803337097 accuracy is 0.93125 and loss is 0.21145298480987548
At time: 24.375754833221436 accuracy is 0.959375 and loss is 0.1123394250869751
At time: 24.59075951576233 accuracy is 0.9359375 and loss is 0.2015284299850464
At time: 24.809617519378662 accuracy is 0.9078125 and loss is 0.32578990459442136
At time: 25.0322585105896 accuracy is 0.9234375 and loss is 0.21707162857055665
At time: 25.25766372680664 accuracy is 0.95 and loss is 0.17256234884262084
At time: 25.484530210494995 accuracy is 0.946875 and loss is 0.16335779428482056
At time: 25.71855354309082 accuracy is 0.9421875 and loss is 0.21851048469543458
At time: 25.952322244644165 accuracy is 0.9734375 and loss is 0.0800830602645874
At time: 26.19732975959778 accuracy is 0.9578125 and loss is 0.17156901359558105
At time: 26.447515964508057 accuracy is 0.96875 and loss is 0.10637377500534058
Evaluating...
Done Evaluating: Achieved accuracy of 0.7013081395348837
Not better for 6
Completing Train Step at 8th epoch...
At time: 27.358859539031982 accuracy is 0.896875 and loss is 0.24904496669769288
At time: 27.56771492958069 accuracy is 0.9453125 and loss is 0.14563288688659667
At time: 27.77979850769043 accuracy is 0.9671875 and loss is 0.1331626296043396
At time: 27.995726585388184 accuracy is 0.9359375 and loss is 0.19028089046478272
At time: 28.214366674423218 accuracy is 0.934375 and loss is 0.23045873641967773
At time: 28.436306476593018 accuracy is 0.9359375 and loss is 0.2590123891830444
At time: 28.66124677658081 accuracy is 0.9078125 and loss is 0.3432570457458496
At time: 28.89541721343994 accuracy is 0.9359375 and loss is 0.21651432514190674
At time: 29.14145588874817 accuracy is 0.9265625 and loss is 0.25307440757751465
At time: 29.39522123336792 accuracy is 0.959375 and loss is 0.12287745475769044
At time: 29.648821115493774 accuracy is 0.9484375 and loss is 0.1597571015357971
At time: 29.901962757110596 accuracy is 0.9734375 and loss is 0.08527733087539673
Evaluating...
Done Evaluating: Achieved accuracy of 0.7180232558139535
Not better for 7
Completing Train Step at 9th epoch...
At time: 30.77363657951355 accuracy is 0.9 and loss is 0.275152850151062
At time: 30.978736877441406 accuracy is 0.9453125 and loss is 0.13626255989074706
At time: 31.189759731292725 accuracy is 0.9671875 and loss is 0.11782600879669189
At time: 31.403603315353394 accuracy is 0.9453125 and loss is 0.18382060527801514
At time: 31.6202335357666 accuracy is 0.95 and loss is 0.18704910278320314
At time: 31.844766855239868 accuracy is 0.940625 and loss is 0.17281049489974976
At time: 32.06920385360718 accuracy is 0.9453125 and loss is 0.1557968020439148
At time: 32.29590940475464 accuracy is 0.946875 and loss is 0.12307274341583252
At time: 32.528555393218994 accuracy is 0.9453125 and loss is 0.2175150156021118
At time: 32.76508975028992 accuracy is 0.965625 and loss is 0.08460078835487365
At time: 33.010855197906494 accuracy is 0.9640625 and loss is 0.09612247347831726
At time: 33.261741161346436 accuracy is 0.975 and loss is 0.07952461242675782
Evaluating...
Done Evaluating: Achieved accuracy of 0.7078488372093024
Not better for 8
Completing Train Step at 10th epoch...
At time: 34.16435360908508 accuracy is 0.9078125 and loss is 0.26617255210876467
At time: 34.37118649482727 accuracy is 0.940625 and loss is 0.14044803380966187
At time: 34.58493638038635 accuracy is 0.9703125 and loss is 0.0934370994567871
At time: 34.80097937583923 accuracy is 0.9390625 and loss is 0.2654858589172363
At time: 35.018861293792725 accuracy is 0.946875 and loss is 0.20683228969573975
At time: 35.23948073387146 accuracy is 0.946875 and loss is 0.18135688304901124
At time: 35.46280074119568 accuracy is 0.9484375 and loss is 0.14404155015945436
At time: 35.69116449356079 accuracy is 0.9671875 and loss is 0.09107547998428345
At time: 35.92604875564575 accuracy is 0.9375 and loss is 0.18733785152435303
At time: 36.15806984901428 accuracy is 0.9453125 and loss is 0.16532449722290038
At time: 36.396995544433594 accuracy is 0.9375 and loss is 0.18467493057250978
At time: 36.642775535583496 accuracy is 0.953125 and loss is 0.1630411386489868
Evaluating...
Done Evaluating: Achieved accuracy of 0.7420058139534884
Not better for 9
Completing Train Step at 11th epoch...
At time: 37.505184173583984 accuracy is 0.909375 and loss is 0.2728511095046997
At time: 37.71902561187744 accuracy is 0.9515625 and loss is 0.11966483592987061
At time: 37.94086670875549 accuracy is 0.9640625 and loss is 0.11840894222259521
At time: 38.164578914642334 accuracy is 0.959375 and loss is 0.12377601861953735
At time: 38.38711977005005 accuracy is 0.9484375 and loss is 0.1870259404182434
At time: 38.63648962974548 accuracy is 0.934375 and loss is 0.19913491010665893
At time: 38.88171911239624 accuracy is 0.928125 and loss is 0.2557429552078247
At time: 39.12529969215393 accuracy is 0.9703125 and loss is 0.08288823366165161
At time: 39.36973786354065 accuracy is 0.9484375 and loss is 0.2083512783050537
At time: 39.618157148361206 accuracy is 0.971875 and loss is 0.11177105903625488
At time: 39.86616396903992 accuracy is 0.959375 and loss is 0.156442129611969
At time: 40.11661338806152 accuracy is 0.95625 and loss is 0.18681286573410033
Evaluating...
Done Evaluating: Achieved accuracy of 0.7220203488372093
Not better for 10
Model not improving. Stopping earlyat 0.7645348837209303 epochs.
Done Training. Achieved Best Accuracy of 0.7645348837209303
keyvalattn
SETTINGS FOR THIS RUN
{'data': 'MPQA', 'num_layers': 2, 'dropout': 0.8541208064155972, 'batch_size': 32, 'attn_type': 'similarity', 'wordvec_source': 'glove', 'lr': 0.0003679279230566041, 'wordvec_dim': 300, 'rnn_dropout': 0.2029983757706635, 'tune_wordvecs': True, 'tune_attn': True, 'l2': 0.10383742326364653}
Using CUDA!
here
similarity
Building RNN Classifier...

[93m    Warning: no model found for 'en'[0m

    Only loading the 'en' tokenizer.

Retrieving Data from file: /home-nfs/siddsach/ml/Interpreting-Attention/interpreting_language/data/mpqa/mpqa_subj_labels.pickle...
Loading Vectors From Memory...
Using these vectors: ['GloVe']
Getting GloVe Vectors with 300 dims
Building Vocab...
[<torchtext.vocab.Vectors object at 0x7f7308279c50>]
Getting Batches...
Created Iterator with 261 batches
Getting Batches...
Created Iterator with 87 batches
Building model...
similarity
Using Attention model with following args:
{'num_layers': 2, 'cuda': True, 'attention_dim': 350, 'dropout': 0.8541208064155972, 'hidden_size': 300, 'attn_type': 'similarity', 'num_classes': 2, 'vocab_size': 15284, 'tune_attn': True, 'batch_size': 32, 'rnn_dropout': 0.2029983757706635, 'vectors': 
 0.0000  0.0000  0.0000  ...   0.0000  0.0000  0.0000
 0.0000  0.0000  0.0000  ...   0.0000  0.0000  0.0000
 0.0000  0.0000  0.0000  ...   0.0000  0.0000  0.0000
          ...             ⋱             ...          
-0.4786 -0.1089 -0.0076  ...   0.7458  0.7174  0.6185
 0.0000  0.0000  0.0000  ...   0.0000  0.0000  0.0000
-0.0479  0.9828  0.9182  ...   0.0424  0.4554 -0.3210
[torch.FloatTensor of size 15284x300]
, 'input_size': 300, 'train_word_vecs': True}
Begin Training...
Completing Train Step at 0th epoch...
At time: 0.23354053497314453 accuracy is 0.525 and loss is 0.8135454177856445
At time: 0.4484407901763916 accuracy is 0.5109375 and loss is 0.7527882575988769
At time: 0.6668534278869629 accuracy is 0.628125 and loss is 0.6585954666137696
At time: 0.8915219306945801 accuracy is 0.690625 and loss is 0.6255733489990234
At time: 1.1193084716796875 accuracy is 0.7140625 and loss is 0.5827121734619141
At time: 1.3541345596313477 accuracy is 0.7328125 and loss is 0.5425401210784913
At time: 1.5913138389587402 accuracy is 0.7484375 and loss is 0.5386685371398926
At time: 1.8312883377075195 accuracy is 0.7953125 and loss is 0.475721549987793
At time: 2.0781471729278564 accuracy is 0.771875 and loss is 0.5101614475250245
At time: 2.327857732772827 accuracy is 0.7671875 and loss is 0.49539713859558104
At time: 2.588056802749634 accuracy is 0.778125 and loss is 0.4916548252105713
At time: 2.858247756958008 accuracy is 0.746875 and loss is 0.5351746559143067
Evaluating...
Done Evaluating: Achieved accuracy of 0.7452761627906976
Achieved new best!
Completing Train Step at 1th epoch...
At time: 3.763223648071289 accuracy is 0.625 and loss is 0.700696325302124
At time: 3.970978021621704 accuracy is 0.690625 and loss is 0.6191396236419677
At time: 4.181318759918213 accuracy is 0.7765625 and loss is 0.46842179298400877
At time: 4.396233320236206 accuracy is 0.79375 and loss is 0.4527133464813232
At time: 4.616134405136108 accuracy is 0.80625 and loss is 0.44275927543640137
At time: 4.836316347122192 accuracy is 0.8046875 and loss is 0.4176206588745117
At time: 5.062127113342285 accuracy is 0.815625 and loss is 0.39420084953308104
At time: 5.291140794754028 accuracy is 0.8234375 and loss is 0.3950627565383911
At time: 5.524054288864136 accuracy is 0.8234375 and loss is 0.3956126689910889
At time: 5.761758327484131 accuracy is 0.8328125 and loss is 0.38139803409576417
At time: 6.005094289779663 accuracy is 0.828125 and loss is 0.38423230648040774
At time: 6.259902000427246 accuracy is 0.7953125 and loss is 0.4406926155090332
Evaluating...
Done Evaluating: Achieved accuracy of 0.7943313953488372
Achieved new best!
Completing Train Step at 2th epoch...
At time: 7.140524864196777 accuracy is 0.778125 and loss is 0.570406436920166
At time: 7.347904443740845 accuracy is 0.8 and loss is 0.4754662990570068
At time: 7.559407711029053 accuracy is 0.853125 and loss is 0.36147892475128174
At time: 7.775062561035156 accuracy is 0.85625 and loss is 0.35892772674560547
At time: 7.9930830001831055 accuracy is 0.878125 and loss is 0.3020392656326294
At time: 8.214234113693237 accuracy is 0.8765625 and loss is 0.3084561824798584
At time: 8.442359447479248 accuracy is 0.8640625 and loss is 0.3065739631652832
At time: 8.672420501708984 accuracy is 0.9015625 and loss is 0.267352557182312
At time: 8.903320550918579 accuracy is 0.9 and loss is 0.26354255676269533
At time: 9.143005847930908 accuracy is 0.88125 and loss is 0.35334885120391846
At time: 9.387747764587402 accuracy is 0.89375 and loss is 0.26218533515930176
At time: 9.639234066009521 accuracy is 0.8828125 and loss is 0.2841203212738037
Evaluating...
Done Evaluating: Achieved accuracy of 0.7892441860465116
Not better for 1
Completing Train Step at 3th epoch...
At time: 10.517431497573853 accuracy is 0.8453125 and loss is 0.43311285972595215
At time: 10.726456642150879 accuracy is 0.8546875 and loss is 0.3443960905075073
At time: 10.940468311309814 accuracy is 0.8984375 and loss is 0.2733812093734741
At time: 11.156392097473145 accuracy is 0.90625 and loss is 0.2526794672012329
At time: 11.375678539276123 accuracy is 0.9109375 and loss is 0.21404478549957276
At time: 11.598302841186523 accuracy is 0.9265625 and loss is 0.19954447746276854
At time: 11.829787015914917 accuracy is 0.9140625 and loss is 0.22275135517120362
At time: 12.061108350753784 accuracy is 0.928125 and loss is 0.16849124431610107
At time: 12.303080320358276 accuracy is 0.909375 and loss is 0.23277344703674316
At time: 12.538884162902832 accuracy is 0.915625 and loss is 0.2645465850830078
At time: 12.781674146652222 accuracy is 0.946875 and loss is 0.14916930198669434
At time: 13.032062530517578 accuracy is 0.934375 and loss is 0.19170746803283692
Evaluating...
Done Evaluating: Achieved accuracy of 0.7430959302325582
Not better for 2
Completing Train Step at 4th epoch...
At time: 13.943213939666748 accuracy is 0.8921875 and loss is 0.34777710437774656
At time: 14.150694608688354 accuracy is 0.8984375 and loss is 0.2863980531692505
At time: 14.363436698913574 accuracy is 0.9296875 and loss is 0.22504901885986328
At time: 14.580541133880615 accuracy is 0.940625 and loss is 0.14682891368865966
At time: 14.799065113067627 accuracy is 0.946875 and loss is 0.14821391105651854
At time: 15.021714687347412 accuracy is 0.9453125 and loss is 0.1535400629043579
At time: 15.250741243362427 accuracy is 0.946875 and loss is 0.19938275814056397
At time: 15.482208728790283 accuracy is 0.9484375 and loss is 0.14160200357437133
At time: 15.730184555053711 accuracy is 0.915625 and loss is 0.21887943744659424
At time: 15.97677493095398 accuracy is 0.94375 and loss is 0.1352980375289917
At time: 16.261208295822144 accuracy is 0.9703125 and loss is 0.10511988401412964
At time: 16.51765751838684 accuracy is 0.9328125 and loss is 0.3607773303985596
Evaluating...
Done Evaluating: Achieved accuracy of 0.7678052325581395
Not better for 3
Completing Train Step at 5th epoch...
At time: 17.431978225708008 accuracy is 0.9125 and loss is 0.2822272777557373
At time: 17.642415761947632 accuracy is 0.9328125 and loss is 0.1588173747062683
At time: 17.86090874671936 accuracy is 0.95 and loss is 0.17292530536651612
At time: 18.078129291534424 accuracy is 0.9375 and loss is 0.19611918926239014
At time: 18.299911499023438 accuracy is 0.9625 and loss is 0.12716543674468994
At time: 18.5229594707489 accuracy is 0.94375 and loss is 0.13703879117965698
At time: 18.749200582504272 accuracy is 0.971875 and loss is 0.08460724353790283
At time: 18.97860598564148 accuracy is 0.9578125 and loss is 0.1888028621673584
At time: 19.21552085876465 accuracy is 0.9390625 and loss is 0.191186785697937
At time: 19.45608925819397 accuracy is 0.9734375 and loss is 0.06361210942268372
At time: 19.70460295677185 accuracy is 0.9671875 and loss is 0.15697766542434693
At time: 19.96324896812439 accuracy is 0.9609375 and loss is 0.16508123874664307
Evaluating...
Done Evaluating: Achieved accuracy of 0.7765261627906976
Not better for 4
Completing Train Step at 6th epoch...
At time: 20.84762191772461 accuracy is 0.9296875 and loss is 0.21031625270843507
At time: 21.061652183532715 accuracy is 0.971875 and loss is 0.11798995733261108
At time: 21.27388286590576 accuracy is 0.959375 and loss is 0.1289133310317993
At time: 21.49251413345337 accuracy is 0.95625 and loss is 0.1539172887802124
At time: 21.709060430526733 accuracy is 0.9609375 and loss is 0.16088420152664185
At time: 21.929083347320557 accuracy is 0.946875 and loss is 0.15149326324462892
At time: 22.152101516723633 accuracy is 0.9515625 and loss is 0.11632730960845947
At time: 22.378369569778442 accuracy is 0.95625 and loss is 0.22545373439788818
At time: 22.60995864868164 accuracy is 0.9640625 and loss is 0.12767106294631958
At time: 22.844738245010376 accuracy is 0.9765625 and loss is 0.04938571751117706
At time: 23.086127996444702 accuracy is 0.965625 and loss is 0.11516745090484619
At time: 23.334998846054077 accuracy is 0.9671875 and loss is 0.12604038715362548
Evaluating...
Done Evaluating: Achieved accuracy of 0.747093023255814
Not better for 5
Completing Train Step at 7th epoch...
At time: 24.201597213745117 accuracy is 0.925 and loss is 0.3136730432510376
At time: 24.411875247955322 accuracy is 0.9609375 and loss is 0.13307747840881348
At time: 24.62106990814209 accuracy is 0.9546875 and loss is 0.1400809407234192
At time: 24.8336238861084 accuracy is 0.95625 and loss is 0.14975790977478026
At time: 25.052926301956177 accuracy is 0.9671875 and loss is 0.09683495759963989
At time: 25.28696846961975 accuracy is 0.971875 and loss is 0.09572513103485107
At time: 25.52268123626709 accuracy is 0.971875 and loss is 0.10669269561767578
At time: 25.754908084869385 accuracy is 0.978125 and loss is 0.08093062639236451
At time: 25.98865580558777 accuracy is 0.978125 and loss is 0.07400242686271667
At time: 26.28967833518982 accuracy is 0.990625 and loss is 0.054028642177581784
At time: 26.53690528869629 accuracy is 0.9859375 and loss is 0.0324364423751831
At time: 26.78886342048645 accuracy is 0.96875 and loss is 0.10269029140472412
Evaluating...
Done Evaluating: Achieved accuracy of 0.7638081395348837
Not better for 6
Completing Train Step at 8th epoch...
At time: 27.666781187057495 accuracy is 0.95625 and loss is 0.18262267112731934
At time: 27.873355388641357 accuracy is 0.971875 and loss is 0.06471142768859864
At time: 28.08667778968811 accuracy is 0.9625 and loss is 0.11827571392059326
At time: 28.301393270492554 accuracy is 0.9875 and loss is 0.06396539807319641
At time: 28.52230668067932 accuracy is 0.978125 and loss is 0.08349310755729675
At time: 28.74371910095215 accuracy is 0.9796875 and loss is 0.08725881576538086
At time: 28.970123052597046 accuracy is 0.9828125 and loss is 0.06401649117469788
At time: 29.201114892959595 accuracy is 0.984375 and loss is 0.055379444360733034
At time: 29.436275720596313 accuracy is 0.9875 and loss is 0.09079154729843139
At time: 29.674516916275024 accuracy is 0.9828125 and loss is 0.06647733449935914
At time: 29.920668601989746 accuracy is 0.978125 and loss is 0.05005867481231689
At time: 30.172764778137207 accuracy is 0.99375 and loss is 0.03540910482406616
Evaluating...
Done Evaluating: Achieved accuracy of 0.7688953488372093
Not better for 7
Completing Train Step at 9th epoch...
At time: 31.05200743675232 accuracy is 0.9703125 and loss is 0.2514955043792725
At time: 31.261207580566406 accuracy is 0.9796875 and loss is 0.09820930361747741
At time: 31.476224422454834 accuracy is 0.96875 and loss is 0.1576119542121887
At time: 31.692638397216797 accuracy is 0.9703125 and loss is 0.13569213151931764
At time: 31.910394191741943 accuracy is 0.98125 and loss is 0.06436381340026856
At time: 32.13336443901062 accuracy is 0.9875 and loss is 0.03898446559906006
At time: 32.3606641292572 accuracy is 0.9875 and loss is 0.0539534866809845
At time: 32.593087911605835 accuracy is 0.9859375 and loss is 0.040804171562194826
At time: 32.824358224868774 accuracy is 0.990625 and loss is 0.06227285265922546
At time: 33.060553789138794 accuracy is 0.9796875 and loss is 0.06736023426055908
At time: 33.30738353729248 accuracy is 0.96875 and loss is 0.11928409337997437
At time: 33.563185691833496 accuracy is 0.953125 and loss is 0.17443586587905885
Evaluating...
Done Evaluating: Achieved accuracy of 0.7365552325581395
Not better for 8
Completing Train Step at 10th epoch...
At time: 34.445209980010986 accuracy is 0.9546875 and loss is 0.12209504842758179
At time: 34.65247297286987 accuracy is 0.9796875 and loss is 0.11101652383804321
At time: 34.86456370353699 accuracy is 0.96875 and loss is 0.09875895380973816
At time: 35.08213210105896 accuracy is 0.95625 and loss is 0.13103139400482178
At time: 35.297940254211426 accuracy is 0.978125 and loss is 0.04427743256092072
At time: 35.51903557777405 accuracy is 0.9828125 and loss is 0.0671740710735321
At time: 35.7443060874939 accuracy is 0.9875 and loss is 0.037014490365982054
At time: 35.97141766548157 accuracy is 0.9765625 and loss is 0.0689508080482483
At time: 36.20181751251221 accuracy is 0.9921875 and loss is 0.027953523397445678
At time: 36.438605070114136 accuracy is 0.9875 and loss is 0.09391344785690307
At time: 36.679749965667725 accuracy is 0.99375 and loss is 0.019132138788700105
At time: 36.929460287094116 accuracy is 0.9828125 and loss is 0.08738262057304383
Evaluating...
Done Evaluating: Achieved accuracy of 0.7616279069767442
Not better for 9
Completing Train Step at 11th epoch...
At time: 37.800150632858276 accuracy is 0.9796875 and loss is 0.0700505793094635
At time: 38.006009578704834 accuracy is 0.9890625 and loss is 0.04038776159286499
At time: 38.21673822402954 accuracy is 0.965625 and loss is 0.1991366982460022
At time: 38.42919158935547 accuracy is 0.984375 and loss is 0.16098225116729736
At time: 38.64522457122803 accuracy is 0.9875 and loss is 0.09378084540367126
At time: 38.86565709114075 accuracy is 0.98125 and loss is 0.08117974400520325
At time: 39.08811640739441 accuracy is 0.9796875 and loss is 0.10599961280822753
At time: 39.314942359924316 accuracy is 0.9859375 and loss is 0.05207655429840088
At time: 39.54653215408325 accuracy is 0.990625 and loss is 0.0467414140701294
At time: 39.78866457939148 accuracy is 0.98125 and loss is 0.06760048270225524
At time: 40.032453298568726 accuracy is 0.9859375 and loss is 0.05683693289756775
At time: 40.28643989562988 accuracy is 0.9765625 and loss is 0.14682542085647582
Evaluating...
Done Evaluating: Achieved accuracy of 0.7405523255813954
Not better for 10
Model not improving. Stopping earlyat 0.7943313953488372 epochs.
Done Training. Achieved Best Accuracy of 0.7943313953488372
Improved accuracyfrom 0.7910610465116279 to 0.7943313953488372
keyvalattn



RESULTS:
[{'best_accuracy': 0.7761627906976745, 'params': {'data': 'MPQA', 'num_layers': 2, 'dropout': 0.19116271323760825, 'batch_size': 32, 'attn_type': 'similarity', 'wordvec_source': 'glove', 'lr': 0.001645692939395335, 'wordvec_dim': 300, 'rnn_dropout': 0.6762203682036423, 'tune_wordvecs': True, 'tune_attn': True, 'l2': 0.5616616883654155}}, {'best_accuracy': 0.7910610465116279, 'params': {'data': 'MPQA', 'num_layers': 2, 'dropout': 0.8966230130989047, 'batch_size': 32, 'attn_type': 'similarity', 'wordvec_source': 'glove', 'lr': 0.00027809954649325497, 'wordvec_dim': 300, 'rnn_dropout': 0.3266411388654853, 'tune_wordvecs': True, 'tune_attn': True, 'l2': 0.20523360724456163}}, {'best_accuracy': 0.7609011627906976, 'params': {'data': 'MPQA', 'num_layers': 2, 'dropout': 0.2443807624643628, 'batch_size': 32, 'attn_type': 'similarity', 'wordvec_source': 'glove', 'lr': 0.00388672913622619, 'wordvec_dim': 300, 'rnn_dropout': 0.1797744033738412, 'tune_wordvecs': True, 'tune_attn': True, 'l2': 0.1741103975891305}}, {'best_accuracy': 0.7645348837209303, 'params': {'data': 'MPQA', 'num_layers': 2, 'dropout': 0.7299109617877093, 'batch_size': 32, 'attn_type': 'similarity', 'wordvec_source': 'glove', 'lr': 0.004879845611596792, 'wordvec_dim': 300, 'rnn_dropout': 0.10184032255377073, 'tune_wordvecs': True, 'tune_attn': True, 'l2': 0.04573311467862873}}, {'best_accuracy': 0.7943313953488372, 'params': {'data': 'MPQA', 'num_layers': 2, 'dropout': 0.8541208064155972, 'batch_size': 32, 'attn_type': 'similarity', 'wordvec_source': 'glove', 'lr': 0.0003679279230566041, 'wordvec_dim': 300, 'rnn_dropout': 0.2029983757706635, 'tune_wordvecs': True, 'tune_attn': True, 'l2': 0.10383742326364653}}]
