ROOT_PATH: /home-nfs/siddsach/ml/Interpreting-Attention/interpreting_language
Building Bayesian Optimizer for 
 data:IMDB 
 choices:[{'type': 'continuous', 'domain': [5e-05, 0.005], 'name': 'lr'}, {'type': 'continuous', 'domain': [0, 1], 'name': 'rnn_dropout'}, {'type': 'continuous', 'domain': [0, 1], 'name': 'dropout'}, {'type': 'continuous', 'domain': [0, 1], 'name': 'l2'}]
SETTINGS FOR THIS RUN
{'batch_size': 32, 'data': 'IMDB', 'dropout': 0.7136568137208595, 'tune_wordvecs': False, 'lr': 0.004140796284658636, 'l2': 0.7898396028648552, 'wordvec_dim': 300, 'tune_attn': False, 'attn_type': 'similarity', 'num_layers': 3, 'wordvec_source': 'gigavec', 'rnn_dropout': 0.9797859045006901}
Using CUDA!
here
similarity
Building RNN Classifier...

[93m    Warning: no model found for 'en'[0m

    Only loading the 'en' tokenizer.

Retrieving Data from file: /home-nfs/siddsach/ml/Interpreting-Attention/interpreting_language/data/imdb/aclImdb/train...
Got 25000 examples in 62.479971408843994 seconds
Retrieving Data from file: /home-nfs/siddsach/ml/Interpreting-Attention/interpreting_language/data/imdb/aclImdb/test...
Got 25000 examples in 62.1171772480011 seconds
Loading Vectors From Memory...
Using these vectors: ['gigavec']
Building Vocab...
[<torchtext.vocab.Vectors object at 0x7fdf4b3f8fd0>]
Getting Batches...
Created Iterator with 782 batches
Getting Batches...
Created Iterator with 782 batches
Building model...
similarity
Using Attention model with following args:
{'batch_size': 32, 'attention_dim': 350, 'num_classes': 2, 'tune_attn': False, 'dropout': 0.7136568137208595, 'cuda': True, 'train_word_vecs': False, 'attn_type': 'similarity', 'num_layers': 3, 'input_size': 300, 'hidden_size': 300, 'vectors': 
 0.0000  0.0000  0.0000  ...   0.0000  0.0000  0.0000
 0.0000  0.0000  0.0000  ...   0.0000  0.0000  0.0000
 0.0000  0.0000  0.0000  ...   0.0000  0.0000  0.0000
          ...             ⋱             ...          
 0.0000  0.0000  0.0000  ...   0.0000  0.0000  0.0000
 0.0000  0.0000  0.0000  ...   0.0000  0.0000  0.0000
 0.0000  0.0000  0.0000  ...   0.0000  0.0000  0.0000
[torch.FloatTensor of size 101925x300]
, 'vocab_size': 101925, 'rnn_dropout': 0.9797859045006901}
Not Tuning Word Vectors!
Begin Training...
Completing Train Step at 0th epoch...
Traceback (most recent call last):
  File "tune_models.py", line 186, in <module>
    batch_size = args.batch_size, seq_len = args.seq_len)
  File "tune_models.py", line 67, in __init__
    exact_feval = True
  File "/home-nfs/siddsach/anaconda3/lib/python3.5/site-packages/GPyOpt/methods/bayesian_optimization.py", line 117, in __init__
    self._init_design_chooser()
  File "/home-nfs/siddsach/anaconda3/lib/python3.5/site-packages/GPyOpt/methods/bayesian_optimization.py", line 192, in _init_design_chooser
    self.Y, _ = self.objective.evaluate(self.X)
  File "/home-nfs/siddsach/anaconda3/lib/python3.5/site-packages/GPyOpt/core/task/objective.py", line 50, in evaluate
    f_evals, cost_evals = self._eval_func(x)
  File "/home-nfs/siddsach/anaconda3/lib/python3.5/site-packages/GPyOpt/core/task/objective.py", line 74, in _eval_func
    rlt = self.func(np.atleast_2d(x[i]))
  File "tune_models.py", line 120, in getError
    trainer.train(optimizer)
  File "/home-nfs/siddsach/ml/Interpreting-Attention/interpreting_language/classifier/attention_rnn/trainer.py", line 614, in train
    optimizer = self.train_step(optimizer, start_time)
  File "/home-nfs/siddsach/ml/Interpreting-Attention/interpreting_language/classifier/attention_rnn/trainer.py", line 490, in train_step
    output, h, A = self.model(data, lengths = lengths)
  File "/home-nfs/siddsach/anaconda3/lib/python3.5/site-packages/torch/nn/modules/module.py", line 325, in __call__
    result = self.forward(*input, **kwargs)
  File "/home-nfs/siddsach/ml/Interpreting-Attention/interpreting_language/classifier/attention_rnn/model.py", line 217, in forward
    weighted_seq = torch.bmm(out, attn_params)
RuntimeError: Expected object of type Variable[torch.cuda.FloatTensor] but found type Variable[torch.FloatTensor] for argument #1 'mat2'
