ROOT_PATH: /home-nfs/siddsach/ml/Interpreting-Attention/interpreting_language
Building Bayesian Optimizer for 
 data:MPQA 
 choices:[{'domain': [5e-05, 0.005], 'name': 'lr', 'type': 'continuous'}, {'domain': [0, 1], 'name': 'rnn_dropout', 'type': 'continuous'}, {'domain': [0, 1], 'name': 'dropout', 'type': 'continuous'}, {'domain': [0, 1], 'name': 'l2', 'type': 'continuous'}]
SETTINGS FOR THIS RUN
{'batch_size': 32, 'lr': 0.0020035309421027863, 'wordvec_dim': 300, 'attn_type': 'similarity', 'wordvec_source': 'gigavec', 'dropout': 0.5081495664570659, 'l2': 0.9131257523045885, 'rnn_dropout': 0.8284227929054157, 'tune_attn': True, 'tune_wordvecs': True, 'num_layers': 1, 'data': 'MPQA'}
Using CUDA!
here
similarity
Building RNN Classifier...

[93m    Warning: no model found for 'en'[0m

    Only loading the 'en' tokenizer.

Retrieving Data from file: /home-nfs/siddsach/ml/Interpreting-Attention/interpreting_language/data/mpqa/mpqa_subj_labels.pickle...
Loading Vectors From Memory...
Using these vectors: ['gigavec']
Building Vocab...
[<torchtext.vocab.Vectors object at 0x7fd73d447940>]
Getting Batches...
Created Iterator with 261 batches
Getting Batches...
Created Iterator with 87 batches
Building model...
similarity
Using Attention model with following args:
{'batch_size': 32, 'attention_dim': 350, 'train_word_vecs': True, 'num_classes': 2, 'attn_type': 'similarity', 'vectors': 
 0.0000  0.0000  0.0000  ...   0.0000  0.0000  0.0000
 0.0000  0.0000  0.0000  ...   0.0000  0.0000  0.0000
 0.0000  0.0000  0.0000  ...   0.0000  0.0000  0.0000
          ...             ⋱             ...          
 0.0000  0.0000  0.0000  ...   0.0000  0.0000  0.0000
 0.0000  0.0000  0.0000  ...   0.0000  0.0000  0.0000
 0.0000  0.0000  0.0000  ...   0.0000  0.0000  0.0000
[torch.FloatTensor of size 15284x300]
, 'vocab_size': 15284, 'rnn_dropout': 0.8284227929054157, 'tune_attn': True, 'dropout': 0.5081495664570659, 'input_size': 300, 'num_layers': 1, 'cuda': True, 'hidden_size': 300}
Begin Training...
Completing Train Step at 0th epoch...
At time: 1.1562073230743408 accuracy is 0.553125 and loss is 1.333631706237793
At time: 1.3429591655731201 accuracy is 0.5671875 and loss is 0.7773966789245605
At time: 1.525789737701416 accuracy is 0.5953125 and loss is 0.6882076263427734
At time: 1.7069485187530518 accuracy is 0.6578125 and loss is 0.6997484683990478
At time: 1.8898980617523193 accuracy is 0.715625 and loss is 0.6075841426849365
At time: 2.076050281524658 accuracy is 0.70625 and loss is 0.5888644695281983
At time: 2.264496088027954 accuracy is 0.6765625 and loss is 0.6230152130126954
At time: 2.452812433242798 accuracy is 0.7375 and loss is 0.5623340606689453
At time: 2.6441190242767334 accuracy is 0.7203125 and loss is 0.5318010330200196
At time: 2.8354811668395996 accuracy is 0.7953125 and loss is 0.4856552600860596
At time: 3.0309720039367676 accuracy is 0.7765625 and loss is 0.48182311058044436
At time: 3.230556011199951 accuracy is 0.721875 and loss is 0.5266289234161377
Evaluating...
Done Evaluating: Achieved accuracy of 0.7885174418604651
Achieved new best!
Completing Train Step at 1th epoch...
At time: 3.988999605178833 accuracy is 0.7109375 and loss is 0.6193273544311524
At time: 4.16605281829834 accuracy is 0.7859375 and loss is 0.4866589069366455
At time: 4.345462799072266 accuracy is 0.8453125 and loss is 0.40526542663574217
At time: 4.525871515274048 accuracy is 0.8453125 and loss is 0.35248188972473143
At time: 4.708321571350098 accuracy is 0.8796875 and loss is 0.2945590019226074
At time: 4.892540216445923 accuracy is 0.884375 and loss is 0.28483023643493655
At time: 5.082989454269409 accuracy is 0.853125 and loss is 0.36189148426055906
At time: 5.273193597793579 accuracy is 0.9015625 and loss is 0.30763936042785645
At time: 5.463154554367065 accuracy is 0.8625 and loss is 0.34995546340942385
At time: 5.652986764907837 accuracy is 0.915625 and loss is 0.2181938648223877
At time: 5.8474955558776855 accuracy is 0.8828125 and loss is 0.3286420822143555
At time: 6.04589581489563 accuracy is 0.8625 and loss is 0.3604409217834473
Evaluating...
Done Evaluating: Achieved accuracy of 0.7579941860465116
Not better for 1
Completing Train Step at 2th epoch...
At time: 6.788790702819824 accuracy is 0.840625 and loss is 0.4071202754974365
At time: 6.96554160118103 accuracy is 0.88125 and loss is 0.3263965606689453
At time: 7.144890546798706 accuracy is 0.921875 and loss is 0.21975033283233641
At time: 7.325752258300781 accuracy is 0.959375 and loss is 0.1315476655960083
At time: 7.5069334506988525 accuracy is 0.9625 and loss is 0.12266774177551269
At time: 7.691880226135254 accuracy is 0.9671875 and loss is 0.11036193370819092
At time: 7.879408836364746 accuracy is 0.934375 and loss is 0.2650768280029297
At time: 8.06934380531311 accuracy is 0.93125 and loss is 0.3063509941101074
At time: 8.259763240814209 accuracy is 0.8953125 and loss is 0.29782154560089114
At time: 8.45090913772583 accuracy is 0.9546875 and loss is 0.17061810493469237
At time: 8.645609855651855 accuracy is 0.9171875 and loss is 0.19012057781219482
At time: 8.843169927597046 accuracy is 0.94375 and loss is 0.16716129779815675
Evaluating...
Done Evaluating: Achieved accuracy of 0.7093023255813954
Not better for 2
Completing Train Step at 3th epoch...
At time: 9.587704181671143 accuracy is 0.8859375 and loss is 0.3045863389968872
At time: 9.765258073806763 accuracy is 0.9046875 and loss is 0.3066748857498169
At time: 9.945847988128662 accuracy is 0.95 and loss is 0.1726618766784668
At time: 10.126878499984741 accuracy is 0.9765625 and loss is 0.1991572618484497
At time: 10.309135913848877 accuracy is 0.9765625 and loss is 0.09504850506782532
At time: 10.49356746673584 accuracy is 0.9375 and loss is 0.4215721130371094
At time: 10.679500102996826 accuracy is 0.9453125 and loss is 0.2182636260986328
At time: 10.870267391204834 accuracy is 0.9609375 and loss is 0.3236982345581055
At time: 11.061515092849731 accuracy is 0.9359375 and loss is 0.18230637311935424
At time: 11.253169059753418 accuracy is 0.975 and loss is 0.08935433626174927
At time: 11.448126316070557 accuracy is 0.915625 and loss is 0.4188857555389404
At time: 11.646953821182251 accuracy is 0.925 and loss is 0.2731399774551392
Evaluating...
Done Evaluating: Achieved accuracy of 0.7354651162790697
Not better for 3
Completing Train Step at 4th epoch...
At time: 12.38970685005188 accuracy is 0.915625 and loss is 0.31674282550811766
At time: 12.567371845245361 accuracy is 0.921875 and loss is 0.23315045833587647
At time: 12.747310638427734 accuracy is 0.9765625 and loss is 0.07008830904960632
At time: 12.927636861801147 accuracy is 0.98125 and loss is 0.1594705104827881
At time: 13.109782695770264 accuracy is 0.971875 and loss is 0.12688915729522704
At time: 13.29396104812622 accuracy is 0.9265625 and loss is 0.2537546634674072
At time: 13.480919599533081 accuracy is 0.9546875 and loss is 0.11927318572998047
At time: 13.67076063156128 accuracy is 0.9609375 and loss is 0.16353439092636107
At time: 13.864028453826904 accuracy is 0.975 and loss is 0.07245550751686096
At time: 14.056620121002197 accuracy is 0.9671875 and loss is 0.7090014457702637
At time: 14.255929231643677 accuracy is 0.9296875 and loss is 1.2711297988891601
At time: 14.45888638496399 accuracy is 0.8296875 and loss is 1.8463052749633788
Evaluating...
Done Evaluating: Achieved accuracy of 0.7438226744186046
Not better for 4
Completing Train Step at 5th epoch...
At time: 15.219707012176514 accuracy is 0.9015625 and loss is 0.27274169921875
At time: 15.397087097167969 accuracy is 0.95 and loss is 0.13658891916275023
At time: 15.57656455039978 accuracy is 0.9671875 and loss is 0.06842802166938781
At time: 15.7568838596344 accuracy is 0.95625 and loss is 0.15558962821960448
At time: 15.943252563476562 accuracy is 0.9640625 and loss is 0.5599040508270263
At time: 16.12862801551819 accuracy is 0.9765625 and loss is 0.1254527449607849
At time: 16.31516718864441 accuracy is 0.9875 and loss is 0.03760738372802734
At time: 16.50395393371582 accuracy is 0.95625 and loss is 0.5466974258422852
At time: 16.697673082351685 accuracy is 0.9671875 and loss is 0.2613983154296875
At time: 16.889084815979004 accuracy is 0.9625 and loss is 0.11140851974487305
At time: 17.08483600616455 accuracy is 0.9421875 and loss is 0.6379362106323242
At time: 17.284781217575073 accuracy is 0.9625 and loss is 0.09881414175033569
Evaluating...
Done Evaluating: Achieved accuracy of 0.7278343023255814
Not better for 5
Completing Train Step at 6th epoch...
At time: 18.02586555480957 accuracy is 0.903125 and loss is 0.7566126346588135
At time: 18.20331835746765 accuracy is 0.95625 and loss is 0.1168367862701416
At time: 18.384459733963013 accuracy is 0.9609375 and loss is 0.1347066044807434
At time: 18.563955783843994 accuracy is 0.9625 and loss is 0.11450955867767335
At time: 18.746686697006226 accuracy is 0.96875 and loss is 0.11814746856689454
At time: 18.9306218624115 accuracy is 0.978125 and loss is 0.08701139092445373
At time: 19.118645191192627 accuracy is 0.978125 and loss is 0.13953025341033937
At time: 19.30776286125183 accuracy is 0.9484375 and loss is 0.5616377830505371
At time: 19.498359441757202 accuracy is 0.965625 and loss is 0.5298332691192627
At time: 19.69022011756897 accuracy is 0.946875 and loss is 1.069230079650879
At time: 19.885269165039062 accuracy is 0.9375 and loss is 0.8936326980590821
At time: 20.084381103515625 accuracy is 0.95625 and loss is 0.5998181343078614
Evaluating...
Done Evaluating: Achieved accuracy of 0.7223837209302325
Not better for 6
Completing Train Step at 7th epoch...
At time: 20.82165551185608 accuracy is 0.928125 and loss is 0.2382991075515747
At time: 20.999635219573975 accuracy is 0.96875 and loss is 0.13940050601959228
At time: 21.183213472366333 accuracy is 0.815625 and loss is 1.8577402114868165
At time: 21.369733572006226 accuracy is 0.821875 and loss is 1.0895657539367676
At time: 21.557605028152466 accuracy is 0.9796875 and loss is 0.20195455551147462
At time: 21.744723558425903 accuracy is 0.9859375 and loss is 0.10837699174880981
At time: 21.937126398086548 accuracy is 0.965625 and loss is 0.41981043815612795
At time: 22.124590635299683 accuracy is 0.946875 and loss is 0.6849352836608886
At time: 22.317217350006104 accuracy is 0.971875 and loss is 0.2713258504867554
At time: 22.509266138076782 accuracy is 0.975 and loss is 0.2579901456832886
At time: 22.701120615005493 accuracy is 0.9546875 and loss is 0.5673636436462403
At time: 22.89586043357849 accuracy is 0.9734375 and loss is 0.2998274564743042
Evaluating...
Done Evaluating: Achieved accuracy of 0.7296511627906976
Not better for 7
Completing Train Step at 8th epoch...
At time: 23.605649709701538 accuracy is 0.934375 and loss is 0.2978519439697266
At time: 23.77971911430359 accuracy is 0.965625 and loss is 0.11355948448181152
At time: 23.956437826156616 accuracy is 0.9859375 and loss is 0.08337666392326355
At time: 24.135531663894653 accuracy is 0.9578125 and loss is 0.13044068813323975
At time: 24.315361261367798 accuracy is 0.978125 and loss is 0.06930536627769471
At time: 24.49632430076599 accuracy is 0.9703125 and loss is 0.09820086359977723
At time: 24.68167281150818 accuracy is 0.98125 and loss is 0.050709640979766844
At time: 24.86543607711792 accuracy is 0.975 and loss is 0.226897931098938
At time: 25.052093267440796 accuracy is 0.975 and loss is 0.13979642391204833
At time: 25.24151921272278 accuracy is 0.9890625 and loss is 0.034525814652442935
At time: 25.43447518348694 accuracy is 0.95 and loss is 0.10393946170806885
At time: 25.629321813583374 accuracy is 0.98125 and loss is 0.08678988218307496
Evaluating...
Done Evaluating: Achieved accuracy of 0.7169331395348837
Not better for 8
Completing Train Step at 9th epoch...
At time: 26.353204250335693 accuracy is 0.9359375 and loss is 0.24903590679168702
At time: 26.528512239456177 accuracy is 0.96875 and loss is 0.09986770749092103
At time: 26.705968141555786 accuracy is 0.9625 and loss is 0.1483906626701355
At time: 26.885612964630127 accuracy is 0.971875 and loss is 0.09563459753990174
At time: 27.064968585968018 accuracy is 0.9796875 and loss is 0.35945835113525393
At time: 27.24579095840454 accuracy is 0.9796875 and loss is 0.3304519414901733
At time: 27.42846918106079 accuracy is 0.9890625 and loss is 0.2662686824798584
At time: 27.612126350402832 accuracy is 0.9578125 and loss is 0.7478390216827393
At time: 27.802647352218628 accuracy is 0.975 and loss is 0.20608956813812257
At time: 27.993011951446533 accuracy is 0.990625 and loss is 0.06446765065193176
At time: 28.191691875457764 accuracy is 0.98125 and loss is 0.07457041144371032
At time: 28.395797729492188 accuracy is 0.95 and loss is 0.11978770494461059
Evaluating...
Done Evaluating: Achieved accuracy of 0.7300145348837209
Not better for 9
Completing Train Step at 10th epoch...
At time: 29.134778022766113 accuracy is 0.953125 and loss is 0.24743049144744872
At time: 29.31044316291809 accuracy is 0.978125 and loss is 0.10962287187576295
At time: 29.488983392715454 accuracy is 0.98125 and loss is 0.163632333278656
At time: 29.66981792449951 accuracy is 0.975 and loss is 0.08939937353134156
At time: 29.85381317138672 accuracy is 0.975 and loss is 0.19200677871704103
At time: 30.04110360145569 accuracy is 0.984375 and loss is 0.10314204692840576
At time: 30.228155612945557 accuracy is 0.9828125 and loss is 0.05412293672561645
At time: 30.415154457092285 accuracy is 0.978125 and loss is 0.08912321329116821
At time: 30.60494565963745 accuracy is 0.98125 and loss is 0.1042632818222046
At time: 30.79619860649109 accuracy is 0.9828125 and loss is 0.72666015625
At time: 30.991020441055298 accuracy is 0.9671875 and loss is 0.5413413524627686
At time: 31.19009780883789 accuracy is 0.8671875 and loss is 2.202878952026367
Evaluating...
Done Evaluating: Achieved accuracy of 0.7394622093023255
Not better for 10
Model not improving. Stopping earlyat 0.7885174418604651 epochs.
Done Training. Achieved Best Accuracy of 0.7885174418604651
Improved accuracyfrom -10000000 to 0.7885174418604651
keyvalattn
SETTINGS FOR THIS RUN
{'batch_size': 32, 'lr': 0.000885527979597932, 'wordvec_dim': 300, 'attn_type': 'similarity', 'wordvec_source': 'gigavec', 'dropout': 0.5582015849678641, 'l2': 0.5925155592973148, 'rnn_dropout': 0.12432375341285096, 'tune_attn': True, 'tune_wordvecs': True, 'num_layers': 1, 'data': 'MPQA'}
Using CUDA!
here
similarity
Building RNN Classifier...

[93m    Warning: no model found for 'en'[0m

    Only loading the 'en' tokenizer.

Retrieving Data from file: /home-nfs/siddsach/ml/Interpreting-Attention/interpreting_language/data/mpqa/mpqa_subj_labels.pickle...
Loading Vectors From Memory...
Using these vectors: ['gigavec']
Building Vocab...
[<torchtext.vocab.Vectors object at 0x7fd739ccab38>]
Getting Batches...
Created Iterator with 261 batches
Getting Batches...
Created Iterator with 87 batches
Building model...
similarity
Using Attention model with following args:
{'batch_size': 32, 'attention_dim': 350, 'train_word_vecs': True, 'num_classes': 2, 'attn_type': 'similarity', 'vectors': 
 0.0000  0.0000  0.0000  ...   0.0000  0.0000  0.0000
 0.0000  0.0000  0.0000  ...   0.0000  0.0000  0.0000
 0.0000  0.0000  0.0000  ...   0.0000  0.0000  0.0000
          ...             ⋱             ...          
 0.0000  0.0000  0.0000  ...   0.0000  0.0000  0.0000
 0.0000  0.0000  0.0000  ...   0.0000  0.0000  0.0000
 0.0000  0.0000  0.0000  ...   0.0000  0.0000  0.0000
[torch.FloatTensor of size 15284x300]
, 'vocab_size': 15284, 'rnn_dropout': 0.12432375341285096, 'tune_attn': True, 'dropout': 0.5582015849678641, 'input_size': 300, 'num_layers': 1, 'cuda': True, 'hidden_size': 300}
Begin Training...
Completing Train Step at 0th epoch...
At time: 0.20818185806274414 accuracy is 0.53125 and loss is 0.939364242553711
At time: 0.3899879455566406 accuracy is 0.5703125 and loss is 0.7499391078948975
At time: 0.5713968276977539 accuracy is 0.625 and loss is 0.6850428581237793
At time: 0.7517685890197754 accuracy is 0.6734375 and loss is 0.63880615234375
At time: 0.9343514442443848 accuracy is 0.7203125 and loss is 0.5893607139587402
At time: 1.120734453201294 accuracy is 0.7375 and loss is 0.552921199798584
At time: 1.3095746040344238 accuracy is 0.75 and loss is 0.5592715263366699
At time: 1.4970812797546387 accuracy is 0.7859375 and loss is 0.5004014492034912
At time: 1.6873788833618164 accuracy is 0.7609375 and loss is 0.5218518733978271
At time: 1.8784258365631104 accuracy is 0.7328125 and loss is 0.5345055103302002
At time: 2.0735957622528076 accuracy is 0.80625 and loss is 0.44896321296691893
At time: 2.272670269012451 accuracy is 0.775 and loss is 0.47031316757202146
Evaluating...
Done Evaluating: Achieved accuracy of 0.7023982558139535
Achieved new best!
Completing Train Step at 1th epoch...
At time: 3.0230495929718018 accuracy is 0.7109375 and loss is 0.6210663318634033
At time: 3.1996870040893555 accuracy is 0.771875 and loss is 0.48696131706237794
At time: 3.380089282989502 accuracy is 0.8109375 and loss is 0.4006656646728516
At time: 3.561915397644043 accuracy is 0.7828125 and loss is 0.4403090000152588
At time: 3.7446889877319336 accuracy is 0.853125 and loss is 0.32705366611480713
At time: 3.9308485984802246 accuracy is 0.853125 and loss is 0.3439148426055908
At time: 4.114551782608032 accuracy is 0.8421875 and loss is 0.3641010522842407
At time: 4.3059914112091064 accuracy is 0.853125 and loss is 0.3369315147399902
At time: 4.495224714279175 accuracy is 0.8828125 and loss is 0.28300378322601316
At time: 4.685373544692993 accuracy is 0.865625 and loss is 0.3357982635498047
At time: 4.879694223403931 accuracy is 0.8875 and loss is 0.270437216758728
At time: 5.077937126159668 accuracy is 0.89375 and loss is 0.2660548686981201
Evaluating...
Done Evaluating: Achieved accuracy of 0.7754360465116279
Achieved new best!
Completing Train Step at 2th epoch...
At time: 5.820802688598633 accuracy is 0.8203125 and loss is 0.4460787296295166
At time: 5.997146844863892 accuracy is 0.8578125 and loss is 0.3985747337341309
At time: 6.176523208618164 accuracy is 0.8328125 and loss is 0.3606388807296753
At time: 6.356108903884888 accuracy is 0.86875 and loss is 0.3109686613082886
At time: 6.539677619934082 accuracy is 0.9328125 and loss is 0.17920255661010742
At time: 6.724533796310425 accuracy is 0.946875 and loss is 0.15613963603973388
At time: 6.912137508392334 accuracy is 0.896875 and loss is 0.3010131597518921
At time: 7.100574254989624 accuracy is 0.921875 and loss is 0.2523058891296387
At time: 7.290106296539307 accuracy is 0.9484375 and loss is 0.12264779806137086
At time: 7.481202602386475 accuracy is 0.909375 and loss is 0.3959373474121094
At time: 7.676034450531006 accuracy is 0.9390625 and loss is 0.1694846272468567
At time: 7.873656749725342 accuracy is 0.925 and loss is 0.1710171103477478
Evaluating...
Done Evaluating: Achieved accuracy of 0.7056686046511628
Not better for 1
Completing Train Step at 3th epoch...
At time: 8.61042833328247 accuracy is 0.89375 and loss is 0.29836914539337156
At time: 8.788135528564453 accuracy is 0.896875 and loss is 0.27711665630340576
At time: 8.967129707336426 accuracy is 0.9015625 and loss is 0.2453125
At time: 9.148250579833984 accuracy is 0.8921875 and loss is 0.2916630506515503
At time: 9.330461025238037 accuracy is 0.9359375 and loss is 0.16809353828430176
At time: 9.514162302017212 accuracy is 0.953125 and loss is 0.1641509175300598
At time: 9.702934503555298 accuracy is 0.9390625 and loss is 0.18620719909667968
At time: 9.892988920211792 accuracy is 0.9359375 and loss is 0.2061595916748047
At time: 10.083110094070435 accuracy is 0.9234375 and loss is 0.27675344944000246
At time: 10.274131536483765 accuracy is 0.9234375 and loss is 0.23030343055725097
At time: 10.467724800109863 accuracy is 0.9484375 and loss is 0.131536602973938
At time: 10.667380809783936 accuracy is 0.959375 and loss is 0.11409932374954224
Evaluating...
Done Evaluating: Achieved accuracy of 0.7191133720930233
Not better for 2
Completing Train Step at 4th epoch...
At time: 11.401582717895508 accuracy is 0.925 and loss is 0.2302400827407837
At time: 11.577935218811035 accuracy is 0.915625 and loss is 0.2955173969268799
At time: 11.757345199584961 accuracy is 0.9328125 and loss is 0.19982519149780273
At time: 11.93793535232544 accuracy is 0.9484375 and loss is 0.13044960498809816
At time: 12.119241714477539 accuracy is 0.9625 and loss is 0.0973950207233429
At time: 12.302658796310425 accuracy is 0.9609375 and loss is 0.15430492162704468
At time: 12.48927927017212 accuracy is 0.9703125 and loss is 0.07530321478843689
At time: 12.678974151611328 accuracy is 0.946875 and loss is 0.18045806884765625
At time: 12.868573188781738 accuracy is 0.9609375 and loss is 0.12181837558746338
At time: 13.059152841567993 accuracy is 0.9453125 and loss is 0.14423469305038453
At time: 13.253395795822144 accuracy is 0.959375 and loss is 0.08102555274963379
At time: 13.451180458068848 accuracy is 0.9625 and loss is 0.10383251905441285
Evaluating...
Done Evaluating: Achieved accuracy of 0.7590843023255814
Not better for 3
Completing Train Step at 5th epoch...
At time: 14.18278193473816 accuracy is 0.9296875 and loss is 0.23029417991638185
At time: 14.364826440811157 accuracy is 0.94375 and loss is 0.17527259588241578
At time: 14.54408311843872 accuracy is 0.9703125 and loss is 0.12956172227859497
At time: 14.724947452545166 accuracy is 0.9359375 and loss is 0.33570084571838377
At time: 14.906115055084229 accuracy is 0.975 and loss is 0.08058099746704102
At time: 15.090186357498169 accuracy is 0.9578125 and loss is 0.12509607076644896
At time: 15.275490283966064 accuracy is 0.9828125 and loss is 0.041950613260269165
At time: 15.465238809585571 accuracy is 0.971875 and loss is 0.08387590050697327
At time: 15.655345678329468 accuracy is 0.971875 and loss is 0.08427671790122986
At time: 15.846067190170288 accuracy is 0.9765625 and loss is 0.07816004753112793
At time: 16.04026484489441 accuracy is 0.9859375 and loss is 0.03782387971878052
At time: 16.238619804382324 accuracy is 0.9828125 and loss is 0.09434639811515808
Evaluating...
Done Evaluating: Achieved accuracy of 0.7463662790697675
Not better for 4
Completing Train Step at 6th epoch...
At time: 16.98077654838562 accuracy is 0.9453125 and loss is 0.1739245891571045
At time: 17.158129930496216 accuracy is 0.9640625 and loss is 0.07554376125335693
At time: 17.337973833084106 accuracy is 0.95625 and loss is 0.12907490730285645
At time: 17.51947331428528 accuracy is 0.9796875 and loss is 0.041126134991645816
At time: 17.70371961593628 accuracy is 0.9875 and loss is 0.049364909529685974
At time: 17.888339281082153 accuracy is 0.965625 and loss is 0.14526784420013428
At time: 18.075480699539185 accuracy is 0.975 and loss is 0.08293309211730956
At time: 18.265342712402344 accuracy is 0.9671875 and loss is 0.10718967914581298
At time: 18.45680260658264 accuracy is 0.9765625 and loss is 0.08432997465133667
At time: 18.64781904220581 accuracy is 0.978125 and loss is 0.0902456820011139
At time: 18.842588663101196 accuracy is 0.9859375 and loss is 0.03943244218826294
At time: 19.040850400924683 accuracy is 0.984375 and loss is 0.0799628496170044
Evaluating...
Done Evaluating: Achieved accuracy of 0.7449127906976745
Not better for 5
Completing Train Step at 7th epoch...
At time: 19.78330159187317 accuracy is 0.9671875 and loss is 0.13176321983337402
At time: 19.959095239639282 accuracy is 0.984375 and loss is 0.07164488434791565
At time: 20.138507843017578 accuracy is 0.94375 and loss is 0.41804165840148927
At time: 20.31962776184082 accuracy is 0.98125 and loss is 0.047310429811477664
At time: 20.501296520233154 accuracy is 0.99375 and loss is 0.03914914727210998
At time: 20.684814453125 accuracy is 0.98125 and loss is 0.08009212017059326
At time: 20.870747327804565 accuracy is 0.9828125 and loss is 0.07272014021873474
At time: 21.061922788619995 accuracy is 0.990625 and loss is 0.1018295407295227
At time: 21.253413438796997 accuracy is 0.971875 and loss is 0.07705873847007752
At time: 21.443612098693848 accuracy is 0.9859375 and loss is 0.06764561533927918
At time: 21.637625455856323 accuracy is 0.990625 and loss is 0.028876292705535888
At time: 21.83527970314026 accuracy is 0.9703125 and loss is 0.13936810493469237
Evaluating...
Done Evaluating: Achieved accuracy of 0.75
Not better for 6
Completing Train Step at 8th epoch...
At time: 22.574177742004395 accuracy is 0.94375 and loss is 0.17630667686462403
At time: 22.75027632713318 accuracy is 0.9609375 and loss is 0.12128368616104127
At time: 22.930415630340576 accuracy is 0.9765625 and loss is 0.06670126914978028
At time: 23.10987639427185 accuracy is 0.9875 and loss is 0.03650926947593689
At time: 23.289350748062134 accuracy is 0.996875 and loss is 0.08730104565620422
At time: 23.470736265182495 accuracy is 0.9609375 and loss is 0.1648288369178772
At time: 23.653463125228882 accuracy is 0.9640625 and loss is 0.15080975294113158
At time: 23.83789324760437 accuracy is 0.9609375 and loss is 0.1535774827003479
At time: 24.025792837142944 accuracy is 0.9734375 and loss is 0.1302419424057007
At time: 24.218512296676636 accuracy is 0.9828125 and loss is 0.05489870309829712
At time: 24.42790412902832 accuracy is 0.9828125 and loss is 0.06337299942970276
At time: 24.639521598815918 accuracy is 0.990625 and loss is 0.028153783082962035
Evaluating...
Done Evaluating: Achieved accuracy of 0.7380087209302325
Not better for 7
Completing Train Step at 9th epoch...
At time: 25.4295334815979 accuracy is 0.9703125 and loss is 0.09983642101287842
At time: 25.618704319000244 accuracy is 0.9890625 and loss is 0.024072939157485963
At time: 25.807838201522827 accuracy is 0.96875 and loss is 0.2791905879974365
At time: 25.99304723739624 accuracy is 0.990625 and loss is 0.03608503341674805
At time: 26.182350635528564 accuracy is 0.9921875 and loss is 0.051324105262756346
At time: 26.372156143188477 accuracy is 0.98125 and loss is 0.0464438796043396
At time: 26.558390617370605 accuracy is 0.9890625 and loss is 0.03016601800918579
At time: 26.74538016319275 accuracy is 0.9796875 and loss is 0.0912088394165039
At time: 26.93464159965515 accuracy is 0.9875 and loss is 0.058259373903274535
At time: 27.124608278274536 accuracy is 0.990625 and loss is 0.08727362155914306
At time: 27.319258451461792 accuracy is 0.9890625 and loss is 0.04640630185604096
At time: 27.51554036140442 accuracy is 0.9921875 and loss is 0.02069126069545746
Evaluating...
Done Evaluating: Achieved accuracy of 0.732921511627907
Not better for 8
Completing Train Step at 10th epoch...
At time: 28.25232720375061 accuracy is 0.9640625 and loss is 0.10213792324066162
At time: 28.429632663726807 accuracy is 0.96875 and loss is 0.10206660032272338
At time: 28.609434604644775 accuracy is 0.9703125 and loss is 0.08897327780723571
At time: 28.791221618652344 accuracy is 0.9671875 and loss is 0.12155239582061768
At time: 28.972662210464478 accuracy is 0.9859375 and loss is 0.08687349557876586
At time: 29.156789302825928 accuracy is 0.990625 and loss is 0.04669552445411682
At time: 29.342377185821533 accuracy is 0.9859375 and loss is 0.04724920392036438
At time: 29.529229402542114 accuracy is 0.98125 and loss is 0.06873749494552613
At time: 29.71938395500183 accuracy is 0.990625 and loss is 0.021445627510547637
At time: 29.91083264350891 accuracy is 0.9921875 and loss is 0.02451276183128357
At time: 30.104886770248413 accuracy is 0.9953125 and loss is 0.04621705114841461
At time: 30.302490711212158 accuracy is 0.990625 and loss is 0.04397332072257996
Evaluating...
Done Evaluating: Achieved accuracy of 0.7376453488372093
Not better for 9
Completing Train Step at 11th epoch...
At time: 31.04137372970581 accuracy is 0.98125 and loss is 0.06194905042648315
At time: 31.217602729797363 accuracy is 0.9828125 and loss is 0.08421599864959717
At time: 31.39563751220703 accuracy is 0.990625 and loss is 0.0360718846321106
At time: 31.57654881477356 accuracy is 0.990625 and loss is 0.04934268593788147
At time: 31.75724172592163 accuracy is 0.99375 and loss is 0.024142952263355257
At time: 31.940106868743896 accuracy is 0.9921875 and loss is 0.028168255090713502
At time: 32.12658739089966 accuracy is 0.990625 and loss is 0.046331971883773804
At time: 32.313053607940674 accuracy is 0.98125 and loss is 0.07713934779167175
At time: 32.50155782699585 accuracy is 0.9828125 and loss is 0.0416563630104065
At time: 32.69289255142212 accuracy is 0.99375 and loss is 0.01630857288837433
At time: 32.88803720474243 accuracy is 0.9921875 and loss is 0.053326427936553955
At time: 33.086363554000854 accuracy is 0.990625 and loss is 0.031692755222320554
Evaluating...
Done Evaluating: Achieved accuracy of 0.7387354651162791
Not better for 10
Model not improving. Stopping earlyat 0.7754360465116279 epochs.
Done Training. Achieved Best Accuracy of 0.7754360465116279
keyvalattn
SETTINGS FOR THIS RUN
{'batch_size': 32, 'lr': 0.003498937510280913, 'wordvec_dim': 300, 'attn_type': 'similarity', 'wordvec_source': 'gigavec', 'dropout': 0.5156840297010017, 'l2': 0.20780772264293823, 'rnn_dropout': 0.8011314082124454, 'tune_attn': True, 'tune_wordvecs': True, 'num_layers': 1, 'data': 'MPQA'}
Using CUDA!
here
similarity
Building RNN Classifier...

[93m    Warning: no model found for 'en'[0m

    Only loading the 'en' tokenizer.

Retrieving Data from file: /home-nfs/siddsach/ml/Interpreting-Attention/interpreting_language/data/mpqa/mpqa_subj_labels.pickle...
Loading Vectors From Memory...
Using these vectors: ['gigavec']
Building Vocab...
[<torchtext.vocab.Vectors object at 0x7fd73a752b00>]
Getting Batches...
Created Iterator with 261 batches
Getting Batches...
Created Iterator with 87 batches
Building model...
similarity
Using Attention model with following args:
{'batch_size': 32, 'attention_dim': 350, 'train_word_vecs': True, 'num_classes': 2, 'attn_type': 'similarity', 'vectors': 
 0.0000  0.0000  0.0000  ...   0.0000  0.0000  0.0000
 0.0000  0.0000  0.0000  ...   0.0000  0.0000  0.0000
 0.0000  0.0000  0.0000  ...   0.0000  0.0000  0.0000
          ...             ⋱             ...          
 0.0000  0.0000  0.0000  ...   0.0000  0.0000  0.0000
 0.0000  0.0000  0.0000  ...   0.0000  0.0000  0.0000
 0.0000  0.0000  0.0000  ...   0.0000  0.0000  0.0000
[torch.FloatTensor of size 15284x300]
, 'vocab_size': 15284, 'rnn_dropout': 0.8011314082124454, 'tune_attn': True, 'dropout': 0.5156840297010017, 'input_size': 300, 'num_layers': 1, 'cuda': True, 'hidden_size': 300}
Begin Training...
Completing Train Step at 0th epoch...
At time: 0.1963973045349121 accuracy is 0.5421875 and loss is 1.524005126953125
At time: 0.3737013339996338 accuracy is 0.5296875 and loss is 0.753172779083252
At time: 0.5538558959960938 accuracy is 0.553125 and loss is 0.7354059219360352
At time: 0.7343356609344482 accuracy is 0.6671875 and loss is 0.6258471012115479
At time: 0.9164633750915527 accuracy is 0.715625 and loss is 0.5931431293487549
At time: 1.101464033126831 accuracy is 0.7390625 and loss is 0.5722296237945557
At time: 1.2880964279174805 accuracy is 0.7546875 and loss is 0.54765305519104
At time: 1.4759483337402344 accuracy is 0.7515625 and loss is 0.5415523529052735
At time: 1.6657259464263916 accuracy is 0.771875 and loss is 0.49534015655517577
At time: 1.8566160202026367 accuracy is 0.75625 and loss is 0.5221003532409668
At time: 2.0512208938598633 accuracy is 0.7765625 and loss is 0.49198641777038576
At time: 2.249734401702881 accuracy is 0.73125 and loss is 0.5758813858032227
Evaluating...
Done Evaluating: Achieved accuracy of 0.778343023255814
Achieved new best!
Completing Train Step at 1th epoch...
At time: 2.9920010566711426 accuracy is 0.69375 and loss is 0.6905093669891358
At time: 3.168764114379883 accuracy is 0.7625 and loss is 0.654811429977417
At time: 3.34883451461792 accuracy is 0.809375 and loss is 0.4378828525543213
At time: 3.5307116508483887 accuracy is 0.85625 and loss is 0.5344002723693848
At time: 3.713365077972412 accuracy is 0.8703125 and loss is 0.30236496925354006
At time: 3.8977482318878174 accuracy is 0.8890625 and loss is 0.3093472719192505
At time: 4.083717346191406 accuracy is 0.88125 and loss is 0.3665055274963379
At time: 4.271013259887695 accuracy is 0.8953125 and loss is 0.5308481216430664
At time: 4.460622310638428 accuracy is 0.8984375 and loss is 0.2758007526397705
At time: 4.6513121128082275 accuracy is 0.8953125 and loss is 0.3472158193588257
At time: 4.846314191818237 accuracy is 0.9125 and loss is 0.2750511407852173
At time: 5.045559406280518 accuracy is 0.8765625 and loss is 0.33144278526306153
Evaluating...
Done Evaluating: Achieved accuracy of 0.762718023255814
Not better for 1
Completing Train Step at 2th epoch...
At time: 5.781888484954834 accuracy is 0.865625 and loss is 0.9181468963623047
At time: 5.958860635757446 accuracy is 0.8546875 and loss is 0.5595344543457031
At time: 6.138540029525757 accuracy is 0.9265625 and loss is 0.19629205465316774
At time: 6.320236444473267 accuracy is 0.9140625 and loss is 0.20612263679504395
At time: 6.503911733627319 accuracy is 0.921875 and loss is 0.2585176706314087
At time: 6.688377141952515 accuracy is 0.9484375 and loss is 0.2191695213317871
At time: 6.874486684799194 accuracy is 0.8890625 and loss is 0.3597921848297119
At time: 7.061837673187256 accuracy is 0.9140625 and loss is 0.45412602424621584
At time: 7.251964092254639 accuracy is 0.9375 and loss is 0.3830068826675415
At time: 7.448492765426636 accuracy is 0.9390625 and loss is 0.5118482112884521
At time: 7.643977642059326 accuracy is 0.9453125 and loss is 0.16937850713729857
At time: 7.843229055404663 accuracy is 0.9265625 and loss is 0.475748872756958
Evaluating...
Done Evaluating: Achieved accuracy of 0.7380087209302325
Not better for 2
Completing Train Step at 3th epoch...
At time: 8.585283756256104 accuracy is 0.8484375 and loss is 0.4429474353790283
At time: 8.761779069900513 accuracy is 0.9078125 and loss is 0.29362916946411133
At time: 8.94156002998352 accuracy is 0.95625 and loss is 0.1512003779411316
At time: 9.123138427734375 accuracy is 0.9421875 and loss is 0.28748655319213867
At time: 9.304567337036133 accuracy is 0.9609375 and loss is 0.12800005674362183
At time: 9.488749027252197 accuracy is 0.934375 and loss is 0.18190362453460693
At time: 9.674773216247559 accuracy is 0.934375 and loss is 0.27870712280273435
At time: 9.862668991088867 accuracy is 0.91875 and loss is 0.4415417194366455
At time: 10.052869319915771 accuracy is 0.921875 and loss is 0.3841549396514893
At time: 10.243841409683228 accuracy is 0.94375 and loss is 0.20719079971313475
At time: 10.437822341918945 accuracy is 0.9640625 and loss is 0.11562668085098267
At time: 10.635408878326416 accuracy is 0.940625 and loss is 0.27407207489013674
Evaluating...
Done Evaluating: Achieved accuracy of 0.7180232558139535
Not better for 3
Completing Train Step at 4th epoch...
At time: 11.374264240264893 accuracy is 0.8703125 and loss is 0.4295684337615967
At time: 11.551164865493774 accuracy is 0.91875 and loss is 0.8229665756225586
At time: 11.730716943740845 accuracy is 0.965625 and loss is 0.12304627895355225
At time: 11.911648035049438 accuracy is 0.95625 and loss is 0.234916615486145
At time: 12.093969583511353 accuracy is 0.946875 and loss is 0.18266265392303466
At time: 12.278995513916016 accuracy is 0.9265625 and loss is 1.7238563537597655
At time: 12.465075492858887 accuracy is 0.915625 and loss is 1.6410554885864257
At time: 12.653070449829102 accuracy is 0.95625 and loss is 0.6981175422668457
At time: 12.842742204666138 accuracy is 0.9625 and loss is 0.4353921413421631
At time: 13.033512353897095 accuracy is 0.9609375 and loss is 0.5131088733673096
At time: 13.22971773147583 accuracy is 0.95625 and loss is 0.855318260192871
At time: 13.428431034088135 accuracy is 0.9484375 and loss is 1.1777046203613282
Evaluating...
Done Evaluating: Achieved accuracy of 0.7071220930232558
Not better for 4
Completing Train Step at 5th epoch...
At time: 14.169055223464966 accuracy is 0.9046875 and loss is 0.6213992595672607
At time: 14.348015785217285 accuracy is 0.921875 and loss is 0.4681807041168213
At time: 14.527079343795776 accuracy is 0.925 and loss is 0.6400920867919921
At time: 14.714125394821167 accuracy is 0.9640625 and loss is 0.25896880626678465
At time: 14.895679950714111 accuracy is 0.971875 and loss is 0.297830867767334
At time: 15.080369472503662 accuracy is 0.95625 and loss is 0.6860265254974365
At time: 15.267516613006592 accuracy is 0.9546875 and loss is 0.483748197555542
At time: 15.45533013343811 accuracy is 0.95 and loss is 1.0503358840942383
At time: 15.645824670791626 accuracy is 0.95625 and loss is 0.6497087478637695
At time: 15.836353063583374 accuracy is 0.9703125 and loss is 0.29390227794647217
At time: 16.030829429626465 accuracy is 0.9671875 and loss is 0.4072704315185547
At time: 16.23075771331787 accuracy is 0.9625 and loss is 0.5208884716033936
Evaluating...
Done Evaluating: Achieved accuracy of 0.7460029069767442
Not better for 5
Completing Train Step at 6th epoch...
At time: 16.970906257629395 accuracy is 0.8953125 and loss is 0.42438926696777346
At time: 17.148258447647095 accuracy is 0.9546875 and loss is 0.16909624338150026
At time: 17.327964782714844 accuracy is 0.9640625 and loss is 0.18536667823791503
At time: 17.508860111236572 accuracy is 0.9828125 and loss is 0.11073994636535645
At time: 17.690417051315308 accuracy is 0.984375 and loss is 0.09011861085891723
At time: 17.87519860267639 accuracy is 0.978125 and loss is 0.37318763732910154
At time: 18.061230897903442 accuracy is 0.965625 and loss is 0.5811583518981933
At time: 18.248657703399658 accuracy is 0.95625 and loss is 0.3295738697052002
At time: 18.438117027282715 accuracy is 0.959375 and loss is 0.30821206569671633
At time: 18.628437757492065 accuracy is 0.971875 and loss is 0.09786483645439148
At time: 18.82272219657898 accuracy is 0.9765625 and loss is 0.30110146999359133
At time: 19.02182126045227 accuracy is 0.959375 and loss is 0.7042078495025634
Evaluating...
Done Evaluating: Achieved accuracy of 0.7183866279069767
Not better for 6
Completing Train Step at 7th epoch...
At time: 19.760251998901367 accuracy is 0.9328125 and loss is 0.31163973808288575
At time: 19.936676740646362 accuracy is 0.9328125 and loss is 0.2327430486679077
At time: 20.116294145584106 accuracy is 0.971875 and loss is 0.10185832977294922
At time: 20.29742932319641 accuracy is 0.975 and loss is 0.1598304033279419
At time: 20.478960037231445 accuracy is 0.9828125 and loss is 0.5470635414123535
At time: 20.662726879119873 accuracy is 0.965625 and loss is 2.146656608581543
At time: 20.849318981170654 accuracy is 0.965625 and loss is 1.1181218147277832
At time: 21.036571741104126 accuracy is 0.95 and loss is 0.5042312622070313
At time: 21.226223945617676 accuracy is 0.9640625 and loss is 0.13580479621887206
At time: 21.417263507843018 accuracy is 0.96875 and loss is 0.13238991498947145
At time: 21.61156725883484 accuracy is 0.9859375 and loss is 0.31469342708587644
At time: 21.811046838760376 accuracy is 0.959375 and loss is 1.3059965133666993
Evaluating...
Done Evaluating: Achieved accuracy of 0.7351017441860465
Not better for 7
Completing Train Step at 8th epoch...
At time: 22.549869060516357 accuracy is 0.9125 and loss is 0.3335671901702881
At time: 22.726911306381226 accuracy is 0.9609375 and loss is 0.211649489402771
At time: 22.90654683113098 accuracy is 0.965625 and loss is 0.2519464254379272
At time: 23.087743997573853 accuracy is 0.946875 and loss is 0.37543108463287356
At time: 23.27017116546631 accuracy is 0.9609375 and loss is 0.16709169149398803
At time: 23.454432487487793 accuracy is 0.9546875 and loss is 0.15009233951568604
At time: 23.640405416488647 accuracy is 0.9625 and loss is 0.19929060935974122
At time: 23.827627182006836 accuracy is 0.946875 and loss is 0.18662620782852174
At time: 24.017066478729248 accuracy is 0.965625 and loss is 0.1369600772857666
At time: 24.207364320755005 accuracy is 0.9640625 and loss is 0.14506789445877075
At time: 24.401853561401367 accuracy is 0.9890625 and loss is 0.15073120594024658
At time: 24.600762844085693 accuracy is 0.9359375 and loss is 0.22870404720306398
Evaluating...
Done Evaluating: Achieved accuracy of 0.7394622093023255
Not better for 8
Completing Train Step at 9th epoch...
At time: 25.337717294692993 accuracy is 0.921875 and loss is 0.40059700012207033
At time: 25.514668226242065 accuracy is 0.934375 and loss is 0.15011968612670898
At time: 25.69428777694702 accuracy is 0.9546875 and loss is 0.2668158769607544
At time: 25.87569522857666 accuracy is 0.959375 and loss is 0.1640959620475769
At time: 26.05778217315674 accuracy is 0.9671875 and loss is 0.21537327766418457
At time: 26.242450714111328 accuracy is 0.971875 and loss is 0.43074951171875
At time: 26.42981791496277 accuracy is 0.9578125 and loss is 0.27648277282714845
At time: 26.61737060546875 accuracy is 0.9609375 and loss is 0.36488611698150636
At time: 26.806618213653564 accuracy is 0.9671875 and loss is 0.11426252126693726
At time: 26.9971284866333 accuracy is 0.9625 and loss is 0.19200047254562377
At time: 27.192781686782837 accuracy is 0.975 and loss is 0.9468277931213379
At time: 27.3926203250885 accuracy is 0.94375 and loss is 3.7255924224853514
Evaluating...
Done Evaluating: Achieved accuracy of 0.737281976744186
Not better for 9
Completing Train Step at 10th epoch...
At time: 28.13142156600952 accuracy is 0.915625 and loss is 0.46586456298828127
At time: 28.307245016098022 accuracy is 0.946875 and loss is 0.3678987979888916
At time: 28.48603320121765 accuracy is 0.9421875 and loss is 0.18754229545593262
At time: 28.667224168777466 accuracy is 0.9828125 and loss is 0.0936161756515503
At time: 28.850670099258423 accuracy is 0.975 and loss is 0.46492552757263184
At time: 29.034727573394775 accuracy is 0.9625 and loss is 0.24676940441131592
At time: 29.22109627723694 accuracy is 0.94375 and loss is 1.8922233581542969
At time: 29.409095287322998 accuracy is 0.9375 and loss is 2.0247310638427733
At time: 29.598433017730713 accuracy is 0.978125 and loss is 0.20303118228912354
At time: 29.78972554206848 accuracy is 0.9640625 and loss is 0.10290552377700805
At time: 29.984713077545166 accuracy is 0.9796875 and loss is 0.254853630065918
At time: 30.182730197906494 accuracy is 0.9765625 and loss is 2.033881187438965
Evaluating...
Done Evaluating: Achieved accuracy of 0.7300145348837209
Not better for 10
Model not improving. Stopping earlyat 0.778343023255814 epochs.
Done Training. Achieved Best Accuracy of 0.778343023255814
keyvalattn
SETTINGS FOR THIS RUN
{'batch_size': 32, 'lr': 0.0009092455140539422, 'wordvec_dim': 300, 'attn_type': 'similarity', 'wordvec_source': 'gigavec', 'dropout': 0.9199194031275272, 'l2': 0.8065745773059552, 'rnn_dropout': 0.34521715755142734, 'tune_attn': True, 'tune_wordvecs': True, 'num_layers': 1, 'data': 'MPQA'}
Using CUDA!
here
similarity
Building RNN Classifier...

[93m    Warning: no model found for 'en'[0m

    Only loading the 'en' tokenizer.

Retrieving Data from file: /home-nfs/siddsach/ml/Interpreting-Attention/interpreting_language/data/mpqa/mpqa_subj_labels.pickle...
Loading Vectors From Memory...
Using these vectors: ['gigavec']
Building Vocab...
[<torchtext.vocab.Vectors object at 0x7fd738652f28>]
Getting Batches...
Created Iterator with 261 batches
Getting Batches...
Created Iterator with 87 batches
Building model...
similarity
Using Attention model with following args:
{'batch_size': 32, 'attention_dim': 350, 'train_word_vecs': True, 'num_classes': 2, 'attn_type': 'similarity', 'vectors': 
 0.0000  0.0000  0.0000  ...   0.0000  0.0000  0.0000
 0.0000  0.0000  0.0000  ...   0.0000  0.0000  0.0000
 0.0000  0.0000  0.0000  ...   0.0000  0.0000  0.0000
          ...             ⋱             ...          
 0.0000  0.0000  0.0000  ...   0.0000  0.0000  0.0000
 0.0000  0.0000  0.0000  ...   0.0000  0.0000  0.0000
 0.0000  0.0000  0.0000  ...   0.0000  0.0000  0.0000
[torch.FloatTensor of size 15284x300]
, 'vocab_size': 15284, 'rnn_dropout': 0.34521715755142734, 'tune_attn': True, 'dropout': 0.9199194031275272, 'input_size': 300, 'num_layers': 1, 'cuda': True, 'hidden_size': 300}
Begin Training...
Completing Train Step at 0th epoch...
At time: 0.20734429359436035 accuracy is 0.54375 and loss is 0.8953583717346192
At time: 0.39186620712280273 accuracy is 0.5109375 and loss is 0.7817697525024414
At time: 0.5733356475830078 accuracy is 0.596875 and loss is 0.6935414791107177
At time: 0.7546141147613525 accuracy is 0.6234375 and loss is 0.70533127784729
At time: 0.9377269744873047 accuracy is 0.73125 and loss is 0.5789463996887207
At time: 1.1236357688903809 accuracy is 0.7328125 and loss is 0.5288458824157715
At time: 1.3103995323181152 accuracy is 0.7328125 and loss is 0.5500264167785645
At time: 1.4975600242614746 accuracy is 0.7921875 and loss is 0.4790331363677979
At time: 1.6877710819244385 accuracy is 0.75 and loss is 0.5229415893554688
At time: 1.8793439865112305 accuracy is 0.784375 and loss is 0.4670517921447754
At time: 2.0746140480041504 accuracy is 0.8140625 and loss is 0.42963037490844724
At time: 2.274240255355835 accuracy is 0.765625 and loss is 0.49123687744140626
Evaluating...
Done Evaluating: Achieved accuracy of 0.7220203488372093
Achieved new best!
Completing Train Step at 1th epoch...
At time: 3.0192480087280273 accuracy is 0.6921875 and loss is 0.6221181869506835
At time: 3.1966586112976074 accuracy is 0.734375 and loss is 0.5851531505584717
At time: 3.3753607273101807 accuracy is 0.815625 and loss is 0.4404429912567139
At time: 3.557152032852173 accuracy is 0.803125 and loss is 0.42949619293212893
At time: 3.739499568939209 accuracy is 0.884375 and loss is 0.31795101165771483
At time: 3.9245495796203613 accuracy is 0.83125 and loss is 0.3434474945068359
At time: 4.112626552581787 accuracy is 0.85 and loss is 0.31944029331207274
At time: 4.300706624984741 accuracy is 0.853125 and loss is 0.3316535234451294
At time: 4.49061393737793 accuracy is 0.8640625 and loss is 0.2909118413925171
At time: 4.683903217315674 accuracy is 0.8546875 and loss is 0.3454556941986084
At time: 4.882349491119385 accuracy is 0.884375 and loss is 0.2835298299789429
At time: 5.090337038040161 accuracy is 0.8703125 and loss is 0.3103872060775757
Evaluating...
Done Evaluating: Achieved accuracy of 0.784156976744186
Achieved new best!
Completing Train Step at 2th epoch...
At time: 5.844407558441162 accuracy is 0.815625 and loss is 0.4643697261810303
At time: 6.029936790466309 accuracy is 0.853125 and loss is 0.3243218660354614
At time: 6.218399286270142 accuracy is 0.88125 and loss is 0.265553879737854
At time: 6.400540113449097 accuracy is 0.865625 and loss is 0.27337987422943116
At time: 6.58392333984375 accuracy is 0.9234375 and loss is 0.19955871105194092
At time: 6.767746686935425 accuracy is 0.934375 and loss is 0.17663629055023194
At time: 6.95546555519104 accuracy is 0.90625 and loss is 0.23773579597473143
At time: 7.143871545791626 accuracy is 0.89375 and loss is 0.28150577545166017
At time: 7.333952188491821 accuracy is 0.946875 and loss is 0.1365032434463501
At time: 7.532882213592529 accuracy is 0.9 and loss is 0.24761383533477782
At time: 7.728971242904663 accuracy is 0.9359375 and loss is 0.17912733554840088
At time: 7.92292594909668 accuracy is 0.9375 and loss is 0.16947635412216186
Evaluating...
Done Evaluating: Achieved accuracy of 0.7645348837209303
Not better for 1
Completing Train Step at 3th epoch...
At time: 8.641530752182007 accuracy is 0.8828125 and loss is 0.27280189990997317
At time: 8.824580430984497 accuracy is 0.9234375 and loss is 0.24090700149536132
At time: 9.001558065414429 accuracy is 0.9265625 and loss is 0.18089232444763184
At time: 9.179702043533325 accuracy is 0.96875 and loss is 0.10031050443649292
At time: 9.358079433441162 accuracy is 0.9484375 and loss is 0.17351435422897338
At time: 9.538684129714966 accuracy is 0.9171875 and loss is 0.22209465503692627
At time: 9.721054315567017 accuracy is 0.925 and loss is 0.18471291065216064
At time: 9.90424656867981 accuracy is 0.9578125 and loss is 0.11014331579208374
At time: 10.0899658203125 accuracy is 0.9703125 and loss is 0.0873704969882965
At time: 10.277236461639404 accuracy is 0.953125 and loss is 0.17811455726623535
At time: 10.471698522567749 accuracy is 0.9546875 and loss is 0.1371227264404297
At time: 10.68174958229065 accuracy is 0.9703125 and loss is 0.07760645151138305
Evaluating...
Done Evaluating: Achieved accuracy of 0.7100290697674418
Not better for 2
Completing Train Step at 4th epoch...
At time: 11.420453071594238 accuracy is 0.9515625 and loss is 0.1666778326034546
At time: 11.598644256591797 accuracy is 0.9265625 and loss is 0.28333392143249514
At time: 11.77844762802124 accuracy is 0.975 and loss is 0.0624167263507843
At time: 11.960204124450684 accuracy is 0.959375 and loss is 0.2463148832321167
At time: 12.142637252807617 accuracy is 0.95 and loss is 0.36291525363922117
At time: 12.326588153839111 accuracy is 0.965625 and loss is 0.10620666742324829
At time: 12.5130934715271 accuracy is 0.9484375 and loss is 0.1274132490158081
At time: 12.699504137039185 accuracy is 0.975 and loss is 0.07721711993217469
At time: 12.888211488723755 accuracy is 0.9734375 and loss is 0.08955209851264953
At time: 13.078617811203003 accuracy is 0.9609375 and loss is 0.12036343812942504
At time: 13.27387809753418 accuracy is 0.959375 and loss is 0.13257756233215331
At time: 13.472708940505981 accuracy is 0.98125 and loss is 0.07492140531539918
Evaluating...
Done Evaluating: Achieved accuracy of 0.7325581395348837
Not better for 3
Completing Train Step at 5th epoch...
At time: 14.221054315567017 accuracy is 0.8984375 and loss is 0.34157443046569824
At time: 14.39758849143982 accuracy is 0.9375 and loss is 0.1555052876472473
At time: 14.576473236083984 accuracy is 0.98125 and loss is 0.0459230899810791
At time: 14.75681757926941 accuracy is 0.9609375 and loss is 0.11136097908020019
At time: 14.939440488815308 accuracy is 0.9578125 and loss is 0.1278684377670288
At time: 15.123742580413818 accuracy is 0.9765625 and loss is 0.09649187326431274
At time: 15.309645175933838 accuracy is 0.9671875 and loss is 0.11525702476501465
At time: 15.49653673171997 accuracy is 0.965625 and loss is 0.11505692005157471
At time: 15.686656475067139 accuracy is 0.9734375 and loss is 0.07467870712280274
At time: 15.878599166870117 accuracy is 0.9734375 and loss is 0.08718947768211364
At time: 16.07368779182434 accuracy is 0.9890625 and loss is 0.045790565013885495
At time: 16.271812677383423 accuracy is 0.984375 and loss is 0.054142439365386964
Evaluating...
Done Evaluating: Achieved accuracy of 0.7438226744186046
Not better for 4
Completing Train Step at 6th epoch...
At time: 17.011553287506104 accuracy is 0.94375 and loss is 0.1814536213874817
At time: 17.188403367996216 accuracy is 0.965625 and loss is 0.14071470499038696
At time: 17.36738610267639 accuracy is 0.978125 and loss is 0.1268368124961853
At time: 17.548814296722412 accuracy is 0.9796875 and loss is 0.09437340497970581
At time: 17.730276346206665 accuracy is 0.975 and loss is 0.08381798267364501
At time: 17.914307117462158 accuracy is 0.98125 and loss is 0.04581713080406189
At time: 18.10051417350769 accuracy is 0.965625 and loss is 0.13438652753829955
At time: 18.286907196044922 accuracy is 0.9828125 and loss is 0.07429625988006591
At time: 18.475900411605835 accuracy is 0.9859375 and loss is 0.04960030615329743
At time: 18.666189193725586 accuracy is 0.984375 and loss is 0.06929676532745362
At time: 18.8608455657959 accuracy is 0.978125 and loss is 0.07322862148284912
At time: 19.05960440635681 accuracy is 0.98125 and loss is 0.04667205512523651
Evaluating...
Done Evaluating: Achieved accuracy of 0.7441860465116279
Not better for 5
Completing Train Step at 7th epoch...
At time: 19.800421953201294 accuracy is 0.9515625 and loss is 0.14955416917800904
At time: 19.97761344909668 accuracy is 0.9734375 and loss is 0.10843497514724731
At time: 20.15600895881653 accuracy is 0.9953125 and loss is 0.02067418098449707
At time: 20.337531328201294 accuracy is 0.9734375 and loss is 0.25513150691986086
At time: 20.52035427093506 accuracy is 0.965625 and loss is 0.12178626060485839
At time: 20.704441785812378 accuracy is 0.98125 and loss is 0.14496833086013794
At time: 20.890579223632812 accuracy is 0.965625 and loss is 0.07682861685752869
At time: 21.07998013496399 accuracy is 0.9671875 and loss is 0.17538940906524658
At time: 21.269309520721436 accuracy is 0.9796875 and loss is 0.05633857250213623
At time: 21.45977473258972 accuracy is 0.9828125 and loss is 0.09107460379600525
At time: 21.6543550491333 accuracy is 0.9765625 and loss is 0.07485218048095703
At time: 21.85271644592285 accuracy is 0.9859375 and loss is 0.037318503856658934
Evaluating...
Done Evaluating: Achieved accuracy of 0.7351017441860465
Not better for 6
Completing Train Step at 8th epoch...
At time: 22.592429399490356 accuracy is 0.9515625 and loss is 0.14261945486068725
At time: 22.769036293029785 accuracy is 0.9828125 and loss is 0.06496641635894776
At time: 22.94810700416565 accuracy is 0.9453125 and loss is 0.19756399393081664
At time: 23.130475997924805 accuracy is 0.9625 and loss is 0.11008119583129883
At time: 23.311755895614624 accuracy is 0.9734375 and loss is 0.15344564914703368
At time: 23.49601912498474 accuracy is 0.9671875 and loss is 0.15936295986175536
At time: 23.681859970092773 accuracy is 0.9734375 and loss is 0.0718835175037384
At time: 23.868410348892212 accuracy is 0.9859375 and loss is 0.03453539311885834
At time: 24.05805468559265 accuracy is 0.9640625 and loss is 0.14610373973846436
At time: 24.250350952148438 accuracy is 0.975 and loss is 0.07343345880508423
At time: 24.444966077804565 accuracy is 0.9796875 and loss is 0.059556329250335695
At time: 24.64360237121582 accuracy is 0.9875 and loss is 0.023730513453483582
Evaluating...
Done Evaluating: Achieved accuracy of 0.7401889534883721
Not better for 7
Completing Train Step at 9th epoch...
At time: 25.382132291793823 accuracy is 0.9625 and loss is 0.13390417098999025
At time: 25.558411836624146 accuracy is 0.978125 and loss is 0.050512999296188354
At time: 25.737333059310913 accuracy is 0.9859375 and loss is 0.028519493341445924
At time: 25.917954683303833 accuracy is 0.984375 and loss is 0.09328345060348511
At time: 26.09950304031372 accuracy is 0.9859375 and loss is 0.02740408480167389
At time: 26.283586502075195 accuracy is 0.9875 and loss is 0.06543737649917603
At time: 26.47032928466797 accuracy is 0.98125 and loss is 0.05927913784980774
At time: 26.657609701156616 accuracy is 0.9828125 and loss is 0.04919713735580444
At time: 26.846292734146118 accuracy is 0.984375 and loss is 0.045956164598464966
At time: 27.03795862197876 accuracy is 0.9890625 and loss is 0.02768462598323822
At time: 27.233330249786377 accuracy is 0.971875 and loss is 0.1910753607749939
At time: 27.43162727355957 accuracy is 0.9796875 and loss is 0.20059120655059814
Evaluating...
Done Evaluating: Achieved accuracy of 0.7205668604651163
Not better for 8
Completing Train Step at 10th epoch...
At time: 28.167911291122437 accuracy is 0.9609375 and loss is 0.13117991685867308
At time: 28.3450129032135 accuracy is 0.975 and loss is 0.0989890456199646
At time: 28.52423095703125 accuracy is 0.9765625 and loss is 0.07750808000564575
At time: 28.70664644241333 accuracy is 0.9453125 and loss is 0.16440138816833497
At time: 28.887882232666016 accuracy is 0.9890625 and loss is 0.03419017493724823
At time: 29.071574211120605 accuracy is 0.9921875 and loss is 0.08049959540367127
At time: 29.25735902786255 accuracy is 0.98125 and loss is 0.05541762113571167
At time: 29.444199562072754 accuracy is 0.9875 and loss is 0.06279379725456238
At time: 29.633996963500977 accuracy is 0.9953125 and loss is 0.01235726848244667
At time: 29.82548427581787 accuracy is 0.9484375 and loss is 0.31962361335754397
At time: 30.020386695861816 accuracy is 0.9859375 and loss is 0.026998046040534972
At time: 30.219093322753906 accuracy is 0.9890625 and loss is 0.024705035984516142
Evaluating...
Done Evaluating: Achieved accuracy of 0.735828488372093
Not better for 9
Completing Train Step at 11th epoch...
At time: 30.958120822906494 accuracy is 0.975 and loss is 0.07930152416229248
At time: 31.134766340255737 accuracy is 0.9875 and loss is 0.061839962005615236
At time: 31.31358504295349 accuracy is 0.9859375 and loss is 0.044006869196891785
At time: 31.49456477165222 accuracy is 0.9890625 and loss is 0.0456984281539917
At time: 31.676323890686035 accuracy is 0.984375 and loss is 0.0536715567111969
At time: 31.861454725265503 accuracy is 0.9890625 and loss is 0.05387791991233826
At time: 32.04805302619934 accuracy is 0.975 and loss is 0.12547866106033326
At time: 32.23438358306885 accuracy is 0.996875 and loss is 0.015474289655685425
At time: 32.42398548126221 accuracy is 0.9859375 and loss is 0.06344367861747742
At time: 32.61487793922424 accuracy is 0.9890625 and loss is 0.049417412281036376
At time: 32.80885434150696 accuracy is 0.9921875 and loss is 0.02629157602787018
At time: 33.00666522979736 accuracy is 0.984375 and loss is 0.042328831553459165
Evaluating...
Done Evaluating: Achieved accuracy of 0.7325581395348837
Not better for 10
Model not improving. Stopping earlyat 0.784156976744186 epochs.
Done Training. Achieved Best Accuracy of 0.784156976744186
keyvalattn
SETTINGS FOR THIS RUN
{'batch_size': 32, 'lr': 0.0015192628649434866, 'wordvec_dim': 300, 'attn_type': 'similarity', 'wordvec_source': 'gigavec', 'dropout': 0.8067043347006777, 'l2': 0.3029927661963423, 'rnn_dropout': 0.9509219955640678, 'tune_attn': True, 'tune_wordvecs': True, 'num_layers': 1, 'data': 'MPQA'}
Using CUDA!
here
similarity
Building RNN Classifier...

[93m    Warning: no model found for 'en'[0m

    Only loading the 'en' tokenizer.

Retrieving Data from file: /home-nfs/siddsach/ml/Interpreting-Attention/interpreting_language/data/mpqa/mpqa_subj_labels.pickle...
Loading Vectors From Memory...
Using these vectors: ['gigavec']
Building Vocab...
[<torchtext.vocab.Vectors object at 0x7fd77db9ffd0>]
Getting Batches...
Created Iterator with 261 batches
Getting Batches...
Created Iterator with 87 batches
Building model...
similarity
Using Attention model with following args:
{'batch_size': 32, 'attention_dim': 350, 'train_word_vecs': True, 'num_classes': 2, 'attn_type': 'similarity', 'vectors': 
 0.0000  0.0000  0.0000  ...   0.0000  0.0000  0.0000
 0.0000  0.0000  0.0000  ...   0.0000  0.0000  0.0000
 0.0000  0.0000  0.0000  ...   0.0000  0.0000  0.0000
          ...             ⋱             ...          
 0.0000  0.0000  0.0000  ...   0.0000  0.0000  0.0000
 0.0000  0.0000  0.0000  ...   0.0000  0.0000  0.0000
 0.0000  0.0000  0.0000  ...   0.0000  0.0000  0.0000
[torch.FloatTensor of size 15284x300]
, 'vocab_size': 15284, 'rnn_dropout': 0.9509219955640678, 'tune_attn': True, 'dropout': 0.8067043347006777, 'input_size': 300, 'num_layers': 1, 'cuda': True, 'hidden_size': 300}
Begin Training...
Completing Train Step at 0th epoch...
At time: 0.21976375579833984 accuracy is 0.5140625 and loss is 1.2026509284973144
At time: 0.39787960052490234 accuracy is 0.51875 and loss is 0.7738119602203369
At time: 0.5744223594665527 accuracy is 0.5859375 and loss is 0.6942456245422364
At time: 0.7406535148620605 accuracy is 0.65 and loss is 0.6518526554107666
At time: 0.9066259860992432 accuracy is 0.6765625 and loss is 0.6727437019348145
At time: 1.0750563144683838 accuracy is 0.7109375 and loss is 0.61459321975708
At time: 1.2856616973876953 accuracy is 0.734375 and loss is 0.5317744255065918
At time: 1.4849097728729248 accuracy is 0.7828125 and loss is 0.5446043014526367
At time: 1.6808803081512451 accuracy is 0.7453125 and loss is 0.5213381767272949
At time: 1.8736786842346191 accuracy is 0.7625 and loss is 0.5382074356079102
At time: 2.0704219341278076 accuracy is 0.7734375 and loss is 0.48578786849975586
At time: 2.271540880203247 accuracy is 0.7640625 and loss is 0.4980468273162842
Evaluating...
Done Evaluating: Achieved accuracy of 0.737281976744186
Achieved new best!
Completing Train Step at 1th epoch...
At time: 3.0202088356018066 accuracy is 0.6265625 and loss is 0.7046472549438476
At time: 3.198542833328247 accuracy is 0.7484375 and loss is 0.5781940937042236
At time: 3.3797216415405273 accuracy is 0.80625 and loss is 0.440336799621582
At time: 3.5624263286590576 accuracy is 0.778125 and loss is 0.4704035758972168
At time: 3.745115041732788 accuracy is 0.8484375 and loss is 0.3407007694244385
At time: 3.9310107231140137 accuracy is 0.8328125 and loss is 0.38970270156860354
At time: 4.1184446811676025 accuracy is 0.8578125 and loss is 0.3408381223678589
At time: 4.30864953994751 accuracy is 0.903125 and loss is 0.28167338371276857
At time: 4.499348878860474 accuracy is 0.8796875 and loss is 0.27259809970855714
At time: 4.692070007324219 accuracy is 0.875 and loss is 0.28376317024230957
At time: 4.888946771621704 accuracy is 0.9015625 and loss is 0.2579670429229736
At time: 5.089738845825195 accuracy is 0.8578125 and loss is 0.3859050989151001
Evaluating...
Done Evaluating: Achieved accuracy of 0.7721656976744186
Achieved new best!
Completing Train Step at 2th epoch...
At time: 5.82955265045166 accuracy is 0.8109375 and loss is 0.5494200706481933
At time: 6.006827354431152 accuracy is 0.859375 and loss is 0.3117906808853149
At time: 6.186140060424805 accuracy is 0.8796875 and loss is 0.2750032663345337
At time: 6.368661880493164 accuracy is 0.875 and loss is 0.2973297357559204
At time: 6.552271842956543 accuracy is 0.9359375 and loss is 0.15683115720748902
At time: 6.73695707321167 accuracy is 0.8734375 and loss is 0.3346830129623413
At time: 6.923130512237549 accuracy is 0.890625 and loss is 0.23538334369659425
At time: 7.10970664024353 accuracy is 0.9578125 and loss is 0.27463808059692385
At time: 7.299774885177612 accuracy is 0.9484375 and loss is 0.43708024024963377
At time: 7.49074649810791 accuracy is 0.953125 and loss is 0.13128596544265747
At time: 7.686618089675903 accuracy is 0.9328125 and loss is 0.37526788711547854
At time: 7.887261152267456 accuracy is 0.9140625 and loss is 0.26056458950042727
Evaluating...
Done Evaluating: Achieved accuracy of 0.7594476744186046
Not better for 1
Completing Train Step at 3th epoch...
At time: 8.629920959472656 accuracy is 0.9078125 and loss is 0.30331931114196775
At time: 8.808142185211182 accuracy is 0.93125 and loss is 0.18360776901245118
At time: 8.98847246170044 accuracy is 0.9453125 and loss is 0.23801918029785157
At time: 9.169629573822021 accuracy is 0.9140625 and loss is 0.2549143314361572
At time: 9.352409362792969 accuracy is 0.9390625 and loss is 0.18739269971847533
At time: 9.537282943725586 accuracy is 0.9140625 and loss is 0.2831434726715088
At time: 9.723492622375488 accuracy is 0.9328125 and loss is 0.18869144916534425
At time: 9.910919666290283 accuracy is 0.9375 and loss is 0.4793408870697021
At time: 10.100980997085571 accuracy is 0.9484375 and loss is 0.17172207832336425
At time: 10.292906522750854 accuracy is 0.9828125 and loss is 0.06348276138305664
At time: 10.492359161376953 accuracy is 0.959375 and loss is 0.19216227531433105
At time: 10.692026376724243 accuracy is 0.95 and loss is 0.1577756643295288
Evaluating...
Done Evaluating: Achieved accuracy of 0.7438226744186046
Not better for 2
Completing Train Step at 4th epoch...
At time: 11.436306953430176 accuracy is 0.9484375 and loss is 0.1865913152694702
At time: 11.613673448562622 accuracy is 0.953125 and loss is 0.25032260417938235
At time: 11.794161796569824 accuracy is 0.9515625 and loss is 0.1564854860305786
At time: 11.976383924484253 accuracy is 0.9546875 and loss is 0.11627930402755737
At time: 12.159018993377686 accuracy is 0.96875 and loss is 0.11339693069458008
At time: 12.343224048614502 accuracy is 0.96875 and loss is 0.09953210949897766
At time: 12.529420375823975 accuracy is 0.9640625 and loss is 0.11911923885345459
At time: 12.717097997665405 accuracy is 0.965625 and loss is 0.15681411027908326
At time: 12.907261610031128 accuracy is 0.9625 and loss is 0.2420607328414917
At time: 13.099655151367188 accuracy is 0.9703125 and loss is 0.10399565696716309
At time: 13.29790210723877 accuracy is 0.98125 and loss is 0.08254331350326538
At time: 13.497339010238647 accuracy is 0.959375 and loss is 0.30629849433898926
Evaluating...
Done Evaluating: Achieved accuracy of 0.7449127906976745
Not better for 3
Completing Train Step at 5th epoch...
At time: 14.237296104431152 accuracy is 0.9453125 and loss is 0.17908918857574463
At time: 14.432905673980713 accuracy is 0.9546875 and loss is 0.14142451286315919
At time: 14.628139019012451 accuracy is 0.9671875 and loss is 0.26736886501312257
At time: 14.808548927307129 accuracy is 0.9640625 and loss is 0.10460140705108642
At time: 14.991634368896484 accuracy is 0.9328125 and loss is 0.17338175773620607
At time: 15.176306962966919 accuracy is 0.953125 and loss is 0.13110491037368774
At time: 15.363053321838379 accuracy is 0.9609375 and loss is 0.15226409435272217
At time: 15.550626993179321 accuracy is 0.9453125 and loss is 0.20010080337524414
At time: 15.7398202419281 accuracy is 0.984375 and loss is 0.07168869972229004
At time: 15.930364608764648 accuracy is 0.9875 and loss is 0.11369835138320923
At time: 16.124647855758667 accuracy is 0.940625 and loss is 0.5877147197723389
At time: 16.323243856430054 accuracy is 0.98125 and loss is 0.09237396717071533
Evaluating...
Done Evaluating: Achieved accuracy of 0.7449127906976745
Not better for 4
Completing Train Step at 6th epoch...
At time: 17.06531810760498 accuracy is 0.953125 and loss is 0.17351653575897216
At time: 17.24182367324829 accuracy is 0.978125 and loss is 0.1078107237815857
At time: 17.421407461166382 accuracy is 0.9734375 and loss is 0.09235630631446838
At time: 17.602737426757812 accuracy is 0.9765625 and loss is 0.11861345767974854
At time: 17.78730082511902 accuracy is 0.959375 and loss is 0.1346632719039917
At time: 17.971758604049683 accuracy is 0.9484375 and loss is 0.2353612184524536
At time: 18.158281803131104 accuracy is 0.971875 and loss is 0.11445329189300538
At time: 18.34673047065735 accuracy is 0.971875 and loss is 0.05688086748123169
At time: 18.536414623260498 accuracy is 0.971875 and loss is 0.09834458231925965
At time: 18.728063106536865 accuracy is 0.984375 and loss is 0.05447020530700684
At time: 18.924309730529785 accuracy is 0.959375 and loss is 0.19216642379760743
At time: 19.122653245925903 accuracy is 0.93125 and loss is 0.19900704622268678
Evaluating...
Done Evaluating: Achieved accuracy of 0.7325581395348837
Not better for 5
Completing Train Step at 7th epoch...
At time: 19.864838123321533 accuracy is 0.9625 and loss is 0.12275316715240478
At time: 20.0409197807312 accuracy is 0.96875 and loss is 0.21870529651641846
At time: 20.2201030254364 accuracy is 0.975 and loss is 0.11641783714294433
At time: 20.401466846466064 accuracy is 0.984375 and loss is 0.06290975213050842
At time: 20.583698749542236 accuracy is 0.9921875 and loss is 0.05979974269866943
At time: 20.767838954925537 accuracy is 0.959375 and loss is 0.6995233535766602
At time: 20.953770399093628 accuracy is 0.975 and loss is 0.19277085065841676
At time: 21.140310049057007 accuracy is 0.98125 and loss is 0.13953566551208496
At time: 21.329105138778687 accuracy is 0.9875 and loss is 0.09139638543128967
At time: 21.524369955062866 accuracy is 0.9890625 and loss is 0.10379515886306763
At time: 21.720700979232788 accuracy is 0.978125 and loss is 0.09512269496917725
At time: 21.91918182373047 accuracy is 0.9640625 and loss is 0.11063321828842163
Evaluating...
Done Evaluating: Achieved accuracy of 0.7183866279069767
Not better for 6
Completing Train Step at 8th epoch...
At time: 22.659196138381958 accuracy is 0.9484375 and loss is 0.16148680448532104
At time: 22.836801052093506 accuracy is 0.98125 and loss is 0.11687777042388917
At time: 23.018055200576782 accuracy is 0.965625 and loss is 0.10621170997619629
At time: 23.200753450393677 accuracy is 0.9984375 and loss is 0.06961107850074769
At time: 23.38361620903015 accuracy is 0.9640625 and loss is 0.5137271881103516
At time: 23.568195343017578 accuracy is 0.978125 and loss is 0.3571251392364502
At time: 23.754658460617065 accuracy is 0.9703125 and loss is 0.18642337322235109
At time: 23.994314908981323 accuracy is 0.9859375 and loss is 0.184965181350708
At time: 24.184203147888184 accuracy is 0.9734375 and loss is 0.24977507591247558
At time: 24.376967906951904 accuracy is 0.9890625 and loss is 0.055049604177474974
At time: 24.576072692871094 accuracy is 0.9625 and loss is 0.19591790437698364
At time: 24.775136709213257 accuracy is 0.9734375 and loss is 0.187882137298584
Evaluating...
Done Evaluating: Achieved accuracy of 0.7285610465116279
Not better for 7
Completing Train Step at 9th epoch...
At time: 25.522045135498047 accuracy is 0.9609375 and loss is 0.09567221403121948
At time: 25.700024843215942 accuracy is 0.978125 and loss is 0.10337839126586915
At time: 25.879373788833618 accuracy is 0.9796875 and loss is 0.08649947643280029
At time: 26.060990810394287 accuracy is 0.9796875 and loss is 0.2615647315979004
At time: 26.243481874465942 accuracy is 0.9828125 and loss is 0.10995675325393676
At time: 26.427780389785767 accuracy is 0.9796875 and loss is 0.11710655689239502
At time: 26.61384415626526 accuracy is 0.9828125 and loss is 0.07166566848754882
At time: 26.800941467285156 accuracy is 0.9765625 and loss is 0.10251156091690064
At time: 26.990787267684937 accuracy is 0.9796875 and loss is 0.08239437341690063
At time: 27.18591618537903 accuracy is 0.9921875 and loss is 0.05701571106910706
At time: 27.381691694259644 accuracy is 0.990625 and loss is 0.07281070351600646
At time: 27.579566955566406 accuracy is 0.9875 and loss is 0.03621449768543243
Evaluating...
Done Evaluating: Achieved accuracy of 0.7194767441860465
Not better for 8
Completing Train Step at 10th epoch...
At time: 28.321563720703125 accuracy is 0.9640625 and loss is 0.11388723850250244
At time: 28.49925446510315 accuracy is 0.9796875 and loss is 0.06428054571151734
At time: 28.67953586578369 accuracy is 0.9828125 and loss is 0.10184965133666993
At time: 28.860709190368652 accuracy is 0.9734375 and loss is 0.2691246747970581
At time: 29.043174266815186 accuracy is 0.9828125 and loss is 0.12801522016525269
At time: 29.227776765823364 accuracy is 0.9828125 and loss is 0.10212200880050659
At time: 29.413395643234253 accuracy is 0.990625 and loss is 0.019020627439022064
At time: 29.6010901927948 accuracy is 0.9828125 and loss is 0.12376205921173096
At time: 29.790817737579346 accuracy is 0.9859375 and loss is 0.06386533379554749
At time: 29.981884241104126 accuracy is 0.984375 and loss is 0.05422400236129761
At time: 30.178510189056396 accuracy is 0.984375 and loss is 0.047867268323898315
At time: 30.378891944885254 accuracy is 0.9734375 and loss is 0.18982503414154053
Evaluating...
Done Evaluating: Achieved accuracy of 0.7122093023255814
Not better for 9
Completing Train Step at 11th epoch...
At time: 31.111650228500366 accuracy is 0.9609375 and loss is 0.09154555797576905
At time: 31.290592432022095 accuracy is 0.975 and loss is 0.07516753673553467
At time: 31.471281051635742 accuracy is 0.984375 and loss is 0.08735260963439942
At time: 31.65246558189392 accuracy is 0.984375 and loss is 0.06718135476112366
At time: 31.834036827087402 accuracy is 0.99375 and loss is 0.04333743453025818
At time: 32.019612312316895 accuracy is 0.984375 and loss is 0.08125343322753906
At time: 32.19972825050354 accuracy is 0.990625 and loss is 0.05614129304885864
At time: 32.382107973098755 accuracy is 0.978125 and loss is 0.1869403600692749
At time: 32.56668710708618 accuracy is 0.98125 and loss is 0.044558167457580566
At time: 32.75264549255371 accuracy is 0.9796875 and loss is 0.26057288646697996
At time: 32.94236087799072 accuracy is 0.9875 and loss is 0.13638777732849122
At time: 33.13520836830139 accuracy is 0.9375 and loss is 0.35004987716674807
Evaluating...
Done Evaluating: Achieved accuracy of 0.7401889534883721
Not better for 10
Model not improving. Stopping earlyat 0.7721656976744186 epochs.
Done Training. Achieved Best Accuracy of 0.7721656976744186
keyvalattn



RESULTS:
[{'params': {'batch_size': 32, 'lr': 0.0020035309421027863, 'wordvec_dim': 300, 'attn_type': 'similarity', 'wordvec_source': 'gigavec', 'dropout': 0.5081495664570659, 'l2': 0.9131257523045885, 'rnn_dropout': 0.8284227929054157, 'tune_attn': True, 'tune_wordvecs': True, 'num_layers': 1, 'data': 'MPQA'}, 'best_accuracy': 0.7885174418604651}, {'params': {'batch_size': 32, 'lr': 0.000885527979597932, 'wordvec_dim': 300, 'attn_type': 'similarity', 'wordvec_source': 'gigavec', 'dropout': 0.5582015849678641, 'l2': 0.5925155592973148, 'rnn_dropout': 0.12432375341285096, 'tune_attn': True, 'tune_wordvecs': True, 'num_layers': 1, 'data': 'MPQA'}, 'best_accuracy': 0.7754360465116279}, {'params': {'batch_size': 32, 'lr': 0.003498937510280913, 'wordvec_dim': 300, 'attn_type': 'similarity', 'wordvec_source': 'gigavec', 'dropout': 0.5156840297010017, 'l2': 0.20780772264293823, 'rnn_dropout': 0.8011314082124454, 'tune_attn': True, 'tune_wordvecs': True, 'num_layers': 1, 'data': 'MPQA'}, 'best_accuracy': 0.778343023255814}, {'params': {'batch_size': 32, 'lr': 0.0009092455140539422, 'wordvec_dim': 300, 'attn_type': 'similarity', 'wordvec_source': 'gigavec', 'dropout': 0.9199194031275272, 'l2': 0.8065745773059552, 'rnn_dropout': 0.34521715755142734, 'tune_attn': True, 'tune_wordvecs': True, 'num_layers': 1, 'data': 'MPQA'}, 'best_accuracy': 0.784156976744186}, {'params': {'batch_size': 32, 'lr': 0.0015192628649434866, 'wordvec_dim': 300, 'attn_type': 'similarity', 'wordvec_source': 'gigavec', 'dropout': 0.8067043347006777, 'l2': 0.3029927661963423, 'rnn_dropout': 0.9509219955640678, 'tune_attn': True, 'tune_wordvecs': True, 'num_layers': 1, 'data': 'MPQA'}, 'best_accuracy': 0.7721656976744186}]
