ROOT_PATH: /home-nfs/siddsach/ml/Interpreting-Attention/interpreting_language
Building Bayesian Optimizer for 
 data:MPQA 
 choices:[{'name': 'lr', 'domain': [5e-05, 0.005], 'type': 'continuous'}, {'name': 'rnn_dropout', 'domain': [0, 1], 'type': 'continuous'}, {'name': 'dropout', 'domain': [0, 1], 'type': 'continuous'}, {'name': 'l2', 'domain': [0, 1], 'type': 'continuous'}]
SETTINGS FOR THIS RUN
{'wordvec_dim': 300, 'tune_wordvecs': True, 'lr': 0.00023325799757261689, 'dropout': 0.5906502601890249, 'attn_type': None, 'wordvec_source': 'google', 'batch_size': 32, 'num_layers': 2, 'data': 'MPQA', 'rnn_dropout': 0.9004537478832505, 'l2': 0.8196913663957981}
Using CUDA!
here
None
Building RNN Classifier...

[93m    Warning: no model found for 'en'[0m

    Only loading the 'en' tokenizer.

Retrieving Data from file: /home-nfs/siddsach/ml/Interpreting-Attention/interpreting_language/data/mpqa/mpqa_subj_labels.pickle...
Loading Vectors From Memory...
Using these vectors: ['googlenews']
Getting google news vectors
Building Vocab...
[<torchtext.vocab.Vectors object at 0x7f4ad1891f60>]
Getting Batches...
Created Iterator with 261 batches
Getting Batches...
Created Iterator with 87 batches
Building model...
Using Vanilla RNN with following args:
{'rnn_dropout': 0.9004537478832505, 'vectors': 
 0.0000  0.0000  0.0000  ...   0.0000  0.0000  0.0000
 0.0000  0.0000  0.0000  ...   0.0000  0.0000  0.0000
 0.0000  0.0000  0.0000  ...   0.0000  0.0000  0.0000
          ...             ⋱             ...          
 0.0000  0.0000  0.0000  ...   0.0000  0.0000  0.0000
 0.0000  0.0000  0.0000  ...   0.0000  0.0000  0.0000
 0.0000  0.0000  0.0000  ...   0.0000  0.0000  0.0000
[torch.FloatTensor of size 15284x300]
, 'train_word_vecs': True, 'num_classes': 2, 'dropout': 0.5906502601890249, 'vocab_size': 15284, 'input_size': 300, 'hidden_size': 300, 'num_layers': 2, 'cuda': True, 'batch_size': 32}
Begin Training...
Completing Train Step at 0th epoch...
At time: 0.49203062057495117 accuracy is 0.559375 and loss is 0.7201457500457764
At time: 0.7401125431060791 accuracy is 0.5578125 and loss is 0.6861070156097412
At time: 0.9979808330535889 accuracy is 0.5828125 and loss is 0.6769780158996582
At time: 1.267301082611084 accuracy is 0.65625 and loss is 0.6266499996185303
At time: 1.5472133159637451 accuracy is 0.6984375 and loss is 0.5839818954467774
At time: 1.841778039932251 accuracy is 0.7484375 and loss is 0.533860445022583
At time: 2.1414811611175537 accuracy is 0.6953125 and loss is 0.5784793853759765
At time: 2.4511666297912598 accuracy is 0.7515625 and loss is 0.5313387393951416
At time: 2.7771995067596436 accuracy is 0.7484375 and loss is 0.5335066795349122
At time: 3.1146860122680664 accuracy is 0.76875 and loss is 0.5276805877685546
At time: 3.4708590507507324 accuracy is 0.775 and loss is 0.5072597026824951
At time: 3.856203317642212 accuracy is 0.7484375 and loss is 0.5293523788452148
Evaluating...
Done Evaluating: Achieved accuracy of 0.7445494186046512
Achieved new best!
Completing Train Step at 1th epoch...
At time: 4.952134132385254 accuracy is 0.66875 and loss is 0.6407665729522705
At time: 5.181648015975952 accuracy is 0.7703125 and loss is 0.5038891315460206
At time: 5.412764549255371 accuracy is 0.821875 and loss is 0.40488743782043457
At time: 5.649484872817993 accuracy is 0.8140625 and loss is 0.44589056968688967
At time: 5.893301010131836 accuracy is 0.8328125 and loss is 0.3900416851043701
At time: 6.142576217651367 accuracy is 0.821875 and loss is 0.3930228233337402
At time: 6.397203207015991 accuracy is 0.8328125 and loss is 0.3756514072418213
At time: 6.6571996212005615 accuracy is 0.83125 and loss is 0.3877089023590088
At time: 6.925259590148926 accuracy is 0.809375 and loss is 0.42909750938415525
At time: 7.199443340301514 accuracy is 0.8265625 and loss is 0.37837159633636475
At time: 7.485696792602539 accuracy is 0.81875 and loss is 0.36705048084259034
At time: 7.787325382232666 accuracy is 0.8109375 and loss is 0.42820420265197756
Evaluating...
Done Evaluating: Achieved accuracy of 0.7609011627906976
Achieved new best!
Completing Train Step at 2th epoch...
At time: 8.759428262710571 accuracy is 0.7171875 and loss is 0.5635051250457763
At time: 8.981078863143921 accuracy is 0.8671875 and loss is 0.3290103435516357
At time: 9.207051992416382 accuracy is 0.909375 and loss is 0.1972665548324585
At time: 9.437302112579346 accuracy is 0.896875 and loss is 0.2565553903579712
At time: 9.673807621002197 accuracy is 0.9140625 and loss is 0.2157890558242798
At time: 9.917704820632935 accuracy is 0.9078125 and loss is 0.20317866802215576
At time: 10.170753955841064 accuracy is 0.94375 and loss is 0.16632528305053712
At time: 10.428547382354736 accuracy is 0.925 and loss is 0.22156686782836915
At time: 10.697657823562622 accuracy is 0.890625 and loss is 0.2861857652664185
At time: 10.976326704025269 accuracy is 0.9 and loss is 0.26519677639007566
At time: 11.265277862548828 accuracy is 0.93125 and loss is 0.20468389987945557
At time: 11.569395065307617 accuracy is 0.890625 and loss is 0.29848628044128417
Evaluating...
Done Evaluating: Achieved accuracy of 0.7699854651162791
Achieved new best!
Completing Train Step at 3th epoch...
At time: 12.53741455078125 accuracy is 0.8140625 and loss is 0.4164936065673828
At time: 12.758082866668701 accuracy is 0.9109375 and loss is 0.2147697925567627
At time: 12.988181829452515 accuracy is 0.9578125 and loss is 0.12488610744476318
At time: 13.222960710525513 accuracy is 0.940625 and loss is 0.1658715009689331
At time: 13.46408486366272 accuracy is 0.95625 and loss is 0.11039373874664307
At time: 13.712948322296143 accuracy is 0.959375 and loss is 0.1134081482887268
At time: 13.968040466308594 accuracy is 0.953125 and loss is 0.13009748458862305
At time: 14.229499101638794 accuracy is 0.9453125 and loss is 0.15473796129226686
At time: 14.499670028686523 accuracy is 0.934375 and loss is 0.1994748592376709
At time: 14.777211427688599 accuracy is 0.9390625 and loss is 0.18645601272583007
At time: 15.06711483001709 accuracy is 0.9546875 and loss is 0.12405842542648315
At time: 15.371907711029053 accuracy is 0.8890625 and loss is 0.2767268180847168
Evaluating...
Done Evaluating: Achieved accuracy of 0.7634447674418605
Not better for 1
Completing Train Step at 4th epoch...
At time: 16.358507871627808 accuracy is 0.875 and loss is 0.30745203495025636
At time: 16.58575463294983 accuracy is 0.9421875 and loss is 0.14609947204589843
At time: 16.820276975631714 accuracy is 0.9484375 and loss is 0.16600431203842164
At time: 17.057032823562622 accuracy is 0.9421875 and loss is 0.16975059509277343
At time: 17.299723625183105 accuracy is 0.9625 and loss is 0.0787835419178009
At time: 17.550230264663696 accuracy is 0.9734375 and loss is 0.07428385019302368
At time: 17.808135986328125 accuracy is 0.9640625 and loss is 0.10653797388076783
At time: 18.073261976242065 accuracy is 0.95625 and loss is 0.11704984903335572
At time: 18.345422506332397 accuracy is 0.95 and loss is 0.15657109022140503
At time: 18.627683877944946 accuracy is 0.9578125 and loss is 0.14254707098007202
At time: 18.920138835906982 accuracy is 0.96875 and loss is 0.11481096744537353
At time: 19.22638463973999 accuracy is 0.8984375 and loss is 0.400724983215332
Evaluating...
Done Evaluating: Achieved accuracy of 0.7449127906976745
Not better for 2
Completing Train Step at 5th epoch...
At time: 20.208688497543335 accuracy is 0.9203125 and loss is 0.21557881832122802
At time: 20.427778005599976 accuracy is 0.965625 and loss is 0.10229599475860596
At time: 20.655714750289917 accuracy is 0.946875 and loss is 0.12055113315582275
At time: 20.891101837158203 accuracy is 0.9453125 and loss is 0.17937108278274536
At time: 21.13218927383423 accuracy is 0.98125 and loss is 0.057370924949646
At time: 21.381420373916626 accuracy is 0.971875 and loss is 0.07608374953269958
At time: 21.637900590896606 accuracy is 0.9578125 and loss is 0.11979231834411622
At time: 21.901665925979614 accuracy is 0.953125 and loss is 0.12828048467636108
At time: 22.172492742538452 accuracy is 0.971875 and loss is 0.10331569910049439
At time: 22.451131105422974 accuracy is 0.9671875 and loss is 0.12454419136047364
At time: 22.74259853363037 accuracy is 0.9734375 and loss is 0.09307148456573486
At time: 23.047858238220215 accuracy is 0.934375 and loss is 0.2263340473175049
Evaluating...
Done Evaluating: Achieved accuracy of 0.7579941860465116
Not better for 3
Completing Train Step at 6th epoch...
At time: 24.030409336090088 accuracy is 0.9578125 and loss is 0.1357508897781372
At time: 24.25592303276062 accuracy is 0.9484375 and loss is 0.14080079793930053
At time: 24.49392080307007 accuracy is 0.9578125 and loss is 0.11090036630630493
At time: 24.733309507369995 accuracy is 0.946875 and loss is 0.1333690643310547
At time: 24.976102828979492 accuracy is 0.9578125 and loss is 0.09295267462730408
At time: 25.225280284881592 accuracy is 0.9796875 and loss is 0.05430322289466858
At time: 25.48150134086609 accuracy is 0.975 and loss is 0.08799048662185668
At time: 25.74751091003418 accuracy is 0.953125 and loss is 0.15090930461883545
At time: 26.019426345825195 accuracy is 0.9578125 and loss is 0.1376147985458374
At time: 26.29911231994629 accuracy is 0.965625 and loss is 0.13452905416488647
At time: 26.589359045028687 accuracy is 0.98125 and loss is 0.06780668497085571
At time: 26.896161556243896 accuracy is 0.91875 and loss is 0.33736543655395507
Evaluating...
Done Evaluating: Achieved accuracy of 0.7579941860465116
Not better for 4
Completing Train Step at 7th epoch...
At time: 27.871485233306885 accuracy is 0.953125 and loss is 0.12578959465026857
At time: 28.091107845306396 accuracy is 0.971875 and loss is 0.07715926766395569
At time: 28.3207368850708 accuracy is 0.971875 and loss is 0.06715387105941772
At time: 28.58450174331665 accuracy is 0.9640625 and loss is 0.1021002173423767
At time: 28.833672761917114 accuracy is 0.9796875 and loss is 0.041777420043945315
At time: 29.089109182357788 accuracy is 0.990625 and loss is 0.03777683675289154
At time: 29.351662158966064 accuracy is 0.9703125 and loss is 0.09171128273010254
At time: 29.621188163757324 accuracy is 0.9609375 and loss is 0.12249567508697509
At time: 29.897966384887695 accuracy is 0.96875 and loss is 0.12609927654266356
At time: 30.184468984603882 accuracy is 0.965625 and loss is 0.0993061602115631
At time: 30.493255615234375 accuracy is 0.971875 and loss is 0.12498433589935302
At time: 30.81152367591858 accuracy is 0.91875 and loss is 0.2963082313537598
Evaluating...
Done Evaluating: Achieved accuracy of 0.75
Not better for 5
Completing Train Step at 8th epoch...
At time: 31.81175446510315 accuracy is 0.9640625 and loss is 0.09087973237037658
At time: 32.03872561454773 accuracy is 0.9859375 and loss is 0.04553256928920746
At time: 32.26985549926758 accuracy is 0.971875 and loss is 0.1121028184890747
At time: 32.50618577003479 accuracy is 0.9625 and loss is 0.11479386091232299
At time: 32.748241901397705 accuracy is 0.9921875 and loss is 0.046403294801712035
At time: 32.99868655204773 accuracy is 0.9703125 and loss is 0.08134182691574096
At time: 33.25806975364685 accuracy is 0.9796875 and loss is 0.07325883507728577
At time: 33.5242121219635 accuracy is 0.9625 and loss is 0.12617846727371215
At time: 33.79352951049805 accuracy is 0.971875 and loss is 0.10255732536315917
At time: 34.07451105117798 accuracy is 0.9890625 and loss is 0.04033397138118744
At time: 34.364840507507324 accuracy is 0.9765625 and loss is 0.0948243796825409
At time: 34.66897177696228 accuracy is 0.934375 and loss is 0.2956986427307129
Evaluating...
Done Evaluating: Achieved accuracy of 0.7361918604651163
Not better for 6
Completing Train Step at 9th epoch...
At time: 35.65473794937134 accuracy is 0.9734375 and loss is 0.07647483348846436
At time: 35.88234853744507 accuracy is 0.96875 and loss is 0.09318492412567139
At time: 36.11596727371216 accuracy is 0.96875 and loss is 0.10863039493560792
At time: 36.351656675338745 accuracy is 0.975 and loss is 0.08055229187011718
At time: 36.59202790260315 accuracy is 0.9921875 and loss is 0.028945553302764892
At time: 36.84114050865173 accuracy is 0.96875 and loss is 0.12799886465072632
At time: 37.09656858444214 accuracy is 0.9828125 and loss is 0.06466401219367982
At time: 37.35897922515869 accuracy is 0.9484375 and loss is 0.17632131576538085
At time: 37.629772424697876 accuracy is 0.9734375 and loss is 0.08195157051086426
At time: 37.90748929977417 accuracy is 0.9890625 and loss is 0.03653321862220764
At time: 38.19726872444153 accuracy is 0.9703125 and loss is 0.09903374314308167
At time: 38.50135397911072 accuracy is 0.934375 and loss is 0.26083157062530515
Evaluating...
Done Evaluating: Achieved accuracy of 0.7518168604651163
Not better for 7
Completing Train Step at 10th epoch...
At time: 39.48821949958801 accuracy is 0.9828125 and loss is 0.06570526361465454
At time: 39.715816497802734 accuracy is 0.978125 and loss is 0.08349229097366333
At time: 39.947951555252075 accuracy is 0.9703125 and loss is 0.13280975818634033
At time: 40.18200659751892 accuracy is 0.9609375 and loss is 0.12882163524627685
At time: 40.42341208457947 accuracy is 0.9859375 and loss is 0.05026581287384033
At time: 40.68109679222107 accuracy is 0.9515625 and loss is 0.14578666687011718
At time: 40.937278270721436 accuracy is 0.9734375 and loss is 0.07241359949111939
At time: 41.2002010345459 accuracy is 0.953125 and loss is 0.1372388482093811
At time: 41.46992301940918 accuracy is 0.984375 and loss is 0.07149837613105774
At time: 41.747462034225464 accuracy is 0.98125 and loss is 0.09713280200958252
At time: 42.03714084625244 accuracy is 0.9765625 and loss is 0.08268782496452332
At time: 42.341028690338135 accuracy is 0.9390625 and loss is 0.24122536182403564
Evaluating...
Done Evaluating: Achieved accuracy of 0.7340116279069767
Not better for 8
Completing Train Step at 11th epoch...
At time: 43.317322731018066 accuracy is 0.9734375 and loss is 0.09114879369735718
At time: 43.53783583641052 accuracy is 0.965625 and loss is 0.11919217109680176
At time: 43.76619482040405 accuracy is 0.9546875 and loss is 0.16163060665130616
At time: 44.00240182876587 accuracy is 0.9875 and loss is 0.047095879912376404
At time: 44.24397087097168 accuracy is 0.98125 and loss is 0.0550042450428009
At time: 44.49365592002869 accuracy is 0.975 and loss is 0.10758501291275024
At time: 44.74955439567566 accuracy is 0.98125 and loss is 0.06738355159759521
At time: 45.01349377632141 accuracy is 0.978125 and loss is 0.06563780307769776
At time: 45.28474307060242 accuracy is 0.975 and loss is 0.09139060974121094
At time: 45.563169956207275 accuracy is 0.9703125 and loss is 0.11491620540618896
At time: 45.85278820991516 accuracy is 0.978125 and loss is 0.08965733647346497
At time: 46.15616416931152 accuracy is 0.9546875 and loss is 0.15700976848602294
Evaluating...
Done Evaluating: Achieved accuracy of 0.7496366279069767
Not better for 9
Completing Train Step at 12th epoch...
At time: 47.138676166534424 accuracy is 0.9859375 and loss is 0.04474217295646667
At time: 47.36660194396973 accuracy is 0.95 and loss is 0.19682846069335938
At time: 47.598987102508545 accuracy is 0.98125 and loss is 0.07723825573921203
At time: 47.833826541900635 accuracy is 0.9796875 and loss is 0.058806377649307254
At time: 48.0743510723114 accuracy is 0.978125 and loss is 0.05732557773590088
At time: 48.32274627685547 accuracy is 0.965625 and loss is 0.15022345781326293
At time: 48.57824182510376 accuracy is 0.9765625 and loss is 0.07601596713066101
At time: 48.8417387008667 accuracy is 0.94375 and loss is 0.17724106311798096
At time: 49.113630294799805 accuracy is 0.965625 and loss is 0.12961788177490235
At time: 49.39149832725525 accuracy is 0.95625 and loss is 0.17526531219482422
At time: 49.6817581653595 accuracy is 0.975 and loss is 0.11476919651031495
At time: 49.98736119270325 accuracy is 0.9484375 and loss is 0.20238335132598878
Evaluating...
Done Evaluating: Achieved accuracy of 0.7456395348837209
Not better for 10
Model not improving. Stopping earlyat 0.7699854651162791 epochs.
Done Training. Achieved Best Accuracy of 0.7699854651162791
Improved accuracyfrom -10000000 to 0.7699854651162791
classifier
SETTINGS FOR THIS RUN
{'wordvec_dim': 300, 'tune_wordvecs': True, 'lr': 0.001902873832097792, 'dropout': 0.11988772154954996, 'attn_type': None, 'wordvec_source': 'google', 'batch_size': 32, 'num_layers': 2, 'data': 'MPQA', 'rnn_dropout': 0.7257862320197538, 'l2': 0.28817670430917985}
Using CUDA!
here
None
Building RNN Classifier...

[93m    Warning: no model found for 'en'[0m

    Only loading the 'en' tokenizer.

Retrieving Data from file: /home-nfs/siddsach/ml/Interpreting-Attention/interpreting_language/data/mpqa/mpqa_subj_labels.pickle...
Loading Vectors From Memory...
Using these vectors: ['googlenews']
Getting google news vectors
Building Vocab...
[<torchtext.vocab.Vectors object at 0x7f4ad009f358>]
Getting Batches...
Created Iterator with 261 batches
Getting Batches...
Created Iterator with 87 batches
Building model...
Using Vanilla RNN with following args:
{'rnn_dropout': 0.7257862320197538, 'vectors': 
 0.0000  0.0000  0.0000  ...   0.0000  0.0000  0.0000
 0.0000  0.0000  0.0000  ...   0.0000  0.0000  0.0000
 0.0000  0.0000  0.0000  ...   0.0000  0.0000  0.0000
          ...             ⋱             ...          
 0.0000  0.0000  0.0000  ...   0.0000  0.0000  0.0000
 0.0000  0.0000  0.0000  ...   0.0000  0.0000  0.0000
 0.0000  0.0000  0.0000  ...   0.0000  0.0000  0.0000
[torch.FloatTensor of size 15284x300]
, 'train_word_vecs': True, 'num_classes': 2, 'dropout': 0.11988772154954996, 'vocab_size': 15284, 'input_size': 300, 'hidden_size': 300, 'num_layers': 2, 'cuda': True, 'batch_size': 32}
Begin Training...
Completing Train Step at 0th epoch...
At time: 0.25988245010375977 accuracy is 0.5578125 and loss is 0.7502627849578858
At time: 0.5044257640838623 accuracy is 0.5015625 and loss is 0.7078663349151612
At time: 0.763247013092041 accuracy is 0.5265625 and loss is 0.7414515495300293
At time: 1.032634973526001 accuracy is 0.4703125 and loss is 0.7751440048217774
At time: 1.3147099018096924 accuracy is 0.5 and loss is 0.7362009525299072
At time: 1.6059744358062744 accuracy is 0.49375 and loss is 0.7397311687469482
At time: 1.9128670692443848 accuracy is 0.5359375 and loss is 0.7251859188079834
At time: 2.2271063327789307 accuracy is 0.55 and loss is 0.7083528518676758
At time: 2.555561065673828 accuracy is 0.5734375 and loss is 0.6982051849365234
At time: 2.895756721496582 accuracy is 0.55625 and loss is 0.754666805267334
At time: 3.2521610260009766 accuracy is 0.5953125 and loss is 0.6808015823364257
At time: 3.631502866744995 accuracy is 0.6109375 and loss is 0.6683758735656739
Evaluating...
Done Evaluating: Achieved accuracy of 0.48146802325581395
Achieved new best!
Completing Train Step at 1th epoch...
At time: 4.718465328216553 accuracy is 0.5171875 and loss is 0.798108434677124
At time: 4.945880889892578 accuracy is 0.5265625 and loss is 0.6947207450866699
At time: 5.17564845085144 accuracy is 0.5171875 and loss is 0.7165678977966309
At time: 5.410121202468872 accuracy is 0.465625 and loss is 0.7051941394805908
At time: 5.648931503295898 accuracy is 0.525 and loss is 0.6970369338989257
At time: 5.895751476287842 accuracy is 0.521875 and loss is 0.7015121459960938
At time: 6.148827314376831 accuracy is 0.54375 and loss is 0.6961987018585205
At time: 6.415732383728027 accuracy is 0.5640625 and loss is 0.6930275440216065
At time: 6.688376426696777 accuracy is 0.5640625 and loss is 0.7202054977416992
At time: 6.967000961303711 accuracy is 0.5578125 and loss is 0.6903933525085449
At time: 7.256000757217407 accuracy is 0.646875 and loss is 0.6681172370910644
At time: 7.561392784118652 accuracy is 0.609375 and loss is 0.6681704521179199
Evaluating...
Done Evaluating: Achieved accuracy of 0.5675872093023255
Achieved new best!
Completing Train Step at 2th epoch...
At time: 8.556405544281006 accuracy is 0.5375 and loss is 0.7679201126098633
At time: 8.786006212234497 accuracy is 0.54375 and loss is 0.7016872882843017
At time: 9.02011775970459 accuracy is 0.5171875 and loss is 0.7078612804412842
At time: 9.25510549545288 accuracy is 0.4875 and loss is 0.7064882755279541
At time: 9.496402502059937 accuracy is 0.4984375 and loss is 0.7168247699737549
At time: 9.744001388549805 accuracy is 0.53125 and loss is 0.7210931301116943
At time: 9.998150110244751 accuracy is 0.5359375 and loss is 0.7227904796600342
At time: 10.26003646850586 accuracy is 0.55625 and loss is 0.700413179397583
At time: 10.526906967163086 accuracy is 0.55 and loss is 0.726545763015747
At time: 10.80179500579834 accuracy is 0.55 and loss is 0.7045866966247558
At time: 11.088192701339722 accuracy is 0.646875 and loss is 0.6601450920104981
At time: 11.392177104949951 accuracy is 0.6265625 and loss is 0.6791344165802002
Evaluating...
Done Evaluating: Achieved accuracy of 0.5661337209302325
Not better for 1
Completing Train Step at 3th epoch...
At time: 12.379671812057495 accuracy is 0.49375 and loss is 0.7570855617523193
At time: 12.602736949920654 accuracy is 0.5078125 and loss is 0.7229012966156005
At time: 12.831238269805908 accuracy is 0.53125 and loss is 0.6893601417541504
At time: 13.062631130218506 accuracy is 0.5015625 and loss is 0.7354071617126465
At time: 13.301047563552856 accuracy is 0.546875 and loss is 0.6920393943786621
At time: 13.548022031784058 accuracy is 0.58125 and loss is 0.6721864700317383
At time: 13.80261778831482 accuracy is 0.55 and loss is 0.697480297088623
At time: 14.0646493434906 accuracy is 0.721875 and loss is 0.5918470859527588
At time: 14.334322929382324 accuracy is 0.5984375 and loss is 0.7193922996520996
At time: 14.611157894134521 accuracy is 0.74375 and loss is 0.5289071083068848
At time: 14.899965524673462 accuracy is 0.7515625 and loss is 0.5354576110839844
At time: 15.2050302028656 accuracy is 0.6375 and loss is 0.6359256267547607
Evaluating...
Done Evaluating: Achieved accuracy of 0.6787790697674418
Achieved new best!
Completing Train Step at 4th epoch...
At time: 16.191831350326538 accuracy is 0.5890625 and loss is 0.75391845703125
At time: 16.416743278503418 accuracy is 0.64375 and loss is 0.6181679248809815
At time: 16.64664101600647 accuracy is 0.7734375 and loss is 0.4944591999053955
At time: 16.880994081497192 accuracy is 0.696875 and loss is 0.6054230690002441
At time: 17.121145248413086 accuracy is 0.7890625 and loss is 0.47266135215759275
At time: 17.367734909057617 accuracy is 0.8171875 and loss is 0.4505427837371826
At time: 17.621954202651978 accuracy is 0.7578125 and loss is 0.4720726490020752
At time: 17.882541179656982 accuracy is 0.84375 and loss is 0.39617152214050294
At time: 18.15105390548706 accuracy is 0.7921875 and loss is 0.4684452056884766
At time: 18.428351879119873 accuracy is 0.8640625 and loss is 0.33730502128601075
At time: 18.7168390750885 accuracy is 0.8203125 and loss is 0.42999706268310545
At time: 19.01898765563965 accuracy is 0.76875 and loss is 0.5243005275726318
Evaluating...
Done Evaluating: Achieved accuracy of 0.5959302325581395
Not better for 1
Completing Train Step at 5th epoch...
At time: 20.006009340286255 accuracy is 0.6078125 and loss is 1.0997872352600098
At time: 20.22826600074768 accuracy is 0.6890625 and loss is 0.5647936820983886
At time: 20.456091165542603 accuracy is 0.8171875 and loss is 0.44437122344970703
At time: 20.688364028930664 accuracy is 0.778125 and loss is 0.5000297546386718
At time: 20.927120447158813 accuracy is 0.83125 and loss is 0.4250995635986328
At time: 21.17252826690674 accuracy is 0.85625 and loss is 0.3813356876373291
At time: 21.426706075668335 accuracy is 0.83125 and loss is 0.3900088548660278
At time: 21.687000274658203 accuracy is 0.884375 and loss is 0.27992608547210696
At time: 21.95412850379944 accuracy is 0.890625 and loss is 0.301335883140564
At time: 22.229393005371094 accuracy is 0.928125 and loss is 0.21553893089294435
At time: 22.51580286026001 accuracy is 0.8609375 and loss is 0.37858145236968993
At time: 22.827980756759644 accuracy is 0.815625 and loss is 0.45878095626831056
Evaluating...
Done Evaluating: Achieved accuracy of 0.7423691860465116
Achieved new best!
Completing Train Step at 6th epoch...
At time: 23.836012363433838 accuracy is 0.7234375 and loss is 0.5987083435058593
At time: 24.053396224975586 accuracy is 0.8140625 and loss is 0.41065468788146975
At time: 24.278127431869507 accuracy is 0.8578125 and loss is 0.33551151752471925
At time: 24.510151624679565 accuracy is 0.8578125 and loss is 0.38343732357025145
At time: 24.750640630722046 accuracy is 0.8453125 and loss is 0.4301620960235596
At time: 25.004512310028076 accuracy is 0.8828125 and loss is 0.33088300228118894
At time: 25.25860857963562 accuracy is 0.86875 and loss is 0.3239848852157593
At time: 25.520530462265015 accuracy is 0.9125 and loss is 0.22843477725982667
At time: 25.787664651870728 accuracy is 0.9265625 and loss is 0.21039931774139403
At time: 26.06288719177246 accuracy is 0.909375 and loss is 0.24908802509307862
At time: 26.350623607635498 accuracy is 0.865625 and loss is 0.3405994176864624
At time: 26.65332341194153 accuracy is 0.8421875 and loss is 0.4339090347290039
Evaluating...
Done Evaluating: Achieved accuracy of 0.7143895348837209
Not better for 1
Completing Train Step at 7th epoch...
At time: 27.636739492416382 accuracy is 0.8109375 and loss is 0.5334047317504883
At time: 27.861668586730957 accuracy is 0.853125 and loss is 0.39254536628723147
At time: 28.093194723129272 accuracy is 0.94375 and loss is 0.19151711463928223
At time: 28.326560497283936 accuracy is 0.878125 and loss is 0.34811816215515134
At time: 28.565600395202637 accuracy is 0.8453125 and loss is 0.37457139492034913
At time: 28.82256031036377 accuracy is 0.934375 and loss is 0.21477131843566893
At time: 29.079893112182617 accuracy is 0.915625 and loss is 0.22773470878601074
At time: 29.342693328857422 accuracy is 0.9453125 and loss is 0.1623368501663208
At time: 29.61302638053894 accuracy is 0.9328125 and loss is 0.19332528114318848
At time: 29.89131808280945 accuracy is 0.959375 and loss is 0.15001437664031983
At time: 30.181318044662476 accuracy is 0.93125 and loss is 0.22545466423034669
At time: 30.486159324645996 accuracy is 0.9 and loss is 0.2746209859848022
Evaluating...
Done Evaluating: Achieved accuracy of 0.7510901162790697
Achieved new best!
Completing Train Step at 8th epoch...
At time: 31.491976499557495 accuracy is 0.8515625 and loss is 0.3618249177932739
At time: 31.71719479560852 accuracy is 0.9015625 and loss is 0.28835716247558596
At time: 31.947685718536377 accuracy is 0.9546875 and loss is 0.15515509843826295
At time: 32.18288779258728 accuracy is 0.9171875 and loss is 0.2594926834106445
At time: 32.42374539375305 accuracy is 0.89375 and loss is 0.2794924736022949
At time: 32.68299913406372 accuracy is 0.9421875 and loss is 0.18459297418594361
At time: 32.947325706481934 accuracy is 0.9328125 and loss is 0.1812783122062683
At time: 33.21751022338867 accuracy is 0.9484375 and loss is 0.15507986545562744
At time: 33.4874312877655 accuracy is 0.9078125 and loss is 0.2983344078063965
At time: 33.7646541595459 accuracy is 0.953125 and loss is 0.1614145517349243
At time: 34.05206060409546 accuracy is 0.96875 and loss is 0.1144710659980774
At time: 34.36311221122742 accuracy is 0.925 and loss is 0.24341986179351807
Evaluating...
Done Evaluating: Achieved accuracy of 0.7445494186046512
Not better for 1
Completing Train Step at 9th epoch...
At time: 35.354947566986084 accuracy is 0.8921875 and loss is 0.26927568912506106
At time: 35.573158979415894 accuracy is 0.86875 and loss is 0.3402847766876221
At time: 35.79932165145874 accuracy is 0.9484375 and loss is 0.1543796181678772
At time: 36.03187942504883 accuracy is 0.8921875 and loss is 0.3187821626663208
At time: 36.27067589759827 accuracy is 0.878125 and loss is 0.2928807497024536
At time: 36.516719818115234 accuracy is 0.9484375 and loss is 0.1521531581878662
At time: 36.7705283164978 accuracy is 0.9453125 and loss is 0.15598673820495607
At time: 37.030062675476074 accuracy is 0.9546875 and loss is 0.126054584980011
At time: 37.29823398590088 accuracy is 0.95625 and loss is 0.12635380029678345
At time: 37.575056076049805 accuracy is 0.95 and loss is 0.1271834373474121
At time: 37.86229467391968 accuracy is 0.98125 and loss is 0.07295443415641785
At time: 38.16416525840759 accuracy is 0.9453125 and loss is 0.20394699573516845
Evaluating...
Done Evaluating: Achieved accuracy of 0.7401889534883721
Not better for 2
Completing Train Step at 10th epoch...
At time: 39.15227127075195 accuracy is 0.915625 and loss is 0.2527750015258789
At time: 39.377246379852295 accuracy is 0.921875 and loss is 0.23550734519958497
At time: 39.60730338096619 accuracy is 0.9484375 and loss is 0.12751383781433107
At time: 39.84239387512207 accuracy is 0.928125 and loss is 0.16982896327972413
At time: 40.080217361450195 accuracy is 0.9328125 and loss is 0.171102774143219
At time: 40.325841426849365 accuracy is 0.946875 and loss is 0.14101788997650147
At time: 40.58027267456055 accuracy is 0.953125 and loss is 0.15201659202575685
At time: 40.84141421318054 accuracy is 0.9609375 and loss is 0.10860618352890014
At time: 41.11062145233154 accuracy is 0.9546875 and loss is 0.11753263473510742
At time: 41.38812708854675 accuracy is 0.9359375 and loss is 0.17650203704833983
At time: 41.67773175239563 accuracy is 0.903125 and loss is 0.26570179462432864
At time: 41.9808828830719 accuracy is 0.9453125 and loss is 0.19090874195098878
Evaluating...
Done Evaluating: Achieved accuracy of 0.7412790697674418
Not better for 3
Completing Train Step at 11th epoch...
At time: 42.9765887260437 accuracy is 0.9078125 and loss is 0.23920512199401855
At time: 43.20201325416565 accuracy is 0.9359375 and loss is 0.1988966703414917
At time: 43.431013107299805 accuracy is 0.9671875 and loss is 0.12354853153228759
At time: 43.66480231285095 accuracy is 0.953125 and loss is 0.16034985780715943
At time: 43.90434169769287 accuracy is 0.95 and loss is 0.14063053131103515
At time: 44.150968074798584 accuracy is 0.953125 and loss is 0.13302897214889525
At time: 44.40397667884827 accuracy is 0.9703125 and loss is 0.1305492639541626
At time: 44.664618730545044 accuracy is 0.946875 and loss is 0.13330209255218506
At time: 44.93404579162598 accuracy is 0.9671875 and loss is 0.08992276787757873
At time: 45.20879888534546 accuracy is 0.978125 and loss is 0.08880655765533448
At time: 45.496241092681885 accuracy is 0.978125 and loss is 0.0676831066608429
At time: 45.798460245132446 accuracy is 0.9375 and loss is 0.1883336901664734
Evaluating...
Done Evaluating: Achieved accuracy of 0.7263808139534884
Not better for 4
Completing Train Step at 12th epoch...
At time: 46.79186701774597 accuracy is 0.8796875 and loss is 0.2814842700958252
At time: 47.01675748825073 accuracy is 0.9078125 and loss is 0.21540312767028807
At time: 47.247196197509766 accuracy is 0.9578125 and loss is 0.11246459484100342
At time: 47.48071074485779 accuracy is 0.9609375 and loss is 0.11840416193008423
At time: 47.71862173080444 accuracy is 0.9515625 and loss is 0.13695002794265748
At time: 47.96446490287781 accuracy is 0.95 and loss is 0.1159121036529541
At time: 48.21950817108154 accuracy is 0.959375 and loss is 0.11081013679504395
At time: 48.481311559677124 accuracy is 0.95625 and loss is 0.12370364665985108
At time: 48.75916147232056 accuracy is 0.965625 and loss is 0.12035861015319824
At time: 49.03842735290527 accuracy is 0.9546875 and loss is 0.13386739492416383
At time: 49.32766938209534 accuracy is 0.91875 and loss is 0.27953600883483887
At time: 49.62903165817261 accuracy is 0.9515625 and loss is 0.15082454681396484
Evaluating...
Done Evaluating: Achieved accuracy of 0.7478197674418605
Not better for 5
Completing Train Step at 13th epoch...
At time: 50.61038684844971 accuracy is 0.9265625 and loss is 0.20872766971588136
At time: 50.83341598510742 accuracy is 0.946875 and loss is 0.13846949338912964
At time: 51.06467795372009 accuracy is 0.9765625 and loss is 0.07969380021095276
At time: 51.29732537269592 accuracy is 0.96875 and loss is 0.08908761739730835
At time: 51.53754162788391 accuracy is 0.94375 and loss is 0.1848984479904175
At time: 51.783100843429565 accuracy is 0.9703125 and loss is 0.0762489378452301
At time: 52.03610372543335 accuracy is 0.9734375 and loss is 0.09985331892967224
At time: 52.2998571395874 accuracy is 0.98125 and loss is 0.07166996002197265
At time: 52.568509101867676 accuracy is 0.9546875 and loss is 0.14852012395858766
At time: 52.844754695892334 accuracy is 0.971875 and loss is 0.06957910060882569
At time: 53.13089609146118 accuracy is 0.971875 and loss is 0.09837880134582519
At time: 53.43552899360657 accuracy is 0.96875 and loss is 0.11246516704559326
Evaluating...
Done Evaluating: Achieved accuracy of 0.7278343023255814
Not better for 6
Completing Train Step at 14th epoch...
At time: 54.41565775871277 accuracy is 0.940625 and loss is 0.1597450852394104
At time: 54.63826608657837 accuracy is 0.95 and loss is 0.1282084584236145
At time: 54.86613416671753 accuracy is 0.971875 and loss is 0.08208647966384888
At time: 55.09846043586731 accuracy is 0.96875 and loss is 0.10924464464187622
At time: 55.3367965221405 accuracy is 0.965625 and loss is 0.1264211893081665
At time: 55.583003520965576 accuracy is 0.9828125 and loss is 0.0601652979850769
At time: 55.83675146102905 accuracy is 0.965625 and loss is 0.11503934860229492
At time: 56.096076011657715 accuracy is 0.9828125 and loss is 0.05676617026329041
At time: 56.36464738845825 accuracy is 0.971875 and loss is 0.06790581345558167
At time: 56.63983774185181 accuracy is 0.9828125 and loss is 0.08438775539398194
At time: 56.927106618881226 accuracy is 0.9875 and loss is 0.06813734173774719
At time: 57.229692459106445 accuracy is 0.96875 and loss is 0.1045033097267151
Evaluating...
Done Evaluating: Achieved accuracy of 0.7347383720930233
Not better for 7
Completing Train Step at 15th epoch...
At time: 58.20176601409912 accuracy is 0.93125 and loss is 0.1997610807418823
At time: 58.41879868507385 accuracy is 0.95625 and loss is 0.13268136978149414
At time: 58.64308786392212 accuracy is 0.978125 and loss is 0.060036981105804445
At time: 58.87471914291382 accuracy is 0.9671875 and loss is 0.1456122875213623
At time: 59.11265230178833 accuracy is 0.965625 and loss is 0.08093380331993102
At time: 59.357362270355225 accuracy is 0.98125 and loss is 0.04742521345615387
At time: 59.610421657562256 accuracy is 0.9828125 and loss is 0.060042780637741086
At time: 59.87170600891113 accuracy is 0.9765625 and loss is 0.06766688823699951
At time: 60.14116311073303 accuracy is 0.9640625 and loss is 0.09581979513168334
At time: 60.41945028305054 accuracy is 0.984375 and loss is 0.0529768168926239
At time: 60.70832896232605 accuracy is 0.9765625 and loss is 0.09159043431282043
At time: 61.012667655944824 accuracy is 0.9453125 and loss is 0.20030734539031983
Evaluating...
Done Evaluating: Achieved accuracy of 0.7274709302325582
Not better for 8
Completing Train Step at 16th epoch...
At time: 61.98888397216797 accuracy is 0.9359375 and loss is 0.17959256172180177
At time: 62.21253943443298 accuracy is 0.9625 and loss is 0.10771304368972778
At time: 62.43890452384949 accuracy is 0.984375 and loss is 0.04312810897827148
At time: 62.67278861999512 accuracy is 0.9546875 and loss is 0.17930518388748168
At time: 62.91231107711792 accuracy is 0.959375 and loss is 0.10770936012268066
At time: 63.15899181365967 accuracy is 0.975 and loss is 0.11436647176742554
At time: 63.41270327568054 accuracy is 0.975 and loss is 0.10942089557647705
At time: 63.67308259010315 accuracy is 0.9765625 and loss is 0.06652646064758301
At time: 63.94133901596069 accuracy is 0.975 and loss is 0.08694201111793518
At time: 64.21744298934937 accuracy is 0.9859375 and loss is 0.0631264865398407
At time: 64.50396132469177 accuracy is 0.984375 and loss is 0.06289157867431641
At time: 64.80611658096313 accuracy is 0.965625 and loss is 0.13607274293899535
Evaluating...
Done Evaluating: Achieved accuracy of 0.732921511627907
Not better for 9
Completing Train Step at 17th epoch...
At time: 65.78268241882324 accuracy is 0.940625 and loss is 0.1409156322479248
At time: 66.00014519691467 accuracy is 0.965625 and loss is 0.0903242826461792
At time: 66.226407289505 accuracy is 0.9703125 and loss is 0.0632159948348999
At time: 66.45807218551636 accuracy is 0.9796875 and loss is 0.07785484790802003
At time: 66.69576406478882 accuracy is 0.9765625 and loss is 0.07342391610145568
At time: 66.9432430267334 accuracy is 0.9703125 and loss is 0.07400172352790832
At time: 67.19715666770935 accuracy is 0.9734375 and loss is 0.07752133011817933
At time: 67.45852017402649 accuracy is 0.9765625 and loss is 0.09521369934082032
At time: 67.72746300697327 accuracy is 0.9640625 and loss is 0.10203485488891602
At time: 68.00395512580872 accuracy is 0.9890625 and loss is 0.04369185268878937
At time: 68.293297290802 accuracy is 0.978125 and loss is 0.07317407131195068
At time: 68.59694528579712 accuracy is 0.9796875 and loss is 0.07097619771957397
Evaluating...
Done Evaluating: Achieved accuracy of 0.7311046511627907
Not better for 10
Model not improving. Stopping earlyat 0.7510901162790697 epochs.
Done Training. Achieved Best Accuracy of 0.7510901162790697
classifier
SETTINGS FOR THIS RUN
{'wordvec_dim': 300, 'tune_wordvecs': True, 'lr': 0.0004844873543255235, 'dropout': 0.7562050308016849, 'attn_type': None, 'wordvec_source': 'google', 'batch_size': 32, 'num_layers': 2, 'data': 'MPQA', 'rnn_dropout': 0.37213550138918816, 'l2': 0.9178727027474701}
Using CUDA!
here
None
Building RNN Classifier...

[93m    Warning: no model found for 'en'[0m

    Only loading the 'en' tokenizer.

Retrieving Data from file: /home-nfs/siddsach/ml/Interpreting-Attention/interpreting_language/data/mpqa/mpqa_subj_labels.pickle...
Loading Vectors From Memory...
Using these vectors: ['googlenews']
Getting google news vectors
Building Vocab...
[<torchtext.vocab.Vectors object at 0x7f4ad7e32f60>]
Getting Batches...
Created Iterator with 261 batches
Getting Batches...
Created Iterator with 87 batches
Building model...
Using Vanilla RNN with following args:
{'rnn_dropout': 0.37213550138918816, 'vectors': 
 0.0000  0.0000  0.0000  ...   0.0000  0.0000  0.0000
 0.0000  0.0000  0.0000  ...   0.0000  0.0000  0.0000
 0.0000  0.0000  0.0000  ...   0.0000  0.0000  0.0000
          ...             ⋱             ...          
 0.0000  0.0000  0.0000  ...   0.0000  0.0000  0.0000
 0.0000  0.0000  0.0000  ...   0.0000  0.0000  0.0000
 0.0000  0.0000  0.0000  ...   0.0000  0.0000  0.0000
[torch.FloatTensor of size 15284x300]
, 'train_word_vecs': True, 'num_classes': 2, 'dropout': 0.7562050308016849, 'vocab_size': 15284, 'input_size': 300, 'hidden_size': 300, 'num_layers': 2, 'cuda': True, 'batch_size': 32}
Begin Training...
Completing Train Step at 0th epoch...
At time: 0.2711212635040283 accuracy is 0.5671875 and loss is 0.7222488403320313
At time: 0.5198426246643066 accuracy is 0.5484375 and loss is 0.6873620033264161
At time: 0.7788493633270264 accuracy is 0.5984375 and loss is 0.6576030731201172
At time: 1.045229434967041 accuracy is 0.6265625 and loss is 0.662874984741211
At time: 1.32244873046875 accuracy is 0.69375 and loss is 0.593407392501831
At time: 1.6123361587524414 accuracy is 0.7078125 and loss is 0.5916847705841064
At time: 1.9119892120361328 accuracy is 0.7078125 and loss is 0.5790975093841553
At time: 2.2229716777801514 accuracy is 0.734375 and loss is 0.5906242370605469
At time: 2.5463051795959473 accuracy is 0.734375 and loss is 0.5686271667480469
At time: 2.8823328018188477 accuracy is 0.7390625 and loss is 0.5402195930480957
At time: 3.2369656562805176 accuracy is 0.79375 and loss is 0.48708648681640626
At time: 3.614960193634033 accuracy is 0.746875 and loss is 0.5349472999572754
Evaluating...
Done Evaluating: Achieved accuracy of 0.7194767441860465
Achieved new best!
Completing Train Step at 1th epoch...
At time: 4.684199333190918 accuracy is 0.6609375 and loss is 0.6445071220397949
At time: 4.903491497039795 accuracy is 0.7828125 and loss is 0.5121843338012695
At time: 5.1309051513671875 accuracy is 0.775 and loss is 0.4552642822265625
At time: 5.364952087402344 accuracy is 0.80625 and loss is 0.4721269130706787
At time: 5.606249094009399 accuracy is 0.815625 and loss is 0.42516427040100097
At time: 5.854310035705566 accuracy is 0.8140625 and loss is 0.4466282844543457
At time: 6.110067367553711 accuracy is 0.8015625 and loss is 0.44270763397216795
At time: 6.373480796813965 accuracy is 0.809375 and loss is 0.4386481761932373
At time: 6.644197940826416 accuracy is 0.784375 and loss is 0.48633899688720705
At time: 6.923227071762085 accuracy is 0.8125 and loss is 0.4291813373565674
At time: 7.211897850036621 accuracy is 0.8171875 and loss is 0.4079014301300049
At time: 7.515854120254517 accuracy is 0.8 and loss is 0.4567230224609375
Evaluating...
Done Evaluating: Achieved accuracy of 0.7728924418604651
Achieved new best!
Completing Train Step at 2th epoch...
At time: 8.501121520996094 accuracy is 0.821875 and loss is 0.43357076644897463
At time: 8.721325874328613 accuracy is 0.875 and loss is 0.2952284574508667
At time: 8.949416399002075 accuracy is 0.8703125 and loss is 0.36600985527038576
At time: 9.184228420257568 accuracy is 0.8703125 and loss is 0.35480237007141113
At time: 9.424606084823608 accuracy is 0.89375 and loss is 0.2726683855056763
At time: 9.673158884048462 accuracy is 0.925 and loss is 0.21531133651733397
At time: 9.92892336845398 accuracy is 0.9046875 and loss is 0.2675171852111816
At time: 10.192545175552368 accuracy is 0.8984375 and loss is 0.311694860458374
At time: 10.461841583251953 accuracy is 0.86875 and loss is 0.4019315242767334
At time: 10.739414691925049 accuracy is 0.9234375 and loss is 0.24655563831329347
At time: 11.02696180343628 accuracy is 0.9046875 and loss is 0.26573383808135986
At time: 11.329511880874634 accuracy is 0.8859375 and loss is 0.3089664697647095
Evaluating...
Done Evaluating: Achieved accuracy of 0.7710755813953488
Not better for 1
Completing Train Step at 3th epoch...
At time: 12.32070255279541 accuracy is 0.90625 and loss is 0.29473185539245605
At time: 12.545483589172363 accuracy is 0.9375 and loss is 0.18765969276428224
At time: 12.774172067642212 accuracy is 0.890625 and loss is 0.26287217140197755
At time: 13.007847547531128 accuracy is 0.9109375 and loss is 0.23866593837738037
At time: 13.247055768966675 accuracy is 0.93125 and loss is 0.19687875509262084
At time: 13.492666721343994 accuracy is 0.9546875 and loss is 0.18495051860809325
At time: 13.746869087219238 accuracy is 0.934375 and loss is 0.249273681640625
At time: 14.0090811252594 accuracy is 0.9234375 and loss is 0.21927485466003419
At time: 14.278228282928467 accuracy is 0.890625 and loss is 0.36057424545288086
At time: 14.555240869522095 accuracy is 0.934375 and loss is 0.1963898777961731
At time: 14.844099044799805 accuracy is 0.94375 and loss is 0.16190265417098998
At time: 15.147276878356934 accuracy is 0.93125 and loss is 0.23438811302185059
Evaluating...
Done Evaluating: Achieved accuracy of 0.752906976744186
Not better for 2
Completing Train Step at 4th epoch...
At time: 16.116111516952515 accuracy is 0.915625 and loss is 0.22995243072509766
At time: 16.333329916000366 accuracy is 0.9578125 and loss is 0.11762882471084594
At time: 16.55846333503723 accuracy is 0.9484375 and loss is 0.13380961418151854
At time: 16.790791988372803 accuracy is 0.928125 and loss is 0.1925290584564209
At time: 17.029998064041138 accuracy is 0.940625 and loss is 0.17570097446441652
At time: 17.277557849884033 accuracy is 0.9578125 and loss is 0.11741945743560792
At time: 17.531038284301758 accuracy is 0.95 and loss is 0.15026851892471313
At time: 17.792503118515015 accuracy is 0.9390625 and loss is 0.1722401738166809
At time: 18.060686826705933 accuracy is 0.890625 and loss is 0.3246473789215088
At time: 18.33641743659973 accuracy is 0.9421875 and loss is 0.1945316433906555
At time: 18.62416982650757 accuracy is 0.9609375 and loss is 0.11601959466934204
At time: 18.927343606948853 accuracy is 0.93125 and loss is 0.1967347264289856
Evaluating...
Done Evaluating: Achieved accuracy of 0.7489098837209303
Not better for 3
Completing Train Step at 5th epoch...
At time: 19.913851022720337 accuracy is 0.9390625 and loss is 0.20855534076690674
At time: 20.141277551651 accuracy is 0.9515625 and loss is 0.14501869678497314
At time: 20.3717942237854 accuracy is 0.95625 and loss is 0.1448380708694458
At time: 20.606183290481567 accuracy is 0.9203125 and loss is 0.22364184856414795
At time: 20.84672713279724 accuracy is 0.9390625 and loss is 0.15540271997451782
At time: 21.094284534454346 accuracy is 0.96875 and loss is 0.10585050582885742
At time: 21.34929585456848 accuracy is 0.9796875 and loss is 0.07708678245544434
At time: 21.611334323883057 accuracy is 0.95 and loss is 0.16186810731887818
At time: 21.898024559020996 accuracy is 0.940625 and loss is 0.20753514766693115
At time: 22.18103313446045 accuracy is 0.9640625 and loss is 0.12101168632507324
At time: 22.474457025527954 accuracy is 0.9625 and loss is 0.13422385454177857
At time: 22.78265142440796 accuracy is 0.946875 and loss is 0.1541106104850769
Evaluating...
Done Evaluating: Achieved accuracy of 0.7474563953488372
Not better for 4
Completing Train Step at 6th epoch...
At time: 23.807202339172363 accuracy is 0.9546875 and loss is 0.14738428592681885
At time: 24.038846015930176 accuracy is 0.915625 and loss is 0.19054826498031616
At time: 24.275118589401245 accuracy is 0.9578125 and loss is 0.12192232608795166
At time: 24.51398253440857 accuracy is 0.9171875 and loss is 0.22341907024383545
At time: 24.759517669677734 accuracy is 0.9453125 and loss is 0.14412364959716797
At time: 25.012945652008057 accuracy is 0.9109375 and loss is 0.2500849723815918
At time: 25.273300170898438 accuracy is 0.946875 and loss is 0.14135710000991822
At time: 25.55548119544983 accuracy is 0.940625 and loss is 0.1848560929298401
At time: 25.834954500198364 accuracy is 0.9625 and loss is 0.13835724592208862
At time: 26.11931324005127 accuracy is 0.9765625 and loss is 0.08421111106872559
At time: 26.408541917800903 accuracy is 0.971875 and loss is 0.09069958329200745
At time: 26.711385011672974 accuracy is 0.9703125 and loss is 0.09122055768966675
Evaluating...
Done Evaluating: Achieved accuracy of 0.731468023255814
Not better for 5
Completing Train Step at 7th epoch...
At time: 27.69968318939209 accuracy is 0.94375 and loss is 0.18616843223571777
At time: 27.923868894577026 accuracy is 0.971875 and loss is 0.09609708189964294
At time: 28.154564142227173 accuracy is 0.9671875 and loss is 0.10164870023727417
At time: 28.389039039611816 accuracy is 0.959375 and loss is 0.11138560771942138
At time: 28.628944158554077 accuracy is 0.9203125 and loss is 0.1924303412437439
At time: 28.8771710395813 accuracy is 0.9453125 and loss is 0.16855396032333375
At time: 29.131864547729492 accuracy is 0.9640625 and loss is 0.11376595497131348
At time: 29.394206047058105 accuracy is 0.9671875 and loss is 0.098795485496521
At time: 29.663686513900757 accuracy is 0.965625 and loss is 0.09177870750427246
At time: 29.939586639404297 accuracy is 0.959375 and loss is 0.15760406255722045
At time: 30.2296724319458 accuracy is 0.96875 and loss is 0.11593005657196045
At time: 30.534619092941284 accuracy is 0.9546875 and loss is 0.11272701025009155
Evaluating...
Done Evaluating: Achieved accuracy of 0.7296511627906976
Not better for 6
Completing Train Step at 8th epoch...
At time: 31.526458024978638 accuracy is 0.95 and loss is 0.14910309314727782
At time: 31.750895023345947 accuracy is 0.9671875 and loss is 0.1163320779800415
At time: 31.980477571487427 accuracy is 0.965625 and loss is 0.14010813236236572
At time: 32.214845180511475 accuracy is 0.9625 and loss is 0.11949688196182251
At time: 32.45548343658447 accuracy is 0.9671875 and loss is 0.11524031162261963
At time: 32.70297646522522 accuracy is 0.9578125 and loss is 0.10591528415679932
At time: 32.95829701423645 accuracy is 0.9640625 and loss is 0.10070240497589111
At time: 33.22037482261658 accuracy is 0.9734375 and loss is 0.1165812849998474
At time: 33.490702867507935 accuracy is 0.9640625 and loss is 0.11153346300125122
At time: 33.77037692070007 accuracy is 0.953125 and loss is 0.14225308895111083
At time: 34.060123682022095 accuracy is 0.978125 and loss is 0.05913259387016297
At time: 34.363951206207275 accuracy is 0.971875 and loss is 0.07256683111190795
Evaluating...
Done Evaluating: Achieved accuracy of 0.7365552325581395
Not better for 7
Completing Train Step at 9th epoch...
At time: 35.349974632263184 accuracy is 0.971875 and loss is 0.1139136552810669
At time: 35.574668407440186 accuracy is 0.965625 and loss is 0.11960312128067016
At time: 35.80670523643494 accuracy is 0.959375 and loss is 0.0875381886959076
At time: 36.04114818572998 accuracy is 0.978125 and loss is 0.07295888066291809
At time: 36.281330823898315 accuracy is 0.9671875 and loss is 0.06767924427986145
At time: 36.52907109260559 accuracy is 0.9671875 and loss is 0.11223164796829224
At time: 36.78297424316406 accuracy is 0.9734375 and loss is 0.07707782983779907
At time: 37.04462671279907 accuracy is 0.9515625 and loss is 0.1453164339065552
At time: 37.312381744384766 accuracy is 0.971875 and loss is 0.0819987952709198
At time: 37.59108924865723 accuracy is 0.9671875 and loss is 0.08226560354232788
At time: 37.88103938102722 accuracy is 0.978125 and loss is 0.05836776494979858
At time: 38.18380093574524 accuracy is 0.9890625 and loss is 0.038443556427955626
Evaluating...
Done Evaluating: Achieved accuracy of 0.7394622093023255
Not better for 8
Completing Train Step at 10th epoch...
At time: 39.1739137172699 accuracy is 0.953125 and loss is 0.13866604566574098
At time: 39.40005683898926 accuracy is 0.925 and loss is 0.2140629768371582
At time: 39.6316442489624 accuracy is 0.975 and loss is 0.08490994572639465
At time: 39.86630415916443 accuracy is 0.96875 and loss is 0.08070148825645447
At time: 40.106619358062744 accuracy is 0.9796875 and loss is 0.07398415207862855
At time: 40.35556411743164 accuracy is 0.978125 and loss is 0.05542590618133545
At time: 40.6115984916687 accuracy is 0.9734375 and loss is 0.07967280149459839
At time: 40.87522768974304 accuracy is 0.9734375 and loss is 0.10672328472137452
At time: 41.14490032196045 accuracy is 0.975 and loss is 0.07254485487937927
At time: 41.42723369598389 accuracy is 0.9859375 and loss is 0.08794031739234924
At time: 41.719637632369995 accuracy is 0.9875 and loss is 0.05764835476875305
At time: 42.025277853012085 accuracy is 0.953125 and loss is 0.13709110021591187
Evaluating...
Done Evaluating: Achieved accuracy of 0.7140261627906976
Not better for 9
Completing Train Step at 11th epoch...
At time: 43.02123284339905 accuracy is 0.946875 and loss is 0.15912089347839356
At time: 43.24577832221985 accuracy is 0.9640625 and loss is 0.08826672434806823
At time: 43.489129066467285 accuracy is 0.975 and loss is 0.07865308523178101
At time: 43.732805013656616 accuracy is 0.990625 and loss is 0.03307567536830902
At time: 43.985612869262695 accuracy is 0.9765625 and loss is 0.08461844325065612
At time: 44.23609375953674 accuracy is 0.9796875 and loss is 0.045151287317276
At time: 44.49421787261963 accuracy is 0.9515625 and loss is 0.10552407503128051
At time: 44.75752568244934 accuracy is 0.965625 and loss is 0.11077901124954223
At time: 45.02768063545227 accuracy is 0.9796875 and loss is 0.051515841484069826
At time: 45.31168580055237 accuracy is 0.975 and loss is 0.07920281291007995
At time: 45.61111521720886 accuracy is 0.9515625 and loss is 0.13778467178344728
At time: 45.9173583984375 accuracy is 0.978125 and loss is 0.06288886070251465
Evaluating...
Done Evaluating: Achieved accuracy of 0.7151162790697675
Not better for 10
Model not improving. Stopping earlyat 0.7728924418604651 epochs.
Done Training. Achieved Best Accuracy of 0.7728924418604651
Improved accuracyfrom 0.7699854651162791 to 0.7728924418604651
classifier
SETTINGS FOR THIS RUN
{'wordvec_dim': 300, 'tune_wordvecs': True, 'lr': 0.0016032251369702201, 'dropout': 0.36906381468479565, 'attn_type': None, 'wordvec_source': 'google', 'batch_size': 32, 'num_layers': 2, 'data': 'MPQA', 'rnn_dropout': 0.8766092578061778, 'l2': 0.7835013429741337}
Using CUDA!
here
None
Building RNN Classifier...

[93m    Warning: no model found for 'en'[0m

    Only loading the 'en' tokenizer.

Retrieving Data from file: /home-nfs/siddsach/ml/Interpreting-Attention/interpreting_language/data/mpqa/mpqa_subj_labels.pickle...
Loading Vectors From Memory...
Using these vectors: ['googlenews']
Getting google news vectors
Building Vocab...
[<torchtext.vocab.Vectors object at 0x7f4ad1710eb8>]
Getting Batches...
Created Iterator with 261 batches
Getting Batches...
Created Iterator with 87 batches
Building model...
Using Vanilla RNN with following args:
{'rnn_dropout': 0.8766092578061778, 'vectors': 
 0.0000  0.0000  0.0000  ...   0.0000  0.0000  0.0000
 0.0000  0.0000  0.0000  ...   0.0000  0.0000  0.0000
 0.0000  0.0000  0.0000  ...   0.0000  0.0000  0.0000
          ...             ⋱             ...          
 0.0000  0.0000  0.0000  ...   0.0000  0.0000  0.0000
 0.0000  0.0000  0.0000  ...   0.0000  0.0000  0.0000
 0.0000  0.0000  0.0000  ...   0.0000  0.0000  0.0000
[torch.FloatTensor of size 15284x300]
, 'train_word_vecs': True, 'num_classes': 2, 'dropout': 0.36906381468479565, 'vocab_size': 15284, 'input_size': 300, 'hidden_size': 300, 'num_layers': 2, 'cuda': True, 'batch_size': 32}
Begin Training...
Completing Train Step at 0th epoch...
At time: 0.26670026779174805 accuracy is 0.5078125 and loss is 0.7433098316192627
At time: 0.5124545097351074 accuracy is 0.4953125 and loss is 0.7290653705596923
At time: 0.7780849933624268 accuracy is 0.53125 and loss is 0.7000429630279541
At time: 1.048330545425415 accuracy is 0.4890625 and loss is 0.7127852439880371
At time: 1.329399824142456 accuracy is 0.65625 and loss is 0.6443952560424805
At time: 1.622495412826538 accuracy is 0.6828125 and loss is 0.6347267627716064
At time: 1.9260308742523193 accuracy is 0.5515625 and loss is 0.7006096839904785
At time: 2.2397053241729736 accuracy is 0.509375 and loss is 0.6976431846618653
At time: 2.5673630237579346 accuracy is 0.5828125 and loss is 0.6874069690704345
At time: 2.907395839691162 accuracy is 0.609375 and loss is 0.6903506755828858
At time: 3.2646806240081787 accuracy is 0.6421875 and loss is 0.6632363319396972
At time: 3.646862030029297 accuracy is 0.609375 and loss is 0.6768970489501953
Evaluating...
Done Evaluating: Achieved accuracy of 0.5672238372093024
Achieved new best!
Completing Train Step at 1th epoch...
At time: 4.755399942398071 accuracy is 0.425 and loss is 0.9225459098815918
At time: 4.976428270339966 accuracy is 0.5984375 and loss is 0.6791932582855225
At time: 5.20722222328186 accuracy is 0.7859375 and loss is 0.5447525978088379
At time: 5.442802906036377 accuracy is 0.825 and loss is 0.4443977832794189
At time: 5.686023235321045 accuracy is 0.8109375 and loss is 0.4951199531555176
At time: 5.939074754714966 accuracy is 0.7578125 and loss is 0.5671236038208007
At time: 6.19664740562439 accuracy is 0.728125 and loss is 0.608384656906128
At time: 6.460405588150024 accuracy is 0.74375 and loss is 0.561076545715332
At time: 6.7315051555633545 accuracy is 0.7375 and loss is 0.5267837047576904
At time: 7.010953187942505 accuracy is 0.75625 and loss is 0.5386241436004638
At time: 7.300044059753418 accuracy is 0.7203125 and loss is 0.5407121181488037
At time: 7.61999249458313 accuracy is 0.6921875 and loss is 0.5644210815429688
Evaluating...
Done Evaluating: Achieved accuracy of 0.6878633720930233
Achieved new best!
Completing Train Step at 2th epoch...
At time: 8.6274733543396 accuracy is 0.634375 and loss is 0.721811056137085
At time: 8.852205514907837 accuracy is 0.74375 and loss is 0.5447628498077393
At time: 9.091117858886719 accuracy is 0.8078125 and loss is 0.4493247985839844
At time: 9.329896926879883 accuracy is 0.8203125 and loss is 0.38097641468048093
At time: 9.57410478591919 accuracy is 0.8625 and loss is 0.325741171836853
At time: 9.82328987121582 accuracy is 0.8421875 and loss is 0.3714465141296387
At time: 10.076576948165894 accuracy is 0.8359375 and loss is 0.39625451564788816
At time: 10.337098598480225 accuracy is 0.825 and loss is 0.3887710809707642
At time: 10.60376238822937 accuracy is 0.9109375 and loss is 0.25841493606567384
At time: 10.879300832748413 accuracy is 0.7625 and loss is 0.5186775207519532
At time: 11.16507863998413 accuracy is 0.840625 and loss is 0.37271747589111326
At time: 11.468737602233887 accuracy is 0.7875 and loss is 0.482757568359375
Evaluating...
Done Evaluating: Achieved accuracy of 0.7347383720930233
Achieved new best!
Completing Train Step at 3th epoch...
At time: 12.446440935134888 accuracy is 0.7546875 and loss is 0.5475108623504639
At time: 12.668957471847534 accuracy is 0.840625 and loss is 0.3801990032196045
At time: 12.895761251449585 accuracy is 0.8953125 and loss is 0.2728978157043457
At time: 13.127261400222778 accuracy is 0.909375 and loss is 0.2469318389892578
At time: 13.366300106048584 accuracy is 0.8578125 and loss is 0.4627143383026123
At time: 13.610283374786377 accuracy is 0.9015625 and loss is 0.2712069272994995
At time: 13.862866640090942 accuracy is 0.903125 and loss is 0.23722562789916993
At time: 14.12288498878479 accuracy is 0.8875 and loss is 0.31424336433410643
At time: 14.390425682067871 accuracy is 0.8984375 and loss is 0.243438196182251
At time: 14.66659426689148 accuracy is 0.8765625 and loss is 0.277731728553772
At time: 14.954457759857178 accuracy is 0.9 and loss is 0.27002711296081544
At time: 15.256935119628906 accuracy is 0.8734375 and loss is 0.32461555004119874
Evaluating...
Done Evaluating: Achieved accuracy of 0.7434593023255814
Achieved new best!
Completing Train Step at 4th epoch...
At time: 16.232173919677734 accuracy is 0.8234375 and loss is 0.43154349327087405
At time: 16.448439121246338 accuracy is 0.89375 and loss is 0.2596231460571289
At time: 16.67560887336731 accuracy is 0.9515625 and loss is 0.14427703619003296
At time: 16.90939211845398 accuracy is 0.9125 and loss is 0.24273664951324464
At time: 17.149874687194824 accuracy is 0.89375 and loss is 0.30047528743743895
At time: 17.39876937866211 accuracy is 0.8921875 and loss is 0.2783566951751709
At time: 17.653016328811646 accuracy is 0.9171875 and loss is 0.2054745674133301
At time: 17.916383028030396 accuracy is 0.88125 and loss is 0.24532825946807862
At time: 18.187408208847046 accuracy is 0.9390625 and loss is 0.1767391562461853
At time: 18.464826345443726 accuracy is 0.9234375 and loss is 0.23696455955505372
At time: 18.753151893615723 accuracy is 0.946875 and loss is 0.16543020009994508
At time: 19.058785915374756 accuracy is 0.9078125 and loss is 0.26411798000335696
Evaluating...
Done Evaluating: Achieved accuracy of 0.7427325581395349
Not better for 1
Completing Train Step at 5th epoch...
At time: 20.05207371711731 accuracy is 0.90625 and loss is 0.2929018259048462
At time: 20.27597451210022 accuracy is 0.9359375 and loss is 0.16589878797531127
At time: 20.503427505493164 accuracy is 0.9546875 and loss is 0.1176339864730835
At time: 20.73659610748291 accuracy is 0.9296875 and loss is 0.17771683931350707
At time: 20.97635841369629 accuracy is 0.8953125 and loss is 0.24301857948303224
At time: 21.224952936172485 accuracy is 0.909375 and loss is 0.25440239906311035
At time: 21.4811909198761 accuracy is 0.91875 and loss is 0.25261712074279785
At time: 21.74344253540039 accuracy is 0.925 and loss is 0.20974361896514893
At time: 22.011275053024292 accuracy is 0.93125 and loss is 0.18922628164291383
At time: 22.28670334815979 accuracy is 0.9484375 and loss is 0.16621121168136596
At time: 22.57511854171753 accuracy is 0.9515625 and loss is 0.15683460235595703
At time: 22.876293182373047 accuracy is 0.9296875 and loss is 0.1817336916923523
Evaluating...
Done Evaluating: Achieved accuracy of 0.734375
Not better for 2
Completing Train Step at 6th epoch...
At time: 23.840532302856445 accuracy is 0.896875 and loss is 0.2613586187362671
At time: 24.055983066558838 accuracy is 0.9515625 and loss is 0.12304100990295411
At time: 24.279479503631592 accuracy is 0.9640625 and loss is 0.11888139247894287
At time: 24.510493755340576 accuracy is 0.946875 and loss is 0.1409982442855835
At time: 24.747167348861694 accuracy is 0.9328125 and loss is 0.17595086097717286
At time: 24.99124813079834 accuracy is 0.9203125 and loss is 0.19452428817749023
At time: 25.243138790130615 accuracy is 0.9078125 and loss is 0.1941318154335022
At time: 25.500717401504517 accuracy is 0.946875 and loss is 0.15120389461517333
At time: 25.76587176322937 accuracy is 0.95 and loss is 0.15373270511627196
At time: 26.039284467697144 accuracy is 0.9484375 and loss is 0.1492024540901184
At time: 26.32458996772766 accuracy is 0.9453125 and loss is 0.14257019758224487
At time: 26.625005960464478 accuracy is 0.8953125 and loss is 0.2346311092376709
Evaluating...
Done Evaluating: Achieved accuracy of 0.7263808139534884
Not better for 3
Completing Train Step at 7th epoch...
At time: 27.600393772125244 accuracy is 0.8875 and loss is 0.2877646446228027
At time: 27.820465564727783 accuracy is 0.953125 and loss is 0.10935026407241821
At time: 28.046024799346924 accuracy is 0.971875 and loss is 0.0734500229358673
At time: 28.276653051376343 accuracy is 0.9484375 and loss is 0.14367533922195436
At time: 28.513556480407715 accuracy is 0.940625 and loss is 0.17896920442581177
At time: 28.75713348388672 accuracy is 0.95 and loss is 0.1471083641052246
At time: 29.00809621810913 accuracy is 0.9578125 and loss is 0.1506701350212097
At time: 29.26579999923706 accuracy is 0.9625 and loss is 0.10530691146850586
At time: 29.530644416809082 accuracy is 0.9578125 and loss is 0.11717559099197387
At time: 29.831637144088745 accuracy is 0.9640625 and loss is 0.10624114274978638
At time: 30.131526231765747 accuracy is 0.9734375 and loss is 0.10950279235839844
At time: 30.445738077163696 accuracy is 0.9328125 and loss is 0.22316644191741944
Evaluating...
Done Evaluating: Achieved accuracy of 0.703125
Not better for 4
Completing Train Step at 8th epoch...
At time: 31.43382167816162 accuracy is 0.85 and loss is 0.3856523036956787
At time: 31.679234981536865 accuracy is 0.9546875 and loss is 0.10676915645599365
At time: 31.90819811820984 accuracy is 0.9671875 and loss is 0.08059056401252747
At time: 32.14338755607605 accuracy is 0.953125 and loss is 0.15287359952926635
At time: 32.38287663459778 accuracy is 0.9453125 and loss is 0.1746022582054138
At time: 32.6285126209259 accuracy is 0.940625 and loss is 0.16648110151290893
At time: 32.88253045082092 accuracy is 0.9734375 and loss is 0.09431114792823792
At time: 33.14554166793823 accuracy is 0.971875 and loss is 0.1050542950630188
At time: 33.412739753723145 accuracy is 0.98125 and loss is 0.07322803735733033
At time: 33.68952035903931 accuracy is 0.9765625 and loss is 0.08124284148216247
At time: 33.977317333221436 accuracy is 0.9765625 and loss is 0.081610107421875
At time: 34.28065490722656 accuracy is 0.9578125 and loss is 0.126797878742218
Evaluating...
Done Evaluating: Achieved accuracy of 0.7245639534883721
Not better for 5
Completing Train Step at 9th epoch...
At time: 35.26557898521423 accuracy is 0.9171875 and loss is 0.20591654777526855
At time: 35.49025273323059 accuracy is 0.9625 and loss is 0.11320580244064331
At time: 35.719770669937134 accuracy is 0.95 and loss is 0.14405250549316406
At time: 35.95262908935547 accuracy is 0.95 and loss is 0.14398484230041503
At time: 36.192888259887695 accuracy is 0.9390625 and loss is 0.17236403226852418
At time: 36.438841819763184 accuracy is 0.9453125 and loss is 0.13043363094329835
At time: 36.694708585739136 accuracy is 0.95625 and loss is 0.10548748970031738
At time: 36.954737186431885 accuracy is 0.98125 and loss is 0.06758874058723449
At time: 37.22301483154297 accuracy is 0.9703125 and loss is 0.08420330286026001
At time: 37.49866533279419 accuracy is 0.978125 and loss is 0.08410003185272216
At time: 37.78754639625549 accuracy is 0.9609375 and loss is 0.13785895109176635
At time: 38.09078645706177 accuracy is 0.9421875 and loss is 0.14222596883773803
Evaluating...
Done Evaluating: Achieved accuracy of 0.7394622093023255
Not better for 6
Completing Train Step at 10th epoch...
At time: 39.069836378097534 accuracy is 0.94375 and loss is 0.17065103054046632
At time: 39.28684401512146 accuracy is 0.9671875 and loss is 0.08678807020187378
At time: 39.51277160644531 accuracy is 0.975 and loss is 0.06477588415145874
At time: 39.747255086898804 accuracy is 0.95 and loss is 0.1264689326286316
At time: 39.987308740615845 accuracy is 0.9546875 and loss is 0.14005600214004515
At time: 40.23474597930908 accuracy is 0.9609375 and loss is 0.11485354900360108
At time: 40.49112105369568 accuracy is 0.96875 and loss is 0.08309872150421142
At time: 40.75274658203125 accuracy is 0.9890625 and loss is 0.05569029450416565
At time: 41.02290964126587 accuracy is 0.9796875 and loss is 0.0668420135974884
At time: 41.29973554611206 accuracy is 0.978125 and loss is 0.09388635754585266
At time: 41.59035038948059 accuracy is 0.9734375 and loss is 0.07494786977767945
At time: 41.89431858062744 accuracy is 0.9546875 and loss is 0.13082242012023926
Evaluating...
Done Evaluating: Achieved accuracy of 0.7292877906976745
Not better for 7
Completing Train Step at 11th epoch...
At time: 42.87065815925598 accuracy is 0.95 and loss is 0.14755767583847046
At time: 43.08826947212219 accuracy is 0.971875 and loss is 0.059824013710021974
At time: 43.31516194343567 accuracy is 0.9734375 and loss is 0.07280558943748475
At time: 43.549521684646606 accuracy is 0.965625 and loss is 0.11507381200790405
At time: 43.78939151763916 accuracy is 0.965625 and loss is 0.11929806470870971
At time: 44.03549003601074 accuracy is 0.9578125 and loss is 0.10038774013519287
At time: 44.29021763801575 accuracy is 0.9640625 and loss is 0.09244542717933654
At time: 44.55314540863037 accuracy is 0.9734375 and loss is 0.07720738053321838
At time: 44.82338857650757 accuracy is 0.975 and loss is 0.060905784368515015
At time: 45.10268974304199 accuracy is 0.96875 and loss is 0.10269038677215576
At time: 45.39173698425293 accuracy is 0.975 and loss is 0.06747865080833435
At time: 45.693599224090576 accuracy is 0.9671875 and loss is 0.09663011431694031
Evaluating...
Done Evaluating: Achieved accuracy of 0.7223837209302325
Not better for 8
Completing Train Step at 12th epoch...
At time: 46.676149129867554 accuracy is 0.9078125 and loss is 0.2008979320526123
At time: 46.89836025238037 accuracy is 0.975 and loss is 0.07819402813911439
At time: 47.12597703933716 accuracy is 0.959375 and loss is 0.08926477432250976
At time: 47.358845233917236 accuracy is 0.96875 and loss is 0.07515181303024292
At time: 47.59772706031799 accuracy is 0.96875 and loss is 0.08925585150718689
At time: 47.842628717422485 accuracy is 0.9765625 and loss is 0.06358403563499451
At time: 48.09572625160217 accuracy is 0.96875 and loss is 0.09299556016921998
At time: 48.354610443115234 accuracy is 0.9765625 and loss is 0.06382967233657837
At time: 48.623931884765625 accuracy is 0.9734375 and loss is 0.07261760830879212
At time: 48.90068507194519 accuracy is 0.9734375 and loss is 0.11385096311569214
At time: 49.205368518829346 accuracy is 0.984375 and loss is 0.05312868356704712
At time: 49.51896834373474 accuracy is 0.959375 and loss is 0.0855426847934723
Evaluating...
Done Evaluating: Achieved accuracy of 0.7325581395348837
Not better for 9
Completing Train Step at 13th epoch...
At time: 50.55029916763306 accuracy is 0.95625 and loss is 0.132743501663208
At time: 50.78692960739136 accuracy is 0.975 and loss is 0.07436073422431946
At time: 51.03640294075012 accuracy is 0.96875 and loss is 0.06438770294189453
At time: 51.27945685386658 accuracy is 0.9703125 and loss is 0.08829208612442016
At time: 51.52919101715088 accuracy is 0.9640625 and loss is 0.09178188443183899
At time: 51.776196002960205 accuracy is 0.9625 and loss is 0.10581095218658447
At time: 52.02963066101074 accuracy is 0.9734375 and loss is 0.06773585081100464
At time: 52.28846335411072 accuracy is 0.9796875 and loss is 0.05910722017288208
At time: 52.556713819503784 accuracy is 0.9828125 and loss is 0.05450783371925354
At time: 52.83243680000305 accuracy is 0.98125 and loss is 0.07434122562408448
At time: 53.120251178741455 accuracy is 0.978125 and loss is 0.052476239204406736
At time: 53.4219868183136 accuracy is 0.9734375 and loss is 0.07494648098945618
Evaluating...
Done Evaluating: Achieved accuracy of 0.7183866279069767
Not better for 10
Model not improving. Stopping earlyat 0.7434593023255814 epochs.
Done Training. Achieved Best Accuracy of 0.7434593023255814
classifier
SETTINGS FOR THIS RUN
{'wordvec_dim': 300, 'tune_wordvecs': True, 'lr': 0.0028113245532719144, 'dropout': 0.14227600042981514, 'attn_type': None, 'wordvec_source': 'google', 'batch_size': 32, 'num_layers': 2, 'data': 'MPQA', 'rnn_dropout': 0.6119065688787672, 'l2': 0.6778642489453655}
Using CUDA!
here
None
Building RNN Classifier...

[93m    Warning: no model found for 'en'[0m

    Only loading the 'en' tokenizer.

Retrieving Data from file: /home-nfs/siddsach/ml/Interpreting-Attention/interpreting_language/data/mpqa/mpqa_subj_labels.pickle...
Loading Vectors From Memory...
Using these vectors: ['googlenews']
Getting google news vectors
Building Vocab...
[<torchtext.vocab.Vectors object at 0x7f4ad0e31860>]
Getting Batches...
Created Iterator with 261 batches
Getting Batches...
Created Iterator with 87 batches
Building model...
Using Vanilla RNN with following args:
{'rnn_dropout': 0.6119065688787672, 'vectors': 
 0.0000  0.0000  0.0000  ...   0.0000  0.0000  0.0000
 0.0000  0.0000  0.0000  ...   0.0000  0.0000  0.0000
 0.0000  0.0000  0.0000  ...   0.0000  0.0000  0.0000
          ...             ⋱             ...          
 0.0000  0.0000  0.0000  ...   0.0000  0.0000  0.0000
 0.0000  0.0000  0.0000  ...   0.0000  0.0000  0.0000
 0.0000  0.0000  0.0000  ...   0.0000  0.0000  0.0000
[torch.FloatTensor of size 15284x300]
, 'train_word_vecs': True, 'num_classes': 2, 'dropout': 0.14227600042981514, 'vocab_size': 15284, 'input_size': 300, 'hidden_size': 300, 'num_layers': 2, 'cuda': True, 'batch_size': 32}
Begin Training...
Completing Train Step at 0th epoch...
At time: 0.26715517044067383 accuracy is 0.5828125 and loss is 0.7354048728942871
At time: 0.5137770175933838 accuracy is 0.5359375 and loss is 0.7551699161529541
At time: 0.769263505935669 accuracy is 0.6015625 and loss is 0.6643136501312256
At time: 1.0343945026397705 accuracy is 0.625 and loss is 0.8164148330688477
At time: 1.3095786571502686 accuracy is 0.5453125 and loss is 0.7050705432891846
At time: 1.5951318740844727 accuracy is 0.50625 and loss is 0.6937507152557373
At time: 1.8908238410949707 accuracy is 0.5 and loss is 0.6983826637268067
At time: 2.195744276046753 accuracy is 0.559375 and loss is 0.6872436046600342
At time: 2.514767646789551 accuracy is 0.5859375 and loss is 0.6801722526550293
At time: 2.8472814559936523 accuracy is 0.603125 and loss is 0.6814362525939941
At time: 3.197094440460205 accuracy is 0.6484375 and loss is 0.6577612876892089
At time: 3.5702102184295654 accuracy is 0.6296875 and loss is 0.6686742305755615
Evaluating...
Done Evaluating: Achieved accuracy of 0.5672238372093024
Achieved new best!
Completing Train Step at 1th epoch...
At time: 4.624878644943237 accuracy is 0.425 and loss is 0.8485952377319336
At time: 4.839542388916016 accuracy is 0.55 and loss is 0.6462697982788086
At time: 5.0630786418914795 accuracy is 0.7015625 and loss is 0.5882984638214112
At time: 5.2935216426849365 accuracy is 0.690625 and loss is 0.645859956741333
At time: 5.530582666397095 accuracy is 0.740625 and loss is 0.5641250610351562
At time: 5.774717092514038 accuracy is 0.6875 and loss is 0.5875544071197509
At time: 6.026418924331665 accuracy is 0.775 and loss is 0.4997571468353271
At time: 6.28493070602417 accuracy is 0.7078125 and loss is 0.5797582626342773
At time: 6.554750204086304 accuracy is 0.740625 and loss is 0.5271061897277832
At time: 6.830466985702515 accuracy is 0.7359375 and loss is 0.549106502532959
At time: 7.119821310043335 accuracy is 0.7171875 and loss is 0.5769177913665772
At time: 7.422203779220581 accuracy is 0.721875 and loss is 0.6051007747650147
Evaluating...
Done Evaluating: Achieved accuracy of 0.7252906976744186
Achieved new best!
Completing Train Step at 2th epoch...
At time: 8.399378776550293 accuracy is 0.6796875 and loss is 0.6011029243469238
At time: 8.621632814407349 accuracy is 0.7890625 and loss is 0.4862990379333496
At time: 8.84835958480835 accuracy is 0.8296875 and loss is 0.360105037689209
At time: 9.07909369468689 accuracy is 0.8359375 and loss is 0.4112542629241943
At time: 9.317692756652832 accuracy is 0.8046875 and loss is 0.43532705307006836
At time: 9.562981128692627 accuracy is 0.840625 and loss is 0.42399325370788576
At time: 9.815529584884644 accuracy is 0.8359375 and loss is 0.40661168098449707
At time: 10.075279712677002 accuracy is 0.809375 and loss is 0.43787264823913574
At time: 10.342942237854004 accuracy is 0.778125 and loss is 0.4742406368255615
At time: 10.61889362335205 accuracy is 0.7953125 and loss is 0.45006484985351564
At time: 10.906063079833984 accuracy is 0.7859375 and loss is 0.4563546657562256
At time: 11.207463264465332 accuracy is 0.8125 and loss is 0.4360511302947998
Evaluating...
Done Evaluating: Achieved accuracy of 0.6824127906976745
Not better for 1
Completing Train Step at 3th epoch...
At time: 12.189855337142944 accuracy is 0.7578125 and loss is 0.7273428440093994
At time: 12.413612604141235 accuracy is 0.8265625 and loss is 0.4393040180206299
At time: 12.640562772750854 accuracy is 0.9171875 and loss is 0.2396029233932495
At time: 12.872578144073486 accuracy is 0.86875 and loss is 0.33475403785705565
At time: 13.111706018447876 accuracy is 0.8609375 and loss is 0.32437381744384763
At time: 13.357235193252563 accuracy is 0.890625 and loss is 0.3014290571212769
At time: 13.60994577407837 accuracy is 0.86875 and loss is 0.31418890953063966
At time: 13.870131254196167 accuracy is 0.8875 and loss is 0.33824996948242186
At time: 14.136378526687622 accuracy is 0.8625 and loss is 0.32907748222351074
At time: 14.412494421005249 accuracy is 0.8515625 and loss is 0.3642688989639282
At time: 14.69987964630127 accuracy is 0.8390625 and loss is 0.3715878248214722
At time: 15.002322435379028 accuracy is 0.846875 and loss is 0.38331079483032227
Evaluating...
Done Evaluating: Achieved accuracy of 0.6867732558139535
Not better for 2
Completing Train Step at 4th epoch...
At time: 15.99756383895874 accuracy is 0.796875 and loss is 0.5464614391326904
At time: 16.22749423980713 accuracy is 0.8375 and loss is 0.3799280643463135
At time: 16.46268653869629 accuracy is 0.928125 and loss is 0.2050022602081299
At time: 16.69845747947693 accuracy is 0.8453125 and loss is 0.36684627532958985
At time: 16.938077449798584 accuracy is 0.865625 and loss is 0.318905234336853
At time: 17.183811902999878 accuracy is 0.9125 and loss is 0.23342339992523192
At time: 17.437690258026123 accuracy is 0.8984375 and loss is 0.2783276796340942
At time: 17.699249029159546 accuracy is 0.9 and loss is 0.27459609508514404
At time: 17.96810531616211 accuracy is 0.9046875 and loss is 0.23411939144134522
At time: 18.246254920959473 accuracy is 0.871875 and loss is 0.3264036178588867
At time: 18.53551959991455 accuracy is 0.86875 and loss is 0.3037096500396729
At time: 18.8387188911438 accuracy is 0.86875 and loss is 0.3223215818405151
Evaluating...
Done Evaluating: Achieved accuracy of 0.7267441860465116
Achieved new best!
Completing Train Step at 5th epoch...
At time: 19.82761287689209 accuracy is 0.85 and loss is 0.42164955139160154
At time: 20.05673861503601 accuracy is 0.8796875 and loss is 0.30154440402984617
At time: 20.29066038131714 accuracy is 0.9203125 and loss is 0.20585238933563232
At time: 20.524571180343628 accuracy is 0.8671875 and loss is 0.34627695083618165
At time: 20.76474905014038 accuracy is 0.875 and loss is 0.27831101417541504
At time: 21.011716842651367 accuracy is 0.9328125 and loss is 0.18381084203720094
At time: 21.274041891098022 accuracy is 0.9234375 and loss is 0.22554547786712648
At time: 21.546644926071167 accuracy is 0.9171875 and loss is 0.2253948450088501
At time: 21.82591414451599 accuracy is 0.925 and loss is 0.1974947929382324
At time: 22.10193920135498 accuracy is 0.9015625 and loss is 0.25716228485107423
At time: 22.390111684799194 accuracy is 0.9125 and loss is 0.20911381244659424
At time: 22.691265106201172 accuracy is 0.9125 and loss is 0.23520848751068116
Evaluating...
Done Evaluating: Achieved accuracy of 0.7340116279069767
Achieved new best!
Completing Train Step at 6th epoch...
At time: 23.675503969192505 accuracy is 0.840625 and loss is 0.42423114776611326
At time: 23.907403469085693 accuracy is 0.890625 and loss is 0.2697997331619263
At time: 24.14607548713684 accuracy is 0.94375 and loss is 0.16515718698501586
At time: 24.388364553451538 accuracy is 0.9078125 and loss is 0.24309771060943602
At time: 24.63124394416809 accuracy is 0.9171875 and loss is 0.2106126070022583
At time: 24.876774549484253 accuracy is 0.940625 and loss is 0.1773280143737793
At time: 25.12985324859619 accuracy is 0.9296875 and loss is 0.20571327209472656
At time: 25.39081072807312 accuracy is 0.925 and loss is 0.22123055458068847
At time: 25.65715503692627 accuracy is 0.928125 and loss is 0.1742819666862488
At time: 25.93239665031433 accuracy is 0.91875 and loss is 0.20955500602722169
At time: 26.218903064727783 accuracy is 0.925 and loss is 0.18145899772644042
At time: 26.520707607269287 accuracy is 0.9125 and loss is 0.233894419670105
Evaluating...
Done Evaluating: Achieved accuracy of 0.7234738372093024
Not better for 1
Completing Train Step at 7th epoch...
At time: 27.50459313392639 accuracy is 0.8578125 and loss is 0.396526575088501
At time: 27.727768659591675 accuracy is 0.8953125 and loss is 0.23382203578948973
At time: 27.955454111099243 accuracy is 0.9640625 and loss is 0.12684972286224366
At time: 28.187145709991455 accuracy is 0.9390625 and loss is 0.1661250114440918
At time: 28.425949811935425 accuracy is 0.9328125 and loss is 0.1788598418235779
At time: 28.672454595565796 accuracy is 0.8796875 and loss is 0.289776086807251
At time: 28.924463272094727 accuracy is 0.9125 and loss is 0.2065885066986084
At time: 29.18369770050049 accuracy is 0.921875 and loss is 0.23497469425201417
At time: 29.469455003738403 accuracy is 0.9390625 and loss is 0.20286762714385986
At time: 29.755263805389404 accuracy is 0.921875 and loss is 0.17785212993621827
At time: 30.041688442230225 accuracy is 0.9453125 and loss is 0.14737327098846437
At time: 30.34409785270691 accuracy is 0.928125 and loss is 0.20443487167358398
Evaluating...
Done Evaluating: Achieved accuracy of 0.7445494186046512
Achieved new best!
Completing Train Step at 8th epoch...
At time: 31.321085214614868 accuracy is 0.9 and loss is 0.3033363103866577
At time: 31.543466091156006 accuracy is 0.9359375 and loss is 0.1631973385810852
At time: 31.77749729156494 accuracy is 0.953125 and loss is 0.12908718585968018
At time: 32.01279902458191 accuracy is 0.9609375 and loss is 0.11356436014175415
At time: 32.252246141433716 accuracy is 0.9359375 and loss is 0.1918982148170471
At time: 32.497673988342285 accuracy is 0.9265625 and loss is 0.20018064975738525
At time: 32.75059676170349 accuracy is 0.94375 and loss is 0.1727429986000061
At time: 33.01938199996948 accuracy is 0.9203125 and loss is 0.24269537925720214
At time: 33.3009147644043 accuracy is 0.9359375 and loss is 0.19740588665008546
At time: 33.57945013046265 accuracy is 0.9484375 and loss is 0.15342315435409545
At time: 33.86516094207764 accuracy is 0.953125 and loss is 0.13464658260345458
At time: 34.16513514518738 accuracy is 0.934375 and loss is 0.1762495756149292
Evaluating...
Done Evaluating: Achieved accuracy of 0.7289244186046512
Not better for 1
Completing Train Step at 9th epoch...
At time: 35.1387083530426 accuracy is 0.8890625 and loss is 0.2884922742843628
At time: 35.360023975372314 accuracy is 0.946875 and loss is 0.15595542192459105
At time: 35.58703804016113 accuracy is 0.9640625 and loss is 0.109951651096344
At time: 35.81799292564392 accuracy is 0.93125 and loss is 0.1899557113647461
At time: 36.054686546325684 accuracy is 0.9296875 and loss is 0.2359604835510254
At time: 36.29820919036865 accuracy is 0.934375 and loss is 0.1653273105621338
At time: 36.54843616485596 accuracy is 0.95 and loss is 0.14620567560195924
At time: 36.805726528167725 accuracy is 0.9359375 and loss is 0.19622384309768676
At time: 37.07124996185303 accuracy is 0.953125 and loss is 0.14940141439437865
At time: 37.34360432624817 accuracy is 0.9453125 and loss is 0.14854778051376344
At time: 37.62896275520325 accuracy is 0.965625 and loss is 0.11740683317184449
At time: 37.92945909500122 accuracy is 0.928125 and loss is 0.19017174243927001
Evaluating...
Done Evaluating: Achieved accuracy of 0.7307412790697675
Not better for 2
Completing Train Step at 10th epoch...
At time: 38.906867265701294 accuracy is 0.89375 and loss is 0.28417248725891114
At time: 39.12913799285889 accuracy is 0.925 and loss is 0.17805235385894774
At time: 39.3580436706543 accuracy is 0.934375 and loss is 0.16138412952423095
At time: 39.59136629104614 accuracy is 0.9359375 and loss is 0.13612550497055054
At time: 39.82996129989624 accuracy is 0.9296875 and loss is 0.16911981105804444
At time: 40.07526350021362 accuracy is 0.959375 and loss is 0.11493322849273682
At time: 40.32979369163513 accuracy is 0.95 and loss is 0.11462727785110474
At time: 40.5890998840332 accuracy is 0.9453125 and loss is 0.1388214111328125
At time: 40.85697054862976 accuracy is 0.9546875 and loss is 0.14128190279006958
At time: 41.13335871696472 accuracy is 0.9421875 and loss is 0.12839456796646118
At time: 41.42217493057251 accuracy is 0.9421875 and loss is 0.14777166843414308
At time: 41.72435450553894 accuracy is 0.9390625 and loss is 0.1630016088485718
Evaluating...
Done Evaluating: Achieved accuracy of 0.6856831395348837
Not better for 3
Completing Train Step at 11th epoch...
At time: 42.693257331848145 accuracy is 0.8609375 and loss is 0.3804937362670898
At time: 42.909894704818726 accuracy is 0.9390625 and loss is 0.1784054160118103
At time: 43.134175062179565 accuracy is 0.9578125 and loss is 0.12636182308197022
At time: 43.36730718612671 accuracy is 0.9375 and loss is 0.17084798812866211
At time: 43.60581851005554 accuracy is 0.9421875 and loss is 0.1358201503753662
At time: 43.85201859474182 accuracy is 0.959375 and loss is 0.11336479187011719
At time: 44.106443643569946 accuracy is 0.953125 and loss is 0.14086021184921266
At time: 44.368043184280396 accuracy is 0.9578125 and loss is 0.14424545764923097
At time: 44.636717319488525 accuracy is 0.9515625 and loss is 0.15122220516204835
At time: 44.91248035430908 accuracy is 0.95 and loss is 0.164642858505249
At time: 45.19944381713867 accuracy is 0.95625 and loss is 0.09659501314163207
At time: 45.502849102020264 accuracy is 0.9484375 and loss is 0.1547130227088928
Evaluating...
Done Evaluating: Achieved accuracy of 0.7234738372093024
Not better for 4
Completing Train Step at 12th epoch...
At time: 46.47367835044861 accuracy is 0.90625 and loss is 0.24775400161743164
At time: 46.6901638507843 accuracy is 0.9421875 and loss is 0.15235596895217896
At time: 46.91586208343506 accuracy is 0.95 and loss is 0.15061458349227905
At time: 47.14825701713562 accuracy is 0.93125 and loss is 0.16959410905838013
At time: 47.38706088066101 accuracy is 0.9203125 and loss is 0.18058849573135377
At time: 47.63394045829773 accuracy is 0.9578125 and loss is 0.11395524740219116
At time: 47.888041734695435 accuracy is 0.965625 and loss is 0.095749431848526
At time: 48.14838790893555 accuracy is 0.95 and loss is 0.13346152305603026
At time: 48.416587114334106 accuracy is 0.9671875 and loss is 0.10960162878036499
At time: 48.69389510154724 accuracy is 0.9515625 and loss is 0.14138611555099487
At time: 48.980061054229736 accuracy is 0.9609375 and loss is 0.11375275850296021
At time: 49.2829864025116 accuracy is 0.9375 and loss is 0.1546413779258728
Evaluating...
Done Evaluating: Achieved accuracy of 0.7093023255813954
Not better for 5
Completing Train Step at 13th epoch...
At time: 50.32895350456238 accuracy is 0.9359375 and loss is 0.19020341634750365
At time: 50.55206823348999 accuracy is 0.9421875 and loss is 0.12581418752670287
At time: 50.780789613723755 accuracy is 0.95625 and loss is 0.1197927474975586
At time: 51.01250648498535 accuracy is 0.9390625 and loss is 0.14902018308639525
At time: 51.2518424987793 accuracy is 0.940625 and loss is 0.15258853435516356
At time: 51.49716114997864 accuracy is 0.9546875 and loss is 0.11239550113677979
At time: 51.74983763694763 accuracy is 0.959375 and loss is 0.10971634387969971
At time: 52.009194135665894 accuracy is 0.9265625 and loss is 0.21793363094329835
At time: 52.277018547058105 accuracy is 0.95 and loss is 0.1283976674079895
At time: 52.55340123176575 accuracy is 0.9515625 and loss is 0.1575968384742737
At time: 52.842252254486084 accuracy is 0.946875 and loss is 0.12346146106719971
At time: 53.144514322280884 accuracy is 0.9390625 and loss is 0.16025811433792114
Evaluating...
Done Evaluating: Achieved accuracy of 0.6914970930232558
Not better for 6
Completing Train Step at 14th epoch...
At time: 54.120903730392456 accuracy is 0.925 and loss is 0.18135236501693724
At time: 54.33853816986084 accuracy is 0.9671875 and loss is 0.07973622679710388
At time: 54.56521487236023 accuracy is 0.95 and loss is 0.11635675430297851
At time: 54.79783487319946 accuracy is 0.934375 and loss is 0.19056053161621095
At time: 55.03588676452637 accuracy is 0.9609375 and loss is 0.13189536333084106
At time: 55.28195810317993 accuracy is 0.9515625 and loss is 0.11121270656585694
At time: 55.53336000442505 accuracy is 0.9703125 and loss is 0.07973642945289612
At time: 55.79309058189392 accuracy is 0.9484375 and loss is 0.13078736066818236
At time: 56.06084370613098 accuracy is 0.946875 and loss is 0.12300513982772827
At time: 56.33681583404541 accuracy is 0.9375 and loss is 0.1705865740776062
At time: 56.62247276306152 accuracy is 0.96875 and loss is 0.0809342086315155
At time: 56.92447280883789 accuracy is 0.9578125 and loss is 0.12180202007293701
Evaluating...
Done Evaluating: Achieved accuracy of 0.7132994186046512
Not better for 7
Completing Train Step at 15th epoch...
At time: 57.90969157218933 accuracy is 0.9328125 and loss is 0.18345746994018555
At time: 58.13285565376282 accuracy is 0.953125 and loss is 0.10099716186523437
At time: 58.36061143875122 accuracy is 0.9671875 and loss is 0.10729852914810181
At time: 58.593570947647095 accuracy is 0.91875 and loss is 0.24848015308380128
At time: 58.8316376209259 accuracy is 0.9578125 and loss is 0.12114992141723632
At time: 59.076921701431274 accuracy is 0.9484375 and loss is 0.14214632511138917
At time: 59.329792499542236 accuracy is 0.9625 and loss is 0.10601426362991333
At time: 59.58992099761963 accuracy is 0.95 and loss is 0.1490675091743469
At time: 59.858546018600464 accuracy is 0.95 and loss is 0.14074035882949829
At time: 60.135215759277344 accuracy is 0.9484375 and loss is 0.15993067026138305
At time: 60.421815633773804 accuracy is 0.95 and loss is 0.13491902351379395
At time: 60.724188804626465 accuracy is 0.94375 and loss is 0.14220086336135865
Evaluating...
Done Evaluating: Achieved accuracy of 0.7151162790697675
Not better for 8
Completing Train Step at 16th epoch...
At time: 61.69787955284119 accuracy is 0.953125 and loss is 0.1372014284133911
At time: 61.91472506523132 accuracy is 0.96875 and loss is 0.08144189119338989
At time: 62.14096426963806 accuracy is 0.9609375 and loss is 0.10817067623138428
At time: 62.37296915054321 accuracy is 0.9546875 and loss is 0.12186225652694702
At time: 62.611684799194336 accuracy is 0.946875 and loss is 0.14538125991821288
At time: 62.85806465148926 accuracy is 0.9484375 and loss is 0.12277326583862305
At time: 63.11057138442993 accuracy is 0.9640625 and loss is 0.08537555932998657
At time: 63.36906862258911 accuracy is 0.95625 and loss is 0.13372740745544434
At time: 63.63579344749451 accuracy is 0.9578125 and loss is 0.1300803542137146
At time: 63.91067957878113 accuracy is 0.95 and loss is 0.1499797821044922
At time: 64.19732856750488 accuracy is 0.9578125 and loss is 0.10938215255737305
At time: 64.49815893173218 accuracy is 0.95 and loss is 0.14040735960006714
Evaluating...
Done Evaluating: Achieved accuracy of 0.7103924418604651
Not better for 9
Completing Train Step at 17th epoch...
At time: 65.47739553451538 accuracy is 0.9328125 and loss is 0.1690584421157837
At time: 65.69969630241394 accuracy is 0.9640625 and loss is 0.09611856341361999
At time: 65.92745041847229 accuracy is 0.965625 and loss is 0.09665296077728272
At time: 66.16041231155396 accuracy is 0.9609375 and loss is 0.10589461326599121
At time: 66.39873552322388 accuracy is 0.9484375 and loss is 0.14427592754364013
At time: 66.64910387992859 accuracy is 0.934375 and loss is 0.16081101894378663
At time: 66.90184354782104 accuracy is 0.95625 and loss is 0.11509692668914795
At time: 67.1618537902832 accuracy is 0.934375 and loss is 0.20263068675994872
At time: 67.42881965637207 accuracy is 0.9609375 and loss is 0.11052172183990479
At time: 67.70426774024963 accuracy is 0.9484375 and loss is 0.15222606658935547
At time: 67.98968982696533 accuracy is 0.96875 and loss is 0.08907732963562012
At time: 68.2911126613617 accuracy is 0.9375 and loss is 0.16419683694839476
Evaluating...
Done Evaluating: Achieved accuracy of 0.7271075581395349
Not better for 10
Model not improving. Stopping earlyat 0.7445494186046512 epochs.
Done Training. Achieved Best Accuracy of 0.7445494186046512
classifier



RESULTS:
[{'params': {'wordvec_dim': 300, 'tune_wordvecs': True, 'lr': 0.00023325799757261689, 'dropout': 0.5906502601890249, 'attn_type': None, 'wordvec_source': 'google', 'batch_size': 32, 'num_layers': 2, 'data': 'MPQA', 'rnn_dropout': 0.9004537478832505, 'l2': 0.8196913663957981}, 'best_accuracy': 0.7699854651162791}, {'params': {'wordvec_dim': 300, 'tune_wordvecs': True, 'lr': 0.001902873832097792, 'dropout': 0.11988772154954996, 'attn_type': None, 'wordvec_source': 'google', 'batch_size': 32, 'num_layers': 2, 'data': 'MPQA', 'rnn_dropout': 0.7257862320197538, 'l2': 0.28817670430917985}, 'best_accuracy': 0.7510901162790697}, {'params': {'wordvec_dim': 300, 'tune_wordvecs': True, 'lr': 0.0004844873543255235, 'dropout': 0.7562050308016849, 'attn_type': None, 'wordvec_source': 'google', 'batch_size': 32, 'num_layers': 2, 'data': 'MPQA', 'rnn_dropout': 0.37213550138918816, 'l2': 0.9178727027474701}, 'best_accuracy': 0.7728924418604651}, {'params': {'wordvec_dim': 300, 'tune_wordvecs': True, 'lr': 0.0016032251369702201, 'dropout': 0.36906381468479565, 'attn_type': None, 'wordvec_source': 'google', 'batch_size': 32, 'num_layers': 2, 'data': 'MPQA', 'rnn_dropout': 0.8766092578061778, 'l2': 0.7835013429741337}, 'best_accuracy': 0.7434593023255814}, {'params': {'wordvec_dim': 300, 'tune_wordvecs': True, 'lr': 0.0028113245532719144, 'dropout': 0.14227600042981514, 'attn_type': None, 'wordvec_source': 'google', 'batch_size': 32, 'num_layers': 2, 'data': 'MPQA', 'rnn_dropout': 0.6119065688787672, 'l2': 0.6778642489453655}, 'best_accuracy': 0.7445494186046512}]
