ROOT_PATH: /home-nfs/siddsach/ml/Interpreting-Attention/interpreting_language
Building Bayesian Optimizer for 
 data:MPQA 
 choices:[{'domain': [5e-05, 0.005], 'name': 'lr', 'type': 'continuous'}, {'domain': [0, 1], 'name': 'rnn_dropout', 'type': 'continuous'}, {'domain': [0, 1], 'name': 'dropout', 'type': 'continuous'}, {'domain': [0, 1], 'name': 'l2', 'type': 'continuous'}]
SETTINGS FOR THIS RUN
{'tune_wordvecs': True, 'data': 'MPQA', 'attn_type': 'similarity', 'wordvec_source': 'gigavec', 'wordvec_dim': 300, 'rnn_dropout': 0.5681306184164904, 'lr': 0.000755360572057816, 'num_layers': 1, 'dropout': 0.7187345258237222, 'tune_attn': False, 'batch_size': 32, 'l2': 0.03744114626224826}
Using CUDA!
here
similarity
Building RNN Classifier...

[93m    Warning: no model found for 'en'[0m

    Only loading the 'en' tokenizer.

Retrieving Data from file: /home-nfs/siddsach/ml/Interpreting-Attention/interpreting_language/data/mpqa/mpqa_subj_labels.pickle...
Loading Vectors From Memory...
Using these vectors: ['gigavec']
Building Vocab...
[<torchtext.vocab.Vectors object at 0x7fcbe7ab59e8>]
Getting Batches...
Created Iterator with 261 batches
Getting Batches...
Created Iterator with 87 batches
Building model...
similarity
Using Attention model with following args:
{'attention_dim': 350, 'input_size': 300, 'attn_type': 'similarity', 'num_classes': 2, 'batch_size': 32, 'train_word_vecs': True, 'rnn_dropout': 0.5681306184164904, 'vocab_size': 15284, 'num_layers': 1, 'dropout': 0.7187345258237222, 'cuda': True, 'vectors': 
 0.0000  0.0000  0.0000  ...   0.0000  0.0000  0.0000
 0.0000  0.0000  0.0000  ...   0.0000  0.0000  0.0000
 0.0000  0.0000  0.0000  ...   0.0000  0.0000  0.0000
          ...             ⋱             ...          
 0.0000  0.0000  0.0000  ...   0.0000  0.0000  0.0000
 0.0000  0.0000  0.0000  ...   0.0000  0.0000  0.0000
 0.0000  0.0000  0.0000  ...   0.0000  0.0000  0.0000
[torch.FloatTensor of size 15284x300]
, 'hidden_size': 300, 'tune_attn': False}
Begin Training...
Completing Train Step at 0th epoch...
At time: 1.1690852642059326 accuracy is 0.4921875 and loss is 0.7846991062164307
At time: 1.3588905334472656 accuracy is 0.575 and loss is 0.6815797805786132
At time: 1.5453240871429443 accuracy is 0.6328125 and loss is 0.760465669631958
At time: 1.730396032333374 accuracy is 0.7203125 and loss is 0.5876899242401123
At time: 1.9147999286651611 accuracy is 0.64375 and loss is 0.6509676933288574
At time: 2.104381799697876 accuracy is 0.7640625 and loss is 0.5125543594360351
At time: 2.2938597202301025 accuracy is 0.7390625 and loss is 0.533312177658081
At time: 2.486292600631714 accuracy is 0.8 and loss is 0.4890997886657715
At time: 2.674069881439209 accuracy is 0.790625 and loss is 0.488018798828125
At time: 2.86894154548645 accuracy is 0.771875 and loss is 0.4826943874359131
At time: 3.061441421508789 accuracy is 0.7703125 and loss is 0.4632097721099854
At time: 3.2582695484161377 accuracy is 0.7453125 and loss is 0.5001573085784912
Evaluating...
Done Evaluating: Achieved accuracy of 0.7663517441860465
Achieved new best!
Completing Train Step at 1th epoch...
At time: 4.021445274353027 accuracy is 0.728125 and loss is 0.6085196495056152
At time: 4.199487209320068 accuracy is 0.80625 and loss is 0.44065680503845217
At time: 4.377929210662842 accuracy is 0.821875 and loss is 0.3879373788833618
At time: 4.557886123657227 accuracy is 0.796875 and loss is 0.43823585510253904
At time: 4.740904092788696 accuracy is 0.7875 and loss is 0.4940467834472656
At time: 4.9256720542907715 accuracy is 0.85 and loss is 0.3397000551223755
At time: 5.115247011184692 accuracy is 0.8640625 and loss is 0.3310089111328125
At time: 5.2995123863220215 accuracy is 0.875 and loss is 0.29846150875091554
At time: 5.486935615539551 accuracy is 0.8484375 and loss is 0.3199057102203369
At time: 5.675702333450317 accuracy is 0.86875 and loss is 0.3181763172149658
At time: 5.867159128189087 accuracy is 0.8640625 and loss is 0.2850042819976807
At time: 6.062444686889648 accuracy is 0.83125 and loss is 0.3542912244796753
Evaluating...
Done Evaluating: Achieved accuracy of 0.7710755813953488
Achieved new best!
Completing Train Step at 2th epoch...
At time: 6.787123203277588 accuracy is 0.846875 and loss is 0.41054816246032716
At time: 6.962622880935669 accuracy is 0.8796875 and loss is 0.2846900463104248
At time: 7.143959283828735 accuracy is 0.921875 and loss is 0.22556724548339843
At time: 7.3257763385772705 accuracy is 0.88125 and loss is 0.2829288482666016
At time: 7.506107807159424 accuracy is 0.9015625 and loss is 0.23054814338684082
At time: 7.688531160354614 accuracy is 0.9046875 and loss is 0.22044820785522462
At time: 7.878423690795898 accuracy is 0.9140625 and loss is 0.2061383008956909
At time: 8.063966989517212 accuracy is 0.93125 and loss is 0.17373493909835816
At time: 8.253775596618652 accuracy is 0.8890625 and loss is 0.2875922918319702
At time: 8.44566798210144 accuracy is 0.8921875 and loss is 0.2512769937515259
At time: 8.63860535621643 accuracy is 0.93125 and loss is 0.15095534324645996
At time: 8.833604097366333 accuracy is 0.8953125 and loss is 0.3062948942184448
Evaluating...
Done Evaluating: Achieved accuracy of 0.7085755813953488
Not better for 1
Completing Train Step at 3th epoch...
At time: 9.574377059936523 accuracy is 0.8859375 and loss is 0.29530503749847414
At time: 9.752575159072876 accuracy is 0.9078125 and loss is 0.23190133571624755
At time: 9.926009893417358 accuracy is 0.9328125 and loss is 0.17781054973602295
At time: 10.103363990783691 accuracy is 0.91875 and loss is 0.16716904640197755
At time: 10.281299352645874 accuracy is 0.95625 and loss is 0.11224883794784546
At time: 10.457924365997314 accuracy is 0.953125 and loss is 0.1528957486152649
At time: 10.638250589370728 accuracy is 0.9515625 and loss is 0.12450996637344361
At time: 10.820425748825073 accuracy is 0.9296875 and loss is 0.16837989091873168
At time: 11.004141807556152 accuracy is 0.9296875 and loss is 0.1914068341255188
At time: 11.189580202102661 accuracy is 0.9265625 and loss is 0.1737505555152893
At time: 11.380638360977173 accuracy is 0.9453125 and loss is 0.12324697971343994
At time: 11.57605242729187 accuracy is 0.9109375 and loss is 0.29514596462249754
Evaluating...
Done Evaluating: Achieved accuracy of 0.7605377906976745
Not better for 2
Completing Train Step at 4th epoch...
At time: 12.32485818862915 accuracy is 0.9375 and loss is 0.18779746294021607
At time: 12.499109745025635 accuracy is 0.95 and loss is 0.15645254850387574
At time: 12.677434206008911 accuracy is 0.965625 and loss is 0.1370261549949646
At time: 12.855947732925415 accuracy is 0.9640625 and loss is 0.09843780994415283
At time: 13.033084154129028 accuracy is 0.95625 and loss is 0.09705353379249573
At time: 13.215719223022461 accuracy is 0.9609375 and loss is 0.09674877524375916
At time: 13.399459838867188 accuracy is 0.9609375 and loss is 0.12106082439422608
At time: 13.583571910858154 accuracy is 0.9671875 and loss is 0.09045106172561646
At time: 13.76993703842163 accuracy is 0.965625 and loss is 0.10560131072998047
At time: 13.958178281784058 accuracy is 0.965625 and loss is 0.09306098818778992
At time: 14.148820161819458 accuracy is 0.96875 and loss is 0.061326444149017334
At time: 14.347059726715088 accuracy is 0.946875 and loss is 0.13726409673690795
Evaluating...
Done Evaluating: Achieved accuracy of 0.75
Not better for 3
Completing Train Step at 5th epoch...
At time: 15.06642460823059 accuracy is 0.909375 and loss is 0.24720540046691894
At time: 15.239250659942627 accuracy is 0.9140625 and loss is 0.18200504779815674
At time: 15.416982412338257 accuracy is 0.9828125 and loss is 0.060672038793563844
At time: 15.592761516571045 accuracy is 0.9828125 and loss is 0.053341144323349
At time: 15.770126819610596 accuracy is 0.9734375 and loss is 0.059872555732727054
At time: 15.949896335601807 accuracy is 0.9828125 and loss is 0.05032055974006653
At time: 16.13299560546875 accuracy is 0.9625 and loss is 0.09504930973052979
At time: 16.316028118133545 accuracy is 0.9640625 and loss is 0.1198348045349121
At time: 16.501782417297363 accuracy is 0.965625 and loss is 0.102173912525177
At time: 16.68826150894165 accuracy is 0.975 and loss is 0.07233574390411376
At time: 16.879514694213867 accuracy is 0.9859375 and loss is 0.03878694474697113
At time: 17.073702335357666 accuracy is 0.965625 and loss is 0.1365857481956482
Evaluating...
Done Evaluating: Achieved accuracy of 0.7423691860465116
Not better for 4
Completing Train Step at 6th epoch...
At time: 17.82683539390564 accuracy is 0.946875 and loss is 0.16440361738204956
At time: 18.000367879867554 accuracy is 0.9640625 and loss is 0.07233585715293885
At time: 18.17551279067993 accuracy is 0.99375 and loss is 0.036841264367103575
At time: 18.355963468551636 accuracy is 0.96875 and loss is 0.16230244636535646
At time: 18.534713983535767 accuracy is 0.9765625 and loss is 0.06503927111625671
At time: 18.71562910079956 accuracy is 0.9609375 and loss is 0.09361649751663208
At time: 18.898396253585815 accuracy is 0.978125 and loss is 0.06567514538764954
At time: 19.0806725025177 accuracy is 0.990625 and loss is 0.044190597534179685
At time: 19.26767635345459 accuracy is 0.978125 and loss is 0.10488733053207397
At time: 19.454660177230835 accuracy is 0.978125 and loss is 0.08937708139419556
At time: 19.646500825881958 accuracy is 0.9765625 and loss is 0.06659865379333496
At time: 19.840837001800537 accuracy is 0.9640625 and loss is 0.13933461904525757
Evaluating...
Done Evaluating: Achieved accuracy of 0.7390988372093024
Not better for 5
Completing Train Step at 7th epoch...
At time: 20.566195964813232 accuracy is 0.9421875 and loss is 0.16871228218078613
At time: 20.738792419433594 accuracy is 0.9765625 and loss is 0.08181800246238709
At time: 20.915812969207764 accuracy is 0.971875 and loss is 0.07768173813819886
At time: 21.0925030708313 accuracy is 0.9828125 and loss is 0.04391980767250061
At time: 21.27018451690674 accuracy is 0.978125 and loss is 0.04251849353313446
At time: 21.45044994354248 accuracy is 0.9734375 and loss is 0.07748357653617859
At time: 21.633427143096924 accuracy is 0.975 and loss is 0.11296665668487549
At time: 21.817461013793945 accuracy is 0.9828125 and loss is 0.04102863669395447
At time: 22.002519130706787 accuracy is 0.9734375 and loss is 0.08469196557998657
At time: 22.18814706802368 accuracy is 0.9859375 and loss is 0.040627047419548035
At time: 22.37755298614502 accuracy is 0.984375 and loss is 0.03797181844711304
At time: 22.57011342048645 accuracy is 0.975 and loss is 0.07889437079429626
Evaluating...
Done Evaluating: Achieved accuracy of 0.7438226744186046
Not better for 6
Completing Train Step at 8th epoch...
At time: 23.293555974960327 accuracy is 0.953125 and loss is 0.1328725814819336
At time: 23.46657395362854 accuracy is 0.9671875 and loss is 0.09444389343261719
At time: 23.643133878707886 accuracy is 0.9828125 and loss is 0.0603467583656311
At time: 23.822277545928955 accuracy is 0.9875 and loss is 0.031558603048324585
At time: 24.00272560119629 accuracy is 0.978125 and loss is 0.06255850791931153
At time: 24.185057401657104 accuracy is 0.98125 and loss is 0.05945611000061035
At time: 24.368640661239624 accuracy is 0.99375 and loss is 0.03490280210971832
At time: 24.555318355560303 accuracy is 0.9953125 and loss is 0.0192901611328125
At time: 24.741934537887573 accuracy is 0.9859375 and loss is 0.04034009575843811
At time: 24.931681632995605 accuracy is 0.9875 and loss is 0.02760499119758606
At time: 25.120325088500977 accuracy is 0.99375 and loss is 0.026665079593658447
At time: 25.31405782699585 accuracy is 0.978125 and loss is 0.0661979615688324
Evaluating...
Done Evaluating: Achieved accuracy of 0.7460029069767442
Not better for 7
Completing Train Step at 9th epoch...
At time: 26.067266941070557 accuracy is 0.95625 and loss is 0.12381188869476319
At time: 26.240540266036987 accuracy is 0.9625 and loss is 0.10989683866500854
At time: 26.418402671813965 accuracy is 0.975 and loss is 0.066133314371109
At time: 26.596071004867554 accuracy is 0.990625 and loss is 0.019898803532123567
At time: 26.773967266082764 accuracy is 0.9875 and loss is 0.050117069482803346
At time: 26.95258355140686 accuracy is 0.99375 and loss is 0.019880545139312745
At time: 27.1370952129364 accuracy is 0.9796875 and loss is 0.07582464218139648
At time: 27.318486213684082 accuracy is 0.99375 and loss is 0.02477746903896332
At time: 27.504143714904785 accuracy is 0.9890625 and loss is 0.029068052768707275
At time: 27.688811540603638 accuracy is 0.9921875 and loss is 0.015205174684524536
At time: 27.87936520576477 accuracy is 0.9671875 and loss is 0.0764089584350586
At time: 28.07124423980713 accuracy is 0.984375 and loss is 0.05136322379112244
Evaluating...
Done Evaluating: Achieved accuracy of 0.7303779069767442
Not better for 8
Completing Train Step at 10th epoch...
At time: 28.787551403045654 accuracy is 0.965625 and loss is 0.09712823033332825
At time: 28.96247911453247 accuracy is 0.990625 and loss is 0.03003384470939636
At time: 29.138253450393677 accuracy is 0.984375 and loss is 0.10799039602279663
At time: 29.31594944000244 accuracy is 0.99375 and loss is 0.018082110583782195
At time: 29.492623805999756 accuracy is 0.9921875 and loss is 0.029335755109786987
At time: 29.67139983177185 accuracy is 0.99375 and loss is 0.0409180760383606
At time: 29.854475736618042 accuracy is 0.9890625 and loss is 0.06894193887710572
At time: 30.036383152008057 accuracy is 0.9953125 and loss is 0.02750793397426605
At time: 30.221716165542603 accuracy is 0.990625 and loss is 0.019991368055343628
At time: 30.409647464752197 accuracy is 0.996875 and loss is 0.009696026146411896
At time: 30.600844383239746 accuracy is 0.990625 and loss is 0.037124502658844
At time: 30.799288511276245 accuracy is 0.9875 and loss is 0.08493797779083252
Evaluating...
Done Evaluating: Achieved accuracy of 0.7300145348837209
Not better for 9
Completing Train Step at 11th epoch...
At time: 31.5283203125 accuracy is 0.9734375 and loss is 0.06582481265068055
At time: 31.69945788383484 accuracy is 0.9859375 and loss is 0.034646451473236084
At time: 31.871474504470825 accuracy is 0.990625 and loss is 0.023278245329856874
At time: 32.048656940460205 accuracy is 0.99375 and loss is 0.018246178328990937
At time: 32.22402381896973 accuracy is 0.9890625 and loss is 0.035694506764411923
At time: 32.40033674240112 accuracy is 0.9921875 and loss is 0.03056185245513916
At time: 32.579878091812134 accuracy is 0.990625 and loss is 0.026548385620117188
At time: 32.76199460029602 accuracy is 0.971875 and loss is 0.1668630838394165
At time: 32.946448802948 accuracy is 0.984375 and loss is 0.047728875279426576
At time: 33.13320875167847 accuracy is 0.99375 and loss is 0.014730384945869446
At time: 33.324745178222656 accuracy is 0.99375 and loss is 0.01725337505340576
At time: 33.519193172454834 accuracy is 0.9890625 and loss is 0.04184574186801911
Evaluating...
Done Evaluating: Achieved accuracy of 0.732921511627907
Not better for 10
Model not improving. Stopping earlyat 0.7710755813953488 epochs.
Done Training. Achieved Best Accuracy of 0.7710755813953488
Improved accuracyfrom -10000000 to 0.7710755813953488
keyvalattn
SETTINGS FOR THIS RUN
{'tune_wordvecs': True, 'data': 'MPQA', 'attn_type': 'similarity', 'wordvec_source': 'gigavec', 'wordvec_dim': 300, 'rnn_dropout': 0.4864575797031222, 'lr': 0.0020438049613559703, 'num_layers': 1, 'dropout': 0.29873680563491267, 'tune_attn': False, 'batch_size': 32, 'l2': 0.1217461317341546}
Using CUDA!
here
similarity
Building RNN Classifier...

[93m    Warning: no model found for 'en'[0m

    Only loading the 'en' tokenizer.

Retrieving Data from file: /home-nfs/siddsach/ml/Interpreting-Attention/interpreting_language/data/mpqa/mpqa_subj_labels.pickle...
Loading Vectors From Memory...
Using these vectors: ['gigavec']
Building Vocab...
[<torchtext.vocab.Vectors object at 0x7fcbe7958a90>]
Getting Batches...
Created Iterator with 261 batches
Getting Batches...
Created Iterator with 87 batches
Building model...
similarity
Using Attention model with following args:
{'attention_dim': 350, 'input_size': 300, 'attn_type': 'similarity', 'num_classes': 2, 'batch_size': 32, 'train_word_vecs': True, 'rnn_dropout': 0.4864575797031222, 'vocab_size': 15284, 'num_layers': 1, 'dropout': 0.29873680563491267, 'cuda': True, 'vectors': 
 0.0000  0.0000  0.0000  ...   0.0000  0.0000  0.0000
 0.0000  0.0000  0.0000  ...   0.0000  0.0000  0.0000
 0.0000  0.0000  0.0000  ...   0.0000  0.0000  0.0000
          ...             ⋱             ...          
 0.0000  0.0000  0.0000  ...   0.0000  0.0000  0.0000
 0.0000  0.0000  0.0000  ...   0.0000  0.0000  0.0000
 0.0000  0.0000  0.0000  ...   0.0000  0.0000  0.0000
[torch.FloatTensor of size 15284x300]
, 'hidden_size': 300, 'tune_attn': False}
Begin Training...
Completing Train Step at 0th epoch...
At time: 0.20482921600341797 accuracy is 0.5875 and loss is 0.7326980113983155
At time: 0.38762807846069336 accuracy is 0.63125 and loss is 0.6753699779510498
At time: 0.569674015045166 accuracy is 0.59375 and loss is 0.697282361984253
At time: 0.746628999710083 accuracy is 0.6421875 and loss is 0.6863467693328857
At time: 0.9266853332519531 accuracy is 0.7125 and loss is 0.5734546661376954
At time: 1.1059951782226562 accuracy is 0.74375 and loss is 0.5616149425506591
At time: 1.2888071537017822 accuracy is 0.6546875 and loss is 0.6065330505371094
At time: 1.475417137145996 accuracy is 0.7546875 and loss is 0.5122344970703125
At time: 1.6619739532470703 accuracy is 0.746875 and loss is 0.5148129463195801
At time: 1.8510675430297852 accuracy is 0.7796875 and loss is 0.5223121643066406
At time: 2.0405240058898926 accuracy is 0.7546875 and loss is 0.5274147987365723
At time: 2.2342562675476074 accuracy is 0.7515625 and loss is 0.526036262512207
Evaluating...
Done Evaluating: Achieved accuracy of 0.7369186046511628
Achieved new best!
Completing Train Step at 1th epoch...
At time: 2.9598991870880127 accuracy is 0.6921875 and loss is 0.6003164291381836
At time: 3.135568380355835 accuracy is 0.8109375 and loss is 0.507500171661377
At time: 3.310453414916992 accuracy is 0.8 and loss is 0.4645102024078369
At time: 3.4876210689544678 accuracy is 0.825 and loss is 0.38548305034637453
At time: 3.668196201324463 accuracy is 0.8796875 and loss is 0.31995396614074706
At time: 3.848928213119507 accuracy is 0.8765625 and loss is 0.29602205753326416
At time: 4.028573036193848 accuracy is 0.8640625 and loss is 0.32581000328063964
At time: 4.211899995803833 accuracy is 0.8765625 and loss is 0.3151170492172241
At time: 4.395090579986572 accuracy is 0.8875 and loss is 0.29866857528686525
At time: 4.582625389099121 accuracy is 0.896875 and loss is 0.2423785924911499
At time: 4.773075342178345 accuracy is 0.8953125 and loss is 0.24983806610107423
At time: 4.967491388320923 accuracy is 0.86875 and loss is 0.29779787063598634
Evaluating...
Done Evaluating: Achieved accuracy of 0.7387354651162791
Achieved new best!
Completing Train Step at 2th epoch...
At time: 5.676550388336182 accuracy is 0.75625 and loss is 0.5629720211029052
At time: 5.854467153549194 accuracy is 0.8734375 and loss is 0.3184471130371094
At time: 6.029624700546265 accuracy is 0.9328125 and loss is 0.19087605476379393
At time: 6.206702470779419 accuracy is 0.934375 and loss is 0.18762751817703247
At time: 6.384026288986206 accuracy is 0.946875 and loss is 0.12572736740112306
At time: 6.56397008895874 accuracy is 0.94375 and loss is 0.1919001340866089
At time: 6.745495319366455 accuracy is 0.9421875 and loss is 0.16220052242279054
At time: 6.931053161621094 accuracy is 0.9375 and loss is 0.14448601007461548
At time: 7.114203691482544 accuracy is 0.9625 and loss is 0.10513615608215332
At time: 7.298326253890991 accuracy is 0.953125 and loss is 0.12848591804504395
At time: 7.485909461975098 accuracy is 0.946875 and loss is 0.16849260330200194
At time: 7.676711082458496 accuracy is 0.9203125 and loss is 0.23026206493377685
Evaluating...
Done Evaluating: Achieved accuracy of 0.7383720930232558
Not better for 1
Completing Train Step at 3th epoch...
At time: 8.391934156417847 accuracy is 0.8828125 and loss is 0.3752372980117798
At time: 8.562250137329102 accuracy is 0.9390625 and loss is 0.13975704908370973
At time: 8.735588550567627 accuracy is 0.9734375 and loss is 0.0947354257106781
At time: 8.91004729270935 accuracy is 0.9578125 and loss is 0.12551934719085694
At time: 9.08730673789978 accuracy is 0.9515625 and loss is 0.1490013360977173
At time: 9.27201223373413 accuracy is 0.965625 and loss is 0.11000019311904907
At time: 9.451114892959595 accuracy is 0.965625 and loss is 0.09992353916168213
At time: 9.631346225738525 accuracy is 0.9671875 and loss is 0.08253735303878784
At time: 9.81346082687378 accuracy is 0.965625 and loss is 0.10974339246749878
At time: 9.997274160385132 accuracy is 0.9671875 and loss is 0.108099365234375
At time: 10.184041500091553 accuracy is 0.9796875 and loss is 0.06899166107177734
At time: 10.37665605545044 accuracy is 0.978125 and loss is 0.08155822157859802
Evaluating...
Done Evaluating: Achieved accuracy of 0.6322674418604651
Not better for 2
Completing Train Step at 4th epoch...
At time: 11.090846061706543 accuracy is 0.909375 and loss is 0.2441812515258789
At time: 11.261728525161743 accuracy is 0.9703125 and loss is 0.06688925623893738
At time: 11.435855388641357 accuracy is 0.96875 and loss is 0.06983662843704223
At time: 11.610254287719727 accuracy is 0.975 and loss is 0.08002932667732239
At time: 11.78553819656372 accuracy is 0.98125 and loss is 0.06304394602775573
At time: 11.963914394378662 accuracy is 0.95625 and loss is 0.11153123378753663
At time: 12.14280891418457 accuracy is 0.98125 and loss is 0.059400898218154904
At time: 12.323158264160156 accuracy is 0.9765625 and loss is 0.0798188328742981
At time: 12.507099628448486 accuracy is 0.978125 and loss is 0.07403256893157958
At time: 12.691494941711426 accuracy is 0.98125 and loss is 0.07097946405410767
At time: 12.879546642303467 accuracy is 0.9734375 and loss is 0.10572614669799804
At time: 13.0700843334198 accuracy is 0.96875 and loss is 0.1282935619354248
Evaluating...
Done Evaluating: Achieved accuracy of 0.747093023255814
Achieved new best!
Completing Train Step at 5th epoch...
At time: 13.790790557861328 accuracy is 0.9109375 and loss is 0.221976375579834
At time: 13.961969375610352 accuracy is 0.975 and loss is 0.07425696849822998
At time: 14.134416580200195 accuracy is 0.98125 and loss is 0.05615529417991638
At time: 14.308751344680786 accuracy is 0.9765625 and loss is 0.105221426486969
At time: 14.484076499938965 accuracy is 0.9765625 and loss is 0.06587224602699279
At time: 14.661802530288696 accuracy is 0.975 and loss is 0.06703420281410218
At time: 14.840710401535034 accuracy is 0.9671875 and loss is 0.14819350242614746
At time: 15.022680282592773 accuracy is 0.9609375 and loss is 0.2373061180114746
At time: 15.20598292350769 accuracy is 0.984375 and loss is 0.05555039644241333
At time: 15.389841556549072 accuracy is 0.95625 and loss is 0.14616907835006715
At time: 15.576701879501343 accuracy is 0.9765625 and loss is 0.06879363656044006
At time: 15.766529321670532 accuracy is 0.9765625 and loss is 0.08866500854492188
Evaluating...
Done Evaluating: Achieved accuracy of 0.7354651162790697
Not better for 1
Completing Train Step at 6th epoch...
At time: 16.492809534072876 accuracy is 0.93125 and loss is 0.16687350273132323
At time: 16.664499282836914 accuracy is 0.9734375 and loss is 0.067476087808609
At time: 16.8392014503479 accuracy is 0.9890625 and loss is 0.0420371800661087
At time: 17.015769004821777 accuracy is 0.971875 and loss is 0.1467934727668762
At time: 17.194700717926025 accuracy is 0.975 and loss is 0.09988206624984741
At time: 17.374951362609863 accuracy is 0.9625 and loss is 0.22119598388671874
At time: 17.560811042785645 accuracy is 0.9875 and loss is 0.04484809637069702
At time: 17.744626760482788 accuracy is 0.9859375 and loss is 0.055293220281600955
At time: 17.930120706558228 accuracy is 0.975 and loss is 0.059539544582366946
At time: 18.117676973342896 accuracy is 0.990625 and loss is 0.05793447494506836
At time: 18.30832529067993 accuracy is 0.971875 and loss is 0.1461580753326416
At time: 18.502253532409668 accuracy is 0.9859375 and loss is 0.06834953427314758
Evaluating...
Done Evaluating: Achieved accuracy of 0.71875
Not better for 2
Completing Train Step at 7th epoch...
At time: 19.227413177490234 accuracy is 0.946875 and loss is 0.1641248106956482
At time: 19.400115489959717 accuracy is 0.96875 and loss is 0.10523031949996949
At time: 19.575986862182617 accuracy is 0.98125 and loss is 0.06401866674423218
At time: 19.753655433654785 accuracy is 0.971875 and loss is 0.08589563965797424
At time: 19.939249753952026 accuracy is 0.9796875 and loss is 0.036798134446144104
At time: 20.12087368965149 accuracy is 0.95625 and loss is 0.11457154750823975
At time: 20.305216073989868 accuracy is 0.9671875 and loss is 0.10495278835296631
At time: 20.490556955337524 accuracy is 0.975 and loss is 0.12103289365768433
At time: 20.67139458656311 accuracy is 0.978125 and loss is 0.08958548307418823
At time: 20.854825973510742 accuracy is 0.9578125 and loss is 0.14623401165008545
At time: 21.04076838493347 accuracy is 0.96875 and loss is 0.12018909454345703
At time: 21.23581027984619 accuracy is 0.9703125 and loss is 0.10097553730010986
Evaluating...
Done Evaluating: Achieved accuracy of 0.735828488372093
Not better for 3
Completing Train Step at 8th epoch...
At time: 21.988410711288452 accuracy is 0.93125 and loss is 0.15938507318496703
At time: 22.179704904556274 accuracy is 0.9734375 and loss is 0.07796835303306579
At time: 22.374528169631958 accuracy is 0.959375 and loss is 0.10137304067611694
At time: 22.56673812866211 accuracy is 0.9703125 and loss is 0.08025159239768982
At time: 22.762162923812866 accuracy is 0.9859375 and loss is 0.040429028868675235
At time: 22.973713397979736 accuracy is 0.9796875 and loss is 0.078463613986969
At time: 23.178781747817993 accuracy is 0.9703125 and loss is 0.10024665594100952
At time: 23.386404752731323 accuracy is 0.9671875 and loss is 0.13732935190200807
At time: 23.6093327999115 accuracy is 0.984375 and loss is 0.0777601182460785
At time: 23.81191062927246 accuracy is 0.946875 and loss is 0.16520287990570068
At time: 24.021706581115723 accuracy is 0.9796875 and loss is 0.08073432445526123
At time: 24.228780031204224 accuracy is 0.984375 and loss is 0.06758522391319274
Evaluating...
Done Evaluating: Achieved accuracy of 0.7398255813953488
Not better for 4
Completing Train Step at 9th epoch...
At time: 24.959609270095825 accuracy is 0.9421875 and loss is 0.13493574857711793
At time: 25.132242679595947 accuracy is 0.978125 and loss is 0.05059448480606079
At time: 25.30775737762451 accuracy is 0.9640625 and loss is 0.07877849340438843
At time: 25.484477758407593 accuracy is 0.978125 and loss is 0.05041208267211914
At time: 25.66554093360901 accuracy is 0.978125 and loss is 0.0898206353187561
At time: 25.85994791984558 accuracy is 0.9875 and loss is 0.0726428508758545
At time: 26.056763648986816 accuracy is 0.975 and loss is 0.08280099630355835
At time: 26.259658098220825 accuracy is 0.9703125 and loss is 0.11780375242233276
At time: 26.448710441589355 accuracy is 0.9765625 and loss is 0.06041826605796814
At time: 26.643956661224365 accuracy is 0.984375 and loss is 0.044595280289649965
At time: 26.841742515563965 accuracy is 0.9953125 and loss is 0.017769689857959747
At time: 27.037113666534424 accuracy is 0.959375 and loss is 0.18144341707229614
Evaluating...
Done Evaluating: Achieved accuracy of 0.7281976744186046
Not better for 5
Completing Train Step at 10th epoch...
At time: 27.788893222808838 accuracy is 0.9546875 and loss is 0.10630735158920288
At time: 27.96410894393921 accuracy is 0.9578125 and loss is 0.11350096464157104
At time: 28.144123315811157 accuracy is 0.9546875 and loss is 0.1455895185470581
At time: 28.32183837890625 accuracy is 0.98125 and loss is 0.04203139245510101
At time: 28.499436140060425 accuracy is 0.975 and loss is 0.0713847041130066
At time: 28.679842472076416 accuracy is 0.9859375 and loss is 0.039273416996002196
At time: 28.861259698867798 accuracy is 0.990625 and loss is 0.04008069634437561
At time: 29.04438328742981 accuracy is 0.9734375 and loss is 0.09402881264686584
At time: 29.22988724708557 accuracy is 0.9796875 and loss is 0.07711663842201233
At time: 29.418780088424683 accuracy is 0.9828125 and loss is 0.0514729380607605
At time: 29.61160659790039 accuracy is 0.9828125 and loss is 0.09124624729156494
At time: 29.803657293319702 accuracy is 0.9734375 and loss is 0.11686885356903076
Evaluating...
Done Evaluating: Achieved accuracy of 0.7445494186046512
Not better for 6
Completing Train Step at 11th epoch...
At time: 30.521185636520386 accuracy is 0.9546875 and loss is 0.1297916889190674
At time: 30.69514489173889 accuracy is 0.9765625 and loss is 0.083304762840271
At time: 30.87361979484558 accuracy is 0.978125 and loss is 0.05142807960510254
At time: 31.054160356521606 accuracy is 0.9859375 and loss is 0.03278797566890716
At time: 31.231979370117188 accuracy is 0.984375 and loss is 0.04723549783229828
At time: 31.413381099700928 accuracy is 0.984375 and loss is 0.0298643559217453
At time: 31.59512686729431 accuracy is 0.9796875 and loss is 0.05963807106018067
At time: 31.781899452209473 accuracy is 0.975 and loss is 0.09264612793922425
At time: 31.970004081726074 accuracy is 0.9859375 and loss is 0.048172852396965025
At time: 32.161898612976074 accuracy is 0.98125 and loss is 0.09538468122482299
At time: 32.3552303314209 accuracy is 0.9765625 and loss is 0.07608793377876281
At time: 32.54890847206116 accuracy is 0.975 and loss is 0.10468279123306275
Evaluating...
Done Evaluating: Achieved accuracy of 0.7383720930232558
Not better for 7
Completing Train Step at 12th epoch...
At time: 33.26622533798218 accuracy is 0.95 and loss is 0.17577365636825562
At time: 33.440229654312134 accuracy is 0.96875 and loss is 0.08160900473594665
At time: 33.617249488830566 accuracy is 0.990625 and loss is 0.04202983975410461
At time: 33.79559278488159 accuracy is 0.978125 and loss is 0.04661227762699127
At time: 33.97259330749512 accuracy is 0.9859375 and loss is 0.03981751799583435
At time: 34.15385460853577 accuracy is 0.9875 and loss is 0.04277254939079285
At time: 34.334537982940674 accuracy is 0.98125 and loss is 0.07192756533622742
At time: 34.5164315700531 accuracy is 0.978125 and loss is 0.08209671974182128
At time: 34.70149374008179 accuracy is 0.9859375 and loss is 0.058185899257659913
At time: 34.88801312446594 accuracy is 0.9875 and loss is 0.036016491055488584
At time: 35.07865524291992 accuracy is 0.984375 and loss is 0.04515308439731598
At time: 35.270201206207275 accuracy is 0.9828125 and loss is 0.057301050424575804
Evaluating...
Done Evaluating: Achieved accuracy of 0.7321947674418605
Not better for 8
Completing Train Step at 13th epoch...
At time: 36.02146100997925 accuracy is 0.93125 and loss is 0.16781034469604492
At time: 36.19442629814148 accuracy is 0.9796875 and loss is 0.04791090488433838
At time: 36.37119817733765 accuracy is 0.9828125 and loss is 0.05060487985610962
At time: 36.54969787597656 accuracy is 0.9875 and loss is 0.04037087857723236
At time: 36.72471332550049 accuracy is 0.9859375 and loss is 0.037740734219551084
At time: 36.90403389930725 accuracy is 0.9890625 and loss is 0.02944701611995697
At time: 37.08463454246521 accuracy is 0.984375 and loss is 0.054995995759963986
At time: 37.26520872116089 accuracy is 0.978125 and loss is 0.11078414916992188
At time: 37.447455167770386 accuracy is 0.9859375 and loss is 0.03514189422130585
At time: 37.63386869430542 accuracy is 0.990625 and loss is 0.03565849959850311
At time: 37.82502222061157 accuracy is 0.9921875 and loss is 0.029076439142227174
At time: 38.02580451965332 accuracy is 0.9859375 and loss is 0.0677216112613678
Evaluating...
Done Evaluating: Achieved accuracy of 0.7289244186046512
Not better for 9
Completing Train Step at 14th epoch...
At time: 38.749995708465576 accuracy is 0.921875 and loss is 0.18532564640045165
At time: 38.925586223602295 accuracy is 0.9703125 and loss is 0.07828497290611267
At time: 39.101645946502686 accuracy is 0.978125 and loss is 0.06473727226257324
At time: 39.28259897232056 accuracy is 0.984375 and loss is 0.03545491099357605
At time: 39.459840536117554 accuracy is 0.9796875 and loss is 0.068671715259552
At time: 39.64102554321289 accuracy is 0.9859375 and loss is 0.052084922790527344
At time: 39.8242506980896 accuracy is 0.9859375 and loss is 0.05175566077232361
At time: 40.00790095329285 accuracy is 0.9828125 and loss is 0.07362223863601684
At time: 40.19175100326538 accuracy is 0.98125 and loss is 0.049328991770744325
At time: 40.37697887420654 accuracy is 0.9859375 and loss is 0.0838624358177185
At time: 40.569164514541626 accuracy is 0.9921875 and loss is 0.028605422377586363
At time: 40.753607749938965 accuracy is 0.98125 and loss is 0.06699700355529785
Evaluating...
Done Evaluating: Achieved accuracy of 0.7263808139534884
Not better for 10
Model not improving. Stopping earlyat 0.747093023255814 epochs.
Done Training. Achieved Best Accuracy of 0.747093023255814
keyvalattn
SETTINGS FOR THIS RUN
{'tune_wordvecs': True, 'data': 'MPQA', 'attn_type': 'similarity', 'wordvec_source': 'gigavec', 'wordvec_dim': 300, 'rnn_dropout': 0.6474120986463262, 'lr': 0.0017403370783972178, 'num_layers': 1, 'dropout': 0.6578585003897184, 'tune_attn': False, 'batch_size': 32, 'l2': 0.3328122465476744}
Using CUDA!
here
similarity
Building RNN Classifier...

[93m    Warning: no model found for 'en'[0m

    Only loading the 'en' tokenizer.

Retrieving Data from file: /home-nfs/siddsach/ml/Interpreting-Attention/interpreting_language/data/mpqa/mpqa_subj_labels.pickle...
Loading Vectors From Memory...
Using these vectors: ['gigavec']
Building Vocab...
[<torchtext.vocab.Vectors object at 0x7fcbe7661da0>]
Getting Batches...
Created Iterator with 261 batches
Getting Batches...
Created Iterator with 87 batches
Building model...
similarity
Using Attention model with following args:
{'attention_dim': 350, 'input_size': 300, 'attn_type': 'similarity', 'num_classes': 2, 'batch_size': 32, 'train_word_vecs': True, 'rnn_dropout': 0.6474120986463262, 'vocab_size': 15284, 'num_layers': 1, 'dropout': 0.6578585003897184, 'cuda': True, 'vectors': 
 0.0000  0.0000  0.0000  ...   0.0000  0.0000  0.0000
 0.0000  0.0000  0.0000  ...   0.0000  0.0000  0.0000
 0.0000  0.0000  0.0000  ...   0.0000  0.0000  0.0000
          ...             ⋱             ...          
 0.0000  0.0000  0.0000  ...   0.0000  0.0000  0.0000
 0.0000  0.0000  0.0000  ...   0.0000  0.0000  0.0000
 0.0000  0.0000  0.0000  ...   0.0000  0.0000  0.0000
[torch.FloatTensor of size 15284x300]
, 'hidden_size': 300, 'tune_attn': False}
Begin Training...
Completing Train Step at 0th epoch...
At time: 0.20142149925231934 accuracy is 0.596875 and loss is 0.7220170974731446
At time: 0.3808252811431885 accuracy is 0.6296875 and loss is 0.6543502330780029
At time: 0.5571205615997314 accuracy is 0.665625 and loss is 0.6061259746551514
At time: 0.732586145401001 accuracy is 0.721875 and loss is 0.6303274631500244
At time: 0.9145257472991943 accuracy is 0.7734375 and loss is 0.5061785221099854
At time: 1.0964815616607666 accuracy is 0.7296875 and loss is 0.5357940673828125
At time: 1.2788169384002686 accuracy is 0.6828125 and loss is 0.598623514175415
At time: 1.4626624584197998 accuracy is 0.7390625 and loss is 0.5203711509704589
At time: 1.6512656211853027 accuracy is 0.740625 and loss is 0.5208140850067139
At time: 1.8385746479034424 accuracy is 0.7796875 and loss is 0.47561092376708985
At time: 2.0300168991088867 accuracy is 0.784375 and loss is 0.47286295890808105
At time: 2.230077028274536 accuracy is 0.759375 and loss is 0.48479738235473635
Evaluating...
Done Evaluating: Achieved accuracy of 0.7728924418604651
Achieved new best!
Completing Train Step at 1th epoch...
At time: 2.990034818649292 accuracy is 0.765625 and loss is 0.6158972263336182
At time: 3.1627655029296875 accuracy is 0.8296875 and loss is 0.4224380016326904
At time: 3.338320255279541 accuracy is 0.8796875 and loss is 0.31966629028320315
At time: 3.5173850059509277 accuracy is 0.7953125 and loss is 0.4701663017272949
At time: 3.701878070831299 accuracy is 0.890625 and loss is 0.2844116687774658
At time: 3.8849005699157715 accuracy is 0.85 and loss is 0.4099445819854736
At time: 4.0652992725372314 accuracy is 0.85625 and loss is 0.3181036949157715
At time: 4.250802516937256 accuracy is 0.8640625 and loss is 0.29338047504425047
At time: 4.4340105056762695 accuracy is 0.853125 and loss is 0.31194314956665037
At time: 4.621494293212891 accuracy is 0.91875 and loss is 0.21385092735290528
At time: 4.813682794570923 accuracy is 0.859375 and loss is 0.4035035133361816
At time: 5.0116331577301025 accuracy is 0.85625 and loss is 0.2974393367767334
Evaluating...
Done Evaluating: Achieved accuracy of 0.7318313953488372
Not better for 1
Completing Train Step at 2th epoch...
At time: 5.7329957485198975 accuracy is 0.8375 and loss is 0.4200930595397949
At time: 5.90630841255188 accuracy is 0.9 and loss is 0.2640630006790161
At time: 6.0811097621917725 accuracy is 0.9203125 and loss is 0.21065738201141357
At time: 6.263992071151733 accuracy is 0.8875 and loss is 0.2543056011199951
At time: 6.445825576782227 accuracy is 0.934375 and loss is 0.17456626892089844
At time: 6.62753438949585 accuracy is 0.9171875 and loss is 0.23617489337921144
At time: 6.808030843734741 accuracy is 0.93125 and loss is 0.16752735376358033
At time: 6.990652561187744 accuracy is 0.94375 and loss is 0.15592392683029174
At time: 7.177550792694092 accuracy is 0.909375 and loss is 0.47783217430114744
At time: 7.363078355789185 accuracy is 0.9421875 and loss is 0.16799585819244384
At time: 7.552416086196899 accuracy is 0.940625 and loss is 0.16172420978546143
At time: 7.749377965927124 accuracy is 0.9296875 and loss is 0.18628933429718017
Evaluating...
Done Evaluating: Achieved accuracy of 0.7089389534883721
Not better for 2
Completing Train Step at 3th epoch...
At time: 8.468791961669922 accuracy is 0.8390625 and loss is 0.38350772857666016
At time: 8.644164562225342 accuracy is 0.9 and loss is 0.25271317958831785
At time: 8.819872856140137 accuracy is 0.9671875 and loss is 0.10453535318374634
At time: 8.996351480484009 accuracy is 0.9515625 and loss is 0.1480729579925537
At time: 9.181479215621948 accuracy is 0.965625 and loss is 0.10150519609451295
At time: 9.364096403121948 accuracy is 0.9671875 and loss is 0.08271370530128479
At time: 9.546374559402466 accuracy is 0.9640625 and loss is 0.11667814254760742
At time: 9.730084896087646 accuracy is 0.9546875 and loss is 0.11828655004501343
At time: 9.915156602859497 accuracy is 0.95625 and loss is 0.1430152177810669
At time: 10.10192584991455 accuracy is 0.934375 and loss is 0.1427088499069214
At time: 10.2914719581604 accuracy is 0.95625 and loss is 0.11103734970092774
At time: 10.487844705581665 accuracy is 0.9671875 and loss is 0.1296578526496887
Evaluating...
Done Evaluating: Achieved accuracy of 0.7154796511627907
Not better for 3
Completing Train Step at 4th epoch...
At time: 11.214722394943237 accuracy is 0.9265625 and loss is 0.2582806825637817
At time: 11.39051604270935 accuracy is 0.925 and loss is 0.15257097482681276
At time: 11.569992065429688 accuracy is 0.975 and loss is 0.15145310163497924
At time: 11.748985528945923 accuracy is 0.959375 and loss is 0.1564951181411743
At time: 11.949265003204346 accuracy is 0.965625 and loss is 0.10088722705841065
At time: 12.134957551956177 accuracy is 0.9578125 and loss is 0.10542309284210205
At time: 12.316038608551025 accuracy is 0.9796875 and loss is 0.054236984252929686
At time: 12.496707201004028 accuracy is 0.9546875 and loss is 0.14706871509552003
At time: 12.678759098052979 accuracy is 0.9625 and loss is 0.09909001588821412
At time: 12.86185097694397 accuracy is 0.9765625 and loss is 0.0654646098613739
At time: 13.048087358474731 accuracy is 0.9484375 and loss is 0.21011865139007568
At time: 13.241020679473877 accuracy is 0.9578125 and loss is 0.12326647043228149
Evaluating...
Done Evaluating: Achieved accuracy of 0.7180232558139535
Not better for 4
Completing Train Step at 5th epoch...
At time: 13.95725703239441 accuracy is 0.91875 and loss is 0.21627893447875976
At time: 14.128629207611084 accuracy is 0.934375 and loss is 0.3441347122192383
At time: 14.302062273025513 accuracy is 0.921875 and loss is 0.24399137496948242
At time: 14.47724461555481 accuracy is 0.965625 and loss is 0.10692585706710815
At time: 14.655187845230103 accuracy is 0.95 and loss is 0.16484301090240477
At time: 14.836176872253418 accuracy is 0.9828125 and loss is 0.04848175644874573
At time: 15.016145467758179 accuracy is 0.984375 and loss is 0.07533236145973206
At time: 15.200640201568604 accuracy is 0.9671875 and loss is 0.18892279863357545
At time: 15.384354829788208 accuracy is 0.971875 and loss is 0.11859447956085205
At time: 15.569005250930786 accuracy is 0.971875 and loss is 0.11880389451980591
At time: 15.757745027542114 accuracy is 0.975 and loss is 0.09596229195594788
At time: 15.952999591827393 accuracy is 0.9703125 and loss is 0.07313132882118226
Evaluating...
Done Evaluating: Achieved accuracy of 0.7321947674418605
Not better for 5
Completing Train Step at 6th epoch...
At time: 16.67630100250244 accuracy is 0.9453125 and loss is 0.20528206825256348
At time: 16.848894596099854 accuracy is 0.94375 and loss is 0.47892189025878906
At time: 17.02452301979065 accuracy is 0.9390625 and loss is 0.14488328695297242
At time: 17.20159602165222 accuracy is 0.9765625 and loss is 0.0814752995967865
At time: 17.380165576934814 accuracy is 0.9828125 and loss is 0.060594552755355836
At time: 17.56166124343872 accuracy is 0.9890625 and loss is 0.024099427461624145
At time: 17.74379062652588 accuracy is 0.978125 and loss is 0.09027736783027648
At time: 17.92993474006653 accuracy is 0.9875 and loss is 0.09653054475784302
At time: 18.113609075546265 accuracy is 0.9796875 and loss is 0.05920274257659912
At time: 18.298726081848145 accuracy is 0.9875 and loss is 0.0411444216966629
At time: 18.486050844192505 accuracy is 0.984375 and loss is 0.04544346034526825
At time: 18.67957854270935 accuracy is 0.9734375 and loss is 0.06781601905822754
Evaluating...
Done Evaluating: Achieved accuracy of 0.7394622093023255
Not better for 6
Completing Train Step at 7th epoch...
At time: 19.40308117866516 accuracy is 0.9359375 and loss is 0.26125354766845704
At time: 19.57684087753296 accuracy is 0.9390625 and loss is 0.1787445068359375
At time: 19.75233221054077 accuracy is 0.971875 and loss is 0.11449625492095947
At time: 19.92889404296875 accuracy is 0.9859375 and loss is 0.04799330532550812
At time: 20.10926127433777 accuracy is 0.975 and loss is 0.09465069770812988
At time: 20.290597677230835 accuracy is 0.9875 and loss is 0.03949442803859711
At time: 20.474823474884033 accuracy is 0.9578125 and loss is 0.07396838665008545
At time: 20.658133029937744 accuracy is 0.9796875 and loss is 0.06670442223548889
At time: 20.84413719177246 accuracy is 0.978125 and loss is 0.07452653050422668
At time: 21.029466152191162 accuracy is 0.9765625 and loss is 0.06877740621566772
At time: 21.217487335205078 accuracy is 0.984375 and loss is 0.049341654777526854
At time: 21.40980076789856 accuracy is 0.9796875 and loss is 0.052591294050216675
Evaluating...
Done Evaluating: Achieved accuracy of 0.7369186046511628
Not better for 7
Completing Train Step at 8th epoch...
At time: 22.16896677017212 accuracy is 0.9265625 and loss is 0.2313401699066162
At time: 22.341883897781372 accuracy is 0.94375 and loss is 0.13281596899032594
At time: 22.51742434501648 accuracy is 0.971875 and loss is 0.06391591429710389
At time: 22.693770170211792 accuracy is 0.98125 and loss is 0.04733805656433106
At time: 22.875282526016235 accuracy is 0.978125 and loss is 0.07991104125976563
At time: 23.057971954345703 accuracy is 0.9921875 and loss is 0.01900656372308731
At time: 23.243297338485718 accuracy is 0.9859375 and loss is 0.0366913914680481
At time: 23.424048900604248 accuracy is 0.9796875 and loss is 0.11591432094573975
At time: 23.607935667037964 accuracy is 0.984375 and loss is 0.05125542283058167
At time: 23.795085430145264 accuracy is 0.9609375 and loss is 0.1602128863334656
At time: 23.982745885849 accuracy is 0.98125 and loss is 0.13910410404205323
At time: 24.174341917037964 accuracy is 0.9859375 and loss is 0.06859681010246277
Evaluating...
Done Evaluating: Achieved accuracy of 0.7332848837209303
Not better for 8
Completing Train Step at 9th epoch...
At time: 24.93033480644226 accuracy is 0.9390625 and loss is 0.14340929985046386
At time: 25.10435724258423 accuracy is 0.94375 and loss is 0.13722411394119263
At time: 25.27808141708374 accuracy is 0.9578125 and loss is 0.1042819619178772
At time: 25.455923795700073 accuracy is 0.971875 and loss is 0.05952828526496887
At time: 25.636590003967285 accuracy is 0.9859375 and loss is 0.03611541390419006
At time: 25.81930637359619 accuracy is 0.975 and loss is 0.09635183215141296
At time: 26.002349853515625 accuracy is 0.9765625 and loss is 0.1063500165939331
At time: 26.18495774269104 accuracy is 0.978125 and loss is 0.05756490230560303
At time: 26.370986461639404 accuracy is 0.9859375 and loss is 0.035934042930603025
At time: 26.557195901870728 accuracy is 0.99375 and loss is 0.020891329646110533
At time: 26.74682903289795 accuracy is 0.984375 and loss is 0.06931709051132202
At time: 26.940746307373047 accuracy is 0.9828125 and loss is 0.036305302381515504
Evaluating...
Done Evaluating: Achieved accuracy of 0.7289244186046512
Not better for 9
Completing Train Step at 10th epoch...
At time: 27.6576144695282 accuracy is 0.9421875 and loss is 0.14908671379089355
At time: 27.830557107925415 accuracy is 0.9578125 and loss is 0.10106930732727051
At time: 28.006306171417236 accuracy is 0.9859375 and loss is 0.030780625343322755
At time: 28.184587478637695 accuracy is 0.9828125 and loss is 0.04125024974346161
At time: 28.363044023513794 accuracy is 0.975 and loss is 0.10647791624069214
At time: 28.545570135116577 accuracy is 0.984375 and loss is 0.06474327445030212
At time: 28.727064847946167 accuracy is 0.9859375 and loss is 0.050280630588531494
At time: 28.910372972488403 accuracy is 0.9875 and loss is 0.05679985284805298
At time: 29.093374252319336 accuracy is 0.9796875 and loss is 0.05377988219261169
At time: 29.278123140335083 accuracy is 0.99375 and loss is 0.011540625244379044
At time: 29.47091770172119 accuracy is 0.9875 and loss is 0.04173629879951477
At time: 29.663797616958618 accuracy is 0.9875 and loss is 0.038054338097572325
Evaluating...
Done Evaluating: Achieved accuracy of 0.7281976744186046
Not better for 10
Model not improving. Stopping earlyat 0.7728924418604651 epochs.
Done Training. Achieved Best Accuracy of 0.7728924418604651
Improved accuracyfrom 0.7710755813953488 to 0.7728924418604651
keyvalattn
SETTINGS FOR THIS RUN
{'tune_wordvecs': True, 'data': 'MPQA', 'attn_type': 'similarity', 'wordvec_source': 'gigavec', 'wordvec_dim': 300, 'rnn_dropout': 0.5202768336103741, 'lr': 0.002477373897879938, 'num_layers': 1, 'dropout': 0.37765072206218797, 'tune_attn': False, 'batch_size': 32, 'l2': 0.2168657789234686}
Using CUDA!
here
similarity
Building RNN Classifier...

[93m    Warning: no model found for 'en'[0m

    Only loading the 'en' tokenizer.

Retrieving Data from file: /home-nfs/siddsach/ml/Interpreting-Attention/interpreting_language/data/mpqa/mpqa_subj_labels.pickle...
Loading Vectors From Memory...
Using these vectors: ['gigavec']
Building Vocab...
[<torchtext.vocab.Vectors object at 0x7fcc296495f8>]
Getting Batches...
Created Iterator with 261 batches
Getting Batches...
Created Iterator with 87 batches
Building model...
similarity
Using Attention model with following args:
{'attention_dim': 350, 'input_size': 300, 'attn_type': 'similarity', 'num_classes': 2, 'batch_size': 32, 'train_word_vecs': True, 'rnn_dropout': 0.5202768336103741, 'vocab_size': 15284, 'num_layers': 1, 'dropout': 0.37765072206218797, 'cuda': True, 'vectors': 
 0.0000  0.0000  0.0000  ...   0.0000  0.0000  0.0000
 0.0000  0.0000  0.0000  ...   0.0000  0.0000  0.0000
 0.0000  0.0000  0.0000  ...   0.0000  0.0000  0.0000
          ...             ⋱             ...          
 0.0000  0.0000  0.0000  ...   0.0000  0.0000  0.0000
 0.0000  0.0000  0.0000  ...   0.0000  0.0000  0.0000
 0.0000  0.0000  0.0000  ...   0.0000  0.0000  0.0000
[torch.FloatTensor of size 15284x300]
, 'hidden_size': 300, 'tune_attn': False}
Begin Training...
Completing Train Step at 0th epoch...
At time: 0.20446348190307617 accuracy is 0.5703125 and loss is 0.7382410526275635
At time: 0.38263821601867676 accuracy is 0.625 and loss is 0.7174909591674805
At time: 0.5634210109710693 accuracy is 0.7015625 and loss is 0.6723330020904541
At time: 0.7439825534820557 accuracy is 0.5859375 and loss is 0.7032001495361329
At time: 0.9221415519714355 accuracy is 0.7234375 and loss is 0.5833121776580811
At time: 1.1031138896942139 accuracy is 0.7625 and loss is 0.5507782936096192
At time: 1.2851128578186035 accuracy is 0.725 and loss is 0.592081356048584
At time: 1.468517541885376 accuracy is 0.7625 and loss is 0.51027512550354
At time: 1.6660618782043457 accuracy is 0.7375 and loss is 0.5295979499816894
At time: 1.8548846244812012 accuracy is 0.76875 and loss is 0.4963507652282715
At time: 2.047106981277466 accuracy is 0.7390625 and loss is 0.5808920860290527
At time: 2.241675853729248 accuracy is 0.7359375 and loss is 0.5362026214599609
Evaluating...
Done Evaluating: Achieved accuracy of 0.764171511627907
Achieved new best!
Completing Train Step at 1th epoch...
At time: 2.9340693950653076 accuracy is 0.7046875 and loss is 0.6480044364929199
At time: 3.111912727355957 accuracy is 0.821875 and loss is 0.4175427436828613
At time: 3.30696702003479 accuracy is 0.8734375 and loss is 0.28554110527038573
At time: 3.498373508453369 accuracy is 0.7828125 and loss is 0.48499574661254885
At time: 3.688084125518799 accuracy is 0.8234375 and loss is 0.3954188585281372
At time: 3.8693342208862305 accuracy is 0.890625 and loss is 0.31525259017944335
At time: 4.052279472351074 accuracy is 0.8421875 and loss is 0.34027106761932374
At time: 4.234642028808594 accuracy is 0.8921875 and loss is 0.3288973569869995
At time: 4.4196717739105225 accuracy is 0.884375 and loss is 0.29893810749053956
At time: 4.606173992156982 accuracy is 0.90625 and loss is 0.24287524223327636
At time: 4.795329809188843 accuracy is 0.85 and loss is 0.38125131130218504
At time: 4.989311933517456 accuracy is 0.884375 and loss is 0.30857274532318113
Evaluating...
Done Evaluating: Achieved accuracy of 0.7525436046511628
Not better for 1
Completing Train Step at 2th epoch...
At time: 5.695937395095825 accuracy is 0.8484375 and loss is 0.41327757835388185
At time: 5.869775295257568 accuracy is 0.9234375 and loss is 0.18816606998443602
At time: 6.055265426635742 accuracy is 0.9125 and loss is 0.27307834625244143
At time: 6.23912787437439 accuracy is 0.9 and loss is 0.3217272996902466
At time: 6.41772723197937 accuracy is 0.9203125 and loss is 0.19116487503051757
At time: 6.5992186069488525 accuracy is 0.9359375 and loss is 0.17628015279769899
At time: 6.7831339836120605 accuracy is 0.9296875 and loss is 0.1849880576133728
At time: 6.96619176864624 accuracy is 0.9359375 and loss is 0.19179754257202147
At time: 7.152667045593262 accuracy is 0.959375 and loss is 0.11786013841629028
At time: 7.341137886047363 accuracy is 0.9484375 and loss is 0.17346887588500975
At time: 7.536922454833984 accuracy is 0.93125 and loss is 0.14988152980804442
At time: 7.739129304885864 accuracy is 0.95 and loss is 0.1894637942314148
Evaluating...
Done Evaluating: Achieved accuracy of 0.7136627906976745
Not better for 2
Completing Train Step at 3th epoch...
At time: 8.45826768875122 accuracy is 0.903125 and loss is 0.30186684131622316
At time: 8.633682489395142 accuracy is 0.9484375 and loss is 0.13902041912078858
At time: 8.815277099609375 accuracy is 0.915625 and loss is 0.32883830070495607
At time: 8.996632814407349 accuracy is 0.940625 and loss is 0.14734185934066774
At time: 9.176300287246704 accuracy is 0.9828125 and loss is 0.04239105880260467
At time: 9.35881233215332 accuracy is 0.975 and loss is 0.10267367362976074
At time: 9.542676448822021 accuracy is 0.9484375 and loss is 0.1829763174057007
At time: 9.726723194122314 accuracy is 0.9359375 and loss is 0.14603911638259887
At time: 9.910789251327515 accuracy is 0.946875 and loss is 0.16158056259155273
At time: 10.097856760025024 accuracy is 0.9625 and loss is 0.10249561071395874
At time: 10.291944980621338 accuracy is 0.98125 and loss is 0.10961277484893799
At time: 10.487109422683716 accuracy is 0.9703125 and loss is 0.17531242370605468
Evaluating...
Done Evaluating: Achieved accuracy of 0.7361918604651163
Not better for 3
Completing Train Step at 4th epoch...
At time: 11.2109694480896 accuracy is 0.9171875 and loss is 0.23998687267303467
At time: 11.385732412338257 accuracy is 0.9578125 and loss is 0.08440890908241272
At time: 11.566975593566895 accuracy is 0.959375 and loss is 0.12426366806030273
At time: 11.748188257217407 accuracy is 0.96875 and loss is 0.10231509208679199
At time: 11.928517818450928 accuracy is 0.9796875 and loss is 0.057519280910491945
At time: 12.11036467552185 accuracy is 0.9734375 and loss is 0.14959245920181274
At time: 12.292770385742188 accuracy is 0.95 and loss is 0.26262469291687013
At time: 12.478634357452393 accuracy is 0.9734375 and loss is 0.1114112138748169
At time: 12.663970708847046 accuracy is 0.9609375 and loss is 0.18144774436950684
At time: 12.852050542831421 accuracy is 0.9640625 and loss is 0.10972150564193725
At time: 13.042690753936768 accuracy is 0.959375 and loss is 0.17296499013900757
At time: 13.236167907714844 accuracy is 0.9578125 and loss is 0.1343279719352722
Evaluating...
Done Evaluating: Achieved accuracy of 0.7489098837209303
Not better for 4
Completing Train Step at 5th epoch...
At time: 13.951951265335083 accuracy is 0.9359375 and loss is 0.18019239902496337
At time: 14.123072147369385 accuracy is 0.9703125 and loss is 0.07081566452980041
At time: 14.300093650817871 accuracy is 0.9375 and loss is 0.20502958297729493
At time: 14.478110074996948 accuracy is 0.9640625 and loss is 0.11182913780212403
At time: 14.655848264694214 accuracy is 0.9828125 and loss is 0.06926178932189941
At time: 14.834988117218018 accuracy is 0.95625 and loss is 0.20423543453216553
At time: 15.015015363693237 accuracy is 0.959375 and loss is 0.18698446750640868
At time: 15.198651552200317 accuracy is 0.984375 and loss is 0.08220524787902832
At time: 15.384516954421997 accuracy is 0.959375 and loss is 0.12162830829620361
At time: 15.5707848072052 accuracy is 0.953125 and loss is 0.12335457801818847
At time: 15.764234781265259 accuracy is 0.975 and loss is 0.12830727100372313
At time: 15.958171367645264 accuracy is 0.9640625 and loss is 0.2175649881362915
Evaluating...
Done Evaluating: Achieved accuracy of 0.7401889534883721
Not better for 5
Completing Train Step at 6th epoch...
At time: 16.684879064559937 accuracy is 0.9484375 and loss is 0.15584806203842164
At time: 16.85641360282898 accuracy is 0.965625 and loss is 0.0705491304397583
At time: 17.035533905029297 accuracy is 0.9796875 and loss is 0.055057293176651
At time: 17.215654611587524 accuracy is 0.95625 and loss is 0.10394952297210694
At time: 17.393734216690063 accuracy is 0.9671875 and loss is 0.1049759864807129
At time: 17.57317543029785 accuracy is 0.9578125 and loss is 0.13524092435836793
At time: 17.75462055206299 accuracy is 0.9765625 and loss is 0.10431382656097413
At time: 17.93632197380066 accuracy is 0.984375 and loss is 0.04898231327533722
At time: 18.12000346183777 accuracy is 0.9765625 and loss is 0.09145039319992065
At time: 18.305993795394897 accuracy is 0.98125 and loss is 0.0836902916431427
At time: 18.498761415481567 accuracy is 0.9796875 and loss is 0.06103312969207764
At time: 18.695049285888672 accuracy is 0.9734375 and loss is 0.11248917579650879
Evaluating...
Done Evaluating: Achieved accuracy of 0.7460029069767442
Not better for 6
Completing Train Step at 7th epoch...
At time: 19.41738224029541 accuracy is 0.9359375 and loss is 0.1713411808013916
At time: 19.588685750961304 accuracy is 0.9734375 and loss is 0.06439522504806519
At time: 19.765196084976196 accuracy is 0.9828125 and loss is 0.06634144186973571
At time: 19.944868803024292 accuracy is 0.9625 and loss is 0.16414933204650878
At time: 20.124279022216797 accuracy is 0.978125 and loss is 0.11449774503707885
At time: 20.311656713485718 accuracy is 0.9859375 and loss is 0.07077456116676331
At time: 20.494064807891846 accuracy is 0.971875 and loss is 0.1427449941635132
At time: 20.67615532875061 accuracy is 0.9828125 and loss is 0.10876713991165161
At time: 20.859775066375732 accuracy is 0.96875 and loss is 0.12543206214904784
At time: 21.04490375518799 accuracy is 0.9765625 and loss is 0.06964870095252991
At time: 21.237468242645264 accuracy is 0.984375 and loss is 0.07236898541450501
At time: 21.431517839431763 accuracy is 0.9734375 and loss is 0.11794110536575317
Evaluating...
Done Evaluating: Achieved accuracy of 0.7347383720930233
Not better for 7
Completing Train Step at 8th epoch...
At time: 22.149338245391846 accuracy is 0.915625 and loss is 0.24424238204956056
At time: 22.323628425598145 accuracy is 0.9640625 and loss is 0.08414002656936645
At time: 22.50361943244934 accuracy is 0.975 and loss is 0.07019214034080505
At time: 22.685649633407593 accuracy is 0.9609375 and loss is 0.12010630369186401
At time: 22.867878198623657 accuracy is 0.975 and loss is 0.07800908088684082
At time: 23.052884340286255 accuracy is 0.9875 and loss is 0.05747901797294617
At time: 23.232988834381104 accuracy is 0.9703125 and loss is 0.10935764312744141
At time: 23.415157556533813 accuracy is 0.978125 and loss is 0.057901978492736816
At time: 23.59924864768982 accuracy is 0.9875 and loss is 0.06845605969429017
At time: 23.78694486618042 accuracy is 0.9859375 and loss is 0.05613905191421509
At time: 23.9801025390625 accuracy is 0.9828125 and loss is 0.06372804641723633
At time: 24.169251441955566 accuracy is 0.975 and loss is 0.14052335023880005
Evaluating...
Done Evaluating: Achieved accuracy of 0.7354651162790697
Not better for 8
Completing Train Step at 9th epoch...
At time: 24.90585732460022 accuracy is 0.9203125 and loss is 0.2294764757156372
At time: 25.081595182418823 accuracy is 0.9640625 and loss is 0.11727092266082764
At time: 25.261860132217407 accuracy is 0.9734375 and loss is 0.09915280938148499
At time: 25.441866397857666 accuracy is 0.9734375 and loss is 0.13045729398727418
At time: 25.621931791305542 accuracy is 0.975 and loss is 0.06703856587409973
At time: 25.797200918197632 accuracy is 0.9703125 and loss is 0.11981124877929687
At time: 25.976834297180176 accuracy is 0.9703125 and loss is 0.11740102767944335
At time: 26.158042192459106 accuracy is 0.98125 and loss is 0.10702229738235473
At time: 26.33902359008789 accuracy is 0.9859375 and loss is 0.06591475605964661
At time: 26.519679307937622 accuracy is 0.9875 and loss is 0.04807347059249878
At time: 26.726505994796753 accuracy is 0.978125 and loss is 0.09786195755004883
At time: 26.937320947647095 accuracy is 0.9734375 and loss is 0.14071390628814698
Evaluating...
Done Evaluating: Achieved accuracy of 0.7383720930232558
Not better for 9
Completing Train Step at 10th epoch...
At time: 27.696866035461426 accuracy is 0.9484375 and loss is 0.14884296655654908
At time: 27.866511344909668 accuracy is 0.971875 and loss is 0.1867465615272522
At time: 28.063908576965332 accuracy is 0.9734375 and loss is 0.10258543491363525
At time: 28.264954090118408 accuracy is 0.965625 and loss is 0.10871741771697999
At time: 28.4676570892334 accuracy is 0.978125 and loss is 0.07003172636032104
At time: 28.674474716186523 accuracy is 0.975 and loss is 0.0977245569229126
At time: 28.87222933769226 accuracy is 0.971875 and loss is 0.10411064624786377
At time: 29.06751823425293 accuracy is 0.984375 and loss is 0.08981165885925294
At time: 29.269580125808716 accuracy is 0.984375 and loss is 0.04724530577659607
At time: 29.474482536315918 accuracy is 0.975 and loss is 0.12188963890075684
At time: 29.6843204498291 accuracy is 0.9921875 and loss is 0.04050362706184387
At time: 29.902823209762573 accuracy is 0.978125 and loss is 0.09634273648262023
Evaluating...
Done Evaluating: Achieved accuracy of 0.7427325581395349
Not better for 10
Model not improving. Stopping earlyat 0.764171511627907 epochs.
Done Training. Achieved Best Accuracy of 0.764171511627907
keyvalattn
SETTINGS FOR THIS RUN
{'tune_wordvecs': True, 'data': 'MPQA', 'attn_type': 'similarity', 'wordvec_source': 'gigavec', 'wordvec_dim': 300, 'rnn_dropout': 0.03154614840577141, 'lr': 0.0022630685009400213, 'num_layers': 1, 'dropout': 0.9551637228878116, 'tune_attn': False, 'batch_size': 32, 'l2': 0.5877768871423833}
Using CUDA!
here
similarity
Building RNN Classifier...

[93m    Warning: no model found for 'en'[0m

    Only loading the 'en' tokenizer.

Retrieving Data from file: /home-nfs/siddsach/ml/Interpreting-Attention/interpreting_language/data/mpqa/mpqa_subj_labels.pickle...
Loading Vectors From Memory...
Using these vectors: ['gigavec']
Building Vocab...
[<torchtext.vocab.Vectors object at 0x7fcbe6b477f0>]
Getting Batches...
Created Iterator with 261 batches
Getting Batches...
Created Iterator with 87 batches
Building model...
similarity
Using Attention model with following args:
{'attention_dim': 350, 'input_size': 300, 'attn_type': 'similarity', 'num_classes': 2, 'batch_size': 32, 'train_word_vecs': True, 'rnn_dropout': 0.03154614840577141, 'vocab_size': 15284, 'num_layers': 1, 'dropout': 0.9551637228878116, 'cuda': True, 'vectors': 
 0.0000  0.0000  0.0000  ...   0.0000  0.0000  0.0000
 0.0000  0.0000  0.0000  ...   0.0000  0.0000  0.0000
 0.0000  0.0000  0.0000  ...   0.0000  0.0000  0.0000
          ...             ⋱             ...          
 0.0000  0.0000  0.0000  ...   0.0000  0.0000  0.0000
 0.0000  0.0000  0.0000  ...   0.0000  0.0000  0.0000
 0.0000  0.0000  0.0000  ...   0.0000  0.0000  0.0000
[torch.FloatTensor of size 15284x300]
, 'hidden_size': 300, 'tune_attn': False}
Begin Training...
Completing Train Step at 0th epoch...
At time: 0.2056138515472412 accuracy is 0.5640625 and loss is 0.7383536338806153
At time: 0.38822269439697266 accuracy is 0.6359375 and loss is 0.6545910835266113
At time: 0.5784871578216553 accuracy is 0.596875 and loss is 0.7140880584716797
At time: 0.7574002742767334 accuracy is 0.7203125 and loss is 0.6163359165191651
At time: 0.9372467994689941 accuracy is 0.6921875 and loss is 0.5873480319976807
At time: 1.1195716857910156 accuracy is 0.7265625 and loss is 0.5245216369628907
At time: 1.3023488521575928 accuracy is 0.68125 and loss is 0.596859073638916
At time: 1.489713191986084 accuracy is 0.7609375 and loss is 0.5368160247802735
At time: 1.6780288219451904 accuracy is 0.7671875 and loss is 0.5086263656616211
At time: 1.871507167816162 accuracy is 0.7765625 and loss is 0.4971524715423584
At time: 2.073261260986328 accuracy is 0.78125 and loss is 0.48909645080566405
At time: 2.266850233078003 accuracy is 0.7546875 and loss is 0.5396527290344239
Evaluating...
Done Evaluating: Achieved accuracy of 0.7390988372093024
Achieved new best!
Completing Train Step at 1th epoch...
At time: 2.99322509765625 accuracy is 0.6125 and loss is 0.6793040275573731
At time: 3.1645431518554688 accuracy is 0.790625 and loss is 0.44916844367980957
At time: 3.3382976055145264 accuracy is 0.8578125 and loss is 0.5419075965881348
At time: 3.51253080368042 accuracy is 0.85625 and loss is 0.3540170192718506
At time: 3.6898205280303955 accuracy is 0.840625 and loss is 0.39499316215515134
At time: 3.868450880050659 accuracy is 0.9046875 and loss is 0.2565165519714355
At time: 4.04869818687439 accuracy is 0.871875 and loss is 0.35754966735839844
At time: 4.231176137924194 accuracy is 0.8828125 and loss is 0.3074664115905762
At time: 4.416886329650879 accuracy is 0.8859375 and loss is 0.3265803575515747
At time: 4.603435754776001 accuracy is 0.90625 and loss is 0.22693779468536376
At time: 4.7943103313446045 accuracy is 0.9109375 and loss is 0.23438806533813478
At time: 4.990666389465332 accuracy is 0.8671875 and loss is 0.30784199237823484
Evaluating...
Done Evaluating: Achieved accuracy of 0.7623546511627907
Achieved new best!
Completing Train Step at 2th epoch...
At time: 5.721439838409424 accuracy is 0.8 and loss is 0.4567861080169678
At time: 5.893277883529663 accuracy is 0.8984375 and loss is 0.22070763111114503
At time: 6.06821346282959 accuracy is 0.9171875 and loss is 0.279004168510437
At time: 6.2466771602630615 accuracy is 0.8625 and loss is 0.4819962501525879
At time: 6.4252378940582275 accuracy is 0.9078125 and loss is 0.22487936019897461
At time: 6.605757236480713 accuracy is 0.9109375 and loss is 0.27057321071624757
At time: 6.789100885391235 accuracy is 0.9140625 and loss is 0.2439469575881958
At time: 6.973898410797119 accuracy is 0.9546875 and loss is 0.17696448564529418
At time: 7.158938407897949 accuracy is 0.9359375 and loss is 0.26479430198669435
At time: 7.350515365600586 accuracy is 0.9453125 and loss is 0.14599900245666503
At time: 7.544604301452637 accuracy is 0.9453125 and loss is 0.18006547689437866
At time: 7.7471606731414795 accuracy is 0.928125 and loss is 0.18472297191619874
Evaluating...
Done Evaluating: Achieved accuracy of 0.7441860465116279
Not better for 1
Completing Train Step at 3th epoch...
At time: 8.510599851608276 accuracy is 0.89375 and loss is 0.2779658555984497
At time: 8.682485818862915 accuracy is 0.9546875 and loss is 0.10947318077087402
At time: 8.85764193534851 accuracy is 0.928125 and loss is 0.23595776557922363
At time: 9.034242153167725 accuracy is 0.93125 and loss is 0.16707626581192017
At time: 9.212857246398926 accuracy is 0.965625 and loss is 0.10423942804336547
At time: 9.393319606781006 accuracy is 0.959375 and loss is 0.11414680480957032
At time: 9.574871301651001 accuracy is 0.9609375 and loss is 0.14885643720626832
At time: 9.758361101150513 accuracy is 0.94375 and loss is 0.1350161075592041
At time: 9.945070266723633 accuracy is 0.96875 and loss is 0.09319019913673401
At time: 10.135285377502441 accuracy is 0.9546875 and loss is 0.12706518173217773
At time: 10.325716972351074 accuracy is 0.959375 and loss is 0.13684799671173095
At time: 10.522180795669556 accuracy is 0.9625 and loss is 0.10540891885757446
Evaluating...
Done Evaluating: Achieved accuracy of 0.7550872093023255
Not better for 2
Completing Train Step at 4th epoch...
At time: 11.287266492843628 accuracy is 0.915625 and loss is 0.2888704776763916
At time: 11.462604761123657 accuracy is 0.9484375 and loss is 0.1665278434753418
At time: 11.64045000076294 accuracy is 0.94375 and loss is 0.1585111141204834
At time: 11.816431045532227 accuracy is 0.971875 and loss is 0.11088286638259888
At time: 11.996946811676025 accuracy is 0.9578125 and loss is 0.11370855569839478
At time: 12.181808948516846 accuracy is 0.9765625 and loss is 0.09802755117416381
At time: 12.36466670036316 accuracy is 0.9578125 and loss is 0.12107216119766236
At time: 12.55039644241333 accuracy is 0.9640625 and loss is 0.14600417613983155
At time: 12.739519834518433 accuracy is 0.975 and loss is 0.06695017814636231
At time: 12.927889108657837 accuracy is 0.9765625 and loss is 0.07400488257408142
At time: 13.120685338973999 accuracy is 0.9421875 and loss is 0.13166389465332032
At time: 13.319373369216919 accuracy is 0.9625 and loss is 0.12215576171875
Evaluating...
Done Evaluating: Achieved accuracy of 0.7365552325581395
Not better for 3
Completing Train Step at 5th epoch...
At time: 14.055175542831421 accuracy is 0.9125 and loss is 0.2515028715133667
At time: 14.233149528503418 accuracy is 0.9484375 and loss is 0.14873526096343995
At time: 14.409029006958008 accuracy is 0.9546875 and loss is 0.10019772052764893
At time: 14.586562633514404 accuracy is 0.95625 and loss is 0.15969581604003907
At time: 14.766220569610596 accuracy is 0.928125 and loss is 0.22553555965423583
At time: 14.94905686378479 accuracy is 0.9578125 and loss is 0.09264541268348694
At time: 15.130029439926147 accuracy is 0.978125 and loss is 0.06053010821342468
At time: 15.31498670578003 accuracy is 0.9640625 and loss is 0.1020322322845459
At time: 15.501422882080078 accuracy is 0.9796875 and loss is 0.04791739284992218
At time: 15.689752578735352 accuracy is 0.984375 and loss is 0.06265231370925903
At time: 15.883534669876099 accuracy is 0.978125 and loss is 0.06790247559547424
At time: 16.08683466911316 accuracy is 0.9796875 and loss is 0.06812632083892822
Evaluating...
Done Evaluating: Achieved accuracy of 0.7376453488372093
Not better for 4
Completing Train Step at 6th epoch...
At time: 16.818867921829224 accuracy is 0.9390625 and loss is 0.18269085884094238
At time: 16.99206233024597 accuracy is 0.9484375 and loss is 0.12541871070861815
At time: 17.171833276748657 accuracy is 0.9640625 and loss is 0.09109007120132447
At time: 17.349528551101685 accuracy is 0.9640625 and loss is 0.1069810152053833
At time: 17.52759289741516 accuracy is 0.971875 and loss is 0.07246873378753663
At time: 17.708597421646118 accuracy is 0.9703125 and loss is 0.08498458862304688
At time: 17.892436265945435 accuracy is 0.9578125 and loss is 0.12935160398483275
At time: 18.075053453445435 accuracy is 0.96875 and loss is 0.10741894245147705
At time: 18.260700464248657 accuracy is 0.971875 and loss is 0.06351343393325806
At time: 18.448248386383057 accuracy is 0.965625 and loss is 0.09609307646751404
At time: 18.63805103302002 accuracy is 0.9828125 and loss is 0.06583235263824463
At time: 18.83009099960327 accuracy is 0.975 and loss is 0.1134347915649414
Evaluating...
Done Evaluating: Achieved accuracy of 0.7285610465116279
Not better for 5
Completing Train Step at 7th epoch...
At time: 19.557227611541748 accuracy is 0.9140625 and loss is 0.2379836082458496
At time: 19.730542182922363 accuracy is 0.95 and loss is 0.11984403133392334
At time: 19.907334327697754 accuracy is 0.9453125 and loss is 0.1373531460762024
At time: 20.084054708480835 accuracy is 0.96875 and loss is 0.08478160500526429
At time: 20.264607906341553 accuracy is 0.984375 and loss is 0.05094949603080749
At time: 20.445265531539917 accuracy is 0.9734375 and loss is 0.11169939041137696
At time: 20.63063073158264 accuracy is 0.9734375 and loss is 0.07994349002838134
At time: 20.816399574279785 accuracy is 0.975 and loss is 0.08892080783843995
At time: 21.006932497024536 accuracy is 0.971875 and loss is 0.07818008661270141
At time: 21.19464612007141 accuracy is 0.984375 and loss is 0.08162155151367187
At time: 21.38645339012146 accuracy is 0.9828125 and loss is 0.0682630181312561
At time: 21.580923795700073 accuracy is 0.9796875 and loss is 0.050509870052337646
Evaluating...
Done Evaluating: Achieved accuracy of 0.7205668604651163
Not better for 6
Completing Train Step at 8th epoch...
At time: 22.310834646224976 accuracy is 0.9203125 and loss is 0.20763027667999268
At time: 22.487224102020264 accuracy is 0.953125 and loss is 0.1214034080505371
At time: 22.66570520401001 accuracy is 0.9703125 and loss is 0.07503557205200195
At time: 22.846073150634766 accuracy is 0.9765625 and loss is 0.06798262000083924
At time: 23.02758550643921 accuracy is 0.98125 and loss is 0.0479825496673584
At time: 23.21335005760193 accuracy is 0.975 and loss is 0.09121055603027343
At time: 23.40072202682495 accuracy is 0.96875 and loss is 0.11041736602783203
At time: 23.584691762924194 accuracy is 0.978125 and loss is 0.062233710289001466
At time: 23.772233247756958 accuracy is 0.9671875 and loss is 0.11219676733016967
At time: 23.95989465713501 accuracy is 0.9796875 and loss is 0.10401636362075806
At time: 24.150615215301514 accuracy is 0.9796875 and loss is 0.10453766584396362
At time: 24.346433639526367 accuracy is 0.96875 and loss is 0.07668973207473755
Evaluating...
Done Evaluating: Achieved accuracy of 0.7231104651162791
Not better for 7
Completing Train Step at 9th epoch...
At time: 25.108214616775513 accuracy is 0.925 and loss is 0.1948198914527893
At time: 25.281158208847046 accuracy is 0.9515625 and loss is 0.11011600494384766
At time: 25.45707082748413 accuracy is 0.9796875 and loss is 0.0644080638885498
At time: 25.635701656341553 accuracy is 0.9609375 and loss is 0.12166334390640259
At time: 25.815956830978394 accuracy is 0.9578125 and loss is 0.12387441396713257
At time: 25.9980685710907 accuracy is 0.978125 and loss is 0.048733961582183835
At time: 26.182164192199707 accuracy is 0.965625 and loss is 0.08703213930130005
At time: 26.36755132675171 accuracy is 0.9875 and loss is 0.030545249581336975
At time: 26.55593514442444 accuracy is 0.978125 and loss is 0.03955783247947693
At time: 26.744736909866333 accuracy is 0.978125 and loss is 0.06932278871536254
At time: 26.935089826583862 accuracy is 0.9765625 and loss is 0.08543328046798707
At time: 27.131261587142944 accuracy is 0.984375 and loss is 0.07686825394630432
Evaluating...
Done Evaluating: Achieved accuracy of 0.7369186046511628
Not better for 8
Completing Train Step at 10th epoch...
At time: 27.863646507263184 accuracy is 0.9328125 and loss is 0.18219707012176514
At time: 28.03569269180298 accuracy is 0.9671875 and loss is 0.07129788398742676
At time: 28.21430778503418 accuracy is 0.9734375 and loss is 0.07541897296905517
At time: 28.393596410751343 accuracy is 0.9734375 and loss is 0.11055175065994263
At time: 28.5747709274292 accuracy is 0.9796875 and loss is 0.06669322848320007
At time: 28.75390076637268 accuracy is 0.984375 and loss is 0.04705970287322998
At time: 28.93803381919861 accuracy is 0.9765625 and loss is 0.0630385160446167
At time: 29.12238121032715 accuracy is 0.978125 and loss is 0.05449885129928589
At time: 29.307989597320557 accuracy is 0.9875 and loss is 0.052591735124588014
At time: 29.49493980407715 accuracy is 0.984375 and loss is 0.0373669683933258
At time: 29.687889575958252 accuracy is 0.9890625 and loss is 0.01710187941789627
At time: 29.881751775741577 accuracy is 0.9828125 and loss is 0.05429964661598206
Evaluating...
Done Evaluating: Achieved accuracy of 0.7376453488372093
Not better for 9
Completing Train Step at 11th epoch...
At time: 30.61138606071472 accuracy is 0.9375 and loss is 0.19131972789764404
At time: 30.78587532043457 accuracy is 0.9734375 and loss is 0.06418126225471496
At time: 30.96322774887085 accuracy is 0.9671875 and loss is 0.08877090811729431
At time: 31.14137077331543 accuracy is 0.9828125 and loss is 0.037785845994949344
At time: 31.31901478767395 accuracy is 0.9859375 and loss is 0.046820932626724245
At time: 31.49838423728943 accuracy is 0.9875 and loss is 0.09161382317543029
At time: 31.683550596237183 accuracy is 0.9765625 and loss is 0.08009470701217651
At time: 31.86572027206421 accuracy is 0.978125 and loss is 0.05837095975875854
At time: 32.050599813461304 accuracy is 0.9796875 and loss is 0.06115750670433044
At time: 32.24380445480347 accuracy is 0.98125 and loss is 0.04648338556289673
At time: 32.43561506271362 accuracy is 0.984375 and loss is 0.04741331040859222
At time: 32.63019871711731 accuracy is 0.9765625 and loss is 0.09550330638885499
Evaluating...
Done Evaluating: Achieved accuracy of 0.7303779069767442
Not better for 10
Model not improving. Stopping earlyat 0.7623546511627907 epochs.
Done Training. Achieved Best Accuracy of 0.7623546511627907
keyvalattn



RESULTS:
[{'best_accuracy': 0.7710755813953488, 'params': {'tune_wordvecs': True, 'data': 'MPQA', 'attn_type': 'similarity', 'wordvec_source': 'gigavec', 'wordvec_dim': 300, 'rnn_dropout': 0.5681306184164904, 'lr': 0.000755360572057816, 'num_layers': 1, 'dropout': 0.7187345258237222, 'tune_attn': False, 'batch_size': 32, 'l2': 0.03744114626224826}}, {'best_accuracy': 0.747093023255814, 'params': {'tune_wordvecs': True, 'data': 'MPQA', 'attn_type': 'similarity', 'wordvec_source': 'gigavec', 'wordvec_dim': 300, 'rnn_dropout': 0.4864575797031222, 'lr': 0.0020438049613559703, 'num_layers': 1, 'dropout': 0.29873680563491267, 'tune_attn': False, 'batch_size': 32, 'l2': 0.1217461317341546}}, {'best_accuracy': 0.7728924418604651, 'params': {'tune_wordvecs': True, 'data': 'MPQA', 'attn_type': 'similarity', 'wordvec_source': 'gigavec', 'wordvec_dim': 300, 'rnn_dropout': 0.6474120986463262, 'lr': 0.0017403370783972178, 'num_layers': 1, 'dropout': 0.6578585003897184, 'tune_attn': False, 'batch_size': 32, 'l2': 0.3328122465476744}}, {'best_accuracy': 0.764171511627907, 'params': {'tune_wordvecs': True, 'data': 'MPQA', 'attn_type': 'similarity', 'wordvec_source': 'gigavec', 'wordvec_dim': 300, 'rnn_dropout': 0.5202768336103741, 'lr': 0.002477373897879938, 'num_layers': 1, 'dropout': 0.37765072206218797, 'tune_attn': False, 'batch_size': 32, 'l2': 0.2168657789234686}}, {'best_accuracy': 0.7623546511627907, 'params': {'tune_wordvecs': True, 'data': 'MPQA', 'attn_type': 'similarity', 'wordvec_source': 'gigavec', 'wordvec_dim': 300, 'rnn_dropout': 0.03154614840577141, 'lr': 0.0022630685009400213, 'num_layers': 1, 'dropout': 0.9551637228878116, 'tune_attn': False, 'batch_size': 32, 'l2': 0.5877768871423833}}]
