/home-nfs/siddsach/ml/Interpreting-Attention/interpreting_language/classifier/attention_rnn/model.py:206: UserWarning: Implicit dimension choice for softmax has been deprecated. Change the call to include dim=X as an argument.
  A = torch.squeeze(nn.functional.softmax(s2))
/home-nfs/siddsach/ml/Interpreting-Attention/interpreting_language/classifier/attention_rnn/model.py:223: UserWarning: Implicit dimension choice for log_softmax has been deprecated. Change the call to include dim=X as an argument.
  decoded = self.normalize(self.decoder(M))
ROOT_PATH: /home-nfs/siddsach/ml/Interpreting-Attention/interpreting_language
ROOT_PATH: /home-nfs/siddsach/ml/Interpreting-Attention/interpreting_language
Using CUDA!
MLP
Building RNN Classifier...

[93m    Warning: no model found for 'en'[0m

    Only loading the 'en' tokenizer.

Retrieving Data from file: /home-nfs/siddsach/ml/Interpreting-Attention/interpreting_language/data/mpqa/mpqa_subj_labels.pickle...
Loading Vectors From Memory...
Using these vectors: ['GloVe']
Getting GloVe Vectors with 300 dims
Building Vocab...
[<torchtext.vocab.Vectors object at 0x7f978b8bba90>]
Getting Batches...
Created Iterator with 261 batches
Getting Batches...
Created Iterator with 87 batches
Building model...
MLP
Using Attention model with following args:
{'rnn_dropout': 0.0, 'tune_attn': False, 'batch_size': 32, 'num_layers': 2, 'attention_dim': 300, 'vectors': 
 0.0000  0.0000  0.0000  ...   0.0000  0.0000  0.0000
 0.0000  0.0000  0.0000  ...   0.0000  0.0000  0.0000
 0.0000  0.0000  0.0000  ...   0.0000  0.0000  0.0000
          ...             ⋱             ...          
-0.4786 -0.1089 -0.0076  ...   0.7458  0.7174  0.6185
 0.0000  0.0000  0.0000  ...   0.0000  0.0000  0.0000
-0.0479  0.9828  0.9182  ...   0.0424  0.4554 -0.3210
[torch.FloatTensor of size 15284x300]
, 'vocab_size': 15284, 'train_word_vecs': False, 'hidden_size': 300, 'num_classes': 2, 'attn_type': 'MLP', 'dropout': 0.5, 'input_size': 300, 'cuda': True}
Not Tuning Word Vectors!
Begin Training...
Completing Train Step at 0th epoch...
At time: 0.4605722427368164 accuracy is 0.575 and loss is 0.7289853572845459
At time: 0.6643548011779785 accuracy is 0.5875 and loss is 0.6780074119567872
At time: 0.8674101829528809 accuracy is 0.725 and loss is 0.6138701438903809
At time: 1.0778834819793701 accuracy is 0.6859375 and loss is 0.5829099178314209
At time: 1.2937049865722656 accuracy is 0.759375 and loss is 0.49733853340148926
At time: 1.5318818092346191 accuracy is 0.728125 and loss is 0.5485148429870605
At time: 1.7684767246246338 accuracy is 0.7203125 and loss is 0.5617244243621826
At time: 2.006898880004883 accuracy is 0.7765625 and loss is 0.5184802055358887
At time: 2.255136728286743 accuracy is 0.771875 and loss is 0.49257216453552244
At time: 2.513148546218872 accuracy is 0.7390625 and loss is 0.5194390296936036
At time: 2.7898073196411133 accuracy is 0.7890625 and loss is 0.4858728885650635
At time: 3.08866286277771 accuracy is 0.753125 and loss is 0.5193180561065673
Evaluating...
Done Evaluating: Achieved accuracy of 0.7845203488372093
Achieved new best!
Completing Train Step at 1th epoch...
At time: 4.1244893074035645 accuracy is 0.740625 and loss is 0.6152600765228271
At time: 4.327132225036621 accuracy is 0.7265625 and loss is 0.5290681838989257
At time: 4.530034065246582 accuracy is 0.79375 and loss is 0.48067388534545896
At time: 4.740658283233643 accuracy is 0.78125 and loss is 0.4807234764099121
At time: 4.954996824264526 accuracy is 0.8203125 and loss is 0.41849184036254883
At time: 5.1755125522613525 accuracy is 0.809375 and loss is 0.42479372024536133
At time: 5.401171684265137 accuracy is 0.778125 and loss is 0.44637451171875
At time: 5.633929014205933 accuracy is 0.8015625 and loss is 0.4370875358581543
At time: 5.875600337982178 accuracy is 0.7671875 and loss is 0.46978464126586916
At time: 6.129284143447876 accuracy is 0.74375 and loss is 0.49481930732727053
At time: 6.398913860321045 accuracy is 0.8265625 and loss is 0.4180604934692383
At time: 6.6853296756744385 accuracy is 0.778125 and loss is 0.46132354736328124
Evaluating...
Done Evaluating: Achieved accuracy of 0.7765261627906976
Not better for 1
Completing Train Step at 2th epoch...
At time: 7.692163944244385 accuracy is 0.740625 and loss is 0.6237143993377685
At time: 7.892562627792358 accuracy is 0.759375 and loss is 0.5340437412261962
At time: 8.098800659179688 accuracy is 0.7859375 and loss is 0.47173185348510743
At time: 8.310676574707031 accuracy is 0.79375 and loss is 0.4533960819244385
At time: 8.5274498462677 accuracy is 0.8046875 and loss is 0.4269437313079834
At time: 8.749352931976318 accuracy is 0.775 and loss is 0.4640383243560791
At time: 8.977348327636719 accuracy is 0.7796875 and loss is 0.4445023536682129
At time: 9.211309671401978 accuracy is 0.8109375 and loss is 0.4343735218048096
At time: 9.455008268356323 accuracy is 0.8234375 and loss is 0.4129835605621338
At time: 9.709063291549683 accuracy is 0.8078125 and loss is 0.4131344795227051
At time: 9.975862979888916 accuracy is 0.8546875 and loss is 0.3354846477508545
At time: 10.261969804763794 accuracy is 0.778125 and loss is 0.5322592735290528
Evaluating...
Done Evaluating: Achieved accuracy of 0.7856104651162791
Achieved new best!
Completing Train Step at 3th epoch...
At time: 11.271127700805664 accuracy is 0.8046875 and loss is 0.5179678916931152
At time: 11.469351291656494 accuracy is 0.8171875 and loss is 0.3787529706954956
At time: 11.67378044128418 accuracy is 0.84375 and loss is 0.3621391534805298
At time: 11.882014513015747 accuracy is 0.7890625 and loss is 0.46329307556152344
At time: 12.098483324050903 accuracy is 0.8234375 and loss is 0.3891359567642212
At time: 12.31771731376648 accuracy is 0.796875 and loss is 0.46598520278930666
At time: 12.549947261810303 accuracy is 0.7984375 and loss is 0.43397111892700196
At time: 12.783071279525757 accuracy is 0.81875 and loss is 0.4092861652374268
At time: 13.029144287109375 accuracy is 0.834375 and loss is 0.37634165287017823
At time: 13.281484127044678 accuracy is 0.8328125 and loss is 0.3831655979156494
At time: 13.54889440536499 accuracy is 0.8640625 and loss is 0.3106075286865234
At time: 13.835249900817871 accuracy is 0.8 and loss is 0.4338669300079346
Evaluating...
Done Evaluating: Achieved accuracy of 0.7474563953488372
Not better for 1
Completing Train Step at 4th epoch...
At time: 14.849200010299683 accuracy is 0.7828125 and loss is 0.515805435180664
At time: 15.048531293869019 accuracy is 0.9015625 and loss is 0.27920005321502683
At time: 15.258527517318726 accuracy is 0.8828125 and loss is 0.2909996747970581
At time: 15.47482419013977 accuracy is 0.8515625 and loss is 0.41361708641052247
At time: 15.694011926651001 accuracy is 0.8546875 and loss is 0.3818708658218384
At time: 15.919332265853882 accuracy is 0.85625 and loss is 0.3252847671508789
At time: 16.149306297302246 accuracy is 0.8125 and loss is 0.4526823043823242
At time: 16.384981870651245 accuracy is 0.8453125 and loss is 0.365639328956604
At time: 16.67808246612549 accuracy is 0.875 and loss is 0.2845326900482178
At time: 16.98129391670227 accuracy is 0.840625 and loss is 0.3738656520843506
At time: 17.300537586212158 accuracy is 0.8765625 and loss is 0.29395489692687987
At time: 17.640013933181763 accuracy is 0.853125 and loss is 0.3144660711288452
Evaluating...
Done Evaluating: Achieved accuracy of 0.7768895348837209
Not better for 2
Completing Train Step at 5th epoch...
At time: 18.763235092163086 accuracy is 0.7734375 and loss is 0.5037179946899414
At time: 18.965268850326538 accuracy is 0.83125 and loss is 0.3609914779663086
At time: 19.17276954650879 accuracy is 0.89375 and loss is 0.2711868047714233
At time: 19.38425588607788 accuracy is 0.8734375 and loss is 0.3123969078063965
At time: 19.6025972366333 accuracy is 0.859375 and loss is 0.3052417039871216
At time: 19.825011014938354 accuracy is 0.878125 and loss is 0.2647296905517578
At time: 20.052619218826294 accuracy is 0.8703125 and loss is 0.2955054759979248
At time: 20.287421703338623 accuracy is 0.865625 and loss is 0.30286078453063964
At time: 20.52950096130371 accuracy is 0.909375 and loss is 0.20710041522979736
At time: 20.78389263153076 accuracy is 0.8921875 and loss is 0.25336787700653074
At time: 21.05626344680786 accuracy is 0.903125 and loss is 0.2304304361343384
At time: 21.34396982192993 accuracy is 0.8890625 and loss is 0.2466719388961792
Evaluating...
Done Evaluating: Achieved accuracy of 0.7801598837209303
Not better for 3
Completing Train Step at 6th epoch...
At time: 22.356137990951538 accuracy is 0.8609375 and loss is 0.36710553169250487
At time: 22.555837154388428 accuracy is 0.89375 and loss is 0.2831434726715088
At time: 22.762303113937378 accuracy is 0.8984375 and loss is 0.23633279800415039
At time: 22.97390651702881 accuracy is 0.8703125 and loss is 0.32900118827819824
At time: 23.190507411956787 accuracy is 0.8921875 and loss is 0.26587064266204835
At time: 23.412312507629395 accuracy is 0.9140625 and loss is 0.21584417819976806
At time: 23.641281604766846 accuracy is 0.8984375 and loss is 0.27330808639526366
At time: 23.874325037002563 accuracy is 0.9125 and loss is 0.2147618055343628
At time: 24.118893146514893 accuracy is 0.9375 and loss is 0.1593107223510742
At time: 24.37211322784424 accuracy is 0.8984375 and loss is 0.25664372444152833
At time: 24.642937421798706 accuracy is 0.928125 and loss is 0.16462701559066772
At time: 24.93145442008972 accuracy is 0.9125 and loss is 0.2086118221282959
Evaluating...
Done Evaluating: Achieved accuracy of 0.731468023255814
Not better for 4
Completing Train Step at 7th epoch...
At time: 25.945093870162964 accuracy is 0.8921875 and loss is 0.29416110515594485
At time: 26.145890951156616 accuracy is 0.93125 and loss is 0.19350382089614868
At time: 26.351670742034912 accuracy is 0.9484375 and loss is 0.13186194896697997
At time: 26.562325716018677 accuracy is 0.9203125 and loss is 0.1991297960281372
At time: 26.778063774108887 accuracy is 0.9234375 and loss is 0.2455035924911499
At time: 27.0008544921875 accuracy is 0.9484375 and loss is 0.12144685983657837
At time: 27.22862219810486 accuracy is 0.928125 and loss is 0.19904829263687135
At time: 27.462411642074585 accuracy is 0.91875 and loss is 0.19665709733963013
At time: 27.70546317100525 accuracy is 0.953125 and loss is 0.10856937170028687
At time: 27.95998978614807 accuracy is 0.9390625 and loss is 0.1606367349624634
At time: 28.227136850357056 accuracy is 0.965625 and loss is 0.08225160837173462
At time: 28.514768600463867 accuracy is 0.9421875 and loss is 0.15713810920715332
Evaluating...
Done Evaluating: Achieved accuracy of 0.7776162790697675
Not better for 5
Completing Train Step at 8th epoch...
At time: 29.536173105239868 accuracy is 0.9296875 and loss is 0.21815869808197022
At time: 29.73282027244568 accuracy is 0.946875 and loss is 0.15795360803604125
At time: 29.93670892715454 accuracy is 0.95 and loss is 0.1407792568206787
At time: 30.150147914886475 accuracy is 0.9125 and loss is 0.21276521682739258
At time: 30.36701250076294 accuracy is 0.925 and loss is 0.22641940116882325
At time: 30.588207721710205 accuracy is 0.940625 and loss is 0.12442681789398194
At time: 30.815340757369995 accuracy is 0.909375 and loss is 0.28292782306671144
At time: 31.049166917800903 accuracy is 0.9296875 and loss is 0.18300057649612428
At time: 31.29261541366577 accuracy is 0.915625 and loss is 0.17873542308807372
At time: 31.548167943954468 accuracy is 0.9515625 and loss is 0.13122708797454835
At time: 31.81699299812317 accuracy is 0.953125 and loss is 0.12303740978240967
At time: 32.10495567321777 accuracy is 0.953125 and loss is 0.10879387855529785
Evaluating...
Done Evaluating: Achieved accuracy of 0.762718023255814
Not better for 6
Completing Train Step at 9th epoch...
At time: 33.11729049682617 accuracy is 0.946875 and loss is 0.17325079441070557
At time: 33.31495714187622 accuracy is 0.9609375 and loss is 0.13125134706497193
At time: 33.51906991004944 accuracy is 0.9375 and loss is 0.14719114303588868
At time: 33.72978377342224 accuracy is 0.925 and loss is 0.17934662103652954
At time: 33.94485378265381 accuracy is 0.9671875 and loss is 0.11211011409759522
At time: 34.16615319252014 accuracy is 0.9765625 and loss is 0.0778497040271759
At time: 34.39299941062927 accuracy is 0.95625 and loss is 0.10972346067428589
At time: 34.627957582473755 accuracy is 0.9640625 and loss is 0.1023630976676941
At time: 34.87078285217285 accuracy is 0.9609375 and loss is 0.08651860356330872
At time: 35.123450756073 accuracy is 0.9765625 and loss is 0.09369481801986694
At time: 35.39089608192444 accuracy is 0.9828125 and loss is 0.04543215334415436
At time: 35.67853879928589 accuracy is 0.9625 and loss is 0.08147221803665161
Evaluating...
Done Evaluating: Achieved accuracy of 0.7863372093023255
Achieved new best!
Completing Train Step at 10th epoch...
At time: 36.68492603302002 accuracy is 0.9640625 and loss is 0.11634186506271363
At time: 36.88171458244324 accuracy is 0.9671875 and loss is 0.09618709683418274
At time: 37.08568239212036 accuracy is 0.9515625 and loss is 0.15511717796325683
At time: 37.295278787612915 accuracy is 0.9375 and loss is 0.16687867641448975
At time: 37.509499311447144 accuracy is 0.9671875 and loss is 0.08578370213508606
At time: 37.73204731941223 accuracy is 0.965625 and loss is 0.09002434611320495
At time: 37.95881009101868 accuracy is 0.95 and loss is 0.1370079278945923
At time: 38.19109272956848 accuracy is 0.9734375 and loss is 0.06350634694099426
At time: 38.433329343795776 accuracy is 0.9875 and loss is 0.04734266698360443
At time: 38.68602776527405 accuracy is 0.9765625 and loss is 0.06291753053665161
At time: 38.95381569862366 accuracy is 0.984375 and loss is 0.051790249347686765
At time: 39.24341607093811 accuracy is 0.98125 and loss is 0.07031185030937195
Evaluating...
Done Evaluating: Achieved accuracy of 0.7921511627906976
Achieved new best!
Completing Train Step at 11th epoch...
At time: 40.25561332702637 accuracy is 0.9640625 and loss is 0.11500921249389648
At time: 40.45258045196533 accuracy is 0.9671875 and loss is 0.07658889293670654
At time: 40.65557050704956 accuracy is 0.9734375 and loss is 0.06342185139656067
At time: 40.864957094192505 accuracy is 0.946875 and loss is 0.12968624830245973
At time: 41.081297397613525 accuracy is 0.959375 and loss is 0.111361825466156
At time: 41.30261516571045 accuracy is 0.9734375 and loss is 0.08501427769660949
At time: 41.529295206069946 accuracy is 0.9546875 and loss is 0.117004132270813
At time: 41.762224435806274 accuracy is 0.9703125 and loss is 0.09954100847244263
At time: 42.004966735839844 accuracy is 0.971875 and loss is 0.07966866493225097
At time: 42.25730586051941 accuracy is 0.9765625 and loss is 0.08986473083496094
At time: 42.52506160736084 accuracy is 0.975 and loss is 0.0624606192111969
At time: 42.81081223487854 accuracy is 0.953125 and loss is 0.09153274297714234
Evaluating...
Done Evaluating: Achieved accuracy of 0.7296511627906976
Not better for 1
Completing Train Step at 12th epoch...
At time: 43.82210564613342 accuracy is 0.946875 and loss is 0.13699016571044922
At time: 44.019775390625 accuracy is 0.9765625 and loss is 0.0756128489971161
At time: 44.22377419471741 accuracy is 0.9796875 and loss is 0.08147972822189331
At time: 44.431782484054565 accuracy is 0.9765625 and loss is 0.06330755352973938
At time: 44.64533543586731 accuracy is 0.9859375 and loss is 0.032910609245300294
At time: 44.866889238357544 accuracy is 0.9703125 and loss is 0.05367041230201721
At time: 45.09376525878906 accuracy is 0.9640625 and loss is 0.09398938417434692
At time: 45.327316761016846 accuracy is 0.975 and loss is 0.05729687809944153
At time: 45.56988334655762 accuracy is 0.9828125 and loss is 0.04060622155666351
At time: 45.82250690460205 accuracy is 0.9828125 and loss is 0.05371847748756409
At time: 46.09018158912659 accuracy is 0.9890625 and loss is 0.029585060477256776
At time: 46.37674617767334 accuracy is 0.9703125 and loss is 0.05798075199127197
Evaluating...
Done Evaluating: Achieved accuracy of 0.7630813953488372
Not better for 2
Completing Train Step at 13th epoch...
At time: 47.383142948150635 accuracy is 0.975 and loss is 0.08560922145843505
At time: 47.58147168159485 accuracy is 0.98125 and loss is 0.0515290379524231
At time: 47.785813093185425 accuracy is 0.98125 and loss is 0.08604558110237122
At time: 47.995758056640625 accuracy is 0.9765625 and loss is 0.054103505611419675
At time: 48.20870399475098 accuracy is 0.984375 and loss is 0.038453444838523865
At time: 48.465150594711304 accuracy is 0.9828125 and loss is 0.04287713170051575
At time: 48.73581838607788 accuracy is 0.96875 and loss is 0.07978323101997375
At time: 49.0059278011322 accuracy is 0.9765625 and loss is 0.06727538704872131
At time: 49.27574419975281 accuracy is 0.9578125 and loss is 0.1334051251411438
At time: 49.55550980567932 accuracy is 0.959375 and loss is 0.1149184226989746
At time: 49.84706974029541 accuracy is 0.9828125 and loss is 0.05907829999923706
At time: 50.23380398750305 accuracy is 0.98125 and loss is 0.05137691497802734
Evaluating...
Done Evaluating: Achieved accuracy of 0.7554505813953488
Not better for 3
Completing Train Step at 14th epoch...
At time: 51.33491849899292 accuracy is 0.96875 and loss is 0.10437772274017335
At time: 51.58017563819885 accuracy is 0.9640625 and loss is 0.07715618014335632
At time: 51.8298397064209 accuracy is 0.96875 and loss is 0.06939652562141418
At time: 52.08576416969299 accuracy is 0.984375 and loss is 0.03920642733573913
At time: 52.34637475013733 accuracy is 0.990625 and loss is 0.018632566928863524
At time: 52.61487054824829 accuracy is 0.984375 and loss is 0.05130362510681152
At time: 52.88845252990723 accuracy is 0.9890625 and loss is 0.04517163336277008
At time: 53.16877031326294 accuracy is 0.9796875 and loss is 0.0429334968328476
At time: 53.459065437316895 accuracy is 0.9875 and loss is 0.027495646476745607
At time: 53.75617170333862 accuracy is 0.978125 and loss is 0.08357508182525634
At time: 54.0591778755188 accuracy is 0.9828125 and loss is 0.04754844903945923
At time: 54.37152600288391 accuracy is 0.990625 and loss is 0.025826531648635864
Evaluating...
Done Evaluating: Achieved accuracy of 0.7750726744186046
Not better for 4
Completing Train Step at 15th epoch...
At time: 55.44701933860779 accuracy is 0.975 and loss is 0.07762076258659363
At time: 55.68710660934448 accuracy is 0.98125 and loss is 0.05809097290039063
At time: 55.93658971786499 accuracy is 0.990625 and loss is 0.03658025860786438
At time: 56.1917028427124 accuracy is 0.971875 and loss is 0.08335123658180237
At time: 56.451908349990845 accuracy is 0.9890625 and loss is 0.03209910988807678
At time: 56.72104787826538 accuracy is 0.9765625 and loss is 0.051669782400131224
At time: 56.995720624923706 accuracy is 0.9828125 and loss is 0.05923987627029419
At time: 57.276946783065796 accuracy is 0.9875 and loss is 0.032551389932632444
At time: 57.56734251976013 accuracy is 0.9859375 and loss is 0.028296491503715514
At time: 57.86863327026367 accuracy is 0.9828125 and loss is 0.05119306445121765
At time: 58.17643070220947 accuracy is 0.984375 and loss is 0.038265326619148256
At time: 58.49246430397034 accuracy is 0.9890625 and loss is 0.029558268189430238
Evaluating...
Done Evaluating: Achieved accuracy of 0.7590843023255814
Not better for 5
Completing Train Step at 16th epoch...
At time: 59.56479597091675 accuracy is 0.9796875 and loss is 0.05777308940887451
At time: 59.805036783218384 accuracy is 0.975 and loss is 0.1033585786819458
At time: 60.054604053497314 accuracy is 0.984375 and loss is 0.053564155101776124
At time: 60.30992102622986 accuracy is 0.990625 and loss is 0.022172293066978453
At time: 60.56423616409302 accuracy is 0.9875 and loss is 0.028567790985107422
At time: 60.82636642456055 accuracy is 0.978125 and loss is 0.07814726233482361
At time: 61.09441113471985 accuracy is 0.9828125 and loss is 0.05997236967086792
At time: 61.36512517929077 accuracy is 0.9953125 and loss is 0.027539202570915224
At time: 61.6381402015686 accuracy is 0.9953125 and loss is 0.016662606596946718
At time: 61.91958785057068 accuracy is 0.990625 and loss is 0.03454165756702423
At time: 62.209099769592285 accuracy is 0.990625 and loss is 0.029130852222442626
At time: 62.51358366012573 accuracy is 0.978125 and loss is 0.07674446702003479
Evaluating...
Done Evaluating: Achieved accuracy of 0.7819767441860465
Not better for 6
Completing Train Step at 17th epoch...
At time: 63.585670471191406 accuracy is 0.98125 and loss is 0.05486482381820679
At time: 63.825852155685425 accuracy is 0.990625 and loss is 0.029903236031532287
At time: 64.07488918304443 accuracy is 0.9875 and loss is 0.04956916868686676
At time: 64.32511758804321 accuracy is 0.984375 and loss is 0.05025897622108459
At time: 64.57599425315857 accuracy is 0.984375 and loss is 0.05156403183937073
At time: 64.82826352119446 accuracy is 0.990625 and loss is 0.028427881002426148
At time: 65.08620738983154 accuracy is 0.9875 and loss is 0.03832544982433319
At time: 65.35127520561218 accuracy is 0.9859375 and loss is 0.046917778253555295
At time: 65.62508249282837 accuracy is 0.990625 and loss is 0.04056269526481628
At time: 65.90312767028809 accuracy is 0.9859375 and loss is 0.03530784845352173
At time: 66.19140410423279 accuracy is 0.9921875 and loss is 0.02160097360610962
At time: 66.4956362247467 accuracy is 0.990625 and loss is 0.03274518847465515
Evaluating...
Done Evaluating: Achieved accuracy of 0.7732558139534884
Not better for 7
Completing Train Step at 18th epoch...
At time: 67.56975603103638 accuracy is 0.9890625 and loss is 0.045881998538970944
At time: 67.81043124198914 accuracy is 0.984375 and loss is 0.045259124040603636
At time: 68.06041431427002 accuracy is 0.98125 and loss is 0.05860676169395447
At time: 68.3161473274231 accuracy is 0.984375 and loss is 0.05149118304252624
At time: 68.57635426521301 accuracy is 0.990625 and loss is 0.023358593881130218
At time: 68.8453688621521 accuracy is 0.98125 and loss is 0.058952337503433226
At time: 69.12022995948792 accuracy is 0.9796875 and loss is 0.05590718984603882
At time: 69.40163135528564 accuracy is 0.9765625 and loss is 0.05755736827850342
At time: 69.68678092956543 accuracy is 0.9890625 and loss is 0.03989808261394501
At time: 69.96967029571533 accuracy is 0.98125 and loss is 0.047564738988876344
At time: 70.25997161865234 accuracy is 0.990625 and loss is 0.036486491560935974
At time: 70.56578469276428 accuracy is 0.9875 and loss is 0.06621698141098023
Evaluating...
Done Evaluating: Achieved accuracy of 0.765625
Not better for 8
Completing Train Step at 19th epoch...
At time: 71.63940763473511 accuracy is 0.9875 and loss is 0.0429919570684433
At time: 71.8804087638855 accuracy is 0.9890625 and loss is 0.04444121420383453
At time: 72.12998795509338 accuracy is 0.9984375 and loss is 0.01057189330458641
At time: 72.38797283172607 accuracy is 0.9796875 and loss is 0.04379447102546692
At time: 72.64948105812073 accuracy is 0.984375 and loss is 0.04826256036758423
At time: 72.91741752624512 accuracy is 0.9859375 and loss is 0.057952702045440674
At time: 73.19232058525085 accuracy is 0.98125 and loss is 0.0747229814529419
At time: 73.47391319274902 accuracy is 0.9875 and loss is 0.03538113236427307
At time: 73.7641990184784 accuracy is 0.9890625 and loss is 0.04701146483421326
At time: 74.06256580352783 accuracy is 0.984375 and loss is 0.05160845518112182
At time: 74.37478733062744 accuracy is 0.9796875 and loss is 0.046230548620224
At time: 74.6935203075409 accuracy is 0.9890625 and loss is 0.04404413998126984
Evaluating...
Done Evaluating: Achieved accuracy of 0.7896075581395349
Not better for 9
Completing Train Step at 20th epoch...
At time: 75.77583742141724 accuracy is 0.9890625 and loss is 0.03846403956413269
At time: 76.01741099357605 accuracy is 0.9875 and loss is 0.03760530948638916
At time: 76.26706457138062 accuracy is 0.984375 and loss is 0.04149700701236725
At time: 76.52328968048096 accuracy is 0.9703125 and loss is 0.0793016254901886
At time: 76.78415584564209 accuracy is 0.98125 and loss is 0.08914747834205627
At time: 77.0524742603302 accuracy is 0.9828125 and loss is 0.05066104531288147
At time: 77.32718968391418 accuracy is 0.9734375 and loss is 0.07283257842063903
At time: 77.60878872871399 accuracy is 0.9859375 and loss is 0.038547021150588986
At time: 77.89892935752869 accuracy is 0.9921875 and loss is 0.025769305229187012
At time: 78.18652486801147 accuracy is 0.9921875 and loss is 0.03110065758228302
At time: 78.48602747917175 accuracy is 0.99375 and loss is 0.020461852848529815
At time: 78.80118155479431 accuracy is 0.9875 and loss is 0.03140848278999329
Evaluating...
Done Evaluating: Achieved accuracy of 0.7823401162790697
Not better for 10
Model not improving. Stopping earlyat 0.7921511627906976 epochs.
Done Training. Achieved Best Accuracy of 0.7921511627906976
