Building Bayesian Optimizer for 
 data:gigasmall 
 choices:[{'type': 'continuous', 'name': 'lr', 'domain': [0, 30]}, {'type': 'continuous', 'name': 'dropout', 'domain': [0, 1]}, {'type': 'continuous', 'name': 'anneal', 'domain': [2, 8]}]
SETTINGS FOR THIS RUN
{'batch_size': 20, 'wordvec_source': 'glove', 'data': 'gigasmall', 'seq_len': 50, 'num_layers': 1, 'anneal': 5.689701350236616, 'wordvec_dim': 200, 'lr': 24.359815996867482, 'dropout': 0.026113452344749155, 'tune_wordvecs': True}
Preparing Data Loaders

[93m    Warning: no model found for 'en'[0m

    Only loading the 'en' tokenizer.

Retrieving Train Data from file: /home-nfs/siddsach/Interpreting-Attention/interpreting_language/data/gigaword/gigaword_small_train.txt...
Got Train Dataset with 21438304 words
Retrieving Valid Data from file: /home-nfs/siddsach/Interpreting-Attention/interpreting_language/data/gigaword/gigaword_small_val.txt...
Retrieving Test Data from file: /home-nfs/siddsach/Interpreting-Attention/interpreting_language/data/gigaword/gigaword_small_test.txt...
Loading Vectors From Memory...
Using these vectors: ['GloVe']
Building Vocab...
Found 55221 tokens
Getting Batches...
Created Iterator with 21439 batches
Initializing Model parameters...
Constructing LSTM with 1 layers and 200 hidden size...
here
200
200
Using Cross Entropy Loss ...
Begin Training...
Finished 0 epochs...
Completing Train Step...
At time: 7.107836961746216 and batch: 50, loss is 9.134744215011597 and perplexity is 9271.90570416541
At time: 8.795563459396362 and batch: 100, loss is 7.962102346420288 and perplexity is 2870.1005598648835
At time: 10.485302925109863 and batch: 150, loss is 7.67860897064209 and perplexity is 2161.610815454651
At time: 12.174453496932983 and batch: 200, loss is 7.265009870529175 and perplexity is 1429.3997366234923
At time: 13.865899562835693 and batch: 250, loss is 7.125645694732666 and perplexity is 1243.4507975302686
At time: 15.56276822090149 and batch: 300, loss is 6.843864841461182 and perplexity is 938.1077753139162
At time: 17.267735481262207 and batch: 350, loss is 6.7475231266021725 and perplexity is 851.9459847187826
At time: 18.972614765167236 and batch: 400, loss is 6.722455577850342 and perplexity is 830.8552382790996
At time: 20.676647901535034 and batch: 450, loss is 6.764227323532104 and perplexity is 866.2965821379174
At time: 22.76462721824646 and batch: 500, loss is 6.6772062206268314 and perplexity is 794.0974769304597
At time: 24.46794104576111 and batch: 550, loss is 6.738640546798706 and perplexity is 844.4120165937449
At time: 26.17433524131775 and batch: 600, loss is 6.757759618759155 and perplexity is 860.7117117138583
At time: 27.880667686462402 and batch: 650, loss is 6.711517572402954 and perplexity is 821.816860183656
At time: 29.586508750915527 and batch: 700, loss is 6.922488260269165 and perplexity is 1014.842046616733
At time: 31.29445171356201 and batch: 750, loss is 6.888288297653198 and perplexity is 980.7212767673052
At time: 33.00066685676575 and batch: 800, loss is 6.834994440078735 and perplexity is 929.8231809674879
At time: 34.71512961387634 and batch: 850, loss is 6.905191144943237 and perplexity is 997.4391505448142
At time: 36.42710304260254 and batch: 900, loss is 6.8700395107269285 and perplexity is 962.9866133614818
At time: 38.13753628730774 and batch: 950, loss is 6.820813579559326 and perplexity is 916.7305399948272
At time: 39.854612827301025 and batch: 1000, loss is 6.905488109588623 and perplexity is 997.7353986938854
At time: 41.569239139556885 and batch: 1050, loss is 6.886937217712402 and perplexity is 979.397138632415
At time: 43.28803372383118 and batch: 1100, loss is 6.849581880569458 and perplexity is 943.4863342193343
At time: 45.00666069984436 and batch: 1150, loss is 6.8272956848144535 and perplexity is 922.6921849762645
At time: 46.72672367095947 and batch: 1200, loss is 6.851795682907104 and perplexity is 945.5773401544923
At time: 48.443485736846924 and batch: 1250, loss is 6.804096565246582 and perplexity is 901.5329257280572
At time: 50.168087005615234 and batch: 1300, loss is 6.874737844467163 and perplexity is 967.5216911705741
At time: 51.89097023010254 and batch: 1350, loss is 6.913048057556153 and perplexity is 1005.3068100708117
At time: 53.61370015144348 and batch: 1400, loss is 6.87735143661499 and perplexity is 970.0537056507311
At time: 55.343236684799194 and batch: 1450, loss is 6.860174226760864 and perplexity is 953.5331840178193
At time: 57.06593465805054 and batch: 1500, loss is 6.802620906829834 and perplexity is 900.2035521701036
At time: 58.790276288986206 and batch: 1550, loss is 6.81567310333252 and perplexity is 912.0301997914718
At time: 60.513142347335815 and batch: 1600, loss is 6.828089857101441 and perplexity is 923.4252525914552
At time: 62.235822439193726 and batch: 1650, loss is 6.850347223281861 and perplexity is 944.208701003297
At time: 63.95914340019226 and batch: 1700, loss is 6.793815689086914 and perplexity is 892.3118589071387
At time: 65.68379592895508 and batch: 1750, loss is 6.898905515670776 and perplexity is 991.1892805826757
At time: 67.40973973274231 and batch: 1800, loss is 6.8594287109375 and perplexity is 952.8225748591302
At time: 69.13657927513123 and batch: 1850, loss is 6.838842277526855 and perplexity is 933.4078816732746
At time: 70.85964870452881 and batch: 1900, loss is 6.805911636352539 and perplexity is 903.170758034011
At time: 72.58562111854553 and batch: 1950, loss is 6.774600429534912 and perplexity is 875.3295373187564
At time: 74.31113386154175 and batch: 2000, loss is 6.84440016746521 and perplexity is 938.6101032432283
At time: 76.03424048423767 and batch: 2050, loss is 6.801986246109009 and perplexity is 899.632409594845
At time: 77.75650262832642 and batch: 2100, loss is 6.813861227035522 and perplexity is 910.3792100365943
At time: 79.47834372520447 and batch: 2150, loss is 6.772437191009521 and perplexity is 873.4380373616268
At time: 81.20079135894775 and batch: 2200, loss is 6.7902738475799564 and perplexity is 889.1570219923012
At time: 82.92964601516724 and batch: 2250, loss is 6.7833143329620365 and perplexity is 882.9904039243249
At time: 84.66185307502747 and batch: 2300, loss is 6.790040168762207 and perplexity is 888.9492691052785
At time: 86.39293837547302 and batch: 2350, loss is 6.861685123443603 and perplexity is 954.9749630577425
At time: 88.1230583190918 and batch: 2400, loss is 6.850992364883423 and perplexity is 944.8180458525926
At time: 89.85417747497559 and batch: 2450, loss is 6.78895191192627 and perplexity is 887.9823901880916
At time: 91.58073472976685 and batch: 2500, loss is 6.797893180847168 and perplexity is 895.9576810129403
At time: 93.30662322044373 and batch: 2550, loss is 6.802359142303467 and perplexity is 899.9679416522195
At time: 95.03862309455872 and batch: 2600, loss is 6.900304260253907 and perplexity is 992.5766712961691
At time: 96.77256679534912 and batch: 2650, loss is 6.874323606491089 and perplexity is 967.1209899419781
At time: 98.50810098648071 and batch: 2700, loss is 6.794291353225708 and perplexity is 892.7364006206707
At time: 100.24254131317139 and batch: 2750, loss is 6.736028060913086 and perplexity is 842.2088812018519
At time: 101.988276720047 and batch: 2800, loss is 6.771196079254151 and perplexity is 872.3546755714599
At time: 103.78430533409119 and batch: 2850, loss is 6.77256362915039 and perplexity is 873.5484802251833
At time: 105.5806713104248 and batch: 2900, loss is 6.78749680519104 and perplexity is 886.6912206539264
At time: 107.39606738090515 and batch: 2950, loss is 6.8124215698242185 and perplexity is 909.0695190211086
At time: 109.22177147865295 and batch: 3000, loss is 6.867700138092041 and perplexity is 960.7364618280753
At time: 111.04717898368835 and batch: 3050, loss is 6.879908142089843 and perplexity is 972.5370204704351
At time: 112.86478161811829 and batch: 3100, loss is 6.803448085784912 and perplexity is 900.9484896595774
At time: 114.68651390075684 and batch: 3150, loss is 6.748238363265991 and perplexity is 852.5555456868375
At time: 116.50882267951965 and batch: 3200, loss is 6.720833082199096 and perplexity is 829.5082722868992
At time: 118.32958626747131 and batch: 3250, loss is 6.82260944366455 and perplexity is 918.3783426377116
At time: 120.15028929710388 and batch: 3300, loss is 6.790135145187378 and perplexity is 889.033702338536
At time: 121.97388410568237 and batch: 3350, loss is 6.713461427688599 and perplexity is 823.415906885338
At time: 123.79491639137268 and batch: 3400, loss is 6.674585666656494 and perplexity is 792.01922590827
At time: 125.61657881736755 and batch: 3450, loss is 6.812246780395508 and perplexity is 908.9106371650598
At time: 127.4374430179596 and batch: 3500, loss is 6.847508163452148 and perplexity is 941.5318376949755
At time: 129.2619092464447 and batch: 3550, loss is 6.740160131454468 and perplexity is 845.6961475630574
At time: 131.0886263847351 and batch: 3600, loss is 6.7863372039794925 and perplexity is 885.6636083655651
At time: 132.91294264793396 and batch: 3650, loss is 6.801328849792481 and perplexity is 899.041188916988
At time: 134.7368004322052 and batch: 3700, loss is 6.744339103698731 and perplexity is 849.2376831261563
At time: 136.56148529052734 and batch: 3750, loss is 6.772463274002075 and perplexity is 873.4608195365643
At time: 138.3828706741333 and batch: 3800, loss is 6.735487051010132 and perplexity is 841.7533610883225
At time: 140.20613646507263 and batch: 3850, loss is 6.747821226119995 and perplexity is 852.199987263175
At time: 142.02514052391052 and batch: 3900, loss is 6.811400260925293 and perplexity is 908.1415521826466
At time: 143.85036444664001 and batch: 3950, loss is 6.80818925857544 and perplexity is 905.2301842307362
At time: 145.67444491386414 and batch: 4000, loss is 6.800330419540405 and perplexity is 898.1440069574467
At time: 147.49742484092712 and batch: 4050, loss is 6.739212427139282 and perplexity is 844.8950573329677
At time: 149.32080960273743 and batch: 4100, loss is 6.713154487609863 and perplexity is 823.1632063259949
At time: 151.14355993270874 and batch: 4150, loss is 6.8199020099639895 and perplexity is 915.8952570745487
At time: 152.96511316299438 and batch: 4200, loss is 6.708834218978882 and perplexity is 819.6145911524266
At time: 154.78698110580444 and batch: 4250, loss is 6.736209573745728 and perplexity is 842.3617667964837
At time: 156.6116635799408 and batch: 4300, loss is 6.746065616607666 and perplexity is 850.7051694012976
At time: 158.43789935112 and batch: 4350, loss is 6.830641651153565 and perplexity is 925.7846527299198
At time: 160.260639667511 and batch: 4400, loss is 6.82095311164856 and perplexity is 916.8584622467591
At time: 162.0792441368103 and batch: 4450, loss is 6.718109474182129 and perplexity is 827.2520907780844
At time: 163.90777468681335 and batch: 4500, loss is 6.736071224212647 and perplexity is 842.2452345006421
At time: 165.7313849925995 and batch: 4550, loss is 6.701241598129273 and perplexity is 813.4151331680846
At time: 167.55273962020874 and batch: 4600, loss is 6.764083585739136 and perplexity is 866.1720715277993
At time: 169.38296127319336 and batch: 4650, loss is 6.66794997215271 and perplexity is 786.7810270485867
At time: 171.22148847579956 and batch: 4700, loss is 6.856530055999756 and perplexity is 950.0646700359763
At time: 173.05489540100098 and batch: 4750, loss is 6.752744655609131 and perplexity is 856.4060795140609
At time: 174.88957691192627 and batch: 4800, loss is 6.780626335144043 and perplexity is 880.620114738524
At time: 176.72431588172913 and batch: 4850, loss is 6.750812587738037 and perplexity is 854.7530422475346
At time: 178.57153844833374 and batch: 4900, loss is 6.746290082931519 and perplexity is 850.8961454964046
At time: 180.42011046409607 and batch: 4950, loss is 6.803701057434082 and perplexity is 901.1764329151986
At time: 182.26501297950745 and batch: 5000, loss is 6.791124610900879 and perplexity is 889.9138060495654
At time: 184.11122679710388 and batch: 5050, loss is 6.845993452072143 and perplexity is 940.1067682626925
At time: 185.95632028579712 and batch: 5100, loss is 6.7957315921783445 and perplexity is 894.0230807002544
At time: 187.80889797210693 and batch: 5150, loss is 6.791566991806031 and perplexity is 890.3075740158854
At time: 189.66753888130188 and batch: 5200, loss is 6.748241386413574 and perplexity is 852.5581230919706
At time: 191.5278742313385 and batch: 5250, loss is 6.832209930419922 and perplexity is 927.2376806849054
At time: 193.3945004940033 and batch: 5300, loss is 6.793127326965332 and perplexity is 891.6978365819298
At time: 195.25940775871277 and batch: 5350, loss is 6.720671997070313 and perplexity is 829.3746616016671
At time: 197.1190700531006 and batch: 5400, loss is 6.833950109481812 and perplexity is 928.8526450382658
At time: 198.98160672187805 and batch: 5450, loss is 6.75981388092041 and perplexity is 862.4816565579116
At time: 200.84568643569946 and batch: 5500, loss is 6.822880706787109 and perplexity is 918.6274986065113
At time: 202.70303201675415 and batch: 5550, loss is 6.732387437820434 and perplexity is 839.1482907087812
At time: 204.56396341323853 and batch: 5600, loss is 6.7839202880859375 and perplexity is 883.525618625607
At time: 206.42852401733398 and batch: 5650, loss is 6.7577954864501955 and perplexity is 860.7425840092645
At time: 208.28995442390442 and batch: 5700, loss is 6.77577953338623 and perplexity is 876.3622504657587
At time: 210.15342497825623 and batch: 5750, loss is 6.762634010314941 and perplexity is 864.9173993704516
At time: 212.01730465888977 and batch: 5800, loss is 6.813892240524292 and perplexity is 910.4074445098236
At time: 213.87921285629272 and batch: 5850, loss is 6.807960910797119 and perplexity is 905.0235005280786
At time: 215.74369287490845 and batch: 5900, loss is 6.750472469329834 and perplexity is 854.4623744369375
At time: 217.6034586429596 and batch: 5950, loss is 6.763114433288575 and perplexity is 865.3330253895545
At time: 219.46160125732422 and batch: 6000, loss is 6.823443126678467 and perplexity is 919.1442983000668
At time: 221.3243544101715 and batch: 6050, loss is 6.791199264526367 and perplexity is 889.980243821438
At time: 223.18355512619019 and batch: 6100, loss is 6.775910444259644 and perplexity is 876.4769833231193
At time: 225.0423264503479 and batch: 6150, loss is 6.838468914031982 and perplexity is 933.059446295004
At time: 226.8973195552826 and batch: 6200, loss is 6.7523814868927 and perplexity is 856.0951160869321
At time: 228.757465839386 and batch: 6250, loss is 6.739826707839966 and perplexity is 845.4142195001151
At time: 230.62380838394165 and batch: 6300, loss is 6.782746067047119 and perplexity is 882.4887731179195
At time: 232.486469745636 and batch: 6350, loss is 6.759799547195435 and perplexity is 862.469294071651
At time: 234.3447003364563 and batch: 6400, loss is 6.699973497390747 and perplexity is 812.3842945787137
At time: 236.20703387260437 and batch: 6450, loss is 6.760631847381592 and perplexity is 863.1874262349723
At time: 238.0690474510193 and batch: 6500, loss is 6.7655517101287845 and perplexity is 867.4446537976002
At time: 239.9320101737976 and batch: 6550, loss is 6.762417287826538 and perplexity is 864.7299726299251
At time: 241.79113721847534 and batch: 6600, loss is 6.754030151367187 and perplexity is 857.5076938049974
At time: 243.65407538414001 and batch: 6650, loss is 6.787129487991333 and perplexity is 886.3655835274708
At time: 245.5181746482849 and batch: 6700, loss is 6.702165966033935 and perplexity is 814.1673756311835
At time: 247.37912106513977 and batch: 6750, loss is 6.712257280349731 and perplexity is 822.4249895372579
At time: 249.24102592468262 and batch: 6800, loss is 6.683614721298218 and perplexity is 799.2027923808065
At time: 251.10223031044006 and batch: 6850, loss is 6.694088945388794 and perplexity is 807.6178150045993
At time: 252.96304941177368 and batch: 6900, loss is 6.771153497695923 and perplexity is 872.3175301409074
At time: 254.8223557472229 and batch: 6950, loss is 6.795494298934937 and perplexity is 893.810960232126
At time: 256.6839871406555 and batch: 7000, loss is 6.772350006103515 and perplexity is 873.3618900679331
At time: 258.54359340667725 and batch: 7050, loss is 6.75585355758667 and perplexity is 859.0727050591493
At time: 260.4004945755005 and batch: 7100, loss is 6.780270576477051 and perplexity is 880.3068822212732
At time: 262.25653743743896 and batch: 7150, loss is 6.758005352020263 and perplexity is 860.9232431987482
At time: 264.11415553092957 and batch: 7200, loss is 6.81971586227417 and perplexity is 915.7247811556689
At time: 265.9729542732239 and batch: 7250, loss is 6.618257932662964 and perplexity is 748.6397795592842
At time: 267.8330750465393 and batch: 7300, loss is 6.575738639831543 and perplexity is 717.4753845741504
At time: 269.6958842277527 and batch: 7350, loss is 6.6392751121521 and perplexity is 764.5405859228688
At time: 271.555296421051 and batch: 7400, loss is 6.738399267196655 and perplexity is 844.2083017755176
At time: 273.4149386882782 and batch: 7450, loss is 6.775379323959351 and perplexity is 876.0115922048124
At time: 275.2745933532715 and batch: 7500, loss is 6.697634735107422 and perplexity is 810.4865408933874
At time: 277.13798809051514 and batch: 7550, loss is 6.725007953643799 and perplexity is 832.9786017351508
At time: 279.0026743412018 and batch: 7600, loss is 6.854034223556519 and perplexity is 947.6964244108112
At time: 280.8631000518799 and batch: 7650, loss is 6.73831374168396 and perplexity is 844.1361035151275
At time: 282.7261731624603 and batch: 7700, loss is 6.737508058547974 and perplexity is 843.4562711935409
At time: 284.5892767906189 and batch: 7750, loss is 6.7551255035400395 and perplexity is 858.4474813258328
At time: 286.4601399898529 and batch: 7800, loss is 6.681108150482178 and perplexity is 797.2020425434453
At time: 288.3201382160187 and batch: 7850, loss is 6.775790281295777 and perplexity is 876.3716695785744
At time: 290.17882442474365 and batch: 7900, loss is 6.736785593032837 and perplexity is 842.8471231947852
At time: 292.04349064826965 and batch: 7950, loss is 6.862995119094848 and perplexity is 956.2267958751481
At time: 293.90524435043335 and batch: 8000, loss is 6.824433898925781 and perplexity is 920.0554122407713
At time: 295.7664053440094 and batch: 8050, loss is 6.770291557312012 and perplexity is 871.565968381332
At time: 297.6274263858795 and batch: 8100, loss is 6.711711778640747 and perplexity is 821.9764776430783
At time: 299.49028396606445 and batch: 8150, loss is 6.806354541778564 and perplexity is 903.570865861795
At time: 301.3503415584564 and batch: 8200, loss is 6.719765253067017 and perplexity is 828.6229719473197
At time: 303.2104105949402 and batch: 8250, loss is 6.745374937057495 and perplexity is 850.1178076003089
At time: 305.07432079315186 and batch: 8300, loss is 6.7669556522369385 and perplexity is 868.6633511636579
At time: 306.9391920566559 and batch: 8350, loss is 6.823974876403809 and perplexity is 919.6331829988699
At time: 308.8003022670746 and batch: 8400, loss is 6.7546998977661135 and perplexity is 858.0821988598454
At time: 310.66150736808777 and batch: 8450, loss is 6.787649917602539 and perplexity is 886.8269944790392
At time: 312.522429227829 and batch: 8500, loss is 6.768441534042358 and perplexity is 869.955041644224
At time: 314.38694071769714 and batch: 8550, loss is 6.76817289352417 and perplexity is 869.7213678595651
At time: 316.24951004981995 and batch: 8600, loss is 6.7681786060333256 and perplexity is 869.7263361650324
At time: 318.11327147483826 and batch: 8650, loss is 6.82510594367981 and perplexity is 920.6739384693575
At time: 319.9804267883301 and batch: 8700, loss is 6.723468580245972 and perplexity is 831.6973230708431
At time: 321.8403832912445 and batch: 8750, loss is 6.734603605270386 and perplexity is 841.0100460551465
At time: 323.7053577899933 and batch: 8800, loss is 6.752260313034058 and perplexity is 855.9913860231641
At time: 325.56866097450256 and batch: 8850, loss is 6.789166259765625 and perplexity is 888.1727476954453
At time: 327.42891216278076 and batch: 8900, loss is 6.7248451709747314 and perplexity is 832.8430182907009
At time: 329.30377745628357 and batch: 8950, loss is 6.70852331161499 and perplexity is 819.3598065497414
At time: 331.2005350589752 and batch: 9000, loss is 6.748754920959473 and perplexity is 852.9960535771573
At time: 333.1014184951782 and batch: 9050, loss is 6.785050239562988 and perplexity is 884.5245239543781
At time: 335.00324845314026 and batch: 9100, loss is 6.719888792037964 and perplexity is 828.7253455000088
At time: 336.897953748703 and batch: 9150, loss is 6.752640810012817 and perplexity is 856.3171501315892
At time: 338.79344749450684 and batch: 9200, loss is 6.790474519729615 and perplexity is 889.3354689473563
At time: 340.68847131729126 and batch: 9250, loss is 6.779653596878052 and perplexity is 879.7639183501237
At time: 342.587685585022 and batch: 9300, loss is 6.800846195220947 and perplexity is 898.6073672785803
At time: 344.481760263443 and batch: 9350, loss is 6.729892082214356 and perplexity is 837.0569277495802
At time: 346.3760085105896 and batch: 9400, loss is 6.789002180099487 and perplexity is 888.0270285626312
At time: 348.26922249794006 and batch: 9450, loss is 6.719320516586304 and perplexity is 828.2545350176825
At time: 350.1635093688965 and batch: 9500, loss is 6.760152158737182 and perplexity is 862.7734643229625
At time: 352.071564912796 and batch: 9550, loss is 6.686028604507446 and perplexity is 801.1343048669991
At time: 353.9650893211365 and batch: 9600, loss is 6.781026802062988 and perplexity is 880.9728445862381
At time: 355.85825753211975 and batch: 9650, loss is 6.817001295089722 and perplexity is 913.242355594631
At time: 357.7537467479706 and batch: 9700, loss is 6.799687299728394 and perplexity is 897.566578450292
At time: 359.6508438587189 and batch: 9750, loss is 6.7819106388092045 and perplexity is 881.7518249537294
At time: 361.54972314834595 and batch: 9800, loss is 6.756742868423462 and perplexity is 859.8370275351072
At time: 363.4471926689148 and batch: 9850, loss is 6.71738018989563 and perplexity is 826.6490087631544
At time: 365.3417258262634 and batch: 9900, loss is 6.768158922195434 and perplexity is 869.7092167813098
At time: 367.24072790145874 and batch: 9950, loss is 6.738083047866821 and perplexity is 843.9413889958041
At time: 369.142240524292 and batch: 10000, loss is 6.728640775680542 and perplexity is 836.0101679919574
At time: 371.0355906486511 and batch: 10050, loss is 6.771994514465332 and perplexity is 873.0514723976181
At time: 372.924045085907 and batch: 10100, loss is 6.784703063964844 and perplexity is 884.217491923799
At time: 374.78289222717285 and batch: 10150, loss is 6.728330059051514 and perplexity is 835.7504460827727
At time: 376.64100670814514 and batch: 10200, loss is 6.680095252990722 and perplexity is 796.3949674055634
At time: 378.4985327720642 and batch: 10250, loss is 6.760857524871827 and perplexity is 863.3822501897912
At time: 380.35663414001465 and batch: 10300, loss is 6.836829404830933 and perplexity is 931.530940090055
At time: 382.21731090545654 and batch: 10350, loss is 6.758032560348511 and perplexity is 860.9466677996156
At time: 384.0799858570099 and batch: 10400, loss is 6.730898160934448 and perplexity is 837.8994966863631
At time: 385.938191652298 and batch: 10450, loss is 6.759075736999511 and perplexity is 861.8452558727811
At time: 387.7992732524872 and batch: 10500, loss is 6.696562099456787 and perplexity is 809.6176502201299
At time: 389.6604690551758 and batch: 10550, loss is 6.763530683517456 and perplexity is 865.6932954354743
At time: 391.523508310318 and batch: 10600, loss is 6.690541095733643 and perplexity is 804.7575852509127
At time: 393.38419485092163 and batch: 10650, loss is 6.817104625701904 and perplexity is 913.3367263619159
At time: 395.2438449859619 and batch: 10700, loss is 6.73027117729187 and perplexity is 837.3743120661044
At time: 397.1055557727814 and batch: 10750, loss is 6.733408069610595 and perplexity is 840.0051893455476
At time: 398.9639985561371 and batch: 10800, loss is 6.677300634384156 and perplexity is 794.1724541963255
At time: 400.82327032089233 and batch: 10850, loss is 6.683569240570068 and perplexity is 799.1664448824313
At time: 402.68610167503357 and batch: 10900, loss is 6.634245615005494 and perplexity is 760.7049848851354
At time: 404.5466024875641 and batch: 10950, loss is 6.75165096282959 and perplexity is 855.4699463828783
At time: 406.40413904190063 and batch: 11000, loss is 6.710492620468139 and perplexity is 820.9749689254869
At time: 408.2783567905426 and batch: 11050, loss is 6.727756462097168 and perplexity is 835.2711996325986
At time: 410.176073551178 and batch: 11100, loss is 6.7822356605529786 and perplexity is 882.0384600482475
At time: 412.0745162963867 and batch: 11150, loss is 6.677565097808838 and perplexity is 794.3825115383682
At time: 413.9717893600464 and batch: 11200, loss is 6.774222221374512 and perplexity is 874.9985431409979
At time: 415.87210035324097 and batch: 11250, loss is 6.79776593208313 and perplexity is 895.843678758878
At time: 417.777321100235 and batch: 11300, loss is 6.714131412506103 and perplexity is 823.9677678900466
At time: 419.67406725883484 and batch: 11350, loss is 6.727343196868897 and perplexity is 834.9260824070003
At time: 421.5708689689636 and batch: 11400, loss is 6.796410694122314 and perplexity is 894.6304197115222
At time: 423.4671790599823 and batch: 11450, loss is 6.787960052490234 and perplexity is 887.1020731229146
At time: 425.36668133735657 and batch: 11500, loss is 6.673634481430054 and perplexity is 791.2662270989741
At time: 427.26252150535583 and batch: 11550, loss is 6.73721230506897 and perplexity is 843.2068529519222
At time: 429.1609740257263 and batch: 11600, loss is 6.6968223571777346 and perplexity is 809.828386886348
At time: 431.05943393707275 and batch: 11650, loss is 6.7508730125427245 and perplexity is 854.804692093619
At time: 432.95534658432007 and batch: 11700, loss is 6.801439838409424 and perplexity is 899.1409777927331
At time: 434.8504559993744 and batch: 11750, loss is 6.760043811798096 and perplexity is 862.6799905228696
At time: 436.74849486351013 and batch: 11800, loss is 6.748122453689575 and perplexity is 852.4567320614991
At time: 438.64736676216125 and batch: 11850, loss is 6.718992853164673 and perplexity is 827.983190759979
At time: 440.51084446907043 and batch: 11900, loss is 6.720064907073975 and perplexity is 828.8713093469113
At time: 442.38985538482666 and batch: 11950, loss is 6.750034875869751 and perplexity is 854.0885490877264
At time: 444.2846384048462 and batch: 12000, loss is 6.642737922668457 and perplexity is 767.192634224287
At time: 446.17762422561646 and batch: 12050, loss is 6.761168251037597 and perplexity is 863.6505673304066
At time: 448.07203435897827 and batch: 12100, loss is 6.726287469863892 and perplexity is 834.0450935183271
At time: 449.96949887275696 and batch: 12150, loss is 6.698874130249023 and perplexity is 811.4916767260719
At time: 451.8657102584839 and batch: 12200, loss is 6.802122144699097 and perplexity is 899.7546766786802
At time: 453.76336908340454 and batch: 12250, loss is 6.694135704040527 and perplexity is 807.6555790076351
At time: 455.6615376472473 and batch: 12300, loss is 6.799860143661499 and perplexity is 897.7217307961201
At time: 457.55696058273315 and batch: 12350, loss is 6.685730028152466 and perplexity is 800.8951408125446
At time: 459.45369815826416 and batch: 12400, loss is 6.749309406280518 and perplexity is 853.4691585205268
At time: 461.3535394668579 and batch: 12450, loss is 6.793257102966309 and perplexity is 891.8135650704687
At time: 463.25118041038513 and batch: 12500, loss is 6.838660583496094 and perplexity is 933.2383024391429
At time: 465.14612436294556 and batch: 12550, loss is 6.703290672302246 and perplexity is 815.083589921406
At time: 467.006183385849 and batch: 12600, loss is 6.760463571548462 and perplexity is 863.0421848723237
At time: 468.86721992492676 and batch: 12650, loss is 6.660216150283813 and perplexity is 780.7196716687472
At time: 470.7265648841858 and batch: 12700, loss is 6.676693172454834 and perplexity is 793.6901711642062
At time: 472.5829622745514 and batch: 12750, loss is 6.726624383926391 and perplexity is 834.3261423810906
At time: 474.44076013565063 and batch: 12800, loss is 6.791304225921631 and perplexity is 890.0736622921677
At time: 476.2977821826935 and batch: 12850, loss is 6.708624114990235 and perplexity is 819.4424049468098
At time: 478.1813576221466 and batch: 12900, loss is 6.719662418365479 and perplexity is 828.5377651324956
At time: 480.08143162727356 and batch: 12950, loss is 6.762799711227417 and perplexity is 865.0607288473279
At time: 481.98078060150146 and batch: 13000, loss is 6.75071084022522 and perplexity is 854.6660776757027
At time: 483.879518032074 and batch: 13050, loss is 6.7470033073425295 and perplexity is 851.5032418708495
At time: 485.7755627632141 and batch: 13100, loss is 6.759141902923584 and perplexity is 861.9022825471344
At time: 487.6710216999054 and batch: 13150, loss is 6.783159561157227 and perplexity is 882.8537524810481
At time: 489.5672323703766 and batch: 13200, loss is 6.7511216735839845 and perplexity is 855.0172751478954
At time: 491.4607775211334 and batch: 13250, loss is 6.659991512298584 and perplexity is 780.5443120716254
At time: 493.33839082717896 and batch: 13300, loss is 6.743493223190308 and perplexity is 848.5196332579902
At time: 495.1975350379944 and batch: 13350, loss is 6.714261322021485 and perplexity is 824.074816096603
At time: 497.05643224716187 and batch: 13400, loss is 6.701408090591431 and perplexity is 813.5505719308162
At time: 498.9131896495819 and batch: 13450, loss is 6.67933648109436 and perplexity is 795.7909144840634
At time: 500.7712712287903 and batch: 13500, loss is 6.759700574874878 and perplexity is 862.3839377082361
At time: 502.6294918060303 and batch: 13550, loss is 6.684143447875977 and perplexity is 799.6254638671351
At time: 504.4871332645416 and batch: 13600, loss is 6.705457544326782 and perplexity is 816.8516866779472
At time: 506.3716011047363 and batch: 13650, loss is 6.703606967926025 and perplexity is 815.3414380698833
At time: 508.2644941806793 and batch: 13700, loss is 6.796527242660522 and perplexity is 894.7346936555458
At time: 510.1619882583618 and batch: 13750, loss is 6.611033248901367 and perplexity is 743.2505849551939
At time: 512.0566444396973 and batch: 13800, loss is 6.6896163177490235 and perplexity is 804.0137071671694
At time: 513.953830242157 and batch: 13850, loss is 6.665809202194214 and perplexity is 785.0985114439632
At time: 515.8537540435791 and batch: 13900, loss is 6.800626335144043 and perplexity is 898.4098211107572
At time: 517.7542934417725 and batch: 13950, loss is 6.662909593582153 and perplexity is 782.8253302993671
At time: 519.6511614322662 and batch: 14000, loss is 6.712963123321533 and perplexity is 823.0056973561134
At time: 521.5477776527405 and batch: 14050, loss is 6.720096168518066 and perplexity is 828.8972214660303
At time: 523.4469947814941 and batch: 14100, loss is 6.728344602584839 and perplexity is 835.7626009356239
At time: 525.3454475402832 and batch: 14150, loss is 6.750892696380615 and perplexity is 854.8215180962056
At time: 527.2429156303406 and batch: 14200, loss is 6.672049694061279 and perplexity is 790.0132315049716
At time: 529.1406962871552 and batch: 14250, loss is 6.703343982696533 and perplexity is 815.1270435072155
At time: 531.0404007434845 and batch: 14300, loss is 6.7536244964599605 and perplexity is 857.1599121454582
At time: 532.9350407123566 and batch: 14350, loss is 6.740065450668335 and perplexity is 845.6160801774577
At time: 534.8313205242157 and batch: 14400, loss is 6.7428922271728515 and perplexity is 848.0098295480132
At time: 536.732390165329 and batch: 14450, loss is 6.782737779617309 and perplexity is 882.4814595844596
At time: 538.6292963027954 and batch: 14500, loss is 6.680453071594238 and perplexity is 796.6799833296064
At time: 540.52681183815 and batch: 14550, loss is 6.742349634170532 and perplexity is 847.5498301561134
At time: 542.4271838665009 and batch: 14600, loss is 6.771895418167114 and perplexity is 872.9649605151242
At time: 544.3273401260376 and batch: 14650, loss is 6.652939357757568 and perplexity is 775.0591567709138
At time: 546.2233262062073 and batch: 14700, loss is 6.593216733932495 and perplexity is 730.1257166706241
At time: 548.1192584037781 and batch: 14750, loss is 6.7034758186340335 and perplexity is 815.2345136292345
At time: 550.0206847190857 and batch: 14800, loss is 6.686304779052734 and perplexity is 801.3555883243829
At time: 551.9208788871765 and batch: 14850, loss is 6.704017963409424 and perplexity is 815.6766085904246
At time: 553.7902095317841 and batch: 14900, loss is 6.716679944992065 and perplexity is 826.070354631179
At time: 555.6843855381012 and batch: 14950, loss is 6.724019842147827 and perplexity is 832.1559325142704
At time: 557.5790965557098 and batch: 15000, loss is 6.750960054397583 and perplexity is 854.8790991177766
At time: 559.4744515419006 and batch: 15050, loss is 6.7085267162323 and perplexity is 819.3625961610705
At time: 561.3700361251831 and batch: 15100, loss is 6.728688220977784 and perplexity is 836.0498336838423
At time: 563.2713582515717 and batch: 15150, loss is 6.71038966178894 and perplexity is 820.8904467782497
At time: 565.1701200008392 and batch: 15200, loss is 6.748228149414063 and perplexity is 852.5468378552032
At time: 567.0658020973206 and batch: 15250, loss is 6.671745986938476 and perplexity is 789.7733352903937
At time: 568.962105512619 and batch: 15300, loss is 6.626972951889038 and perplexity is 755.192702581268
At time: 570.8599946498871 and batch: 15350, loss is 6.699565382003784 and perplexity is 812.0528156933864
At time: 572.7592904567719 and batch: 15400, loss is 6.741393766403198 and perplexity is 846.7400716649337
At time: 574.6549072265625 and batch: 15450, loss is 6.67724268913269 and perplexity is 794.1264370070118
At time: 576.5520210266113 and batch: 15500, loss is 6.703858785629272 and perplexity is 815.5467813316293
At time: 578.4264030456543 and batch: 15550, loss is 6.777882719039917 and perplexity is 878.2073425838774
At time: 580.2874233722687 and batch: 15600, loss is 6.723255262374878 and perplexity is 831.5199260901373
At time: 582.1491298675537 and batch: 15650, loss is 6.678830223083496 and perplexity is 795.388140920907
At time: 584.0115959644318 and batch: 15700, loss is 6.708312559127807 and perplexity is 819.187142627928
At time: 585.8718655109406 and batch: 15750, loss is 6.676746549606324 and perplexity is 793.732537215388
At time: 587.7319359779358 and batch: 15800, loss is 6.665460262298584 and perplexity is 784.8246070421868
At time: 589.5891256332397 and batch: 15850, loss is 6.733066120147705 and perplexity is 839.7179991272947
At time: 591.4508385658264 and batch: 15900, loss is 6.762308597564697 and perplexity is 864.6359900103688
At time: 593.3112876415253 and batch: 15950, loss is 6.721747283935547 and perplexity is 830.2669569323939
At time: 595.1727538108826 and batch: 16000, loss is 6.7103787040710445 and perplexity is 820.8814517415932
At time: 597.0289070606232 and batch: 16050, loss is 6.747727031707764 and perplexity is 852.1197185667621
At time: 598.8870236873627 and batch: 16100, loss is 6.828402042388916 and perplexity is 923.7135773724331
At time: 600.7452340126038 and batch: 16150, loss is 6.751702451705933 and perplexity is 855.5139947031523
At time: 602.6026313304901 and batch: 16200, loss is 6.752541103363037 and perplexity is 856.2317738737613
At time: 604.4608037471771 and batch: 16250, loss is 6.786114387512207 and perplexity is 885.4662899128623
At time: 606.3215961456299 and batch: 16300, loss is 6.7745808982849125 and perplexity is 875.3124412056858
At time: 608.1842317581177 and batch: 16350, loss is 6.74777135848999 and perplexity is 852.1574911291195
At time: 610.0448849201202 and batch: 16400, loss is 6.715388631820678 and perplexity is 825.0043275372979
At time: 611.9073028564453 and batch: 16450, loss is 6.67051944732666 and perplexity is 788.8052408347693
At time: 613.7711839675903 and batch: 16500, loss is 6.651637964248657 and perplexity is 774.0511558604553
At time: 615.6306321620941 and batch: 16550, loss is 6.748269634246826 and perplexity is 852.5822063518178
At time: 617.4877452850342 and batch: 16600, loss is 6.760096759796142 and perplexity is 862.7256689106015
At time: 619.3481602668762 and batch: 16650, loss is 6.6867006969451905 and perplexity is 801.672922154946
At time: 621.2109427452087 and batch: 16700, loss is 6.667398281097412 and perplexity is 786.3470867049957
At time: 623.0703284740448 and batch: 16750, loss is 6.700352191925049 and perplexity is 812.6919983300102
At time: 624.9217228889465 and batch: 16800, loss is 6.729644184112549 and perplexity is 836.8494486439874
At time: 626.7793078422546 and batch: 16850, loss is 6.663530368804931 and perplexity is 783.3114397349159
At time: 628.6405622959137 and batch: 16900, loss is 6.715355596542358 and perplexity is 824.9770737398933
At time: 630.5031831264496 and batch: 16950, loss is 6.6523253440856935 and perplexity is 774.5834059258533
At time: 632.3615119457245 and batch: 17000, loss is 6.712580080032349 and perplexity is 822.6905109156601
At time: 634.220428943634 and batch: 17050, loss is 6.749208145141601 and perplexity is 853.3827396370159
At time: 636.0803632736206 and batch: 17100, loss is 6.779154949188232 and perplexity is 879.3253354629114
At time: 637.9394884109497 and batch: 17150, loss is 6.69863221168518 and perplexity is 811.2953855692626
At time: 639.798773765564 and batch: 17200, loss is 6.794991416931152 and perplexity is 893.3615917845625
At time: 641.6610243320465 and batch: 17250, loss is 6.764887809753418 and perplexity is 866.8689480930967
At time: 643.5222098827362 and batch: 17300, loss is 6.7483807563781735 and perplexity is 852.6769523678284
At time: 645.3800387382507 and batch: 17350, loss is 6.735823974609375 and perplexity is 842.0370154426552
At time: 647.2384331226349 and batch: 17400, loss is 6.624267692565918 and perplexity is 753.1524714033391
At time: 649.1069941520691 and batch: 17450, loss is 6.775618419647217 and perplexity is 876.2210678403919
At time: 650.9664199352264 and batch: 17500, loss is 6.745821466445923 and perplexity is 850.4974949494998
At time: 652.8239402770996 and batch: 17550, loss is 6.6941893196105955 and perplexity is 807.6988830827981
At time: 654.6834449768066 and batch: 17600, loss is 6.6774773597717285 and perplexity is 794.312817033566
At time: 656.5434589385986 and batch: 17650, loss is 6.686892900466919 and perplexity is 801.8270213225856
At time: 658.4041078090668 and batch: 17700, loss is 6.725000562667847 and perplexity is 832.9724452330881
At time: 660.2659409046173 and batch: 17750, loss is 6.687478828430176 and perplexity is 802.2969718612092
At time: 662.127480506897 and batch: 17800, loss is 6.688031301498413 and perplexity is 802.7403417945876
At time: 663.992903470993 and batch: 17850, loss is 6.670033187866211 and perplexity is 788.4217700646623
At time: 665.8552582263947 and batch: 17900, loss is 6.6833633708953855 and perplexity is 799.0019376805091
At time: 667.7163624763489 and batch: 17950, loss is 6.716700620651245 and perplexity is 826.0874343568571
At time: 669.5785446166992 and batch: 18000, loss is 6.711178474426269 and perplexity is 821.5382309931296
At time: 671.4397399425507 and batch: 18050, loss is 6.7535359573364255 and perplexity is 857.0840233177222
At time: 673.2985694408417 and batch: 18100, loss is 6.704792442321778 and perplexity is 816.3085776148309
At time: 675.1596808433533 and batch: 18150, loss is 6.699473552703857 and perplexity is 811.9782488755794
At time: 677.0222363471985 and batch: 18200, loss is 6.666402082443238 and perplexity is 785.564118856017
At time: 678.8811273574829 and batch: 18250, loss is 6.764449872970581 and perplexity is 866.4893974104962
At time: 680.7442779541016 and batch: 18300, loss is 6.625413026809692 and perplexity is 754.0155768974086
At time: 682.6015613079071 and batch: 18350, loss is 6.618063640594483 and perplexity is 748.4943389174056
At time: 684.4612698554993 and batch: 18400, loss is 6.746925649642944 and perplexity is 851.4371186554179
At time: 686.3227722644806 and batch: 18450, loss is 6.687889595031738 and perplexity is 802.6265963565163
At time: 688.1812374591827 and batch: 18500, loss is 6.7629576015472415 and perplexity is 865.1973243457431
At time: 690.0421369075775 and batch: 18550, loss is 6.76258584022522 and perplexity is 864.8757372251649
At time: 691.9018723964691 and batch: 18600, loss is 6.7386924934387205 and perplexity is 844.4558821001176
At time: 693.7595024108887 and batch: 18650, loss is 6.7127274227142335 and perplexity is 822.8117372725885
At time: 695.6162793636322 and batch: 18700, loss is 6.683235521316528 and perplexity is 798.8997921490414
At time: 697.47816157341 and batch: 18750, loss is 6.777662878036499 and perplexity is 878.014297820829
At time: 699.3350009918213 and batch: 18800, loss is 6.731387166976929 and perplexity is 838.3093348017252
At time: 701.193362236023 and batch: 18850, loss is 6.654266939163208 and perplexity is 776.0887942082464
At time: 703.051084280014 and batch: 18900, loss is 6.612489585876465 and perplexity is 744.3337968331317
At time: 704.9096508026123 and batch: 18950, loss is 6.699229574203491 and perplexity is 811.7801678048327
At time: 706.770112991333 and batch: 19000, loss is 6.7031996631622315 and perplexity is 815.0094132402766
At time: 708.6282458305359 and batch: 19050, loss is 6.679738883972168 and perplexity is 796.1112074772741
At time: 710.4856104850769 and batch: 19100, loss is 6.65995234489441 and perplexity is 780.5137407757817
At time: 712.3421504497528 and batch: 19150, loss is 6.711656742095947 and perplexity is 821.9312401427114
At time: 714.1998424530029 and batch: 19200, loss is 6.62916895866394 and perplexity is 756.8529331440774
At time: 716.057950258255 and batch: 19250, loss is 6.708031015396118 and perplexity is 818.9565380869955
At time: 717.9156656265259 and batch: 19300, loss is 6.586027011871338 and perplexity is 724.8951414207927
At time: 719.7765419483185 and batch: 19350, loss is 6.670411119461059 and perplexity is 788.7197958747738
At time: 721.6357727050781 and batch: 19400, loss is 6.670608110427857 and perplexity is 788.87518185421
At time: 723.4938273429871 and batch: 19450, loss is 6.7387550258636475 and perplexity is 844.5086896252434
At time: 725.3536746501923 and batch: 19500, loss is 6.754641027450561 and perplexity is 858.0316847769335
At time: 727.2098665237427 and batch: 19550, loss is 6.675553102493286 and perplexity is 792.7858244485014
At time: 729.0670294761658 and batch: 19600, loss is 6.667662315368652 and perplexity is 786.5547366971261
At time: 730.9266982078552 and batch: 19650, loss is 6.676935234069824 and perplexity is 793.8823163433883
At time: 732.7860946655273 and batch: 19700, loss is 6.634135189056397 and perplexity is 760.6209879530028
At time: 734.6453578472137 and batch: 19750, loss is 6.741085453033447 and perplexity is 846.479050620342
At time: 736.504456281662 and batch: 19800, loss is 6.678274745941162 and perplexity is 794.9464436770606
At time: 738.3662931919098 and batch: 19850, loss is 6.673865060806275 and perplexity is 791.448697808226
At time: 740.2258467674255 and batch: 19900, loss is 6.718428983688354 and perplexity is 827.5164479151927
At time: 742.0885860919952 and batch: 19950, loss is 6.727132158279419 and perplexity is 834.7498993756142
At time: 743.9607286453247 and batch: 20000, loss is 6.736061220169067 and perplexity is 842.2368086847579
At time: 745.8600313663483 and batch: 20050, loss is 6.751184997558593 and perplexity is 855.071419954431
At time: 747.7580871582031 and batch: 20100, loss is 6.688610382080078 and perplexity is 803.2053277578171
At time: 749.65070104599 and batch: 20150, loss is 6.724116344451904 and perplexity is 832.2362413540408
At time: 751.5418322086334 and batch: 20200, loss is 6.658734855651855 and perplexity is 779.5640519280079
At time: 753.4388246536255 and batch: 20250, loss is 6.73452898979187 and perplexity is 840.9472960292142
At time: 755.3131227493286 and batch: 20300, loss is 6.723645305633545 and perplexity is 831.8443180910995
At time: 757.1673228740692 and batch: 20350, loss is 6.660221824645996 and perplexity is 780.7241017674964
At time: 759.0251922607422 and batch: 20400, loss is 6.659362783432007 and perplexity is 780.053715573235
At time: 760.882954120636 and batch: 20450, loss is 6.676587762832642 and perplexity is 793.606512992392
At time: 762.7431070804596 and batch: 20500, loss is 6.69755217552185 and perplexity is 810.4196302225565
At time: 764.59907746315 and batch: 20550, loss is 6.7377972984313965 and perplexity is 843.7002676721488
At time: 766.4574463367462 and batch: 20600, loss is 6.7277753543853756 and perplexity is 835.2869799658964
At time: 768.3209171295166 and batch: 20650, loss is 6.682350778579712 and perplexity is 798.1932839455804
At time: 770.1871771812439 and batch: 20700, loss is 6.722171354293823 and perplexity is 830.6191232046461
At time: 772.0805332660675 and batch: 20750, loss is 6.683027076721191 and perplexity is 798.7332831597042
At time: 773.9763603210449 and batch: 20800, loss is 6.756798458099365 and perplexity is 859.8848269253615
At time: 775.8702652454376 and batch: 20850, loss is 6.645452203750611 and perplexity is 769.2778393138956
At time: 777.7642402648926 and batch: 20900, loss is 6.724206027984619 and perplexity is 832.3108825872134
At time: 779.658130645752 and batch: 20950, loss is 6.693658037185669 and perplexity is 807.2698808323523
At time: 781.5540685653687 and batch: 21000, loss is 6.684769172668457 and perplexity is 800.1259659165152
At time: 783.448891878128 and batch: 21050, loss is 6.702704153060913 and perplexity is 814.6056678815592
At time: 785.3474686145782 and batch: 21100, loss is 6.644479808807373 and perplexity is 768.530161011216
At time: 787.2440919876099 and batch: 21150, loss is 6.656003475189209 and perplexity is 777.4376712065475
At time: 789.1406922340393 and batch: 21200, loss is 6.707061281204224 and perplexity is 818.162752872874
At time: 791.0409054756165 and batch: 21250, loss is 6.736397485733033 and perplexity is 842.5200715433259
At time: 792.9350304603577 and batch: 21300, loss is 6.75691312789917 and perplexity is 859.9834353999194
At time: 794.8324387073517 and batch: 21350, loss is 6.717604789733887 and perplexity is 826.8346948485694
At time: 796.7319142818451 and batch: 21400, loss is 6.676609039306641 and perplexity is 793.6233983203604
Finished Train Step
Begin Evaluating...
Getting Batches...
Created Iterator with 1421 batches
Traceback (most recent call last):
  File "tune_models.py", line 172, in <module>
    seq_len = args.seq_len)
  File "tune_models.py", line 147, in tuneModels
    opt = Optimizer(dataset, vectors, tune_wordvecs, wordvec_dim, choices, trainerclass, max_time, num_layers, batch_size, seq_len)
  File "tune_models.py", line 35, in __init__
    exact_feval = True
  File "/home-nfs/siddsach/anaconda3/lib/python3.5/site-packages/GPyOpt/methods/bayesian_optimization.py", line 117, in __init__
    self._init_design_chooser()
  File "/home-nfs/siddsach/anaconda3/lib/python3.5/site-packages/GPyOpt/methods/bayesian_optimization.py", line 192, in _init_design_chooser
    self.Y, _ = self.objective.evaluate(self.X)
  File "/home-nfs/siddsach/anaconda3/lib/python3.5/site-packages/GPyOpt/core/task/objective.py", line 50, in evaluate
    f_evals, cost_evals = self._eval_func(x)
  File "/home-nfs/siddsach/anaconda3/lib/python3.5/site-packages/GPyOpt/core/task/objective.py", line 74, in _eval_func
    rlt = self.func(np.atleast_2d(x[i]))
  File "tune_models.py", line 73, in getError
    trainer.train()
  File "/home-nfs/siddsach/Interpreting-Attention/interpreting_language/pretraining/langmodel/trainer.py", line 408, in train
    this_perplexity = self.evaluate()
  File "/home-nfs/siddsach/Interpreting-Attention/interpreting_language/pretraining/langmodel/trainer.py", line 348, in evaluate
    for i, batch in enumerate(self.valid_iterator):
  File "/home-nfs/siddsach/anaconda3/lib/python3.5/site-packages/torchtext/data/iterator.py", line 246, in __iter__
    text=data[i:i + seq_len],
  File "/home-nfs/siddsach/anaconda3/lib/python3.5/site-packages/torch/autograd/variable.py", line 76, in __getitem__
    return Index.apply(self, key)
  File "/home-nfs/siddsach/anaconda3/lib/python3.5/site-packages/torch/autograd/_functions/tensor.py", line 16, in forward
    result = i.index(ctx.index)
ValueError: result of slicing is an empty tensor
