Building Bayesian Optimizer for 
 data:gigasmall 
 choices:[{'domain': [0, 30], 'type': 'continuous', 'name': 'lr'}, {'domain': [0, 1], 'type': 'continuous', 'name': 'dropout'}, {'domain': [2, 8], 'type': 'continuous', 'name': 'anneal'}]
SETTINGS FOR THIS RUN
{'seq_len': 50, 'num_layers': 1, 'wordvec_source': '', 'tune_wordvecs': True, 'dropout': 0.8262661370131179, 'lr': 12.613234122332264, 'batch_size': 20, 'wordvec_dim': 200, 'anneal': 4.965551992793845, 'data': 'gigasmall'}
Preparing Data Loaders

[93m    Warning: no model found for 'en'[0m

    Only loading the 'en' tokenizer.

Retrieving Train Data from file: /home-nfs/siddsach/Interpreting-Attention/interpreting_language/data/gigaword/gigaword_small_train.txt...
Got Train Dataset with 21438304 words
Retrieving Valid Data from file: /home-nfs/siddsach/Interpreting-Attention/interpreting_language/data/gigaword/gigaword_small_val.txt...
Retrieving Test Data from file: /home-nfs/siddsach/Interpreting-Attention/interpreting_language/data/gigaword/gigaword_small_test.txt...
Loading Vectors From Memory...
Building Vocab...
Found 55221 tokens
Getting Batches...
Created Iterator with 21439 batches
Initializing Model parameters...
Constructing LSTM with 1 layers and 200 hidden size...
here
200
200
Using Cross Entropy Loss ...
Begin Training...
Finished 0 epochs...
Completing Train Step...
At time: 7.475834846496582 and batch: 50, loss is 9.035294456481934 and perplexity is 8394.184775700696
At time: 9.250553369522095 and batch: 100, loss is 8.043806648254394 and perplexity is 3114.446255281947
At time: 11.033557653427124 and batch: 150, loss is 7.852112360000611 and perplexity is 2571.159799646909
At time: 12.815569400787354 and batch: 200, loss is 7.676397542953492 and perplexity is 2156.835851135497
At time: 14.609697103500366 and batch: 250, loss is 7.580308418273926 and perplexity is 1959.2331355165927
At time: 16.40499186515808 and batch: 300, loss is 7.54838119506836 and perplexity is 1897.668288765097
At time: 18.204459190368652 and batch: 350, loss is 7.439491090774536 and perplexity is 1701.8838963135966
At time: 20.001340866088867 and batch: 400, loss is 7.402265510559082 and perplexity is 1639.6949715450646
At time: 21.801247596740723 and batch: 450, loss is 7.381359987258911 and perplexity is 1605.772113129821
At time: 23.989701986312866 and batch: 500, loss is 7.297258825302124 and perplexity is 1476.2477233150576
At time: 25.78694772720337 and batch: 550, loss is 7.31656665802002 and perplexity is 1505.0278139167622
At time: 27.585289001464844 and batch: 600, loss is 7.284001817703247 and perplexity is 1456.8062486508534
At time: 29.385133028030396 and batch: 650, loss is 7.24675555229187 and perplexity is 1403.5437288148357
At time: 31.187922954559326 and batch: 700, loss is 7.303955936431885 and perplexity is 1486.1674982143936
At time: 32.987650871276855 and batch: 750, loss is 7.284938669204712 and perplexity is 1458.1716992846123
At time: 34.78576064109802 and batch: 800, loss is 7.218558435440063 and perplexity is 1364.5205976809475
At time: 36.58732533454895 and batch: 850, loss is 7.2215114402771 and perplexity is 1368.555988938623
At time: 38.38559699058533 and batch: 900, loss is 7.208309841156006 and perplexity is 1350.6075958163756
At time: 40.183048248291016 and batch: 950, loss is 7.200833015441894 and perplexity is 1340.5469957589407
At time: 41.98738765716553 and batch: 1000, loss is 7.265040988922119 and perplexity is 1429.4442179382609
At time: 43.78948473930359 and batch: 1050, loss is 7.200722360610962 and perplexity is 1340.3986659646243
At time: 45.59279918670654 and batch: 1100, loss is 7.208270397186279 and perplexity is 1350.5543235418952
At time: 47.398157358169556 and batch: 1150, loss is 7.163154926300049 and perplexity is 1290.9774534672304
At time: 49.199445962905884 and batch: 1200, loss is 7.138775186538696 and perplexity is 1259.884320417947
At time: 50.998321294784546 and batch: 1250, loss is 7.10069206237793 and perplexity is 1212.8061216111064
At time: 52.80038666725159 and batch: 1300, loss is 7.125996284484863 and perplexity is 1243.886815064418
At time: 54.60105848312378 and batch: 1350, loss is 7.165350322723389 and perplexity is 1293.8147741334044
At time: 56.40107703208923 and batch: 1400, loss is 7.1136152458190915 and perplexity is 1228.581149844479
At time: 58.201819896698 and batch: 1450, loss is 7.10410623550415 and perplexity is 1216.9539283148147
At time: 60.008174657821655 and batch: 1500, loss is 7.097969694137573 and perplexity is 1209.5089068966163
At time: 61.81228232383728 and batch: 1550, loss is 7.086295185089111 and perplexity is 1195.4705888988042
At time: 63.61821246147156 and batch: 1600, loss is 7.09390305519104 and perplexity is 1204.6002584848056
At time: 65.42251539230347 and batch: 1650, loss is 7.080284109115601 and perplexity is 1188.3060791440046
At time: 67.22711539268494 and batch: 1700, loss is 7.060251207351684 and perplexity is 1164.7377197033907
At time: 69.03066968917847 and batch: 1750, loss is 7.108930797576904 and perplexity is 1222.8393840388712
At time: 70.83595895767212 and batch: 1800, loss is 7.107147817611694 and perplexity is 1220.6610284757094
At time: 72.64340686798096 and batch: 1850, loss is 7.07057149887085 and perplexity is 1176.8203936307123
At time: 74.45121097564697 and batch: 1900, loss is 7.033952779769898 and perplexity is 1134.5062120284836
At time: 76.26245379447937 and batch: 1950, loss is 6.993662757873535 and perplexity is 1089.7055028797845
At time: 78.06662702560425 and batch: 2000, loss is 7.019987459182739 and perplexity is 1118.7725873359368
At time: 79.88176989555359 and batch: 2050, loss is 7.015360412597656 and perplexity is 1113.6079322205394
At time: 81.69340443611145 and batch: 2100, loss is 7.0070433425903325 and perplexity is 1104.3843866932841
At time: 83.50433087348938 and batch: 2150, loss is 6.98965051651001 and perplexity is 1085.3421007518527
At time: 85.31601762771606 and batch: 2200, loss is 7.016094055175781 and perplexity is 1114.4252221776524
At time: 87.12925982475281 and batch: 2250, loss is 6.9902795314788815 and perplexity is 1086.0250119377345
At time: 88.94314932823181 and batch: 2300, loss is 7.001816835403442 and perplexity is 1098.6273714050924
At time: 90.75559568405151 and batch: 2350, loss is 7.026873483657837 and perplexity is 1126.5030683485868
At time: 92.56506323814392 and batch: 2400, loss is 7.040127820968628 and perplexity is 1141.5335092229343
At time: 94.39012956619263 and batch: 2450, loss is 6.958925380706787 and perplexity is 1052.5019104473722
At time: 96.21647834777832 and batch: 2500, loss is 6.966530227661133 and perplexity is 1060.5365387320508
At time: 98.03242945671082 and batch: 2550, loss is 6.9618244457244876 and perplexity is 1055.5576091114099
At time: 99.84935808181763 and batch: 2600, loss is 7.025547351837158 and perplexity is 1125.0101668944073
At time: 101.66342329978943 and batch: 2650, loss is 7.078856258392334 and perplexity is 1186.610566207185
At time: 103.47642230987549 and batch: 2700, loss is 7.000307483673096 and perplexity is 1096.9704070666185
At time: 105.29558753967285 and batch: 2750, loss is 6.973802671432495 and perplexity is 1068.2773442473194
At time: 107.12022161483765 and batch: 2800, loss is 6.931361427307129 and perplexity is 1023.8869788663148
At time: 108.94148802757263 and batch: 2850, loss is 6.9334515190124515 and perplexity is 1026.0292345235537
At time: 110.77940845489502 and batch: 2900, loss is 6.955693464279175 and perplexity is 1049.1058031564849
At time: 112.65614318847656 and batch: 2950, loss is 6.9870593547821045 and perplexity is 1082.5334442517858
At time: 114.54975509643555 and batch: 3000, loss is 6.973468284606934 and perplexity is 1067.9201860951757
At time: 116.44296884536743 and batch: 3050, loss is 6.972075109481811 and perplexity is 1066.4334221580348
At time: 118.33290934562683 and batch: 3100, loss is 6.942765369415283 and perplexity is 1035.6301587037813
At time: 120.22608470916748 and batch: 3150, loss is 6.916846761703491 and perplexity is 1009.1329357784082
At time: 122.12043762207031 and batch: 3200, loss is 6.897531147003174 and perplexity is 989.827956786448
At time: 124.02177309989929 and batch: 3250, loss is 6.936147842407227 and perplexity is 1028.7994742050137
At time: 125.91635918617249 and batch: 3300, loss is 6.955083589553833 and perplexity is 1048.4661751092458
At time: 127.81194591522217 and batch: 3350, loss is 6.89568567276001 and perplexity is 988.0029393163685
At time: 129.7041084766388 and batch: 3400, loss is 6.850908145904541 and perplexity is 944.738477592168
At time: 131.58381962776184 and batch: 3450, loss is 6.918097000122071 and perplexity is 1010.3953815588369
At time: 133.46320939064026 and batch: 3500, loss is 6.9409384059906 and perplexity is 1033.739827591028
At time: 135.3430769443512 and batch: 3550, loss is 6.907552556991577 and perplexity is 999.7972985561545
At time: 137.2243390083313 and batch: 3600, loss is 6.928392715454102 and perplexity is 1020.8518608804683
At time: 139.10326409339905 and batch: 3650, loss is 6.9693452262878415 and perplexity is 1063.526153538747
At time: 140.9826135635376 and batch: 3700, loss is 6.862711591720581 and perplexity is 955.9557178333481
At time: 142.86218810081482 and batch: 3750, loss is 6.890028076171875 and perplexity is 982.4289996765021
At time: 144.74177026748657 and batch: 3800, loss is 6.862177209854126 and perplexity is 955.4450089015535
At time: 146.62427496910095 and batch: 3850, loss is 6.897630462646484 and perplexity is 989.9262670685363
At time: 148.50561237335205 and batch: 3900, loss is 6.8885610485076905 and perplexity is 980.988805816292
At time: 150.40181803703308 and batch: 3950, loss is 6.9403680801391605 and perplexity is 1033.1504271348247
At time: 152.2978138923645 and batch: 4000, loss is 6.9320082855224605 and perplexity is 1024.5495028265973
At time: 154.19031500816345 and batch: 4050, loss is 6.91727385520935 and perplexity is 1009.5640219523276
At time: 156.0856409072876 and batch: 4100, loss is 6.836603240966797 and perplexity is 931.3202852752332
At time: 157.98003149032593 and batch: 4150, loss is 6.93231369972229 and perplexity is 1024.8624625819323
At time: 159.87350153923035 and batch: 4200, loss is 6.856787443161011 and perplexity is 950.3092359571191
At time: 161.77020120620728 and batch: 4250, loss is 6.874663705825806 and perplexity is 967.4499630858509
At time: 163.66966581344604 and batch: 4300, loss is 6.892371749877929 and perplexity is 984.7341929463712
At time: 165.56994342803955 and batch: 4350, loss is 6.90181637763977 and perplexity is 994.0786990725975
At time: 167.4673354625702 and batch: 4400, loss is 6.881618452072144 and perplexity is 974.2017834692816
At time: 169.36681580543518 and batch: 4450, loss is 6.826446037292481 and perplexity is 921.9085547996167
At time: 171.26562666893005 and batch: 4500, loss is 6.828811874389649 and perplexity is 924.0922223410641
At time: 173.16515159606934 and batch: 4550, loss is 6.824491424560547 and perplexity is 920.1083405347324
At time: 175.06382393836975 and batch: 4600, loss is 6.850254287719727 and perplexity is 944.1209545143454
At time: 176.96164655685425 and batch: 4650, loss is 6.79741361618042 and perplexity is 895.5281143769486
At time: 178.8649890422821 and batch: 4700, loss is 6.925532922744751 and perplexity is 1017.9366066696106
At time: 180.81145215034485 and batch: 4750, loss is 6.841222085952759 and perplexity is 935.631858885117
At time: 182.76513051986694 and batch: 4800, loss is 6.8858625602722165 and perplexity is 978.3451875552533
At time: 184.69671607017517 and batch: 4850, loss is 6.847825927734375 and perplexity is 941.831070423793
At time: 186.64354062080383 and batch: 4900, loss is 6.82973726272583 and perplexity is 924.94776229747
At time: 188.56711888313293 and batch: 4950, loss is 6.900356359481812 and perplexity is 992.6283851214939
At time: 190.49278569221497 and batch: 5000, loss is 6.856918878555298 and perplexity is 950.4341484350226
At time: 192.41839027404785 and batch: 5050, loss is 6.874268112182617 and perplexity is 967.0673217205866
At time: 194.3457727432251 and batch: 5100, loss is 6.836071214675903 and perplexity is 930.8249301808753
At time: 196.27062797546387 and batch: 5150, loss is 6.839269962310791 and perplexity is 933.8071714004558
At time: 198.19449925422668 and batch: 5200, loss is 6.851735906600952 and perplexity is 945.5208187232548
At time: 200.12088298797607 and batch: 5250, loss is 6.884358825683594 and perplexity is 976.8751216286165
At time: 202.04480957984924 and batch: 5300, loss is 6.857023019790649 and perplexity is 950.533132975457
At time: 203.9703974723816 and batch: 5350, loss is 6.783244733810425 and perplexity is 882.9289506799022
At time: 205.89629101753235 and batch: 5400, loss is 6.906391716003418 and perplexity is 998.6373662508767
At time: 207.822772026062 and batch: 5450, loss is 6.7968964004516605 and perplexity is 895.0650529123056
At time: 209.7463366985321 and batch: 5500, loss is 6.819860057830811 and perplexity is 915.856834120714
At time: 211.67308449745178 and batch: 5550, loss is 6.831617460250855 and perplexity is 926.6884827272328
At time: 213.59912991523743 and batch: 5600, loss is 6.849058694839478 and perplexity is 942.9928447374235
At time: 215.53452515602112 and batch: 5650, loss is 6.794928283691406 and perplexity is 893.3051927533538
At time: 217.47066402435303 and batch: 5700, loss is 6.803606824874878 and perplexity is 901.0915167546273
At time: 219.4069266319275 and batch: 5750, loss is 6.821940193176269 and perplexity is 917.7639231066931
At time: 221.34648895263672 and batch: 5800, loss is 6.825485792160034 and perplexity is 921.0237214937367
At time: 223.27749037742615 and batch: 5850, loss is 6.8226198482513425 and perplexity is 918.3878980345955
At time: 225.20297026634216 and batch: 5900, loss is 6.7905869293212895 and perplexity is 889.4354444032774
At time: 227.13001799583435 and batch: 5950, loss is 6.805819454193116 and perplexity is 903.0875056404593
At time: 229.05541896820068 and batch: 6000, loss is 6.836871404647827 and perplexity is 931.5700650405842
At time: 230.98115277290344 and batch: 6050, loss is 6.846189689636231 and perplexity is 940.2912706274337
At time: 232.9074900150299 and batch: 6100, loss is 6.823431329727173 and perplexity is 919.1334552635051
At time: 234.83307099342346 and batch: 6150, loss is 6.8369007396698 and perplexity is 931.597393069744
At time: 236.75770807266235 and batch: 6200, loss is 6.779979658126831 and perplexity is 880.0508220435186
At time: 238.68127965927124 and batch: 6250, loss is 6.811156673431396 and perplexity is 907.9203671978889
At time: 240.6056022644043 and batch: 6300, loss is 6.828625020980835 and perplexity is 923.9195686902251
At time: 242.5352725982666 and batch: 6350, loss is 6.794494123458862 and perplexity is 892.9174393427816
At time: 244.46006679534912 and batch: 6400, loss is 6.8070749664306645 and perplexity is 904.2220551267169
At time: 246.39133191108704 and batch: 6450, loss is 6.818851833343506 and perplexity is 914.9339101691326
At time: 248.32045722007751 and batch: 6500, loss is 6.8005327796936035 and perplexity is 898.3257739068627
At time: 250.252046585083 and batch: 6550, loss is 6.785299787521362 and perplexity is 884.745282787275
At time: 252.18878483772278 and batch: 6600, loss is 6.814580974578857 and perplexity is 911.0346890979465
At time: 254.12270426750183 and batch: 6650, loss is 6.816511611938477 and perplexity is 912.7952656752274
At time: 256.0602216720581 and batch: 6700, loss is 6.763166818618775 and perplexity is 865.3783573331764
At time: 257.9986231327057 and batch: 6750, loss is 6.720981855392456 and perplexity is 829.6316900618859
At time: 259.93781542778015 and batch: 6800, loss is 6.749162111282349 and perplexity is 853.3434560402857
At time: 261.8733103275299 and batch: 6850, loss is 6.760970706939697 and perplexity is 863.4799751084805
At time: 263.8079159259796 and batch: 6900, loss is 6.818068599700927 and perplexity is 914.2175837120619
At time: 265.7479135990143 and batch: 6950, loss is 6.813028345108032 and perplexity is 909.6212873192726
At time: 267.7035746574402 and batch: 7000, loss is 6.7974609279632565 and perplexity is 895.5704844109127
At time: 269.6828956604004 and batch: 7050, loss is 6.78891360282898 and perplexity is 887.9483730359015
At time: 271.6643612384796 and batch: 7100, loss is 6.798835258483887 and perplexity is 896.8021404183746
At time: 273.6146836280823 and batch: 7150, loss is 6.762697629928589 and perplexity is 864.9724268316309
At time: 275.56467294692993 and batch: 7200, loss is 6.829808759689331 and perplexity is 925.0138956180087
At time: 277.52044463157654 and batch: 7250, loss is 6.791838293075561 and perplexity is 890.54914835922
At time: 279.4730453491211 and batch: 7300, loss is 6.7053060054779055 and perplexity is 816.7279112922719
At time: 281.4242134094238 and batch: 7350, loss is 6.729176940917969 and perplexity is 836.458527768892
At time: 283.37711095809937 and batch: 7400, loss is 6.755368127822876 and perplexity is 858.6557867993031
At time: 285.3296184539795 and batch: 7450, loss is 6.7970500087738035 and perplexity is 895.2025529135942
At time: 287.27932476997375 and batch: 7500, loss is 6.739622240066528 and perplexity is 845.2413772079627
At time: 289.23103499412537 and batch: 7550, loss is 6.779897832870484 and perplexity is 879.9788146054598
At time: 291.18099451065063 and batch: 7600, loss is 6.8522669696807865 and perplexity is 946.0230832765693
At time: 293.1310341358185 and batch: 7650, loss is 6.76886399269104 and perplexity is 870.3226393174722
At time: 295.07955503463745 and batch: 7700, loss is 6.795023193359375 and perplexity is 893.3899800760979
At time: 297.0303795337677 and batch: 7750, loss is 6.77990758895874 and perplexity is 879.9873997983177
At time: 298.98139905929565 and batch: 7800, loss is 6.731822853088379 and perplexity is 838.6746541124932
At time: 300.92869329452515 and batch: 7850, loss is 6.791272354125977 and perplexity is 890.0452944983546
At time: 302.8802011013031 and batch: 7900, loss is 6.771486873626709 and perplexity is 872.6083882893186
At time: 304.8310446739197 and batch: 7950, loss is 6.84374400138855 and perplexity is 937.9944211512114
At time: 306.7828059196472 and batch: 8000, loss is 6.817143077850342 and perplexity is 913.3718467965155
At time: 308.73149013519287 and batch: 8050, loss is 6.802967758178711 and perplexity is 900.5158431425796
At time: 310.68275213241577 and batch: 8100, loss is 6.780413265228272 and perplexity is 880.4325010729738
At time: 312.6333899497986 and batch: 8150, loss is 6.8092724800109865 and perplexity is 906.2112802465839
At time: 314.5830407142639 and batch: 8200, loss is 6.782125549316406 and perplexity is 881.9413430496419
At time: 316.5325036048889 and batch: 8250, loss is 6.778611783981323 and perplexity is 878.8478462246443
At time: 318.48413586616516 and batch: 8300, loss is 6.837604207992554 and perplexity is 932.2529728881107
At time: 320.4339642524719 and batch: 8350, loss is 6.861019515991211 and perplexity is 954.3395361014018
At time: 322.3947379589081 and batch: 8400, loss is 6.785856590270996 and perplexity is 885.2380485673966
At time: 324.3581290245056 and batch: 8450, loss is 6.793531608581543 and perplexity is 892.0584065054595
At time: 326.32453513145447 and batch: 8500, loss is 6.788130121231079 and perplexity is 887.2529542852124
At time: 328.29327368736267 and batch: 8550, loss is 6.802056713104248 and perplexity is 899.6958062212274
At time: 330.2566635608673 and batch: 8600, loss is 6.766887140274048 and perplexity is 868.6038393710368
At time: 332.22172713279724 and batch: 8650, loss is 6.799581995010376 and perplexity is 897.4720654312671
At time: 334.1868393421173 and batch: 8700, loss is 6.745184965133667 and perplexity is 849.9563244240395
At time: 336.15089321136475 and batch: 8750, loss is 6.757939386367798 and perplexity is 860.8664537083862
At time: 338.1171975135803 and batch: 8800, loss is 6.76513819694519 and perplexity is 867.0860281505433
At time: 340.0879440307617 and batch: 8850, loss is 6.808690996170044 and perplexity is 905.6844862065948
At time: 342.0583243370056 and batch: 8900, loss is 6.7628536033630375 and perplexity is 865.1073500736946
At time: 344.0218427181244 and batch: 8950, loss is 6.742103462219238 and perplexity is 847.3412128395246
At time: 345.99374127388 and batch: 9000, loss is 6.771315307617187 and perplexity is 872.4586911920985
At time: 347.95881271362305 and batch: 9050, loss is 6.82706937789917 and perplexity is 922.4833969801007
At time: 349.91949939727783 and batch: 9100, loss is 6.766418695449829 and perplexity is 868.1970416867606
At time: 351.8728392124176 and batch: 9150, loss is 6.752376194000244 and perplexity is 856.0905848795423
At time: 353.84700083732605 and batch: 9200, loss is 6.802215785980224 and perplexity is 899.8389348042626
At time: 355.8123264312744 and batch: 9250, loss is 6.7898727130889895 and perplexity is 888.8004219699606
At time: 357.76232981681824 and batch: 9300, loss is 6.813748407363891 and perplexity is 910.2765071466206
At time: 359.71328926086426 and batch: 9350, loss is 6.771301145553589 and perplexity is 872.4463354641184
At time: 361.66376519203186 and batch: 9400, loss is 6.766909084320068 and perplexity is 868.6229002627971
At time: 363.61463713645935 and batch: 9450, loss is 6.758940391540527 and perplexity is 861.7286169245056
At time: 365.56675958633423 and batch: 9500, loss is 6.753611545562745 and perplexity is 857.1488112274219
At time: 367.51729226112366 and batch: 9550, loss is 6.757285709381104 and perplexity is 860.3039090002759
At time: 369.47565960884094 and batch: 9600, loss is 6.784098291397095 and perplexity is 883.682903109379
At time: 371.4298915863037 and batch: 9650, loss is 6.800429191589355 and perplexity is 898.2327228625202
At time: 373.3816578388214 and batch: 9700, loss is 6.813006353378296 and perplexity is 909.6012833937211
At time: 375.3403904438019 and batch: 9750, loss is 6.809565181732178 and perplexity is 906.4765686713704
At time: 377.2920432090759 and batch: 9800, loss is 6.811912336349487 and perplexity is 908.6067082405375
At time: 379.2423369884491 and batch: 9850, loss is 6.756953506469727 and perplexity is 860.0181610028234
At time: 381.1927993297577 and batch: 9900, loss is 6.796700286865234 and perplexity is 894.889535705911
At time: 383.14499616622925 and batch: 9950, loss is 6.80976565361023 and perplexity is 906.6583099479006
At time: 385.09627532958984 and batch: 10000, loss is 6.752981672286987 and perplexity is 856.6090860949453
At time: 387.05909752845764 and batch: 10050, loss is 6.793587989807129 and perplexity is 892.1087032695958
At time: 389.02523469924927 and batch: 10100, loss is 6.800445652008056 and perplexity is 898.2475082709161
At time: 390.98983669281006 and batch: 10150, loss is 6.778066711425781 and perplexity is 878.368940914098
At time: 392.9528954029083 and batch: 10200, loss is 6.716524219512939 and perplexity is 825.941724445171
At time: 394.91744685173035 and batch: 10250, loss is 6.748036689758301 and perplexity is 852.383625155929
At time: 396.88266158103943 and batch: 10300, loss is 6.827523145675659 and perplexity is 922.9020852064257
At time: 398.8473229408264 and batch: 10350, loss is 6.757449131011963 and perplexity is 860.4445127566544
At time: 400.8133180141449 and batch: 10400, loss is 6.773942241668701 and perplexity is 874.7535955980751
At time: 402.7786748409271 and batch: 10450, loss is 6.7807047653198245 and perplexity is 880.6891846374664
At time: 404.74578619003296 and batch: 10500, loss is 6.728544435501099 and perplexity is 835.9296305019166
At time: 406.70968890190125 and batch: 10550, loss is 6.784223928451538 and perplexity is 883.7939334010003
At time: 408.67568731307983 and batch: 10600, loss is 6.732549886703492 and perplexity is 839.2846204843364
At time: 410.64120864868164 and batch: 10650, loss is 6.758656749725342 and perplexity is 861.4842293163147
At time: 412.6050429344177 and batch: 10700, loss is 6.7539752578735355 and perplexity is 857.4606235037895
At time: 414.56780314445496 and batch: 10750, loss is 6.752280492782592 and perplexity is 856.0086598883722
At time: 416.53308844566345 and batch: 10800, loss is 6.7104323196411135 and perplexity is 820.9254649484735
At time: 418.49828338623047 and batch: 10850, loss is 6.721311130523682 and perplexity is 829.9049121256472
At time: 420.46349239349365 and batch: 10900, loss is 6.719305810928344 and perplexity is 828.2423550793442
At time: 422.42843222618103 and batch: 10950, loss is 6.782654161453247 and perplexity is 882.4076711900582
At time: 424.3931384086609 and batch: 11000, loss is 6.761218929290772 and perplexity is 863.6943367415813
At time: 426.3602080345154 and batch: 11050, loss is 6.7695215129852295 and perplexity is 870.8950822911283
At time: 428.3245644569397 and batch: 11100, loss is 6.76046950340271 and perplexity is 863.0473043279587
At time: 430.2902874946594 and batch: 11150, loss is 6.732185487747192 and perplexity is 838.9788417607014
At time: 432.25580954551697 and batch: 11200, loss is 6.7502649211883545 and perplexity is 854.2850507613952
At time: 434.22100019454956 and batch: 11250, loss is 6.797559194564819 and perplexity is 895.658493402977
At time: 436.18667554855347 and batch: 11300, loss is 6.749689493179321 and perplexity is 853.793612622684
At time: 438.16610622406006 and batch: 11350, loss is 6.7768953418731686 and perplexity is 877.3406486534503
At time: 440.1629936695099 and batch: 11400, loss is 6.766116762161255 and perplexity is 867.9349436688833
At time: 442.1554205417633 and batch: 11450, loss is 6.750656642913818 and perplexity is 854.6197583273502
At time: 444.12987422943115 and batch: 11500, loss is 6.716916389465332 and perplexity is 826.2656974940217
At time: 446.1113529205322 and batch: 11550, loss is 6.739091701507569 and perplexity is 844.7930630002284
At time: 448.063627243042 and batch: 11600, loss is 6.729458532333374 and perplexity is 836.6941004757233
At time: 450.01516008377075 and batch: 11650, loss is 6.733805742263794 and perplexity is 840.3393028673972
At time: 451.96760296821594 and batch: 11700, loss is 6.7971597671508786 and perplexity is 895.3008142853611
At time: 453.9211857318878 and batch: 11750, loss is 6.769458866119384 and perplexity is 870.8405251526776
At time: 455.8760132789612 and batch: 11800, loss is 6.756617345809937 and perplexity is 859.729105317686
At time: 457.82829880714417 and batch: 11850, loss is 6.70513277053833 and perplexity is 816.5864377363447
At time: 459.78166580200195 and batch: 11900, loss is 6.745014743804932 and perplexity is 849.8116560423002
At time: 461.7354052066803 and batch: 11950, loss is 6.783973169326782 and perplexity is 883.5723417920167
At time: 463.6880691051483 and batch: 12000, loss is 6.667738819122315 and perplexity is 786.6149133887867
At time: 465.63981342315674 and batch: 12050, loss is 6.779730634689331 and perplexity is 879.8316960475253
At time: 467.59387135505676 and batch: 12100, loss is 6.7456920719146725 and perplexity is 850.3874523444202
At time: 469.5457501411438 and batch: 12150, loss is 6.730880756378173 and perplexity is 837.8849135443277
At time: 471.49806213378906 and batch: 12200, loss is 6.80207989692688 and perplexity is 899.7166648510123
At time: 473.450510263443 and batch: 12250, loss is 6.758549737930298 and perplexity is 861.3920452750114
At time: 475.41054034233093 and batch: 12300, loss is 6.798346328735351 and perplexity is 896.3637743472127
At time: 477.3790364265442 and batch: 12350, loss is 6.716589908599854 and perplexity is 825.9959815849261
At time: 479.34967517852783 and batch: 12400, loss is 6.775546274185181 and perplexity is 876.1578547469028
At time: 481.3203320503235 and batch: 12450, loss is 6.8312154960632325 and perplexity is 926.3160619990067
At time: 483.29339933395386 and batch: 12500, loss is 6.8212887477874755 and perplexity is 917.1662447295323
At time: 485.2591474056244 and batch: 12550, loss is 6.732827415466309 and perplexity is 839.5175784314811
At time: 487.22511100769043 and batch: 12600, loss is 6.799603624343872 and perplexity is 897.4914773638063
At time: 489.1909439563751 and batch: 12650, loss is 6.7473223018646244 and perplexity is 851.7749100685821
At time: 491.1531445980072 and batch: 12700, loss is 6.764903955459594 and perplexity is 866.8829444174161
At time: 493.1204688549042 and batch: 12750, loss is 6.731499996185303 and perplexity is 838.403925916563
At time: 495.0904133319855 and batch: 12800, loss is 6.775402412414551 and perplexity is 876.0318181927063
At time: 497.057017326355 and batch: 12850, loss is 6.775884218215943 and perplexity is 876.4539971008718
At time: 499.0223476886749 and batch: 12900, loss is 6.734557313919067 and perplexity is 840.971115464724
At time: 500.98939061164856 and batch: 12950, loss is 6.752546262741089 and perplexity is 856.2361915085789
At time: 502.96545457839966 and batch: 13000, loss is 6.755588445663452 and perplexity is 858.8449848291348
At time: 504.932510137558 and batch: 13050, loss is 6.772306041717529 and perplexity is 873.3234940927266
At time: 506.89766359329224 and batch: 13100, loss is 6.750867958068848 and perplexity is 854.8003715165522
At time: 508.8633985519409 and batch: 13150, loss is 6.780094213485718 and perplexity is 880.1516423559198
At time: 510.8291754722595 and batch: 13200, loss is 6.836310911178589 and perplexity is 931.0480724033888
At time: 512.7971432209015 and batch: 13250, loss is 6.751375284194946 and perplexity is 855.2341441003997
At time: 514.7666094303131 and batch: 13300, loss is 6.7731529808044435 and perplexity is 874.0634592038502
At time: 516.7395975589752 and batch: 13350, loss is 6.768929805755615 and perplexity is 870.3799198024161
At time: 518.7061967849731 and batch: 13400, loss is 6.749983434677124 and perplexity is 854.0446148841756
At time: 520.6739537715912 and batch: 13450, loss is 6.718911247253418 and perplexity is 827.9156251941054
At time: 522.6436536312103 and batch: 13500, loss is 6.737405004501343 and perplexity is 843.3693540902951
At time: 524.6123514175415 and batch: 13550, loss is 6.736396951675415 and perplexity is 842.5196215891838
At time: 526.6038630008698 and batch: 13600, loss is 6.738603515625 and perplexity is 844.3807476046461
At time: 528.5860185623169 and batch: 13650, loss is 6.751348209381104 and perplexity is 855.2109891086164
At time: 530.573832988739 and batch: 13700, loss is 6.773380823135376 and perplexity is 874.2626305487485
At time: 532.5503268241882 and batch: 13750, loss is 6.720750322341919 and perplexity is 829.4396251414106
At time: 534.504275560379 and batch: 13800, loss is 6.742480783462525 and perplexity is 847.6609930055721
At time: 536.4562397003174 and batch: 13850, loss is 6.724506769180298 and perplexity is 832.561230400283
At time: 538.4078500270844 and batch: 13900, loss is 6.7989130878448485 and perplexity is 896.8719406720915
At time: 540.358206987381 and batch: 13950, loss is 6.734466276168823 and perplexity is 840.8945588311766
At time: 542.311096906662 and batch: 14000, loss is 6.72502685546875 and perplexity is 832.9943466996723
At time: 544.2633438110352 and batch: 14050, loss is 6.752573184967041 and perplexity is 856.2592436031002
At time: 546.2138557434082 and batch: 14100, loss is 6.737731065750122 and perplexity is 843.6443889917466
At time: 548.1693964004517 and batch: 14150, loss is 6.747907571792602 and perplexity is 852.2735742211833
At time: 550.1211700439453 and batch: 14200, loss is 6.735977869033814 and perplexity is 842.1666102162035
At time: 552.0737187862396 and batch: 14250, loss is 6.739290657043457 and perplexity is 844.9611559777524
At time: 554.026175737381 and batch: 14300, loss is 6.745301370620727 and perplexity is 850.0552697627425
At time: 555.9768497943878 and batch: 14350, loss is 6.758074054718017 and perplexity is 860.9823929799666
At time: 557.925609588623 and batch: 14400, loss is 6.7527093410491945 and perplexity is 856.3758364442492
At time: 559.8738052845001 and batch: 14450, loss is 6.808282661437988 and perplexity is 905.3147392699884
At time: 561.8322374820709 and batch: 14500, loss is 6.726247024536133 and perplexity is 834.0113609733205
At time: 563.7937052249908 and batch: 14550, loss is 6.776141624450684 and perplexity is 876.6796308627122
At time: 565.7557671070099 and batch: 14600, loss is 6.80009202003479 and perplexity is 897.929915390893
At time: 567.7170541286469 and batch: 14650, loss is 6.713713645935059 and perplexity is 823.6236135940894
At time: 569.6784369945526 and batch: 14700, loss is 6.667557592391968 and perplexity is 786.472370656658
At time: 571.6414234638214 and batch: 14750, loss is 6.753789806365967 and perplexity is 857.3016208825738
At time: 573.6029033660889 and batch: 14800, loss is 6.743679599761963 and perplexity is 848.6777921763195
At time: 575.5688192844391 and batch: 14850, loss is 6.788985090255737 and perplexity is 888.0118524491464
At time: 577.529824256897 and batch: 14900, loss is 6.788366060256958 and perplexity is 887.4623165803517
At time: 579.4927299022675 and batch: 14950, loss is 6.728173789978027 and perplexity is 835.6198543388884
At time: 581.4548468589783 and batch: 15000, loss is 6.797102365493775 and perplexity is 895.2494240099721
At time: 583.4151082038879 and batch: 15050, loss is 6.752625923156739 and perplexity is 856.304402356305
At time: 585.3774914741516 and batch: 15100, loss is 6.767733306884765 and perplexity is 869.3391339848566
At time: 587.3421218395233 and batch: 15150, loss is 6.746467342376709 and perplexity is 851.046988243826
At time: 589.3047132492065 and batch: 15200, loss is 6.803708772659302 and perplexity is 901.1833857211631
At time: 591.2646293640137 and batch: 15250, loss is 6.728421401977539 and perplexity is 835.8267894606058
At time: 593.2247607707977 and batch: 15300, loss is 6.703270921707153 and perplexity is 815.0674916944299
At time: 595.1848328113556 and batch: 15350, loss is 6.718753538131714 and perplexity is 827.7850656434974
At time: 597.1426222324371 and batch: 15400, loss is 6.74783634185791 and perplexity is 852.2128689921923
At time: 599.1035735607147 and batch: 15450, loss is 6.726706037521362 and perplexity is 834.3942708914251
At time: 601.0630128383636 and batch: 15500, loss is 6.773018579483033 and perplexity is 873.9459918139993
At time: 603.0226159095764 and batch: 15550, loss is 6.785788650512695 and perplexity is 885.1779077513374
At time: 604.9826259613037 and batch: 15600, loss is 6.752485456466675 and perplexity is 856.184128558648
At time: 606.9426379203796 and batch: 15650, loss is 6.73889277458191 and perplexity is 844.6250276273219
At time: 608.9026312828064 and batch: 15700, loss is 6.769488019943237 and perplexity is 870.8659138540388
At time: 610.8633286952972 and batch: 15750, loss is 6.742351694107056 and perplexity is 847.5515760567623
At time: 612.8326771259308 and batch: 15800, loss is 6.715713701248169 and perplexity is 825.2725548156095
At time: 614.8155629634857 and batch: 15850, loss is 6.7516064453125 and perplexity is 855.4318638325973
At time: 616.7769193649292 and batch: 15900, loss is 6.77948392868042 and perplexity is 879.6146630540521
At time: 618.7385246753693 and batch: 15950, loss is 6.755329904556274 and perplexity is 858.6229667974931
At time: 620.7023158073425 and batch: 16000, loss is 6.755888528823853 and perplexity is 859.1027484197986
At time: 622.6645052433014 and batch: 16050, loss is 6.741326446533203 and perplexity is 846.6830711520448
At time: 624.6255156993866 and batch: 16100, loss is 6.819212093353271 and perplexity is 915.2635836490648
At time: 626.5880744457245 and batch: 16150, loss is 6.7617567443847655 and perplexity is 864.1589695245402
At time: 628.5504446029663 and batch: 16200, loss is 6.799176168441773 and perplexity is 897.1079213172114
At time: 630.5098233222961 and batch: 16250, loss is 6.782539739608764 and perplexity is 882.3067102529133
At time: 632.4686796665192 and batch: 16300, loss is 6.791839122772217 and perplexity is 890.5498872451764
At time: 634.4302859306335 and batch: 16350, loss is 6.781125898361206 and perplexity is 881.0601500597203
At time: 636.3911287784576 and batch: 16400, loss is 6.759772205352784 and perplexity is 862.4457128942988
At time: 638.3498239517212 and batch: 16450, loss is 6.748219804763794 and perplexity is 852.5397236796864
At time: 640.3103396892548 and batch: 16500, loss is 6.712744054794311 and perplexity is 822.8254224570978
At time: 642.2716135978699 and batch: 16550, loss is 6.784622840881347 and perplexity is 884.1465601153379
At time: 644.2310230731964 and batch: 16600, loss is 6.764896211624145 and perplexity is 866.8762314445329
At time: 646.1915831565857 and batch: 16650, loss is 6.739235363006592 and perplexity is 844.914435956125
At time: 648.1504871845245 and batch: 16700, loss is 6.729902629852295 and perplexity is 837.0657567695511
At time: 650.1117656230927 and batch: 16750, loss is 6.73344295501709 and perplexity is 840.0344937791807
At time: 652.0689635276794 and batch: 16800, loss is 6.765251655578613 and perplexity is 867.1844121275072
At time: 654.0288586616516 and batch: 16850, loss is 6.725808362960816 and perplexity is 833.6455924660436
At time: 655.9895875453949 and batch: 16900, loss is 6.7600452423095705 and perplexity is 862.6812245973776
At time: 657.9395127296448 and batch: 16950, loss is 6.688739614486694 and perplexity is 803.3091346227911
At time: 659.884477853775 and batch: 17000, loss is 6.725385675430298 and perplexity is 833.2932953302852
At time: 661.8327107429504 and batch: 17050, loss is 6.7478613185882566 and perplexity is 852.2341547490419
At time: 663.7812030315399 and batch: 17100, loss is 6.756295080184937 and perplexity is 859.4520888190752
At time: 665.7264981269836 and batch: 17150, loss is 6.734624319076538 and perplexity is 841.0274667546363
At time: 667.6737024784088 and batch: 17200, loss is 6.809229860305786 and perplexity is 906.1726586119976
At time: 669.6211185455322 and batch: 17250, loss is 6.779578285217285 and perplexity is 879.6976643632306
At time: 671.5712213516235 and batch: 17300, loss is 6.753585119247436 and perplexity is 857.1261602419625
At time: 673.5181789398193 and batch: 17350, loss is 6.761862297058105 and perplexity is 864.2501886280893
At time: 675.4644174575806 and batch: 17400, loss is 6.705223026275635 and perplexity is 816.6601426734527
At time: 677.4117588996887 and batch: 17450, loss is 6.763159408569336 and perplexity is 865.3719448605235
At time: 679.3584296703339 and batch: 17500, loss is 6.809728479385376 and perplexity is 906.6246062544792
At time: 681.3043687343597 and batch: 17550, loss is 6.74812608718872 and perplexity is 852.4598294679336
At time: 683.2559244632721 and batch: 17600, loss is 6.731298856735229 and perplexity is 838.2353067705144
At time: 685.2171602249146 and batch: 17650, loss is 6.747436447143555 and perplexity is 851.8721417024381
At time: 687.1757063865662 and batch: 17700, loss is 6.772368297576905 and perplexity is 873.3778652898093
At time: 689.1361601352692 and batch: 17750, loss is 6.756071481704712 and perplexity is 859.259938121292
At time: 691.0967984199524 and batch: 17800, loss is 6.727836799621582 and perplexity is 835.3383059485332
At time: 693.0569880008698 and batch: 17850, loss is 6.708687696456909 and perplexity is 819.494507953147
At time: 695.017204284668 and batch: 17900, loss is 6.738418083190918 and perplexity is 844.2241865435241
At time: 696.9909749031067 and batch: 17950, loss is 6.746126737594604 and perplexity is 850.7571669298989
At time: 698.9850914478302 and batch: 18000, loss is 6.699605150222778 and perplexity is 812.0851102297397
At time: 700.9712901115417 and batch: 18050, loss is 6.740879373550415 and perplexity is 846.3046266284131
At time: 702.9413676261902 and batch: 18100, loss is 6.738404550552368 and perplexity is 844.2127620400543
At time: 704.914635181427 and batch: 18150, loss is 6.7250214862823485 and perplexity is 832.9898742097605
At time: 706.8761570453644 and batch: 18200, loss is 6.693145990371704 and perplexity is 806.8566266736293
At time: 708.8346931934357 and batch: 18250, loss is 6.759813928604126 and perplexity is 862.4816976842434
At time: 710.7969877719879 and batch: 18300, loss is 6.679041967391968 and perplexity is 795.5565776649047
At time: 712.7578070163727 and batch: 18350, loss is 6.659556217193604 and perplexity is 780.2046188921136
At time: 714.7194330692291 and batch: 18400, loss is 6.774780778884888 and perplexity is 875.4874166681176
At time: 716.6800804138184 and batch: 18450, loss is 6.738967542648315 and perplexity is 844.6881809683725
At time: 718.6419985294342 and batch: 18500, loss is 6.791544885635376 and perplexity is 890.2878929422562
At time: 720.602721452713 and batch: 18550, loss is 6.772197265625 and perplexity is 873.2285025420233
At time: 722.5630466938019 and batch: 18600, loss is 6.746941261291504 and perplexity is 851.4504110962431
At time: 724.5284996032715 and batch: 18650, loss is 6.7447492790222165 and perplexity is 849.5860909168034
At time: 726.49218916893 and batch: 18700, loss is 6.739250602722168 and perplexity is 844.9273123099312
At time: 728.4533298015594 and batch: 18750, loss is 6.794946603775024 and perplexity is 893.3215583290905
At time: 730.4135403633118 and batch: 18800, loss is 6.775048866271972 and perplexity is 875.7221552659001
At time: 732.3735411167145 and batch: 18850, loss is 6.768360795974732 and perplexity is 869.8848059906236
At time: 734.3372054100037 and batch: 18900, loss is 6.7001859569549564 and perplexity is 812.5569117283432
At time: 736.2973999977112 and batch: 18950, loss is 6.750438241958618 and perplexity is 854.4331289365591
At time: 738.2582185268402 and batch: 19000, loss is 6.734817981719971 and perplexity is 841.1903581295257
At time: 740.2199101448059 and batch: 19050, loss is 6.715704879760742 and perplexity is 825.2652747162543
At time: 742.1808931827545 and batch: 19100, loss is 6.700174264907837 and perplexity is 812.5474113301833
At time: 744.1397876739502 and batch: 19150, loss is 6.7159081554412845 and perplexity is 825.4330481281497
At time: 746.098522901535 and batch: 19200, loss is 6.710993013381958 and perplexity is 821.3858817827264
At time: 748.0559964179993 and batch: 19250, loss is 6.744237947463989 and perplexity is 849.1517817845321
At time: 750.0136439800262 and batch: 19300, loss is 6.677768087387085 and perplexity is 794.5437792766332
At time: 751.9712357521057 and batch: 19350, loss is 6.733931760787964 and perplexity is 840.4452078590023
At time: 753.931235074997 and batch: 19400, loss is 6.722961263656616 and perplexity is 831.2754962304508
At time: 755.889750957489 and batch: 19450, loss is 6.780374193191529 and perplexity is 880.3981014539781
At time: 757.8467853069305 and batch: 19500, loss is 6.770471963882446 and perplexity is 871.7232187926722
At time: 759.8078155517578 and batch: 19550, loss is 6.729945240020752 and perplexity is 837.1014250423665
At time: 761.7668998241425 and batch: 19600, loss is 6.74388575553894 and perplexity is 848.8527700416982
At time: 763.7249057292938 and batch: 19650, loss is 6.746308498382568 and perplexity is 850.9118152770028
At time: 765.6854636669159 and batch: 19700, loss is 6.665870475769043 and perplexity is 785.1466187101894
At time: 767.6475648880005 and batch: 19750, loss is 6.796202812194824 and perplexity is 894.4444615448223
At time: 769.6111485958099 and batch: 19800, loss is 6.733833131790161 and perplexity is 840.3623196780986
At time: 771.5711894035339 and batch: 19850, loss is 6.710883140563965 and perplexity is 821.2956387589536
At time: 773.5331208705902 and batch: 19900, loss is 6.738121395111084 and perplexity is 843.9737524429119
At time: 775.4936456680298 and batch: 19950, loss is 6.704013786315918 and perplexity is 815.6732014400761
At time: 777.4545865058899 and batch: 20000, loss is 6.7969028282165525 and perplexity is 895.0708061985191
At time: 779.4022216796875 and batch: 20050, loss is 6.777972993850708 and perplexity is 878.286626164165
At time: 781.3497774600983 and batch: 20100, loss is 6.720124187469483 and perplexity is 828.9204466223788
At time: 783.2989320755005 and batch: 20150, loss is 6.7453851222991945 and perplexity is 850.1264662997479
At time: 785.2446944713593 and batch: 20200, loss is 6.6743856620788575 and perplexity is 791.8608342775658
At time: 787.1958754062653 and batch: 20250, loss is 6.746655569076538 and perplexity is 851.2071930867642
At time: 789.1429481506348 and batch: 20300, loss is 6.717015228271484 and perplexity is 826.3473686451994
At time: 791.091432094574 and batch: 20350, loss is 6.7144460868835445 and perplexity is 824.2270902333478
At time: 793.0377957820892 and batch: 20400, loss is 6.7265064144134525 and perplexity is 834.227723137791
At time: 794.9854700565338 and batch: 20450, loss is 6.743979396820069 and perplexity is 848.9322614243537
At time: 796.9348630905151 and batch: 20500, loss is 6.725635242462158 and perplexity is 833.5012838171253
At time: 798.8815186023712 and batch: 20550, loss is 6.7702928733825685 and perplexity is 871.5671154243959
At time: 800.8278613090515 and batch: 20600, loss is 6.747288408279419 and perplexity is 851.7460408523356
At time: 802.7750685214996 and batch: 20650, loss is 6.728241081237793 and perplexity is 835.6760861435058
At time: 804.7263972759247 and batch: 20700, loss is 6.733445777893066 and perplexity is 840.0368650957196
At time: 806.690497636795 and batch: 20750, loss is 6.73148736000061 and perplexity is 838.3933317566433
At time: 808.6694960594177 and batch: 20800, loss is 6.7806009101867675 and perplexity is 880.5977252943574
At time: 810.6427907943726 and batch: 20850, loss is 6.710828857421875 and perplexity is 821.2510574611146
At time: 812.5884897708893 and batch: 20900, loss is 6.759663352966308 and perplexity is 862.3518387295511
At time: 814.5461640357971 and batch: 20950, loss is 6.7362916469573975 and perplexity is 842.4309049692295
At time: 816.5062999725342 and batch: 21000, loss is 6.706207370758056 and perplexity is 817.4644133536694
At time: 818.4665877819061 and batch: 21050, loss is 6.726414680480957 and perplexity is 834.1511996581044
At time: 820.4268202781677 and batch: 21100, loss is 6.703091630935669 and perplexity is 814.9213707144953
At time: 822.3897428512573 and batch: 21150, loss is 6.700799179077149 and perplexity is 813.0553424108964
At time: 824.3501477241516 and batch: 21200, loss is 6.715161561965942 and perplexity is 824.8170151917858
At time: 826.3134994506836 and batch: 21250, loss is 6.750829439163208 and perplexity is 854.7674461758294
At time: 828.2750701904297 and batch: 21300, loss is 6.775090579986572 and perplexity is 875.7586856518574
At time: 830.2395212650299 and batch: 21350, loss is 6.745129413604737 and perplexity is 849.90910936214
At time: 832.1999845504761 and batch: 21400, loss is 6.752533664703369 and perplexity is 856.2254046806879
Finished Train Step
Begin Evaluating...
Getting Batches...
Created Iterator with 1421 batches
Traceback (most recent call last):
  File "tune_models.py", line 172, in <module>
    seq_len = args.seq_len)
  File "tune_models.py", line 147, in tuneModels
    opt = Optimizer(dataset, vectors, tune_wordvecs, wordvec_dim, choices, trainerclass, max_time, num_layers, batch_size, seq_len)
  File "tune_models.py", line 35, in __init__
    exact_feval = True
  File "/home-nfs/siddsach/anaconda3/lib/python3.5/site-packages/GPyOpt/methods/bayesian_optimization.py", line 117, in __init__
    self._init_design_chooser()
  File "/home-nfs/siddsach/anaconda3/lib/python3.5/site-packages/GPyOpt/methods/bayesian_optimization.py", line 192, in _init_design_chooser
    self.Y, _ = self.objective.evaluate(self.X)
  File "/home-nfs/siddsach/anaconda3/lib/python3.5/site-packages/GPyOpt/core/task/objective.py", line 50, in evaluate
    f_evals, cost_evals = self._eval_func(x)
  File "/home-nfs/siddsach/anaconda3/lib/python3.5/site-packages/GPyOpt/core/task/objective.py", line 74, in _eval_func
    rlt = self.func(np.atleast_2d(x[i]))
  File "tune_models.py", line 73, in getError
    trainer.train()
  File "/home-nfs/siddsach/Interpreting-Attention/interpreting_language/pretraining/langmodel/trainer.py", line 408, in train
    this_perplexity = self.evaluate()
  File "/home-nfs/siddsach/Interpreting-Attention/interpreting_language/pretraining/langmodel/trainer.py", line 348, in evaluate
    for i, batch in enumerate(self.valid_iterator):
  File "/home-nfs/siddsach/anaconda3/lib/python3.5/site-packages/torchtext/data/iterator.py", line 246, in __iter__
    text=data[i:i + seq_len],
  File "/home-nfs/siddsach/anaconda3/lib/python3.5/site-packages/torch/autograd/variable.py", line 76, in __getitem__
    return Index.apply(self, key)
  File "/home-nfs/siddsach/anaconda3/lib/python3.5/site-packages/torch/autograd/_functions/tensor.py", line 16, in forward
    result = i.index(ctx.index)
ValueError: result of slicing is an empty tensor
