ROOT_PATH: /home-nfs/siddsach/ml/Interpreting-Attention
Building Bayesian Optimizer for 
 data:MPQA 
 choices:[{'name': 'lr', 'type': 'continuous', 'domain': [5e-05, 0.005]}, {'name': 'rnn_dropout', 'type': 'continuous', 'domain': [0, 1]}, {'name': 'dropout', 'type': 'continuous', 'domain': [0, 1]}, {'name': 'l2', 'type': 'continuous', 'domain': [0, 1]}, {'name': 'attention_dim', 'type': 'continuous', 'domain': [5, 100]}]
SETTINGS FOR THIS RUN
{'dropout': 0.7021549548654299, 'wordvec_source': 'None', 'wordvec_dim': 300, 'l2': 0.2942137613694097, 'attention_dim': 98, 'batch_size': 32, 'attn_type': 'MLP', 'pretrained': None, 'num_layers': 2, 'lr': 0.003373162861189089, 'tune_wordvecs': True, 'fix_pretrained': None, 'hidden_size': 300, 'rnn_dropout': 0.2020973304332655}
Using CUDA!
MLP
Building RNN Classifier...

[93m    Warning: no model found for 'en'[0m

    Only loading the 'en' tokenizer.

Retrieving Data from file: /home-nfs/siddsach/ml/Interpreting-Attention/data/mpqa/mpqa_subj_labels.pickle...
Loading Vectors From Memory...
Not using pretrained wordvectors
Building Vocab...
[]
Getting Batches...
Created Iterator with 279 batches
Getting Batches...
Created Iterator with 93 batches
Building model...
MLP
Using Attention model with following args:
{'dropout': 0.7021549548654299, 'vectors': None, 'num_classes': 2, 'attn_type': 'MLP', 'input_size': 300, 'attention_dim': 98, 'train_word_vecs': True, 'cuda': True, 'num_layers': 2, 'batch_size': 32, 'tune_attn': 'True', 'vocab_size': 16598, 'hidden_size': 300, 'rnn_dropout': 0.2020973304332655}
Begin Training...
Completing Train Step at 0th epoch...
At time: 0.5012612342834473 accuracy is 0.5703125 and loss is 0.7439583778381348
At time: 0.7518441677093506 accuracy is 0.6125 and loss is 0.697136116027832
At time: 1.013392686843872 accuracy is 0.6359375 and loss is 0.6250334739685058
At time: 1.2861220836639404 accuracy is 0.7390625 and loss is 0.5522855281829834
At time: 1.5637626647949219 accuracy is 0.7671875 and loss is 0.5506357669830322
At time: 1.849449634552002 accuracy is 0.75625 and loss is 0.49828438758850097
At time: 2.144221305847168 accuracy is 0.7546875 and loss is 0.5291692733764648
At time: 2.4510843753814697 accuracy is 0.8234375 and loss is 0.43561768531799316
At time: 2.766251564025879 accuracy is 0.828125 and loss is 0.3780475616455078
At time: 3.094644784927368 accuracy is 0.8453125 and loss is 0.41017580032348633
At time: 3.436126947402954 accuracy is 0.8421875 and loss is 0.3957253694534302
At time: 3.79461407661438 accuracy is 0.83125 and loss is 0.37860779762268065
At time: 4.188915729522705 accuracy is 0.8453125 and loss is 0.37101743221282957
Evaluating...
Done Evaluating: Achieved accuracy of 0.631453804347826
Achieved new best!
Completing Train Step at 1th epoch...
At time: 5.258556604385376 accuracy is 0.803125 and loss is 0.479939603805542
At time: 5.484776496887207 accuracy is 0.81875 and loss is 0.43359694480895994
At time: 5.718695640563965 accuracy is 0.903125 and loss is 0.2820159912109375
At time: 5.958874702453613 accuracy is 0.878125 and loss is 0.32990615367889403
At time: 6.205942153930664 accuracy is 0.8515625 and loss is 0.3219585418701172
At time: 6.458675146102905 accuracy is 0.8984375 and loss is 0.26810946464538576
At time: 6.718438625335693 accuracy is 0.884375 and loss is 0.28386404514312746
At time: 6.985038757324219 accuracy is 0.9015625 and loss is 0.22946565151214598
At time: 7.259057998657227 accuracy is 0.9296875 and loss is 0.16656877994537353
At time: 7.5399980545043945 accuracy is 0.9015625 and loss is 0.2824528694152832
At time: 7.8312695026397705 accuracy is 0.890625 and loss is 0.256606388092041
At time: 8.133401870727539 accuracy is 0.9234375 and loss is 0.16823303699493408
At time: 8.452549457550049 accuracy is 0.9328125 and loss is 0.18869856595993043
Evaluating...
Done Evaluating: Achieved accuracy of 0.6484375
Achieved new best!
Completing Train Step at 2th epoch...
At time: 9.430384874343872 accuracy is 0.9015625 and loss is 0.2901744842529297
At time: 9.657470703125 accuracy is 0.921875 and loss is 0.20607929229736327
At time: 9.89331316947937 accuracy is 0.9265625 and loss is 0.18029561042785644
At time: 10.13640022277832 accuracy is 0.93125 and loss is 0.18519649505615235
At time: 10.381862163543701 accuracy is 0.9296875 and loss is 0.17067244052886962
At time: 10.63422179222107 accuracy is 0.9609375 and loss is 0.11165883541107177
At time: 10.89178204536438 accuracy is 0.95 and loss is 0.13228315114974976
At time: 11.156046390533447 accuracy is 0.95 and loss is 0.11817476749420167
At time: 11.42836880683899 accuracy is 0.9546875 and loss is 0.10845519304275512
At time: 11.708859205245972 accuracy is 0.9515625 and loss is 0.1319204092025757
At time: 11.998252630233765 accuracy is 0.95625 and loss is 0.11068766117095948
At time: 12.299038648605347 accuracy is 0.96875 and loss is 0.09398662447929382
At time: 12.616391897201538 accuracy is 0.98125 and loss is 0.06174541115760803
Evaluating...
Done Evaluating: Achieved accuracy of 0.6097146739130435
Not better for 1
Completing Train Step at 3th epoch...
At time: 13.621153593063354 accuracy is 0.9328125 and loss is 0.22318606376647948
At time: 13.861445665359497 accuracy is 0.9453125 and loss is 0.13677687644958497
At time: 14.126200437545776 accuracy is 0.9546875 and loss is 0.11342662572860718
At time: 14.387147903442383 accuracy is 0.959375 and loss is 0.11345016956329346
At time: 14.652647495269775 accuracy is 0.9453125 and loss is 0.13235327005386352
At time: 14.909169435501099 accuracy is 0.9546875 and loss is 0.1289296865463257
At time: 15.176823377609253 accuracy is 0.9703125 and loss is 0.08937947750091553
At time: 15.453948974609375 accuracy is 0.9546875 and loss is 0.1431621193885803
At time: 15.72945761680603 accuracy is 0.971875 and loss is 0.06491871476173401
At time: 16.012882947921753 accuracy is 0.9609375 and loss is 0.1159680962562561
At time: 16.302680730819702 accuracy is 0.9828125 and loss is 0.05314313173294068
At time: 16.60725164413452 accuracy is 0.9765625 and loss is 0.07098032832145691
At time: 16.92786741256714 accuracy is 0.975 and loss is 0.045935556292533875
Evaluating...
Done Evaluating: Achieved accuracy of 0.6521739130434783
Achieved new best!
Completing Train Step at 4th epoch...
At time: 17.908368587493896 accuracy is 0.9328125 and loss is 0.16945575475692748
At time: 18.14083695411682 accuracy is 0.96875 and loss is 0.09421711564064025
At time: 18.387566328048706 accuracy is 0.984375 and loss is 0.04241272211074829
At time: 18.63732385635376 accuracy is 0.9859375 and loss is 0.036183306574821474
At time: 18.88589596748352 accuracy is 0.9921875 and loss is 0.047166481614112854
At time: 19.13976812362671 accuracy is 0.98125 and loss is 0.06357905864715577
At time: 19.39816117286682 accuracy is 0.9765625 and loss is 0.07830495834350586
At time: 19.663216590881348 accuracy is 0.9765625 and loss is 0.05575605034828186
At time: 19.936797618865967 accuracy is 0.9875 and loss is 0.041821008920669554
At time: 20.219599962234497 accuracy is 0.965625 and loss is 0.11894245147705078
At time: 20.508461236953735 accuracy is 0.99375 and loss is 0.010898612439632416
At time: 20.810144424438477 accuracy is 0.9921875 and loss is 0.02373572885990143
At time: 21.1281578540802 accuracy is 0.990625 and loss is 0.02203679084777832
Evaluating...
Done Evaluating: Achieved accuracy of 0.5998641304347826
Not better for 1
Completing Train Step at 5th epoch...
At time: 22.09278106689453 accuracy is 0.975 and loss is 0.08825884461402893
At time: 22.31858491897583 accuracy is 0.9859375 and loss is 0.042919847369194034
At time: 22.551257133483887 accuracy is 0.9875 and loss is 0.04138911962509155
At time: 22.793841123580933 accuracy is 0.98125 and loss is 0.05848037600517273
At time: 23.04688262939453 accuracy is 0.978125 and loss is 0.06641103029251098
At time: 23.309083461761475 accuracy is 0.9859375 and loss is 0.041166990995407104
At time: 23.57077383995056 accuracy is 0.9890625 and loss is 0.026242768764495848
At time: 23.847231149673462 accuracy is 0.9875 and loss is 0.04537144005298614
At time: 24.124141931533813 accuracy is 0.996875 and loss is 0.01243077963590622
At time: 24.408917665481567 accuracy is 0.9875 and loss is 0.03409313559532166
At time: 24.700818300247192 accuracy is 0.996875 and loss is 0.007561206817626953
At time: 25.00368618965149 accuracy is 0.9875 and loss is 0.035434994101524356
At time: 25.325246572494507 accuracy is 0.9765625 and loss is 0.09004449844360352
Evaluating...
Done Evaluating: Achieved accuracy of 0.532608695652174
Not better for 2
Completing Train Step at 6th epoch...
At time: 26.32737445831299 accuracy is 0.971875 and loss is 0.08313862681388855
At time: 26.552727222442627 accuracy is 0.9875 and loss is 0.03000829219818115
At time: 26.80166244506836 accuracy is 0.9875 and loss is 0.04349638819694519
At time: 27.050580501556396 accuracy is 0.990625 and loss is 0.032479649782180785
At time: 27.303550720214844 accuracy is 0.9875 and loss is 0.03980702757835388
At time: 27.556824922561646 accuracy is 0.9921875 and loss is 0.014688447117805481
At time: 27.814207792282104 accuracy is 0.9953125 and loss is 0.011085402965545655
At time: 28.081209421157837 accuracy is 0.990625 and loss is 0.020040684938430788
At time: 28.3543598651886 accuracy is 0.996875 and loss is 0.009303221106529235
At time: 28.636006355285645 accuracy is 0.9765625 and loss is 0.05795519351959229
At time: 28.926024436950684 accuracy is 0.9984375 and loss is 0.006310231983661652
At time: 29.228644371032715 accuracy is 0.9984375 and loss is 0.0024917013943195343
At time: 29.563052892684937 accuracy is 0.9953125 and loss is 0.00750851109623909
Evaluating...
Done Evaluating: Achieved accuracy of 0.6046195652173914
Not better for 3
Completing Train Step at 7th epoch...
At time: 30.552380800247192 accuracy is 0.990625 and loss is 0.05865257978439331
At time: 30.780604362487793 accuracy is 0.9859375 and loss is 0.03623426854610443
At time: 31.015580415725708 accuracy is 0.996875 and loss is 0.011659683287143707
At time: 31.260711908340454 accuracy is 0.9953125 and loss is 0.01347339004278183
At time: 31.523787021636963 accuracy is 0.990625 and loss is 0.01980173885822296
At time: 31.783762454986572 accuracy is 0.9875 and loss is 0.020755183696746827
At time: 32.04883885383606 accuracy is 1.0 and loss is 0.004715218394994736
At time: 32.316373348236084 accuracy is 0.9953125 and loss is 0.015011531114578248
At time: 32.590320110321045 accuracy is 1.0 and loss is 0.0029562704265117647
At time: 32.874064207077026 accuracy is 0.9921875 and loss is 0.022099198400974275
At time: 33.16560363769531 accuracy is 0.9953125 and loss is 0.014078007638454437
At time: 33.46913933753967 accuracy is 0.9953125 and loss is 0.015702952444553376
At time: 33.788999795913696 accuracy is 0.9890625 and loss is 0.02800087034702301
Evaluating...
Done Evaluating: Achieved accuracy of 0.6334918478260869
Not better for 4
Completing Train Step at 8th epoch...
At time: 34.76974081993103 accuracy is 0.9953125 and loss is 0.029346668720245363
At time: 35.001909017562866 accuracy is 0.9953125 and loss is 0.017919139564037324
At time: 35.239060401916504 accuracy is 0.9984375 and loss is 0.007013460993766785
At time: 35.48191857337952 accuracy is 0.9953125 and loss is 0.008638135343790054
At time: 35.728864669799805 accuracy is 0.9953125 and loss is 0.012808337807655334
At time: 35.98217248916626 accuracy is 1.0 and loss is 0.004306827113032341
At time: 36.2430739402771 accuracy is 0.99375 and loss is 0.01632990688085556
At time: 36.511287212371826 accuracy is 1.0 and loss is 0.0027491074055433274
At time: 36.78653931617737 accuracy is 1.0 and loss is 0.0023228786885738373
At time: 37.080777645111084 accuracy is 0.9921875 and loss is 0.01768113672733307
At time: 37.37221097946167 accuracy is 0.99375 and loss is 0.013033166527748108
At time: 37.67551589012146 accuracy is 0.9953125 and loss is 0.011795660853385926
At time: 37.997156858444214 accuracy is 0.96875 and loss is 0.17999240159988403
Evaluating...
Done Evaluating: Achieved accuracy of 0.6501358695652174
Not better for 5
Completing Train Step at 9th epoch...
At time: 38.98236298561096 accuracy is 0.9953125 and loss is 0.02669910788536072
At time: 39.21795606613159 accuracy is 0.9890625 and loss is 0.030338215827941894
At time: 39.454062938690186 accuracy is 0.996875 and loss is 0.012186522036790848
At time: 39.695767402648926 accuracy is 0.996875 and loss is 0.016179455816745757
At time: 39.942612409591675 accuracy is 0.9984375 and loss is 0.0066988468170166016
At time: 40.19523549079895 accuracy is 0.9921875 and loss is 0.010593175888061523
At time: 40.45470213890076 accuracy is 0.9921875 and loss is 0.03075811266899109
At time: 40.72191047668457 accuracy is 0.9953125 and loss is 0.012047432363033295
At time: 40.99709463119507 accuracy is 1.0 and loss is 0.0022557882592082025
At time: 41.28299951553345 accuracy is 0.99375 and loss is 0.01542639136314392
At time: 41.57923412322998 accuracy is 0.9953125 and loss is 0.020108148455619812
At time: 41.886022090911865 accuracy is 0.9953125 and loss is 0.01859314888715744
At time: 42.206605195999146 accuracy is 0.9859375 and loss is 0.03723416030406952
Evaluating...
Done Evaluating: Achieved accuracy of 0.634171195652174
Not better for 6
Completing Train Step at 10th epoch...
At time: 43.18689942359924 accuracy is 1.0 and loss is 0.014166110754013061
At time: 43.41490125656128 accuracy is 0.996875 and loss is 0.015604977309703828
At time: 43.65176796913147 accuracy is 0.9984375 and loss is 0.005150414258241654
At time: 43.89360427856445 accuracy is 0.9953125 and loss is 0.01455792784690857
At time: 44.14115905761719 accuracy is 0.9890625 and loss is 0.025678953528404234
At time: 44.39487671852112 accuracy is 0.990625 and loss is 0.02043246179819107
At time: 44.655277490615845 accuracy is 0.9921875 and loss is 0.02954365313053131
At time: 44.923807859420776 accuracy is 0.99375 and loss is 0.025573015213012695
At time: 45.199193239212036 accuracy is 0.996875 and loss is 0.00480000264942646
At time: 45.482757329940796 accuracy is 0.9921875 and loss is 0.01762163043022156
At time: 45.77446699142456 accuracy is 0.99375 and loss is 0.019113586843013765
At time: 46.07860589027405 accuracy is 0.996875 and loss is 0.024911339581012725
At time: 46.399760484695435 accuracy is 0.984375 and loss is 0.07004615664482117
Evaluating...
Done Evaluating: Achieved accuracy of 0.6426630434782609
Not better for 7
Completing Train Step at 11th epoch...
At time: 47.38672947883606 accuracy is 0.996875 and loss is 0.01394677758216858
At time: 47.62093210220337 accuracy is 0.99375 and loss is 0.02542729377746582
At time: 47.8587908744812 accuracy is 0.9953125 and loss is 0.012826712429523468
At time: 48.09956121444702 accuracy is 0.99375 and loss is 0.013040533661842347
At time: 48.34737157821655 accuracy is 0.99375 and loss is 0.011264412850141525
At time: 48.60106110572815 accuracy is 0.99375 and loss is 0.018040208518505095
At time: 48.86187672615051 accuracy is 0.9828125 and loss is 0.04566057026386261
At time: 49.130457162857056 accuracy is 0.990625 and loss is 0.015485256910324097
At time: 49.41838002204895 accuracy is 0.9984375 and loss is 0.0029076751321554183
At time: 49.70700478553772 accuracy is 0.9953125 and loss is 0.02137002944946289
At time: 50.000831842422485 accuracy is 0.99375 and loss is 0.025570711493492125
At time: 50.304683446884155 accuracy is 0.99375 and loss is 0.04076700806617737
At time: 50.62597131729126 accuracy is 0.9890625 and loss is 0.05287160873413086
Evaluating...
Done Evaluating: Achieved accuracy of 0.6304347826086957
Not better for 8
Completing Train Step at 12th epoch...
At time: 51.6008734703064 accuracy is 0.996875 and loss is 0.011877205967903138
At time: 51.82878112792969 accuracy is 0.996875 and loss is 0.009758932888507843
At time: 52.06399345397949 accuracy is 0.996875 and loss is 0.012709182500839234
At time: 52.30587196350098 accuracy is 0.99375 and loss is 0.019707702100276947
At time: 52.55400490760803 accuracy is 0.9984375 and loss is 0.009098196774721146
At time: 52.80778932571411 accuracy is 0.996875 and loss is 0.008330044150352479
At time: 53.06837844848633 accuracy is 0.9875 and loss is 0.03839651346206665
At time: 53.33709692955017 accuracy is 0.990625 and loss is 0.027376872301101685
At time: 53.61812734603882 accuracy is 0.996875 and loss is 0.005599375814199448
At time: 53.901341915130615 accuracy is 0.9953125 and loss is 0.023611223697662352
At time: 54.19365859031677 accuracy is 0.9921875 and loss is 0.025037813186645507
At time: 54.528045415878296 accuracy is 0.9921875 and loss is 0.03623427450656891
At time: 54.863067388534546 accuracy is 0.9859375 and loss is 0.05771403312683106
Evaluating...
Done Evaluating: Achieved accuracy of 0.6290760869565217
Not better for 9
Completing Train Step at 13th epoch...
At time: 55.86221694946289 accuracy is 1.0 and loss is 0.00867556780576706
At time: 56.093323707580566 accuracy is 0.9953125 and loss is 0.029424291849136353
At time: 56.33107829093933 accuracy is 0.996875 and loss is 0.009644589573144912
At time: 56.59744358062744 accuracy is 0.990625 and loss is 0.020392973721027375
At time: 56.85458183288574 accuracy is 0.996875 and loss is 0.01859738975763321
At time: 57.12106895446777 accuracy is 0.9953125 and loss is 0.011078146100044251
At time: 57.38376998901367 accuracy is 0.9890625 and loss is 0.04749355912208557
At time: 57.656612396240234 accuracy is 0.9890625 and loss is 0.030334708094596863
At time: 57.93233346939087 accuracy is 0.9984375 and loss is 0.00412890687584877
At time: 58.214539766311646 accuracy is 0.990625 and loss is 0.033489906787872316
At time: 58.50503921508789 accuracy is 0.99375 and loss is 0.02598244547843933
At time: 58.80884552001953 accuracy is 0.9859375 and loss is 0.08334926962852478
At time: 59.12906503677368 accuracy is 0.99375 and loss is 0.02885165810585022
Evaluating...
Done Evaluating: Achieved accuracy of 0.625
Not better for 10
Model not improving. Stopping earlyat 0.6521739130434783 epochs.
Done Training. Achieved Best Accuracy of 0.6521739130434783
Improved accuracyfrom -10000000 to 0.6521739130434783
mlpattn
SETTINGS FOR THIS RUN
{'dropout': 0.1561587978666763, 'wordvec_source': 'None', 'wordvec_dim': 300, 'l2': 0.8283149163104286, 'attention_dim': 64, 'batch_size': 32, 'attn_type': 'MLP', 'pretrained': None, 'num_layers': 2, 'lr': 0.0026670902810435352, 'tune_wordvecs': True, 'fix_pretrained': None, 'hidden_size': 300, 'rnn_dropout': 0.316680234664816}
Using CUDA!
MLP
Building RNN Classifier...

[93m    Warning: no model found for 'en'[0m

    Only loading the 'en' tokenizer.

Retrieving Data from file: /home-nfs/siddsach/ml/Interpreting-Attention/data/mpqa/mpqa_subj_labels.pickle...
Loading Vectors From Memory...
Not using pretrained wordvectors
Building Vocab...
[]
Getting Batches...
Created Iterator with 279 batches
Getting Batches...
Created Iterator with 93 batches
Building model...
MLP
Using Attention model with following args:
{'dropout': 0.1561587978666763, 'vectors': None, 'num_classes': 2, 'attn_type': 'MLP', 'input_size': 300, 'attention_dim': 64, 'train_word_vecs': True, 'cuda': True, 'num_layers': 2, 'batch_size': 32, 'tune_attn': 'True', 'vocab_size': 16598, 'hidden_size': 300, 'rnn_dropout': 0.316680234664816}
Begin Training...
Completing Train Step at 0th epoch...
At time: 0.27863001823425293 accuracy is 0.5640625 and loss is 0.7494542121887207
At time: 0.5285272598266602 accuracy is 0.55 and loss is 0.6864862442016602
At time: 0.7871520519256592 accuracy is 0.6453125 and loss is 0.6187956809997559
At time: 1.0534472465515137 accuracy is 0.7453125 and loss is 0.5515970230102539
At time: 1.3396787643432617 accuracy is 0.728125 and loss is 0.5758678436279296
At time: 1.6313765048980713 accuracy is 0.803125 and loss is 0.486054515838623
At time: 1.929837942123413 accuracy is 0.784375 and loss is 0.49385581016540525
At time: 2.2386231422424316 accuracy is 0.778125 and loss is 0.4871807098388672
At time: 2.5575733184814453 accuracy is 0.7921875 and loss is 0.45341014862060547
At time: 2.887265205383301 accuracy is 0.8328125 and loss is 0.3796992301940918
At time: 3.229573965072632 accuracy is 0.84375 and loss is 0.3574510097503662
At time: 3.591010332107544 accuracy is 0.8140625 and loss is 0.4283501148223877
At time: 3.9773201942443848 accuracy is 0.8765625 and loss is 0.3173859119415283
Evaluating...
Done Evaluating: Achieved accuracy of 0.5475543478260869
Achieved new best!
Completing Train Step at 1th epoch...
At time: 5.03023099899292 accuracy is 0.7421875 and loss is 0.5508331298828125
At time: 5.257610559463501 accuracy is 0.83125 and loss is 0.38079879283905027
At time: 5.491979360580444 accuracy is 0.8921875 and loss is 0.2903250217437744
At time: 5.73189902305603 accuracy is 0.89375 and loss is 0.2919721841812134
At time: 5.978569746017456 accuracy is 0.865625 and loss is 0.32455732822418215
At time: 6.230856657028198 accuracy is 0.90625 and loss is 0.261009955406189
At time: 6.490323305130005 accuracy is 0.903125 and loss is 0.2558532476425171
At time: 6.755800485610962 accuracy is 0.903125 and loss is 0.2274235248565674
At time: 7.029243469238281 accuracy is 0.921875 and loss is 0.20937731266021728
At time: 7.310070753097534 accuracy is 0.928125 and loss is 0.17187122106552125
At time: 7.6001527309417725 accuracy is 0.909375 and loss is 0.22483739852905274
At time: 7.904391527175903 accuracy is 0.8828125 and loss is 0.3175250768661499
At time: 8.224932193756104 accuracy is 0.915625 and loss is 0.22121548652648926
Evaluating...
Done Evaluating: Achieved accuracy of 0.5264945652173914
Not better for 1
Completing Train Step at 2th epoch...
At time: 9.199453830718994 accuracy is 0.903125 and loss is 0.30004703998565674
At time: 9.426146745681763 accuracy is 0.9046875 and loss is 0.21755170822143555
At time: 9.661684513092041 accuracy is 0.9359375 and loss is 0.17745590209960938
At time: 9.901715993881226 accuracy is 0.91875 and loss is 0.19728462696075438
At time: 10.148042917251587 accuracy is 0.8796875 and loss is 0.2960026741027832
At time: 10.400047302246094 accuracy is 0.909375 and loss is 0.22814319133758545
At time: 10.659476518630981 accuracy is 0.890625 and loss is 0.3085589647293091
At time: 10.924067735671997 accuracy is 0.9453125 and loss is 0.13461682796478272
At time: 11.194418668746948 accuracy is 0.9703125 and loss is 0.08576807975769044
At time: 11.477285861968994 accuracy is 0.953125 and loss is 0.11530864238739014
At time: 11.768787384033203 accuracy is 0.896875 and loss is 0.3599168539047241
At time: 12.07004714012146 accuracy is 0.928125 and loss is 0.21925032138824463
At time: 12.388996601104736 accuracy is 0.94375 and loss is 0.16172891855239868
Evaluating...
Done Evaluating: Achieved accuracy of 0.5709918478260869
Achieved new best!
Completing Train Step at 3th epoch...
At time: 13.371142387390137 accuracy is 0.9265625 and loss is 0.23370811939239503
At time: 13.602636098861694 accuracy is 0.9703125 and loss is 0.09304876327514648
At time: 13.851955890655518 accuracy is 0.9625 and loss is 0.08594969511032105
At time: 14.100525140762329 accuracy is 0.9609375 and loss is 0.15225778818130492
At time: 14.352276802062988 accuracy is 0.9296875 and loss is 0.19126551151275634
At time: 14.60416054725647 accuracy is 0.9640625 and loss is 0.11777973175048828
At time: 14.86254620552063 accuracy is 0.9546875 and loss is 0.11216391324996948
At time: 15.128658294677734 accuracy is 0.9796875 and loss is 0.04904181063175202
At time: 15.401033639907837 accuracy is 0.9859375 and loss is 0.05270670056343078
At time: 15.687813758850098 accuracy is 0.975 and loss is 0.06532784700393676
At time: 15.979294300079346 accuracy is 0.9078125 and loss is 0.27367637157440183
At time: 16.2829270362854 accuracy is 0.96875 and loss is 0.10029643774032593
At time: 16.60446834564209 accuracy is 0.965625 and loss is 0.11079117059707641
Evaluating...
Done Evaluating: Achieved accuracy of 0.5930706521739131
Achieved new best!
Completing Train Step at 4th epoch...
At time: 17.585999727249146 accuracy is 0.9609375 and loss is 0.15198442935943604
At time: 17.827765226364136 accuracy is 0.9515625 and loss is 0.13554056882858276
At time: 18.06574583053589 accuracy is 0.9796875 and loss is 0.06512674689292908
At time: 18.308423042297363 accuracy is 0.9734375 and loss is 0.06071305274963379
At time: 18.55790662765503 accuracy is 0.9515625 and loss is 0.14571046829223633
At time: 18.81291389465332 accuracy is 0.971875 and loss is 0.10330411195755004
At time: 19.07485842704773 accuracy is 0.9796875 and loss is 0.0726456880569458
At time: 19.344006061553955 accuracy is 0.9640625 and loss is 0.09192918539047241
At time: 19.619722366333008 accuracy is 0.95625 and loss is 0.1001176118850708
At time: 19.90133547782898 accuracy is 0.965625 and loss is 0.09473596811294556
At time: 20.19357943534851 accuracy is 0.9609375 and loss is 0.12183347940444947
At time: 20.495811700820923 accuracy is 0.934375 and loss is 0.2064812660217285
At time: 20.81604838371277 accuracy is 0.975 and loss is 0.07207360863685608
Evaluating...
Done Evaluating: Achieved accuracy of 0.5003396739130435
Not better for 1
Completing Train Step at 5th epoch...
At time: 21.794207334518433 accuracy is 0.9609375 and loss is 0.106116783618927
At time: 22.021387577056885 accuracy is 0.99375 and loss is 0.038839057087898254
At time: 22.25296688079834 accuracy is 0.9921875 and loss is 0.03091389238834381
At time: 22.494685173034668 accuracy is 0.990625 and loss is 0.027651086449623108
At time: 22.743506908416748 accuracy is 0.984375 and loss is 0.04400223791599274
At time: 22.995840549468994 accuracy is 0.9921875 and loss is 0.016356010735034943
At time: 23.256288528442383 accuracy is 0.99375 and loss is 0.027076539397239686
At time: 23.522974252700806 accuracy is 0.99375 and loss is 0.01620311439037323
At time: 23.79734992980957 accuracy is 0.99375 and loss is 0.01559007465839386
At time: 24.079488039016724 accuracy is 0.990625 and loss is 0.021236757934093475
At time: 24.371368169784546 accuracy is 0.9796875 and loss is 0.07083739042282104
At time: 24.67398762702942 accuracy is 0.990625 and loss is 0.047392016649246214
At time: 24.9930579662323 accuracy is 0.9875 and loss is 0.048063480854034425
Evaluating...
Done Evaluating: Achieved accuracy of 0.5740489130434783
Not better for 2
Completing Train Step at 6th epoch...
At time: 25.961084604263306 accuracy is 0.984375 and loss is 0.04410217404365539
At time: 26.18868589401245 accuracy is 0.996875 and loss is 0.020470939576625824
At time: 26.424089670181274 accuracy is 0.990625 and loss is 0.022875361144542694
At time: 26.665052890777588 accuracy is 0.9859375 and loss is 0.03702729940414429
At time: 26.911986827850342 accuracy is 0.9703125 and loss is 0.06154749989509582
At time: 27.16606879234314 accuracy is 0.9796875 and loss is 0.07102972865104676
At time: 27.42930507659912 accuracy is 0.99375 and loss is 0.025898271799087526
At time: 27.696338653564453 accuracy is 0.9828125 and loss is 0.044540959596633914
At time: 27.970216751098633 accuracy is 0.9734375 and loss is 0.054160785675048825
At time: 28.251673221588135 accuracy is 0.9875 and loss is 0.022544480860233307
At time: 28.544063329696655 accuracy is 0.9859375 and loss is 0.035108110308647154
At time: 28.850244522094727 accuracy is 0.9765625 and loss is 0.08873504400253296
At time: 29.168986558914185 accuracy is 0.9921875 and loss is 0.015919236838817595
Evaluating...
Done Evaluating: Achieved accuracy of 0.49014945652173914
Not better for 3
Completing Train Step at 7th epoch...
At time: 30.13894820213318 accuracy is 0.959375 and loss is 0.11461268663406372
At time: 30.366814136505127 accuracy is 0.978125 and loss is 0.05841522812843323
At time: 30.60153818130493 accuracy is 0.996875 and loss is 0.010494180768728257
At time: 30.84887719154358 accuracy is 0.9765625 and loss is 0.049772894382476805
At time: 31.099586248397827 accuracy is 0.9875 and loss is 0.03506511747837067
At time: 31.351194858551025 accuracy is 0.99375 and loss is 0.014873041212558747
At time: 31.624568462371826 accuracy is 0.9859375 and loss is 0.023156991600990294
At time: 31.907554626464844 accuracy is 0.9921875 and loss is 0.018663358688354493
At time: 32.18658804893494 accuracy is 0.9796875 and loss is 0.04966070652008057
At time: 32.470707178115845 accuracy is 0.9953125 and loss is 0.017766660451889037
At time: 32.76441526412964 accuracy is 0.9921875 and loss is 0.031198754906654358
At time: 33.072659730911255 accuracy is 0.98125 and loss is 0.07851116061210632
At time: 33.4095664024353 accuracy is 0.996875 and loss is 0.004623199999332428
Evaluating...
Done Evaluating: Achieved accuracy of 0.6117527173913043
Achieved new best!
Completing Train Step at 8th epoch...
At time: 34.40347099304199 accuracy is 0.99375 and loss is 0.02283686399459839
At time: 34.63048958778381 accuracy is 0.9953125 and loss is 0.015967148542404174
At time: 34.86771774291992 accuracy is 0.9921875 and loss is 0.024879752099514006
At time: 35.108866453170776 accuracy is 0.9796875 and loss is 0.052738922834396365
At time: 35.354907274246216 accuracy is 0.99375 and loss is 0.0169095516204834
At time: 35.621092796325684 accuracy is 0.9828125 and loss is 0.03328455984592438
At time: 35.8892867565155 accuracy is 0.9984375 and loss is 0.00796378031373024
At time: 36.1567816734314 accuracy is 0.9828125 and loss is 0.03995243608951569
At time: 36.43236684799194 accuracy is 0.99375 and loss is 0.010653191059827805
At time: 36.714804887771606 accuracy is 0.9953125 and loss is 0.01288992315530777
At time: 37.00628161430359 accuracy is 0.9984375 and loss is 0.0033667512238025666
At time: 37.310324907302856 accuracy is 0.9890625 and loss is 0.03303451240062714
At time: 37.628978967666626 accuracy is 1.0 and loss is 0.0006034640595316887
Evaluating...
Done Evaluating: Achieved accuracy of 0.5394021739130435
Not better for 1
Completing Train Step at 9th epoch...
At time: 38.61090850830078 accuracy is 0.990625 and loss is 0.028606504201889038
At time: 38.845717668533325 accuracy is 0.996875 and loss is 0.013592654466629028
At time: 39.098753452301025 accuracy is 0.996875 and loss is 0.007084070146083832
At time: 39.34597325325012 accuracy is 0.996875 and loss is 0.0078461654484272
At time: 39.59574246406555 accuracy is 0.990625 and loss is 0.027120518684387206
At time: 39.85684943199158 accuracy is 0.9953125 and loss is 0.009920892119407655
At time: 40.11955761909485 accuracy is 0.9984375 and loss is 0.005982140824198723
At time: 40.39081168174744 accuracy is 0.996875 and loss is 0.004848701506853103
At time: 40.668604135513306 accuracy is 0.9984375 and loss is 0.0072580970823764804
At time: 40.952497482299805 accuracy is 0.9921875 and loss is 0.010986149311065674
At time: 41.24565887451172 accuracy is 0.996875 and loss is 0.007529531419277191
At time: 41.55338931083679 accuracy is 0.99375 and loss is 0.013231755793094635
At time: 41.87633681297302 accuracy is 1.0 and loss is 0.0007174047641456127
Evaluating...
Done Evaluating: Achieved accuracy of 0.6097146739130435
Not better for 2
Completing Train Step at 10th epoch...
At time: 42.89381241798401 accuracy is 0.99375 and loss is 0.020813363790512084
At time: 43.140037059783936 accuracy is 0.9984375 and loss is 0.007336187362670899
At time: 43.401813983917236 accuracy is 0.9953125 and loss is 0.013411691784858704
At time: 43.65368127822876 accuracy is 0.990625 and loss is 0.01761387288570404
At time: 43.90707278251648 accuracy is 0.9890625 and loss is 0.03267355561256409
At time: 44.163339614868164 accuracy is 0.996875 and loss is 0.012796126306056976
At time: 44.427348613739014 accuracy is 0.996875 and loss is 0.005045601725578308
At time: 44.697280406951904 accuracy is 0.9984375 and loss is 0.0028883714228868486
At time: 44.97470211982727 accuracy is 1.0 and loss is 0.0003290196880698204
At time: 45.25929403305054 accuracy is 0.9984375 and loss is 0.005736333131790161
At time: 45.55097818374634 accuracy is 0.9984375 and loss is 0.003671366348862648
At time: 45.85528230667114 accuracy is 0.99375 and loss is 0.015901437401771544
At time: 46.17656946182251 accuracy is 1.0 and loss is 0.001849706657230854
Evaluating...
Done Evaluating: Achieved accuracy of 0.5879755434782609
Not better for 3
Completing Train Step at 11th epoch...
At time: 47.16168832778931 accuracy is 0.9984375 and loss is 0.010148518532514573
At time: 47.392961740493774 accuracy is 1.0 and loss is 0.0018875470384955406
At time: 47.630863904953 accuracy is 0.9984375 and loss is 0.0031486734747886657
At time: 47.88002371788025 accuracy is 0.9921875 and loss is 0.014912503957748412
At time: 48.13404297828674 accuracy is 0.9953125 and loss is 0.024421145021915436
At time: 48.39245653152466 accuracy is 0.9953125 and loss is 0.015497738122940063
At time: 48.65353989601135 accuracy is 1.0 and loss is 0.003081758879125118
At time: 48.92035794258118 accuracy is 1.0 and loss is 0.002853766642510891
At time: 49.19441318511963 accuracy is 0.9984375 and loss is 0.0036467920988798143
At time: 49.47586989402771 accuracy is 0.9984375 and loss is 0.0018833946436643601
At time: 49.76712918281555 accuracy is 1.0 and loss is 0.001592867635190487
At time: 50.07061219215393 accuracy is 0.9953125 and loss is 0.008924339711666108
At time: 50.390501260757446 accuracy is 0.9984375 and loss is 0.005504786223173142
Evaluating...
Done Evaluating: Achieved accuracy of 0.5750679347826086
Not better for 4
Completing Train Step at 12th epoch...
At time: 51.37324619293213 accuracy is 0.9984375 and loss is 0.008215531706809998
At time: 51.60698318481445 accuracy is 1.0 and loss is 0.0022269342094659804
At time: 51.84477615356445 accuracy is 1.0 and loss is 0.0021455932408571245
At time: 52.086047410964966 accuracy is 0.99375 and loss is 0.009988860040903092
At time: 52.33238101005554 accuracy is 0.996875 and loss is 0.020286227762699127
At time: 52.58549356460571 accuracy is 0.9921875 and loss is 0.0203082337975502
At time: 52.845834493637085 accuracy is 0.9984375 and loss is 0.007763652503490448
At time: 53.11623191833496 accuracy is 0.9984375 and loss is 0.0026494426652789115
At time: 53.39196825027466 accuracy is 1.0 and loss is 0.001619262620806694
At time: 53.68683695793152 accuracy is 0.9984375 and loss is 0.006607438623905182
At time: 53.983511209487915 accuracy is 0.9984375 and loss is 0.0027376487851142883
At time: 54.286890268325806 accuracy is 0.9921875 and loss is 0.015253281593322754
At time: 54.60643768310547 accuracy is 0.9984375 and loss is 0.0027193333953619003
Evaluating...
Done Evaluating: Achieved accuracy of 0.59375
Not better for 5
Completing Train Step at 13th epoch...
At time: 55.592529296875 accuracy is 0.9984375 and loss is 0.006138594448566436
At time: 55.82687044143677 accuracy is 1.0 and loss is 0.00283096544444561
At time: 56.06527376174927 accuracy is 1.0 and loss is 0.0023222839459776877
At time: 56.30647301673889 accuracy is 0.996875 and loss is 0.010114743560552596
At time: 56.55302882194519 accuracy is 0.9921875 and loss is 0.020170125365257262
At time: 56.805340051651 accuracy is 0.9953125 and loss is 0.0199467271566391
At time: 57.06442308425903 accuracy is 1.0 and loss is 0.0025431375950574877
At time: 57.33096408843994 accuracy is 0.996875 and loss is 0.009367147088050842
At time: 57.60405087471008 accuracy is 0.996875 and loss is 0.006532901525497436
At time: 57.88523507118225 accuracy is 0.996875 and loss is 0.01098082885146141
At time: 58.17489171028137 accuracy is 1.0 and loss is 0.0025872332975268365
At time: 58.47746825218201 accuracy is 0.9953125 and loss is 0.019964998960494994
At time: 58.79614233970642 accuracy is 0.9984375 and loss is 0.0018497290089726447
Evaluating...
Done Evaluating: Achieved accuracy of 0.5835597826086957
Not better for 6
Completing Train Step at 14th epoch...
At time: 59.777244329452515 accuracy is 0.9984375 and loss is 0.005046701058745384
At time: 60.018580198287964 accuracy is 1.0 and loss is 0.0017051072791218758
At time: 60.256980895996094 accuracy is 0.9984375 and loss is 0.0036724817007780077
At time: 60.50056552886963 accuracy is 0.9984375 and loss is 0.005507725477218628
At time: 60.74910831451416 accuracy is 0.99375 and loss is 0.020255044102668762
At time: 61.001999855041504 accuracy is 0.9953125 and loss is 0.0235082745552063
At time: 61.26358699798584 accuracy is 0.9984375 and loss is 0.009495878219604492
At time: 61.536327600479126 accuracy is 0.9984375 and loss is 0.003616899251937866
At time: 61.81236529350281 accuracy is 1.0 and loss is 0.001988737657666206
At time: 62.094765424728394 accuracy is 0.996875 and loss is 0.01117868572473526
At time: 62.3849778175354 accuracy is 0.996875 and loss is 0.006283335387706757
At time: 62.68859124183655 accuracy is 0.9890625 and loss is 0.031035247445106506
At time: 63.00759768486023 accuracy is 1.0 and loss is 0.0017283739522099494
Evaluating...
Done Evaluating: Achieved accuracy of 0.5815217391304348
Not better for 7
Completing Train Step at 15th epoch...
At time: 63.97913455963135 accuracy is 1.0 and loss is 0.002982160821557045
At time: 64.20667266845703 accuracy is 1.0 and loss is 0.001975136250257492
At time: 64.44073295593262 accuracy is 1.0 and loss is 0.001728181168437004
At time: 64.68266177177429 accuracy is 0.9984375 and loss is 0.003945507854223251
At time: 64.9299521446228 accuracy is 0.9921875 and loss is 0.02414775937795639
At time: 65.1831910610199 accuracy is 0.99375 and loss is 0.026453018188476562
At time: 65.44270157814026 accuracy is 0.9953125 and loss is 0.016474649310112
At time: 65.71007108688354 accuracy is 0.9953125 and loss is 0.007363263517618179
At time: 65.98401117324829 accuracy is 0.9953125 and loss is 0.01093798577785492
At time: 66.26552844047546 accuracy is 0.9890625 and loss is 0.02487206757068634
At time: 66.55581545829773 accuracy is 0.990625 and loss is 0.01871870309114456
At time: 66.85967898368835 accuracy is 0.99375 and loss is 0.03406877815723419
At time: 67.17885255813599 accuracy is 0.9953125 and loss is 0.010749094188213348
Evaluating...
Done Evaluating: Achieved accuracy of 0.595108695652174
Not better for 8
Completing Train Step at 16th epoch...
At time: 68.15071749687195 accuracy is 1.0 and loss is 0.0035643290728330614
At time: 68.37792944908142 accuracy is 1.0 and loss is 0.0009724868461489678
At time: 68.61310839653015 accuracy is 1.0 and loss is 0.002688596583902836
At time: 68.85380458831787 accuracy is 0.9953125 and loss is 0.008675870299339295
At time: 69.10060453414917 accuracy is 0.9921875 and loss is 0.022903013229370116
At time: 69.35414934158325 accuracy is 0.9921875 and loss is 0.01773952692747116
At time: 69.61420702934265 accuracy is 0.996875 and loss is 0.006194106489419937
At time: 69.87988996505737 accuracy is 0.99375 and loss is 0.012362653017044067
At time: 70.15360116958618 accuracy is 0.996875 and loss is 0.011362706869840622
At time: 70.4343593120575 accuracy is 0.996875 and loss is 0.012067136913537979
At time: 70.72418332099915 accuracy is 0.99375 and loss is 0.02761204242706299
At time: 71.02640700340271 accuracy is 0.9875 and loss is 0.04906112849712372
At time: 71.34499645233154 accuracy is 0.99375 and loss is 0.01433049440383911
Evaluating...
Done Evaluating: Achieved accuracy of 0.5974864130434783
Not better for 9
Completing Train Step at 17th epoch...
At time: 72.31375050544739 accuracy is 1.0 and loss is 0.003295202553272247
At time: 72.54647612571716 accuracy is 1.0 and loss is 0.001845572702586651
At time: 72.78748631477356 accuracy is 0.996875 and loss is 0.007913291454315186
At time: 73.03371286392212 accuracy is 0.9984375 and loss is 0.014160522818565368
At time: 73.28180623054504 accuracy is 0.9859375 and loss is 0.031590411067008974
At time: 73.5347273349762 accuracy is 0.9953125 and loss is 0.02369978129863739
At time: 73.79480576515198 accuracy is 0.9984375 and loss is 0.00721983090043068
At time: 74.06980848312378 accuracy is 0.996875 and loss is 0.014325553178787231
At time: 74.34507441520691 accuracy is 0.9953125 and loss is 0.013754120469093323
At time: 74.62804174423218 accuracy is 0.9921875 and loss is 0.01655006855726242
At time: 74.91924047470093 accuracy is 0.990625 and loss is 0.024493440985679626
At time: 75.223703622818 accuracy is 0.9890625 and loss is 0.03538269996643066
At time: 75.54336929321289 accuracy is 0.99375 and loss is 0.018091739714145662
Evaluating...
Done Evaluating: Achieved accuracy of 0.5934103260869565
Not better for 10
Model not improving. Stopping earlyat 0.6117527173913043 epochs.
Done Training. Achieved Best Accuracy of 0.6117527173913043
mlpattn
SETTINGS FOR THIS RUN
{'dropout': 0.49481047455690075, 'wordvec_source': 'None', 'wordvec_dim': 300, 'l2': 0.9742992714658464, 'attention_dim': 42, 'batch_size': 32, 'attn_type': 'MLP', 'pretrained': None, 'num_layers': 2, 'lr': 0.004576593708361036, 'tune_wordvecs': True, 'fix_pretrained': None, 'hidden_size': 300, 'rnn_dropout': 0.7190054647081794}
Using CUDA!
MLP
Building RNN Classifier...

[93m    Warning: no model found for 'en'[0m

    Only loading the 'en' tokenizer.

Retrieving Data from file: /home-nfs/siddsach/ml/Interpreting-Attention/data/mpqa/mpqa_subj_labels.pickle...
Loading Vectors From Memory...
Not using pretrained wordvectors
Building Vocab...
[]
Getting Batches...
Created Iterator with 279 batches
Getting Batches...
Created Iterator with 93 batches
Building model...
MLP
Using Attention model with following args:
{'dropout': 0.49481047455690075, 'vectors': None, 'num_classes': 2, 'attn_type': 'MLP', 'input_size': 300, 'attention_dim': 42, 'train_word_vecs': True, 'cuda': True, 'num_layers': 2, 'batch_size': 32, 'tune_attn': 'True', 'vocab_size': 16598, 'hidden_size': 300, 'rnn_dropout': 0.7190054647081794}
Begin Training...
Completing Train Step at 0th epoch...
At time: 0.2787363529205322 accuracy is 0.5578125 and loss is 0.7414490222930908
At time: 0.5296814441680908 accuracy is 0.5671875 and loss is 0.7328147888183594
At time: 0.7923882007598877 accuracy is 0.6734375 and loss is 0.6168277740478516
At time: 1.0623242855072021 accuracy is 0.659375 and loss is 0.6517388343811035
At time: 1.3399462699890137 accuracy is 0.6609375 and loss is 0.6513233184814453
At time: 1.6279582977294922 accuracy is 0.753125 and loss is 0.5555989265441894
At time: 1.9251799583435059 accuracy is 0.7375 and loss is 0.5481856346130372
At time: 2.234534502029419 accuracy is 0.709375 and loss is 0.5550560474395752
At time: 2.5544862747192383 accuracy is 0.8078125 and loss is 0.40888080596923826
At time: 2.8998961448669434 accuracy is 0.8375 and loss is 0.3599084377288818
At time: 3.260594129562378 accuracy is 0.8234375 and loss is 0.4107067108154297
At time: 3.634629011154175 accuracy is 0.821875 and loss is 0.4220757961273193
At time: 4.02606463432312 accuracy is 0.86875 and loss is 0.33629865646362306
Evaluating...
Done Evaluating: Achieved accuracy of 0.6559103260869565
Achieved new best!
Completing Train Step at 1th epoch...
At time: 5.074127197265625 accuracy is 0.8140625 and loss is 0.5208419799804688
At time: 5.301624536514282 accuracy is 0.80625 and loss is 0.41272768974304197
At time: 5.551035165786743 accuracy is 0.875 and loss is 0.31897141933441164
At time: 5.798084020614624 accuracy is 0.859375 and loss is 0.3239612340927124
At time: 6.048272371292114 accuracy is 0.884375 and loss is 0.3083426713943481
At time: 6.302434921264648 accuracy is 0.85625 and loss is 0.33815569877624513
At time: 6.5618298053741455 accuracy is 0.878125 and loss is 0.2977100610733032
At time: 6.828480958938599 accuracy is 0.875 and loss is 0.2759769678115845
At time: 7.10146951675415 accuracy is 0.9328125 and loss is 0.1697291612625122
At time: 7.3813636302948 accuracy is 0.90625 and loss is 0.26486523151397706
At time: 7.673795223236084 accuracy is 0.909375 and loss is 0.25674915313720703
At time: 7.990322113037109 accuracy is 0.89375 and loss is 0.31476378440856934
At time: 8.332294940948486 accuracy is 0.9328125 and loss is 0.16415746212005616
Evaluating...
Done Evaluating: Achieved accuracy of 0.5441576086956522
Not better for 1
Completing Train Step at 2th epoch...
At time: 9.298225402832031 accuracy is 0.8765625 and loss is 0.3838479995727539
At time: 9.527588129043579 accuracy is 0.9140625 and loss is 0.23310258388519287
At time: 9.760862827301025 accuracy is 0.921875 and loss is 0.18424360752105712
At time: 9.99822449684143 accuracy is 0.90625 and loss is 0.37308650016784667
At time: 10.240431070327759 accuracy is 0.921875 and loss is 0.21013078689575196
At time: 10.488854885101318 accuracy is 0.934375 and loss is 0.19022688865661622
At time: 10.743920803070068 accuracy is 0.9390625 and loss is 0.17492060661315917
At time: 11.008715867996216 accuracy is 0.9671875 and loss is 0.11252086162567139
At time: 11.27982497215271 accuracy is 0.959375 and loss is 0.10228197574615479
At time: 11.557395458221436 accuracy is 0.9234375 and loss is 0.19490879774093628
At time: 11.844626188278198 accuracy is 0.925 and loss is 0.21823596954345703
At time: 12.143789768218994 accuracy is 0.921875 and loss is 0.23132801055908203
At time: 12.460098028182983 accuracy is 0.9421875 and loss is 0.15298736095428467
Evaluating...
Done Evaluating: Achieved accuracy of 0.5954483695652174
Not better for 2
Completing Train Step at 3th epoch...
At time: 13.514201164245605 accuracy is 0.934375 and loss is 0.239424729347229
At time: 13.757209300994873 accuracy is 0.9640625 and loss is 0.11340165138244629
At time: 14.004331111907959 accuracy is 0.95625 and loss is 0.10815130472183228
At time: 14.253949165344238 accuracy is 0.9546875 and loss is 0.16483186483383178
At time: 14.509233236312866 accuracy is 0.95625 and loss is 0.11870095729827881
At time: 14.771580934524536 accuracy is 0.9765625 and loss is 0.07597512602806092
At time: 15.048174619674683 accuracy is 0.9671875 and loss is 0.08859686851501465
At time: 15.320716619491577 accuracy is 0.9515625 and loss is 0.12045379877090454
At time: 15.596961498260498 accuracy is 0.959375 and loss is 0.09796162247657776
At time: 15.878099203109741 accuracy is 0.9296875 and loss is 0.22316524982452393
At time: 16.16918158531189 accuracy is 0.9640625 and loss is 0.10709773302078247
At time: 16.47445297241211 accuracy is 0.971875 and loss is 0.09571523666381836
At time: 16.79476547241211 accuracy is 0.978125 and loss is 0.05577170252799988
Evaluating...
Done Evaluating: Achieved accuracy of 0.5906929347826086
Not better for 3
Completing Train Step at 4th epoch...
At time: 17.779250144958496 accuracy is 0.9140625 and loss is 0.2238302707672119
At time: 18.007928133010864 accuracy is 0.9671875 and loss is 0.10082675218582153
At time: 18.243930101394653 accuracy is 0.959375 and loss is 0.11394433975219727
At time: 18.49655532836914 accuracy is 0.959375 and loss is 0.10132369995117188
At time: 18.752251863479614 accuracy is 0.978125 and loss is 0.07871931791305542
At time: 19.014225244522095 accuracy is 0.9625 and loss is 0.12319873571395874
At time: 19.275591373443604 accuracy is 0.965625 and loss is 0.0831020712852478
At time: 19.542994737625122 accuracy is 0.96875 and loss is 0.07277479171752929
At time: 19.81802749633789 accuracy is 0.971875 and loss is 0.07380838990211487
At time: 20.1007821559906 accuracy is 0.9703125 and loss is 0.0778649091720581
At time: 20.391958951950073 accuracy is 0.978125 and loss is 0.05356651544570923
At time: 20.695581197738647 accuracy is 0.978125 and loss is 0.055987536907196045
At time: 21.01555848121643 accuracy is 0.9921875 and loss is 0.02245205342769623
Evaluating...
Done Evaluating: Achieved accuracy of 0.6328125
Not better for 4
Completing Train Step at 5th epoch...
At time: 22.010133504867554 accuracy is 0.95625 and loss is 0.12922368049621583
At time: 22.24997091293335 accuracy is 0.9859375 and loss is 0.0565868079662323
At time: 22.492826461791992 accuracy is 0.9828125 and loss is 0.05169981122016907
At time: 22.735239028930664 accuracy is 0.984375 and loss is 0.05131629705429077
At time: 22.9826979637146 accuracy is 0.98125 and loss is 0.033194026350975035
At time: 23.23564600944519 accuracy is 0.98125 and loss is 0.04185214340686798
At time: 23.4969220161438 accuracy is 0.9890625 and loss is 0.04154869019985199
At time: 23.762571573257446 accuracy is 0.9984375 and loss is 0.010712128877639771
At time: 24.036903142929077 accuracy is 0.990625 and loss is 0.028368252515792846
At time: 24.31810188293457 accuracy is 0.9890625 and loss is 0.026329463720321654
At time: 24.608093976974487 accuracy is 0.990625 and loss is 0.02875770926475525
At time: 24.91720175743103 accuracy is 0.9890625 and loss is 0.04423990845680237
At time: 25.23946738243103 accuracy is 0.9984375 and loss is 0.012154311686754227
Evaluating...
Done Evaluating: Achieved accuracy of 0.6114130434782609
Not better for 5
Completing Train Step at 6th epoch...
At time: 26.256038904190063 accuracy is 0.971875 and loss is 0.08450993299484252
At time: 26.49051785469055 accuracy is 0.9875 and loss is 0.04058166742324829
At time: 26.729071140289307 accuracy is 0.9859375 and loss is 0.03964174091815949
At time: 26.97333335876465 accuracy is 0.9859375 and loss is 0.0363646000623703
At time: 27.22294855117798 accuracy is 0.984375 and loss is 0.039822977781295774
At time: 27.482088565826416 accuracy is 0.9859375 and loss is 0.033778756856918335
At time: 27.74564266204834 accuracy is 0.990625 and loss is 0.047202661633491516
At time: 28.016008615493774 accuracy is 0.99375 and loss is 0.01623578816652298
At time: 28.30787444114685 accuracy is 0.99375 and loss is 0.021571993827819824
At time: 28.597012042999268 accuracy is 0.9796875 and loss is 0.04300379455089569
At time: 28.889925956726074 accuracy is 0.9859375 and loss is 0.045701465010643004
At time: 29.19368028640747 accuracy is 0.9875 and loss is 0.04995452165603638
At time: 29.51891803741455 accuracy is 0.99375 and loss is 0.016884855926036835
Evaluating...
Done Evaluating: Achieved accuracy of 0.6273777173913043
Not better for 6
Completing Train Step at 7th epoch...
At time: 30.510428428649902 accuracy is 0.9875 and loss is 0.05519495606422424
At time: 30.742755889892578 accuracy is 0.990625 and loss is 0.03109482228755951
At time: 30.978235006332397 accuracy is 0.99375 and loss is 0.036475518345832826
At time: 31.219647884368896 accuracy is 0.9859375 and loss is 0.042268455028533936
At time: 31.4676513671875 accuracy is 0.9890625 and loss is 0.025529035925865175
At time: 31.722108364105225 accuracy is 0.984375 and loss is 0.04122406542301178
At time: 31.98240828514099 accuracy is 0.9875 and loss is 0.02687050700187683
At time: 32.249103307724 accuracy is 0.9890625 and loss is 0.02307709902524948
At time: 32.52318739891052 accuracy is 0.9859375 and loss is 0.03755730390548706
At time: 32.80447816848755 accuracy is 0.984375 and loss is 0.04661118984222412
At time: 33.09525799751282 accuracy is 0.9828125 and loss is 0.052482050657272336
At time: 33.39860129356384 accuracy is 0.978125 and loss is 0.07161792516708373
At time: 33.71957468986511 accuracy is 0.99375 and loss is 0.012751148641109466
Evaluating...
Done Evaluating: Achieved accuracy of 0.6283967391304348
Not better for 7
Completing Train Step at 8th epoch...
At time: 34.69786357879639 accuracy is 0.990625 and loss is 0.04319120943546295
At time: 34.92595958709717 accuracy is 0.990625 and loss is 0.03836860060691834
At time: 35.16093587875366 accuracy is 0.984375 and loss is 0.04595307409763336
At time: 35.40337109565735 accuracy is 0.984375 and loss is 0.0340052992105484
At time: 35.65278148651123 accuracy is 0.990625 and loss is 0.020969313383102418
At time: 35.908164262771606 accuracy is 0.99375 and loss is 0.022406308352947234
At time: 36.168740034103394 accuracy is 0.9875 and loss is 0.03925507664680481
At time: 36.436558961868286 accuracy is 0.9859375 and loss is 0.03084051012992859
At time: 36.711209297180176 accuracy is 0.9890625 and loss is 0.028442525863647462
At time: 36.9935884475708 accuracy is 0.98125 and loss is 0.06317505240440369
At time: 37.28550744056702 accuracy is 0.978125 and loss is 0.05524948835372925
At time: 37.588619232177734 accuracy is 0.9828125 and loss is 0.07700107097625733
At time: 37.90967416763306 accuracy is 0.9921875 and loss is 0.016132381558418275
Evaluating...
Done Evaluating: Achieved accuracy of 0.6226222826086957
Not better for 8
Completing Train Step at 9th epoch...
At time: 38.88155484199524 accuracy is 0.9953125 and loss is 0.03278193473815918
At time: 39.118889808654785 accuracy is 0.99375 and loss is 0.0279311865568161
At time: 39.362937211990356 accuracy is 0.9875 and loss is 0.032741931080818173
At time: 39.606525897979736 accuracy is 0.984375 and loss is 0.03491154909133911
At time: 39.85442233085632 accuracy is 0.990625 and loss is 0.02731899917125702
At time: 40.10747480392456 accuracy is 0.9875 and loss is 0.03390819430351257
At time: 40.36958694458008 accuracy is 0.9921875 and loss is 0.03951771557331085
At time: 40.63676929473877 accuracy is 0.9953125 and loss is 0.016015255451202394
At time: 40.91140270233154 accuracy is 0.990625 and loss is 0.03729226589202881
At time: 41.19381642341614 accuracy is 0.9890625 and loss is 0.048927807807922365
At time: 41.483707666397095 accuracy is 0.9765625 and loss is 0.0583441436290741
At time: 41.787142753601074 accuracy is 0.9796875 and loss is 0.07600312829017639
At time: 42.10794687271118 accuracy is 0.9921875 and loss is 0.017510941624641417
Evaluating...
Done Evaluating: Achieved accuracy of 0.6188858695652174
Not better for 9
Completing Train Step at 10th epoch...
At time: 43.07502293586731 accuracy is 0.99375 and loss is 0.035256567597389224
At time: 43.3027982711792 accuracy is 0.9875 and loss is 0.027716368436813354
At time: 43.53821802139282 accuracy is 0.9921875 and loss is 0.024783559143543243
At time: 43.780057191848755 accuracy is 0.9875 and loss is 0.031443160772323606
At time: 44.027220726013184 accuracy is 0.99375 and loss is 0.01883229464292526
At time: 44.2812716960907 accuracy is 0.9859375 and loss is 0.05769625902175903
At time: 44.54200887680054 accuracy is 0.9921875 and loss is 0.025946405529975892
At time: 44.809651136398315 accuracy is 0.990625 and loss is 0.026589956879615784
At time: 45.09878420829773 accuracy is 0.9921875 and loss is 0.028199151158332825
At time: 45.4032461643219 accuracy is 0.984375 and loss is 0.049763232469558716
At time: 45.71226763725281 accuracy is 0.9828125 and loss is 0.06206899881362915
At time: 46.03170156478882 accuracy is 0.984375 and loss is 0.07171347141265869
At time: 46.35354709625244 accuracy is 0.99375 and loss is 0.018445098400115968
Evaluating...
Done Evaluating: Achieved accuracy of 0.6178668478260869
Not better for 10
Model not improving. Stopping earlyat 0.6559103260869565 epochs.
Done Training. Achieved Best Accuracy of 0.6559103260869565
Improved accuracyfrom 0.6521739130434783 to 0.6559103260869565
mlpattn
SETTINGS FOR THIS RUN
{'dropout': 0.0372958861869469, 'wordvec_source': 'None', 'wordvec_dim': 300, 'l2': 0.6889724992918098, 'attention_dim': 90, 'batch_size': 32, 'attn_type': 'MLP', 'pretrained': None, 'num_layers': 2, 'lr': 0.0005805662261774961, 'tune_wordvecs': True, 'fix_pretrained': None, 'hidden_size': 300, 'rnn_dropout': 0.61441850504552}
Using CUDA!
MLP
Building RNN Classifier...

[93m    Warning: no model found for 'en'[0m

    Only loading the 'en' tokenizer.

Retrieving Data from file: /home-nfs/siddsach/ml/Interpreting-Attention/data/mpqa/mpqa_subj_labels.pickle...
Loading Vectors From Memory...
Not using pretrained wordvectors
Building Vocab...
[]
Getting Batches...
Created Iterator with 279 batches
Getting Batches...
Created Iterator with 93 batches
Building model...
MLP
Using Attention model with following args:
{'dropout': 0.0372958861869469, 'vectors': None, 'num_classes': 2, 'attn_type': 'MLP', 'input_size': 300, 'attention_dim': 90, 'train_word_vecs': True, 'cuda': True, 'num_layers': 2, 'batch_size': 32, 'tune_attn': 'True', 'vocab_size': 16598, 'hidden_size': 300, 'rnn_dropout': 0.61441850504552}
Begin Training...
Completing Train Step at 0th epoch...
At time: 0.2882850170135498 accuracy is 0.5359375 and loss is 0.7199450492858886
At time: 0.5415127277374268 accuracy is 0.6328125 and loss is 0.6656840324401856
At time: 0.8221025466918945 accuracy is 0.6703125 and loss is 0.6209473609924316
At time: 1.1120142936706543 accuracy is 0.715625 and loss is 0.5869585037231445
At time: 1.404430866241455 accuracy is 0.734375 and loss is 0.5325287818908692
At time: 1.7016150951385498 accuracy is 0.76875 and loss is 0.5444566249847412
At time: 2.006591320037842 accuracy is 0.7296875 and loss is 0.5267172813415527
At time: 2.3330342769622803 accuracy is 0.7625 and loss is 0.49704413414001464
At time: 2.6620707511901855 accuracy is 0.828125 and loss is 0.40832204818725587
At time: 2.9972684383392334 accuracy is 0.834375 and loss is 0.3927417516708374
At time: 3.3486785888671875 accuracy is 0.8453125 and loss is 0.36559741497039794
At time: 3.714261293411255 accuracy is 0.8328125 and loss is 0.4011134147644043
At time: 4.103708982467651 accuracy is 0.8359375 and loss is 0.36936469078063966
Evaluating...
Done Evaluating: Achieved accuracy of 0.618546195652174
Achieved new best!
Completing Train Step at 1th epoch...
At time: 5.238537311553955 accuracy is 0.7578125 and loss is 0.5566864967346191
At time: 5.474390029907227 accuracy is 0.8015625 and loss is 0.4283113956451416
At time: 5.714729309082031 accuracy is 0.8546875 and loss is 0.34466753005981443
At time: 5.958140134811401 accuracy is 0.8328125 and loss is 0.3573732376098633
At time: 6.2064642906188965 accuracy is 0.8765625 and loss is 0.29802205562591555
At time: 6.461352348327637 accuracy is 0.8625 and loss is 0.36096236705780027
At time: 6.724512100219727 accuracy is 0.875 and loss is 0.30318551063537597
At time: 6.99361252784729 accuracy is 0.859375 and loss is 0.29999518394470215
At time: 7.279330730438232 accuracy is 0.909375 and loss is 0.2700568675994873
At time: 7.567414999008179 accuracy is 0.9140625 and loss is 0.209822416305542
At time: 7.858286619186401 accuracy is 0.9359375 and loss is 0.17632772922515869
At time: 8.160437822341919 accuracy is 0.909375 and loss is 0.22590653896331786
At time: 8.479011535644531 accuracy is 0.90625 and loss is 0.20929310321807862
Evaluating...
Done Evaluating: Achieved accuracy of 0.5974864130434783
Not better for 1
Completing Train Step at 2th epoch...
At time: 9.47033143043518 accuracy is 0.8640625 and loss is 0.3903627395629883
At time: 9.698540925979614 accuracy is 0.8921875 and loss is 0.30506784915924073
At time: 9.933619976043701 accuracy is 0.9125 and loss is 0.22318799495697023
At time: 10.17674207687378 accuracy is 0.9359375 and loss is 0.18347173929214478
At time: 10.424055337905884 accuracy is 0.91875 and loss is 0.19860467910766602
At time: 10.677527666091919 accuracy is 0.934375 and loss is 0.16883063316345215
At time: 10.937774896621704 accuracy is 0.9515625 and loss is 0.1336820363998413
At time: 11.20412302017212 accuracy is 0.9515625 and loss is 0.12296451330184936
At time: 11.479906558990479 accuracy is 0.9546875 and loss is 0.16431981325149536
At time: 11.768089056015015 accuracy is 0.940625 and loss is 0.16417157649993896
At time: 12.063430309295654 accuracy is 0.96875 and loss is 0.07908115386962891
At time: 12.381327629089355 accuracy is 0.9578125 and loss is 0.10988965034484863
At time: 12.70694899559021 accuracy is 0.95 and loss is 0.1371035099029541
Evaluating...
Done Evaluating: Achieved accuracy of 0.6694972826086957
Achieved new best!
Completing Train Step at 3th epoch...
At time: 13.693490028381348 accuracy is 0.93125 and loss is 0.19951844215393066
At time: 13.942110061645508 accuracy is 0.95 and loss is 0.14613415002822877
At time: 14.18789792060852 accuracy is 0.9390625 and loss is 0.13196660280227662
At time: 14.429357290267944 accuracy is 0.9671875 and loss is 0.1297079086303711
At time: 14.676825523376465 accuracy is 0.9578125 and loss is 0.14341776371002196
At time: 14.930144786834717 accuracy is 0.9828125 and loss is 0.07427763938903809
At time: 15.188015222549438 accuracy is 0.9828125 and loss is 0.049786129593849184
At time: 15.454671144485474 accuracy is 0.984375 and loss is 0.04912240207195282
At time: 15.729006052017212 accuracy is 0.971875 and loss is 0.0734079897403717
At time: 16.01042103767395 accuracy is 0.978125 and loss is 0.05744538903236389
At time: 16.300294876098633 accuracy is 0.9625 and loss is 0.10654977560043336
At time: 16.607130765914917 accuracy is 0.959375 and loss is 0.09937233328819275
At time: 16.927268266677856 accuracy is 0.9859375 and loss is 0.0435014009475708
Evaluating...
Done Evaluating: Achieved accuracy of 0.540421195652174
Not better for 1
Completing Train Step at 4th epoch...
At time: 17.91436791419983 accuracy is 0.9609375 and loss is 0.12202473878860473
At time: 18.156105041503906 accuracy is 0.959375 and loss is 0.09640505909919739
At time: 18.399495840072632 accuracy is 0.975 and loss is 0.06290657520294189
At time: 18.652336597442627 accuracy is 0.95 and loss is 0.09767460227012634
At time: 18.909900188446045 accuracy is 0.9578125 and loss is 0.1450195789337158
At time: 19.16643500328064 accuracy is 0.95625 and loss is 0.11831790208816528
At time: 19.43223214149475 accuracy is 0.9828125 and loss is 0.031815570592880246
At time: 19.74681258201599 accuracy is 0.9921875 and loss is 0.01983444541692734
At time: 20.026663303375244 accuracy is 0.984375 and loss is 0.052914011478424075
At time: 20.313405513763428 accuracy is 0.99375 and loss is 0.035935917496681215
At time: 20.606553316116333 accuracy is 0.9890625 and loss is 0.032562035322189334
At time: 20.91133427619934 accuracy is 0.990625 and loss is 0.025610950589179993
At time: 21.24337887763977 accuracy is 0.990625 and loss is 0.030745139718055724
Evaluating...
Done Evaluating: Achieved accuracy of 0.5747282608695652
Not better for 2
Completing Train Step at 5th epoch...
At time: 22.21620202064514 accuracy is 0.98125 and loss is 0.08796375393867492
At time: 22.443185091018677 accuracy is 0.9671875 and loss is 0.08329044580459595
At time: 22.679896354675293 accuracy is 0.971875 and loss is 0.07598962187767029
At time: 22.919118881225586 accuracy is 0.9625 and loss is 0.10180284976959228
At time: 23.164867401123047 accuracy is 0.975 and loss is 0.07015819549560547
At time: 23.41489839553833 accuracy is 0.9875 and loss is 0.03196333646774292
At time: 23.67367124557495 accuracy is 0.9921875 and loss is 0.03873033821582794
At time: 23.93727421760559 accuracy is 0.9875 and loss is 0.03166703581809997
At time: 24.209274768829346 accuracy is 0.9828125 and loss is 0.05619658231735229
At time: 24.487406730651855 accuracy is 0.9796875 and loss is 0.06618700623512268
At time: 24.774102926254272 accuracy is 0.9875 and loss is 0.05333298444747925
At time: 25.075129985809326 accuracy is 0.9703125 and loss is 0.06608709096908569
At time: 25.39035701751709 accuracy is 0.9796875 and loss is 0.04932383000850678
Evaluating...
Done Evaluating: Achieved accuracy of 0.6613451086956522
Not better for 3
Completing Train Step at 6th epoch...
At time: 26.362501859664917 accuracy is 0.990625 and loss is 0.04372612535953522
At time: 26.593383073806763 accuracy is 0.9890625 and loss is 0.033790281414985655
At time: 26.828733921051025 accuracy is 0.99375 and loss is 0.016653884947299958
At time: 27.06740665435791 accuracy is 0.9671875 and loss is 0.08234457969665528
At time: 27.316168785095215 accuracy is 0.9875 and loss is 0.049861422181129454
At time: 27.57121515274048 accuracy is 0.9734375 and loss is 0.10465867519378662
At time: 27.833735704421997 accuracy is 0.98125 and loss is 0.07037530541419983
At time: 28.099331855773926 accuracy is 0.99375 and loss is 0.035298746824264524
At time: 28.420273303985596 accuracy is 0.9875 and loss is 0.023331739008426666
At time: 28.700085163116455 accuracy is 0.9796875 and loss is 0.05077508091926575
At time: 28.98657464981079 accuracy is 0.990625 and loss is 0.02141159474849701
At time: 29.287554025650024 accuracy is 0.99375 and loss is 0.023748140037059783
At time: 29.615970849990845 accuracy is 0.984375 and loss is 0.03263179957866669
Evaluating...
Done Evaluating: Achieved accuracy of 0.5696331521739131
Not better for 4
Completing Train Step at 7th epoch...
At time: 30.67070746421814 accuracy is 0.996875 and loss is 0.021413299441337585
At time: 30.914339303970337 accuracy is 0.996875 and loss is 0.01083751693367958
At time: 31.16080617904663 accuracy is 0.990625 and loss is 0.023507668077945708
At time: 31.410046815872192 accuracy is 0.9921875 and loss is 0.03290500938892364
At time: 31.66410493850708 accuracy is 0.9859375 and loss is 0.04488929212093353
At time: 31.923351526260376 accuracy is 0.9953125 and loss is 0.008739255368709564
At time: 32.18821334838867 accuracy is 0.996875 and loss is 0.013538531959056854
At time: 32.46102714538574 accuracy is 0.99375 and loss is 0.013047881424427032
At time: 32.736708641052246 accuracy is 0.9890625 and loss is 0.039403384923934935
At time: 33.01684212684631 accuracy is 0.9890625 and loss is 0.03820123076438904
At time: 33.304128885269165 accuracy is 0.9875 and loss is 0.02449985295534134
At time: 33.605202436447144 accuracy is 0.971875 and loss is 0.07431021332740784
At time: 33.920087575912476 accuracy is 0.996875 and loss is 0.008179223537445069
Evaluating...
Done Evaluating: Achieved accuracy of 0.6375679347826086
Not better for 5
Completing Train Step at 8th epoch...
At time: 34.91403245925903 accuracy is 0.99375 and loss is 0.02178625911474228
At time: 35.1478636264801 accuracy is 0.975 and loss is 0.07729896903038025
At time: 35.384867906570435 accuracy is 0.990625 and loss is 0.0321319967508316
At time: 35.62502837181091 accuracy is 0.984375 and loss is 0.036301860213279726
At time: 35.87143564224243 accuracy is 0.9859375 and loss is 0.04336177706718445
At time: 36.12240219116211 accuracy is 0.9953125 and loss is 0.021415820717811583
At time: 36.38078713417053 accuracy is 0.99375 and loss is 0.025352796912193297
At time: 36.64392423629761 accuracy is 0.996875 and loss is 0.011161792278289794
At time: 36.91563868522644 accuracy is 0.996875 and loss is 0.01691959351301193
At time: 37.19813942909241 accuracy is 0.984375 and loss is 0.04578213691711426
At time: 37.4868905544281 accuracy is 0.9921875 and loss is 0.045239347219467166
At time: 37.79011797904968 accuracy is 0.990625 and loss is 0.025608339905738832
At time: 38.10706973075867 accuracy is 0.9921875 and loss is 0.01857123076915741
Evaluating...
Done Evaluating: Achieved accuracy of 0.6260190217391305
Not better for 6
Completing Train Step at 9th epoch...
At time: 39.07586717605591 accuracy is 0.9921875 and loss is 0.025808781385421753
At time: 39.30117988586426 accuracy is 0.9859375 and loss is 0.03359075784683228
At time: 39.53725814819336 accuracy is 0.9890625 and loss is 0.03781168758869171
At time: 39.777883529663086 accuracy is 0.990625 and loss is 0.039730480313301085
At time: 40.024237394332886 accuracy is 0.99375 and loss is 0.016874827444553375
At time: 40.27574443817139 accuracy is 0.9890625 and loss is 0.036099985241889954
At time: 40.53592610359192 accuracy is 0.9921875 and loss is 0.01355053335428238
At time: 40.80247116088867 accuracy is 0.9765625 and loss is 0.05183672904968262
At time: 41.07630515098572 accuracy is 0.9953125 and loss is 0.018455950915813445
At time: 41.35676121711731 accuracy is 0.9875 and loss is 0.03854234218597412
At time: 41.64375853538513 accuracy is 0.99375 and loss is 0.01886572390794754
At time: 41.94630432128906 accuracy is 0.9875 and loss is 0.03794240653514862
At time: 42.26419687271118 accuracy is 0.996875 and loss is 0.0061735142022371296
Evaluating...
Done Evaluating: Achieved accuracy of 0.5903532608695652
Not better for 7
Completing Train Step at 10th epoch...
At time: 43.251142501831055 accuracy is 0.99375 and loss is 0.013654467463493348
At time: 43.483420848846436 accuracy is 0.9953125 and loss is 0.015449269115924836
At time: 43.720438718795776 accuracy is 0.9859375 and loss is 0.04163911640644073
At time: 43.96120262145996 accuracy is 0.9875 and loss is 0.045923280715942386
At time: 44.204169034957886 accuracy is 0.990625 and loss is 0.02149081528186798
At time: 44.455503702163696 accuracy is 0.9953125 and loss is 0.012356419861316682
At time: 44.713430643081665 accuracy is 0.9984375 and loss is 0.009005578607320786
At time: 44.98059868812561 accuracy is 0.9859375 and loss is 0.04594942033290863
At time: 45.25403594970703 accuracy is 0.996875 and loss is 0.010669414699077607
At time: 45.53573417663574 accuracy is 0.9953125 and loss is 0.013955226540565491
At time: 45.82614207267761 accuracy is 0.990625 and loss is 0.02075302004814148
At time: 46.12795567512512 accuracy is 0.9984375 and loss is 0.009068704396486282
At time: 46.44681930541992 accuracy is 0.9984375 and loss is 0.008902581781148911
Evaluating...
Done Evaluating: Achieved accuracy of 0.5771059782608695
Not better for 8
Completing Train Step at 11th epoch...
At time: 47.414103746414185 accuracy is 1.0 and loss is 0.007660338282585144
At time: 47.63976979255676 accuracy is 0.9953125 and loss is 0.023305675387382506
At time: 47.87600636482239 accuracy is 0.9953125 and loss is 0.01587073802947998
At time: 48.12637901306152 accuracy is 0.990625 and loss is 0.020703700184822083
At time: 48.40081310272217 accuracy is 0.99375 and loss is 0.012129969894886017
At time: 48.668891191482544 accuracy is 0.9953125 and loss is 0.015190455317497253
At time: 48.94041466712952 accuracy is 0.99375 and loss is 0.012222719192504884
At time: 49.22006583213806 accuracy is 0.9953125 and loss is 0.011153676360845566
At time: 49.49763560295105 accuracy is 1.0 and loss is 0.0032626006752252577
At time: 49.78631329536438 accuracy is 0.9921875 and loss is 0.022591808438301088
At time: 50.08380365371704 accuracy is 0.99375 and loss is 0.010975979268550873
At time: 50.40290403366089 accuracy is 0.9890625 and loss is 0.032253414392471313
At time: 50.72704529762268 accuracy is 0.9921875 and loss is 0.012622734904289246
Evaluating...
Done Evaluating: Achieved accuracy of 0.6195652173913043
Not better for 9
Completing Train Step at 12th epoch...
At time: 51.73643732070923 accuracy is 0.9953125 and loss is 0.017860351502895354
At time: 51.98464274406433 accuracy is 0.9921875 and loss is 0.02208942174911499
At time: 52.2204270362854 accuracy is 0.99375 and loss is 0.012646204233169556
At time: 52.47551465034485 accuracy is 0.9921875 and loss is 0.019860398769378663
At time: 52.73025608062744 accuracy is 0.9953125 and loss is 0.025284618139266968
At time: 52.98869323730469 accuracy is 0.9953125 and loss is 0.01134471818804741
At time: 53.25115919113159 accuracy is 0.9984375 and loss is 0.004333903640508651
At time: 53.52137494087219 accuracy is 0.9875 and loss is 0.02496364563703537
At time: 53.79674220085144 accuracy is 0.99375 and loss is 0.014317983388900756
At time: 54.08081817626953 accuracy is 0.9875 and loss is 0.03874366283416748
At time: 54.37129831314087 accuracy is 0.99375 and loss is 0.008666415512561799
At time: 54.67514753341675 accuracy is 0.996875 and loss is 0.008547969162464142
At time: 54.99256229400635 accuracy is 0.9921875 and loss is 0.03233183324337006
Evaluating...
Done Evaluating: Achieved accuracy of 0.6453804347826086
Not better for 10
Model not improving. Stopping earlyat 0.6694972826086957 epochs.
Done Training. Achieved Best Accuracy of 0.6694972826086957
Improved accuracyfrom 0.6559103260869565 to 0.6694972826086957
mlpattn
SETTINGS FOR THIS RUN
{'dropout': 0.1645058700127734, 'wordvec_source': 'None', 'wordvec_dim': 300, 'l2': 0.7196023765756142, 'attention_dim': 37, 'batch_size': 32, 'attn_type': 'MLP', 'pretrained': None, 'num_layers': 2, 'lr': 0.0014276356899951216, 'tune_wordvecs': True, 'fix_pretrained': None, 'hidden_size': 300, 'rnn_dropout': 0.15359213077581113}
Using CUDA!
MLP
Building RNN Classifier...

[93m    Warning: no model found for 'en'[0m

    Only loading the 'en' tokenizer.

Retrieving Data from file: /home-nfs/siddsach/ml/Interpreting-Attention/data/mpqa/mpqa_subj_labels.pickle...
Loading Vectors From Memory...
Not using pretrained wordvectors
Building Vocab...
[]
Getting Batches...
Created Iterator with 279 batches
Getting Batches...
Created Iterator with 93 batches
Building model...
MLP
Using Attention model with following args:
{'dropout': 0.1645058700127734, 'vectors': None, 'num_classes': 2, 'attn_type': 'MLP', 'input_size': 300, 'attention_dim': 37, 'train_word_vecs': True, 'cuda': True, 'num_layers': 2, 'batch_size': 32, 'tune_attn': 'True', 'vocab_size': 16598, 'hidden_size': 300, 'rnn_dropout': 0.15359213077581113}
Begin Training...
Completing Train Step at 0th epoch...
At time: 0.2865731716156006 accuracy is 0.56875 and loss is 0.7256428718566894
At time: 0.5419807434082031 accuracy is 0.5578125 and loss is 0.6772660255432129
At time: 0.8078081607818604 accuracy is 0.6453125 and loss is 0.6634705066680908
At time: 1.079514741897583 accuracy is 0.7140625 and loss is 0.6211846351623536
At time: 1.3601372241973877 accuracy is 0.740625 and loss is 0.5482700824737549
At time: 1.6480119228363037 accuracy is 0.7765625 and loss is 0.5053069114685058
At time: 1.9515283107757568 accuracy is 0.7265625 and loss is 0.5488090991973877
At time: 2.2636489868164062 accuracy is 0.79375 and loss is 0.4670273780822754
At time: 2.5832550525665283 accuracy is 0.821875 and loss is 0.40487141609191896
At time: 2.913377046585083 accuracy is 0.825 and loss is 0.4222754955291748
At time: 3.2582345008850098 accuracy is 0.8375 and loss is 0.36874804496765134
At time: 3.6294078826904297 accuracy is 0.8421875 and loss is 0.35655598640441893
At time: 4.020169496536255 accuracy is 0.8453125 and loss is 0.34487242698669435
Evaluating...
Done Evaluating: Achieved accuracy of 0.5540081521739131
Achieved new best!
Completing Train Step at 1th epoch...
At time: 5.086570501327515 accuracy is 0.834375 and loss is 0.4678316593170166
At time: 5.3121178150177 accuracy is 0.8640625 and loss is 0.3222963333129883
At time: 5.547286748886108 accuracy is 0.81875 and loss is 0.42102203369140623
At time: 5.7888898849487305 accuracy is 0.8359375 and loss is 0.371254563331604
At time: 6.03534197807312 accuracy is 0.8828125 and loss is 0.2631979942321777
At time: 6.289299964904785 accuracy is 0.884375 and loss is 0.2946808099746704
At time: 6.549363851547241 accuracy is 0.884375 and loss is 0.3227463960647583
At time: 6.817619323730469 accuracy is 0.8921875 and loss is 0.2827556610107422
At time: 7.0926549434661865 accuracy is 0.909375 and loss is 0.19984718561172485
At time: 7.375254154205322 accuracy is 0.9203125 and loss is 0.2523280143737793
At time: 7.6662843227386475 accuracy is 0.9140625 and loss is 0.24321870803833007
At time: 7.968874216079712 accuracy is 0.9265625 and loss is 0.2127851963043213
At time: 8.30579137802124 accuracy is 0.9203125 and loss is 0.20706233978271485
Evaluating...
Done Evaluating: Achieved accuracy of 0.6535326086956522
Achieved new best!
Completing Train Step at 2th epoch...
At time: 9.34073519706726 accuracy is 0.846875 and loss is 0.39356250762939454
At time: 9.57616639137268 accuracy is 0.9203125 and loss is 0.23341138362884523
At time: 9.828739881515503 accuracy is 0.93125 and loss is 0.17822667360305786
At time: 10.080871820449829 accuracy is 0.921875 and loss is 0.2752440690994263
At time: 10.336383819580078 accuracy is 0.95625 and loss is 0.11645958423614503
At time: 10.589099884033203 accuracy is 0.965625 and loss is 0.11424598693847657
At time: 10.847490310668945 accuracy is 0.9765625 and loss is 0.08609921932220459
At time: 11.11325192451477 accuracy is 0.925 and loss is 0.2223334789276123
At time: 11.384925365447998 accuracy is 0.9578125 and loss is 0.11171108484268188
At time: 11.665833711624146 accuracy is 0.9375 and loss is 0.1532004952430725
At time: 11.954322099685669 accuracy is 0.9140625 and loss is 0.21906282901763915
At time: 12.254335641860962 accuracy is 0.9546875 and loss is 0.11385091543197631
At time: 12.57005500793457 accuracy is 0.9546875 and loss is 0.12464261054992676
Evaluating...
Done Evaluating: Achieved accuracy of 0.6063179347826086
Not better for 1
Completing Train Step at 3th epoch...
At time: 13.647298574447632 accuracy is 0.934375 and loss is 0.23068926334381104
At time: 13.883394479751587 accuracy is 0.965625 and loss is 0.10744953155517578
At time: 14.120696544647217 accuracy is 0.978125 and loss is 0.054834532737731936
At time: 14.362358093261719 accuracy is 0.959375 and loss is 0.18502933979034425
At time: 14.61434292793274 accuracy is 0.9671875 and loss is 0.12372312545776368
At time: 14.870096683502197 accuracy is 0.9671875 and loss is 0.09467941522598267
At time: 15.133576393127441 accuracy is 0.9109375 and loss is 0.20860633850097657
At time: 15.3982572555542 accuracy is 0.9671875 and loss is 0.098651123046875
At time: 15.672754049301147 accuracy is 0.9515625 and loss is 0.12564682960510254
At time: 15.952923059463501 accuracy is 0.9609375 and loss is 0.16310107707977295
At time: 16.24366545677185 accuracy is 0.9734375 and loss is 0.0945964515209198
At time: 16.55019783973694 accuracy is 0.9625 and loss is 0.10831185579299926
At time: 16.869506359100342 accuracy is 0.9828125 and loss is 0.0471347451210022
Evaluating...
Done Evaluating: Achieved accuracy of 0.631453804347826
Not better for 2
Completing Train Step at 4th epoch...
At time: 17.907095193862915 accuracy is 0.9703125 and loss is 0.1248396873474121
At time: 18.132463693618774 accuracy is 0.9890625 and loss is 0.051746660470962526
At time: 18.382410526275635 accuracy is 0.984375 and loss is 0.04251761734485626
At time: 18.626965761184692 accuracy is 0.946875 and loss is 0.21789557933807374
At time: 18.874979496002197 accuracy is 0.975 and loss is 0.06668171882629395
At time: 19.130574941635132 accuracy is 0.98125 and loss is 0.04515469670295715
At time: 19.39152479171753 accuracy is 0.9609375 and loss is 0.11173822879791259
At time: 19.657225847244263 accuracy is 0.98125 and loss is 0.044768455624580386
At time: 19.930732250213623 accuracy is 0.975 and loss is 0.06933189034461976
At time: 20.211174726486206 accuracy is 0.9828125 and loss is 0.06118599772453308
At time: 20.500893115997314 accuracy is 0.978125 and loss is 0.05507798790931702
At time: 20.801783323287964 accuracy is 0.9734375 and loss is 0.06401903629302978
At time: 21.122949361801147 accuracy is 0.9734375 and loss is 0.10813422203063965
Evaluating...
Done Evaluating: Achieved accuracy of 0.5679347826086957
Not better for 3
Completing Train Step at 5th epoch...
At time: 22.111576795578003 accuracy is 0.915625 and loss is 0.21540193557739257
At time: 22.345365047454834 accuracy is 0.9078125 and loss is 0.2322463274002075
At time: 22.57970118522644 accuracy is 0.9921875 and loss is 0.03765021860599518
At time: 22.82037925720215 accuracy is 0.965625 and loss is 0.0890081763267517
At time: 23.06446385383606 accuracy is 0.9890625 and loss is 0.028469964861869812
At time: 23.31555700302124 accuracy is 0.9875 and loss is 0.03608677685260773
At time: 23.574527740478516 accuracy is 0.990625 and loss is 0.023582646250724794
At time: 23.841564178466797 accuracy is 0.9921875 and loss is 0.030425283312797546
At time: 24.114601850509644 accuracy is 0.990625 and loss is 0.022339445352554322
At time: 24.395373821258545 accuracy is 0.99375 and loss is 0.011692283302545547
At time: 24.684560298919678 accuracy is 0.9875 and loss is 0.031074565649032593
At time: 24.987011909484863 accuracy is 0.984375 and loss is 0.05256633758544922
At time: 25.304525136947632 accuracy is 0.9859375 and loss is 0.04536383152008057
Evaluating...
Done Evaluating: Achieved accuracy of 0.6650815217391305
Achieved new best!
Completing Train Step at 6th epoch...
At time: 26.320237159729004 accuracy is 0.9734375 and loss is 0.07911193370819092
At time: 26.563726902008057 accuracy is 0.965625 and loss is 0.08736678957939148
At time: 26.808404684066772 accuracy is 0.99375 and loss is 0.021578675508499144
At time: 27.05030083656311 accuracy is 0.9875 and loss is 0.026591157913208006
At time: 27.29689931869507 accuracy is 0.984375 and loss is 0.047571176290512086
At time: 27.551016330718994 accuracy is 0.990625 and loss is 0.027432897686958314
At time: 27.81020712852478 accuracy is 0.9796875 and loss is 0.09694710373878479
At time: 28.079529762268066 accuracy is 0.9765625 and loss is 0.08753900527954102
At time: 28.352301359176636 accuracy is 0.9953125 and loss is 0.019610071182250978
At time: 28.642584562301636 accuracy is 0.98125 and loss is 0.04476941525936127
At time: 28.932734727859497 accuracy is 0.99375 and loss is 0.014031580090522766
At time: 29.235435962677002 accuracy is 0.965625 and loss is 0.12713446617126464
At time: 29.554120540618896 accuracy is 0.990625 and loss is 0.03966137170791626
Evaluating...
Done Evaluating: Achieved accuracy of 0.6711956521739131
Achieved new best!
Completing Train Step at 7th epoch...
At time: 30.544010639190674 accuracy is 0.9796875 and loss is 0.05676804780960083
At time: 30.78032875061035 accuracy is 0.9953125 and loss is 0.018281398713588713
At time: 31.019503355026245 accuracy is 0.9890625 and loss is 0.023243580758571625
At time: 31.262694120407104 accuracy is 0.9484375 and loss is 0.1262232780456543
At time: 31.511085987091064 accuracy is 0.990625 and loss is 0.030158144235610963
At time: 31.76228642463684 accuracy is 0.9953125 and loss is 0.015938931703567506
At time: 32.024521589279175 accuracy is 0.959375 and loss is 0.09910471439361572
At time: 32.29194235801697 accuracy is 0.9875 and loss is 0.018748836219310762
At time: 32.56552767753601 accuracy is 0.990625 and loss is 0.022607728838920593
At time: 32.84733581542969 accuracy is 0.9921875 and loss is 0.020671865344047545
At time: 33.135844230651855 accuracy is 0.984375 and loss is 0.051066136360168456
At time: 33.4369695186615 accuracy is 0.9890625 and loss is 0.031211617588996887
At time: 33.753647804260254 accuracy is 0.9984375 and loss is 0.0038573432713747023
Evaluating...
Done Evaluating: Achieved accuracy of 0.5954483695652174
Not better for 1
Completing Train Step at 8th epoch...
At time: 34.74311351776123 accuracy is 0.98125 and loss is 0.06403413414955139
At time: 34.98310947418213 accuracy is 0.996875 and loss is 0.013295991718769074
At time: 35.223427295684814 accuracy is 0.9953125 and loss is 0.01271013468503952
At time: 35.46347188949585 accuracy is 0.9953125 and loss is 0.010845136642456055
At time: 35.71169686317444 accuracy is 0.99375 and loss is 0.0184114009141922
At time: 35.961631536483765 accuracy is 1.0 and loss is 0.001864980161190033
At time: 36.22152638435364 accuracy is 0.9890625 and loss is 0.03585595190525055
At time: 36.487289905548096 accuracy is 0.9984375 and loss is 0.004872117936611175
At time: 36.762152910232544 accuracy is 0.996875 and loss is 0.00786152556538582
At time: 37.044336557388306 accuracy is 1.0 and loss is 0.0014656277373433114
At time: 37.33286261558533 accuracy is 0.9984375 and loss is 0.0044283952564001085
At time: 37.63332390785217 accuracy is 0.9921875 and loss is 0.017456917464733122
At time: 37.95189166069031 accuracy is 0.9984375 and loss is 0.006443914771080017
Evaluating...
Done Evaluating: Achieved accuracy of 0.647078804347826
Not better for 2
Completing Train Step at 9th epoch...
At time: 38.930397033691406 accuracy is 0.990625 and loss is 0.02594918608665466
At time: 39.1684672832489 accuracy is 0.996875 and loss is 0.010746532678604126
At time: 39.40752458572388 accuracy is 0.9984375 and loss is 0.007569587230682373
At time: 39.64560127258301 accuracy is 0.9796875 and loss is 0.08116149306297302
At time: 39.88863229751587 accuracy is 0.9921875 and loss is 0.01631091386079788
At time: 40.13729977607727 accuracy is 0.975 and loss is 0.054370319843292235
At time: 40.39441227912903 accuracy is 0.9859375 and loss is 0.03844495415687561
At time: 40.65630507469177 accuracy is 0.9953125 and loss is 0.018972431123256684
At time: 40.924891233444214 accuracy is 0.996875 and loss is 0.006946401298046112
At time: 41.20102572441101 accuracy is 0.990625 and loss is 0.03218879401683807
At time: 41.48529553413391 accuracy is 0.99375 and loss is 0.012188708037137985
At time: 41.78528952598572 accuracy is 0.9859375 and loss is 0.04139642417430878
At time: 42.10079097747803 accuracy is 0.9984375 and loss is 0.0028570398688316347
Evaluating...
Done Evaluating: Achieved accuracy of 0.5730298913043478
Not better for 3
Completing Train Step at 10th epoch...
At time: 43.058701276779175 accuracy is 0.978125 and loss is 0.05852668285369873
At time: 43.290669679641724 accuracy is 0.984375 and loss is 0.045458617806434634
At time: 43.52340483665466 accuracy is 1.0 and loss is 0.003726697340607643
At time: 43.75880718231201 accuracy is 0.9984375 and loss is 0.005213967710733414
At time: 44.002334117889404 accuracy is 0.9859375 and loss is 0.03250400722026825
At time: 44.252859592437744 accuracy is 0.996875 and loss is 0.008948052674531937
At time: 44.508201360702515 accuracy is 1.0 and loss is 0.003912974521517754
At time: 44.77231764793396 accuracy is 1.0 and loss is 0.0018302788957953453
At time: 45.04375386238098 accuracy is 1.0 and loss is 0.0002666536718606949
At time: 45.33240532875061 accuracy is 1.0 and loss is 0.0006604693830013275
At time: 45.63508176803589 accuracy is 0.996875 and loss is 0.009077648818492889
At time: 45.948713302612305 accuracy is 0.9953125 and loss is 0.011183246970176697
At time: 46.28097176551819 accuracy is 0.99375 and loss is 0.03133222460746765
Evaluating...
Done Evaluating: Achieved accuracy of 0.6382472826086957
Not better for 4
Completing Train Step at 11th epoch...
At time: 47.326075077056885 accuracy is 0.996875 and loss is 0.009602047502994537
At time: 47.567753314971924 accuracy is 0.9984375 and loss is 0.020435160398483275
At time: 47.811224699020386 accuracy is 0.9984375 and loss is 0.004288915172219276
At time: 48.062294006347656 accuracy is 0.996875 and loss is 0.015098027884960175
At time: 48.3406937122345 accuracy is 0.996875 and loss is 0.00931052714586258
At time: 48.62154936790466 accuracy is 0.9953125 and loss is 0.013270576298236848
At time: 48.89902138710022 accuracy is 0.9890625 and loss is 0.03359698951244354
At time: 49.188035011291504 accuracy is 0.99375 and loss is 0.016603462398052216
At time: 49.46671748161316 accuracy is 1.0 and loss is 0.0003037460148334503
At time: 49.753182888031006 accuracy is 0.9984375 and loss is 0.002751212939620018
At time: 50.04893612861633 accuracy is 0.996875 and loss is 0.006521212309598923
At time: 50.35724663734436 accuracy is 0.996875 and loss is 0.01648659259080887
At time: 50.67329740524292 accuracy is 0.996875 and loss is 0.0034628693014383317
Evaluating...
Done Evaluating: Achieved accuracy of 0.654891304347826
Not better for 5
Completing Train Step at 12th epoch...
At time: 51.65362048149109 accuracy is 0.9984375 and loss is 0.008179272711277007
At time: 51.8778076171875 accuracy is 1.0 and loss is 0.0018577389419078827
At time: 52.113555908203125 accuracy is 0.9953125 and loss is 0.018340572714805603
At time: 52.356547355651855 accuracy is 0.965625 and loss is 0.08221100568771363
At time: 52.615105390548706 accuracy is 0.978125 and loss is 0.06960009932518005
At time: 52.869449615478516 accuracy is 0.990625 and loss is 0.019904497265815734
At time: 53.14012312889099 accuracy is 0.9984375 and loss is 0.003113139420747757
At time: 53.407925844192505 accuracy is 1.0 and loss is 0.0027514297515153887
At time: 53.68406915664673 accuracy is 0.9890625 and loss is 0.023628391325473785
At time: 53.966392993927 accuracy is 0.9921875 and loss is 0.023598602414131163
At time: 54.25359559059143 accuracy is 0.9984375 and loss is 0.0017761247232556342
At time: 54.555052280426025 accuracy is 0.9984375 and loss is 0.004299057647585869
At time: 54.87165975570679 accuracy is 0.9921875 and loss is 0.019106367230415346
Evaluating...
Done Evaluating: Achieved accuracy of 0.6484375
Not better for 6
Completing Train Step at 13th epoch...
At time: 55.830666065216064 accuracy is 1.0 and loss is 0.005043018236756324
At time: 56.05449104309082 accuracy is 0.9984375 and loss is 0.010042046010494233
At time: 56.28634810447693 accuracy is 0.990625 and loss is 0.017492219805717468
At time: 56.52221465110779 accuracy is 0.9953125 and loss is 0.006383350491523743
At time: 56.763890981674194 accuracy is 0.996875 and loss is 0.00517449826002121
At time: 57.014259815216064 accuracy is 0.9984375 and loss is 0.004582896828651428
At time: 57.27106237411499 accuracy is 1.0 and loss is 0.0030014118179678916
At time: 57.533570528030396 accuracy is 0.996875 and loss is 0.00614999309182167
At time: 57.81290292739868 accuracy is 0.9984375 and loss is 0.005461527779698372
At time: 58.09332084655762 accuracy is 0.99375 and loss is 0.01990501433610916
At time: 58.38198208808899 accuracy is 1.0 and loss is 0.0006159829907119274
At time: 58.68305158615112 accuracy is 1.0 and loss is 0.0008743414655327797
At time: 59.00014305114746 accuracy is 0.996875 and loss is 0.012184013426303864
Evaluating...
Done Evaluating: Achieved accuracy of 0.6402853260869565
Not better for 7
Completing Train Step at 14th epoch...
At time: 59.97641134262085 accuracy is 0.9984375 and loss is 0.007293486595153808
At time: 60.206318616867065 accuracy is 1.0 and loss is 0.0031797785311937334
At time: 60.43983435630798 accuracy is 1.0 and loss is 0.002094717137515545
At time: 60.68056893348694 accuracy is 0.9984375 and loss is 0.011105857789516449
At time: 60.925153493881226 accuracy is 0.996875 and loss is 0.00549483448266983
At time: 61.1732280254364 accuracy is 0.9984375 and loss is 0.0016423879191279412
At time: 61.43244004249573 accuracy is 0.9953125 and loss is 0.012202003598213195
At time: 61.69932174682617 accuracy is 1.0 and loss is 0.0007775697857141494
At time: 61.97624397277832 accuracy is 0.9984375 and loss is 0.010143241286277771
At time: 62.25756072998047 accuracy is 0.99375 and loss is 0.00876990482211113
At time: 62.54639434814453 accuracy is 1.0 and loss is 0.002338498644530773
At time: 62.8461389541626 accuracy is 1.0 and loss is 0.0002504950389266014
At time: 63.16330361366272 accuracy is 0.9984375 and loss is 0.003941725194454193
Evaluating...
Done Evaluating: Achieved accuracy of 0.6059782608695652
Not better for 8
Completing Train Step at 15th epoch...
At time: 64.15366625785828 accuracy is 1.0 and loss is 0.005605024099349975
At time: 64.39189314842224 accuracy is 0.9984375 and loss is 0.0057560611516237255
At time: 64.63413143157959 accuracy is 1.0 and loss is 0.0021417444571852685
At time: 64.88114070892334 accuracy is 1.0 and loss is 0.002158145606517792
At time: 65.13509488105774 accuracy is 0.9984375 and loss is 0.0026950998231768607
At time: 65.39376139640808 accuracy is 0.996875 and loss is 0.004267801344394684
At time: 65.65961813926697 accuracy is 0.996875 and loss is 0.007895958423614503
At time: 65.93479561805725 accuracy is 1.0 and loss is 0.0007337725721299649
At time: 66.21365165710449 accuracy is 0.9984375 and loss is 0.0029003657400608063
At time: 66.5010232925415 accuracy is 0.996875 and loss is 0.010813683271408081
At time: 66.79729056358337 accuracy is 0.9984375 and loss is 0.008070609718561172
At time: 67.10541677474976 accuracy is 0.9953125 and loss is 0.009721723198890687
At time: 67.43250226974487 accuracy is 0.9984375 and loss is 0.006429342180490493
Evaluating...
Done Evaluating: Achieved accuracy of 0.6192255434782609
Not better for 9
Completing Train Step at 16th epoch...
At time: 68.48501324653625 accuracy is 0.9984375 and loss is 0.006267622113227844
At time: 68.7285258769989 accuracy is 0.996875 and loss is 0.0055245291441679
At time: 68.97530102729797 accuracy is 0.9984375 and loss is 0.002930092811584473
At time: 69.22513389587402 accuracy is 0.9921875 and loss is 0.019095012545585634
At time: 69.47842597961426 accuracy is 0.9953125 and loss is 0.007822313159704209
At time: 69.73765635490417 accuracy is 0.9984375 and loss is 0.0022849027067422868
At time: 70.00676250457764 accuracy is 0.9984375 and loss is 0.002594929188489914
At time: 70.27935433387756 accuracy is 1.0 and loss is 0.0005193613469600677
At time: 70.55799269676208 accuracy is 0.9984375 and loss is 0.006276319175958634
At time: 70.84600734710693 accuracy is 1.0 and loss is 0.0017621010541915894
At time: 71.14545917510986 accuracy is 0.9984375 and loss is 0.003562884032726288
At time: 71.4553153514862 accuracy is 1.0 and loss is 0.0002780035138130188
At time: 71.78453278541565 accuracy is 0.9953125 and loss is 0.010786760598421097
Evaluating...
Done Evaluating: Achieved accuracy of 0.6487771739130435
Not better for 10
Model not improving. Stopping earlyat 0.6711956521739131 epochs.
Done Training. Achieved Best Accuracy of 0.6711956521739131
Improved accuracyfrom 0.6694972826086957 to 0.6711956521739131
mlpattn



RESULTS:
[{'params': {'dropout': 0.7021549548654299, 'wordvec_source': 'None', 'wordvec_dim': 300, 'l2': 0.2942137613694097, 'attention_dim': 98, 'batch_size': 32, 'attn_type': 'MLP', 'pretrained': None, 'num_layers': 2, 'lr': 0.003373162861189089, 'data': 'MPQA', 'tune_wordvecs': True, 'fix_pretrained': None, 'hidden_size': 300, 'rnn_dropout': 0.2020973304332655}, 'best_accuracy': 0.6521739130434783}, {'params': {'dropout': 0.1561587978666763, 'wordvec_source': 'None', 'wordvec_dim': 300, 'l2': 0.8283149163104286, 'attention_dim': 64, 'batch_size': 32, 'attn_type': 'MLP', 'pretrained': None, 'num_layers': 2, 'lr': 0.0026670902810435352, 'data': 'MPQA', 'tune_wordvecs': True, 'fix_pretrained': None, 'hidden_size': 300, 'rnn_dropout': 0.316680234664816}, 'best_accuracy': 0.6117527173913043}, {'params': {'dropout': 0.49481047455690075, 'wordvec_source': 'None', 'wordvec_dim': 300, 'l2': 0.9742992714658464, 'attention_dim': 42, 'batch_size': 32, 'attn_type': 'MLP', 'pretrained': None, 'num_layers': 2, 'lr': 0.004576593708361036, 'data': 'MPQA', 'tune_wordvecs': True, 'fix_pretrained': None, 'hidden_size': 300, 'rnn_dropout': 0.7190054647081794}, 'best_accuracy': 0.6559103260869565}, {'params': {'dropout': 0.0372958861869469, 'wordvec_source': 'None', 'wordvec_dim': 300, 'l2': 0.6889724992918098, 'attention_dim': 90, 'batch_size': 32, 'attn_type': 'MLP', 'pretrained': None, 'num_layers': 2, 'lr': 0.0005805662261774961, 'data': 'MPQA', 'tune_wordvecs': True, 'fix_pretrained': None, 'hidden_size': 300, 'rnn_dropout': 0.61441850504552}, 'best_accuracy': 0.6694972826086957}, {'params': {'dropout': 0.1645058700127734, 'wordvec_source': 'None', 'wordvec_dim': 300, 'l2': 0.7196023765756142, 'attention_dim': 37, 'batch_size': 32, 'attn_type': 'MLP', 'pretrained': None, 'num_layers': 2, 'lr': 0.0014276356899951216, 'data': 'MPQA', 'tune_wordvecs': True, 'fix_pretrained': None, 'hidden_size': 300, 'rnn_dropout': 0.15359213077581113}, 'best_accuracy': 0.6711956521739131}]
