ROOT_PATH: /home-nfs/siddsach/ml/Interpreting-Attention
Building Bayesian Optimizer for 
 data:MPQA 
 choices:[{'name': 'lr', 'domain': [5e-05, 0.005], 'type': 'continuous'}, {'name': 'rnn_dropout', 'domain': [0, 1], 'type': 'continuous'}, {'name': 'dropout', 'domain': [0, 1], 'type': 'continuous'}, {'name': 'l2', 'domain': [0, 1], 'type': 'continuous'}, {'name': 'attention_dim', 'domain': [5, 100], 'type': 'continuous'}]
SETTINGS FOR THIS RUN
{'dropout': 0.5650635739515419, 'l2': 0.848620012719797, 'lr': 0.001718662310476075, 'batch_size': 32, 'fix_pretrained': None, 'tune_wordvecs': True, 'attn_type': 'MLP', 'attention_dim': 39, 'hidden_size': 300, 'wordvec_source': 'None', 'pretrained': None, 'num_layers': 2, 'rnn_dropout': 0.7907671729058587, 'wordvec_dim': 300}
Using CUDA!
MLP
Building RNN Classifier...

[93m    Warning: no model found for 'en'[0m

    Only loading the 'en' tokenizer.

Retrieving Data from file: /home-nfs/siddsach/ml/Interpreting-Attention/data/mpqa/subj_clf_labels.pickle...
Loading Vectors From Memory...
Not using pretrained wordvectors
Building Vocab...
[]
Getting Batches...
Created Iterator with 258 batches
Getting Batches...
Created Iterator with 29 batches
Building model...
MLP
Using Attention model with following args:
{'tune_attn': 'True', 'vocab_size': 15944, 'num_layers': 2, 'batch_size': 32, 'num_classes': 2, 'attn_type': 'MLP', 'dropout': 0.5650635739515419, 'train_word_vecs': True, 'vectors': None, 'input_size': 300, 'hidden_size': 300, 'rnn_dropout': 0.7907671729058587, 'attention_dim': 39, 'cuda': True}
Begin Training...
Completing Train Step at 0th epoch...
At time: 0.5361852645874023 accuracy is 0.540625 and loss is 0.7169099807739258
At time: 0.7961382865905762 accuracy is 0.503125 and loss is 0.7414530754089356
At time: 1.0569732189178467 accuracy is 0.60625 and loss is 0.665738582611084
At time: 1.3263862133026123 accuracy is 0.634375 and loss is 0.6114531040191651
At time: 1.604903221130371 accuracy is 0.728125 and loss is 0.5462722301483154
At time: 1.893796682357788 accuracy is 0.76875 and loss is 0.5049293041229248
At time: 2.194476366043091 accuracy is 0.7109375 and loss is 0.5918520450592041
At time: 2.506108283996582 accuracy is 0.765625 and loss is 0.4973002433776855
At time: 2.830763339996338 accuracy is 0.7671875 and loss is 0.49779109954833983
At time: 3.1676998138427734 accuracy is 0.8234375 and loss is 0.41168413162231443
At time: 3.522412061691284 accuracy is 0.8609375 and loss is 0.33926823139190676
At time: 3.910341739654541 accuracy is 0.86875 and loss is 0.32993876934051514
Evaluating...
Done Evaluating: Achieved accuracy of 0.8337053571428571
Achieved new best!
Completing Train Step at 1th epoch...
At time: 4.688591003417969 accuracy is 0.7453125 and loss is 0.5700994491577148
At time: 4.922089576721191 accuracy is 0.771875 and loss is 0.535019063949585
At time: 5.162906646728516 accuracy is 0.853125 and loss is 0.3308232069015503
At time: 5.405332088470459 accuracy is 0.871875 and loss is 0.3422957181930542
At time: 5.654659986495972 accuracy is 0.8421875 and loss is 0.37260487079620364
At time: 5.908982038497925 accuracy is 0.8984375 and loss is 0.26520624160766604
At time: 6.168944597244263 accuracy is 0.8859375 and loss is 0.30393204689025877
At time: 6.437678337097168 accuracy is 0.88125 and loss is 0.2725572109222412
At time: 6.713791847229004 accuracy is 0.8609375 and loss is 0.33461594581604004
At time: 6.998200178146362 accuracy is 0.9203125 and loss is 0.2000821590423584
At time: 7.294729232788086 accuracy is 0.8875 and loss is 0.25596251487731936
At time: 7.6080029010772705 accuracy is 0.921875 and loss is 0.20945165157318116
Evaluating...
Done Evaluating: Achieved accuracy of 0.8470982142857143
Achieved new best!
Completing Train Step at 2th epoch...
At time: 8.305733680725098 accuracy is 0.903125 and loss is 0.41565594673156736
At time: 8.538585424423218 accuracy is 0.8859375 and loss is 0.2823464870452881
At time: 8.778651714324951 accuracy is 0.9296875 and loss is 0.16472047567367554
At time: 9.022454738616943 accuracy is 0.9015625 and loss is 0.29722344875335693
At time: 9.27069878578186 accuracy is 0.915625 and loss is 0.2459094524383545
At time: 9.526153564453125 accuracy is 0.9015625 and loss is 0.24234964847564697
At time: 9.787697553634644 accuracy is 0.9265625 and loss is 0.16863770484924318
At time: 10.055553913116455 accuracy is 0.953125 and loss is 0.12398971319198608
At time: 10.331564664840698 accuracy is 0.946875 and loss is 0.17726701498031616
At time: 10.6160728931427 accuracy is 0.946875 and loss is 0.1377994179725647
At time: 10.911107778549194 accuracy is 0.9359375 and loss is 0.167130708694458
At time: 11.226749181747437 accuracy is 0.9421875 and loss is 0.14542280435562133
Evaluating...
Done Evaluating: Achieved accuracy of 0.859375
Achieved new best!
Completing Train Step at 3th epoch...
At time: 11.922599792480469 accuracy is 0.9171875 and loss is 0.2955320835113525
At time: 12.157370567321777 accuracy is 0.9578125 and loss is 0.14912248849868776
At time: 12.395115375518799 accuracy is 0.96875 and loss is 0.08721479177474975
At time: 12.638699293136597 accuracy is 0.953125 and loss is 0.1445108413696289
At time: 12.884952068328857 accuracy is 0.975 and loss is 0.07760336995124817
At time: 13.139328002929688 accuracy is 0.975 and loss is 0.06173795461654663
At time: 13.399163722991943 accuracy is 0.984375 and loss is 0.04729964137077332
At time: 13.666110754013062 accuracy is 0.9859375 and loss is 0.04862966239452362
At time: 13.9417405128479 accuracy is 0.946875 and loss is 0.13639514446258544
At time: 14.231030702590942 accuracy is 0.9765625 and loss is 0.07365570068359376
At time: 14.528847932815552 accuracy is 0.9640625 and loss is 0.10549143552780152
At time: 14.843756914138794 accuracy is 0.9328125 and loss is 0.18349134922027588
Evaluating...
Done Evaluating: Achieved accuracy of 0.8125
Not better for 1
Completing Train Step at 4th epoch...
At time: 15.534320831298828 accuracy is 0.875 and loss is 0.312429141998291
At time: 15.770676612854004 accuracy is 0.9453125 and loss is 0.16971404552459718
At time: 16.01035976409912 accuracy is 0.9921875 and loss is 0.05431273579597473
At time: 16.25406837463379 accuracy is 0.9859375 and loss is 0.04041981995105744
At time: 16.50197124481201 accuracy is 0.9859375 and loss is 0.041625100374221805
At time: 16.75890803337097 accuracy is 0.9796875 and loss is 0.06859009861946105
At time: 17.024290800094604 accuracy is 0.93125 and loss is 0.20081620216369628
At time: 17.29274010658264 accuracy is 0.9734375 and loss is 0.08123612403869629
At time: 17.569817066192627 accuracy is 0.9328125 and loss is 0.27320113182067873
At time: 17.8560311794281 accuracy is 0.984375 and loss is 0.06105329990386963
At time: 18.15218162536621 accuracy is 0.9703125 and loss is 0.07941449284553528
At time: 18.463879823684692 accuracy is 0.9921875 and loss is 0.029816916584968566
Evaluating...
Done Evaluating: Achieved accuracy of 0.8325892857142857
Not better for 2
Completing Train Step at 5th epoch...
At time: 19.152491331100464 accuracy is 0.95625 and loss is 0.16616928577423096
At time: 19.384028673171997 accuracy is 0.9796875 and loss is 0.06710124611854554
At time: 19.62172818183899 accuracy is 0.9984375 and loss is 0.012755751609802246
At time: 19.863041400909424 accuracy is 0.990625 and loss is 0.025169923901557922
At time: 20.11193084716797 accuracy is 0.971875 and loss is 0.06851487159729004
At time: 20.368173599243164 accuracy is 0.9828125 and loss is 0.05318754315376282
At time: 20.63018250465393 accuracy is 0.9796875 and loss is 0.05474324226379394
At time: 20.899960041046143 accuracy is 0.9625 and loss is 0.1327446699142456
At time: 21.17542600631714 accuracy is 0.990625 and loss is 0.021720226109027862
At time: 21.46576452255249 accuracy is 0.9859375 and loss is 0.04007361233234406
At time: 21.767704963684082 accuracy is 0.9828125 and loss is 0.03618801534175873
At time: 22.085384368896484 accuracy is 0.99375 and loss is 0.016226498782634734
Evaluating...
Done Evaluating: Achieved accuracy of 0.8158482142857143
Not better for 3
Completing Train Step at 6th epoch...
At time: 22.77652931213379 accuracy is 0.95625 and loss is 0.1446730375289917
At time: 23.013498544692993 accuracy is 0.9578125 and loss is 0.1443761706352234
At time: 23.254286289215088 accuracy is 0.990625 and loss is 0.024446675181388856
At time: 23.50090765953064 accuracy is 0.9796875 and loss is 0.0519528329372406
At time: 23.749218940734863 accuracy is 0.9890625 and loss is 0.03052411675453186
At time: 24.006240606307983 accuracy is 0.99375 and loss is 0.02698560357093811
At time: 24.269354820251465 accuracy is 0.990625 and loss is 0.037933292984962466
At time: 24.54000210762024 accuracy is 0.9796875 and loss is 0.054899221658706664
At time: 24.820441246032715 accuracy is 0.99375 and loss is 0.01980540305376053
At time: 25.106378078460693 accuracy is 0.9890625 and loss is 0.028049537539482118
At time: 25.403090000152588 accuracy is 0.95 and loss is 0.23412020206451417
At time: 25.713913679122925 accuracy is 0.9875 and loss is 0.03949948251247406
Evaluating...
Done Evaluating: Achieved accuracy of 0.8024553571428571
Not better for 4
Completing Train Step at 7th epoch...
At time: 26.403497457504272 accuracy is 0.971875 and loss is 0.10228453874588013
At time: 26.63972496986389 accuracy is 0.9875 and loss is 0.04512401819229126
At time: 26.87796425819397 accuracy is 0.9765625 and loss is 0.05360625386238098
At time: 27.12216281890869 accuracy is 0.9796875 and loss is 0.04762280285358429
At time: 27.372207641601562 accuracy is 0.9859375 and loss is 0.04667377471923828
At time: 27.62620997428894 accuracy is 0.9953125 and loss is 0.013204662501811982
At time: 27.886828660964966 accuracy is 0.9875 and loss is 0.04935236871242523
At time: 28.157588720321655 accuracy is 0.98125 and loss is 0.061447322368621826
At time: 28.43309259414673 accuracy is 0.9921875 and loss is 0.02786151468753815
At time: 28.719849348068237 accuracy is 0.959375 and loss is 0.13273674249649048
At time: 29.0146906375885 accuracy is 0.9984375 and loss is 0.00406026616692543
At time: 29.32697057723999 accuracy is 0.984375 and loss is 0.06499790549278259
Evaluating...
Done Evaluating: Achieved accuracy of 0.8504464285714286
Not better for 5
Completing Train Step at 8th epoch...
At time: 30.014723300933838 accuracy is 0.9875 and loss is 0.05191202163696289
At time: 30.246408700942993 accuracy is 0.984375 and loss is 0.02897484600543976
At time: 30.48748016357422 accuracy is 0.9953125 and loss is 0.010972739011049271
At time: 30.731956720352173 accuracy is 0.996875 and loss is 0.007862281799316407
At time: 30.979074954986572 accuracy is 0.9921875 and loss is 0.02115046977996826
At time: 31.235697507858276 accuracy is 0.99375 and loss is 0.024851956963539125
At time: 31.499608039855957 accuracy is 0.9984375 and loss is 0.009642843902111054
At time: 31.77102541923523 accuracy is 0.9953125 and loss is 0.009414754807949066
At time: 32.04720091819763 accuracy is 0.9953125 and loss is 0.017521050572395325
At time: 32.33465218544006 accuracy is 0.9953125 and loss is 0.013625894486904145
At time: 32.63083338737488 accuracy is 0.990625 and loss is 0.043603384494781496
At time: 32.94489789009094 accuracy is 0.99375 and loss is 0.02906588613986969
Evaluating...
Done Evaluating: Achieved accuracy of 0.8359375
Not better for 6
Completing Train Step at 9th epoch...
At time: 33.63243818283081 accuracy is 0.9859375 and loss is 0.0627803385257721
At time: 33.866957664489746 accuracy is 0.978125 and loss is 0.062702476978302
At time: 34.10676956176758 accuracy is 0.9984375 and loss is 0.006502023339271546
At time: 34.348066568374634 accuracy is 1.0 and loss is 0.004002989456057549
At time: 34.596932888031006 accuracy is 0.9671875 and loss is 0.07471365332603455
At time: 34.85267472267151 accuracy is 0.9953125 and loss is 0.012470576167106628
At time: 35.11426663398743 accuracy is 0.99375 and loss is 0.02783818244934082
At time: 35.38640332221985 accuracy is 1.0 and loss is 0.0058760721236467365
At time: 35.661970376968384 accuracy is 0.9984375 and loss is 0.0030049625784158707
At time: 35.94737696647644 accuracy is 0.996875 and loss is 0.007695938646793366
At time: 36.245378732681274 accuracy is 1.0 and loss is 0.001526004634797573
At time: 36.553855895996094 accuracy is 1.0 and loss is 2.927742898464203e-05
Evaluating...
Done Evaluating: Achieved accuracy of 0.8236607142857143
Not better for 7
Completing Train Step at 10th epoch...
At time: 37.24229168891907 accuracy is 0.9875 and loss is 0.038093337416648866
At time: 37.477864027023315 accuracy is 0.996875 and loss is 0.017279529571533205
At time: 37.716596364974976 accuracy is 0.996875 and loss is 0.017415924370288847
At time: 37.961787700653076 accuracy is 1.0 and loss is 0.005753281712532044
At time: 38.21297883987427 accuracy is 0.99375 and loss is 0.014772753417491912
At time: 38.47005772590637 accuracy is 0.9828125 and loss is 0.033924424648284913
At time: 38.736916065216064 accuracy is 0.990625 and loss is 0.022342613339424132
At time: 39.007413148880005 accuracy is 0.9984375 and loss is 0.004287142306566238
At time: 39.28400182723999 accuracy is 0.996875 and loss is 0.006746574491262436
At time: 39.570953369140625 accuracy is 0.996875 and loss is 0.007780628651380539
At time: 39.86888575553894 accuracy is 0.996875 and loss is 0.004173662140965461
At time: 40.18233251571655 accuracy is 0.990625 and loss is 0.02791312038898468
Evaluating...
Done Evaluating: Achieved accuracy of 0.8125
Not better for 8
Completing Train Step at 11th epoch...
At time: 40.86822152137756 accuracy is 0.990625 and loss is 0.032156383991241454
At time: 41.10083484649658 accuracy is 0.9953125 and loss is 0.013020819425582886
At time: 41.3401153087616 accuracy is 0.99375 and loss is 0.021928730607032775
At time: 41.588109254837036 accuracy is 0.9828125 and loss is 0.04840902686119079
At time: 41.836583375930786 accuracy is 0.9953125 and loss is 0.012700885534286499
At time: 42.09152793884277 accuracy is 0.99375 and loss is 0.015795314311981203
At time: 42.355528831481934 accuracy is 0.9921875 and loss is 0.03334800004959106
At time: 42.62492275238037 accuracy is 0.9953125 and loss is 0.006824763864278794
At time: 42.899789333343506 accuracy is 1.0 and loss is 0.00020160581916570664
At time: 43.18393278121948 accuracy is 0.9921875 and loss is 0.017796909809112547
At time: 43.47938346862793 accuracy is 0.9921875 and loss is 0.030063599348068237
At time: 43.792643308639526 accuracy is 0.9984375 and loss is 0.002331635169684887
Evaluating...
Done Evaluating: Achieved accuracy of 0.7857142857142857
Not better for 9
Completing Train Step at 12th epoch...
At time: 44.488391160964966 accuracy is 0.996875 and loss is 0.020707130432128906
At time: 44.73074007034302 accuracy is 0.990625 and loss is 0.01926322877407074
At time: 44.97115731239319 accuracy is 0.996875 and loss is 0.0060129866003990175
At time: 45.21937274932861 accuracy is 0.990625 and loss is 0.030427056550979614
At time: 45.47443342208862 accuracy is 0.9859375 and loss is 0.03945488035678864
At time: 45.73348307609558 accuracy is 0.99375 and loss is 0.026723554730415343
At time: 46.0020956993103 accuracy is 0.9984375 and loss is 0.003961137309670448
At time: 46.276902198791504 accuracy is 0.996875 and loss is 0.008748018741607666
At time: 46.55807113647461 accuracy is 0.9953125 and loss is 0.010827762633562088
At time: 46.84819793701172 accuracy is 1.0 and loss is 0.0004137333482503891
At time: 47.147709608078 accuracy is 1.0 and loss is 0.0010958855971693992
At time: 47.466233253479004 accuracy is 0.99375 and loss is 0.011325564980506898
Evaluating...
Done Evaluating: Achieved accuracy of 0.8370535714285714
Not better for 10
Model not improving. Stopping earlyat 0.859375 epochs.
Done Training. Achieved Best Accuracy of 0.859375
Improved accuracyfrom -10000000 to 0.859375
mlpattn
SETTINGS FOR THIS RUN
{'dropout': 0.45931148603799343, 'l2': 0.38051139199214723, 'lr': 0.004297701743570795, 'batch_size': 32, 'fix_pretrained': None, 'tune_wordvecs': True, 'attn_type': 'MLP', 'attention_dim': 95, 'hidden_size': 300, 'wordvec_source': 'None', 'pretrained': None, 'num_layers': 2, 'rnn_dropout': 0.6699769237321724, 'wordvec_dim': 300}
Using CUDA!
MLP
Building RNN Classifier...

[93m    Warning: no model found for 'en'[0m

    Only loading the 'en' tokenizer.

Retrieving Data from file: /home-nfs/siddsach/ml/Interpreting-Attention/data/mpqa/subj_clf_labels.pickle...
Loading Vectors From Memory...
Not using pretrained wordvectors
Building Vocab...
[]
Getting Batches...
Created Iterator with 258 batches
Getting Batches...
Created Iterator with 29 batches
Building model...
MLP
Using Attention model with following args:
{'tune_attn': 'True', 'vocab_size': 15944, 'num_layers': 2, 'batch_size': 32, 'num_classes': 2, 'attn_type': 'MLP', 'dropout': 0.45931148603799343, 'train_word_vecs': True, 'vectors': None, 'input_size': 300, 'hidden_size': 300, 'rnn_dropout': 0.6699769237321724, 'attention_dim': 95, 'cuda': True}
Begin Training...
Completing Train Step at 0th epoch...
At time: 0.2749662399291992 accuracy is 0.5140625 and loss is 0.7409412860870361
At time: 0.5462169647216797 accuracy is 0.4609375 and loss is 0.7238662719726563
At time: 0.8203935623168945 accuracy is 0.525 and loss is 0.6915626049041748
At time: 1.1037132740020752 accuracy is 0.5796875 and loss is 0.673676872253418
At time: 1.3906071186065674 accuracy is 0.58125 and loss is 0.6684823989868164
At time: 1.687696933746338 accuracy is 0.7125 and loss is 0.5947211742401123
At time: 1.9977593421936035 accuracy is 0.634375 and loss is 0.6773553848266601
At time: 2.313581705093384 accuracy is 0.759375 and loss is 0.4911669731140137
At time: 2.647425651550293 accuracy is 0.8296875 and loss is 0.43551883697509763
At time: 2.991706132888794 accuracy is 0.81875 and loss is 0.41187472343444825
At time: 3.3558225631713867 accuracy is 0.8328125 and loss is 0.41888890266418455
At time: 3.7463927268981934 accuracy is 0.83125 and loss is 0.41861810684204104
Evaluating...
Done Evaluating: Achieved accuracy of 0.8381696428571429
Achieved new best!
Completing Train Step at 1th epoch...
At time: 4.556962251663208 accuracy is 0.734375 and loss is 0.6100449085235595
At time: 4.81339168548584 accuracy is 0.75625 and loss is 0.5512276649475097
At time: 5.066243410110474 accuracy is 0.7703125 and loss is 0.45665826797485354
At time: 5.313702583312988 accuracy is 0.8015625 and loss is 0.46857361793518065
At time: 5.563482999801636 accuracy is 0.8421875 and loss is 0.37118208408355713
At time: 5.8183372020721436 accuracy is 0.8984375 and loss is 0.28321166038513185
At time: 6.079815626144409 accuracy is 0.8859375 and loss is 0.3141919136047363
At time: 6.350022315979004 accuracy is 0.909375 and loss is 0.2281717300415039
At time: 6.642478704452515 accuracy is 0.9046875 and loss is 0.2562380790710449
At time: 6.936232805252075 accuracy is 0.8953125 and loss is 0.23510499000549318
At time: 7.236495018005371 accuracy is 0.9078125 and loss is 0.2554065465927124
At time: 7.579116582870483 accuracy is 0.88125 and loss is 0.3006744384765625
Evaluating...
Done Evaluating: Achieved accuracy of 0.8091517857142857
Not better for 1
Completing Train Step at 2th epoch...
At time: 8.293713569641113 accuracy is 0.8453125 and loss is 0.4198276996612549
At time: 8.532359600067139 accuracy is 0.8734375 and loss is 0.31199896335601807
At time: 8.774725675582886 accuracy is 0.9265625 and loss is 0.18919304609298707
At time: 9.027916193008423 accuracy is 0.90625 and loss is 0.2822688579559326
At time: 9.279989242553711 accuracy is 0.9 and loss is 0.24176018238067626
At time: 9.535094261169434 accuracy is 0.9359375 and loss is 0.1534474492073059
At time: 9.798646926879883 accuracy is 0.8921875 and loss is 0.2687859058380127
At time: 10.068726539611816 accuracy is 0.9421875 and loss is 0.1661987781524658
At time: 10.344656467437744 accuracy is 0.9375 and loss is 0.15665844678878785
At time: 10.631757259368896 accuracy is 0.9328125 and loss is 0.16622986793518066
At time: 10.927115440368652 accuracy is 0.9078125 and loss is 0.23770453929901122
At time: 11.236912965774536 accuracy is 0.9515625 and loss is 0.15396865606307983
Evaluating...
Done Evaluating: Achieved accuracy of 0.796875
Not better for 2
Completing Train Step at 3th epoch...
At time: 11.926038265228271 accuracy is 0.86875 and loss is 0.33771653175354005
At time: 12.15949559211731 accuracy is 0.9171875 and loss is 0.24073193073272706
At time: 12.396783590316772 accuracy is 0.9484375 and loss is 0.12393475770950317
At time: 12.64131236076355 accuracy is 0.9171875 and loss is 0.21190121173858642
At time: 12.889837980270386 accuracy is 0.946875 and loss is 0.12445005178451538
At time: 13.147169828414917 accuracy is 0.9453125 and loss is 0.12327570915222168
At time: 13.412124156951904 accuracy is 0.94375 and loss is 0.13884782791137695
At time: 13.685670852661133 accuracy is 0.9765625 and loss is 0.06386860609054565
At time: 13.967572450637817 accuracy is 0.9578125 and loss is 0.10313409566879272
At time: 14.25697660446167 accuracy is 0.9671875 and loss is 0.10521080493927001
At time: 14.570139646530151 accuracy is 0.953125 and loss is 0.13178499937057495
At time: 14.902668952941895 accuracy is 0.978125 and loss is 0.07097188830375671
Evaluating...
Done Evaluating: Achieved accuracy of 0.8660714285714286
Achieved new best!
Completing Train Step at 4th epoch...
At time: 15.602111577987671 accuracy is 0.9203125 and loss is 0.22321865558624268
At time: 15.847509622573853 accuracy is 0.9546875 and loss is 0.11386445760726929
At time: 16.09697985649109 accuracy is 0.9765625 and loss is 0.06618274450302124
At time: 16.350425243377686 accuracy is 0.9546875 and loss is 0.08250030279159545
At time: 16.59932041168213 accuracy is 0.96875 and loss is 0.06689232587814331
At time: 16.85470938682556 accuracy is 0.9625 and loss is 0.09886813759803773
At time: 17.120062112808228 accuracy is 0.9640625 and loss is 0.08954657912254334
At time: 17.390076637268066 accuracy is 0.9875 and loss is 0.03647567629814148
At time: 17.669349908828735 accuracy is 0.9609375 and loss is 0.13423287868499756
At time: 17.95572257041931 accuracy is 0.9765625 and loss is 0.04629832804203034
At time: 18.252482652664185 accuracy is 0.9859375 and loss is 0.04624894857406616
At time: 18.56545400619507 accuracy is 0.990625 and loss is 0.04392085373401642
Evaluating...
Done Evaluating: Achieved accuracy of 0.8370535714285714
Not better for 1
Completing Train Step at 5th epoch...
At time: 19.253459215164185 accuracy is 0.953125 and loss is 0.16653252840042115
At time: 19.488800287246704 accuracy is 0.9671875 and loss is 0.08528677821159363
At time: 19.73111319541931 accuracy is 0.9953125 and loss is 0.03138191998004913
At time: 19.982049465179443 accuracy is 0.9734375 and loss is 0.09445393085479736
At time: 20.232442140579224 accuracy is 0.975 and loss is 0.07161127328872681
At time: 20.49414038658142 accuracy is 0.978125 and loss is 0.04732919037342072
At time: 20.766221046447754 accuracy is 0.9671875 and loss is 0.0985676884651184
At time: 21.03718328475952 accuracy is 0.9671875 and loss is 0.07938125729560852
At time: 21.314053297042847 accuracy is 0.9859375 and loss is 0.027414605021476746
At time: 21.60193657875061 accuracy is 0.9828125 and loss is 0.048784267902374265
At time: 21.902997493743896 accuracy is 0.9765625 and loss is 0.052474033832550046
At time: 22.22286081314087 accuracy is 0.9875 and loss is 0.026835834980010985
Evaluating...
Done Evaluating: Achieved accuracy of 0.8091517857142857
Not better for 2
Completing Train Step at 6th epoch...
At time: 22.911205768585205 accuracy is 0.9421875 and loss is 0.19326133728027345
At time: 23.150806427001953 accuracy is 0.9765625 and loss is 0.07502381205558777
At time: 23.395303964614868 accuracy is 0.98125 and loss is 0.05297371745109558
At time: 23.648256301879883 accuracy is 0.9875 and loss is 0.03517107665538788
At time: 23.905863046646118 accuracy is 0.9875 and loss is 0.033868876099586484
At time: 24.171072959899902 accuracy is 0.990625 and loss is 0.025556197762489317
At time: 24.440154790878296 accuracy is 0.9875 and loss is 0.036158213019371034
At time: 24.716707944869995 accuracy is 0.9890625 and loss is 0.021063990890979767
At time: 25.006606578826904 accuracy is 0.9921875 and loss is 0.021352143585681917
At time: 25.302706480026245 accuracy is 0.9875 and loss is 0.02897499203681946
At time: 25.60839557647705 accuracy is 0.9890625 and loss is 0.02973334491252899
At time: 25.930737257003784 accuracy is 0.996875 and loss is 0.02049345225095749
Evaluating...
Done Evaluating: Achieved accuracy of 0.8537946428571429
Not better for 3
Completing Train Step at 7th epoch...
At time: 26.62842297554016 accuracy is 0.9609375 and loss is 0.10563766956329346
At time: 26.863640785217285 accuracy is 0.99375 and loss is 0.03693445026874542
At time: 27.103816986083984 accuracy is 0.990625 and loss is 0.02268182933330536
At time: 27.349034786224365 accuracy is 0.9875 and loss is 0.03343444168567657
At time: 27.59884786605835 accuracy is 0.990625 and loss is 0.028593188524246214
At time: 27.857780933380127 accuracy is 0.99375 and loss is 0.01287102848291397
At time: 28.123809099197388 accuracy is 0.9890625 and loss is 0.0334193617105484
At time: 28.394848823547363 accuracy is 0.9953125 and loss is 0.020627050101757048
At time: 28.670989274978638 accuracy is 0.99375 and loss is 0.02341163456439972
At time: 28.957722663879395 accuracy is 0.9953125 and loss is 0.008555955439805984
At time: 29.257882595062256 accuracy is 0.9953125 and loss is 0.01161552369594574
At time: 29.573931455612183 accuracy is 1.0 and loss is 0.004087338596582413
Evaluating...
Done Evaluating: Achieved accuracy of 0.8470982142857143
Not better for 4
Completing Train Step at 8th epoch...
At time: 30.26174545288086 accuracy is 0.96875 and loss is 0.08131513595581055
At time: 30.495051383972168 accuracy is 0.9921875 and loss is 0.029493796825408935
At time: 30.735445499420166 accuracy is 0.9875 and loss is 0.028789663314819337
At time: 30.984464406967163 accuracy is 0.990625 and loss is 0.020837977528572083
At time: 31.2329683303833 accuracy is 0.9859375 and loss is 0.03536958396434784
At time: 31.48823046684265 accuracy is 0.9984375 and loss is 0.00809434950351715
At time: 31.75180149078369 accuracy is 0.99375 and loss is 0.01798161566257477
At time: 32.02332377433777 accuracy is 0.996875 and loss is 0.008440497517585754
At time: 32.302812337875366 accuracy is 0.9921875 and loss is 0.016470848023891448
At time: 32.59044671058655 accuracy is 0.996875 and loss is 0.010997165739536286
At time: 32.88906192779541 accuracy is 0.99375 and loss is 0.02033267915248871
At time: 33.202412605285645 accuracy is 0.996875 and loss is 0.008465947955846787
Evaluating...
Done Evaluating: Achieved accuracy of 0.8415178571428571
Not better for 5
Completing Train Step at 9th epoch...
At time: 33.89119267463684 accuracy is 0.9859375 and loss is 0.05923008918762207
At time: 34.126625299453735 accuracy is 0.99375 and loss is 0.01682303100824356
At time: 34.36457276344299 accuracy is 0.996875 and loss is 0.010101798176765441
At time: 34.61008882522583 accuracy is 0.9890625 and loss is 0.04660365879535675
At time: 34.857890367507935 accuracy is 0.9875 and loss is 0.03719193935394287
At time: 35.116400480270386 accuracy is 0.996875 and loss is 0.014673864841461182
At time: 35.38103675842285 accuracy is 0.9921875 and loss is 0.026890116930007934
At time: 35.65076923370361 accuracy is 0.99375 and loss is 0.01130967289209366
At time: 35.93065142631531 accuracy is 0.99375 and loss is 0.02702130377292633
At time: 36.2189302444458 accuracy is 0.9953125 and loss is 0.01549525409936905
At time: 36.51855516433716 accuracy is 0.99375 and loss is 0.02259715646505356
At time: 36.83360457420349 accuracy is 0.99375 and loss is 0.012087445706129074
Evaluating...
Done Evaluating: Achieved accuracy of 0.8370535714285714
Not better for 6
Completing Train Step at 10th epoch...
At time: 37.51975679397583 accuracy is 0.98125 and loss is 0.049676543474197386
At time: 37.75728964805603 accuracy is 0.9921875 and loss is 0.02057560086250305
At time: 37.99819827079773 accuracy is 0.996875 and loss is 0.010986649245023728
At time: 38.24367022514343 accuracy is 0.9828125 and loss is 0.05060105919837952
At time: 38.49463200569153 accuracy is 0.98125 and loss is 0.0360603928565979
At time: 38.75353264808655 accuracy is 0.9953125 and loss is 0.018960443139076234
At time: 39.01793670654297 accuracy is 0.9890625 and loss is 0.032344916462898256
At time: 39.289183139801025 accuracy is 0.990625 and loss is 0.022441445291042326
At time: 39.56881809234619 accuracy is 0.9890625 and loss is 0.03825973272323609
At time: 39.85841202735901 accuracy is 0.990625 and loss is 0.038751614093780515
At time: 40.15991282463074 accuracy is 0.9875 and loss is 0.03837732076644897
At time: 40.475369930267334 accuracy is 0.9921875 and loss is 0.018599642813205718
Evaluating...
Done Evaluating: Achieved accuracy of 0.8292410714285714
Not better for 7
Completing Train Step at 11th epoch...
At time: 41.169718742370605 accuracy is 0.9921875 and loss is 0.03633567690849304
At time: 41.40800976753235 accuracy is 0.9953125 and loss is 0.010782352834939956
At time: 41.64884805679321 accuracy is 0.9953125 and loss is 0.009556859731674194
At time: 41.89244604110718 accuracy is 0.9859375 and loss is 0.0474637895822525
At time: 42.14446973800659 accuracy is 0.984375 and loss is 0.03346399068832397
At time: 42.40219020843506 accuracy is 0.9953125 and loss is 0.012422773987054825
At time: 42.668615102767944 accuracy is 0.990625 and loss is 0.019658811390399933
At time: 42.9422504901886 accuracy is 0.9921875 and loss is 0.02791140377521515
At time: 43.220327615737915 accuracy is 0.984375 and loss is 0.08273481726646423
At time: 43.509026765823364 accuracy is 0.9828125 and loss is 0.05516725778579712
At time: 43.806970834732056 accuracy is 0.9875 and loss is 0.03879120945930481
At time: 44.12224268913269 accuracy is 0.9875 and loss is 0.03835451602935791
Evaluating...
Done Evaluating: Achieved accuracy of 0.8314732142857143
Not better for 8
Completing Train Step at 12th epoch...
At time: 44.8144474029541 accuracy is 0.99375 and loss is 0.030309042334556578
At time: 45.04763913154602 accuracy is 0.9953125 and loss is 0.011894169449806213
At time: 45.28526210784912 accuracy is 0.9984375 and loss is 0.0060790877789258955
At time: 45.527594327926636 accuracy is 0.9875 and loss is 0.03711929619312286
At time: 45.77996110916138 accuracy is 0.9890625 and loss is 0.031478673219680786
At time: 46.03698015213013 accuracy is 0.990625 and loss is 0.020449769496917725
At time: 46.299909591674805 accuracy is 0.990625 and loss is 0.022155551612377165
At time: 46.56956672668457 accuracy is 0.99375 and loss is 0.020745764672756194
At time: 46.846842527389526 accuracy is 0.9875 and loss is 0.04395762383937836
At time: 47.13457536697388 accuracy is 0.9796875 and loss is 0.046212980151176454
At time: 47.43713140487671 accuracy is 0.9953125 and loss is 0.020599615573883057
At time: 47.75218176841736 accuracy is 0.9859375 and loss is 0.03157587051391601
Evaluating...
Done Evaluating: Achieved accuracy of 0.8247767857142857
Not better for 9
Completing Train Step at 13th epoch...
At time: 48.44292116165161 accuracy is 0.9953125 and loss is 0.02907353639602661
At time: 48.68003797531128 accuracy is 0.996875 and loss is 0.014921467006206512
At time: 48.92435169219971 accuracy is 0.9953125 and loss is 0.010955167561769485
At time: 49.18577337265015 accuracy is 0.98125 and loss is 0.04607727527618408
At time: 49.44120454788208 accuracy is 0.984375 and loss is 0.04436351060867309
At time: 49.699631214141846 accuracy is 0.9921875 and loss is 0.0302354633808136
At time: 49.963374376297 accuracy is 0.9875 and loss is 0.03257821202278137
At time: 50.23684501647949 accuracy is 0.9921875 and loss is 0.028300315141677856
At time: 50.515902042388916 accuracy is 0.9859375 and loss is 0.04383271336555481
At time: 50.80303502082825 accuracy is 0.990625 and loss is 0.04876545071601868
At time: 51.10248351097107 accuracy is 0.9859375 and loss is 0.04022518992424011
At time: 51.417325496673584 accuracy is 0.9875 and loss is 0.03793706297874451
Evaluating...
Done Evaluating: Achieved accuracy of 0.8292410714285714
Not better for 10
Model not improving. Stopping earlyat 0.8660714285714286 epochs.
Done Training. Achieved Best Accuracy of 0.8660714285714286
Improved accuracyfrom 0.859375 to 0.8660714285714286
mlpattn
SETTINGS FOR THIS RUN
{'dropout': 0.8825807077119918, 'l2': 0.9866692120524972, 'lr': 0.0024564377090400577, 'batch_size': 32, 'fix_pretrained': None, 'tune_wordvecs': True, 'attn_type': 'MLP', 'attention_dim': 65, 'hidden_size': 300, 'wordvec_source': 'None', 'pretrained': None, 'num_layers': 2, 'rnn_dropout': 0.37439473771914666, 'wordvec_dim': 300}
Using CUDA!
MLP
Building RNN Classifier...

[93m    Warning: no model found for 'en'[0m

    Only loading the 'en' tokenizer.

Retrieving Data from file: /home-nfs/siddsach/ml/Interpreting-Attention/data/mpqa/subj_clf_labels.pickle...
Loading Vectors From Memory...
Not using pretrained wordvectors
Building Vocab...
[]
Getting Batches...
Created Iterator with 258 batches
Getting Batches...
Created Iterator with 29 batches
Building model...
MLP
Using Attention model with following args:
{'tune_attn': 'True', 'vocab_size': 15944, 'num_layers': 2, 'batch_size': 32, 'num_classes': 2, 'attn_type': 'MLP', 'dropout': 0.8825807077119918, 'train_word_vecs': True, 'vectors': None, 'input_size': 300, 'hidden_size': 300, 'rnn_dropout': 0.37439473771914666, 'attention_dim': 65, 'cuda': True}
Begin Training...
Completing Train Step at 0th epoch...
At time: 0.267059326171875 accuracy is 0.5453125 and loss is 0.724247932434082
At time: 0.5183711051940918 accuracy is 0.51875 and loss is 0.6949481010437012
At time: 0.7805955410003662 accuracy is 0.6546875 and loss is 0.6858293533325195
At time: 1.049980640411377 accuracy is 0.6390625 and loss is 0.6139253139495849
At time: 1.3287672996520996 accuracy is 0.7203125 and loss is 0.5423840045928955
At time: 1.6188719272613525 accuracy is 0.78125 and loss is 0.48905253410339355
At time: 1.92087984085083 accuracy is 0.671875 and loss is 0.6039301872253418
At time: 2.2352895736694336 accuracy is 0.80625 and loss is 0.4352691650390625
At time: 2.5590410232543945 accuracy is 0.834375 and loss is 0.41649560928344725
At time: 2.89819598197937 accuracy is 0.809375 and loss is 0.473284387588501
At time: 3.2535226345062256 accuracy is 0.828125 and loss is 0.40386133193969725
At time: 3.636934995651245 accuracy is 0.8625 and loss is 0.36269383430480956
Evaluating...
Done Evaluating: Achieved accuracy of 0.84375
Achieved new best!
Completing Train Step at 1th epoch...
At time: 4.394808292388916 accuracy is 0.809375 and loss is 0.5324788570404053
At time: 4.631250619888306 accuracy is 0.7875 and loss is 0.49897017478942873
At time: 4.86980938911438 accuracy is 0.8671875 and loss is 0.3293365716934204
At time: 5.114490509033203 accuracy is 0.85625 and loss is 0.3189005136489868
At time: 5.363451719284058 accuracy is 0.9046875 and loss is 0.22201554775238036
At time: 5.6203227043151855 accuracy is 0.8984375 and loss is 0.23431577682495117
At time: 5.882862567901611 accuracy is 0.86875 and loss is 0.31615409851074217
At time: 6.152307748794556 accuracy is 0.9171875 and loss is 0.19833927154541015
At time: 6.432780027389526 accuracy is 0.9140625 and loss is 0.22278831005096436
At time: 6.719710826873779 accuracy is 0.89375 and loss is 0.2451990842819214
At time: 7.017544746398926 accuracy is 0.93125 and loss is 0.17545807361602783
At time: 7.33012843132019 accuracy is 0.940625 and loss is 0.15039728879928588
Evaluating...
Done Evaluating: Achieved accuracy of 0.8515625
Achieved new best!
Completing Train Step at 2th epoch...
At time: 8.04064679145813 accuracy is 0.878125 and loss is 0.3626657247543335
At time: 8.274891138076782 accuracy is 0.8890625 and loss is 0.24449501037597657
At time: 8.511908292770386 accuracy is 0.9453125 and loss is 0.1264724016189575
At time: 8.753241539001465 accuracy is 0.9484375 and loss is 0.11486189365386963
At time: 9.003710985183716 accuracy is 0.95 and loss is 0.13136202096939087
At time: 9.26435136795044 accuracy is 0.9609375 and loss is 0.11948602199554444
At time: 9.527018070220947 accuracy is 0.9546875 and loss is 0.12933564186096191
At time: 9.794839859008789 accuracy is 0.9640625 and loss is 0.10402603149414062
At time: 10.070769548416138 accuracy is 0.9578125 and loss is 0.1135755181312561
At time: 10.357325077056885 accuracy is 0.94375 and loss is 0.14917029142379762
At time: 10.65579891204834 accuracy is 0.971875 and loss is 0.09646719098091125
At time: 10.969381093978882 accuracy is 0.98125 and loss is 0.06997855901718139
Evaluating...
Done Evaluating: Achieved accuracy of 0.8482142857142857
Not better for 1
Completing Train Step at 3th epoch...
At time: 11.662925004959106 accuracy is 0.9421875 and loss is 0.20800330638885497
At time: 11.9033682346344 accuracy is 0.953125 and loss is 0.1193083643913269
At time: 12.147940635681152 accuracy is 0.94375 and loss is 0.1364420771598816
At time: 12.393575429916382 accuracy is 0.9734375 and loss is 0.07758699655532837
At time: 12.644317865371704 accuracy is 0.98125 and loss is 0.06331458091735839
At time: 12.900635004043579 accuracy is 0.9890625 and loss is 0.03357292711734772
At time: 13.162232637405396 accuracy is 0.9609375 and loss is 0.11143739223480224
At time: 13.430175304412842 accuracy is 0.9828125 and loss is 0.05249089002609253
At time: 13.706621408462524 accuracy is 0.9859375 and loss is 0.030488666892051697
At time: 13.9914870262146 accuracy is 0.98125 and loss is 0.058095550537109374
At time: 14.286390542984009 accuracy is 0.990625 and loss is 0.02492738366127014
At time: 14.596919298171997 accuracy is 0.9984375 and loss is 0.02480534464120865
Evaluating...
Done Evaluating: Achieved accuracy of 0.7879464285714286
Not better for 2
Completing Train Step at 4th epoch...
At time: 15.299279928207397 accuracy is 0.9625 and loss is 0.14124597311019899
At time: 15.532843828201294 accuracy is 0.9421875 and loss is 0.14917434453964235
At time: 15.77045464515686 accuracy is 0.9828125 and loss is 0.05469694137573242
At time: 16.014085292816162 accuracy is 0.98125 and loss is 0.05845598578453064
At time: 16.265045166015625 accuracy is 0.96875 and loss is 0.07192702889442444
At time: 16.52236247062683 accuracy is 0.9765625 and loss is 0.07772961258888245
At time: 16.784202337265015 accuracy is 0.9671875 and loss is 0.09192962050437928
At time: 17.05130624771118 accuracy is 0.990625 and loss is 0.026261845231056215
At time: 17.326912879943848 accuracy is 0.9890625 and loss is 0.027702990174293517
At time: 17.61333656311035 accuracy is 0.978125 and loss is 0.05727470517158508
At time: 17.912274837493896 accuracy is 0.9875 and loss is 0.03408799171447754
At time: 18.225062370300293 accuracy is 0.9890625 and loss is 0.033934733271598815
Evaluating...
Done Evaluating: Achieved accuracy of 0.8638392857142857
Achieved new best!
Completing Train Step at 5th epoch...
At time: 18.91092038154602 accuracy is 0.9859375 and loss is 0.07456021904945373
At time: 19.14667773246765 accuracy is 0.9703125 and loss is 0.07543648481369018
At time: 19.38516116142273 accuracy is 0.99375 and loss is 0.020753228664398195
At time: 19.628253698349 accuracy is 0.9953125 and loss is 0.02004372328519821
At time: 19.880451679229736 accuracy is 0.9859375 and loss is 0.049588796496391294
At time: 20.134555339813232 accuracy is 0.9796875 and loss is 0.05736236572265625
At time: 20.40104389190674 accuracy is 0.984375 and loss is 0.03541808128356934
At time: 20.67265558242798 accuracy is 0.99375 and loss is 0.025228941440582277
At time: 20.95093846321106 accuracy is 0.984375 and loss is 0.034421366453170774
At time: 21.23732829093933 accuracy is 0.9890625 and loss is 0.0272219181060791
At time: 21.533838510513306 accuracy is 0.9875 and loss is 0.042523396015167234
At time: 21.8473162651062 accuracy is 0.9875 and loss is 0.042312788963317874
Evaluating...
Done Evaluating: Achieved accuracy of 0.8560267857142857
Not better for 1
Completing Train Step at 6th epoch...
At time: 22.539150953292847 accuracy is 0.9734375 and loss is 0.09227360486984253
At time: 22.77492380142212 accuracy is 0.98125 and loss is 0.04724614918231964
At time: 23.01252007484436 accuracy is 0.9875 and loss is 0.030994391441345213
At time: 23.255908250808716 accuracy is 0.9875 and loss is 0.02792471945285797
At time: 23.506799936294556 accuracy is 0.9859375 and loss is 0.058022475242614745
At time: 23.76492166519165 accuracy is 0.9921875 and loss is 0.023051375150680543
At time: 24.029572010040283 accuracy is 0.9890625 and loss is 0.03052813410758972
At time: 24.299174785614014 accuracy is 0.9546875 and loss is 0.11586453914642333
At time: 24.578217267990112 accuracy is 0.9921875 and loss is 0.02734423279762268
At time: 24.87381863594055 accuracy is 0.9953125 and loss is 0.014469347894191742
At time: 25.184563636779785 accuracy is 0.990625 and loss is 0.015977358818054198
At time: 25.51153254508972 accuracy is 0.990625 and loss is 0.03191543817520141
Evaluating...
Done Evaluating: Achieved accuracy of 0.7700892857142857
Not better for 2
Completing Train Step at 7th epoch...
At time: 26.236581087112427 accuracy is 0.975 and loss is 0.07378689646720886
At time: 26.494386911392212 accuracy is 0.9875 and loss is 0.0572129487991333
At time: 26.751014709472656 accuracy is 0.990625 and loss is 0.01981015205383301
At time: 27.010546445846558 accuracy is 0.996875 and loss is 0.01568218171596527
At time: 27.28137469291687 accuracy is 0.9875 and loss is 0.04224191308021545
At time: 27.550958156585693 accuracy is 0.978125 and loss is 0.04822847247123718
At time: 27.829373359680176 accuracy is 0.9859375 and loss is 0.034269201755523684
At time: 28.099621772766113 accuracy is 0.9953125 and loss is 0.010747744888067245
At time: 28.375271797180176 accuracy is 0.990625 and loss is 0.018777267634868623
At time: 28.66198468208313 accuracy is 0.9984375 and loss is 0.006167136132717133
At time: 28.9604012966156 accuracy is 0.9953125 and loss is 0.020238572359085084
At time: 29.273850679397583 accuracy is 0.9890625 and loss is 0.01974988877773285
Evaluating...
Done Evaluating: Achieved accuracy of 0.8482142857142857
Not better for 3
Completing Train Step at 8th epoch...
At time: 29.96046257019043 accuracy is 0.990625 and loss is 0.04100317656993866
At time: 30.19364023208618 accuracy is 0.996875 and loss is 0.011064855754375458
At time: 30.431097269058228 accuracy is 0.9921875 and loss is 0.015411779284477234
At time: 30.67390727996826 accuracy is 0.9921875 and loss is 0.017666761577129365
At time: 30.923654556274414 accuracy is 0.9828125 and loss is 0.05724465847015381
At time: 31.180755138397217 accuracy is 0.9953125 and loss is 0.010781902074813842
At time: 31.444487810134888 accuracy is 0.990625 and loss is 0.02915616035461426
At time: 31.713345289230347 accuracy is 0.98125 and loss is 0.06780437231063843
At time: 31.989355087280273 accuracy is 0.990625 and loss is 0.03227165043354034
At time: 32.2766375541687 accuracy is 0.9875 and loss is 0.03534174263477326
At time: 32.57666993141174 accuracy is 1.0 and loss is 0.001101626642048359
At time: 32.88974928855896 accuracy is 0.9921875 and loss is 0.03134719133377075
Evaluating...
Done Evaluating: Achieved accuracy of 0.8180803571428571
Not better for 4
Completing Train Step at 9th epoch...
At time: 33.57796049118042 accuracy is 0.996875 and loss is 0.025887039303779603
At time: 33.81011652946472 accuracy is 0.9953125 and loss is 0.012129109352827072
At time: 34.04884958267212 accuracy is 0.9984375 and loss is 0.0063857629895210264
At time: 34.295183420181274 accuracy is 1.0 and loss is 0.005202188715338707
At time: 34.54326844215393 accuracy is 0.9921875 and loss is 0.02424691915512085
At time: 34.79822015762329 accuracy is 0.9875 and loss is 0.05618935823440552
At time: 35.06173038482666 accuracy is 0.9859375 and loss is 0.04065784811973572
At time: 35.330235958099365 accuracy is 0.99375 and loss is 0.016234177350997924
At time: 35.606382608413696 accuracy is 0.9984375 and loss is 0.006571861356496811
At time: 35.892733097076416 accuracy is 0.99375 and loss is 0.025379458069801332
At time: 36.19113850593567 accuracy is 0.9953125 and loss is 0.011700090020895004
At time: 36.503559827804565 accuracy is 1.0 and loss is 0.00020546894520521164
Evaluating...
Done Evaluating: Achieved accuracy of 0.8515625
Not better for 5
Completing Train Step at 10th epoch...
At time: 37.193190574645996 accuracy is 0.996875 and loss is 0.021386507153511047
At time: 37.43096160888672 accuracy is 0.9953125 and loss is 0.015346737205982208
At time: 37.671008825302124 accuracy is 0.9953125 and loss is 0.009335444867610931
At time: 37.91485929489136 accuracy is 0.9953125 and loss is 0.01185951977968216
At time: 38.163453340530396 accuracy is 0.9953125 and loss is 0.024723020195961
At time: 38.41756582260132 accuracy is 0.996875 and loss is 0.011084246635437011
At time: 38.68232274055481 accuracy is 0.9796875 and loss is 0.08094009160995483
At time: 38.95225644111633 accuracy is 0.98125 and loss is 0.05934494733810425
At time: 39.227779150009155 accuracy is 0.990625 and loss is 0.033193564414978026
At time: 39.51391005516052 accuracy is 0.990625 and loss is 0.026914209127426147
At time: 39.812501430511475 accuracy is 0.9921875 and loss is 0.027917852997779845
At time: 40.12466597557068 accuracy is 0.9984375 and loss is 0.0062862738966941835
Evaluating...
Done Evaluating: Achieved accuracy of 0.8537946428571429
Not better for 6
Completing Train Step at 11th epoch...
At time: 40.8116512298584 accuracy is 0.99375 and loss is 0.01890352666378021
At time: 41.04944682121277 accuracy is 0.99375 and loss is 0.01627397835254669
At time: 41.29646301269531 accuracy is 0.9953125 and loss is 0.0072759464383125305
At time: 41.54820513725281 accuracy is 0.9921875 and loss is 0.03766130805015564
At time: 41.80801749229431 accuracy is 0.9953125 and loss is 0.02660246193408966
At time: 42.08487343788147 accuracy is 0.996875 and loss is 0.01459093987941742
At time: 42.366026401519775 accuracy is 0.9984375 and loss is 0.010480055212974548
At time: 42.64610481262207 accuracy is 0.9953125 and loss is 0.0158153235912323
At time: 42.934978723526 accuracy is 0.996875 and loss is 0.00869724154472351
At time: 43.23266553878784 accuracy is 0.9953125 and loss is 0.013163422048091889
At time: 43.53906583786011 accuracy is 0.9875 and loss is 0.03156635761260986
At time: 43.8603618144989 accuracy is 0.996875 and loss is 0.00617394857108593
Evaluating...
Done Evaluating: Achieved accuracy of 0.8526785714285714
Not better for 7
Completing Train Step at 12th epoch...
At time: 44.58816337585449 accuracy is 0.9984375 and loss is 0.010990328341722488
At time: 44.82885217666626 accuracy is 0.99375 and loss is 0.01938553750514984
At time: 45.07114386558533 accuracy is 0.99375 and loss is 0.019636364281177522
At time: 45.317118406295776 accuracy is 0.9890625 and loss is 0.026702681183815004
At time: 45.56789803504944 accuracy is 0.9890625 and loss is 0.03461612164974213
At time: 45.82513236999512 accuracy is 0.996875 and loss is 0.00931641310453415
At time: 46.08873271942139 accuracy is 0.9984375 and loss is 0.005456016957759857
At time: 46.36067056655884 accuracy is 0.9953125 and loss is 0.012733705341815948
At time: 46.63824152946472 accuracy is 0.996875 and loss is 0.02440122365951538
At time: 46.927165031433105 accuracy is 0.99375 and loss is 0.011484572291374206
At time: 47.229633808135986 accuracy is 0.996875 and loss is 0.005336259305477142
At time: 47.550374031066895 accuracy is 0.9953125 and loss is 0.01708468496799469
Evaluating...
Done Evaluating: Achieved accuracy of 0.8560267857142857
Not better for 8
Completing Train Step at 13th epoch...
At time: 48.26571178436279 accuracy is 1.0 and loss is 0.007362872362136841
At time: 48.52124547958374 accuracy is 0.99375 and loss is 0.015159866213798523
At time: 48.77062010765076 accuracy is 1.0 and loss is 0.004410923272371292
At time: 49.02397131919861 accuracy is 0.9953125 and loss is 0.015676315128803252
At time: 49.286362648010254 accuracy is 0.99375 and loss is 0.014673355221748351
At time: 49.54860734939575 accuracy is 0.996875 and loss is 0.01573898196220398
At time: 49.82398009300232 accuracy is 1.0 and loss is 0.0017926175147294997
At time: 50.10575771331787 accuracy is 0.9984375 and loss is 0.003128159046173096
At time: 50.39224123954773 accuracy is 0.9984375 and loss is 0.012196025997400283
At time: 50.68817114830017 accuracy is 0.9984375 and loss is 0.004051557928323746
At time: 50.99626660346985 accuracy is 0.996875 and loss is 0.010178403556346893
At time: 51.32067894935608 accuracy is 0.99375 and loss is 0.01512243002653122
Evaluating...
Done Evaluating: Achieved accuracy of 0.8448660714285714
Not better for 9
Completing Train Step at 14th epoch...
At time: 52.018534660339355 accuracy is 0.9984375 and loss is 0.006674829125404358
At time: 52.25481557846069 accuracy is 0.996875 and loss is 0.01299387514591217
At time: 52.49698066711426 accuracy is 1.0 and loss is 0.0019732819870114326
At time: 52.75107383728027 accuracy is 0.990625 and loss is 0.04320665001869202
At time: 53.02132964134216 accuracy is 0.9875 and loss is 0.017631520330905915
At time: 53.2963752746582 accuracy is 0.996875 and loss is 0.012574747204780579
At time: 53.57699680328369 accuracy is 0.996875 and loss is 0.009300103038549423
At time: 53.86748695373535 accuracy is 0.9984375 and loss is 0.004993482679128647
At time: 54.165191411972046 accuracy is 0.990625 and loss is 0.03229763805866241
At time: 54.47045564651489 accuracy is 0.9953125 and loss is 0.022028689086437226
At time: 54.7808952331543 accuracy is 0.9953125 and loss is 0.018246030807495116
At time: 55.10255527496338 accuracy is 0.99375 and loss is 0.017783981561660767
Evaluating...
Done Evaluating: Achieved accuracy of 0.8571428571428571
Not better for 10
Model not improving. Stopping earlyat 0.8638392857142857 epochs.
Done Training. Achieved Best Accuracy of 0.8638392857142857
mlpattn
SETTINGS FOR THIS RUN
{'dropout': 0.3391964196888363, 'l2': 0.03695995967163268, 'lr': 0.001549819905883873, 'batch_size': 32, 'fix_pretrained': None, 'tune_wordvecs': True, 'attn_type': 'MLP', 'attention_dim': 22, 'hidden_size': 300, 'wordvec_source': 'None', 'pretrained': None, 'num_layers': 2, 'rnn_dropout': 0.08867254648107481, 'wordvec_dim': 300}
Using CUDA!
MLP
Building RNN Classifier...

[93m    Warning: no model found for 'en'[0m

    Only loading the 'en' tokenizer.

Retrieving Data from file: /home-nfs/siddsach/ml/Interpreting-Attention/data/mpqa/subj_clf_labels.pickle...
Loading Vectors From Memory...
Not using pretrained wordvectors
Building Vocab...
[]
Getting Batches...
Created Iterator with 258 batches
Getting Batches...
Created Iterator with 29 batches
Building model...
MLP
Using Attention model with following args:
{'tune_attn': 'True', 'vocab_size': 15944, 'num_layers': 2, 'batch_size': 32, 'num_classes': 2, 'attn_type': 'MLP', 'dropout': 0.3391964196888363, 'train_word_vecs': True, 'vectors': None, 'input_size': 300, 'hidden_size': 300, 'rnn_dropout': 0.08867254648107481, 'attention_dim': 22, 'cuda': True}
Begin Training...
Completing Train Step at 0th epoch...
At time: 0.2841620445251465 accuracy is 0.5390625 and loss is 0.7179643630981445
At time: 0.5494523048400879 accuracy is 0.521875 and loss is 0.7124017715454102
At time: 0.8212640285491943 accuracy is 0.6203125 and loss is 0.6725381851196289
At time: 1.0995044708251953 accuracy is 0.634375 and loss is 0.6381834030151368
At time: 1.3828434944152832 accuracy is 0.7125 and loss is 0.5849440574645997
At time: 1.6848571300506592 accuracy is 0.7453125 and loss is 0.5676738262176514
At time: 2.002153158187866 accuracy is 0.690625 and loss is 0.5940275669097901
At time: 2.330035448074341 accuracy is 0.815625 and loss is 0.4312755584716797
At time: 2.6716654300689697 accuracy is 0.8046875 and loss is 0.4393517017364502
At time: 3.0182762145996094 accuracy is 0.8421875 and loss is 0.4021329402923584
At time: 3.384263753890991 accuracy is 0.834375 and loss is 0.3718206167221069
At time: 3.7747812271118164 accuracy is 0.8546875 and loss is 0.3614026069641113
Evaluating...
Done Evaluating: Achieved accuracy of 0.8125
Achieved new best!
Completing Train Step at 1th epoch...
At time: 4.560327529907227 accuracy is 0.7578125 and loss is 0.5749236106872558
At time: 4.8070948123931885 accuracy is 0.775 and loss is 0.5173437595367432
At time: 5.05739164352417 accuracy is 0.825 and loss is 0.3867953300476074
At time: 5.307027339935303 accuracy is 0.821875 and loss is 0.4210634708404541
At time: 5.5556933879852295 accuracy is 0.8609375 and loss is 0.3372046947479248
At time: 5.8132617473602295 accuracy is 0.846875 and loss is 0.31531152725219724
At time: 6.076608180999756 accuracy is 0.8640625 and loss is 0.3213662147521973
At time: 6.347095489501953 accuracy is 0.9 and loss is 0.23524770736694336
At time: 6.6236066818237305 accuracy is 0.9078125 and loss is 0.2412278175354004
At time: 6.9100799560546875 accuracy is 0.890625 and loss is 0.24038379192352294
At time: 7.207343816757202 accuracy is 0.9296875 and loss is 0.1953176498413086
At time: 7.520849704742432 accuracy is 0.93125 and loss is 0.21343457698822021
Evaluating...
Done Evaluating: Achieved accuracy of 0.8470982142857143
Achieved new best!
Completing Train Step at 2th epoch...
At time: 8.212091207504272 accuracy is 0.815625 and loss is 0.43645243644714354
At time: 8.448549270629883 accuracy is 0.8890625 and loss is 0.2865102291107178
At time: 8.690064191818237 accuracy is 0.95 and loss is 0.15387799739837646
At time: 8.938000917434692 accuracy is 0.90625 and loss is 0.314107871055603
At time: 9.18795132637024 accuracy is 0.928125 and loss is 0.18052860498428344
At time: 9.443864107131958 accuracy is 0.9453125 and loss is 0.12374781370162964
At time: 9.706685066223145 accuracy is 0.953125 and loss is 0.12614569664001465
At time: 9.975598573684692 accuracy is 0.9484375 and loss is 0.1396624803543091
At time: 10.251840114593506 accuracy is 0.9578125 and loss is 0.10859103202819824
At time: 10.537867069244385 accuracy is 0.953125 and loss is 0.13098617792129516
At time: 10.83569598197937 accuracy is 0.959375 and loss is 0.11569151878356934
At time: 11.147833824157715 accuracy is 0.971875 and loss is 0.09166655540466309
Evaluating...
Done Evaluating: Achieved accuracy of 0.8080357142857143
Not better for 1
Completing Train Step at 3th epoch...
At time: 11.841331005096436 accuracy is 0.91875 and loss is 0.3254947900772095
At time: 12.075189352035522 accuracy is 0.9515625 and loss is 0.1551530361175537
At time: 12.320850849151611 accuracy is 0.9734375 and loss is 0.06232289671897888
At time: 12.563805341720581 accuracy is 0.94375 and loss is 0.1978142499923706
At time: 12.812563180923462 accuracy is 0.959375 and loss is 0.12277019023895264
At time: 13.069324731826782 accuracy is 0.9703125 and loss is 0.08636841177940369
At time: 13.333564519882202 accuracy is 0.953125 and loss is 0.11623857021331788
At time: 13.603301048278809 accuracy is 0.9640625 and loss is 0.11301846504211426
At time: 13.883768320083618 accuracy is 0.96875 and loss is 0.08840123414993287
At time: 14.17029333114624 accuracy is 0.9765625 and loss is 0.06433022618293763
At time: 14.467191696166992 accuracy is 0.9671875 and loss is 0.08653667569160461
At time: 14.780152559280396 accuracy is 0.9515625 and loss is 0.11362076997756958
Evaluating...
Done Evaluating: Achieved accuracy of 0.8258928571428571
Not better for 2
Completing Train Step at 4th epoch...
At time: 15.470088958740234 accuracy is 0.8796875 and loss is 0.3317573547363281
At time: 15.70572304725647 accuracy is 0.9453125 and loss is 0.1449400305747986
At time: 15.942683219909668 accuracy is 0.99375 and loss is 0.0397752046585083
At time: 16.187469959259033 accuracy is 0.984375 and loss is 0.055189603567123414
At time: 16.43754768371582 accuracy is 0.99375 and loss is 0.022833791375160218
At time: 16.696189165115356 accuracy is 0.996875 and loss is 0.01260148286819458
At time: 16.961463689804077 accuracy is 0.9875 and loss is 0.042617177963256835
At time: 17.2323739528656 accuracy is 0.99375 and loss is 0.028634992241859437
At time: 17.51139259338379 accuracy is 0.971875 and loss is 0.0861657977104187
At time: 17.800191402435303 accuracy is 0.9515625 and loss is 0.10471972227096557
At time: 18.10100555419922 accuracy is 0.9765625 and loss is 0.09492371082305909
At time: 18.41926884651184 accuracy is 0.9703125 and loss is 0.09837696552276612
Evaluating...
Done Evaluating: Achieved accuracy of 0.8024553571428571
Not better for 3
Completing Train Step at 5th epoch...
At time: 19.114869594573975 accuracy is 0.9578125 and loss is 0.13273087739944459
At time: 19.353580713272095 accuracy is 0.975 and loss is 0.06137033104896546
At time: 19.593665599822998 accuracy is 0.9890625 and loss is 0.03457829058170318
At time: 19.837828159332275 accuracy is 0.9875 and loss is 0.03251221179962158
At time: 20.091837882995605 accuracy is 0.9609375 and loss is 0.09311230182647705
At time: 20.35202980041504 accuracy is 0.9734375 and loss is 0.05828547477722168
At time: 20.61630392074585 accuracy is 0.9671875 and loss is 0.09957894086837768
At time: 20.885537147521973 accuracy is 0.959375 and loss is 0.09742498397827148
At time: 21.16279363632202 accuracy is 0.975 and loss is 0.08607243299484253
At time: 21.450313568115234 accuracy is 0.9625 and loss is 0.12672209739685059
At time: 21.75013566017151 accuracy is 0.9859375 and loss is 0.02491637468338013
At time: 22.08130431175232 accuracy is 0.9796875 and loss is 0.06704386472702026
Evaluating...
Done Evaluating: Achieved accuracy of 0.8470982142857143
Achieved new best!
Completing Train Step at 6th epoch...
At time: 22.774447917938232 accuracy is 0.965625 and loss is 0.11310908794403077
At time: 23.01236319541931 accuracy is 0.990625 and loss is 0.046120834350585935
At time: 23.261380434036255 accuracy is 0.9984375 and loss is 0.011015041172504425
At time: 23.50204610824585 accuracy is 0.9984375 and loss is 0.01045668199658394
At time: 23.746631622314453 accuracy is 0.9953125 and loss is 0.020928198099136354
At time: 24.003241539001465 accuracy is 0.9765625 and loss is 0.04900231659412384
At time: 24.265626430511475 accuracy is 0.9859375 and loss is 0.03399544954299927
At time: 24.5394766330719 accuracy is 0.9875 and loss is 0.05617949962615967
At time: 24.815912008285522 accuracy is 0.9859375 and loss is 0.04329663217067718
At time: 25.102911949157715 accuracy is 0.9859375 and loss is 0.03741770386695862
At time: 25.39907193183899 accuracy is 0.9921875 and loss is 0.03131189346313477
At time: 25.71194338798523 accuracy is 0.9875 and loss is 0.0612470805644989
Evaluating...
Done Evaluating: Achieved accuracy of 0.8482142857142857
Achieved new best!
Completing Train Step at 7th epoch...
At time: 26.402791738510132 accuracy is 0.9765625 and loss is 0.06249666213989258
At time: 26.637112140655518 accuracy is 0.9828125 and loss is 0.05098291635513306
At time: 26.873886585235596 accuracy is 1.0 and loss is 0.0029354605823755263
At time: 27.118550777435303 accuracy is 0.9734375 and loss is 0.06655035614967346
At time: 27.369001626968384 accuracy is 0.98125 and loss is 0.04506792724132538
At time: 27.629384994506836 accuracy is 0.9796875 and loss is 0.05489330291748047
At time: 27.894198417663574 accuracy is 0.9671875 and loss is 0.07879006862640381
At time: 28.16125988960266 accuracy is 0.9953125 and loss is 0.014113317430019378
At time: 28.439491748809814 accuracy is 0.9765625 and loss is 0.12026877403259277
At time: 28.72571110725403 accuracy is 0.984375 and loss is 0.07427738308906555
At time: 29.030476331710815 accuracy is 0.9984375 and loss is 0.0028546519577503206
At time: 29.361194849014282 accuracy is 0.984375 and loss is 0.06228485107421875
Evaluating...
Done Evaluating: Achieved accuracy of 0.8537946428571429
Achieved new best!
Completing Train Step at 8th epoch...
At time: 30.070775032043457 accuracy is 0.9875 and loss is 0.05794360637664795
At time: 30.30460238456726 accuracy is 0.9953125 and loss is 0.027608144283294677
At time: 30.543189764022827 accuracy is 0.996875 and loss is 0.01270851045846939
At time: 30.787374258041382 accuracy is 1.0 and loss is 0.007593510299921035
At time: 31.033342599868774 accuracy is 0.9984375 and loss is 0.006848669052124024
At time: 31.288182973861694 accuracy is 0.9953125 and loss is 0.013984793424606323
At time: 31.552162170410156 accuracy is 0.996875 and loss is 0.007945923507213593
At time: 31.82298469543457 accuracy is 0.9953125 and loss is 0.014866980910301208
At time: 32.099372148513794 accuracy is 0.9984375 and loss is 0.008437135815620422
At time: 32.38415265083313 accuracy is 0.9984375 and loss is 0.008128530532121658
At time: 32.68180823326111 accuracy is 0.9828125 and loss is 0.04339951276779175
At time: 32.995447397232056 accuracy is 1.0 and loss is 0.0007016830146312714
Evaluating...
Done Evaluating: Achieved accuracy of 0.7979910714285714
Not better for 1
Completing Train Step at 9th epoch...
At time: 33.687018156051636 accuracy is 0.9703125 and loss is 0.0647954523563385
At time: 33.92317008972168 accuracy is 0.9859375 and loss is 0.02583353817462921
At time: 34.1609148979187 accuracy is 1.0 and loss is 0.001635720394551754
At time: 34.40260148048401 accuracy is 0.984375 and loss is 0.048224061727523804
At time: 34.650402307510376 accuracy is 0.990625 and loss is 0.041175460815429686
At time: 34.90928840637207 accuracy is 0.9921875 and loss is 0.030179113149642944
At time: 35.16993570327759 accuracy is 1.0 and loss is 0.00271492525935173
At time: 35.439534187316895 accuracy is 0.9625 and loss is 0.08257729411125184
At time: 35.71710443496704 accuracy is 0.975 and loss is 0.07088620066642762
At time: 36.002159118652344 accuracy is 1.0 and loss is 0.0017964931204915047
At time: 36.29916071891785 accuracy is 0.9875 and loss is 0.06289197206497192
At time: 36.61237645149231 accuracy is 0.99375 and loss is 0.018368652462959288
Evaluating...
Done Evaluating: Achieved accuracy of 0.8604910714285714
Achieved new best!
Completing Train Step at 10th epoch...
At time: 37.30575370788574 accuracy is 0.9984375 and loss is 0.018943454325199127
At time: 37.546968936920166 accuracy is 0.9984375 and loss is 0.01051110178232193
At time: 37.80116558074951 accuracy is 0.9828125 and loss is 0.03809243440628052
At time: 38.05695819854736 accuracy is 0.9953125 and loss is 0.01306566596031189
At time: 38.30868053436279 accuracy is 0.9984375 and loss is 0.009317722171545029
At time: 38.57349610328674 accuracy is 0.9890625 and loss is 0.02660154700279236
At time: 38.84439969062805 accuracy is 0.9734375 and loss is 0.06854389309883117
At time: 39.12950325012207 accuracy is 0.9984375 and loss is 0.005206308513879776
At time: 39.4156174659729 accuracy is 0.99375 and loss is 0.01787880212068558
At time: 39.70266652107239 accuracy is 0.9875 and loss is 0.03811558187007904
At time: 39.99980449676514 accuracy is 0.9859375 and loss is 0.04226956963539123
At time: 40.31247806549072 accuracy is 1.0 and loss is 0.0007779308594763279
Evaluating...
Done Evaluating: Achieved accuracy of 0.8359375
Not better for 1
Completing Train Step at 11th epoch...
At time: 40.9991192817688 accuracy is 0.990625 and loss is 0.03902123272418976
At time: 41.23033261299133 accuracy is 0.9953125 and loss is 0.028603413701057435
At time: 41.46826505661011 accuracy is 0.9953125 and loss is 0.01172383651137352
At time: 41.71298265457153 accuracy is 0.9984375 and loss is 0.00300199780613184
At time: 41.95884561538696 accuracy is 0.9953125 and loss is 0.007951763272285462
At time: 42.217324018478394 accuracy is 0.9921875 and loss is 0.02537170648574829
At time: 42.487892389297485 accuracy is 0.996875 and loss is 0.004625407606363296
At time: 42.76602387428284 accuracy is 0.996875 and loss is 0.0036455214023590086
At time: 43.046321868896484 accuracy is 0.9921875 and loss is 0.025466206669807433
At time: 43.3466739654541 accuracy is 0.9921875 and loss is 0.021626198291778566
At time: 43.64454436302185 accuracy is 0.99375 and loss is 0.031782868504524234
At time: 43.95927095413208 accuracy is 1.0 and loss is 0.000221344456076622
Evaluating...
Done Evaluating: Achieved accuracy of 0.84375
Not better for 2
Completing Train Step at 12th epoch...
At time: 44.65065622329712 accuracy is 0.9984375 and loss is 0.013696509599685668
At time: 44.8836030960083 accuracy is 0.996875 and loss is 0.005233750864863396
At time: 45.11935377120972 accuracy is 1.0 and loss is 0.0016411473974585534
At time: 45.361645460128784 accuracy is 0.996875 and loss is 0.008542035520076752
At time: 45.61069989204407 accuracy is 0.996875 and loss is 0.007562841475009918
At time: 45.86510896682739 accuracy is 1.0 and loss is 0.0012648167088627816
At time: 46.127365827560425 accuracy is 0.9984375 and loss is 0.008067388832569123
At time: 46.39898204803467 accuracy is 0.9828125 and loss is 0.03399835526943207
At time: 46.676055908203125 accuracy is 0.996875 and loss is 0.008921308815479279
At time: 46.96054983139038 accuracy is 0.996875 and loss is 0.0061766311526298525
At time: 47.257073163986206 accuracy is 0.9984375 and loss is 0.0032268308103084566
At time: 47.5692458152771 accuracy is 0.9984375 and loss is 0.0011346226558089257
Evaluating...
Done Evaluating: Achieved accuracy of 0.8482142857142857
Not better for 3
Completing Train Step at 13th epoch...
At time: 48.26821994781494 accuracy is 0.996875 and loss is 0.00851566344499588
At time: 48.50251746177673 accuracy is 1.0 and loss is 0.004466732591390609
At time: 48.74156475067139 accuracy is 1.0 and loss is 0.0011425463482737542
At time: 48.985483169555664 accuracy is 0.9984375 and loss is 0.0022341979667544363
At time: 49.23564791679382 accuracy is 0.9984375 and loss is 0.003471703827381134
At time: 49.49230742454529 accuracy is 1.0 and loss is 0.0031290031969547273
At time: 49.75878024101257 accuracy is 0.99375 and loss is 0.0107271246612072
At time: 50.026044845581055 accuracy is 0.9984375 and loss is 0.0041217759251594545
At time: 50.30434989929199 accuracy is 0.996875 and loss is 0.010315999388694763
At time: 50.590144872665405 accuracy is 0.9984375 and loss is 0.002754259668290615
At time: 50.888245820999146 accuracy is 0.996875 and loss is 0.01358768343925476
At time: 51.19984173774719 accuracy is 1.0 and loss is 0.00014599300920963286
Evaluating...
Done Evaluating: Achieved accuracy of 0.8459821428571429
Not better for 4
Completing Train Step at 14th epoch...
At time: 51.88976216316223 accuracy is 0.9984375 and loss is 0.008546021580696107
At time: 52.12635040283203 accuracy is 0.9984375 and loss is 0.002746407501399517
At time: 52.37054395675659 accuracy is 0.9984375 and loss is 0.002929541654884815
At time: 52.61311602592468 accuracy is 0.9984375 and loss is 0.0025083938613533973
At time: 52.863014221191406 accuracy is 1.0 and loss is 0.003640562668442726
At time: 53.12223815917969 accuracy is 0.9953125 and loss is 0.006915625929832458
At time: 53.390751123428345 accuracy is 1.0 and loss is 0.001620645821094513
At time: 53.6611008644104 accuracy is 0.9984375 and loss is 0.002812335081398487
At time: 53.9405562877655 accuracy is 0.996875 and loss is 0.004808441549539566
At time: 54.23969268798828 accuracy is 0.9984375 and loss is 0.004066971316933632
At time: 54.5568323135376 accuracy is 0.9984375 and loss is 0.00772518441081047
At time: 54.88113784790039 accuracy is 0.9953125 and loss is 0.006802447140216827
Evaluating...
Done Evaluating: Achieved accuracy of 0.8504464285714286
Not better for 5
Completing Train Step at 15th epoch...
At time: 55.57112669944763 accuracy is 0.9984375 and loss is 0.006957527995109558
At time: 55.805099964141846 accuracy is 0.9984375 and loss is 0.003141159564256668
At time: 56.04581141471863 accuracy is 1.0 and loss is 0.0010354215279221534
At time: 56.289530515670776 accuracy is 1.0 and loss is 0.002807157300412655
At time: 56.537904024124146 accuracy is 1.0 and loss is 0.0012252978049218655
At time: 56.7932653427124 accuracy is 0.996875 and loss is 0.004783294349908829
At time: 57.05637788772583 accuracy is 1.0 and loss is 0.002264731749892235
At time: 57.32631015777588 accuracy is 0.9984375 and loss is 0.0017675759270787239
At time: 57.60421299934387 accuracy is 0.996875 and loss is 0.0038125194609165193
At time: 57.89269781112671 accuracy is 1.0 and loss is 0.002007870189845562
At time: 58.190409898757935 accuracy is 0.9984375 and loss is 0.0014340046793222428
At time: 58.50290060043335 accuracy is 0.9984375 and loss is 0.0075489476323127745
Evaluating...
Done Evaluating: Achieved accuracy of 0.8504464285714286
Not better for 6
Completing Train Step at 16th epoch...
At time: 59.19226050376892 accuracy is 1.0 and loss is 0.005301472544670105
At time: 59.42700552940369 accuracy is 1.0 and loss is 0.0014222431927919388
At time: 59.66303992271423 accuracy is 1.0 and loss is 0.00024372451007366182
At time: 59.90942072868347 accuracy is 1.0 and loss is 0.0015043280087411403
At time: 60.160765171051025 accuracy is 1.0 and loss is 0.002353519946336746
At time: 60.420207023620605 accuracy is 1.0 and loss is 0.004085680097341537
At time: 60.683892488479614 accuracy is 1.0 and loss is 0.0012318868190050124
At time: 60.954325675964355 accuracy is 1.0 and loss is 0.0008549182675778866
At time: 61.232004165649414 accuracy is 1.0 and loss is 0.0007145093753933906
At time: 61.51887607574463 accuracy is 1.0 and loss is 0.0010636192746460438
At time: 61.8146276473999 accuracy is 0.9984375 and loss is 0.003496210649609566
At time: 62.126582860946655 accuracy is 1.0 and loss is 0.0007953692227602005
Evaluating...
Done Evaluating: Achieved accuracy of 0.8493303571428571
Not better for 7
Completing Train Step at 17th epoch...
At time: 62.82897472381592 accuracy is 0.9984375 and loss is 0.012684930860996247
At time: 63.06278109550476 accuracy is 1.0 and loss is 0.0008764065802097321
At time: 63.302640438079834 accuracy is 1.0 and loss is 0.0005327949300408363
At time: 63.54908347129822 accuracy is 1.0 and loss is 0.0011351974681019783
At time: 63.79677057266235 accuracy is 0.996875 and loss is 0.007647574692964554
At time: 64.0520408153534 accuracy is 0.9984375 and loss is 0.0031350694596767427
At time: 64.31458401679993 accuracy is 1.0 and loss is 0.000443856418132782
At time: 64.58568716049194 accuracy is 0.9984375 and loss is 0.002124451845884323
At time: 64.86263179779053 accuracy is 1.0 and loss is 0.0019316304475069045
At time: 65.1500768661499 accuracy is 1.0 and loss is 0.002021796628832817
At time: 65.4471869468689 accuracy is 0.9984375 and loss is 0.0032037097960710527
At time: 65.76269388198853 accuracy is 0.9984375 and loss is 0.013418062031269074
Evaluating...
Done Evaluating: Achieved accuracy of 0.8415178571428571
Not better for 8
Completing Train Step at 18th epoch...
At time: 66.45380902290344 accuracy is 0.9984375 and loss is 0.0038681503385305403
At time: 66.68904972076416 accuracy is 1.0 and loss is 0.0008357774466276168
At time: 66.92716670036316 accuracy is 1.0 and loss is 0.0001311931759119034
At time: 67.17215776443481 accuracy is 0.9984375 and loss is 0.0026425138115882874
At time: 67.41996788978577 accuracy is 1.0 and loss is 0.0018699366599321365
At time: 67.6755805015564 accuracy is 0.9984375 and loss is 0.003504854068160057
At time: 67.9411609172821 accuracy is 1.0 and loss is 0.002616432122886181
At time: 68.21403074264526 accuracy is 0.9984375 and loss is 0.0021074565127491953
At time: 68.49297571182251 accuracy is 1.0 and loss is 0.001589331403374672
At time: 68.78102445602417 accuracy is 0.9984375 and loss is 0.005267572030425072
At time: 69.07831239700317 accuracy is 0.9984375 and loss is 0.0033410269767045974
At time: 69.39143371582031 accuracy is 1.0 and loss is 0.000451675895601511
Evaluating...
Done Evaluating: Achieved accuracy of 0.8448660714285714
Not better for 9
Completing Train Step at 19th epoch...
At time: 70.08258485794067 accuracy is 1.0 and loss is 0.0028418397530913355
At time: 70.31680536270142 accuracy is 1.0 and loss is 0.0010096332058310508
At time: 70.55513000488281 accuracy is 1.0 and loss is 0.0007761026732623577
At time: 70.80012011528015 accuracy is 1.0 and loss is 0.0029448695480823518
At time: 71.05037903785706 accuracy is 1.0 and loss is 0.0005111733451485633
At time: 71.30629634857178 accuracy is 0.9984375 and loss is 0.0026062877848744394
At time: 71.56816864013672 accuracy is 0.9984375 and loss is 0.002871992439031601
At time: 71.8371958732605 accuracy is 1.0 and loss is 0.0006015895865857601
At time: 72.11419892311096 accuracy is 0.9984375 and loss is 0.0025132788345217706
At time: 72.4209315776825 accuracy is 0.9984375 and loss is 0.003781747817993164
At time: 72.73744177818298 accuracy is 1.0 and loss is 0.0023901471868157387
At time: 73.06922721862793 accuracy is 1.0 and loss is 0.00129779614508152
Evaluating...
Done Evaluating: Achieved accuracy of 0.8270089285714286
Not better for 10
Model not improving. Stopping earlyat 0.8604910714285714 epochs.
Done Training. Achieved Best Accuracy of 0.8604910714285714
mlpattn
SETTINGS FOR THIS RUN
{'dropout': 0.8070516758936512, 'l2': 0.7385465623903273, 'lr': 0.0011671195943352324, 'batch_size': 32, 'fix_pretrained': None, 'tune_wordvecs': True, 'attn_type': 'MLP', 'attention_dim': 59, 'hidden_size': 300, 'wordvec_source': 'None', 'pretrained': None, 'num_layers': 2, 'rnn_dropout': 0.010551843590727028, 'wordvec_dim': 300}
Using CUDA!
MLP
Building RNN Classifier...

[93m    Warning: no model found for 'en'[0m

    Only loading the 'en' tokenizer.

Retrieving Data from file: /home-nfs/siddsach/ml/Interpreting-Attention/data/mpqa/subj_clf_labels.pickle...
Loading Vectors From Memory...
Not using pretrained wordvectors
Building Vocab...
[]
Getting Batches...
Created Iterator with 258 batches
Getting Batches...
Created Iterator with 29 batches
Building model...
MLP
Using Attention model with following args:
{'tune_attn': 'True', 'vocab_size': 15944, 'num_layers': 2, 'batch_size': 32, 'num_classes': 2, 'attn_type': 'MLP', 'dropout': 0.8070516758936512, 'train_word_vecs': True, 'vectors': None, 'input_size': 300, 'hidden_size': 300, 'rnn_dropout': 0.010551843590727028, 'attention_dim': 59, 'cuda': True}
Begin Training...
Completing Train Step at 0th epoch...
At time: 0.2629666328430176 accuracy is 0.5390625 and loss is 0.7175985813140869
At time: 0.509397029876709 accuracy is 0.4625 and loss is 0.731663990020752
At time: 0.7657852172851562 accuracy is 0.6171875 and loss is 0.6520623207092285
At time: 1.0333564281463623 accuracy is 0.6453125 and loss is 0.6104748249053955
At time: 1.3113903999328613 accuracy is 0.7171875 and loss is 0.556588888168335
At time: 1.6013407707214355 accuracy is 0.78125 and loss is 0.4984642505645752
At time: 1.9014091491699219 accuracy is 0.721875 and loss is 0.5743967533111572
At time: 2.2115461826324463 accuracy is 0.7953125 and loss is 0.47562718391418457
At time: 2.5332207679748535 accuracy is 0.81875 and loss is 0.4405451774597168
At time: 2.871124744415283 accuracy is 0.7921875 and loss is 0.4697132110595703
At time: 3.2250475883483887 accuracy is 0.8328125 and loss is 0.4245014667510986
At time: 3.602426290512085 accuracy is 0.8578125 and loss is 0.3511816024780273
Evaluating...
Done Evaluating: Achieved accuracy of 0.8582589285714286
Achieved new best!
Completing Train Step at 1th epoch...
At time: 4.356168985366821 accuracy is 0.775 and loss is 0.5741022109985352
At time: 4.58869194984436 accuracy is 0.740625 and loss is 0.5279074668884277
At time: 4.826262474060059 accuracy is 0.85625 and loss is 0.35846848487854005
At time: 5.0673182010650635 accuracy is 0.86875 and loss is 0.3240544319152832
At time: 5.3186564445495605 accuracy is 0.85 and loss is 0.33992269039154055
At time: 5.573707342147827 accuracy is 0.9140625 and loss is 0.2395880937576294
At time: 5.833340167999268 accuracy is 0.8671875 and loss is 0.3229304075241089
At time: 6.101125001907349 accuracy is 0.921875 and loss is 0.20607972145080566
At time: 6.3810951709747314 accuracy is 0.8921875 and loss is 0.2614933490753174
At time: 6.666283369064331 accuracy is 0.865625 and loss is 0.3121705770492554
At time: 6.962499380111694 accuracy is 0.8890625 and loss is 0.25604565143585206
At time: 7.2748517990112305 accuracy is 0.93125 and loss is 0.16806890964508056
Evaluating...
Done Evaluating: Achieved accuracy of 0.8705357142857143
Achieved new best!
Completing Train Step at 2th epoch...
At time: 7.960325241088867 accuracy is 0.8625 and loss is 0.39097959995269777
At time: 8.193049907684326 accuracy is 0.8828125 and loss is 0.26362459659576415
At time: 8.439077615737915 accuracy is 0.9328125 and loss is 0.16481027603149415
At time: 8.680649518966675 accuracy is 0.946875 and loss is 0.15614843368530273
At time: 8.929940462112427 accuracy is 0.9296875 and loss is 0.1693591594696045
At time: 9.193055629730225 accuracy is 0.965625 and loss is 0.09044492840766907
At time: 9.477407217025757 accuracy is 0.953125 and loss is 0.13725420236587524
At time: 9.763397455215454 accuracy is 0.9859375 and loss is 0.044892188906669614
At time: 10.058310747146606 accuracy is 0.96875 and loss is 0.09026082754135131
At time: 10.365553855895996 accuracy is 0.95625 and loss is 0.1333745002746582
At time: 10.703779220581055 accuracy is 0.940625 and loss is 0.18200722932815552
At time: 11.028189420700073 accuracy is 0.9609375 and loss is 0.09944557547569274
Evaluating...
Done Evaluating: Achieved accuracy of 0.8147321428571429
Not better for 1
Completing Train Step at 3th epoch...
At time: 11.714783191680908 accuracy is 0.94375 and loss is 0.21462764739990234
At time: 11.947633981704712 accuracy is 0.953125 and loss is 0.14427865743637086
At time: 12.185956239700317 accuracy is 0.9671875 and loss is 0.07086320519447327
At time: 12.428257703781128 accuracy is 0.9484375 and loss is 0.17154645919799805
At time: 12.678941488265991 accuracy is 0.9640625 and loss is 0.09407927989959716
At time: 12.93587875366211 accuracy is 0.9578125 and loss is 0.13432812690734863
At time: 13.199939250946045 accuracy is 0.9671875 and loss is 0.10133137702941894
At time: 13.467846393585205 accuracy is 0.99375 and loss is 0.02319888472557068
At time: 13.742511987686157 accuracy is 0.9859375 and loss is 0.032531529664993286
At time: 14.029747247695923 accuracy is 0.96875 and loss is 0.09317913055419921
At time: 14.328903913497925 accuracy is 0.959375 and loss is 0.12920160293579103
At time: 14.652255296707153 accuracy is 0.98125 and loss is 0.06740883588790894
Evaluating...
Done Evaluating: Achieved accuracy of 0.8381696428571429
Not better for 2
Completing Train Step at 4th epoch...
At time: 15.350839376449585 accuracy is 0.990625 and loss is 0.08930090069770813
At time: 15.583329439163208 accuracy is 0.9546875 and loss is 0.10647757053375244
At time: 15.822106122970581 accuracy is 0.98125 and loss is 0.0556412935256958
At time: 16.064552783966064 accuracy is 0.96875 and loss is 0.07559238076210022
At time: 16.320829153060913 accuracy is 0.96875 and loss is 0.08662263751029968
At time: 16.576212882995605 accuracy is 0.93125 and loss is 0.21348514556884765
At time: 16.839081048965454 accuracy is 0.9875 and loss is 0.034608194231987
At time: 17.105741024017334 accuracy is 0.996875 and loss is 0.007785559445619583
At time: 17.381492137908936 accuracy is 0.978125 and loss is 0.06069623231887818
At time: 17.669442415237427 accuracy is 0.984375 and loss is 0.03332113027572632
At time: 17.96798300743103 accuracy is 0.96875 and loss is 0.07527631521224976
At time: 18.279338359832764 accuracy is 0.9921875 and loss is 0.03223929107189179
Evaluating...
Done Evaluating: Achieved accuracy of 0.8549107142857143
Not better for 3
Completing Train Step at 5th epoch...
At time: 18.980709075927734 accuracy is 0.9953125 and loss is 0.04337931871414184
At time: 19.212778568267822 accuracy is 0.9875 and loss is 0.042105352878570555
At time: 19.448675394058228 accuracy is 0.9921875 and loss is 0.018617485463619233
At time: 19.693553924560547 accuracy is 0.9703125 and loss is 0.08313225507736206
At time: 19.946197748184204 accuracy is 0.9921875 and loss is 0.02812266945838928
At time: 20.201334476470947 accuracy is 0.9796875 and loss is 0.06673189401626586
At time: 20.460583925247192 accuracy is 0.9921875 and loss is 0.01565912812948227
At time: 20.72781777381897 accuracy is 0.99375 and loss is 0.021626776456832884
At time: 21.00662398338318 accuracy is 0.9890625 and loss is 0.030972814559936522
At time: 21.292882204055786 accuracy is 0.990625 and loss is 0.029659181833267212
At time: 21.589404821395874 accuracy is 0.9828125 and loss is 0.06446741819381714
At time: 21.8997802734375 accuracy is 0.9984375 and loss is 0.004517636075615883
Evaluating...
Done Evaluating: Achieved accuracy of 0.8415178571428571
Not better for 4
Completing Train Step at 6th epoch...
At time: 22.60234236717224 accuracy is 0.9796875 and loss is 0.0990111231803894
At time: 22.838111877441406 accuracy is 0.965625 and loss is 0.0888153076171875
At time: 23.081718921661377 accuracy is 0.96875 and loss is 0.07061628103256226
At time: 23.338841676712036 accuracy is 0.9640625 and loss is 0.09303244948387146
At time: 23.590038776397705 accuracy is 0.9734375 and loss is 0.08432070016860962
At time: 23.857152700424194 accuracy is 0.98125 and loss is 0.04986887574195862
At time: 24.11953091621399 accuracy is 0.9875 and loss is 0.03446602821350098
At time: 24.38797354698181 accuracy is 0.9953125 and loss is 0.015829607844352722
At time: 24.66570258140564 accuracy is 0.9859375 and loss is 0.05395745635032654
At time: 24.953662633895874 accuracy is 0.9953125 and loss is 0.014854717254638671
At time: 25.250619649887085 accuracy is 0.9796875 and loss is 0.05933486819267273
At time: 25.562992095947266 accuracy is 0.990625 and loss is 0.024464674293994904
Evaluating...
Done Evaluating: Achieved accuracy of 0.8404017857142857
Not better for 5
Completing Train Step at 7th epoch...
At time: 26.26071810722351 accuracy is 0.98125 and loss is 0.062104535102844236
At time: 26.49765634536743 accuracy is 0.96875 and loss is 0.06555327177047729
At time: 26.734325170516968 accuracy is 0.9796875 and loss is 0.06264255046844483
At time: 26.978347778320312 accuracy is 0.975 and loss is 0.05189782977104187
At time: 27.225417375564575 accuracy is 0.9890625 and loss is 0.029679346084594726
At time: 27.481447219848633 accuracy is 0.99375 and loss is 0.017027971148490906
At time: 27.743178367614746 accuracy is 0.99375 and loss is 0.015824076533317567
At time: 28.011296272277832 accuracy is 0.990625 and loss is 0.02762480974197388
At time: 28.287270545959473 accuracy is 0.9734375 and loss is 0.07093915939331055
At time: 28.571839809417725 accuracy is 0.9734375 and loss is 0.0716365933418274
At time: 28.876774311065674 accuracy is 0.98125 and loss is 0.052536392211914064
At time: 29.195388078689575 accuracy is 0.9890625 and loss is 0.037857586145401
Evaluating...
Done Evaluating: Achieved accuracy of 0.8526785714285714
Not better for 6
Completing Train Step at 8th epoch...
At time: 29.886850357055664 accuracy is 0.9765625 and loss is 0.06324598789215088
At time: 30.121609687805176 accuracy is 0.990625 and loss is 0.021684472262859345
At time: 30.362449407577515 accuracy is 0.9828125 and loss is 0.05452082753181457
At time: 30.60599112510681 accuracy is 0.9796875 and loss is 0.046530377864837644
At time: 30.86113142967224 accuracy is 0.971875 and loss is 0.10779155492782592
At time: 31.119913339614868 accuracy is 0.9890625 and loss is 0.02871338725090027
At time: 31.39043402671814 accuracy is 0.9875 and loss is 0.04820454120635986
At time: 31.66823983192444 accuracy is 0.978125 and loss is 0.05008531808853149
At time: 31.95022702217102 accuracy is 0.9984375 and loss is 0.006056849285960198
At time: 32.23968267440796 accuracy is 0.9703125 and loss is 0.11830016374588012
At time: 32.5384418964386 accuracy is 0.9984375 and loss is 0.006936085224151611
At time: 32.85490036010742 accuracy is 0.978125 and loss is 0.07622313499450684
Evaluating...
Done Evaluating: Achieved accuracy of 0.8638392857142857
Not better for 7
Completing Train Step at 9th epoch...
At time: 33.562880754470825 accuracy is 0.9828125 and loss is 0.04831897020339966
At time: 33.81012749671936 accuracy is 0.9953125 and loss is 0.014940567314624786
At time: 34.077150106430054 accuracy is 0.9984375 and loss is 0.007220049202442169
At time: 34.3474543094635 accuracy is 0.9921875 and loss is 0.021853251755237578
At time: 34.60834503173828 accuracy is 0.990625 and loss is 0.04664482474327088
At time: 34.87745022773743 accuracy is 0.996875 and loss is 0.008526325225830078
At time: 35.15450882911682 accuracy is 0.9921875 and loss is 0.016351571679115294
At time: 35.43346810340881 accuracy is 0.9984375 and loss is 0.003560500591993332
At time: 35.724525451660156 accuracy is 0.9984375 and loss is 0.005570654571056366
At time: 36.019219160079956 accuracy is 0.9953125 and loss is 0.01388276219367981
At time: 36.33636689186096 accuracy is 0.996875 and loss is 0.012222979217767715
At time: 36.680540800094604 accuracy is 0.996875 and loss is 0.0053682815283536914
Evaluating...
Done Evaluating: Achieved accuracy of 0.8504464285714286
Not better for 8
Completing Train Step at 10th epoch...
At time: 37.43834972381592 accuracy is 0.9984375 and loss is 0.02113676816225052
At time: 37.68797755241394 accuracy is 0.99375 and loss is 0.020187270641326905
At time: 37.94954013824463 accuracy is 0.9953125 and loss is 0.013434945046901703
At time: 38.21929931640625 accuracy is 0.9890625 and loss is 0.038626831769943235
At time: 38.52374005317688 accuracy is 0.9859375 and loss is 0.05138529539108276
At time: 38.81878900527954 accuracy is 0.9921875 and loss is 0.02853267788887024
At time: 39.10822033882141 accuracy is 0.9875 and loss is 0.05335310101509094
At time: 39.41110610961914 accuracy is 0.99375 and loss is 0.015133370459079743
At time: 39.70392203330994 accuracy is 1.0 and loss is 0.001845356822013855
At time: 40.00613570213318 accuracy is 0.9921875 and loss is 0.03495378792285919
At time: 40.33118438720703 accuracy is 0.9953125 and loss is 0.014692486822605133
At time: 40.64623761177063 accuracy is 0.99375 and loss is 0.025346285104751586
Evaluating...
Done Evaluating: Achieved accuracy of 0.8549107142857143
Not better for 9
Completing Train Step at 11th epoch...
At time: 41.338374376297 accuracy is 0.9890625 and loss is 0.055867457389831544
At time: 41.571492195129395 accuracy is 0.9921875 and loss is 0.02741691768169403
At time: 41.80843162536621 accuracy is 0.9890625 and loss is 0.02316795438528061
At time: 42.052502155303955 accuracy is 0.9984375 and loss is 0.007100766152143478
At time: 42.304049253463745 accuracy is 0.9921875 and loss is 0.03235615491867065
At time: 42.55919575691223 accuracy is 0.99375 and loss is 0.01574801206588745
At time: 42.819947242736816 accuracy is 0.99375 and loss is 0.01637219488620758
At time: 43.08966612815857 accuracy is 0.9921875 and loss is 0.01587136387825012
At time: 43.36358404159546 accuracy is 0.9984375 and loss is 0.001648171991109848
At time: 43.654149293899536 accuracy is 0.996875 and loss is 0.01899140179157257
At time: 43.95387101173401 accuracy is 0.9984375 and loss is 0.009243203699588776
At time: 44.26888847351074 accuracy is 0.99375 and loss is 0.012923555076122284
Evaluating...
Done Evaluating: Achieved accuracy of 0.8515625
Not better for 10
Model not improving. Stopping earlyat 0.8705357142857143 epochs.
Done Training. Achieved Best Accuracy of 0.8705357142857143
Improved accuracyfrom 0.8660714285714286 to 0.8705357142857143
mlpattn



RESULTS:
[{'params': {'dropout': 0.5650635739515419, 'l2': 0.848620012719797, 'lr': 0.001718662310476075, 'batch_size': 32, 'fix_pretrained': None, 'tune_wordvecs': True, 'attn_type': 'MLP', 'attention_dim': 39, 'hidden_size': 300, 'data': 'MPQA', 'wordvec_source': 'None', 'pretrained': None, 'num_layers': 2, 'rnn_dropout': 0.7907671729058587, 'wordvec_dim': 300}, 'best_accuracy': 0.859375}, {'params': {'dropout': 0.45931148603799343, 'l2': 0.38051139199214723, 'lr': 0.004297701743570795, 'batch_size': 32, 'fix_pretrained': None, 'tune_wordvecs': True, 'attn_type': 'MLP', 'attention_dim': 95, 'hidden_size': 300, 'data': 'MPQA', 'wordvec_source': 'None', 'pretrained': None, 'num_layers': 2, 'rnn_dropout': 0.6699769237321724, 'wordvec_dim': 300}, 'best_accuracy': 0.8660714285714286}, {'params': {'dropout': 0.8825807077119918, 'l2': 0.9866692120524972, 'lr': 0.0024564377090400577, 'batch_size': 32, 'fix_pretrained': None, 'tune_wordvecs': True, 'attn_type': 'MLP', 'attention_dim': 65, 'hidden_size': 300, 'data': 'MPQA', 'wordvec_source': 'None', 'pretrained': None, 'num_layers': 2, 'rnn_dropout': 0.37439473771914666, 'wordvec_dim': 300}, 'best_accuracy': 0.8638392857142857}, {'params': {'dropout': 0.3391964196888363, 'l2': 0.03695995967163268, 'lr': 0.001549819905883873, 'batch_size': 32, 'fix_pretrained': None, 'tune_wordvecs': True, 'attn_type': 'MLP', 'attention_dim': 22, 'hidden_size': 300, 'data': 'MPQA', 'wordvec_source': 'None', 'pretrained': None, 'num_layers': 2, 'rnn_dropout': 0.08867254648107481, 'wordvec_dim': 300}, 'best_accuracy': 0.8604910714285714}, {'params': {'dropout': 0.8070516758936512, 'l2': 0.7385465623903273, 'lr': 0.0011671195943352324, 'batch_size': 32, 'fix_pretrained': None, 'tune_wordvecs': True, 'attn_type': 'MLP', 'attention_dim': 59, 'hidden_size': 300, 'data': 'MPQA', 'wordvec_source': 'None', 'pretrained': None, 'num_layers': 2, 'rnn_dropout': 0.010551843590727028, 'wordvec_dim': 300}, 'best_accuracy': 0.8705357142857143}]
