ROOT_PATH: /home-nfs/siddsach/ml/Interpreting-Attention/interpreting_language
Building Bayesian Optimizer for 
 data:MPQA 
 choices:[{'name': 'lr', 'domain': [5e-05, 0.005], 'type': 'continuous'}, {'name': 'rnn_dropout', 'domain': [0, 1], 'type': 'continuous'}, {'name': 'dropout', 'domain': [0, 1], 'type': 'continuous'}, {'name': 'l2', 'domain': [0, 1], 'type': 'continuous'}]
SETTINGS FOR THIS RUN
{'num_layers': 1, 'dropout': 0.206285043882656, 'attn_type': 'similarity', 'wordvec_source': 'glove', 'tune_wordvecs': False, 'data': 'MPQA', 'tune_attn': False, 'rnn_dropout': 0.939483935257405, 'batch_size': 32, 'l2': 0.6431447262123727, 'lr': 0.004259939007330173, 'wordvec_dim': 300}
Using CUDA!
here
similarity
Building RNN Classifier...

[93m    Warning: no model found for 'en'[0m

    Only loading the 'en' tokenizer.

Retrieving Data from file: /home-nfs/siddsach/ml/Interpreting-Attention/interpreting_language/data/mpqa/mpqa_subj_labels.pickle...
Loading Vectors From Memory...
Using these vectors: ['GloVe']
Getting GloVe Vectors with 300 dims
Building Vocab...
[<torchtext.vocab.Vectors object at 0x7f7ef3763e10>]
Getting Batches...
Created Iterator with 261 batches
Getting Batches...
Created Iterator with 87 batches
Building model...
similarity
Using Attention model with following args:
{'num_layers': 1, 'dropout': 0.206285043882656, 'attn_type': 'similarity', 'cuda': True, 'hidden_size': 300, 'attention_dim': 350, 'vocab_size': 15284, 'train_word_vecs': False, 'vectors': 
 0.0000  0.0000  0.0000  ...   0.0000  0.0000  0.0000
 0.0000  0.0000  0.0000  ...   0.0000  0.0000  0.0000
 0.0000  0.0000  0.0000  ...   0.0000  0.0000  0.0000
          ...             ⋱             ...          
-0.4786 -0.1089 -0.0076  ...   0.7458  0.7174  0.6185
 0.0000  0.0000  0.0000  ...   0.0000  0.0000  0.0000
-0.0479  0.9828  0.9182  ...   0.0424  0.4554 -0.3210
[torch.FloatTensor of size 15284x300]
, 'batch_size': 32, 'tune_attn': False, 'input_size': 300, 'num_classes': 2, 'rnn_dropout': 0.939483935257405}
Not Tuning Word Vectors!
Begin Training...
Completing Train Step at 0th epoch...
At time: 0.3754899501800537 accuracy is 0.58125 and loss is 0.8098231315612793
At time: 0.5006959438323975 accuracy is 0.584375 and loss is 0.7285247325897217
At time: 0.6290931701660156 accuracy is 0.6078125 and loss is 0.6506473064422608
At time: 0.7645249366760254 accuracy is 0.7234375 and loss is 0.6027035236358642
At time: 0.9094111919403076 accuracy is 0.7328125 and loss is 0.5460676193237305
At time: 1.0625770092010498 accuracy is 0.7203125 and loss is 0.5650054454803467
At time: 1.220463752746582 accuracy is 0.7265625 and loss is 0.5543243885040283
At time: 1.3806302547454834 accuracy is 0.7546875 and loss is 0.5251462459564209
At time: 1.5495140552520752 accuracy is 0.7234375 and loss is 0.5163703918457031
At time: 1.7295207977294922 accuracy is 0.734375 and loss is 0.5425686836242676
At time: 1.9269022941589355 accuracy is 0.746875 and loss is 0.49522061347961427
At time: 2.1342685222625732 accuracy is 0.75625 and loss is 0.5240222930908203
Evaluating...
Done Evaluating: Achieved accuracy of 0.7147529069767442
Achieved new best!
Completing Train Step at 1th epoch...
At time: 2.860492706298828 accuracy is 0.6203125 and loss is 0.6905752658843994
At time: 2.9818081855773926 accuracy is 0.715625 and loss is 0.5977865219116211
At time: 3.106945037841797 accuracy is 0.771875 and loss is 0.5449586391448975
At time: 3.2387609481811523 accuracy is 0.7765625 and loss is 0.5001860141754151
At time: 3.3782143592834473 accuracy is 0.7609375 and loss is 0.4758805274963379
At time: 3.5219039916992188 accuracy is 0.790625 and loss is 0.47492132186889646
At time: 3.673457145690918 accuracy is 0.7578125 and loss is 0.4842365264892578
At time: 3.831383228302002 accuracy is 0.815625 and loss is 0.4317772388458252
At time: 3.996790647506714 accuracy is 0.7921875 and loss is 0.44186081886291506
At time: 4.185851335525513 accuracy is 0.78125 and loss is 0.4523495674133301
At time: 4.381819009780884 accuracy is 0.8046875 and loss is 0.42350454330444337
At time: 4.592499494552612 accuracy is 0.7390625 and loss is 0.47960605621337893
Evaluating...
Done Evaluating: Achieved accuracy of 0.7881540697674418
Achieved new best!
Completing Train Step at 2th epoch...
At time: 5.278271913528442 accuracy is 0.725 and loss is 0.6100741863250733
At time: 5.390341281890869 accuracy is 0.76875 and loss is 0.5019950866699219
At time: 5.5119993686676025 accuracy is 0.8015625 and loss is 0.4242550849914551
At time: 5.640353441238403 accuracy is 0.7859375 and loss is 0.45350112915039065
At time: 5.774733543395996 accuracy is 0.8046875 and loss is 0.42804546356201173
At time: 5.917053461074829 accuracy is 0.8 and loss is 0.4390253067016602
At time: 6.066804647445679 accuracy is 0.8140625 and loss is 0.43677186965942383
At time: 6.222047328948975 accuracy is 0.821875 and loss is 0.39888739585876465
At time: 6.386346101760864 accuracy is 0.8203125 and loss is 0.3729740619659424
At time: 6.558944940567017 accuracy is 0.821875 and loss is 0.4059449195861816
At time: 6.742071866989136 accuracy is 0.8265625 and loss is 0.3624866247177124
At time: 6.93956184387207 accuracy is 0.8171875 and loss is 0.3846880435943604
Evaluating...
Done Evaluating: Achieved accuracy of 0.7794331395348837
Not better for 1
Completing Train Step at 3th epoch...
At time: 7.622171640396118 accuracy is 0.775 and loss is 0.507656192779541
At time: 7.734403848648071 accuracy is 0.8015625 and loss is 0.4375604629516602
At time: 7.85511589050293 accuracy is 0.8359375 and loss is 0.37906455993652344
At time: 7.982593774795532 accuracy is 0.81875 and loss is 0.40769476890563966
At time: 8.11652684211731 accuracy is 0.8578125 and loss is 0.36962060928344725
At time: 8.260098695755005 accuracy is 0.8328125 and loss is 0.38875555992126465
At time: 8.410133361816406 accuracy is 0.8046875 and loss is 0.40977044105529786
At time: 8.566314697265625 accuracy is 0.853125 and loss is 0.33278765678405764
At time: 8.73008942604065 accuracy is 0.8453125 and loss is 0.3334163188934326
At time: 8.905561447143555 accuracy is 0.8328125 and loss is 0.3839195013046265
At time: 9.089648723602295 accuracy is 0.859375 and loss is 0.3298194885253906
At time: 9.287140846252441 accuracy is 0.85 and loss is 0.32445340156555175
Evaluating...
Done Evaluating: Achieved accuracy of 0.7805232558139535
Not better for 2
Completing Train Step at 4th epoch...
At time: 9.99798059463501 accuracy is 0.803125 and loss is 0.564741563796997
At time: 10.121578931808472 accuracy is 0.815625 and loss is 0.40698833465576173
At time: 10.251876831054688 accuracy is 0.85 and loss is 0.3278192520141602
At time: 10.38979959487915 accuracy is 0.8359375 and loss is 0.36893367767333984
At time: 10.534908056259155 accuracy is 0.834375 and loss is 0.39968338012695315
At time: 10.678729057312012 accuracy is 0.840625 and loss is 0.37705349922180176
At time: 10.828107357025146 accuracy is 0.8078125 and loss is 0.4213601589202881
At time: 10.984632968902588 accuracy is 0.871875 and loss is 0.32661285400390627
At time: 11.148119449615479 accuracy is 0.84375 and loss is 0.3322652816772461
At time: 11.320815801620483 accuracy is 0.8140625 and loss is 0.4009819507598877
At time: 11.503813028335571 accuracy is 0.865625 and loss is 0.31066060066223145
At time: 11.701806783676147 accuracy is 0.85 and loss is 0.33610007762908933
Evaluating...
Done Evaluating: Achieved accuracy of 0.7703488372093024
Not better for 3
Completing Train Step at 5th epoch...
At time: 12.406675577163696 accuracy is 0.815625 and loss is 0.5135776042938233
At time: 12.52762246131897 accuracy is 0.825 and loss is 0.4073623180389404
At time: 12.660860776901245 accuracy is 0.88125 and loss is 0.295531702041626
At time: 12.789724826812744 accuracy is 0.8609375 and loss is 0.3547975540161133
At time: 12.924450159072876 accuracy is 0.8765625 and loss is 0.29055275917053225
At time: 13.067898511886597 accuracy is 0.8828125 and loss is 0.28302559852600095
At time: 13.217622995376587 accuracy is 0.88125 and loss is 0.27729172706604005
At time: 13.37425947189331 accuracy is 0.896875 and loss is 0.26050372123718263
At time: 13.537891864776611 accuracy is 0.8765625 and loss is 0.2504781007766724
At time: 13.710314989089966 accuracy is 0.8828125 and loss is 0.2794331073760986
At time: 13.894938707351685 accuracy is 0.909375 and loss is 0.21280858516693116
At time: 14.092762231826782 accuracy is 0.8796875 and loss is 0.3391882419586182
Evaluating...
Done Evaluating: Achieved accuracy of 0.7776162790697675
Not better for 4
Completing Train Step at 6th epoch...
At time: 14.787070989608765 accuracy is 0.8234375 and loss is 0.4459719657897949
At time: 14.899152040481567 accuracy is 0.84375 and loss is 0.3287442922592163
At time: 15.018975973129272 accuracy is 0.8953125 and loss is 0.2713873624801636
At time: 15.14624810218811 accuracy is 0.9 and loss is 0.2621206521987915
At time: 15.280637741088867 accuracy is 0.89375 and loss is 0.24294931888580323
At time: 15.422911643981934 accuracy is 0.909375 and loss is 0.20876810550689698
At time: 15.572506189346313 accuracy is 0.890625 and loss is 0.29013676643371583
At time: 15.7295663356781 accuracy is 0.88125 and loss is 0.30684380531311034
At time: 15.893327713012695 accuracy is 0.8921875 and loss is 0.2384516954421997
At time: 16.065213918685913 accuracy is 0.8921875 and loss is 0.25566155910491944
At time: 16.247581243515015 accuracy is 0.9125 and loss is 0.20058212280273438
At time: 16.444885730743408 accuracy is 0.890625 and loss is 0.2667113780975342
Evaluating...
Done Evaluating: Achieved accuracy of 0.7754360465116279
Not better for 5
Completing Train Step at 7th epoch...
At time: 17.123889923095703 accuracy is 0.8484375 and loss is 0.3620868682861328
At time: 17.234994173049927 accuracy is 0.8890625 and loss is 0.3147249698638916
At time: 17.355159282684326 accuracy is 0.9140625 and loss is 0.22105085849761963
At time: 17.481169939041138 accuracy is 0.8828125 and loss is 0.26415367126464845
At time: 17.614224433898926 accuracy is 0.9078125 and loss is 0.2995739936828613
At time: 17.754555225372314 accuracy is 0.8921875 and loss is 0.24807045459747315
At time: 17.902570486068726 accuracy is 0.9 and loss is 0.24430160522460936
At time: 18.05763268470764 accuracy is 0.9125 and loss is 0.21344470977783203
At time: 18.219764232635498 accuracy is 0.93125 and loss is 0.17811954021453857
At time: 18.392343044281006 accuracy is 0.9109375 and loss is 0.22748112678527832
At time: 18.574466466903687 accuracy is 0.9171875 and loss is 0.18731845617294313
At time: 18.771326065063477 accuracy is 0.9046875 and loss is 0.2318890333175659
Evaluating...
Done Evaluating: Achieved accuracy of 0.7681686046511628
Not better for 6
Completing Train Step at 8th epoch...
At time: 19.45852518081665 accuracy is 0.865625 and loss is 0.3266780376434326
At time: 19.572799921035767 accuracy is 0.896875 and loss is 0.23949828147888183
At time: 19.695223093032837 accuracy is 0.9296875 and loss is 0.17107291221618653
At time: 19.822967529296875 accuracy is 0.9171875 and loss is 0.22027285099029542
At time: 19.956806659698486 accuracy is 0.91875 and loss is 0.1956929922103882
At time: 20.098214864730835 accuracy is 0.93125 and loss is 0.1717097282409668
At time: 20.246814012527466 accuracy is 0.93125 and loss is 0.16403627395629883
At time: 20.402432441711426 accuracy is 0.9375 and loss is 0.17761702537536622
At time: 20.565247774124146 accuracy is 0.93125 and loss is 0.1933875560760498
At time: 20.738040924072266 accuracy is 0.934375 and loss is 0.1958983302116394
At time: 20.93079972267151 accuracy is 0.928125 and loss is 0.18347879648208618
At time: 21.142454147338867 accuracy is 0.903125 and loss is 0.25742239952087403
Evaluating...
Done Evaluating: Achieved accuracy of 0.7761627906976745
Not better for 7
Completing Train Step at 9th epoch...
At time: 21.838521718978882 accuracy is 0.884375 and loss is 0.4088912010192871
At time: 21.951486825942993 accuracy is 0.9125 and loss is 0.21449530124664307
At time: 22.071606397628784 accuracy is 0.9390625 and loss is 0.15394588708877563
At time: 22.198526859283447 accuracy is 0.915625 and loss is 0.20937931537628174
At time: 22.332403898239136 accuracy is 0.9359375 and loss is 0.1951187014579773
At time: 22.473804712295532 accuracy is 0.9078125 and loss is 0.20483551025390626
At time: 22.62187933921814 accuracy is 0.9265625 and loss is 0.1973097562789917
At time: 22.776602029800415 accuracy is 0.915625 and loss is 0.21360230445861816
At time: 22.938964366912842 accuracy is 0.9328125 and loss is 0.16562720537185668
At time: 23.110203504562378 accuracy is 0.9515625 and loss is 0.13946644067764283
At time: 23.292559385299683 accuracy is 0.9546875 and loss is 0.15933549404144287
At time: 23.489811182022095 accuracy is 0.93125 and loss is 0.18361010551452636
Evaluating...
Done Evaluating: Achieved accuracy of 0.7681686046511628
Not better for 8
Completing Train Step at 10th epoch...
At time: 24.19228219985962 accuracy is 0.890625 and loss is 0.32569360733032227
At time: 24.312578201293945 accuracy is 0.9203125 and loss is 0.23288486003875733
At time: 24.433727979660034 accuracy is 0.94375 and loss is 0.14309197664260864
At time: 24.56117057800293 accuracy is 0.9234375 and loss is 0.22861816883087158
At time: 24.695205450057983 accuracy is 0.9421875 and loss is 0.15252294540405273
At time: 24.836232662200928 accuracy is 0.9296875 and loss is 0.19683351516723632
At time: 24.985454559326172 accuracy is 0.9171875 and loss is 0.25258948802948
At time: 25.141664743423462 accuracy is 0.9421875 and loss is 0.16599284410476683
At time: 25.30462956428528 accuracy is 0.9390625 and loss is 0.13781007528305053
At time: 25.47653865814209 accuracy is 0.9515625 and loss is 0.12849488258361816
At time: 25.659624814987183 accuracy is 0.9484375 and loss is 0.14528356790542601
At time: 25.857362270355225 accuracy is 0.934375 and loss is 0.16232420206069947
Evaluating...
Done Evaluating: Achieved accuracy of 0.7728924418604651
Not better for 9
Completing Train Step at 11th epoch...
At time: 26.54724431037903 accuracy is 0.8859375 and loss is 0.4623723983764648
At time: 26.662190914154053 accuracy is 0.925 and loss is 0.17828480005264283
At time: 26.784027099609375 accuracy is 0.9453125 and loss is 0.11592892408370972
At time: 26.912636756896973 accuracy is 0.921875 and loss is 0.18547123670578003
At time: 27.047308206558228 accuracy is 0.9640625 and loss is 0.1270999550819397
At time: 27.189000844955444 accuracy is 0.946875 and loss is 0.14527642726898193
At time: 27.338716983795166 accuracy is 0.928125 and loss is 0.22312300205230712
At time: 27.495544910430908 accuracy is 0.9546875 and loss is 0.11607002019882202
At time: 27.65952491760254 accuracy is 0.9484375 and loss is 0.16330239772796631
At time: 27.8325777053833 accuracy is 0.93125 and loss is 0.211366605758667
At time: 28.0154926776886 accuracy is 0.934375 and loss is 0.1806573748588562
At time: 28.212903261184692 accuracy is 0.95 and loss is 0.13997480869293213
Evaluating...
Done Evaluating: Achieved accuracy of 0.7634447674418605
Not better for 10
Model not improving. Stopping earlyat 0.7881540697674418 epochs.
Done Training. Achieved Best Accuracy of 0.7881540697674418
Improved accuracyfrom -10000000 to 0.7881540697674418
keyvalattn
SETTINGS FOR THIS RUN
{'num_layers': 1, 'dropout': 0.8036175331227954, 'attn_type': 'similarity', 'wordvec_source': 'glove', 'tune_wordvecs': False, 'data': 'MPQA', 'tune_attn': False, 'rnn_dropout': 0.5518577786580819, 'batch_size': 32, 'l2': 0.09479069174085852, 'lr': 0.0011718371204571636, 'wordvec_dim': 300}
Using CUDA!
here
similarity
Building RNN Classifier...

[93m    Warning: no model found for 'en'[0m

    Only loading the 'en' tokenizer.

Retrieving Data from file: /home-nfs/siddsach/ml/Interpreting-Attention/interpreting_language/data/mpqa/mpqa_subj_labels.pickle...
Loading Vectors From Memory...
Using these vectors: ['GloVe']
Getting GloVe Vectors with 300 dims
Building Vocab...
[<torchtext.vocab.Vectors object at 0x7f7ef1621710>]
Getting Batches...
Created Iterator with 261 batches
Getting Batches...
Created Iterator with 87 batches
Building model...
similarity
Using Attention model with following args:
{'num_layers': 1, 'dropout': 0.8036175331227954, 'attn_type': 'similarity', 'cuda': True, 'hidden_size': 300, 'attention_dim': 350, 'vocab_size': 15284, 'train_word_vecs': False, 'vectors': 
 0.0000  0.0000  0.0000  ...   0.0000  0.0000  0.0000
 0.0000  0.0000  0.0000  ...   0.0000  0.0000  0.0000
 0.0000  0.0000  0.0000  ...   0.0000  0.0000  0.0000
          ...             ⋱             ...          
-0.4786 -0.1089 -0.0076  ...   0.7458  0.7174  0.6185
 0.0000  0.0000  0.0000  ...   0.0000  0.0000  0.0000
-0.0479  0.9828  0.9182  ...   0.0424  0.4554 -0.3210
[torch.FloatTensor of size 15284x300]
, 'batch_size': 32, 'tune_attn': False, 'input_size': 300, 'num_classes': 2, 'rnn_dropout': 0.5518577786580819}
Not Tuning Word Vectors!
Begin Training...
Completing Train Step at 0th epoch...
At time: 0.11951494216918945 accuracy is 0.609375 and loss is 0.7167326450347901
At time: 0.23168158531188965 accuracy is 0.675 and loss is 0.5942176342010498
At time: 0.35202479362487793 accuracy is 0.728125 and loss is 0.5423858165740967
At time: 0.48011136054992676 accuracy is 0.7046875 and loss is 0.5714682102203369
At time: 0.614992618560791 accuracy is 0.7109375 and loss is 0.5499965190887451
At time: 0.7573821544647217 accuracy is 0.7375 and loss is 0.5303406238555908
At time: 0.9076828956604004 accuracy is 0.7328125 and loss is 0.5320771694183349
At time: 1.0640790462493896 accuracy is 0.7546875 and loss is 0.5112836837768555
At time: 1.2271192073822021 accuracy is 0.778125 and loss is 0.5006335735321045
At time: 1.3991611003875732 accuracy is 0.771875 and loss is 0.5110766887664795
At time: 1.5829226970672607 accuracy is 0.8046875 and loss is 0.5084417343139649
At time: 1.7844698429107666 accuracy is 0.765625 and loss is 0.5170200347900391
Evaluating...
Done Evaluating: Achieved accuracy of 0.701671511627907
Achieved new best!
Completing Train Step at 1th epoch...
At time: 2.489194869995117 accuracy is 0.684375 and loss is 0.6253107070922852
At time: 2.60522723197937 accuracy is 0.7375 and loss is 0.6008686065673828
At time: 2.727743625640869 accuracy is 0.75625 and loss is 0.4882086753845215
At time: 2.856670618057251 accuracy is 0.771875 and loss is 0.49969191551208497
At time: 2.9920973777770996 accuracy is 0.7953125 and loss is 0.43004870414733887
At time: 3.132354736328125 accuracy is 0.7765625 and loss is 0.48892989158630373
At time: 3.2794675827026367 accuracy is 0.7890625 and loss is 0.4470201969146729
At time: 3.433628559112549 accuracy is 0.8171875 and loss is 0.4302999019622803
At time: 3.6128628253936768 accuracy is 0.7671875 and loss is 0.480300235748291
At time: 3.798489809036255 accuracy is 0.7859375 and loss is 0.4423542499542236
At time: 3.9888856410980225 accuracy is 0.83125 and loss is 0.395650577545166
At time: 4.194135904312134 accuracy is 0.778125 and loss is 0.44999518394470217
Evaluating...
Done Evaluating: Achieved accuracy of 0.7994186046511628
Achieved new best!
Completing Train Step at 2th epoch...
At time: 4.914483547210693 accuracy is 0.759375 and loss is 0.5546826362609864
At time: 5.0393900871276855 accuracy is 0.78125 and loss is 0.4497368335723877
At time: 5.1702141761779785 accuracy is 0.8109375 and loss is 0.4505490779876709
At time: 5.308624982833862 accuracy is 0.7703125 and loss is 0.443393611907959
At time: 5.452619552612305 accuracy is 0.8234375 and loss is 0.36890995502471924
At time: 5.604515075683594 accuracy is 0.8234375 and loss is 0.42047557830810545
At time: 5.7546608448028564 accuracy is 0.8203125 and loss is 0.40322203636169435
At time: 5.911860227584839 accuracy is 0.8125 and loss is 0.3922423362731934
At time: 6.076920747756958 accuracy is 0.8 and loss is 0.4253819465637207
At time: 6.250326633453369 accuracy is 0.80625 and loss is 0.405035400390625
At time: 6.434116363525391 accuracy is 0.8453125 and loss is 0.3285659313201904
At time: 6.632595062255859 accuracy is 0.8171875 and loss is 0.39867098331451417
Evaluating...
Done Evaluating: Achieved accuracy of 0.7779796511627907
Not better for 1
Completing Train Step at 3th epoch...
At time: 7.329504489898682 accuracy is 0.78125 and loss is 0.5066229343414307
At time: 7.442453145980835 accuracy is 0.8078125 and loss is 0.40166783332824707
At time: 7.563861131668091 accuracy is 0.8375 and loss is 0.3551449775695801
At time: 7.692291021347046 accuracy is 0.809375 and loss is 0.38846096992492674
At time: 7.827122211456299 accuracy is 0.815625 and loss is 0.3830087423324585
At time: 7.9690821170806885 accuracy is 0.8390625 and loss is 0.3828962087631226
At time: 8.119230270385742 accuracy is 0.8203125 and loss is 0.4102640151977539
At time: 8.275362014770508 accuracy is 0.859375 and loss is 0.32361247539520266
At time: 8.43808102607727 accuracy is 0.834375 and loss is 0.3441405534744263
At time: 8.609511852264404 accuracy is 0.8234375 and loss is 0.38083150386810305
At time: 8.791759967803955 accuracy is 0.859375 and loss is 0.3041294813156128
At time: 8.988327980041504 accuracy is 0.85625 and loss is 0.31512978076934817
Evaluating...
Done Evaluating: Achieved accuracy of 0.7808866279069767
Not better for 2
Completing Train Step at 4th epoch...
At time: 9.678404808044434 accuracy is 0.8328125 and loss is 0.39975910186767577
At time: 9.793196439743042 accuracy is 0.8515625 and loss is 0.3273735046386719
At time: 9.915173530578613 accuracy is 0.8828125 and loss is 0.26287820339202883
At time: 10.044613122940063 accuracy is 0.8640625 and loss is 0.30775251388549807
At time: 10.179354429244995 accuracy is 0.878125 and loss is 0.266874098777771
At time: 10.321114540100098 accuracy is 0.88125 and loss is 0.30398218631744384
At time: 10.470081567764282 accuracy is 0.8671875 and loss is 0.3152140140533447
At time: 10.625990629196167 accuracy is 0.8859375 and loss is 0.2562148332595825
At time: 10.789545059204102 accuracy is 0.8796875 and loss is 0.2727393627166748
At time: 10.961851119995117 accuracy is 0.834375 and loss is 0.3465793371200562
At time: 11.144713401794434 accuracy is 0.9046875 and loss is 0.2241976737976074
At time: 11.342687368392944 accuracy is 0.871875 and loss is 0.2898664951324463
Evaluating...
Done Evaluating: Achieved accuracy of 0.7816133720930233
Not better for 3
Completing Train Step at 5th epoch...
At time: 12.03511095046997 accuracy is 0.8421875 and loss is 0.37009875774383544
At time: 12.149969816207886 accuracy is 0.9078125 and loss is 0.23369894027709961
At time: 12.272276401519775 accuracy is 0.93125 and loss is 0.16782448291778565
At time: 12.40116810798645 accuracy is 0.8765625 and loss is 0.29314312934875486
At time: 12.535845279693604 accuracy is 0.9203125 and loss is 0.17471174001693726
At time: 12.677851915359497 accuracy is 0.8828125 and loss is 0.24931490421295166
At time: 12.827069282531738 accuracy is 0.8921875 and loss is 0.26996095180511476
At time: 12.983066082000732 accuracy is 0.9171875 and loss is 0.20580344200134276
At time: 13.146706581115723 accuracy is 0.91875 and loss is 0.1903813362121582
At time: 13.319019079208374 accuracy is 0.9046875 and loss is 0.23461008071899414
At time: 13.50207257270813 accuracy is 0.93125 and loss is 0.16403671503067016
At time: 13.698933601379395 accuracy is 0.903125 and loss is 0.25893540382385255
Evaluating...
Done Evaluating: Achieved accuracy of 0.7609011627906976
Not better for 4
Completing Train Step at 6th epoch...
At time: 14.388358116149902 accuracy is 0.90625 and loss is 0.31249978542327883
At time: 14.503034591674805 accuracy is 0.9375 and loss is 0.1398995637893677
At time: 14.62491226196289 accuracy is 0.934375 and loss is 0.19376828670501708
At time: 14.753307819366455 accuracy is 0.90625 and loss is 0.2196437120437622
At time: 14.887875080108643 accuracy is 0.953125 and loss is 0.12746952772140502
At time: 15.029790878295898 accuracy is 0.9140625 and loss is 0.22810900211334229
At time: 15.178998231887817 accuracy is 0.94375 and loss is 0.14821683168411254
At time: 15.334564924240112 accuracy is 0.959375 and loss is 0.11910859346389771
At time: 15.497875928878784 accuracy is 0.928125 and loss is 0.20555310249328612
At time: 15.670027256011963 accuracy is 0.946875 and loss is 0.16006340980529785
At time: 15.852541446685791 accuracy is 0.9625 and loss is 0.10820629596710205
At time: 16.051250219345093 accuracy is 0.93125 and loss is 0.17799842357635498
Evaluating...
Done Evaluating: Achieved accuracy of 0.7714389534883721
Not better for 5
Completing Train Step at 7th epoch...
At time: 16.73744297027588 accuracy is 0.9296875 and loss is 0.18689725399017335
At time: 16.849837064743042 accuracy is 0.9609375 and loss is 0.1410007357597351
At time: 16.971242427825928 accuracy is 0.9015625 and loss is 0.2486377477645874
At time: 17.09956455230713 accuracy is 0.940625 and loss is 0.14090337753295898
At time: 17.234896421432495 accuracy is 0.9703125 and loss is 0.08219991326332092
At time: 17.377025365829468 accuracy is 0.925 and loss is 0.17662845849990844
At time: 17.526713371276855 accuracy is 0.9734375 and loss is 0.07970570921897888
At time: 17.683746814727783 accuracy is 0.946875 and loss is 0.13224879503250123
At time: 17.847846746444702 accuracy is 0.94375 and loss is 0.1334567189216614
At time: 18.020744800567627 accuracy is 0.940625 and loss is 0.13800325393676757
At time: 18.205028295516968 accuracy is 0.965625 and loss is 0.10693273544311524
At time: 18.40360999107361 accuracy is 0.9640625 and loss is 0.10856322050094605
Evaluating...
Done Evaluating: Achieved accuracy of 0.7765261627906976
Not better for 6
Completing Train Step at 8th epoch...
At time: 19.085313081741333 accuracy is 0.9609375 and loss is 0.10678384304046631
At time: 19.20249915122986 accuracy is 0.96875 and loss is 0.08712884783744812
At time: 19.333539485931396 accuracy is 0.9515625 and loss is 0.10845307111740113
At time: 19.46956205368042 accuracy is 0.9546875 and loss is 0.19020334482192994
At time: 19.61330270767212 accuracy is 0.9671875 and loss is 0.07691537141799927
At time: 19.756946086883545 accuracy is 0.9625 and loss is 0.09832582473754883
At time: 19.907148361206055 accuracy is 0.959375 and loss is 0.12895842790603637
At time: 20.064369201660156 accuracy is 0.95625 and loss is 0.10850157737731933
At time: 20.22879123687744 accuracy is 0.9453125 and loss is 0.16060031652450563
At time: 20.402233362197876 accuracy is 0.965625 and loss is 0.09090844988822937
At time: 20.586169481277466 accuracy is 0.9765625 and loss is 0.06084295511245728
At time: 20.786925077438354 accuracy is 0.971875 and loss is 0.0627785086631775
Evaluating...
Done Evaluating: Achieved accuracy of 0.779796511627907
Not better for 7
Completing Train Step at 9th epoch...
At time: 21.487342357635498 accuracy is 0.975 and loss is 0.06992049813270569
At time: 21.60304069519043 accuracy is 0.965625 and loss is 0.11409790515899658
At time: 21.72587776184082 accuracy is 0.953125 and loss is 0.10878175497055054
At time: 21.855891466140747 accuracy is 0.9453125 and loss is 0.1422426223754883
At time: 21.99448275566101 accuracy is 0.984375 and loss is 0.04640481770038605
At time: 22.138293504714966 accuracy is 0.9734375 and loss is 0.04573159217834473
At time: 22.28900957107544 accuracy is 0.9671875 and loss is 0.08409805297851562
At time: 22.446128368377686 accuracy is 0.965625 and loss is 0.08795841932296752
At time: 22.610558032989502 accuracy is 0.96875 and loss is 0.09020457863807678
At time: 22.783955097198486 accuracy is 0.96875 and loss is 0.07736137509346008
At time: 22.967928886413574 accuracy is 0.9546875 and loss is 0.14825015068054198
At time: 23.166019439697266 accuracy is 0.975 and loss is 0.0727083921432495
Evaluating...
Done Evaluating: Achieved accuracy of 0.768531976744186
Not better for 8
Completing Train Step at 10th epoch...
At time: 23.91068387031555 accuracy is 0.984375 and loss is 0.04800989627838135
At time: 24.022537231445312 accuracy is 0.9734375 and loss is 0.13274965286254883
At time: 24.14361262321472 accuracy is 0.9734375 and loss is 0.0797547996044159
At time: 24.272174835205078 accuracy is 0.9625 and loss is 0.08784302473068237
At time: 24.406864404678345 accuracy is 0.98125 and loss is 0.047920802235603334
At time: 24.548860788345337 accuracy is 0.934375 and loss is 0.1681352972984314
At time: 24.699081897735596 accuracy is 0.971875 and loss is 0.07164911031723023
At time: 24.855611324310303 accuracy is 0.9765625 and loss is 0.07150191068649292
At time: 25.019644737243652 accuracy is 0.9515625 and loss is 0.1318346619606018
At time: 25.192838430404663 accuracy is 0.9828125 and loss is 0.05637470483779907
At time: 25.37661623954773 accuracy is 0.9703125 and loss is 0.07803070545196533
At time: 25.574649333953857 accuracy is 0.978125 and loss is 0.05489639043807983
Evaluating...
Done Evaluating: Achieved accuracy of 0.7452761627906976
Not better for 9
Completing Train Step at 11th epoch...
At time: 26.268054723739624 accuracy is 0.990625 and loss is 0.029734161496162415
At time: 26.38396906852722 accuracy is 0.9828125 and loss is 0.06640952825546265
At time: 26.50703501701355 accuracy is 0.971875 and loss is 0.0824855089187622
At time: 26.637062311172485 accuracy is 0.9765625 and loss is 0.05575246810913086
At time: 26.77426266670227 accuracy is 0.975 and loss is 0.09622570276260375
At time: 26.91641116142273 accuracy is 0.95625 and loss is 0.14874314069747924
At time: 27.06589388847351 accuracy is 0.9796875 and loss is 0.0658637285232544
At time: 27.221911668777466 accuracy is 0.9859375 and loss is 0.04958332777023315
At time: 27.38666033744812 accuracy is 0.9765625 and loss is 0.0601312518119812
At time: 27.55946159362793 accuracy is 0.9765625 and loss is 0.06039358973503113
At time: 27.74351215362549 accuracy is 0.9765625 and loss is 0.045368677377700804
At time: 27.942331314086914 accuracy is 0.9828125 and loss is 0.06291204094886779
Evaluating...
Done Evaluating: Achieved accuracy of 0.7579941860465116
Not better for 10
Model not improving. Stopping earlyat 0.7994186046511628 epochs.
Done Training. Achieved Best Accuracy of 0.7994186046511628
Improved accuracyfrom 0.7881540697674418 to 0.7994186046511628
keyvalattn
SETTINGS FOR THIS RUN
{'num_layers': 1, 'dropout': 0.796259087736613, 'attn_type': 'similarity', 'wordvec_source': 'glove', 'tune_wordvecs': False, 'data': 'MPQA', 'tune_attn': False, 'rnn_dropout': 0.3505315446113676, 'batch_size': 32, 'l2': 0.20323085969359334, 'lr': 0.004572129720812978, 'wordvec_dim': 300}
Using CUDA!
here
similarity
Building RNN Classifier...

[93m    Warning: no model found for 'en'[0m

    Only loading the 'en' tokenizer.

Retrieving Data from file: /home-nfs/siddsach/ml/Interpreting-Attention/interpreting_language/data/mpqa/mpqa_subj_labels.pickle...
Loading Vectors From Memory...
Using these vectors: ['GloVe']
Getting GloVe Vectors with 300 dims
Building Vocab...
[<torchtext.vocab.Vectors object at 0x7f7ef2e31a58>]
Getting Batches...
Created Iterator with 261 batches
Getting Batches...
Created Iterator with 87 batches
Building model...
similarity
Using Attention model with following args:
{'num_layers': 1, 'dropout': 0.796259087736613, 'attn_type': 'similarity', 'cuda': True, 'hidden_size': 300, 'attention_dim': 350, 'vocab_size': 15284, 'train_word_vecs': False, 'vectors': 
 0.0000  0.0000  0.0000  ...   0.0000  0.0000  0.0000
 0.0000  0.0000  0.0000  ...   0.0000  0.0000  0.0000
 0.0000  0.0000  0.0000  ...   0.0000  0.0000  0.0000
          ...             ⋱             ...          
-0.4786 -0.1089 -0.0076  ...   0.7458  0.7174  0.6185
 0.0000  0.0000  0.0000  ...   0.0000  0.0000  0.0000
-0.0479  0.9828  0.9182  ...   0.0424  0.4554 -0.3210
[torch.FloatTensor of size 15284x300]
, 'batch_size': 32, 'tune_attn': False, 'input_size': 300, 'num_classes': 2, 'rnn_dropout': 0.3505315446113676}
Not Tuning Word Vectors!
Begin Training...
Completing Train Step at 0th epoch...
At time: 0.13892817497253418 accuracy is 0.5828125 and loss is 0.831095027923584
At time: 0.26041650772094727 accuracy is 0.6421875 and loss is 0.6722764492034912
At time: 0.3878769874572754 accuracy is 0.6828125 and loss is 0.6143734931945801
At time: 0.5187654495239258 accuracy is 0.6734375 and loss is 0.5999382019042969
At time: 0.6536147594451904 accuracy is 0.7171875 and loss is 0.5786780834197998
At time: 0.7960574626922607 accuracy is 0.740625 and loss is 0.5555343151092529
At time: 0.9443514347076416 accuracy is 0.740625 and loss is 0.5183396816253663
At time: 1.0997803211212158 accuracy is 0.778125 and loss is 0.5393354892730713
At time: 1.2630949020385742 accuracy is 0.75625 and loss is 0.521228837966919
At time: 1.4348089694976807 accuracy is 0.7203125 and loss is 0.5946105003356934
At time: 1.6172511577606201 accuracy is 0.79375 and loss is 0.5117281913757324
At time: 1.8136591911315918 accuracy is 0.7640625 and loss is 0.4841916084289551
Evaluating...
Done Evaluating: Achieved accuracy of 0.7648982558139535
Achieved new best!
Completing Train Step at 1th epoch...
At time: 2.538461208343506 accuracy is 0.7265625 and loss is 0.681057357788086
At time: 2.6538631916046143 accuracy is 0.7765625 and loss is 0.5239871978759766
At time: 2.775846242904663 accuracy is 0.7421875 and loss is 0.5462895393371582
At time: 2.904238224029541 accuracy is 0.75 and loss is 0.5410233974456787
At time: 3.0384185314178467 accuracy is 0.765625 and loss is 0.4743785381317139
At time: 3.1803879737854004 accuracy is 0.734375 and loss is 0.5129437923431397
At time: 3.3288145065307617 accuracy is 0.7765625 and loss is 0.47853903770446776
At time: 3.4848060607910156 accuracy is 0.7921875 and loss is 0.45308651924133303
At time: 3.648005247116089 accuracy is 0.7765625 and loss is 0.4571242332458496
At time: 3.8197898864746094 accuracy is 0.778125 and loss is 0.5045926570892334
At time: 4.002206087112427 accuracy is 0.7765625 and loss is 0.4543262481689453
At time: 4.199204921722412 accuracy is 0.78125 and loss is 0.43830075263977053
Evaluating...
Done Evaluating: Achieved accuracy of 0.779796511627907
Achieved new best!
Completing Train Step at 2th epoch...
At time: 4.886455297470093 accuracy is 0.7046875 and loss is 0.5710287094116211
At time: 5.001250982284546 accuracy is 0.78125 and loss is 0.4894157886505127
At time: 5.122625350952148 accuracy is 0.815625 and loss is 0.40050458908081055
At time: 5.2511961460113525 accuracy is 0.7703125 and loss is 0.483807897567749
At time: 5.3851213455200195 accuracy is 0.7796875 and loss is 0.42117900848388673
At time: 5.526338815689087 accuracy is 0.7921875 and loss is 0.4760293960571289
At time: 5.675055980682373 accuracy is 0.784375 and loss is 0.44671015739440917
At time: 5.8304243087768555 accuracy is 0.796875 and loss is 0.4408438682556152
At time: 5.993389129638672 accuracy is 0.796875 and loss is 0.48630924224853517
At time: 6.165252208709717 accuracy is 0.7734375 and loss is 0.49547863006591797
At time: 6.347647428512573 accuracy is 0.8 and loss is 0.41681637763977053
At time: 6.544644355773926 accuracy is 0.8203125 and loss is 0.4327376842498779
Evaluating...
Done Evaluating: Achieved accuracy of 0.7579941860465116
Not better for 1
Completing Train Step at 3th epoch...
At time: 7.226501703262329 accuracy is 0.7546875 and loss is 0.5710001468658448
At time: 7.337808847427368 accuracy is 0.79375 and loss is 0.47781100273132326
At time: 7.4581663608551025 accuracy is 0.825 and loss is 0.3684077262878418
At time: 7.5858190059661865 accuracy is 0.8265625 and loss is 0.4105483055114746
At time: 7.718956232070923 accuracy is 0.821875 and loss is 0.3786531925201416
At time: 7.860631227493286 accuracy is 0.8046875 and loss is 0.466350793838501
At time: 8.009767055511475 accuracy is 0.8 and loss is 0.4420624732971191
At time: 8.165089845657349 accuracy is 0.8234375 and loss is 0.3846240282058716
At time: 8.327670335769653 accuracy is 0.8234375 and loss is 0.39276728630065916
At time: 8.499759435653687 accuracy is 0.7875 and loss is 0.4630278587341309
At time: 8.6890389919281 accuracy is 0.8296875 and loss is 0.35524537563323977
At time: 8.902862787246704 accuracy is 0.8203125 and loss is 0.3773543119430542
Evaluating...
Done Evaluating: Achieved accuracy of 0.7659883720930233
Not better for 2
Completing Train Step at 4th epoch...
At time: 9.610188722610474 accuracy is 0.8046875 and loss is 0.5029630184173584
At time: 9.722175598144531 accuracy is 0.8515625 and loss is 0.3630175828933716
At time: 9.8427095413208 accuracy is 0.8640625 and loss is 0.32315375804901125
At time: 9.989970922470093 accuracy is 0.8359375 and loss is 0.38209807872772217
At time: 10.134567260742188 accuracy is 0.7890625 and loss is 0.40837922096252444
At time: 10.28685212135315 accuracy is 0.8265625 and loss is 0.38957250118255615
At time: 10.446757316589355 accuracy is 0.85625 and loss is 0.3370519161224365
At time: 10.604507684707642 accuracy is 0.840625 and loss is 0.3526113033294678
At time: 10.768053770065308 accuracy is 0.8328125 and loss is 0.35275864601135254
At time: 10.940945386886597 accuracy is 0.8234375 and loss is 0.4225932121276855
At time: 11.124809503555298 accuracy is 0.8671875 and loss is 0.32934682369232177
At time: 11.322824954986572 accuracy is 0.85 and loss is 0.3449535369873047
Evaluating...
Done Evaluating: Achieved accuracy of 0.7354651162790697
Not better for 3
Completing Train Step at 5th epoch...
At time: 12.01036524772644 accuracy is 0.809375 and loss is 0.44375128746032716
At time: 12.12622880935669 accuracy is 0.8375 and loss is 0.40461254119873047
At time: 12.250219821929932 accuracy is 0.86875 and loss is 0.3114283800125122
At time: 12.37937617301941 accuracy is 0.86875 and loss is 0.28741846084594724
At time: 12.514515161514282 accuracy is 0.859375 and loss is 0.32606675624847414
At time: 12.656498193740845 accuracy is 0.8796875 and loss is 0.2997234106063843
At time: 12.805951356887817 accuracy is 0.8984375 and loss is 0.2626659393310547
At time: 12.962170600891113 accuracy is 0.859375 and loss is 0.31424598693847655
At time: 13.139132261276245 accuracy is 0.878125 and loss is 0.29857692718505857
At time: 13.323526620864868 accuracy is 0.8453125 and loss is 0.37810564041137695
At time: 13.517749786376953 accuracy is 0.9015625 and loss is 0.2736818790435791
At time: 13.725066900253296 accuracy is 0.884375 and loss is 0.2799416780471802
Evaluating...
Done Evaluating: Achieved accuracy of 0.7787063953488372
Not better for 4
Completing Train Step at 6th epoch...
At time: 14.416361570358276 accuracy is 0.825 and loss is 0.6809975624084472
At time: 14.528225660324097 accuracy is 0.8609375 and loss is 0.3537754058837891
At time: 14.657606363296509 accuracy is 0.8640625 and loss is 0.2906792402267456
At time: 14.802212715148926 accuracy is 0.85625 and loss is 0.37600805759429934
At time: 14.94704270362854 accuracy is 0.8484375 and loss is 0.3297566413879395
At time: 15.098893404006958 accuracy is 0.8515625 and loss is 0.3317373037338257
At time: 15.254106521606445 accuracy is 0.8484375 and loss is 0.34661805629730225
At time: 15.409709692001343 accuracy is 0.865625 and loss is 0.28876941204071044
At time: 15.573367834091187 accuracy is 0.8734375 and loss is 0.28934669494628906
At time: 15.746772766113281 accuracy is 0.884375 and loss is 0.2861638069152832
At time: 15.931005954742432 accuracy is 0.8765625 and loss is 0.2552365303039551
At time: 16.128875732421875 accuracy is 0.8625 and loss is 0.3939670085906982
Evaluating...
Done Evaluating: Achieved accuracy of 0.7659883720930233
Not better for 5
Completing Train Step at 7th epoch...
At time: 16.821796655654907 accuracy is 0.853125 and loss is 0.4307404041290283
At time: 16.93891716003418 accuracy is 0.8875 and loss is 0.27419390678405764
At time: 17.060524940490723 accuracy is 0.925 and loss is 0.19848644733428955
At time: 17.189332008361816 accuracy is 0.8953125 and loss is 0.26283271312713624
At time: 17.323960065841675 accuracy is 0.89375 and loss is 0.3170025110244751
At time: 17.4657039642334 accuracy is 0.8703125 and loss is 0.28603425025939944
At time: 17.61490535736084 accuracy is 0.89375 and loss is 0.2223069190979004
At time: 17.77051568031311 accuracy is 0.9171875 and loss is 0.2324676036834717
At time: 17.93423819541931 accuracy is 0.9078125 and loss is 0.2569702386856079
At time: 18.105675220489502 accuracy is 0.903125 and loss is 0.23959615230560302
At time: 18.28808045387268 accuracy is 0.91875 and loss is 0.19633289575576782
At time: 18.48545002937317 accuracy is 0.9 and loss is 0.28455204963684083
Evaluating...
Done Evaluating: Achieved accuracy of 0.7561773255813954
Not better for 6
Completing Train Step at 8th epoch...
At time: 19.21641993522644 accuracy is 0.846875 and loss is 0.49307999610900877
At time: 19.362305641174316 accuracy is 0.9046875 and loss is 0.30712122917175294
At time: 19.495870113372803 accuracy is 0.928125 and loss is 0.16439710855484008
At time: 19.634321451187134 accuracy is 0.871875 and loss is 0.2961128711700439
At time: 19.779579401016235 accuracy is 0.90625 and loss is 0.2297218084335327
At time: 19.93167543411255 accuracy is 0.9234375 and loss is 0.20035037994384766
At time: 20.082102298736572 accuracy is 0.8875 and loss is 0.24229953289031983
At time: 20.238964796066284 accuracy is 0.89375 and loss is 0.295050048828125
At time: 20.40319561958313 accuracy is 0.9140625 and loss is 0.22571074962615967
At time: 20.575979232788086 accuracy is 0.9 and loss is 0.23321235179901123
At time: 20.759593963623047 accuracy is 0.9171875 and loss is 0.19877032041549683
At time: 20.957598447799683 accuracy is 0.896875 and loss is 0.24987752437591554
Evaluating...
Done Evaluating: Achieved accuracy of 0.7921511627906976
Achieved new best!
Completing Train Step at 9th epoch...
At time: 21.650031805038452 accuracy is 0.8765625 and loss is 0.44919824600219727
At time: 21.76577854156494 accuracy is 0.9265625 and loss is 0.21083567142486573
At time: 21.888977527618408 accuracy is 0.959375 and loss is 0.12299082279205323
At time: 22.016947269439697 accuracy is 0.9109375 and loss is 0.2310070276260376
At time: 22.151310920715332 accuracy is 0.925 and loss is 0.22627615928649902
At time: 22.293472051620483 accuracy is 0.940625 and loss is 0.1439758062362671
At time: 22.442678928375244 accuracy is 0.93125 and loss is 0.18626009225845336
At time: 22.598426342010498 accuracy is 0.90625 and loss is 0.24119124412536622
At time: 22.761950731277466 accuracy is 0.9046875 and loss is 0.23939673900604247
At time: 22.934167861938477 accuracy is 0.9109375 and loss is 0.24011456966400146
At time: 23.117676973342896 accuracy is 0.928125 and loss is 0.1970563054084778
At time: 23.315253496170044 accuracy is 0.9109375 and loss is 0.21269602775573732
Evaluating...
Done Evaluating: Achieved accuracy of 0.7776162790697675
Not better for 1
Completing Train Step at 10th epoch...
At time: 23.997409105300903 accuracy is 0.8625 and loss is 0.3735435962677002
At time: 24.110076427459717 accuracy is 0.9359375 and loss is 0.19447249174118042
At time: 24.231752157211304 accuracy is 0.95 and loss is 0.14286422729492188
At time: 24.361064195632935 accuracy is 0.90625 and loss is 0.2503190994262695
At time: 24.495422840118408 accuracy is 0.9109375 and loss is 0.21186952590942382
At time: 24.642839193344116 accuracy is 0.9234375 and loss is 0.19281266927719115
At time: 24.803264141082764 accuracy is 0.915625 and loss is 0.18661773204803467
At time: 24.96940517425537 accuracy is 0.925 and loss is 0.2182549476623535
At time: 25.132887840270996 accuracy is 0.9140625 and loss is 0.20833396911621094
At time: 25.305978775024414 accuracy is 0.915625 and loss is 0.23908538818359376
At time: 25.48977780342102 accuracy is 0.9296875 and loss is 0.19935848712921142
At time: 25.687705993652344 accuracy is 0.9109375 and loss is 0.2552161455154419
Evaluating...
Done Evaluating: Achieved accuracy of 0.7521802325581395
Not better for 2
Completing Train Step at 11th epoch...
At time: 26.358763933181763 accuracy is 0.8609375 and loss is 0.31179583072662354
At time: 26.478257417678833 accuracy is 0.94375 and loss is 0.16216286420822143
At time: 26.60112500190735 accuracy is 0.9109375 and loss is 0.18539955615997314
At time: 26.728271484375 accuracy is 0.9046875 and loss is 0.21504967212677
At time: 26.862040996551514 accuracy is 0.9375 and loss is 0.17657721042633057
At time: 27.002564430236816 accuracy is 0.91875 and loss is 0.18491685390472412
At time: 27.150448322296143 accuracy is 0.934375 and loss is 0.15824058055877685
At time: 27.305701971054077 accuracy is 0.909375 and loss is 0.2756213665008545
At time: 27.469408750534058 accuracy is 0.925 and loss is 0.20034503936767578
At time: 27.641587734222412 accuracy is 0.9296875 and loss is 0.1841699004173279
At time: 27.82389211654663 accuracy is 0.95625 and loss is 0.1359722137451172
At time: 28.021011114120483 accuracy is 0.86875 and loss is 0.35403683185577395
Evaluating...
Done Evaluating: Achieved accuracy of 0.7863372093023255
Not better for 3
Completing Train Step at 12th epoch...
At time: 28.705833435058594 accuracy is 0.9015625 and loss is 0.4981837749481201
At time: 28.820764303207397 accuracy is 0.9453125 and loss is 0.1588672876358032
At time: 28.94270944595337 accuracy is 0.9609375 and loss is 0.1153946042060852
At time: 29.071105480194092 accuracy is 0.9375 and loss is 0.15383765697479249
At time: 29.207120656967163 accuracy is 0.959375 and loss is 0.10810850858688355
At time: 29.350910425186157 accuracy is 0.946875 and loss is 0.16429562568664552
At time: 29.500993728637695 accuracy is 0.940625 and loss is 0.12602452039718628
At time: 29.657025814056396 accuracy is 0.93125 and loss is 0.20963923931121825
At time: 29.819965362548828 accuracy is 0.93125 and loss is 0.17242896556854248
At time: 29.991515636444092 accuracy is 0.9234375 and loss is 0.211924147605896
At time: 30.174034357070923 accuracy is 0.94375 and loss is 0.13110071420669556
At time: 30.370988845825195 accuracy is 0.9140625 and loss is 0.23337223529815673
Evaluating...
Done Evaluating: Achieved accuracy of 0.7648982558139535
Not better for 4
Completing Train Step at 13th epoch...
At time: 31.05258059501648 accuracy is 0.88125 and loss is 0.5099683284759522
At time: 31.163513898849487 accuracy is 0.9546875 and loss is 0.16834222078323363
At time: 31.282657384872437 accuracy is 0.940625 and loss is 0.16263062953948976
At time: 31.409566402435303 accuracy is 0.9484375 and loss is 0.1412825584411621
At time: 31.54272198677063 accuracy is 0.9609375 and loss is 0.10417752265930176
At time: 31.683531522750854 accuracy is 0.9125 and loss is 0.28004231452941897
At time: 31.832029342651367 accuracy is 0.9390625 and loss is 0.15666180849075317
At time: 31.987300157546997 accuracy is 0.934375 and loss is 0.19098284244537353
At time: 32.15026593208313 accuracy is 0.9421875 and loss is 0.1453532576560974
At time: 32.3219633102417 accuracy is 0.9234375 and loss is 0.25975737571716306
At time: 32.50469970703125 accuracy is 0.95625 and loss is 0.11946709156036377
At time: 32.70213747024536 accuracy is 0.940625 and loss is 0.1563752293586731
Evaluating...
Done Evaluating: Achieved accuracy of 0.7630813953488372
Not better for 5
Completing Train Step at 14th epoch...
At time: 33.387309074401855 accuracy is 0.8875 and loss is 0.3836429357528687
At time: 33.50214171409607 accuracy is 0.953125 and loss is 0.24074227809906007
At time: 33.62335515022278 accuracy is 0.95 and loss is 0.14850304126739503
At time: 33.75190043449402 accuracy is 0.9515625 and loss is 0.18451240062713622
At time: 33.887144327163696 accuracy is 0.9640625 and loss is 0.09508086442947387
At time: 34.02959418296814 accuracy is 0.921875 and loss is 0.19190434217453003
At time: 34.17937707901001 accuracy is 0.94375 and loss is 0.1269962430000305
At time: 34.33605742454529 accuracy is 0.9640625 and loss is 0.10287888050079345
At time: 34.49972343444824 accuracy is 0.9359375 and loss is 0.1758573055267334
At time: 34.671892166137695 accuracy is 0.9453125 and loss is 0.16033767461776732
At time: 34.85505771636963 accuracy is 0.9625 and loss is 0.11137210130691529
At time: 35.05247354507446 accuracy is 0.9375 and loss is 0.18709608316421508
Evaluating...
Done Evaluating: Achieved accuracy of 0.7598110465116279
Not better for 6
Completing Train Step at 15th epoch...
At time: 35.778692960739136 accuracy is 0.8859375 and loss is 0.4966727256774902
At time: 35.89488434791565 accuracy is 0.9296875 and loss is 0.17567564249038697
At time: 36.01785397529602 accuracy is 0.9421875 and loss is 0.14063247442245483
At time: 36.14711618423462 accuracy is 0.9359375 and loss is 0.16948845386505126
At time: 36.28149652481079 accuracy is 0.9640625 and loss is 0.10119707584381103
At time: 36.423449993133545 accuracy is 0.9296875 and loss is 0.15731685161590575
At time: 36.57368302345276 accuracy is 0.9671875 and loss is 0.10265930891036987
At time: 36.73058748245239 accuracy is 0.9375 and loss is 0.18484249114990234
At time: 36.89472270011902 accuracy is 0.934375 and loss is 0.14592428207397462
At time: 37.067338705062866 accuracy is 0.953125 and loss is 0.24859707355499266
At time: 37.25063872337341 accuracy is 0.9734375 and loss is 0.1370874047279358
At time: 37.448187589645386 accuracy is 0.953125 and loss is 0.1609702706336975
Evaluating...
Done Evaluating: Achieved accuracy of 0.7609011627906976
Not better for 7
Completing Train Step at 16th epoch...
At time: 38.14108228683472 accuracy is 0.9 and loss is 0.5996665954589844
At time: 38.2564971446991 accuracy is 0.9578125 and loss is 0.12620189189910888
At time: 38.378251791000366 accuracy is 0.9703125 and loss is 0.09286106824874878
At time: 38.50697374343872 accuracy is 0.9546875 and loss is 0.14573922157287597
At time: 38.641324281692505 accuracy is 0.95 and loss is 0.1392301559448242
At time: 38.78329300880432 accuracy is 0.946875 and loss is 0.13501092195510864
At time: 38.932918310165405 accuracy is 0.965625 and loss is 0.08847900629043579
At time: 39.08911681175232 accuracy is 0.940625 and loss is 0.1613696813583374
At time: 39.252737045288086 accuracy is 0.9390625 and loss is 0.15067577362060547
At time: 39.42509913444519 accuracy is 0.9234375 and loss is 0.2483893871307373
At time: 39.608595848083496 accuracy is 0.94375 and loss is 0.16689913272857665
At time: 39.80636191368103 accuracy is 0.9375 and loss is 0.20261926651000978
Evaluating...
Done Evaluating: Achieved accuracy of 0.7652616279069767
Not better for 8
Completing Train Step at 17th epoch...
At time: 40.49763202667236 accuracy is 0.9265625 and loss is 0.37013747692108157
At time: 40.61322021484375 accuracy is 0.971875 and loss is 0.08876537084579468
At time: 40.73606872558594 accuracy is 0.9625 and loss is 0.10250644683837891
At time: 40.86528730392456 accuracy is 0.9546875 and loss is 0.11179850101470948
At time: 40.999698877334595 accuracy is 0.9609375 and loss is 0.10627963542938232
At time: 41.1423454284668 accuracy is 0.9734375 and loss is 0.08320438861846924
At time: 41.29232382774353 accuracy is 0.9609375 and loss is 0.10253273248672486
At time: 41.44890356063843 accuracy is 0.953125 and loss is 0.10069265365600585
At time: 41.61270594596863 accuracy is 0.9546875 and loss is 0.12800891399383546
At time: 41.78553533554077 accuracy is 0.9359375 and loss is 0.23500308990478516
At time: 41.96907114982605 accuracy is 0.9734375 and loss is 0.0761656105518341
At time: 42.167470932006836 accuracy is 0.9453125 and loss is 0.20716516971588134
Evaluating...
Done Evaluating: Achieved accuracy of 0.751453488372093
Not better for 9
Completing Train Step at 18th epoch...
At time: 42.8627073764801 accuracy is 0.9171875 and loss is 0.39245855808258057
At time: 42.978885889053345 accuracy is 0.9625 and loss is 0.12582616806030272
At time: 43.10110688209534 accuracy is 0.965625 and loss is 0.10431473255157471
At time: 43.229864835739136 accuracy is 0.965625 and loss is 0.11242855787277221
At time: 43.364970207214355 accuracy is 0.9515625 and loss is 0.1110121726989746
At time: 43.5069375038147 accuracy is 0.959375 and loss is 0.12413263320922852
At time: 43.65630054473877 accuracy is 0.9640625 and loss is 0.110701584815979
At time: 43.812096118927 accuracy is 0.946875 and loss is 0.1526341199874878
At time: 43.97562050819397 accuracy is 0.95625 and loss is 0.12266314029693604
At time: 44.148579359054565 accuracy is 0.95 and loss is 0.18607828617095948
At time: 44.33234143257141 accuracy is 0.965625 and loss is 0.09995344877243043
At time: 44.53039813041687 accuracy is 0.9421875 and loss is 0.17434961795806886
Evaluating...
Done Evaluating: Achieved accuracy of 0.7594476744186046
Not better for 10
Model not improving. Stopping earlyat 0.7921511627906976 epochs.
Done Training. Achieved Best Accuracy of 0.7921511627906976
keyvalattn
SETTINGS FOR THIS RUN
{'num_layers': 1, 'dropout': 0.6520964172930956, 'attn_type': 'similarity', 'wordvec_source': 'glove', 'tune_wordvecs': False, 'data': 'MPQA', 'tune_attn': False, 'rnn_dropout': 0.6562620144442766, 'batch_size': 32, 'l2': 0.5754600523007405, 'lr': 0.003238414551247756, 'wordvec_dim': 300}
Using CUDA!
here
similarity
Building RNN Classifier...

[93m    Warning: no model found for 'en'[0m

    Only loading the 'en' tokenizer.

Retrieving Data from file: /home-nfs/siddsach/ml/Interpreting-Attention/interpreting_language/data/mpqa/mpqa_subj_labels.pickle...
Loading Vectors From Memory...
Using these vectors: ['GloVe']
Getting GloVe Vectors with 300 dims
Building Vocab...
[<torchtext.vocab.Vectors object at 0x7f7ef2d92e80>]
Getting Batches...
Created Iterator with 261 batches
Getting Batches...
Created Iterator with 87 batches
Building model...
similarity
Using Attention model with following args:
{'num_layers': 1, 'dropout': 0.6520964172930956, 'attn_type': 'similarity', 'cuda': True, 'hidden_size': 300, 'attention_dim': 350, 'vocab_size': 15284, 'train_word_vecs': False, 'vectors': 
 0.0000  0.0000  0.0000  ...   0.0000  0.0000  0.0000
 0.0000  0.0000  0.0000  ...   0.0000  0.0000  0.0000
 0.0000  0.0000  0.0000  ...   0.0000  0.0000  0.0000
          ...             ⋱             ...          
-0.4786 -0.1089 -0.0076  ...   0.7458  0.7174  0.6185
 0.0000  0.0000  0.0000  ...   0.0000  0.0000  0.0000
-0.0479  0.9828  0.9182  ...   0.0424  0.4554 -0.3210
[torch.FloatTensor of size 15284x300]
, 'batch_size': 32, 'tune_attn': False, 'input_size': 300, 'num_classes': 2, 'rnn_dropout': 0.6562620144442766}
Not Tuning Word Vectors!
Begin Training...
Completing Train Step at 0th epoch...
At time: 0.12444424629211426 accuracy is 0.60625 and loss is 0.7884354591369629
At time: 0.2422010898590088 accuracy is 0.65 and loss is 0.6673809051513672
At time: 0.3702971935272217 accuracy is 0.7078125 and loss is 0.6008331298828125
At time: 0.5189180374145508 accuracy is 0.6625 and loss is 0.5911148071289063
At time: 0.654052734375 accuracy is 0.76875 and loss is 0.5166535377502441
At time: 0.8037052154541016 accuracy is 0.709375 and loss is 0.5906888484954834
At time: 0.9760725498199463 accuracy is 0.7515625 and loss is 0.510887622833252
At time: 1.1450815200805664 accuracy is 0.778125 and loss is 0.5339219093322753
At time: 1.3212120532989502 accuracy is 0.746875 and loss is 0.5370982646942138
At time: 1.4949591159820557 accuracy is 0.7234375 and loss is 0.5992409706115722
At time: 1.680295467376709 accuracy is 0.790625 and loss is 0.5061309337615967
At time: 1.8793935775756836 accuracy is 0.759375 and loss is 0.49987201690673827
Evaluating...
Done Evaluating: Achieved accuracy of 0.7558139534883721
Achieved new best!
Completing Train Step at 1th epoch...
At time: 2.582643508911133 accuracy is 0.70625 and loss is 0.6483029365539551
At time: 2.6986215114593506 accuracy is 0.7375 and loss is 0.5384172916412353
At time: 2.820904016494751 accuracy is 0.7828125 and loss is 0.46711115837097167
At time: 2.9508228302001953 accuracy is 0.7734375 and loss is 0.49623875617980956
At time: 3.0902836322784424 accuracy is 0.7546875 and loss is 0.4694934844970703
At time: 3.2426376342773438 accuracy is 0.784375 and loss is 0.47970027923583985
At time: 3.3975813388824463 accuracy is 0.76875 and loss is 0.47614426612854005
At time: 3.560166120529175 accuracy is 0.7875 and loss is 0.49947609901428225
At time: 3.7282793521881104 accuracy is 0.7859375 and loss is 0.462778902053833
At time: 3.9004061222076416 accuracy is 0.771875 and loss is 0.4760921001434326
At time: 4.082111597061157 accuracy is 0.7609375 and loss is 0.4847358226776123
At time: 4.279922723770142 accuracy is 0.79375 and loss is 0.4634688854217529
Evaluating...
Done Evaluating: Achieved accuracy of 0.7874273255813954
Achieved new best!
Completing Train Step at 2th epoch...
At time: 4.969965696334839 accuracy is 0.7390625 and loss is 0.6113156318664551
At time: 5.084776163101196 accuracy is 0.790625 and loss is 0.4648153781890869
At time: 5.207036018371582 accuracy is 0.8234375 and loss is 0.4841592311859131
At time: 5.335283279418945 accuracy is 0.8125 and loss is 0.41655993461608887
At time: 5.46924614906311 accuracy is 0.81875 and loss is 0.4117621898651123
At time: 5.610417127609253 accuracy is 0.7984375 and loss is 0.4300220489501953
At time: 5.759234428405762 accuracy is 0.8078125 and loss is 0.43057785034179685
At time: 5.914945602416992 accuracy is 0.81875 and loss is 0.3850881099700928
At time: 6.07846474647522 accuracy is 0.8140625 and loss is 0.3849404096603394
At time: 6.266352415084839 accuracy is 0.79375 and loss is 0.45007858276367185
At time: 6.472617864608765 accuracy is 0.8265625 and loss is 0.351383376121521
At time: 6.68281364440918 accuracy is 0.8140625 and loss is 0.3732767105102539
Evaluating...
Done Evaluating: Achieved accuracy of 0.7430959302325582
Not better for 1
Completing Train Step at 3th epoch...
At time: 7.380075931549072 accuracy is 0.7765625 and loss is 0.5045683860778809
At time: 7.4922778606414795 accuracy is 0.8171875 and loss is 0.4095114231109619
At time: 7.612157583236694 accuracy is 0.8390625 and loss is 0.39311301708221436
At time: 7.738758325576782 accuracy is 0.853125 and loss is 0.3443378686904907
At time: 7.875148296356201 accuracy is 0.8171875 and loss is 0.39202322959899905
At time: 8.023880004882812 accuracy is 0.8375 and loss is 0.3720215320587158
At time: 8.19370412826538 accuracy is 0.834375 and loss is 0.3666888952255249
At time: 8.367965459823608 accuracy is 0.846875 and loss is 0.3527489185333252
At time: 8.536005020141602 accuracy is 0.7953125 and loss is 0.4366311073303223
At time: 8.70561695098877 accuracy is 0.83125 and loss is 0.39907498359680177
At time: 8.888634443283081 accuracy is 0.8546875 and loss is 0.32195661067962644
At time: 9.086509227752686 accuracy is 0.8578125 and loss is 0.34813976287841797
Evaluating...
Done Evaluating: Achieved accuracy of 0.7914244186046512
Achieved new best!
Completing Train Step at 4th epoch...
At time: 9.778908252716064 accuracy is 0.8046875 and loss is 0.4782524108886719
At time: 9.898528337478638 accuracy is 0.840625 and loss is 0.3846017360687256
At time: 10.021943807601929 accuracy is 0.8515625 and loss is 0.31632516384124754
At time: 10.152842044830322 accuracy is 0.84375 and loss is 0.3598647117614746
At time: 10.291151285171509 accuracy is 0.8671875 and loss is 0.3156958818435669
At time: 10.441726922988892 accuracy is 0.84375 and loss is 0.3513325214385986
At time: 10.598154783248901 accuracy is 0.85625 and loss is 0.34646191596984866
At time: 10.759451866149902 accuracy is 0.8734375 and loss is 0.2984708070755005
At time: 10.929246425628662 accuracy is 0.859375 and loss is 0.30359113216400146
At time: 11.107431173324585 accuracy is 0.85625 and loss is 0.3250669717788696
At time: 11.293485403060913 accuracy is 0.878125 and loss is 0.26552615165710447
At time: 11.494621992111206 accuracy is 0.8515625 and loss is 0.32625041007995603
Evaluating...
Done Evaluating: Achieved accuracy of 0.7474563953488372
Not better for 1
Completing Train Step at 5th epoch...
At time: 12.206587314605713 accuracy is 0.8203125 and loss is 0.3963999509811401
At time: 12.328260898590088 accuracy is 0.8546875 and loss is 0.323640251159668
At time: 12.455103158950806 accuracy is 0.8484375 and loss is 0.3152932643890381
At time: 12.591046810150146 accuracy is 0.85625 and loss is 0.3321087837219238
At time: 12.731304407119751 accuracy is 0.8609375 and loss is 0.30014402866363527
At time: 12.879451036453247 accuracy is 0.8640625 and loss is 0.315624475479126
At time: 13.032312154769897 accuracy is 0.8828125 and loss is 0.2923187255859375
At time: 13.192137241363525 accuracy is 0.89375 and loss is 0.2371875524520874
At time: 13.360957145690918 accuracy is 0.8859375 and loss is 0.25533275604248046
At time: 13.536525964736938 accuracy is 0.8765625 and loss is 0.29542112350463867
At time: 13.72405481338501 accuracy is 0.9265625 and loss is 0.19351106882095337
At time: 13.926011562347412 accuracy is 0.8765625 and loss is 0.2777800321578979
Evaluating...
Done Evaluating: Achieved accuracy of 0.7885174418604651
Not better for 2
Completing Train Step at 6th epoch...
At time: 14.63219404220581 accuracy is 0.8578125 and loss is 0.3920131683349609
At time: 14.753104209899902 accuracy is 0.9046875 and loss is 0.26105594635009766
At time: 14.878358125686646 accuracy is 0.8578125 and loss is 0.30745954513549806
At time: 15.010685443878174 accuracy is 0.875 and loss is 0.26926655769348146
At time: 15.1482253074646 accuracy is 0.8984375 and loss is 0.2524853229522705
At time: 15.292601823806763 accuracy is 0.8875 and loss is 0.2510620832443237
At time: 15.44364881515503 accuracy is 0.9140625 and loss is 0.1939651131629944
At time: 15.601818323135376 accuracy is 0.9171875 and loss is 0.2082369327545166
At time: 15.770004034042358 accuracy is 0.8890625 and loss is 0.22715318202972412
At time: 15.946317672729492 accuracy is 0.9078125 and loss is 0.23139584064483643
At time: 16.133975505828857 accuracy is 0.928125 and loss is 0.21343252658843995
At time: 16.334219217300415 accuracy is 0.925 and loss is 0.1956263303756714
Evaluating...
Done Evaluating: Achieved accuracy of 0.7837936046511628
Not better for 3
Completing Train Step at 7th epoch...
At time: 17.04059600830078 accuracy is 0.871875 and loss is 0.3222332239151001
At time: 17.160334587097168 accuracy is 0.9 and loss is 0.28306419849395753
At time: 17.286723375320435 accuracy is 0.9140625 and loss is 0.21062932014465333
At time: 17.419495820999146 accuracy is 0.884375 and loss is 0.24973649978637696
At time: 17.55729103088379 accuracy is 0.8859375 and loss is 0.2742938041687012
At time: 17.70155644416809 accuracy is 0.86875 and loss is 0.32049171924591063
At time: 17.852911233901978 accuracy is 0.909375 and loss is 0.2592013359069824
At time: 18.01197648048401 accuracy is 0.9171875 and loss is 0.18517717123031616
At time: 18.17793083190918 accuracy is 0.8734375 and loss is 0.2718131303787231
At time: 18.35219168663025 accuracy is 0.9265625 and loss is 0.18745803833007812
At time: 18.537334203720093 accuracy is 0.928125 and loss is 0.1611699342727661
At time: 18.737741708755493 accuracy is 0.9203125 and loss is 0.18599114418029786
Evaluating...
Done Evaluating: Achieved accuracy of 0.7692587209302325
Not better for 4
Completing Train Step at 8th epoch...
At time: 19.43185830116272 accuracy is 0.871875 and loss is 0.2842264175415039
At time: 19.545562744140625 accuracy is 0.9203125 and loss is 0.18035571575164794
At time: 19.66808843612671 accuracy is 0.9296875 and loss is 0.1635783553123474
At time: 19.801007509231567 accuracy is 0.909375 and loss is 0.1974876880645752
At time: 19.937321662902832 accuracy is 0.9265625 and loss is 0.19918287992477418
At time: 20.081178665161133 accuracy is 0.9171875 and loss is 0.18325179815292358
At time: 20.23218035697937 accuracy is 0.93125 and loss is 0.15394039154052735
At time: 20.390063762664795 accuracy is 0.953125 and loss is 0.11691821813583374
At time: 20.557549953460693 accuracy is 0.9234375 and loss is 0.18256986141204834
At time: 20.73406481742859 accuracy is 0.940625 and loss is 0.17705740928649902
At time: 20.92060923576355 accuracy is 0.946875 and loss is 0.1343415141105652
At time: 21.123072624206543 accuracy is 0.9296875 and loss is 0.1995055556297302
Evaluating...
Done Evaluating: Achieved accuracy of 0.7819767441860465
Not better for 5
Completing Train Step at 9th epoch...
At time: 21.823649168014526 accuracy is 0.9171875 and loss is 0.2924173831939697
At time: 21.94302773475647 accuracy is 0.9515625 and loss is 0.19082628488540648
At time: 22.070770502090454 accuracy is 0.95625 and loss is 0.11810675859451295
At time: 22.20362091064453 accuracy is 0.9234375 and loss is 0.16446270942687988
At time: 22.34180998802185 accuracy is 0.9640625 and loss is 0.11158740520477295
At time: 22.485857486724854 accuracy is 0.9265625 and loss is 0.18923407793045044
At time: 22.637129545211792 accuracy is 0.953125 and loss is 0.11319067478179931
At time: 22.795329332351685 accuracy is 0.959375 and loss is 0.0853670060634613
At time: 22.96171474456787 accuracy is 0.9234375 and loss is 0.2030336856842041
At time: 23.134441375732422 accuracy is 0.928125 and loss is 0.16515100002288818
At time: 23.317441940307617 accuracy is 0.94375 and loss is 0.12189338207244874
At time: 23.514143466949463 accuracy is 0.9421875 and loss is 0.15265100002288817
Evaluating...
Done Evaluating: Achieved accuracy of 0.7823401162790697
Not better for 6
Completing Train Step at 10th epoch...
At time: 24.218485355377197 accuracy is 0.9140625 and loss is 0.3276735067367554
At time: 24.34337615966797 accuracy is 0.9515625 and loss is 0.11344102621078492
At time: 24.475878477096558 accuracy is 0.9515625 and loss is 0.11034547090530396
At time: 24.61568331718445 accuracy is 0.9234375 and loss is 0.1870522379875183
At time: 24.751657724380493 accuracy is 0.9515625 and loss is 0.12448770999908447
At time: 24.89480996131897 accuracy is 0.934375 and loss is 0.1778255820274353
At time: 25.045039176940918 accuracy is 0.9578125 and loss is 0.10631241798400878
At time: 25.20092535018921 accuracy is 0.9484375 and loss is 0.1605907201766968
At time: 25.364076375961304 accuracy is 0.9171875 and loss is 0.3126945495605469
At time: 25.53585147857666 accuracy is 0.9453125 and loss is 0.139285409450531
At time: 25.718082904815674 accuracy is 0.953125 and loss is 0.11747924089431763
At time: 25.915034770965576 accuracy is 0.9296875 and loss is 0.17639163732528687
Evaluating...
Done Evaluating: Achieved accuracy of 0.7699854651162791
Not better for 7
Completing Train Step at 11th epoch...
At time: 26.601690530776978 accuracy is 0.9046875 and loss is 0.2520564079284668
At time: 26.71589183807373 accuracy is 0.9578125 and loss is 0.10934669971466064
At time: 26.836418390274048 accuracy is 0.9640625 and loss is 0.09391800165176392
At time: 26.964723825454712 accuracy is 0.9625 and loss is 0.10021729469299316
At time: 27.099184274673462 accuracy is 0.95625 and loss is 0.12026958465576172
At time: 27.240362882614136 accuracy is 0.9515625 and loss is 0.14130901098251342
At time: 27.388164281845093 accuracy is 0.9546875 and loss is 0.1205223798751831
At time: 27.543097257614136 accuracy is 0.9578125 and loss is 0.14245569705963135
At time: 27.70561385154724 accuracy is 0.9546875 and loss is 0.13624519109725952
At time: 27.8768150806427 accuracy is 0.959375 and loss is 0.10926892757415771
At time: 28.05875515937805 accuracy is 0.9359375 and loss is 0.2084477186203003
At time: 28.256340742111206 accuracy is 0.95 and loss is 0.14538618326187133
Evaluating...
Done Evaluating: Achieved accuracy of 0.7503633720930233
Not better for 8
Completing Train Step at 12th epoch...
At time: 28.93220090866089 accuracy is 0.915625 and loss is 0.2387758255004883
At time: 29.046295404434204 accuracy is 0.971875 and loss is 0.08175888061523437
At time: 29.166141986846924 accuracy is 0.9703125 and loss is 0.08973265290260315
At time: 29.293566942214966 accuracy is 0.928125 and loss is 0.22363898754119874
At time: 29.426894426345825 accuracy is 0.95 and loss is 0.12046213150024414
At time: 29.5674147605896 accuracy is 0.95625 and loss is 0.11423758268356324
At time: 29.71636128425598 accuracy is 0.9515625 and loss is 0.11768739223480225
At time: 29.871919631958008 accuracy is 0.9640625 and loss is 0.0919047474861145
At time: 30.034421682357788 accuracy is 0.9453125 and loss is 0.13880470991134644
At time: 30.207934617996216 accuracy is 0.9671875 and loss is 0.08125221729278564
At time: 30.39013361930847 accuracy is 0.959375 and loss is 0.10317549705505372
At time: 30.587059020996094 accuracy is 0.934375 and loss is 0.1447347044944763
Evaluating...
Done Evaluating: Achieved accuracy of 0.7725290697674418
Not better for 9
Completing Train Step at 13th epoch...
At time: 31.273730993270874 accuracy is 0.9390625 and loss is 0.1878615975379944
At time: 31.388510704040527 accuracy is 0.975 and loss is 0.0817238450050354
At time: 31.509430170059204 accuracy is 0.9828125 and loss is 0.07720580101013183
At time: 31.637743949890137 accuracy is 0.9359375 and loss is 0.1557023048400879
At time: 31.771533489227295 accuracy is 0.9484375 and loss is 0.12584658861160278
At time: 31.912214279174805 accuracy is 0.9640625 and loss is 0.08227064609527587
At time: 32.0598623752594 accuracy is 0.95625 and loss is 0.09298700094223022
At time: 32.21413516998291 accuracy is 0.965625 and loss is 0.10371044874191285
At time: 32.37886619567871 accuracy is 0.9421875 and loss is 0.15200793743133545
At time: 32.55085015296936 accuracy is 0.9515625 and loss is 0.15234967470169067
At time: 32.73308348655701 accuracy is 0.934375 and loss is 0.20454585552215576
At time: 32.92990732192993 accuracy is 0.95625 and loss is 0.13131284713745117
Evaluating...
Done Evaluating: Achieved accuracy of 0.7616279069767442
Not better for 10
Model not improving. Stopping earlyat 0.7914244186046512 epochs.
Done Training. Achieved Best Accuracy of 0.7914244186046512
keyvalattn
SETTINGS FOR THIS RUN
{'num_layers': 1, 'dropout': 0.5354374666146369, 'attn_type': 'similarity', 'wordvec_source': 'glove', 'tune_wordvecs': False, 'data': 'MPQA', 'tune_attn': False, 'rnn_dropout': 0.5730551001551064, 'batch_size': 32, 'l2': 0.18582571327109332, 'lr': 0.003013453801985526, 'wordvec_dim': 300}
Using CUDA!
here
similarity
Building RNN Classifier...

[93m    Warning: no model found for 'en'[0m

    Only loading the 'en' tokenizer.

Retrieving Data from file: /home-nfs/siddsach/ml/Interpreting-Attention/interpreting_language/data/mpqa/mpqa_subj_labels.pickle...
Loading Vectors From Memory...
Using these vectors: ['GloVe']
Getting GloVe Vectors with 300 dims
Building Vocab...
[<torchtext.vocab.Vectors object at 0x7f7efa551668>]
Getting Batches...
Created Iterator with 261 batches
Getting Batches...
Created Iterator with 87 batches
Building model...
similarity
Using Attention model with following args:
{'num_layers': 1, 'dropout': 0.5354374666146369, 'attn_type': 'similarity', 'cuda': True, 'hidden_size': 300, 'attention_dim': 350, 'vocab_size': 15284, 'train_word_vecs': False, 'vectors': 
 0.0000  0.0000  0.0000  ...   0.0000  0.0000  0.0000
 0.0000  0.0000  0.0000  ...   0.0000  0.0000  0.0000
 0.0000  0.0000  0.0000  ...   0.0000  0.0000  0.0000
          ...             ⋱             ...          
-0.4786 -0.1089 -0.0076  ...   0.7458  0.7174  0.6185
 0.0000  0.0000  0.0000  ...   0.0000  0.0000  0.0000
-0.0479  0.9828  0.9182  ...   0.0424  0.4554 -0.3210
[torch.FloatTensor of size 15284x300]
, 'batch_size': 32, 'tune_attn': False, 'input_size': 300, 'num_classes': 2, 'rnn_dropout': 0.5730551001551064}
Not Tuning Word Vectors!
Begin Training...
Completing Train Step at 0th epoch...
At time: 0.1397387981414795 accuracy is 0.6078125 and loss is 0.7541384220123291
At time: 0.2557339668273926 accuracy is 0.6453125 and loss is 0.6849457740783691
At time: 0.377793550491333 accuracy is 0.678125 and loss is 0.6794187068939209
At time: 0.5062098503112793 accuracy is 0.6984375 and loss is 0.5996662616729737
At time: 0.6408514976501465 accuracy is 0.7171875 and loss is 0.5847483158111573
At time: 0.7818100452423096 accuracy is 0.6953125 and loss is 0.5954355239868164
At time: 0.9388270378112793 accuracy is 0.6796875 and loss is 0.5738669872283936
At time: 1.0968313217163086 accuracy is 0.75 and loss is 0.5608006000518799
At time: 1.2611560821533203 accuracy is 0.7453125 and loss is 0.5509109497070312
At time: 1.4326951503753662 accuracy is 0.753125 and loss is 0.5866179943084717
At time: 1.6151020526885986 accuracy is 0.7703125 and loss is 0.4999380111694336
At time: 1.811455249786377 accuracy is 0.7578125 and loss is 0.5088626861572265
Evaluating...
Done Evaluating: Achieved accuracy of 0.7754360465116279
Achieved new best!
Completing Train Step at 1th epoch...
At time: 2.4978528022766113 accuracy is 0.7078125 and loss is 0.6304362773895263
At time: 2.60897159576416 accuracy is 0.74375 and loss is 0.5133123874664307
At time: 2.728405237197876 accuracy is 0.775 and loss is 0.48373260498046877
At time: 2.8551995754241943 accuracy is 0.7703125 and loss is 0.4906906604766846
At time: 2.988457679748535 accuracy is 0.7546875 and loss is 0.4914213180541992
At time: 3.1289174556732178 accuracy is 0.7859375 and loss is 0.48102507591247556
At time: 3.276655673980713 accuracy is 0.7953125 and loss is 0.4871824741363525
At time: 3.430872678756714 accuracy is 0.7765625 and loss is 0.4713621139526367
At time: 3.5931403636932373 accuracy is 0.76875 and loss is 0.48810687065124514
At time: 3.764289617538452 accuracy is 0.78125 and loss is 0.498714017868042
At time: 3.9455387592315674 accuracy is 0.7859375 and loss is 0.463145112991333
At time: 4.142986536026001 accuracy is 0.79375 and loss is 0.4958864688873291
Evaluating...
Done Evaluating: Achieved accuracy of 0.784156976744186
Achieved new best!
Completing Train Step at 2th epoch...
At time: 4.824613332748413 accuracy is 0.746875 and loss is 0.6148930549621582
At time: 4.938913822174072 accuracy is 0.803125 and loss is 0.45108208656311033
At time: 5.059741735458374 accuracy is 0.8328125 and loss is 0.4310047149658203
At time: 5.187543630599976 accuracy is 0.8 and loss is 0.39832487106323244
At time: 5.320685148239136 accuracy is 0.7953125 and loss is 0.4147013187408447
At time: 5.461454153060913 accuracy is 0.7890625 and loss is 0.4908283233642578
At time: 5.617823839187622 accuracy is 0.803125 and loss is 0.40301313400268557
At time: 5.792254209518433 accuracy is 0.8125 and loss is 0.4175621509552002
At time: 5.9671711921691895 accuracy is 0.7875 and loss is 0.4299460411071777
At time: 6.151132822036743 accuracy is 0.8328125 and loss is 0.4185276985168457
At time: 6.340262413024902 accuracy is 0.8078125 and loss is 0.39204442501068115
At time: 6.536321401596069 accuracy is 0.8078125 and loss is 0.41423797607421875
Evaluating...
Done Evaluating: Achieved accuracy of 0.7881540697674418
Achieved new best!
Completing Train Step at 3th epoch...
At time: 7.218797922134399 accuracy is 0.76875 and loss is 0.5439289569854736
At time: 7.329653263092041 accuracy is 0.828125 and loss is 0.3885019540786743
At time: 7.44942831993103 accuracy is 0.865625 and loss is 0.33900744915008546
At time: 7.576051950454712 accuracy is 0.8625 and loss is 0.3093921184539795
At time: 7.709575176239014 accuracy is 0.834375 and loss is 0.36717326641082765
At time: 7.8507468700408936 accuracy is 0.7796875 and loss is 0.43088221549987793
At time: 8.000205516815186 accuracy is 0.809375 and loss is 0.41596026420593263
At time: 8.155355453491211 accuracy is 0.8453125 and loss is 0.37645626068115234
At time: 8.317620277404785 accuracy is 0.8296875 and loss is 0.3838397741317749
At time: 8.487983703613281 accuracy is 0.84375 and loss is 0.33429460525512694
At time: 8.66873836517334 accuracy is 0.8515625 and loss is 0.31159124374389646
At time: 8.865295886993408 accuracy is 0.846875 and loss is 0.35439019203186034
Evaluating...
Done Evaluating: Achieved accuracy of 0.7463662790697675
Not better for 1
Completing Train Step at 4th epoch...
At time: 9.539988994598389 accuracy is 0.7890625 and loss is 0.4865140438079834
At time: 9.650298595428467 accuracy is 0.8328125 and loss is 0.37269322872161864
At time: 9.769328832626343 accuracy is 0.8375 and loss is 0.33307666778564454
At time: 9.89608383178711 accuracy is 0.8453125 and loss is 0.37436809539794924
At time: 10.028934717178345 accuracy is 0.85 and loss is 0.338383150100708
At time: 10.169185400009155 accuracy is 0.8484375 and loss is 0.35688884258270265
At time: 10.317033290863037 accuracy is 0.84375 and loss is 0.32882490158081057
At time: 10.472587585449219 accuracy is 0.86875 and loss is 0.31883740425109863
At time: 10.634645462036133 accuracy is 0.8421875 and loss is 0.33860800266265867
At time: 10.806077718734741 accuracy is 0.875 and loss is 0.28131110668182374
At time: 10.98781442642212 accuracy is 0.89375 and loss is 0.22401971817016603
At time: 11.184358596801758 accuracy is 0.903125 and loss is 0.23700206279754638
Evaluating...
Done Evaluating: Achieved accuracy of 0.7667151162790697
Not better for 2
Completing Train Step at 5th epoch...
At time: 11.852166652679443 accuracy is 0.8046875 and loss is 0.49614620208740234
At time: 11.962603330612183 accuracy is 0.846875 and loss is 0.33592174053192136
At time: 12.08481478691101 accuracy is 0.89375 and loss is 0.23774294853210448
At time: 12.2117760181427 accuracy is 0.8765625 and loss is 0.3390787601470947
At time: 12.344698905944824 accuracy is 0.8921875 and loss is 0.2691890478134155
At time: 12.485872507095337 accuracy is 0.88125 and loss is 0.2744445323944092
At time: 12.634140014648438 accuracy is 0.871875 and loss is 0.2581396818161011
At time: 12.78965163230896 accuracy is 0.884375 and loss is 0.2768296718597412
At time: 12.954089403152466 accuracy is 0.8671875 and loss is 0.2980023384094238
At time: 13.125717878341675 accuracy is 0.9 and loss is 0.23594324588775634
At time: 13.308164119720459 accuracy is 0.9046875 and loss is 0.2234933614730835
At time: 13.504550457000732 accuracy is 0.8890625 and loss is 0.25147309303283694
Evaluating...
Done Evaluating: Achieved accuracy of 0.7681686046511628
Not better for 3
Completing Train Step at 6th epoch...
At time: 14.191407918930054 accuracy is 0.8453125 and loss is 0.3920140743255615
At time: 14.306130647659302 accuracy is 0.88125 and loss is 0.29101521968841554
At time: 14.426881313323975 accuracy is 0.90625 and loss is 0.2384629726409912
At time: 14.554554462432861 accuracy is 0.8703125 and loss is 0.2706993818283081
At time: 14.688068151473999 accuracy is 0.896875 and loss is 0.2289147138595581
At time: 14.82861065864563 accuracy is 0.9109375 and loss is 0.2076328992843628
At time: 14.976396560668945 accuracy is 0.896875 and loss is 0.22264938354492186
At time: 15.130559921264648 accuracy is 0.90625 and loss is 0.21190049648284912
At time: 15.292757987976074 accuracy is 0.8984375 and loss is 0.260850715637207
At time: 15.463567018508911 accuracy is 0.921875 and loss is 0.19757291078567504
At time: 15.64542293548584 accuracy is 0.928125 and loss is 0.16709939241409302
At time: 15.841871500015259 accuracy is 0.9109375 and loss is 0.20392541885375975
Evaluating...
Done Evaluating: Achieved accuracy of 0.7648982558139535
Not better for 4
Completing Train Step at 7th epoch...
At time: 16.520697832107544 accuracy is 0.8828125 and loss is 0.2826204776763916
At time: 16.635711908340454 accuracy is 0.909375 and loss is 0.22993500232696534
At time: 16.756868362426758 accuracy is 0.9015625 and loss is 0.21694416999816896
At time: 16.885252475738525 accuracy is 0.9171875 and loss is 0.22509989738464356
At time: 17.018988609313965 accuracy is 0.934375 and loss is 0.15452213287353517
At time: 17.159682035446167 accuracy is 0.9390625 and loss is 0.13408710956573486
At time: 17.30786681175232 accuracy is 0.9078125 and loss is 0.24630522727966309
At time: 17.46325922012329 accuracy is 0.9265625 and loss is 0.18275918960571289
At time: 17.625714778900146 accuracy is 0.909375 and loss is 0.23491108417510986
At time: 17.797510147094727 accuracy is 0.928125 and loss is 0.16659481525421144
At time: 17.97953176498413 accuracy is 0.9328125 and loss is 0.17940789461135864
At time: 18.17512583732605 accuracy is 0.9296875 and loss is 0.17449231147766114
Evaluating...
Done Evaluating: Achieved accuracy of 0.7278343023255814
Not better for 5
Completing Train Step at 8th epoch...
At time: 18.855690717697144 accuracy is 0.88125 and loss is 0.3034734964370728
At time: 18.9706609249115 accuracy is 0.9203125 and loss is 0.20044565200805664
At time: 19.091916799545288 accuracy is 0.9015625 and loss is 0.22008838653564453
At time: 19.219889163970947 accuracy is 0.8875 and loss is 0.2579533576965332
At time: 19.353897094726562 accuracy is 0.9375 and loss is 0.15843578577041625
At time: 19.49445414543152 accuracy is 0.915625 and loss is 0.19733591079711915
At time: 19.643710136413574 accuracy is 0.928125 and loss is 0.17093451023101808
At time: 19.798457145690918 accuracy is 0.928125 and loss is 0.2064816951751709
At time: 19.960779190063477 accuracy is 0.93125 and loss is 0.1707909107208252
At time: 20.132288217544556 accuracy is 0.959375 and loss is 0.11381762027740479
At time: 20.314093351364136 accuracy is 0.9484375 and loss is 0.1330854892730713
At time: 20.510927438735962 accuracy is 0.9421875 and loss is 0.15738167762756347
Evaluating...
Done Evaluating: Achieved accuracy of 0.7874273255813954
Not better for 6
Completing Train Step at 9th epoch...
At time: 21.195526838302612 accuracy is 0.928125 and loss is 0.3513094663619995
At time: 21.31112003326416 accuracy is 0.94375 and loss is 0.15157972574234008
At time: 21.432032108306885 accuracy is 0.953125 and loss is 0.12468951940536499
At time: 21.55979299545288 accuracy is 0.9296875 and loss is 0.1845570206642151
At time: 21.693464279174805 accuracy is 0.971875 and loss is 0.08847918510437011
At time: 21.834473848342896 accuracy is 0.9421875 and loss is 0.17377583980560302
At time: 21.9830105304718 accuracy is 0.946875 and loss is 0.13093299865722657
At time: 22.16160821914673 accuracy is 0.953125 and loss is 0.1411604642868042
At time: 22.339856386184692 accuracy is 0.9515625 and loss is 0.1408514618873596
At time: 22.525012969970703 accuracy is 0.9546875 and loss is 0.11618993282318116
At time: 22.711170434951782 accuracy is 0.959375 and loss is 0.10422840118408203
At time: 22.9073007106781 accuracy is 0.95625 and loss is 0.13216158151626586
Evaluating...
Done Evaluating: Achieved accuracy of 0.7754360465116279
Not better for 7
Completing Train Step at 10th epoch...
At time: 23.591617345809937 accuracy is 0.9265625 and loss is 0.21413834095001222
At time: 23.707536697387695 accuracy is 0.95 and loss is 0.1385648012161255
At time: 23.828932762145996 accuracy is 0.9609375 and loss is 0.09978926181793213
At time: 23.95711040496826 accuracy is 0.95625 and loss is 0.12062561511993408
At time: 24.091171979904175 accuracy is 0.9546875 and loss is 0.10221003293991089
At time: 24.231743812561035 accuracy is 0.9578125 and loss is 0.10950578451156616
At time: 24.380653619766235 accuracy is 0.9578125 and loss is 0.10751100778579711
At time: 24.53621745109558 accuracy is 0.9375 and loss is 0.2295435905456543
At time: 24.699146509170532 accuracy is 0.940625 and loss is 0.17189106941223145
At time: 24.870389938354492 accuracy is 0.959375 and loss is 0.10328646898269653
At time: 25.052900314331055 accuracy is 0.9359375 and loss is 0.1575682282447815
At time: 25.24936580657959 accuracy is 0.940625 and loss is 0.21004366874694824
Evaluating...
Done Evaluating: Achieved accuracy of 0.752906976744186
Not better for 8
Completing Train Step at 11th epoch...
At time: 25.934568405151367 accuracy is 0.90625 and loss is 0.30858597755432127
At time: 26.049383878707886 accuracy is 0.9578125 and loss is 0.1191786527633667
At time: 26.170355081558228 accuracy is 0.9640625 and loss is 0.09919164180755616
At time: 26.298673391342163 accuracy is 0.965625 and loss is 0.10529851913452148
At time: 26.431994915008545 accuracy is 0.978125 and loss is 0.06425868272781372
At time: 26.57279658317566 accuracy is 0.95625 and loss is 0.10824040174484253
At time: 26.720890998840332 accuracy is 0.95625 and loss is 0.10890893936157227
At time: 26.875996112823486 accuracy is 0.953125 and loss is 0.11957637071609498
At time: 27.038976192474365 accuracy is 0.940625 and loss is 0.13803465366363527
At time: 27.210506677627563 accuracy is 0.9640625 and loss is 0.12386848926544189
At time: 27.392112255096436 accuracy is 0.9453125 and loss is 0.18525490760803223
At time: 27.58861470222473 accuracy is 0.9359375 and loss is 0.16158645153045653
Evaluating...
Done Evaluating: Achieved accuracy of 0.7648982558139535
Not better for 9
Completing Train Step at 12th epoch...
At time: 28.276123046875 accuracy is 0.91875 and loss is 0.32704696655273435
At time: 28.391536235809326 accuracy is 0.9703125 and loss is 0.08790816068649292
At time: 28.51335048675537 accuracy is 0.9703125 and loss is 0.08478462100028991
At time: 28.641174793243408 accuracy is 0.953125 and loss is 0.12414326667785644
At time: 28.77514934539795 accuracy is 0.9640625 and loss is 0.10895928144454955
At time: 28.916605234146118 accuracy is 0.9640625 and loss is 0.0891705572605133
At time: 29.065284252166748 accuracy is 0.96875 and loss is 0.08309623003005981
At time: 29.22350811958313 accuracy is 0.94375 and loss is 0.13594921827316284
At time: 29.38738203048706 accuracy is 0.95625 and loss is 0.11040692329406739
At time: 29.558326244354248 accuracy is 0.965625 and loss is 0.09700187444686889
At time: 29.740008115768433 accuracy is 0.9625 and loss is 0.10226426124572754
At time: 29.936307430267334 accuracy is 0.95 and loss is 0.1176210880279541
Evaluating...
Done Evaluating: Achieved accuracy of 0.7765261627906976
Not better for 10
Model not improving. Stopping earlyat 0.7881540697674418 epochs.
Done Training. Achieved Best Accuracy of 0.7881540697674418
keyvalattn



RESULTS:
[{'best_accuracy': 0.7881540697674418, 'params': {'num_layers': 1, 'dropout': 0.206285043882656, 'attn_type': 'similarity', 'wordvec_source': 'glove', 'tune_wordvecs': False, 'data': 'MPQA', 'tune_attn': False, 'rnn_dropout': 0.939483935257405, 'batch_size': 32, 'l2': 0.6431447262123727, 'lr': 0.004259939007330173, 'wordvec_dim': 300}}, {'best_accuracy': 0.7994186046511628, 'params': {'num_layers': 1, 'dropout': 0.8036175331227954, 'attn_type': 'similarity', 'wordvec_source': 'glove', 'tune_wordvecs': False, 'data': 'MPQA', 'tune_attn': False, 'rnn_dropout': 0.5518577786580819, 'batch_size': 32, 'l2': 0.09479069174085852, 'lr': 0.0011718371204571636, 'wordvec_dim': 300}}, {'best_accuracy': 0.7921511627906976, 'params': {'num_layers': 1, 'dropout': 0.796259087736613, 'attn_type': 'similarity', 'wordvec_source': 'glove', 'tune_wordvecs': False, 'data': 'MPQA', 'tune_attn': False, 'rnn_dropout': 0.3505315446113676, 'batch_size': 32, 'l2': 0.20323085969359334, 'lr': 0.004572129720812978, 'wordvec_dim': 300}}, {'best_accuracy': 0.7914244186046512, 'params': {'num_layers': 1, 'dropout': 0.6520964172930956, 'attn_type': 'similarity', 'wordvec_source': 'glove', 'tune_wordvecs': False, 'data': 'MPQA', 'tune_attn': False, 'rnn_dropout': 0.6562620144442766, 'batch_size': 32, 'l2': 0.5754600523007405, 'lr': 0.003238414551247756, 'wordvec_dim': 300}}, {'best_accuracy': 0.7881540697674418, 'params': {'num_layers': 1, 'dropout': 0.5354374666146369, 'attn_type': 'similarity', 'wordvec_source': 'glove', 'tune_wordvecs': False, 'data': 'MPQA', 'tune_attn': False, 'rnn_dropout': 0.5730551001551064, 'batch_size': 32, 'l2': 0.18582571327109332, 'lr': 0.003013453801985526, 'wordvec_dim': 300}}]
