ROOT_PATH: /home-nfs/siddsach/ml/Interpreting-Attention/interpreting_language
Building Bayesian Optimizer for 
 data:MPQA 
 choices:[{'name': 'lr', 'domain': [5e-05, 0.005], 'type': 'continuous'}, {'name': 'rnn_dropout', 'domain': [0, 1], 'type': 'continuous'}, {'name': 'dropout', 'domain': [0, 1], 'type': 'continuous'}, {'name': 'l2', 'domain': [0, 1], 'type': 'continuous'}]
SETTINGS FOR THIS RUN
{'batch_size': 32, 'l2': 0.7168375387376845, 'num_layers': 2, 'rnn_dropout': 0.7897176151017316, 'attn_type': 'similarity', 'tune_attn': False, 'wordvec_source': 'google', 'dropout': 0.6649860455244659, 'wordvec_dim': 300, 'lr': 0.0022747657509640186, 'tune_wordvecs': False, 'data': 'MPQA'}
Using CUDA!
here
similarity
Building RNN Classifier...

[93m    Warning: no model found for 'en'[0m

    Only loading the 'en' tokenizer.

Retrieving Data from file: /home-nfs/siddsach/ml/Interpreting-Attention/interpreting_language/data/mpqa/mpqa_subj_labels.pickle...
Loading Vectors From Memory...
Using these vectors: ['googlenews']
Getting google news vectors
Building Vocab...
[<torchtext.vocab.Vectors object at 0x7f3277ed0dd8>]
Getting Batches...
Created Iterator with 261 batches
Getting Batches...
Created Iterator with 87 batches
Building model...
similarity
Using Attention model with following args:
{'batch_size': 32, 'input_size': 300, 'attn_type': 'similarity', 'num_layers': 2, 'vocab_size': 15284, 'hidden_size': 300, 'rnn_dropout': 0.7897176151017316, 'cuda': True, 'tune_attn': False, 'vectors': 
 0.0000  0.0000  0.0000  ...   0.0000  0.0000  0.0000
 0.0000  0.0000  0.0000  ...   0.0000  0.0000  0.0000
 0.0000  0.0000  0.0000  ...   0.0000  0.0000  0.0000
          ...             ⋱             ...          
 0.0000  0.0000  0.0000  ...   0.0000  0.0000  0.0000
 0.0000  0.0000  0.0000  ...   0.0000  0.0000  0.0000
 0.0000  0.0000  0.0000  ...   0.0000  0.0000  0.0000
[torch.FloatTensor of size 15284x300]
, 'num_classes': 2, 'dropout': 0.6649860455244659, 'attention_dim': 350, 'train_word_vecs': False}
Not Tuning Word Vectors!
Begin Training...
Completing Train Step at 0th epoch...
At time: 1.1142537593841553 accuracy is 0.5546875 and loss is 0.7617205619812012
At time: 1.2849938869476318 accuracy is 0.5390625 and loss is 0.7430525779724121
At time: 1.448563814163208 accuracy is 0.540625 and loss is 0.6972219944000244
At time: 1.61881422996521 accuracy is 0.6140625 and loss is 1.0350591659545898
At time: 1.7950778007507324 accuracy is 0.5359375 and loss is 0.6930846691131591
At time: 2.0074005126953125 accuracy is 0.596875 and loss is 0.7264113903045655
At time: 2.22310209274292 accuracy is 0.653125 and loss is 0.7301987648010254
At time: 2.43361234664917 accuracy is 0.565625 and loss is 0.7609349727630615
At time: 2.6627700328826904 accuracy is 0.696875 and loss is 0.6887934684753418
At time: 2.911398410797119 accuracy is 0.709375 and loss is 0.6356873512268066
At time: 3.168395519256592 accuracy is 0.7515625 and loss is 0.5285845756530761
At time: 3.4381399154663086 accuracy is 0.6875 and loss is 0.6415056228637696
Evaluating...
Done Evaluating: Achieved accuracy of 0.7034883720930233
Achieved new best!
Completing Train Step at 1th epoch...
At time: 4.377054214477539 accuracy is 0.659375 and loss is 0.67892427444458
At time: 4.556649446487427 accuracy is 0.63125 and loss is 0.6713626384735107
At time: 4.7423529624938965 accuracy is 0.7375 and loss is 0.6649234771728516
At time: 4.936784744262695 accuracy is 0.6640625 and loss is 0.6514902114868164
At time: 5.159028053283691 accuracy is 0.71875 and loss is 0.6353590488433838
At time: 5.363068103790283 accuracy is 0.703125 and loss is 0.6089500904083252
At time: 5.571752309799194 accuracy is 0.6828125 and loss is 0.6144442558288574
At time: 5.781127452850342 accuracy is 0.7609375 and loss is 0.5339730739593506
At time: 5.986455678939819 accuracy is 0.715625 and loss is 0.5718913555145264
At time: 6.201066255569458 accuracy is 0.7703125 and loss is 0.49638776779174804
At time: 6.4147889614105225 accuracy is 0.828125 and loss is 0.4430979251861572
At time: 6.621140480041504 accuracy is 0.7625 and loss is 0.47672390937805176
Evaluating...
Done Evaluating: Achieved accuracy of 0.7725290697674418
Achieved new best!
Completing Train Step at 2th epoch...
At time: 7.397169589996338 accuracy is 0.709375 and loss is 0.709458589553833
At time: 7.553603172302246 accuracy is 0.7171875 and loss is 0.515153169631958
At time: 7.723289489746094 accuracy is 0.7890625 and loss is 0.5183230400085449
At time: 7.88929295539856 accuracy is 0.7890625 and loss is 0.47685017585754397
At time: 8.062657833099365 accuracy is 0.7390625 and loss is 0.49977779388427734
At time: 8.246463060379028 accuracy is 0.7671875 and loss is 0.5368205547332764
At time: 8.431202411651611 accuracy is 0.7484375 and loss is 0.5466206550598145
At time: 8.622997760772705 accuracy is 0.7921875 and loss is 0.45600094795227053
At time: 8.825727462768555 accuracy is 0.790625 and loss is 0.4586960315704346
At time: 9.015318632125854 accuracy is 0.796875 and loss is 0.45149688720703124
At time: 9.214287519454956 accuracy is 0.81875 and loss is 0.4179116725921631
At time: 9.445087671279907 accuracy is 0.7703125 and loss is 0.4497058391571045
Evaluating...
Done Evaluating: Achieved accuracy of 0.7903343023255814
Achieved new best!
Completing Train Step at 3th epoch...
At time: 10.209129810333252 accuracy is 0.71875 and loss is 0.6119585037231445
At time: 10.360572099685669 accuracy is 0.8 and loss is 0.46134247779846194
At time: 10.514444589614868 accuracy is 0.7984375 and loss is 0.44594106674194334
At time: 10.675200700759888 accuracy is 0.7890625 and loss is 0.4877004146575928
At time: 10.839747428894043 accuracy is 0.796875 and loss is 0.4549999237060547
At time: 11.011283159255981 accuracy is 0.765625 and loss is 0.4724088191986084
At time: 11.184301137924194 accuracy is 0.7921875 and loss is 0.45995268821716306
At time: 11.365466117858887 accuracy is 0.78125 and loss is 0.45781288146972654
At time: 11.550703525543213 accuracy is 0.7796875 and loss is 0.46930890083312987
At time: 11.738862991333008 accuracy is 0.803125 and loss is 0.44504513740539553
At time: 11.936000108718872 accuracy is 0.8328125 and loss is 0.37459745407104494
At time: 12.141716718673706 accuracy is 0.7921875 and loss is 0.41732378005981446
Evaluating...
Done Evaluating: Achieved accuracy of 0.793968023255814
Achieved new best!
Completing Train Step at 4th epoch...
At time: 12.910579442977905 accuracy is 0.759375 and loss is 0.5131890296936035
At time: 13.063763856887817 accuracy is 0.8046875 and loss is 0.48154492378234864
At time: 13.228569507598877 accuracy is 0.7859375 and loss is 0.4391446590423584
At time: 13.392585277557373 accuracy is 0.8078125 and loss is 0.4598487377166748
At time: 13.557562828063965 accuracy is 0.821875 and loss is 0.3850524425506592
At time: 13.731772184371948 accuracy is 0.8046875 and loss is 0.43051877021789553
At time: 13.907065868377686 accuracy is 0.790625 and loss is 0.43263769149780273
At time: 14.089022159576416 accuracy is 0.80625 and loss is 0.4378971576690674
At time: 14.272820711135864 accuracy is 0.8109375 and loss is 0.4157783031463623
At time: 14.459575653076172 accuracy is 0.8140625 and loss is 0.42841110229492185
At time: 14.660804748535156 accuracy is 0.8421875 and loss is 0.3792630672454834
At time: 14.870395421981812 accuracy is 0.7984375 and loss is 0.4090470790863037
Evaluating...
Done Evaluating: Achieved accuracy of 0.768531976744186
Not better for 1
Completing Train Step at 5th epoch...
At time: 15.64449405670166 accuracy is 0.7390625 and loss is 0.6051191806793212
At time: 15.798743724822998 accuracy is 0.803125 and loss is 0.39068539142608644
At time: 15.960181474685669 accuracy is 0.8078125 and loss is 0.3917105674743652
At time: 16.120744705200195 accuracy is 0.83125 and loss is 0.40411806106567383
At time: 16.286483764648438 accuracy is 0.81875 and loss is 0.3803215742111206
At time: 16.454917907714844 accuracy is 0.83125 and loss is 0.42493524551391604
At time: 16.62936234474182 accuracy is 0.8078125 and loss is 0.44354772567749023
At time: 16.806000471115112 accuracy is 0.8265625 and loss is 0.37873024940490724
At time: 16.990791082382202 accuracy is 0.81875 and loss is 0.38729429244995117
At time: 17.18113112449646 accuracy is 0.778125 and loss is 0.4623741626739502
At time: 17.37978720664978 accuracy is 0.8578125 and loss is 0.3164433717727661
At time: 17.584498405456543 accuracy is 0.8125 and loss is 0.4124870300292969
Evaluating...
Done Evaluating: Achieved accuracy of 0.7801598837209303
Not better for 2
Completing Train Step at 6th epoch...
At time: 18.349936723709106 accuracy is 0.7296875 and loss is 0.606968879699707
At time: 18.502342700958252 accuracy is 0.8265625 and loss is 0.37696032524108886
At time: 18.659329175949097 accuracy is 0.834375 and loss is 0.40089263916015627
At time: 18.821545124053955 accuracy is 0.8328125 and loss is 0.3393362283706665
At time: 18.991107940673828 accuracy is 0.8421875 and loss is 0.34506945610046386
At time: 19.163599967956543 accuracy is 0.8453125 and loss is 0.368071460723877
At time: 19.338966608047485 accuracy is 0.8171875 and loss is 0.4049276828765869
At time: 19.51629137992859 accuracy is 0.83125 and loss is 0.37642104625701905
At time: 19.70752763748169 accuracy is 0.846875 and loss is 0.33340203762054443
At time: 19.8982355594635 accuracy is 0.8125 and loss is 0.3945042371749878
At time: 20.098755836486816 accuracy is 0.8609375 and loss is 0.2958942413330078
At time: 20.30471682548523 accuracy is 0.8421875 and loss is 0.3366918325424194
Evaluating...
Done Evaluating: Achieved accuracy of 0.7856104651162791
Not better for 3
Completing Train Step at 7th epoch...
At time: 21.07512402534485 accuracy is 0.7859375 and loss is 0.6068224430084228
At time: 21.227232694625854 accuracy is 0.8203125 and loss is 0.36398122310638426
At time: 21.38478136062622 accuracy is 0.840625 and loss is 0.378096866607666
At time: 21.55829691886902 accuracy is 0.85 and loss is 0.33761982917785643
At time: 21.72266983985901 accuracy is 0.8546875 and loss is 0.3229726791381836
At time: 21.89209794998169 accuracy is 0.859375 and loss is 0.31557602882385255
At time: 22.064279079437256 accuracy is 0.8484375 and loss is 0.3631004571914673
At time: 22.240154027938843 accuracy is 0.825 and loss is 0.3870528697967529
At time: 22.432754516601562 accuracy is 0.85625 and loss is 0.3151844501495361
At time: 22.621379137039185 accuracy is 0.834375 and loss is 0.3580859899520874
At time: 22.817137479782104 accuracy is 0.8984375 and loss is 0.27808609008789065
At time: 23.021928310394287 accuracy is 0.859375 and loss is 0.36705186367034914
Evaluating...
Done Evaluating: Achieved accuracy of 0.7387354651162791
Not better for 4
Completing Train Step at 8th epoch...
At time: 23.8072292804718 accuracy is 0.771875 and loss is 0.4800438404083252
At time: 23.958799123764038 accuracy is 0.8359375 and loss is 0.3576568841934204
At time: 24.11705732345581 accuracy is 0.8375 and loss is 0.3921248197555542
At time: 24.278376579284668 accuracy is 0.8578125 and loss is 0.29665517807006836
At time: 24.442020177841187 accuracy is 0.8703125 and loss is 0.27530388832092284
At time: 24.610880374908447 accuracy is 0.878125 and loss is 0.25698208808898926
At time: 24.79617404937744 accuracy is 0.8640625 and loss is 0.28058085441589353
At time: 24.9883553981781 accuracy is 0.8546875 and loss is 0.31442286968231203
At time: 25.171821117401123 accuracy is 0.8734375 and loss is 0.27229976654052734
At time: 25.36223030090332 accuracy is 0.8765625 and loss is 0.3046824216842651
At time: 25.572863578796387 accuracy is 0.890625 and loss is 0.22468373775482178
At time: 25.7802574634552 accuracy is 0.8796875 and loss is 0.2830909252166748
Evaluating...
Done Evaluating: Achieved accuracy of 0.734375
Not better for 5
Completing Train Step at 9th epoch...
At time: 26.564125299453735 accuracy is 0.8234375 and loss is 0.39881157875061035
At time: 26.718170881271362 accuracy is 0.884375 and loss is 0.2702100992202759
At time: 26.875224113464355 accuracy is 0.8828125 and loss is 0.30373687744140626
At time: 27.037432193756104 accuracy is 0.86875 and loss is 0.2741976022720337
At time: 27.199275732040405 accuracy is 0.8953125 and loss is 0.2386557340621948
At time: 27.372196435928345 accuracy is 0.8796875 and loss is 0.2545881986618042
At time: 27.54668378829956 accuracy is 0.878125 and loss is 0.2826204776763916
At time: 27.72731590270996 accuracy is 0.8671875 and loss is 0.27666668891906737
At time: 27.90902066230774 accuracy is 0.86875 and loss is 0.2859404802322388
At time: 28.099832773208618 accuracy is 0.875 and loss is 0.2868873834609985
At time: 28.295153856277466 accuracy is 0.921875 and loss is 0.21178195476531983
At time: 28.503340005874634 accuracy is 0.909375 and loss is 0.24955265522003173
Evaluating...
Done Evaluating: Achieved accuracy of 0.7732558139534884
Not better for 6
Completing Train Step at 10th epoch...
At time: 29.27097511291504 accuracy is 0.84375 and loss is 0.35118014812469484
At time: 29.42377805709839 accuracy is 0.86875 and loss is 0.3036174774169922
At time: 29.580848932266235 accuracy is 0.8640625 and loss is 0.2985089302062988
At time: 29.74291682243347 accuracy is 0.8640625 and loss is 0.3151275634765625
At time: 29.910381078720093 accuracy is 0.884375 and loss is 0.2947910070419312
At time: 30.080121517181396 accuracy is 0.8875 and loss is 0.23274059295654298
At time: 30.252578735351562 accuracy is 0.896875 and loss is 0.19957325458526612
At time: 30.42953848838806 accuracy is 0.8953125 and loss is 0.29017622470855714
At time: 30.620896816253662 accuracy is 0.8796875 and loss is 0.26547846794128416
At time: 30.81049633026123 accuracy is 0.8765625 and loss is 0.27258713245391847
At time: 31.013951301574707 accuracy is 0.896875 and loss is 0.2698132276535034
At time: 31.22086763381958 accuracy is 0.8703125 and loss is 0.25080289840698244
Evaluating...
Done Evaluating: Achieved accuracy of 0.7874273255813954
Not better for 7
Completing Train Step at 11th epoch...
At time: 32.02341437339783 accuracy is 0.8671875 and loss is 0.40609264373779297
At time: 32.17499089241028 accuracy is 0.90625 and loss is 0.26725895404815675
At time: 32.33195757865906 accuracy is 0.8859375 and loss is 0.24328699111938476
At time: 32.49365568161011 accuracy is 0.875 and loss is 0.27054562568664553
At time: 32.65739727020264 accuracy is 0.8859375 and loss is 0.23504283428192138
At time: 32.828834772109985 accuracy is 0.903125 and loss is 0.19588148593902588
At time: 33.00600337982178 accuracy is 0.9203125 and loss is 0.20106751918792726
At time: 33.19730520248413 accuracy is 0.8765625 and loss is 0.27823126316070557
At time: 33.37939214706421 accuracy is 0.9046875 and loss is 0.2171881914138794
At time: 33.57130432128906 accuracy is 0.90625 and loss is 0.27015564441680906
At time: 33.76767134666443 accuracy is 0.890625 and loss is 0.25703437328338624
At time: 33.97223210334778 accuracy is 0.8828125 and loss is 0.24151911735534667
Evaluating...
Done Evaluating: Achieved accuracy of 0.7692587209302325
Not better for 8
Completing Train Step at 12th epoch...
At time: 34.74590992927551 accuracy is 0.8578125 and loss is 0.3300012588500977
At time: 34.89969301223755 accuracy is 0.8890625 and loss is 0.2684961795806885
At time: 35.061097621917725 accuracy is 0.8984375 and loss is 0.21659650802612304
At time: 35.22609758377075 accuracy is 0.9109375 and loss is 0.22433624267578126
At time: 35.39454412460327 accuracy is 0.934375 and loss is 0.1659485936164856
At time: 35.56746482849121 accuracy is 0.9484375 and loss is 0.12305437326431275
At time: 35.74439573287964 accuracy is 0.9484375 and loss is 0.13087258338928223
At time: 35.92272162437439 accuracy is 0.921875 and loss is 0.16133142709732057
At time: 36.108582496643066 accuracy is 0.909375 and loss is 0.20764024257659913
At time: 36.29587197303772 accuracy is 0.909375 and loss is 0.2648587226867676
At time: 36.501949071884155 accuracy is 0.90625 and loss is 0.18371233940124512
At time: 36.72633361816406 accuracy is 0.903125 and loss is 0.25136051177978513
Evaluating...
Done Evaluating: Achieved accuracy of 0.7496366279069767
Not better for 9
Completing Train Step at 13th epoch...
At time: 37.495670795440674 accuracy is 0.88125 and loss is 0.3162760496139526
At time: 37.6486177444458 accuracy is 0.865625 and loss is 0.3218273162841797
At time: 37.80688762664795 accuracy is 0.8890625 and loss is 0.24732661247253418
At time: 37.969380378723145 accuracy is 0.890625 and loss is 0.2426267147064209
At time: 38.13607382774353 accuracy is 0.8796875 and loss is 0.24897301197052002
At time: 38.30687165260315 accuracy is 0.9015625 and loss is 0.19882293939590454
At time: 38.48017692565918 accuracy is 0.9421875 and loss is 0.14527697563171388
At time: 38.663681507110596 accuracy is 0.928125 and loss is 0.2012941598892212
At time: 38.84812331199646 accuracy is 0.9109375 and loss is 0.2466646194458008
At time: 39.04100012779236 accuracy is 0.9359375 and loss is 0.15904685258865356
At time: 39.23834419250488 accuracy is 0.9515625 and loss is 0.11857005357742309
At time: 39.44348955154419 accuracy is 0.9375 and loss is 0.16177124977111818
Evaluating...
Done Evaluating: Achieved accuracy of 0.7539970930232558
Not better for 10
Model not improving. Stopping earlyat 0.793968023255814 epochs.
Done Training. Achieved Best Accuracy of 0.793968023255814
Improved accuracyfrom -10000000 to 0.793968023255814
keyvalattn
SETTINGS FOR THIS RUN
{'batch_size': 32, 'l2': 0.2734683000051821, 'num_layers': 2, 'rnn_dropout': 0.6218949217635849, 'attn_type': 'similarity', 'tune_attn': False, 'wordvec_source': 'google', 'dropout': 0.8680756258788258, 'wordvec_dim': 300, 'lr': 0.00016823934853739498, 'tune_wordvecs': False, 'data': 'MPQA'}
Using CUDA!
here
similarity
Building RNN Classifier...

[93m    Warning: no model found for 'en'[0m

    Only loading the 'en' tokenizer.

Retrieving Data from file: /home-nfs/siddsach/ml/Interpreting-Attention/interpreting_language/data/mpqa/mpqa_subj_labels.pickle...
Loading Vectors From Memory...
Using these vectors: ['googlenews']
Getting google news vectors
Building Vocab...
[<torchtext.vocab.Vectors object at 0x7f3273df8400>]
Getting Batches...
Created Iterator with 261 batches
Getting Batches...
Created Iterator with 87 batches
Building model...
similarity
Using Attention model with following args:
{'batch_size': 32, 'input_size': 300, 'attn_type': 'similarity', 'num_layers': 2, 'vocab_size': 15284, 'hidden_size': 300, 'rnn_dropout': 0.6218949217635849, 'cuda': True, 'tune_attn': False, 'vectors': 
 0.0000  0.0000  0.0000  ...   0.0000  0.0000  0.0000
 0.0000  0.0000  0.0000  ...   0.0000  0.0000  0.0000
 0.0000  0.0000  0.0000  ...   0.0000  0.0000  0.0000
          ...             ⋱             ...          
 0.0000  0.0000  0.0000  ...   0.0000  0.0000  0.0000
 0.0000  0.0000  0.0000  ...   0.0000  0.0000  0.0000
 0.0000  0.0000  0.0000  ...   0.0000  0.0000  0.0000
[torch.FloatTensor of size 15284x300]
, 'num_classes': 2, 'dropout': 0.8680756258788258, 'attention_dim': 350, 'train_word_vecs': False}
Not Tuning Word Vectors!
Begin Training...
Completing Train Step at 0th epoch...
At time: 0.16997742652893066 accuracy is 0.565625 and loss is 0.7257436275482178
At time: 0.32976460456848145 accuracy is 0.5203125 and loss is 0.7082383155822753
At time: 0.49358177185058594 accuracy is 0.540625 and loss is 0.6953384876251221
At time: 0.6636040210723877 accuracy is 0.5328125 and loss is 0.6869828224182128
At time: 0.8494555950164795 accuracy is 0.5859375 and loss is 0.6763468742370605
At time: 1.0349419116973877 accuracy is 0.684375 and loss is 0.6330677509307862
At time: 1.2190728187561035 accuracy is 0.6609375 and loss is 0.6093118190765381
At time: 1.4144697189331055 accuracy is 0.7484375 and loss is 0.5824633598327636
At time: 1.6131041049957275 accuracy is 0.746875 and loss is 0.556434154510498
At time: 1.826125144958496 accuracy is 0.775 and loss is 0.5540616035461425
At time: 2.0409915447235107 accuracy is 0.7578125 and loss is 0.5376950263977051
At time: 2.280421018600464 accuracy is 0.721875 and loss is 0.5235239505767822
Evaluating...
Done Evaluating: Achieved accuracy of 0.7521802325581395
Achieved new best!
Completing Train Step at 1th epoch...
At time: 3.0807859897613525 accuracy is 0.6203125 and loss is 0.6870107650756836
At time: 3.233566999435425 accuracy is 0.696875 and loss is 0.564536190032959
At time: 3.390254259109497 accuracy is 0.759375 and loss is 0.5127898216247558
At time: 3.551182508468628 accuracy is 0.75 and loss is 0.5234593868255615
At time: 3.7231862545013428 accuracy is 0.7609375 and loss is 0.5189230442047119
At time: 3.892824649810791 accuracy is 0.7421875 and loss is 0.5121327877044678
At time: 4.068173885345459 accuracy is 0.7546875 and loss is 0.5100082397460938
At time: 4.2481372356414795 accuracy is 0.78125 and loss is 0.4640087127685547
At time: 4.43191933631897 accuracy is 0.7890625 and loss is 0.475667142868042
At time: 4.618946552276611 accuracy is 0.7640625 and loss is 0.5329119205474854
At time: 4.814675331115723 accuracy is 0.7984375 and loss is 0.46108317375183105
At time: 5.022292613983154 accuracy is 0.7421875 and loss is 0.5021493434906006
Evaluating...
Done Evaluating: Achieved accuracy of 0.6973110465116279
Not better for 1
Completing Train Step at 2th epoch...
At time: 5.793915271759033 accuracy is 0.709375 and loss is 0.6201634883880616
At time: 5.947684288024902 accuracy is 0.7546875 and loss is 0.5431939601898194
At time: 6.106337785720825 accuracy is 0.765625 and loss is 0.47951674461364746
At time: 6.275039434432983 accuracy is 0.7875 and loss is 0.4769480228424072
At time: 6.4407994747161865 accuracy is 0.78125 and loss is 0.47826738357543946
At time: 6.610681533813477 accuracy is 0.759375 and loss is 0.48533926010131834
At time: 6.782613754272461 accuracy is 0.7515625 and loss is 0.4818167209625244
At time: 6.960651159286499 accuracy is 0.79375 and loss is 0.4433648109436035
At time: 7.145421743392944 accuracy is 0.8046875 and loss is 0.45539059638977053
At time: 7.347182989120483 accuracy is 0.78125 and loss is 0.4808792591094971
At time: 7.543517827987671 accuracy is 0.803125 and loss is 0.4276926040649414
At time: 7.749202013015747 accuracy is 0.75 and loss is 0.49396352767944335
Evaluating...
Done Evaluating: Achieved accuracy of 0.7732558139534884
Achieved new best!
Completing Train Step at 3th epoch...
At time: 8.534528970718384 accuracy is 0.7203125 and loss is 0.6023743152618408
At time: 8.689645528793335 accuracy is 0.775 and loss is 0.47801547050476073
At time: 8.861082792282104 accuracy is 0.79375 and loss is 0.4466701984405518
At time: 9.03037977218628 accuracy is 0.7921875 and loss is 0.46127753257751464
At time: 9.196513652801514 accuracy is 0.7875 and loss is 0.45809216499328614
At time: 9.36741590499878 accuracy is 0.7625 and loss is 0.45908308029174805
At time: 9.550385475158691 accuracy is 0.7953125 and loss is 0.45774478912353517
At time: 9.72766900062561 accuracy is 0.8234375 and loss is 0.43235268592834475
At time: 9.91933560371399 accuracy is 0.8140625 and loss is 0.4426440715789795
At time: 10.108792543411255 accuracy is 0.7890625 and loss is 0.45366883277893066
At time: 10.32146668434143 accuracy is 0.7984375 and loss is 0.4312852382659912
At time: 10.528985738754272 accuracy is 0.753125 and loss is 0.47741198539733887
Evaluating...
Done Evaluating: Achieved accuracy of 0.7921511627906976
Achieved new best!
Completing Train Step at 4th epoch...
At time: 11.297215223312378 accuracy is 0.7234375 and loss is 0.5777861118316651
At time: 11.449639081954956 accuracy is 0.7828125 and loss is 0.4622970104217529
At time: 11.614957571029663 accuracy is 0.7921875 and loss is 0.43805394172668455
At time: 11.774972677230835 accuracy is 0.8 and loss is 0.44071521759033205
At time: 11.945608139038086 accuracy is 0.7984375 and loss is 0.44520010948181155
At time: 12.11722183227539 accuracy is 0.771875 and loss is 0.4521018981933594
At time: 12.30147671699524 accuracy is 0.7921875 and loss is 0.4511553287506104
At time: 12.484511613845825 accuracy is 0.821875 and loss is 0.422150993347168
At time: 12.680620670318604 accuracy is 0.8203125 and loss is 0.4347697257995605
At time: 12.868468046188354 accuracy is 0.8015625 and loss is 0.44814176559448243
At time: 13.077262878417969 accuracy is 0.81875 and loss is 0.3928917169570923
At time: 13.290860414505005 accuracy is 0.74375 and loss is 0.5214345932006836
Evaluating...
Done Evaluating: Achieved accuracy of 0.7761627906976745
Not better for 1
Completing Train Step at 5th epoch...
At time: 14.069515466690063 accuracy is 0.7125 and loss is 0.5639652252197266
At time: 14.22260046005249 accuracy is 0.8 and loss is 0.4378483772277832
At time: 14.380217552185059 accuracy is 0.803125 and loss is 0.43049774169921873
At time: 14.543289184570312 accuracy is 0.8109375 and loss is 0.4317124843597412
At time: 14.709740161895752 accuracy is 0.8 and loss is 0.43576560020446775
At time: 14.882830619812012 accuracy is 0.7875 and loss is 0.439785099029541
At time: 15.063064336776733 accuracy is 0.784375 and loss is 0.4427493572235107
At time: 15.243587970733643 accuracy is 0.821875 and loss is 0.415190315246582
At time: 15.42861270904541 accuracy is 0.81875 and loss is 0.42193427085876467
At time: 15.615849256515503 accuracy is 0.7984375 and loss is 0.43433346748352053
At time: 15.812167882919312 accuracy is 0.8171875 and loss is 0.39594168663024903
At time: 16.016374349594116 accuracy is 0.7546875 and loss is 0.49283542633056643
Evaluating...
Done Evaluating: Achieved accuracy of 0.7561773255813954
Not better for 2
Completing Train Step at 6th epoch...
At time: 16.79604434967041 accuracy is 0.7375 and loss is 0.5321714401245117
At time: 16.94905114173889 accuracy is 0.7984375 and loss is 0.43802652359008787
At time: 17.109057903289795 accuracy is 0.809375 and loss is 0.42663049697875977
At time: 17.27215552330017 accuracy is 0.809375 and loss is 0.420838451385498
At time: 17.43705153465271 accuracy is 0.8078125 and loss is 0.4362997055053711
At time: 17.611720323562622 accuracy is 0.8046875 and loss is 0.42809333801269533
At time: 17.782269716262817 accuracy is 0.79375 and loss is 0.4266700267791748
At time: 17.96584939956665 accuracy is 0.815625 and loss is 0.4088443756103516
At time: 18.151489734649658 accuracy is 0.815625 and loss is 0.41643271446228025
At time: 18.35119390487671 accuracy is 0.803125 and loss is 0.4266196250915527
At time: 18.55597710609436 accuracy is 0.825 and loss is 0.38324847221374514
At time: 18.77612042427063 accuracy is 0.7484375 and loss is 0.48625359535217283
Evaluating...
Done Evaluating: Achieved accuracy of 0.7790697674418605
Not better for 3
Completing Train Step at 7th epoch...
At time: 19.548163890838623 accuracy is 0.7359375 and loss is 0.5505509376525879
At time: 19.703221559524536 accuracy is 0.803125 and loss is 0.4302388668060303
At time: 19.86122155189514 accuracy is 0.809375 and loss is 0.41338114738464354
At time: 20.023139715194702 accuracy is 0.8203125 and loss is 0.4072622776031494
At time: 20.187259674072266 accuracy is 0.8046875 and loss is 0.42854819297790525
At time: 20.35832667350769 accuracy is 0.7984375 and loss is 0.42571449279785156
At time: 20.530462741851807 accuracy is 0.8078125 and loss is 0.4170674800872803
At time: 20.714489459991455 accuracy is 0.8296875 and loss is 0.40763111114501954
At time: 20.901556968688965 accuracy is 0.8140625 and loss is 0.4183465003967285
At time: 21.097914695739746 accuracy is 0.8109375 and loss is 0.42297916412353515
At time: 21.293640613555908 accuracy is 0.8375 and loss is 0.37067906856536864
At time: 21.50552797317505 accuracy is 0.75 and loss is 0.4963385581970215
Evaluating...
Done Evaluating: Achieved accuracy of 0.7478197674418605
Not better for 4
Completing Train Step at 8th epoch...
At time: 22.267343521118164 accuracy is 0.7484375 and loss is 0.5220603466033935
At time: 22.41997981071472 accuracy is 0.7828125 and loss is 0.46546158790588377
At time: 22.577508449554443 accuracy is 0.8125 and loss is 0.41640634536743165
At time: 22.739423751831055 accuracy is 0.8234375 and loss is 0.40784392356872556
At time: 22.903560400009155 accuracy is 0.8109375 and loss is 0.4143237590789795
At time: 23.073930501937866 accuracy is 0.7953125 and loss is 0.4265714168548584
At time: 23.24875807762146 accuracy is 0.7984375 and loss is 0.41557822227478025
At time: 23.424668550491333 accuracy is 0.8328125 and loss is 0.40181841850280764
At time: 23.609782457351685 accuracy is 0.815625 and loss is 0.4287137985229492
At time: 23.80124044418335 accuracy is 0.8046875 and loss is 0.4169743537902832
At time: 23.997952699661255 accuracy is 0.8484375 and loss is 0.3513369083404541
At time: 24.21122169494629 accuracy is 0.759375 and loss is 0.47969942092895507
Evaluating...
Done Evaluating: Achieved accuracy of 0.7579941860465116
Not better for 5
Completing Train Step at 9th epoch...
At time: 25.00046944618225 accuracy is 0.74375 and loss is 0.5321810722351075
At time: 25.15247416496277 accuracy is 0.790625 and loss is 0.44638285636901853
At time: 25.32411551475525 accuracy is 0.821875 and loss is 0.4116501331329346
At time: 25.48881459236145 accuracy is 0.825 and loss is 0.3907616376876831
At time: 25.65343141555786 accuracy is 0.8078125 and loss is 0.4187188625335693
At time: 25.8254177570343 accuracy is 0.8140625 and loss is 0.4235745906829834
At time: 25.998486757278442 accuracy is 0.8078125 and loss is 0.4105971336364746
At time: 26.17379856109619 accuracy is 0.83125 and loss is 0.40137486457824706
At time: 26.358567714691162 accuracy is 0.83125 and loss is 0.413011360168457
At time: 26.551445245742798 accuracy is 0.8078125 and loss is 0.41065044403076173
At time: 26.753136157989502 accuracy is 0.8390625 and loss is 0.35346713066101076
At time: 26.960145711898804 accuracy is 0.7578125 and loss is 0.49405293464660643
Evaluating...
Done Evaluating: Achieved accuracy of 0.7412790697674418
Not better for 6
Completing Train Step at 10th epoch...
At time: 27.737658739089966 accuracy is 0.765625 and loss is 0.5054821491241455
At time: 27.89083766937256 accuracy is 0.7953125 and loss is 0.46123600006103516
At time: 28.056284427642822 accuracy is 0.8171875 and loss is 0.39900667667388917
At time: 28.238351106643677 accuracy is 0.828125 and loss is 0.38432791233062746
At time: 28.415424823760986 accuracy is 0.8140625 and loss is 0.40094804763793945
At time: 28.597895622253418 accuracy is 0.80625 and loss is 0.41575193405151367
At time: 28.777800798416138 accuracy is 0.809375 and loss is 0.4069656848907471
At time: 28.945557355880737 accuracy is 0.8421875 and loss is 0.39585561752319337
At time: 29.115062713623047 accuracy is 0.8234375 and loss is 0.40690150260925295
At time: 29.292678356170654 accuracy is 0.815625 and loss is 0.41043910980224607
At time: 29.47331690788269 accuracy is 0.8359375 and loss is 0.35092720985412595
At time: 29.66690421104431 accuracy is 0.7640625 and loss is 0.47917447090148924
Evaluating...
Done Evaluating: Achieved accuracy of 0.7510901162790697
Not better for 7
Completing Train Step at 11th epoch...
At time: 30.3947331905365 accuracy is 0.7546875 and loss is 0.5128917217254638
At time: 30.536104917526245 accuracy is 0.8 and loss is 0.4431285381317139
At time: 30.68966269493103 accuracy is 0.8203125 and loss is 0.39437777996063234
At time: 30.846734285354614 accuracy is 0.825 and loss is 0.3795172691345215
At time: 31.000309467315674 accuracy is 0.8203125 and loss is 0.4063557147979736
At time: 31.156041622161865 accuracy is 0.815625 and loss is 0.410703706741333
At time: 31.315589666366577 accuracy is 0.8203125 and loss is 0.39765803813934325
At time: 31.47863245010376 accuracy is 0.8375 and loss is 0.3919794797897339
At time: 31.646995782852173 accuracy is 0.8203125 and loss is 0.40405449867248533
At time: 31.818975925445557 accuracy is 0.8140625 and loss is 0.4067667007446289
At time: 31.999236822128296 accuracy is 0.84375 and loss is 0.34570021629333497
At time: 32.19127011299133 accuracy is 0.7609375 and loss is 0.4768399238586426
Evaluating...
Done Evaluating: Achieved accuracy of 0.7409156976744186
Not better for 8
Completing Train Step at 12th epoch...
At time: 32.89697504043579 accuracy is 0.75625 and loss is 0.49855289459228513
At time: 33.03632688522339 accuracy is 0.8078125 and loss is 0.4231872081756592
At time: 33.18050837516785 accuracy is 0.8265625 and loss is 0.3831261396408081
At time: 33.328818559646606 accuracy is 0.8296875 and loss is 0.3801224708557129
At time: 33.48031258583069 accuracy is 0.828125 and loss is 0.3899054050445557
At time: 33.636184215545654 accuracy is 0.815625 and loss is 0.4046774864196777
At time: 33.79560589790344 accuracy is 0.825 and loss is 0.3923101186752319
At time: 33.96050500869751 accuracy is 0.8328125 and loss is 0.3910012483596802
At time: 34.13294982910156 accuracy is 0.821875 and loss is 0.4016716003417969
At time: 34.31747817993164 accuracy is 0.8359375 and loss is 0.3965864658355713
At time: 34.508859634399414 accuracy is 0.8453125 and loss is 0.3540197849273682
At time: 34.70942687988281 accuracy is 0.76875 and loss is 0.4596425533294678
Evaluating...
Done Evaluating: Achieved accuracy of 0.7768895348837209
Not better for 9
Completing Train Step at 13th epoch...
At time: 35.43675875663757 accuracy is 0.76875 and loss is 0.490706729888916
At time: 35.58968210220337 accuracy is 0.8140625 and loss is 0.41153664588928224
At time: 35.74119853973389 accuracy is 0.83125 and loss is 0.3560935497283936
At time: 35.90096712112427 accuracy is 0.821875 and loss is 0.38891570568084716
At time: 36.062379360198975 accuracy is 0.821875 and loss is 0.3810601711273193
At time: 36.22101926803589 accuracy is 0.8234375 and loss is 0.39452509880065917
At time: 36.38104224205017 accuracy is 0.8234375 and loss is 0.3838239908218384
At time: 36.54653263092041 accuracy is 0.8234375 and loss is 0.39599289894104006
At time: 36.71678924560547 accuracy is 0.8390625 and loss is 0.38644561767578123
At time: 36.893924951553345 accuracy is 0.83125 and loss is 0.3935495615005493
At time: 37.077226400375366 accuracy is 0.8328125 and loss is 0.36596293449401857
At time: 37.26840400695801 accuracy is 0.7796875 and loss is 0.4421122074127197
Evaluating...
Done Evaluating: Achieved accuracy of 0.7739825581395349
Not better for 10
Model not improving. Stopping earlyat 0.7921511627906976 epochs.
Done Training. Achieved Best Accuracy of 0.7921511627906976
keyvalattn
SETTINGS FOR THIS RUN
{'batch_size': 32, 'l2': 0.8417877688503025, 'num_layers': 2, 'rnn_dropout': 0.15280873148045493, 'attn_type': 'similarity', 'tune_attn': False, 'wordvec_source': 'google', 'dropout': 0.44100624780129927, 'wordvec_dim': 300, 'lr': 0.0015498016852504206, 'tune_wordvecs': False, 'data': 'MPQA'}
Using CUDA!
here
similarity
Building RNN Classifier...

[93m    Warning: no model found for 'en'[0m

    Only loading the 'en' tokenizer.

Retrieving Data from file: /home-nfs/siddsach/ml/Interpreting-Attention/interpreting_language/data/mpqa/mpqa_subj_labels.pickle...
Loading Vectors From Memory...
Using these vectors: ['googlenews']
Getting google news vectors
Building Vocab...
[<torchtext.vocab.Vectors object at 0x7f3275d5eba8>]
Getting Batches...
Created Iterator with 261 batches
Getting Batches...
Created Iterator with 87 batches
Building model...
similarity
Using Attention model with following args:
{'batch_size': 32, 'input_size': 300, 'attn_type': 'similarity', 'num_layers': 2, 'vocab_size': 15284, 'hidden_size': 300, 'rnn_dropout': 0.15280873148045493, 'cuda': True, 'tune_attn': False, 'vectors': 
 0.0000  0.0000  0.0000  ...   0.0000  0.0000  0.0000
 0.0000  0.0000  0.0000  ...   0.0000  0.0000  0.0000
 0.0000  0.0000  0.0000  ...   0.0000  0.0000  0.0000
          ...             ⋱             ...          
 0.0000  0.0000  0.0000  ...   0.0000  0.0000  0.0000
 0.0000  0.0000  0.0000  ...   0.0000  0.0000  0.0000
 0.0000  0.0000  0.0000  ...   0.0000  0.0000  0.0000
[torch.FloatTensor of size 15284x300]
, 'num_classes': 2, 'dropout': 0.44100624780129927, 'attention_dim': 350, 'train_word_vecs': False}
Not Tuning Word Vectors!
Begin Training...
Completing Train Step at 0th epoch...
At time: 0.1763172149658203 accuracy is 0.5484375 and loss is 0.7604226112365723
At time: 0.3507077693939209 accuracy is 0.5265625 and loss is 0.7056404113769531
At time: 0.5218124389648438 accuracy is 0.55 and loss is 0.7064628601074219
At time: 0.694432258605957 accuracy is 0.5640625 and loss is 0.7325807571411133
At time: 0.870915412902832 accuracy is 0.6828125 and loss is 0.700166893005371
At time: 1.0546467304229736 accuracy is 0.5828125 and loss is 0.6499478816986084
At time: 1.2393667697906494 accuracy is 0.6515625 and loss is 0.6866433143615722
At time: 1.4298536777496338 accuracy is 0.575 and loss is 0.739418888092041
At time: 1.6504011154174805 accuracy is 0.621875 and loss is 0.6613764762878418
At time: 1.8650543689727783 accuracy is 0.6359375 and loss is 0.6121970653533936
At time: 2.0841338634490967 accuracy is 0.6828125 and loss is 0.6963010787963867
At time: 2.3134498596191406 accuracy is 0.6859375 and loss is 0.6565857410430909
Evaluating...
Done Evaluating: Achieved accuracy of 0.6613372093023255
Achieved new best!
Completing Train Step at 1th epoch...
At time: 3.1304590702056885 accuracy is 0.5203125 and loss is 0.7221153259277344
At time: 3.2829599380493164 accuracy is 0.6671875 and loss is 0.6560396194458008
At time: 3.4281301498413086 accuracy is 0.6296875 and loss is 0.7254067420959472
At time: 3.5774714946746826 accuracy is 0.6765625 and loss is 0.5997963428497315
At time: 3.7678091526031494 accuracy is 0.6796875 and loss is 0.6084110260009765
At time: 3.9272098541259766 accuracy is 0.715625 and loss is 0.5414719104766845
At time: 4.089235544204712 accuracy is 0.7078125 and loss is 0.5688007354736329
At time: 4.254668951034546 accuracy is 0.7671875 and loss is 0.490277099609375
At time: 4.424732208251953 accuracy is 0.7875 and loss is 0.49245591163635255
At time: 4.599067449569702 accuracy is 0.765625 and loss is 0.4812439441680908
At time: 4.780399799346924 accuracy is 0.7953125 and loss is 0.4504695892333984
At time: 4.977258920669556 accuracy is 0.7390625 and loss is 0.5026973247528076
Evaluating...
Done Evaluating: Achieved accuracy of 0.747093023255814
Achieved new best!
Completing Train Step at 2th epoch...
At time: 5.7842535972595215 accuracy is 0.71875 and loss is 0.623816967010498
At time: 5.950197458267212 accuracy is 0.7453125 and loss is 0.48923888206481936
At time: 6.117275714874268 accuracy is 0.8 and loss is 0.5019366264343261
At time: 6.295292377471924 accuracy is 0.784375 and loss is 0.4616136074066162
At time: 6.476847410202026 accuracy is 0.7859375 and loss is 0.44640793800354006
At time: 6.65739631652832 accuracy is 0.7765625 and loss is 0.4643858909606934
At time: 6.8716349601745605 accuracy is 0.803125 and loss is 0.427127742767334
At time: 7.078213453292847 accuracy is 0.7984375 and loss is 0.409330415725708
At time: 7.274401903152466 accuracy is 0.7703125 and loss is 0.5110924243927002
At time: 7.4723944664001465 accuracy is 0.75625 and loss is 0.5757901191711425
At time: 7.6734724044799805 accuracy is 0.821875 and loss is 0.4001049518585205
At time: 7.886857032775879 accuracy is 0.7578125 and loss is 0.49153647422790525
Evaluating...
Done Evaluating: Achieved accuracy of 0.7503633720930233
Achieved new best!
Completing Train Step at 3th epoch...
At time: 8.677303075790405 accuracy is 0.7484375 and loss is 0.5714419841766357
At time: 8.83097791671753 accuracy is 0.784375 and loss is 0.5099334716796875
At time: 8.991133451461792 accuracy is 0.80625 and loss is 0.4629072189331055
At time: 9.153439044952393 accuracy is 0.815625 and loss is 0.39799818992614744
At time: 9.322929382324219 accuracy is 0.784375 and loss is 0.4570204734802246
At time: 9.494174718856812 accuracy is 0.7828125 and loss is 0.4558132171630859
At time: 9.668119430541992 accuracy is 0.76875 and loss is 0.4702008724212646
At time: 9.847089767456055 accuracy is 0.809375 and loss is 0.4340606689453125
At time: 10.04659128189087 accuracy is 0.8078125 and loss is 0.43108701705932617
At time: 10.244217157363892 accuracy is 0.8234375 and loss is 0.42154765129089355
At time: 10.444020509719849 accuracy is 0.8546875 and loss is 0.3445984125137329
At time: 10.650177001953125 accuracy is 0.7875 and loss is 0.47549123764038087
Evaluating...
Done Evaluating: Achieved accuracy of 0.7710755813953488
Achieved new best!
Completing Train Step at 4th epoch...
At time: 11.430777072906494 accuracy is 0.7703125 and loss is 0.5191024780273438
At time: 11.596442461013794 accuracy is 0.775 and loss is 0.4472311496734619
At time: 11.755136489868164 accuracy is 0.803125 and loss is 0.43111472129821776
At time: 11.915761232376099 accuracy is 0.8359375 and loss is 0.393316912651062
At time: 12.080097198486328 accuracy is 0.815625 and loss is 0.3877206563949585
At time: 12.25028109550476 accuracy is 0.834375 and loss is 0.39090287685394287
At time: 12.424832582473755 accuracy is 0.8078125 and loss is 0.39087395668029784
At time: 12.605270147323608 accuracy is 0.8171875 and loss is 0.3974896430969238
At time: 12.792832374572754 accuracy is 0.8078125 and loss is 0.40996127128601073
At time: 12.992395639419556 accuracy is 0.825 and loss is 0.4291661262512207
At time: 13.18942379951477 accuracy is 0.8625 and loss is 0.313108229637146
At time: 13.395643472671509 accuracy is 0.7953125 and loss is 0.4192012310028076
Evaluating...
Done Evaluating: Achieved accuracy of 0.7678052325581395
Not better for 1
Completing Train Step at 5th epoch...
At time: 14.173416376113892 accuracy is 0.7921875 and loss is 0.4937854766845703
At time: 14.32512903213501 accuracy is 0.815625 and loss is 0.3912916421890259
At time: 14.484222888946533 accuracy is 0.8171875 and loss is 0.4252588748931885
At time: 14.646437883377075 accuracy is 0.8328125 and loss is 0.36642868518829347
At time: 14.812681198120117 accuracy is 0.83125 and loss is 0.3371354818344116
At time: 14.982924222946167 accuracy is 0.821875 and loss is 0.4239698886871338
At time: 15.157181024551392 accuracy is 0.8140625 and loss is 0.40441174507141114
At time: 15.336533546447754 accuracy is 0.8140625 and loss is 0.4091951847076416
At time: 15.521320581436157 accuracy is 0.8015625 and loss is 0.41823763847351075
At time: 15.7149338722229 accuracy is 0.8171875 and loss is 0.4087158203125
At time: 15.91899299621582 accuracy is 0.8640625 and loss is 0.3240021228790283
At time: 16.126939058303833 accuracy is 0.8078125 and loss is 0.4149318695068359
Evaluating...
Done Evaluating: Achieved accuracy of 0.795421511627907
Achieved new best!
Completing Train Step at 6th epoch...
At time: 16.91107439994812 accuracy is 0.7859375 and loss is 0.5682284832000732
At time: 17.06137466430664 accuracy is 0.8265625 and loss is 0.3498790979385376
At time: 17.219362497329712 accuracy is 0.825 and loss is 0.41583819389343263
At time: 17.395283222198486 accuracy is 0.8328125 and loss is 0.3538956880569458
At time: 17.5627920627594 accuracy is 0.8703125 and loss is 0.30256698131561277
At time: 17.742985725402832 accuracy is 0.83125 and loss is 0.39026384353637694
At time: 17.9426531791687 accuracy is 0.821875 and loss is 0.38014538288116456
At time: 18.123730897903442 accuracy is 0.8328125 and loss is 0.3608403205871582
At time: 18.310023546218872 accuracy is 0.815625 and loss is 0.4071830749511719
At time: 18.500154972076416 accuracy is 0.81875 and loss is 0.3946319580078125
At time: 18.6986083984375 accuracy is 0.8671875 and loss is 0.2831815481185913
At time: 18.90497136116028 accuracy is 0.825 and loss is 0.37723536491394044
Evaluating...
Done Evaluating: Achieved accuracy of 0.7950581395348837
Not better for 1
Completing Train Step at 7th epoch...
At time: 19.69076633453369 accuracy is 0.815625 and loss is 0.4401345729827881
At time: 19.842041492462158 accuracy is 0.8796875 and loss is 0.24603054523468018
At time: 20.00108766555786 accuracy is 0.821875 and loss is 0.39461913108825686
At time: 20.167051792144775 accuracy is 0.825 and loss is 0.34249234199523926
At time: 20.339073419570923 accuracy is 0.85625 and loss is 0.2761469125747681
At time: 20.51082134246826 accuracy is 0.8375 and loss is 0.37320642471313475
At time: 20.687747955322266 accuracy is 0.825 and loss is 0.375650429725647
At time: 20.868520498275757 accuracy is 0.85 and loss is 0.34037208557128906
At time: 21.055517196655273 accuracy is 0.8328125 and loss is 0.35629806518554685
At time: 21.250767946243286 accuracy is 0.8328125 and loss is 0.3567603349685669
At time: 21.464672565460205 accuracy is 0.8609375 and loss is 0.2995319366455078
At time: 21.6727876663208 accuracy is 0.8390625 and loss is 0.35367095470428467
Evaluating...
Done Evaluating: Achieved accuracy of 0.7877906976744186
Not better for 2
Completing Train Step at 8th epoch...
At time: 22.463236093521118 accuracy is 0.8171875 and loss is 0.38890228271484373
At time: 22.615310430526733 accuracy is 0.909375 and loss is 0.2010434865951538
At time: 22.774890661239624 accuracy is 0.8453125 and loss is 0.4316762924194336
At time: 22.936538457870483 accuracy is 0.85625 and loss is 0.3159772872924805
At time: 23.102400541305542 accuracy is 0.871875 and loss is 0.2732281446456909
At time: 23.27375602722168 accuracy is 0.884375 and loss is 0.26783730983734133
At time: 23.448174476623535 accuracy is 0.8359375 and loss is 0.3434551000595093
At time: 23.630488872528076 accuracy is 0.85 and loss is 0.32362148761749265
At time: 23.81580924987793 accuracy is 0.859375 and loss is 0.3073673963546753
At time: 24.00428032875061 accuracy is 0.859375 and loss is 0.32676124572753906
At time: 24.200436115264893 accuracy is 0.8796875 and loss is 0.25123093128204343
At time: 24.413713455200195 accuracy is 0.8546875 and loss is 0.2959310054779053
Evaluating...
Done Evaluating: Achieved accuracy of 0.7369186046511628
Not better for 3
Completing Train Step at 9th epoch...
At time: 25.19710874557495 accuracy is 0.8671875 and loss is 0.30167465209960936
At time: 25.35028910636902 accuracy is 0.91875 and loss is 0.21046822071075438
At time: 25.50574040412903 accuracy is 0.8734375 and loss is 0.3816401481628418
At time: 25.669357776641846 accuracy is 0.865625 and loss is 0.24840261936187744
At time: 25.835182189941406 accuracy is 0.89375 and loss is 0.23369972705841063
At time: 26.00785994529724 accuracy is 0.8796875 and loss is 0.2871868133544922
At time: 26.18490743637085 accuracy is 0.8625 and loss is 0.2823702096939087
At time: 26.36577081680298 accuracy is 0.83125 and loss is 0.34714109897613527
At time: 26.580018520355225 accuracy is 0.8609375 and loss is 0.3135885953903198
At time: 26.78049659729004 accuracy is 0.8609375 and loss is 0.3219998836517334
At time: 26.978477716445923 accuracy is 0.890625 and loss is 0.24241833686828612
At time: 27.186569690704346 accuracy is 0.8703125 and loss is 0.25695936679840087
Evaluating...
Done Evaluating: Achieved accuracy of 0.7365552325581395
Not better for 4
Completing Train Step at 10th epoch...
At time: 27.964597463607788 accuracy is 0.8984375 and loss is 0.2569826364517212
At time: 28.117328643798828 accuracy is 0.921875 and loss is 0.18209388256072997
At time: 28.278443813323975 accuracy is 0.8515625 and loss is 0.32458579540252686
At time: 28.443304538726807 accuracy is 0.8875 and loss is 0.25147528648376466
At time: 28.613208055496216 accuracy is 0.91875 and loss is 0.1818400263786316
At time: 28.790571689605713 accuracy is 0.9359375 and loss is 0.1446882963180542
At time: 28.972886323928833 accuracy is 0.8828125 and loss is 0.2826803207397461
At time: 29.16003918647766 accuracy is 0.8765625 and loss is 0.2827636957168579
At time: 29.346651792526245 accuracy is 0.8609375 and loss is 0.2786784410476685
At time: 29.541813611984253 accuracy is 0.834375 and loss is 0.3844675302505493
At time: 29.73945116996765 accuracy is 0.875 and loss is 0.26053104400634763
At time: 29.947765111923218 accuracy is 0.8609375 and loss is 0.29698617458343507
Evaluating...
Done Evaluating: Achieved accuracy of 0.7576308139534884
Not better for 5
Completing Train Step at 11th epoch...
At time: 30.751091718673706 accuracy is 0.775 and loss is 0.5396163940429688
At time: 30.90518617630005 accuracy is 0.8734375 and loss is 0.3240572690963745
At time: 31.06570863723755 accuracy is 0.8640625 and loss is 0.25833466053009035
At time: 31.231435775756836 accuracy is 0.8953125 and loss is 0.23926193714141847
At time: 31.400254726409912 accuracy is 0.896875 and loss is 0.21793229579925538
At time: 31.571917057037354 accuracy is 0.921875 and loss is 0.168335485458374
At time: 31.75802493095398 accuracy is 0.915625 and loss is 0.18773694038391114
At time: 31.944754600524902 accuracy is 0.91875 and loss is 0.18037824630737304
At time: 32.12759613990784 accuracy is 0.896875 and loss is 0.2588043212890625
At time: 32.31706714630127 accuracy is 0.86875 and loss is 0.30325708389282224
At time: 32.51506757736206 accuracy is 0.9078125 and loss is 0.20087685585021972
At time: 32.72356820106506 accuracy is 0.878125 and loss is 0.26707675457000735
Evaluating...
Done Evaluating: Achieved accuracy of 0.7416424418604651
Not better for 6
Completing Train Step at 12th epoch...
At time: 33.52725672721863 accuracy is 0.8203125 and loss is 0.3888253927230835
At time: 33.68144774436951 accuracy is 0.878125 and loss is 0.27942638397216796
At time: 33.84024238586426 accuracy is 0.9125 and loss is 0.19199259281158448
At time: 34.00643062591553 accuracy is 0.9296875 and loss is 0.14963561296463013
At time: 34.17302989959717 accuracy is 0.928125 and loss is 0.17357347011566163
At time: 34.346211194992065 accuracy is 0.9609375 and loss is 0.09671070575714111
At time: 34.52047514915466 accuracy is 0.93125 and loss is 0.1569681406021118
At time: 34.71180033683777 accuracy is 0.94375 and loss is 0.14263746738433838
At time: 34.90873956680298 accuracy is 0.909375 and loss is 0.1946104049682617
At time: 35.0974645614624 accuracy is 0.8625 and loss is 0.2997920989990234
At time: 35.29554510116577 accuracy is 0.9078125 and loss is 0.20475494861602783
At time: 35.52259111404419 accuracy is 0.89375 and loss is 0.22772712707519532
Evaluating...
Done Evaluating: Achieved accuracy of 0.7434593023255814
Not better for 7
Completing Train Step at 13th epoch...
At time: 36.30107283592224 accuracy is 0.903125 and loss is 0.27953033447265624
At time: 36.454976320266724 accuracy is 0.921875 and loss is 0.14932048320770264
At time: 36.614264249801636 accuracy is 0.9109375 and loss is 0.1965764045715332
At time: 36.777747631073 accuracy is 0.9 and loss is 0.21996705532073973
At time: 36.94483232498169 accuracy is 0.9171875 and loss is 0.19940927028656005
At time: 37.123351097106934 accuracy is 0.9578125 and loss is 0.11155819892883301
At time: 37.30234622955322 accuracy is 0.9515625 and loss is 0.0957843542098999
At time: 37.49006462097168 accuracy is 0.95625 and loss is 0.13834608793258668
At time: 37.703453540802 accuracy is 0.934375 and loss is 0.1794201612472534
At time: 37.89489269256592 accuracy is 0.8921875 and loss is 0.2594720125198364
At time: 38.09241533279419 accuracy is 0.9140625 and loss is 0.16670832633972169
At time: 38.31464433670044 accuracy is 0.9265625 and loss is 0.18308682441711427
Evaluating...
Done Evaluating: Achieved accuracy of 0.7648982558139535
Not better for 8
Completing Train Step at 14th epoch...
At time: 39.11312937736511 accuracy is 0.915625 and loss is 0.23589701652526857
At time: 39.267786741256714 accuracy is 0.9109375 and loss is 0.20706753730773925
At time: 39.4246666431427 accuracy is 0.9453125 and loss is 0.17123701572418212
At time: 39.58684277534485 accuracy is 0.934375 and loss is 0.13337831497192382
At time: 39.76785755157471 accuracy is 0.9390625 and loss is 0.1387365937232971
At time: 39.94061541557312 accuracy is 0.9546875 and loss is 0.10197761058807372
At time: 40.11947703361511 accuracy is 0.9640625 and loss is 0.09631158113479614
At time: 40.301186084747314 accuracy is 0.95625 and loss is 0.11743557453155518
At time: 40.48873567581177 accuracy is 0.928125 and loss is 0.1599379301071167
At time: 40.67892074584961 accuracy is 0.8984375 and loss is 0.3316458463668823
At time: 40.87499475479126 accuracy is 0.9359375 and loss is 0.15267096757888793
At time: 41.08074378967285 accuracy is 0.94375 and loss is 0.14374486207962037
Evaluating...
Done Evaluating: Achieved accuracy of 0.7594476744186046
Not better for 9
Completing Train Step at 15th epoch...
At time: 41.859092473983765 accuracy is 0.91875 and loss is 0.2187743902206421
At time: 42.01169204711914 accuracy is 0.9609375 and loss is 0.088148695230484
At time: 42.17016553878784 accuracy is 0.95625 and loss is 0.11602617502212524
At time: 42.332746505737305 accuracy is 0.953125 and loss is 0.13422876596450806
At time: 42.49868965148926 accuracy is 0.9671875 and loss is 0.09026222825050353
At time: 42.669517517089844 accuracy is 0.9578125 and loss is 0.1341571807861328
At time: 42.843666315078735 accuracy is 0.9515625 and loss is 0.13323184251785278
At time: 43.03163814544678 accuracy is 0.9546875 and loss is 0.12363855838775635
At time: 43.21792697906494 accuracy is 0.953125 and loss is 0.11224220991134644
At time: 43.407004833221436 accuracy is 0.9296875 and loss is 0.19408948421478273
At time: 43.602067708969116 accuracy is 0.9390625 and loss is 0.11966803073883056
At time: 43.810643434524536 accuracy is 0.94375 and loss is 0.1312132954597473
Evaluating...
Done Evaluating: Achieved accuracy of 0.764171511627907
Not better for 10
Model not improving. Stopping earlyat 0.795421511627907 epochs.
Done Training. Achieved Best Accuracy of 0.795421511627907
Improved accuracyfrom 0.793968023255814 to 0.795421511627907
keyvalattn
SETTINGS FOR THIS RUN
{'batch_size': 32, 'l2': 6.0742471518993035e-05, 'num_layers': 2, 'rnn_dropout': 0.38757084262161845, 'attn_type': 'similarity', 'tune_attn': False, 'wordvec_source': 'google', 'dropout': 0.8454311420764258, 'wordvec_dim': 300, 'lr': 0.0032194810299651685, 'tune_wordvecs': False, 'data': 'MPQA'}
Using CUDA!
here
similarity
Building RNN Classifier...

[93m    Warning: no model found for 'en'[0m

    Only loading the 'en' tokenizer.

Retrieving Data from file: /home-nfs/siddsach/ml/Interpreting-Attention/interpreting_language/data/mpqa/mpqa_subj_labels.pickle...
Loading Vectors From Memory...
Using these vectors: ['googlenews']
Getting google news vectors
Building Vocab...
[<torchtext.vocab.Vectors object at 0x7f3277558ba8>]
Getting Batches...
Created Iterator with 261 batches
Getting Batches...
Created Iterator with 87 batches
Building model...
similarity
Using Attention model with following args:
{'batch_size': 32, 'input_size': 300, 'attn_type': 'similarity', 'num_layers': 2, 'vocab_size': 15284, 'hidden_size': 300, 'rnn_dropout': 0.38757084262161845, 'cuda': True, 'tune_attn': False, 'vectors': 
 0.0000  0.0000  0.0000  ...   0.0000  0.0000  0.0000
 0.0000  0.0000  0.0000  ...   0.0000  0.0000  0.0000
 0.0000  0.0000  0.0000  ...   0.0000  0.0000  0.0000
          ...             ⋱             ...          
 0.0000  0.0000  0.0000  ...   0.0000  0.0000  0.0000
 0.0000  0.0000  0.0000  ...   0.0000  0.0000  0.0000
 0.0000  0.0000  0.0000  ...   0.0000  0.0000  0.0000
[torch.FloatTensor of size 15284x300]
, 'num_classes': 2, 'dropout': 0.8454311420764258, 'attention_dim': 350, 'train_word_vecs': False}
Not Tuning Word Vectors!
Begin Training...
Completing Train Step at 0th epoch...
At time: 0.18137860298156738 accuracy is 0.55 and loss is 0.7823495388031005
At time: 0.34214019775390625 accuracy is 0.540625 and loss is 0.7513724327087402
At time: 0.5170965194702148 accuracy is 0.5546875 and loss is 0.7201532363891602
At time: 0.6971802711486816 accuracy is 0.6296875 and loss is 0.6923854351043701
At time: 0.876807689666748 accuracy is 0.596875 and loss is 0.7539102554321289
At time: 1.06087064743042 accuracy is 0.6609375 and loss is 0.6377725601196289
At time: 1.2503385543823242 accuracy is 0.6765625 and loss is 0.6734822273254395
At time: 1.443272590637207 accuracy is 0.696875 and loss is 0.6540286540985107
At time: 1.6424689292907715 accuracy is 0.6875 and loss is 0.6406828880310058
At time: 1.8500618934631348 accuracy is 0.6671875 and loss is 0.7350644588470459
At time: 2.0619866847991943 accuracy is 0.75 and loss is 0.569974136352539
At time: 2.2967569828033447 accuracy is 0.69375 and loss is 0.6660325050354003
Evaluating...
Done Evaluating: Achieved accuracy of 0.7510901162790697
Achieved new best!
Completing Train Step at 1th epoch...
At time: 3.1030311584472656 accuracy is 0.6859375 and loss is 0.7257687091827393
At time: 3.255521774291992 accuracy is 0.7046875 and loss is 0.5560128688812256
At time: 3.4144864082336426 accuracy is 0.7375 and loss is 0.5462776184082031
At time: 3.578054666519165 accuracy is 0.7359375 and loss is 0.539982795715332
At time: 3.7442169189453125 accuracy is 0.7015625 and loss is 0.6010025978088379
At time: 3.9176175594329834 accuracy is 0.7546875 and loss is 0.5690559864044189
At time: 4.09404730796814 accuracy is 0.734375 and loss is 0.5425442695617676
At time: 4.275042295455933 accuracy is 0.7296875 and loss is 0.5324114322662353
At time: 4.461013078689575 accuracy is 0.728125 and loss is 0.5814875602722168
At time: 4.656028747558594 accuracy is 0.765625 and loss is 0.5074609756469727
At time: 4.858635663986206 accuracy is 0.78125 and loss is 0.5088278293609619
At time: 5.076924800872803 accuracy is 0.725 and loss is 0.5501149654388428
Evaluating...
Done Evaluating: Achieved accuracy of 0.768531976744186
Achieved new best!
Completing Train Step at 2th epoch...
At time: 5.896674633026123 accuracy is 0.725 and loss is 0.5925704002380371
At time: 6.051222324371338 accuracy is 0.75 and loss is 0.5910159587860108
At time: 6.218042612075806 accuracy is 0.7921875 and loss is 0.4618069171905518
At time: 6.381443500518799 accuracy is 0.7546875 and loss is 0.5093847274780273
At time: 6.548778057098389 accuracy is 0.7890625 and loss is 0.49572129249572755
At time: 6.720920085906982 accuracy is 0.759375 and loss is 0.5079220294952392
At time: 6.8967814445495605 accuracy is 0.7859375 and loss is 0.5126296997070312
At time: 7.075912237167358 accuracy is 0.7734375 and loss is 0.5036027908325196
At time: 7.2620062828063965 accuracy is 0.7609375 and loss is 0.5256669044494628
At time: 7.451192378997803 accuracy is 0.7921875 and loss is 0.5117038249969482
At time: 7.669008016586304 accuracy is 0.7890625 and loss is 0.4272034168243408
At time: 7.877775192260742 accuracy is 0.7703125 and loss is 0.47820868492126467
Evaluating...
Done Evaluating: Achieved accuracy of 0.793968023255814
Achieved new best!
Completing Train Step at 3th epoch...
At time: 8.67839241027832 accuracy is 0.709375 and loss is 0.7286859512329101
At time: 8.833190202713013 accuracy is 0.7625 and loss is 0.48238344192504884
At time: 8.994378089904785 accuracy is 0.83125 and loss is 0.48988990783691405
At time: 9.156883001327515 accuracy is 0.803125 and loss is 0.5066229343414307
At time: 9.324690580368042 accuracy is 0.775 and loss is 0.4815215110778809
At time: 9.496376752853394 accuracy is 0.8015625 and loss is 0.4928285598754883
At time: 9.670600891113281 accuracy is 0.771875 and loss is 0.47730727195739747
At time: 9.84815239906311 accuracy is 0.8140625 and loss is 0.423128080368042
At time: 10.03358006477356 accuracy is 0.8203125 and loss is 0.4430356502532959
At time: 10.221738338470459 accuracy is 0.7609375 and loss is 0.4590493679046631
At time: 10.423889636993408 accuracy is 0.859375 and loss is 0.36242213249206545
At time: 10.6390700340271 accuracy is 0.7671875 and loss is 0.4542837142944336
Evaluating...
Done Evaluating: Achieved accuracy of 0.6929505813953488
Not better for 1
Completing Train Step at 4th epoch...
At time: 11.414619445800781 accuracy is 0.6953125 and loss is 0.5864287376403808
At time: 11.56978964805603 accuracy is 0.8296875 and loss is 0.42277255058288576
At time: 11.729011535644531 accuracy is 0.80625 and loss is 0.4212646961212158
At time: 11.891613960266113 accuracy is 0.828125 and loss is 0.4566281795501709
At time: 12.059831619262695 accuracy is 0.803125 and loss is 0.4139714241027832
At time: 12.233053207397461 accuracy is 0.8203125 and loss is 0.44395742416381834
At time: 12.411070108413696 accuracy is 0.8015625 and loss is 0.42451114654541017
At time: 12.593154907226562 accuracy is 0.8171875 and loss is 0.37317821979522703
At time: 12.779272556304932 accuracy is 0.8375 and loss is 0.41368279457092283
At time: 12.969062566757202 accuracy is 0.7859375 and loss is 0.45175585746765134
At time: 13.172008991241455 accuracy is 0.859375 and loss is 0.3781092882156372
At time: 13.392732858657837 accuracy is 0.8203125 and loss is 0.39356098175048826
Evaluating...
Done Evaluating: Achieved accuracy of 0.7129360465116279
Not better for 2
Completing Train Step at 5th epoch...
At time: 14.179915428161621 accuracy is 0.73125 and loss is 0.5562305927276612
At time: 14.333011150360107 accuracy is 0.7921875 and loss is 0.5837972164154053
At time: 14.492713451385498 accuracy is 0.8140625 and loss is 0.4112404346466064
At time: 14.656184911727905 accuracy is 0.821875 and loss is 0.4063546657562256
At time: 14.822243690490723 accuracy is 0.8140625 and loss is 0.4696533679962158
At time: 14.993550777435303 accuracy is 0.79375 and loss is 0.43915610313415526
At time: 15.175701141357422 accuracy is 0.80625 and loss is 0.45539398193359376
At time: 15.355488777160645 accuracy is 0.8546875 and loss is 0.35559887886047364
At time: 15.542003393173218 accuracy is 0.8453125 and loss is 0.35007050037384035
At time: 15.734726905822754 accuracy is 0.778125 and loss is 0.4192254066467285
At time: 15.935119152069092 accuracy is 0.8703125 and loss is 0.37758350372314453
At time: 16.14409351348877 accuracy is 0.853125 and loss is 0.3454749584197998
Evaluating...
Done Evaluating: Achieved accuracy of 0.782703488372093
Not better for 3
Completing Train Step at 6th epoch...
At time: 16.92306089401245 accuracy is 0.775 and loss is 0.5053352355957031
At time: 17.093334913253784 accuracy is 0.8203125 and loss is 0.45643033981323244
At time: 17.257573127746582 accuracy is 0.8390625 and loss is 0.36778764724731444
At time: 17.42180609703064 accuracy is 0.8359375 and loss is 0.36927094459533694
At time: 17.591999530792236 accuracy is 0.840625 and loss is 0.3908245325088501
At time: 17.763219118118286 accuracy is 0.8390625 and loss is 0.3712003707885742
At time: 17.93819284439087 accuracy is 0.8125 and loss is 0.38977296352386476
At time: 18.120840072631836 accuracy is 0.8390625 and loss is 0.3854001522064209
At time: 18.310104846954346 accuracy is 0.8453125 and loss is 0.35720458030700686
At time: 18.500455379486084 accuracy is 0.846875 and loss is 0.34717473983764646
At time: 18.694803714752197 accuracy is 0.8734375 and loss is 0.304156756401062
At time: 18.904033184051514 accuracy is 0.8609375 and loss is 0.30979583263397215
Evaluating...
Done Evaluating: Achieved accuracy of 0.7732558139534884
Not better for 4
Completing Train Step at 7th epoch...
At time: 19.686914443969727 accuracy is 0.796875 and loss is 0.5271153450012207
At time: 19.83785319328308 accuracy is 0.8234375 and loss is 0.4144927978515625
At time: 19.997591018676758 accuracy is 0.8515625 and loss is 0.3685992956161499
At time: 20.161917686462402 accuracy is 0.8609375 and loss is 0.3297523021697998
At time: 20.328884601593018 accuracy is 0.8328125 and loss is 0.3688699007034302
At time: 20.501689434051514 accuracy is 0.8546875 and loss is 0.3640453815460205
At time: 20.677318811416626 accuracy is 0.8265625 and loss is 0.376299786567688
At time: 20.856326818466187 accuracy is 0.8640625 and loss is 0.3305687427520752
At time: 21.04992389678955 accuracy is 0.853125 and loss is 0.3322354793548584
At time: 21.25578260421753 accuracy is 0.8453125 and loss is 0.3527611494064331
At time: 21.470137119293213 accuracy is 0.840625 and loss is 0.34392609596252444
At time: 21.702697277069092 accuracy is 0.8515625 and loss is 0.3584167242050171
Evaluating...
Done Evaluating: Achieved accuracy of 0.7460029069767442
Not better for 5
Completing Train Step at 8th epoch...
At time: 22.543118953704834 accuracy is 0.790625 and loss is 0.4986717700958252
At time: 22.713134050369263 accuracy is 0.8703125 and loss is 0.33662874698638917
At time: 22.887158632278442 accuracy is 0.86875 and loss is 0.3366581439971924
At time: 23.056015968322754 accuracy is 0.85 and loss is 0.4245925426483154
At time: 23.222216844558716 accuracy is 0.8453125 and loss is 0.34915215969085694
At time: 23.38277268409729 accuracy is 0.840625 and loss is 0.3775345802307129
At time: 23.568118810653687 accuracy is 0.859375 and loss is 0.34768712520599365
At time: 23.76340365409851 accuracy is 0.8640625 and loss is 0.32216243743896483
At time: 23.967850923538208 accuracy is 0.8578125 and loss is 0.3231745481491089
At time: 24.16408348083496 accuracy is 0.8703125 and loss is 0.34197447299957273
At time: 24.369531393051147 accuracy is 0.85625 and loss is 0.3252493619918823
At time: 24.584327459335327 accuracy is 0.8546875 and loss is 0.35132882595062254
Evaluating...
Done Evaluating: Achieved accuracy of 0.7423691860465116
Not better for 6
Completing Train Step at 9th epoch...
At time: 25.38154411315918 accuracy is 0.8171875 and loss is 0.4963796615600586
At time: 25.53473663330078 accuracy is 0.8859375 and loss is 0.2601080179214478
At time: 25.69406032562256 accuracy is 0.8671875 and loss is 0.3592737436294556
At time: 25.85673499107361 accuracy is 0.85625 and loss is 0.33060789108276367
At time: 26.025644063949585 accuracy is 0.8421875 and loss is 0.39276900291442873
At time: 26.19644260406494 accuracy is 0.825 and loss is 0.3609256029129028
At time: 26.378877639770508 accuracy is 0.8734375 and loss is 0.294232702255249
At time: 26.56108546257019 accuracy is 0.8875 and loss is 0.2825376033782959
At time: 26.764593362808228 accuracy is 0.890625 and loss is 0.24796338081359864
At time: 26.964717864990234 accuracy is 0.859375 and loss is 0.3165445804595947
At time: 27.171924591064453 accuracy is 0.903125 and loss is 0.2815342903137207
At time: 27.381319046020508 accuracy is 0.871875 and loss is 0.2916984796524048
Evaluating...
Done Evaluating: Achieved accuracy of 0.7885174418604651
Not better for 7
Completing Train Step at 10th epoch...
At time: 28.19132375717163 accuracy is 0.8265625 and loss is 0.4919339656829834
At time: 28.352335929870605 accuracy is 0.8953125 and loss is 0.28411786556243895
At time: 28.515660285949707 accuracy is 0.90625 and loss is 0.3086202144622803
At time: 28.68041682243347 accuracy is 0.8796875 and loss is 0.3049433946609497
At time: 28.849244356155396 accuracy is 0.871875 and loss is 0.29902119636535646
At time: 29.023938417434692 accuracy is 0.8734375 and loss is 0.32070653438568114
At time: 29.186522245407104 accuracy is 0.8734375 and loss is 0.28921411037445066
At time: 29.37344789505005 accuracy is 0.9015625 and loss is 0.2571354866027832
At time: 29.566749334335327 accuracy is 0.909375 and loss is 0.23569295406341553
At time: 29.759408235549927 accuracy is 0.8953125 and loss is 0.24521732330322266
At time: 29.96106791496277 accuracy is 0.91875 and loss is 0.19719661474227906
At time: 30.197759866714478 accuracy is 0.9 and loss is 0.2539355754852295
Evaluating...
Done Evaluating: Achieved accuracy of 0.7423691860465116
Not better for 8
Completing Train Step at 11th epoch...
At time: 30.976555585861206 accuracy is 0.775 and loss is 0.5458519935607911
At time: 31.13182544708252 accuracy is 0.8796875 and loss is 0.3420907735824585
At time: 31.289847373962402 accuracy is 0.8921875 and loss is 0.2759475469589233
At time: 31.454447746276855 accuracy is 0.85 and loss is 0.37235267162323
At time: 31.621824979782104 accuracy is 0.88125 and loss is 0.2856743574142456
At time: 31.796306133270264 accuracy is 0.884375 and loss is 0.2676565170288086
At time: 31.97181510925293 accuracy is 0.9015625 and loss is 0.27855088710784914
At time: 32.16188931465149 accuracy is 0.9140625 and loss is 0.21203505992889404
At time: 32.34806251525879 accuracy is 0.903125 and loss is 0.24387671947479247
At time: 32.53771734237671 accuracy is 0.9140625 and loss is 0.20637695789337157
At time: 32.733393907547 accuracy is 0.946875 and loss is 0.13900818824768066
At time: 32.94141435623169 accuracy is 0.9359375 and loss is 0.17269934415817262
Evaluating...
Done Evaluating: Achieved accuracy of 0.7707122093023255
Not better for 9
Completing Train Step at 12th epoch...
At time: 33.72662162780762 accuracy is 0.8109375 and loss is 0.5276135444641114
At time: 33.878865242004395 accuracy is 0.9234375 and loss is 0.23205916881561278
At time: 34.03780007362366 accuracy is 0.9015625 and loss is 0.2658952236175537
At time: 34.20235085487366 accuracy is 0.9171875 and loss is 0.21349172592163085
At time: 34.374709606170654 accuracy is 0.9234375 and loss is 0.2159883737564087
At time: 34.549103021621704 accuracy is 0.9234375 and loss is 0.2008817672729492
At time: 34.72615313529968 accuracy is 0.896875 and loss is 0.2836893558502197
At time: 34.90806794166565 accuracy is 0.9109375 and loss is 0.23241724967956542
At time: 35.09110069274902 accuracy is 0.9078125 and loss is 0.223159122467041
At time: 35.281365394592285 accuracy is 0.93125 and loss is 0.16718473434448242
At time: 35.48261260986328 accuracy is 0.95625 and loss is 0.12863121032714844
At time: 35.690611600875854 accuracy is 0.9390625 and loss is 0.1753953218460083
Evaluating...
Done Evaluating: Achieved accuracy of 0.7601744186046512
Not better for 10
Model not improving. Stopping earlyat 0.793968023255814 epochs.
Done Training. Achieved Best Accuracy of 0.793968023255814
keyvalattn
SETTINGS FOR THIS RUN
{'batch_size': 32, 'l2': 0.09601091339112988, 'num_layers': 2, 'rnn_dropout': 0.05723259365642752, 'attn_type': 'similarity', 'tune_attn': False, 'wordvec_source': 'google', 'dropout': 0.9644998434630124, 'wordvec_dim': 300, 'lr': 0.001330589285936281, 'tune_wordvecs': False, 'data': 'MPQA'}
Using CUDA!
here
similarity
Building RNN Classifier...

[93m    Warning: no model found for 'en'[0m

    Only loading the 'en' tokenizer.

Retrieving Data from file: /home-nfs/siddsach/ml/Interpreting-Attention/interpreting_language/data/mpqa/mpqa_subj_labels.pickle...
Loading Vectors From Memory...
Using these vectors: ['googlenews']
Getting google news vectors
Building Vocab...
[<torchtext.vocab.Vectors object at 0x7f3276a8f588>]
Getting Batches...
Created Iterator with 261 batches
Getting Batches...
Created Iterator with 87 batches
Building model...
similarity
Using Attention model with following args:
{'batch_size': 32, 'input_size': 300, 'attn_type': 'similarity', 'num_layers': 2, 'vocab_size': 15284, 'hidden_size': 300, 'rnn_dropout': 0.05723259365642752, 'cuda': True, 'tune_attn': False, 'vectors': 
 0.0000  0.0000  0.0000  ...   0.0000  0.0000  0.0000
 0.0000  0.0000  0.0000  ...   0.0000  0.0000  0.0000
 0.0000  0.0000  0.0000  ...   0.0000  0.0000  0.0000
          ...             ⋱             ...          
 0.0000  0.0000  0.0000  ...   0.0000  0.0000  0.0000
 0.0000  0.0000  0.0000  ...   0.0000  0.0000  0.0000
 0.0000  0.0000  0.0000  ...   0.0000  0.0000  0.0000
[torch.FloatTensor of size 15284x300]
, 'num_classes': 2, 'dropout': 0.9644998434630124, 'attention_dim': 350, 'train_word_vecs': False}
Not Tuning Word Vectors!
Begin Training...
Completing Train Step at 0th epoch...
At time: 0.17824387550354004 accuracy is 0.5578125 and loss is 0.7688026905059815
At time: 0.3370499610900879 accuracy is 0.509375 and loss is 0.7112959861755371
At time: 0.5016732215881348 accuracy is 0.5890625 and loss is 0.7012758255004883
At time: 0.6823163032531738 accuracy is 0.6859375 and loss is 0.6351576805114746
At time: 0.8625068664550781 accuracy is 0.665625 and loss is 0.7406975269317627
At time: 1.0451462268829346 accuracy is 0.6640625 and loss is 0.7631332397460937
At time: 1.240617275238037 accuracy is 0.54375 and loss is 0.689986276626587
At time: 1.4336857795715332 accuracy is 0.690625 and loss is 0.6848558902740478
At time: 1.641813039779663 accuracy is 0.584375 and loss is 0.6772218704223633
At time: 1.8566880226135254 accuracy is 0.671875 and loss is 0.6650491237640381
At time: 2.0704102516174316 accuracy is 0.709375 and loss is 0.6437982082366943
At time: 2.301826000213623 accuracy is 0.71875 and loss is 0.566288423538208
Evaluating...
Done Evaluating: Achieved accuracy of 0.7710755813953488
Achieved new best!
Completing Train Step at 1th epoch...
At time: 3.122812509536743 accuracy is 0.6453125 and loss is 0.7219594478607178
At time: 3.275768756866455 accuracy is 0.70625 and loss is 0.6175189971923828
At time: 3.4344189167022705 accuracy is 0.69375 and loss is 0.664109754562378
At time: 3.595656633377075 accuracy is 0.678125 and loss is 0.6727861404418946
At time: 3.760897159576416 accuracy is 0.740625 and loss is 0.5910017967224122
At time: 3.9432308673858643 accuracy is 0.753125 and loss is 0.4903961181640625
At time: 4.128373861312866 accuracy is 0.7484375 and loss is 0.5174267292022705
At time: 4.30836820602417 accuracy is 0.784375 and loss is 0.4729865074157715
At time: 4.494134426116943 accuracy is 0.784375 and loss is 0.4735866546630859
At time: 4.68639612197876 accuracy is 0.7671875 and loss is 0.6406840801239013
At time: 4.894894361495972 accuracy is 0.7953125 and loss is 0.4728874683380127
At time: 5.106592893600464 accuracy is 0.775 and loss is 0.45504913330078123
Evaluating...
Done Evaluating: Achieved accuracy of 0.7910610465116279
Achieved new best!
Completing Train Step at 2th epoch...
At time: 5.901123046875 accuracy is 0.7203125 and loss is 0.6127324581146241
At time: 6.053672790527344 accuracy is 0.7578125 and loss is 0.5111468315124512
At time: 6.2107367515563965 accuracy is 0.790625 and loss is 0.462934684753418
At time: 6.373892068862915 accuracy is 0.75625 and loss is 0.4809267044067383
At time: 6.542643308639526 accuracy is 0.7984375 and loss is 0.4514723777770996
At time: 6.728969573974609 accuracy is 0.7796875 and loss is 0.45790600776672363
At time: 6.929187297821045 accuracy is 0.8078125 and loss is 0.436452579498291
At time: 7.112606048583984 accuracy is 0.803125 and loss is 0.4447163105010986
At time: 7.298195123672485 accuracy is 0.809375 and loss is 0.44188756942749025
At time: 7.490970849990845 accuracy is 0.8078125 and loss is 0.5140365123748779
At time: 7.687962055206299 accuracy is 0.840625 and loss is 0.3597442626953125
At time: 7.897597789764404 accuracy is 0.76875 and loss is 0.47191405296325684
Evaluating...
Done Evaluating: Achieved accuracy of 0.7474563953488372
Not better for 1
Completing Train Step at 3th epoch...
At time: 8.682492971420288 accuracy is 0.7484375 and loss is 0.5651007175445557
At time: 8.837337017059326 accuracy is 0.7796875 and loss is 0.4750002384185791
At time: 8.996134519577026 accuracy is 0.8078125 and loss is 0.4395893573760986
At time: 9.159437417984009 accuracy is 0.7921875 and loss is 0.4445748805999756
At time: 9.326092958450317 accuracy is 0.8125 and loss is 0.41313967704772947
At time: 9.498567581176758 accuracy is 0.8 and loss is 0.43361563682556153
At time: 9.673985719680786 accuracy is 0.7578125 and loss is 0.4957320213317871
At time: 9.85993242263794 accuracy is 0.7875 and loss is 0.4777693271636963
At time: 10.047200202941895 accuracy is 0.784375 and loss is 0.4732352733612061
At time: 10.23671293258667 accuracy is 0.790625 and loss is 0.47592897415161134
At time: 10.433902263641357 accuracy is 0.85 and loss is 0.34593954086303713
At time: 10.642746210098267 accuracy is 0.784375 and loss is 0.4515486240386963
Evaluating...
Done Evaluating: Achieved accuracy of 0.762718023255814
Not better for 2
Completing Train Step at 4th epoch...
At time: 11.430583715438843 accuracy is 0.796875 and loss is 0.5188669681549072
At time: 11.585694789886475 accuracy is 0.7765625 and loss is 0.5258172988891602
At time: 11.746246814727783 accuracy is 0.81875 and loss is 0.4069490909576416
At time: 11.912883281707764 accuracy is 0.803125 and loss is 0.40952425003051757
At time: 12.08095383644104 accuracy is 0.8265625 and loss is 0.3895216703414917
At time: 12.251617431640625 accuracy is 0.8328125 and loss is 0.402496337890625
At time: 12.427051544189453 accuracy is 0.7796875 and loss is 0.45012860298156737
At time: 12.60771632194519 accuracy is 0.790625 and loss is 0.45872840881347654
At time: 12.797019720077515 accuracy is 0.7984375 and loss is 0.42619891166687013
At time: 12.994065761566162 accuracy is 0.8 and loss is 0.4379687786102295
At time: 13.194318771362305 accuracy is 0.86875 and loss is 0.3289567232131958
At time: 13.41340184211731 accuracy is 0.79375 and loss is 0.4185328483581543
Evaluating...
Done Evaluating: Achieved accuracy of 0.7932412790697675
Achieved new best!
Completing Train Step at 5th epoch...
At time: 14.19488525390625 accuracy is 0.7890625 and loss is 0.5148014545440673
At time: 14.346977710723877 accuracy is 0.7953125 and loss is 0.47721176147460936
At time: 14.505305767059326 accuracy is 0.8296875 and loss is 0.41309442520141604
At time: 14.66875696182251 accuracy is 0.8265625 and loss is 0.4050175189971924
At time: 14.83753490447998 accuracy is 0.8421875 and loss is 0.36618020534515383
At time: 15.009661197662354 accuracy is 0.8203125 and loss is 0.3871952772140503
At time: 15.188093900680542 accuracy is 0.8 and loss is 0.413515567779541
At time: 15.370062828063965 accuracy is 0.7953125 and loss is 0.4248075485229492
At time: 15.555807113647461 accuracy is 0.809375 and loss is 0.40709261894226073
At time: 15.758459329605103 accuracy is 0.834375 and loss is 0.38146836757659913
At time: 15.954028367996216 accuracy is 0.878125 and loss is 0.2727175712585449
At time: 16.167305946350098 accuracy is 0.809375 and loss is 0.39497718811035154
Evaluating...
Done Evaluating: Achieved accuracy of 0.793968023255814
Achieved new best!
Completing Train Step at 6th epoch...
At time: 16.97593593597412 accuracy is 0.81875 and loss is 0.46276001930236815
At time: 17.1308856010437 accuracy is 0.8453125 and loss is 0.3991617441177368
At time: 17.291912078857422 accuracy is 0.81875 and loss is 0.4316233158111572
At time: 17.456401348114014 accuracy is 0.8328125 and loss is 0.40133185386657716
At time: 17.62554407119751 accuracy is 0.8359375 and loss is 0.37104270458221433
At time: 17.808197736740112 accuracy is 0.8046875 and loss is 0.44335312843322755
At time: 17.984800338745117 accuracy is 0.8140625 and loss is 0.4153012275695801
At time: 18.16467833518982 accuracy is 0.8078125 and loss is 0.3877693176269531
At time: 18.35094428062439 accuracy is 0.8265625 and loss is 0.38145105838775634
At time: 18.541668176651 accuracy is 0.8328125 and loss is 0.36163375377655027
At time: 18.739229202270508 accuracy is 0.896875 and loss is 0.24420664310455323
At time: 18.95382261276245 accuracy is 0.84375 and loss is 0.35044639110565184
Evaluating...
Done Evaluating: Achieved accuracy of 0.7957848837209303
Achieved new best!
Completing Train Step at 7th epoch...
At time: 19.739418506622314 accuracy is 0.7734375 and loss is 0.6103956222534179
At time: 19.891579627990723 accuracy is 0.825 and loss is 0.4011673927307129
At time: 20.04894208908081 accuracy is 0.85 and loss is 0.3570377349853516
At time: 20.211249351501465 accuracy is 0.8421875 and loss is 0.34050636291503905
At time: 20.379046201705933 accuracy is 0.8390625 and loss is 0.33624019622802737
At time: 20.550984144210815 accuracy is 0.846875 and loss is 0.34360427856445314
At time: 20.727749347686768 accuracy is 0.815625 and loss is 0.3783749580383301
At time: 20.908573389053345 accuracy is 0.8265625 and loss is 0.36202971935272216
At time: 21.09391975402832 accuracy is 0.8296875 and loss is 0.3909505844116211
At time: 21.285720348358154 accuracy is 0.8390625 and loss is 0.33617534637451174
At time: 21.483946323394775 accuracy is 0.8859375 and loss is 0.2444535732269287
At time: 21.693968296051025 accuracy is 0.865625 and loss is 0.3005157470703125
Evaluating...
Done Evaluating: Achieved accuracy of 0.7936046511627907
Not better for 1
Completing Train Step at 8th epoch...
At time: 22.508310794830322 accuracy is 0.8109375 and loss is 0.45861172676086426
At time: 22.662065029144287 accuracy is 0.846875 and loss is 0.32305312156677246
At time: 22.821280479431152 accuracy is 0.85625 and loss is 0.331769061088562
At time: 22.983110189437866 accuracy is 0.853125 and loss is 0.3128171443939209
At time: 23.147766590118408 accuracy is 0.85625 and loss is 0.299550461769104
At time: 23.32017207145691 accuracy is 0.859375 and loss is 0.31833705902099607
At time: 23.494015216827393 accuracy is 0.8484375 and loss is 0.31775095462799074
At time: 23.674103498458862 accuracy is 0.8390625 and loss is 0.3448181629180908
At time: 23.860277891159058 accuracy is 0.828125 and loss is 0.3781457424163818
At time: 24.05105996131897 accuracy is 0.8421875 and loss is 0.3749267578125
At time: 24.249524354934692 accuracy is 0.8625 and loss is 0.32558398246765136
At time: 24.461303234100342 accuracy is 0.8390625 and loss is 0.348446249961853
Evaluating...
Done Evaluating: Achieved accuracy of 0.7896075581395349
Not better for 2
Completing Train Step at 9th epoch...
At time: 25.260037183761597 accuracy is 0.8078125 and loss is 0.4922524929046631
At time: 25.413261890411377 accuracy is 0.878125 and loss is 0.30171542167663573
At time: 25.577637910842896 accuracy is 0.8609375 and loss is 0.34831359386444094
At time: 25.741098880767822 accuracy is 0.85 and loss is 0.31071608066558837
At time: 25.90801429748535 accuracy is 0.8734375 and loss is 0.28838653564453126
At time: 26.084606647491455 accuracy is 0.86875 and loss is 0.29927566051483157
At time: 26.25987458229065 accuracy is 0.875 and loss is 0.28974194526672364
At time: 26.439325094223022 accuracy is 0.853125 and loss is 0.31866087913513186
At time: 26.62543749809265 accuracy is 0.8796875 and loss is 0.2692564964294434
At time: 26.81624698638916 accuracy is 0.853125 and loss is 0.32995779514312745
At time: 27.015759229660034 accuracy is 0.890625 and loss is 0.2588345050811768
At time: 27.224486589431763 accuracy is 0.884375 and loss is 0.2260676145553589
Evaluating...
Done Evaluating: Achieved accuracy of 0.7667151162790697
Not better for 3
Completing Train Step at 10th epoch...
At time: 28.016278743743896 accuracy is 0.840625 and loss is 0.3728281736373901
At time: 28.16842746734619 accuracy is 0.896875 and loss is 0.24012839794158936
At time: 28.327398777008057 accuracy is 0.8953125 and loss is 0.2869411468505859
At time: 28.48980140686035 accuracy is 0.8796875 and loss is 0.2425377607345581
At time: 28.65446376800537 accuracy is 0.890625 and loss is 0.2470262050628662
At time: 28.825615167617798 accuracy is 0.8921875 and loss is 0.22622935771942138
At time: 29.005362510681152 accuracy is 0.8953125 and loss is 0.2265695333480835
At time: 29.189809560775757 accuracy is 0.86875 and loss is 0.2778498888015747
At time: 29.37572956085205 accuracy is 0.890625 and loss is 0.24614672660827636
At time: 29.56705093383789 accuracy is 0.8765625 and loss is 0.2775928258895874
At time: 29.767844200134277 accuracy is 0.9015625 and loss is 0.22124571800231935
At time: 29.978928327560425 accuracy is 0.896875 and loss is 0.20801899433135987
Evaluating...
Done Evaluating: Achieved accuracy of 0.7736191860465116
Not better for 4
Completing Train Step at 11th epoch...
At time: 30.754069566726685 accuracy is 0.865625 and loss is 0.32617864608764646
At time: 30.906875371932983 accuracy is 0.9078125 and loss is 0.22110800743103026
At time: 31.067014694213867 accuracy is 0.8859375 and loss is 0.2625016927719116
At time: 31.230645418167114 accuracy is 0.921875 and loss is 0.18945353031158446
At time: 31.396647691726685 accuracy is 0.9015625 and loss is 0.2358323812484741
At time: 31.570314645767212 accuracy is 0.903125 and loss is 0.2189779758453369
At time: 31.74604368209839 accuracy is 0.8953125 and loss is 0.24806606769561768
At time: 31.926974296569824 accuracy is 0.878125 and loss is 0.27840700149536135
At time: 32.11444401741028 accuracy is 0.903125 and loss is 0.22134757041931152
At time: 32.306331157684326 accuracy is 0.909375 and loss is 0.22718238830566406
At time: 32.510910987854004 accuracy is 0.93125 and loss is 0.16707571744918823
At time: 32.72312641143799 accuracy is 0.884375 and loss is 0.2357254981994629
Evaluating...
Done Evaluating: Achieved accuracy of 0.7503633720930233
Not better for 5
Completing Train Step at 12th epoch...
At time: 33.51682901382446 accuracy is 0.8828125 and loss is 0.36830935478210447
At time: 33.68070888519287 accuracy is 0.9390625 and loss is 0.20407285690307617
At time: 33.840681314468384 accuracy is 0.91875 and loss is 0.21699123382568358
At time: 34.00489044189453 accuracy is 0.94375 and loss is 0.14765896797180175
At time: 34.16959810256958 accuracy is 0.9359375 and loss is 0.1347231388092041
At time: 34.34573721885681 accuracy is 0.925 and loss is 0.15077906847000122
At time: 34.52190661430359 accuracy is 0.93125 and loss is 0.15093199014663697
At time: 34.70214223861694 accuracy is 0.8953125 and loss is 0.2168201446533203
At time: 34.8874728679657 accuracy is 0.9015625 and loss is 0.22813825607299804
At time: 35.08746910095215 accuracy is 0.8703125 and loss is 0.25924320220947267
At time: 35.284825563430786 accuracy is 0.9359375 and loss is 0.17905434370040893
At time: 35.49757695198059 accuracy is 0.9234375 and loss is 0.19283863306045532
Evaluating...
Done Evaluating: Achieved accuracy of 0.7710755813953488
Not better for 6
Completing Train Step at 13th epoch...
At time: 36.291344165802 accuracy is 0.8671875 and loss is 0.3105757236480713
At time: 36.44665288925171 accuracy is 0.903125 and loss is 0.2463275671005249
At time: 36.60687613487244 accuracy is 0.9015625 and loss is 0.2110599994659424
At time: 36.77020049095154 accuracy is 0.934375 and loss is 32.84774475097656
At time: 36.937066316604614 accuracy is 0.934375 and loss is 0.15859215259552
At time: 37.110321044921875 accuracy is 0.921875 and loss is 0.19302563667297362
At time: 37.28697872161865 accuracy is 0.9484375 and loss is 0.12868643999099733
At time: 37.473610639572144 accuracy is 0.91875 and loss is 0.1890422821044922
At time: 37.66057729721069 accuracy is 0.91875 and loss is 0.19511806964874268
At time: 37.85086750984192 accuracy is 0.915625 and loss is 0.17817249298095703
At time: 38.04834604263306 accuracy is 0.9484375 and loss is 0.12186440229415893
At time: 38.25515818595886 accuracy is 0.9359375 and loss is 0.13181182146072387
Evaluating...
Done Evaluating: Achieved accuracy of 0.7659883720930233
Not better for 7
Completing Train Step at 14th epoch...
At time: 39.04410719871521 accuracy is 0.925 and loss is 0.2193089485168457
At time: 39.19826793670654 accuracy is 0.9125 and loss is 0.2182030439376831
At time: 39.357577085494995 accuracy is 0.89375 and loss is 0.27414186000823976
At time: 39.519986152648926 accuracy is 0.934375 and loss is 0.15108211040496827
At time: 39.68739366531372 accuracy is 0.946875 and loss is 0.12135754823684693
At time: 39.85955595970154 accuracy is 0.959375 and loss is 0.08918001055717469
At time: 40.03559899330139 accuracy is 0.965625 and loss is 0.11364648342132569
At time: 40.21765208244324 accuracy is 0.93125 and loss is 0.1914876103401184
At time: 40.40600395202637 accuracy is 0.934375 and loss is 0.1528409957885742
At time: 40.59737491607666 accuracy is 0.9296875 and loss is 0.16832157373428344
At time: 40.79956841468811 accuracy is 0.9546875 and loss is 0.1319000244140625
At time: 41.00749373435974 accuracy is 0.95 and loss is 0.11155391931533813
Evaluating...
Done Evaluating: Achieved accuracy of 0.7667151162790697
Not better for 8
Completing Train Step at 15th epoch...
At time: 41.79974174499512 accuracy is 0.9578125 and loss is 0.1128881335258484
At time: 41.95392632484436 accuracy is 0.9625 and loss is 0.1088446021080017
At time: 42.1133873462677 accuracy is 0.940625 and loss is 0.17463128566741942
At time: 42.276901721954346 accuracy is 0.9578125 and loss is 0.0977060317993164
At time: 42.44485926628113 accuracy is 0.9671875 and loss is 0.1059530258178711
At time: 42.61665415763855 accuracy is 0.9578125 and loss is 0.1408706545829773
At time: 42.79266405105591 accuracy is 0.946875 and loss is 0.12889258861541747
At time: 42.96939730644226 accuracy is 0.9546875 and loss is 0.10716438293457031
At time: 43.16450762748718 accuracy is 0.9484375 and loss is 0.12810072898864747
At time: 43.3521728515625 accuracy is 0.9390625 and loss is 0.13090925216674804
At time: 43.551162004470825 accuracy is 0.959375 and loss is 0.10856348276138306
At time: 43.79301428794861 accuracy is 0.9328125 and loss is 0.16706041097640992
Evaluating...
Done Evaluating: Achieved accuracy of 0.7619912790697675
Not better for 9
Completing Train Step at 16th epoch...
At time: 44.621938705444336 accuracy is 0.96875 and loss is 0.12105929851531982
At time: 44.771610260009766 accuracy is 0.934375 and loss is 0.16190633773803711
At time: 44.92911648750305 accuracy is 0.946875 and loss is 0.13341884613037108
At time: 45.10931944847107 accuracy is 0.9546875 and loss is 0.11567919254302979
At time: 45.29590630531311 accuracy is 0.965625 and loss is 0.09682687520980834
At time: 45.46379208564758 accuracy is 0.9734375 and loss is 0.08063004612922668
At time: 45.632211208343506 accuracy is 0.9671875 and loss is 0.10005571842193603
At time: 45.80331492424011 accuracy is 0.965625 and loss is 0.10404260158538818
At time: 45.980095863342285 accuracy is 0.959375 and loss is 0.1360334873199463
At time: 46.16205716133118 accuracy is 0.9453125 and loss is 0.11942365169525146
At time: 46.35310983657837 accuracy is 0.975 and loss is 0.06648268103599549
At time: 46.568363428115845 accuracy is 0.95625 and loss is 0.10150678157806396
Evaluating...
Done Evaluating: Achieved accuracy of 0.7521802325581395
Not better for 10
Model not improving. Stopping earlyat 0.7957848837209303 epochs.
Done Training. Achieved Best Accuracy of 0.7957848837209303
Improved accuracyfrom 0.795421511627907 to 0.7957848837209303
keyvalattn



RESULTS:
[{'params': {'batch_size': 32, 'l2': 0.7168375387376845, 'num_layers': 2, 'rnn_dropout': 0.7897176151017316, 'attn_type': 'similarity', 'tune_attn': False, 'wordvec_source': 'google', 'dropout': 0.6649860455244659, 'wordvec_dim': 300, 'lr': 0.0022747657509640186, 'tune_wordvecs': False, 'data': 'MPQA'}, 'best_accuracy': 0.793968023255814}, {'params': {'batch_size': 32, 'l2': 0.2734683000051821, 'num_layers': 2, 'rnn_dropout': 0.6218949217635849, 'attn_type': 'similarity', 'tune_attn': False, 'wordvec_source': 'google', 'dropout': 0.8680756258788258, 'wordvec_dim': 300, 'lr': 0.00016823934853739498, 'tune_wordvecs': False, 'data': 'MPQA'}, 'best_accuracy': 0.7921511627906976}, {'params': {'batch_size': 32, 'l2': 0.8417877688503025, 'num_layers': 2, 'rnn_dropout': 0.15280873148045493, 'attn_type': 'similarity', 'tune_attn': False, 'wordvec_source': 'google', 'dropout': 0.44100624780129927, 'wordvec_dim': 300, 'lr': 0.0015498016852504206, 'tune_wordvecs': False, 'data': 'MPQA'}, 'best_accuracy': 0.795421511627907}, {'params': {'batch_size': 32, 'l2': 6.0742471518993035e-05, 'num_layers': 2, 'rnn_dropout': 0.38757084262161845, 'attn_type': 'similarity', 'tune_attn': False, 'wordvec_source': 'google', 'dropout': 0.8454311420764258, 'wordvec_dim': 300, 'lr': 0.0032194810299651685, 'tune_wordvecs': False, 'data': 'MPQA'}, 'best_accuracy': 0.793968023255814}, {'params': {'batch_size': 32, 'l2': 0.09601091339112988, 'num_layers': 2, 'rnn_dropout': 0.05723259365642752, 'attn_type': 'similarity', 'tune_attn': False, 'wordvec_source': 'google', 'dropout': 0.9644998434630124, 'wordvec_dim': 300, 'lr': 0.001330589285936281, 'tune_wordvecs': False, 'data': 'MPQA'}, 'best_accuracy': 0.7957848837209303}]
