ROOT_PATH: /home-nfs/siddsach/ml/Interpreting-Attention/interpreting_language
Building Bayesian Optimizer for 
 data:MPQA 
 choices:[{'type': 'continuous', 'name': 'lr', 'domain': [5e-05, 0.005]}, {'type': 'continuous', 'name': 'rnn_dropout', 'domain': [0, 1]}, {'type': 'continuous', 'name': 'dropout', 'domain': [0, 1]}, {'type': 'continuous', 'name': 'l2', 'domain': [0, 1]}]
SETTINGS FOR THIS RUN
{'dropout': 0.07996309919780997, 'tune_attn': True, 'batch_size': 32, 'num_layers': 2, 'rnn_dropout': 0.2724342986421767, 'attn_type': 'similarity', 'lr': 0.0037867061815683154, 'tune_wordvecs': False, 'l2': 0.2433345178656009, 'wordvec_source': 'glove', 'data': 'MPQA', 'wordvec_dim': 300}
Using CUDA!
here
similarity
Building RNN Classifier...

[93m    Warning: no model found for 'en'[0m

    Only loading the 'en' tokenizer.

Retrieving Data from file: /home-nfs/siddsach/ml/Interpreting-Attention/interpreting_language/data/mpqa/mpqa_subj_labels.pickle...
Loading Vectors From Memory...
Using these vectors: ['GloVe']
Getting GloVe Vectors with 300 dims
Building Vocab...
[<torchtext.vocab.Vectors object at 0x7f4bab07bbe0>]
Getting Batches...
Created Iterator with 261 batches
Getting Batches...
Created Iterator with 87 batches
Building model...
similarity
Using Attention model with following args:
{'num_layers': 2, 'vectors': 
 0.0000  0.0000  0.0000  ...   0.0000  0.0000  0.0000
 0.0000  0.0000  0.0000  ...   0.0000  0.0000  0.0000
 0.0000  0.0000  0.0000  ...   0.0000  0.0000  0.0000
          ...             ⋱             ...          
-0.4786 -0.1089 -0.0076  ...   0.7458  0.7174  0.6185
 0.0000  0.0000  0.0000  ...   0.0000  0.0000  0.0000
-0.0479  0.9828  0.9182  ...   0.0424  0.4554 -0.3210
[torch.FloatTensor of size 15284x300]
, 'input_size': 300, 'train_word_vecs': False, 'vocab_size': 15284, 'rnn_dropout': 0.2724342986421767, 'cuda': True, 'attention_dim': 350, 'attn_type': 'similarity', 'hidden_size': 300, 'dropout': 0.07996309919780997, 'num_classes': 2, 'tune_attn': True, 'batch_size': 32}
Not Tuning Word Vectors!
Begin Training...
Completing Train Step at 0th epoch...
At time: 0.3927640914916992 accuracy is 0.5265625 and loss is 2.0397464752197267
At time: 0.5671675205230713 accuracy is 0.5421875 and loss is 0.8511741638183594
At time: 0.7606914043426514 accuracy is 0.61875 and loss is 0.6863773822784424
At time: 0.9616036415100098 accuracy is 0.5890625 and loss is 0.7374673366546631
At time: 1.1714377403259277 accuracy is 0.7125 and loss is 0.6491754055023193
At time: 1.3889575004577637 accuracy is 0.6859375 and loss is 0.5970197200775147
At time: 1.6260108947753906 accuracy is 0.69375 and loss is 0.64546217918396
At time: 1.8942866325378418 accuracy is 0.6421875 and loss is 0.6646849632263183
At time: 2.171799898147583 accuracy is 0.6140625 and loss is 0.7558497428894043
At time: 2.5109941959381104 accuracy is 0.71875 and loss is 0.724735164642334
At time: 2.827620029449463 accuracy is 0.73125 and loss is 0.5544919967651367
At time: 3.1728742122650146 accuracy is 0.7078125 and loss is 0.5775681495666504
Evaluating...
Done Evaluating: Achieved accuracy of 0.5759447674418605
Achieved new best!
Completing Train Step at 1th epoch...
At time: 4.132514238357544 accuracy is 0.6265625 and loss is 0.7585785865783692
At time: 4.281910419464111 accuracy is 0.6625 and loss is 0.6243925571441651
At time: 4.440515518188477 accuracy is 0.7578125 and loss is 0.5773803234100342
At time: 4.607907295227051 accuracy is 0.7328125 and loss is 0.588787317276001
At time: 4.7831339836120605 accuracy is 0.7703125 and loss is 0.4723155975341797
At time: 4.969524383544922 accuracy is 0.778125 and loss is 0.48175921440124514
At time: 5.166496753692627 accuracy is 0.775 and loss is 0.5308539867401123
At time: 5.372906923294067 accuracy is 0.8078125 and loss is 0.43984036445617675
At time: 5.589258193969727 accuracy is 0.76875 and loss is 0.5069080829620362
At time: 5.814193248748779 accuracy is 0.7625 and loss is 0.5150771141052246
At time: 6.053282260894775 accuracy is 0.8046875 and loss is 0.4261327266693115
At time: 6.31369948387146 accuracy is 0.7703125 and loss is 0.5026755332946777
Evaluating...
Done Evaluating: Achieved accuracy of 0.7892441860465116
Achieved new best!
Completing Train Step at 2th epoch...
At time: 7.159630060195923 accuracy is 0.7390625 and loss is 0.5822460651397705
At time: 7.310915470123291 accuracy is 0.7609375 and loss is 0.5051780223846436
At time: 7.468955039978027 accuracy is 0.8 and loss is 0.4610883712768555
At time: 7.636096715927124 accuracy is 0.7546875 and loss is 0.49924426078796386
At time: 7.815958023071289 accuracy is 0.7640625 and loss is 0.5305236339569092
At time: 8.001849889755249 accuracy is 0.7328125 and loss is 0.5596432685852051
At time: 8.195317268371582 accuracy is 0.753125 and loss is 0.6377867221832275
At time: 8.39786982536316 accuracy is 0.7890625 and loss is 0.5053319931030273
At time: 8.611479997634888 accuracy is 0.7671875 and loss is 0.5107189178466797
At time: 8.836440324783325 accuracy is 0.8140625 and loss is 0.4525128364562988
At time: 9.077990531921387 accuracy is 0.8015625 and loss is 0.4761052131652832
At time: 9.336700916290283 accuracy is 0.796875 and loss is 0.4270060062408447
Evaluating...
Done Evaluating: Achieved accuracy of 0.7285610465116279
Not better for 1
Completing Train Step at 3th epoch...
At time: 10.182085752487183 accuracy is 0.7421875 and loss is 0.623506498336792
At time: 10.329601287841797 accuracy is 0.7953125 and loss is 0.44114413261413576
At time: 10.48848557472229 accuracy is 0.8078125 and loss is 0.4383537292480469
At time: 10.669890642166138 accuracy is 0.7859375 and loss is 0.46382956504821776
At time: 10.872620820999146 accuracy is 0.78125 and loss is 0.45106983184814453
At time: 11.081994533538818 accuracy is 0.8 and loss is 0.48378381729125974
At time: 11.296061038970947 accuracy is 0.7671875 and loss is 0.4670907497406006
At time: 11.506435632705688 accuracy is 0.8390625 and loss is 0.3778341293334961
At time: 11.728553056716919 accuracy is 0.8140625 and loss is 0.4112405776977539
At time: 11.9627525806427 accuracy is 0.8078125 and loss is 0.42171649932861327
At time: 12.209906339645386 accuracy is 0.75625 and loss is 0.48565192222595216
At time: 12.486111640930176 accuracy is 0.83125 and loss is 0.36956300735473635
Evaluating...
Done Evaluating: Achieved accuracy of 0.7892441860465116
Achieved new best!
Completing Train Step at 4th epoch...
At time: 13.377643585205078 accuracy is 0.759375 and loss is 0.5263330936431885
At time: 13.526296377182007 accuracy is 0.8359375 and loss is 0.396429705619812
At time: 13.68250823020935 accuracy is 0.834375 and loss is 0.39628474712371825
At time: 13.84696340560913 accuracy is 0.825 and loss is 0.4083392143249512
At time: 14.020961284637451 accuracy is 0.8234375 and loss is 0.4180469036102295
At time: 14.204700946807861 accuracy is 0.8 and loss is 0.44042057991027833
At time: 14.398406028747559 accuracy is 0.8203125 and loss is 0.41985883712768557
At time: 14.602070331573486 accuracy is 0.8203125 and loss is 0.38991670608520507
At time: 14.81688117980957 accuracy is 0.7921875 and loss is 0.4110929012298584
At time: 15.042286157608032 accuracy is 0.859375 and loss is 0.38998115062713623
At time: 15.282293796539307 accuracy is 0.8265625 and loss is 0.37053837776184084
At time: 15.540109395980835 accuracy is 0.8453125 and loss is 0.4073056221008301
Evaluating...
Done Evaluating: Achieved accuracy of 0.7794331395348837
Not better for 1
Completing Train Step at 5th epoch...
At time: 16.385417222976685 accuracy is 0.803125 and loss is 0.48528103828430175
At time: 16.534395933151245 accuracy is 0.85625 and loss is 0.34140150547027587
At time: 16.692533493041992 accuracy is 0.859375 and loss is 0.3258936643600464
At time: 16.858046770095825 accuracy is 0.8625 and loss is 0.3442230224609375
At time: 17.031444549560547 accuracy is 0.775 and loss is 0.4572413921356201
At time: 17.215697765350342 accuracy is 0.8390625 and loss is 0.4071062088012695
At time: 17.408323764801025 accuracy is 0.8515625 and loss is 0.3407272815704346
At time: 17.6124267578125 accuracy is 0.8890625 and loss is 0.295095157623291
At time: 17.827561378479004 accuracy is 0.8296875 and loss is 0.424121618270874
At time: 18.053820848464966 accuracy is 0.8046875 and loss is 0.4197336196899414
At time: 18.29352617263794 accuracy is 0.8453125 and loss is 0.3586540460586548
At time: 18.55248761177063 accuracy is 0.8359375 and loss is 0.4127871036529541
Evaluating...
Done Evaluating: Achieved accuracy of 0.6802325581395349
Not better for 2
Completing Train Step at 6th epoch...
At time: 19.396830797195435 accuracy is 0.7984375 and loss is 0.4651013374328613
At time: 19.545926094055176 accuracy is 0.8609375 and loss is 0.40107026100158694
At time: 19.701533794403076 accuracy is 0.8828125 and loss is 0.30130419731140134
At time: 19.86614227294922 accuracy is 0.8515625 and loss is 0.3825783967971802
At time: 20.041481733322144 accuracy is 0.834375 and loss is 0.3606781244277954
At time: 20.22532033920288 accuracy is 0.8640625 and loss is 0.33119146823883056
At time: 20.439019680023193 accuracy is 0.859375 and loss is 0.2932881832122803
At time: 20.65702199935913 accuracy is 0.8703125 and loss is 0.2750405788421631
At time: 20.886234045028687 accuracy is 0.85625 and loss is 0.3090829372406006
At time: 21.118977785110474 accuracy is 0.83125 and loss is 0.37417337894439695
At time: 21.359320640563965 accuracy is 0.8421875 and loss is 0.3535746097564697
At time: 21.61857295036316 accuracy is 0.8515625 and loss is 0.38357679843902587
Evaluating...
Done Evaluating: Achieved accuracy of 0.7053052325581395
Not better for 3
Completing Train Step at 7th epoch...
At time: 22.465610027313232 accuracy is 0.8171875 and loss is 0.4296852111816406
At time: 22.615206718444824 accuracy is 0.853125 and loss is 1.1212309837341308
At time: 22.772860765457153 accuracy is 0.8859375 and loss is 0.30467607975006106
At time: 22.93825340270996 accuracy is 0.8703125 and loss is 0.34303884506225585
At time: 23.111915349960327 accuracy is 0.8734375 and loss is 0.284376335144043
At time: 23.29563617706299 accuracy is 0.8828125 and loss is 0.3050594091415405
At time: 23.490015745162964 accuracy is 0.9046875 and loss is 0.2699146270751953
At time: 23.69435405731201 accuracy is 0.9140625 and loss is 0.24381892681121825
At time: 23.911009311676025 accuracy is 0.8875 and loss is 0.28629403114318847
At time: 24.142419815063477 accuracy is 0.8765625 and loss is 0.35309815406799316
At time: 24.38038182258606 accuracy is 0.865625 and loss is 0.3034637689590454
At time: 24.638616800308228 accuracy is 0.875 and loss is 0.29286890029907225
Evaluating...
Done Evaluating: Achieved accuracy of 0.784156976744186
Not better for 4
Completing Train Step at 8th epoch...
At time: 25.487218618392944 accuracy is 0.8484375 and loss is 0.5541033267974853
At time: 25.63777232170105 accuracy is 0.859375 and loss is 0.3348514556884766
At time: 25.794370651245117 accuracy is 0.8875 and loss is 0.27942233085632323
At time: 25.958850622177124 accuracy is 0.8671875 and loss is 0.3232827425003052
At time: 26.131920099258423 accuracy is 0.8640625 and loss is 0.3373712539672852
At time: 26.31528067588806 accuracy is 0.8765625 and loss is 0.277203631401062
At time: 26.50854182243347 accuracy is 0.9078125 and loss is 0.2351168155670166
At time: 26.71114206314087 accuracy is 0.896875 and loss is 0.237015700340271
At time: 26.924585342407227 accuracy is 0.86875 and loss is 0.284209156036377
At time: 27.149589776992798 accuracy is 0.8640625 and loss is 0.3700419902801514
At time: 27.38842272758484 accuracy is 0.8828125 and loss is 0.3112140655517578
At time: 27.647346258163452 accuracy is 0.865625 and loss is 0.28672716617584226
Evaluating...
Done Evaluating: Achieved accuracy of 0.7703488372093024
Not better for 5
Completing Train Step at 9th epoch...
At time: 28.487761735916138 accuracy is 0.859375 and loss is 0.40309805870056153
At time: 28.636865615844727 accuracy is 0.884375 and loss is 0.27826652526855467
At time: 28.79353404045105 accuracy is 0.9109375 and loss is 0.23830301761627198
At time: 28.95868420600891 accuracy is 0.8890625 and loss is 0.2539165735244751
At time: 29.132030248641968 accuracy is 0.9015625 and loss is 0.2685315370559692
At time: 29.315390586853027 accuracy is 0.9203125 and loss is 0.21423211097717285
At time: 29.510717391967773 accuracy is 0.9125 and loss is 0.2400035858154297
At time: 29.71388554573059 accuracy is 0.9171875 and loss is 0.2163926601409912
At time: 29.928276538848877 accuracy is 0.8859375 and loss is 0.28386878967285156
At time: 30.153526067733765 accuracy is 0.8796875 and loss is 0.3510195970535278
At time: 30.39296245574951 accuracy is 0.8859375 and loss is 0.2716005802154541
At time: 30.651732921600342 accuracy is 0.875 and loss is 0.2897001028060913
Evaluating...
Done Evaluating: Achieved accuracy of 0.7423691860465116
Not better for 6
Completing Train Step at 10th epoch...
At time: 31.55753254890442 accuracy is 0.846875 and loss is 0.40324959754943845
At time: 31.706616401672363 accuracy is 0.8921875 and loss is 0.29092068672180177
At time: 31.86361837387085 accuracy is 0.8875 and loss is 0.25890536308288575
At time: 32.02801728248596 accuracy is 0.8953125 and loss is 0.24373958110809327
At time: 32.20156121253967 accuracy is 0.9078125 and loss is 0.2450162410736084
At time: 32.38614821434021 accuracy is 0.8875 and loss is 0.2561148405075073
At time: 32.58001089096069 accuracy is 0.9046875 and loss is 0.24394335746765136
At time: 32.783114433288574 accuracy is 0.9234375 and loss is 0.1695598006248474
At time: 32.997355461120605 accuracy is 0.915625 and loss is 0.23925256729125977
At time: 33.230210304260254 accuracy is 0.88125 and loss is 0.32281367778778075
At time: 33.47060227394104 accuracy is 0.8984375 and loss is 0.2177248477935791
At time: 33.72809338569641 accuracy is 0.9078125 and loss is 0.22690939903259277
Evaluating...
Done Evaluating: Achieved accuracy of 0.8005087209302325
Achieved new best!
Completing Train Step at 11th epoch...
At time: 34.57119083404541 accuracy is 0.865625 and loss is 0.43970746994018556
At time: 34.72008657455444 accuracy is 0.903125 and loss is 0.2656470537185669
At time: 34.90060353279114 accuracy is 0.9171875 and loss is 0.22774937152862548
At time: 35.082122802734375 accuracy is 0.9046875 and loss is 0.21887476444244386
At time: 35.26447892189026 accuracy is 0.9265625 and loss is 0.23177330493927
At time: 35.44884419441223 accuracy is 0.90625 and loss is 0.2290883779525757
At time: 35.64239478111267 accuracy is 0.9203125 and loss is 0.20088911056518555
At time: 35.84584093093872 accuracy is 0.93125 and loss is 0.17693767547607422
At time: 36.06073069572449 accuracy is 0.8984375 and loss is 0.23192884922027587
At time: 36.28619575500488 accuracy is 0.9171875 and loss is 0.23694047927856446
At time: 36.52610731124878 accuracy is 0.89375 and loss is 0.26698167324066163
At time: 36.785274028778076 accuracy is 0.9046875 and loss is 0.2977195501327515
Evaluating...
Done Evaluating: Achieved accuracy of 0.7347383720930233
Not better for 1
Completing Train Step at 12th epoch...
At time: 37.629974365234375 accuracy is 0.81875 and loss is 0.6345805168151856
At time: 37.77919626235962 accuracy is 0.9109375 and loss is 0.29008233547210693
At time: 37.936248779296875 accuracy is 0.925 and loss is 0.20078306198120116
At time: 38.10245656967163 accuracy is 0.9171875 and loss is 0.20136895179748535
At time: 38.27719283103943 accuracy is 0.9359375 and loss is 0.17153798341751098
At time: 38.46159839630127 accuracy is 0.915625 and loss is 0.21147747039794923
At time: 38.65603232383728 accuracy is 0.9484375 and loss is 0.18232896327972412
At time: 38.859705448150635 accuracy is 0.9625 and loss is 0.10733158588409424
At time: 39.0750515460968 accuracy is 0.896875 and loss is 0.2421642065048218
At time: 39.30100893974304 accuracy is 0.9265625 and loss is 0.23884925842285157
At time: 39.540234088897705 accuracy is 0.91875 and loss is 0.2005998373031616
At time: 39.80030608177185 accuracy is 0.8953125 and loss is 0.2195427417755127
Evaluating...
Done Evaluating: Achieved accuracy of 0.7881540697674418
Not better for 2
Completing Train Step at 13th epoch...
At time: 40.6442985534668 accuracy is 0.878125 and loss is 0.4001330375671387
At time: 40.794201612472534 accuracy is 0.934375 and loss is 0.19436075687408447
At time: 40.95237183570862 accuracy is 0.95 and loss is 0.14479271173477173
At time: 41.11722207069397 accuracy is 0.903125 and loss is 0.23013453483581542
At time: 41.29153752326965 accuracy is 0.9375 and loss is 0.1472675085067749
At time: 41.47542476654053 accuracy is 0.928125 and loss is 0.18826556205749512
At time: 41.68459391593933 accuracy is 0.9015625 and loss is 0.21444985866546631
At time: 41.92014145851135 accuracy is 0.9421875 and loss is 0.2251739501953125
At time: 42.15943956375122 accuracy is 0.9046875 and loss is 0.21307587623596191
At time: 42.40484404563904 accuracy is 0.9109375 and loss is 0.19724851846694946
At time: 42.67056632041931 accuracy is 0.9296875 and loss is 0.18934937715530395
At time: 42.94544243812561 accuracy is 0.9265625 and loss is 0.5347428321838379
Evaluating...
Done Evaluating: Achieved accuracy of 0.7750726744186046
Not better for 3
Completing Train Step at 14th epoch...
At time: 43.79961276054382 accuracy is 0.884375 and loss is 1.7547170639038085
At time: 43.94867944717407 accuracy is 0.94375 and loss is 0.188338303565979
At time: 44.105340003967285 accuracy is 0.9390625 and loss is 0.17572007179260254
At time: 44.270177125930786 accuracy is 0.9359375 and loss is 0.17163589000701904
At time: 44.444326639175415 accuracy is 0.9484375 and loss is 0.12558058500289918
At time: 44.62869691848755 accuracy is 0.953125 and loss is 0.10787591934204102
At time: 44.829922676086426 accuracy is 0.9578125 and loss is 0.11809180974960327
At time: 45.033610582351685 accuracy is 0.946875 and loss is 0.1876181960105896
At time: 45.247305393218994 accuracy is 0.9328125 and loss is 0.15492759943008422
At time: 45.47236347198486 accuracy is 0.9125 and loss is 0.19608285427093505
At time: 45.71023392677307 accuracy is 0.921875 and loss is 0.2235658884048462
At time: 45.96873641014099 accuracy is 0.921875 and loss is 0.19750144481658935
Evaluating...
Done Evaluating: Achieved accuracy of 0.782703488372093
Not better for 4
Completing Train Step at 15th epoch...
At time: 46.81877303123474 accuracy is 0.878125 and loss is 0.9819663047790528
At time: 46.977397203445435 accuracy is 0.9328125 and loss is 0.19479390382766723
At time: 47.14198708534241 accuracy is 0.9421875 and loss is 0.16032623052597045
At time: 47.31287336349487 accuracy is 0.940625 and loss is 0.199048912525177
At time: 47.487542390823364 accuracy is 0.940625 and loss is 0.20852303504943848
At time: 47.672181367874146 accuracy is 0.9421875 and loss is 0.18252164125442505
At time: 47.86545443534851 accuracy is 0.93125 and loss is 0.15825494527816772
At time: 48.068901777267456 accuracy is 0.9609375 and loss is 0.11401143074035644
At time: 48.28305244445801 accuracy is 0.9578125 and loss is 0.11730601787567138
At time: 48.50816631317139 accuracy is 0.925 and loss is 0.29658660888671873
At time: 48.74710822105408 accuracy is 0.928125 and loss is 0.18274933099746704
At time: 49.008402585983276 accuracy is 0.9484375 and loss is 0.14502952098846436
Evaluating...
Done Evaluating: Achieved accuracy of 0.7728924418604651
Not better for 5
Completing Train Step at 16th epoch...
At time: 49.86376905441284 accuracy is 0.8515625 and loss is 1.5068018913269043
At time: 50.02050495147705 accuracy is 0.928125 and loss is 0.20083239078521728
At time: 50.185229539871216 accuracy is 0.95625 and loss is 0.14890967607498168
At time: 50.35559439659119 accuracy is 0.93125 and loss is 0.17912981510162354
At time: 50.530431032180786 accuracy is 0.946875 and loss is 0.13879603147506714
At time: 50.7151415348053 accuracy is 0.940625 and loss is 0.15345494747161864
At time: 50.90907669067383 accuracy is 0.934375 and loss is 0.20271427631378175
At time: 51.11291813850403 accuracy is 0.9671875 and loss is 0.09275106191635132
At time: 51.32724666595459 accuracy is 0.9265625 and loss is 0.17340675592422486
At time: 51.55281162261963 accuracy is 0.909375 and loss is 0.27509384155273436
At time: 51.792489528656006 accuracy is 0.9515625 and loss is 0.15052820444107057
At time: 52.05175518989563 accuracy is 0.959375 and loss is 0.11411395072937011
Evaluating...
Done Evaluating: Achieved accuracy of 0.7518168604651163
Not better for 6
Completing Train Step at 17th epoch...
At time: 52.90882968902588 accuracy is 0.88125 and loss is 0.5570127964019775
At time: 53.06726598739624 accuracy is 0.9265625 and loss is 0.21710870265960694
At time: 53.23057246208191 accuracy is 0.9625 and loss is 0.11190968751907349
At time: 53.40126156806946 accuracy is 0.925 and loss is 0.2678849458694458
At time: 53.575886249542236 accuracy is 0.965625 and loss is 0.1572476625442505
At time: 53.76077222824097 accuracy is 0.953125 and loss is 0.1336071729660034
At time: 53.95519948005676 accuracy is 0.9421875 and loss is 0.14494359493255615
At time: 54.15813684463501 accuracy is 0.9578125 and loss is 0.15555112361907958
At time: 54.37218976020813 accuracy is 0.9234375 and loss is 0.17966612577438354
At time: 54.59729290008545 accuracy is 0.9109375 and loss is 0.21632156372070313
At time: 54.836421728134155 accuracy is 0.95625 and loss is 0.11781752109527588
At time: 55.09538292884827 accuracy is 0.9453125 and loss is 0.14734143018722534
Evaluating...
Done Evaluating: Achieved accuracy of 0.7757994186046512
Not better for 7
Completing Train Step at 18th epoch...
At time: 55.943793058395386 accuracy is 0.8921875 and loss is 0.9113739013671875
At time: 56.11041212081909 accuracy is 0.91875 and loss is 0.6640444755554199
At time: 56.271607637405396 accuracy is 0.959375 and loss is 0.1322257399559021
At time: 56.43985199928284 accuracy is 0.946875 and loss is 0.1810815453529358
At time: 56.61616802215576 accuracy is 0.95625 and loss is 0.11748472452163697
At time: 56.80308389663696 accuracy is 0.940625 and loss is 0.15738627910614014
At time: 56.99953532218933 accuracy is 0.934375 and loss is 0.1550854206085205
At time: 57.20624232292175 accuracy is 0.946875 and loss is 0.13305251598358153
At time: 57.42440891265869 accuracy is 0.9171875 and loss is 0.24361231327056884
At time: 57.65296483039856 accuracy is 0.9359375 and loss is 0.17429012060165405
At time: 57.906726360321045 accuracy is 0.94375 and loss is 0.1329495906829834
At time: 58.185391664505005 accuracy is 0.9203125 and loss is 0.2363497495651245
Evaluating...
Done Evaluating: Achieved accuracy of 0.7539970930232558
Not better for 8
Completing Train Step at 19th epoch...
At time: 59.03919315338135 accuracy is 0.890625 and loss is 0.43070344924926757
At time: 59.18549394607544 accuracy is 0.9484375 and loss is 0.15402356386184693
At time: 59.343793869018555 accuracy is 0.9625 and loss is 0.11720088720321656
At time: 59.510913372039795 accuracy is 0.9578125 and loss is 0.10984599590301514
At time: 59.687500953674316 accuracy is 0.9671875 and loss is 0.17678865194320678
At time: 59.873714208602905 accuracy is 0.9640625 and loss is 0.10230998992919922
At time: 60.069422245025635 accuracy is 0.965625 and loss is 0.1286992311477661
At time: 60.274431467056274 accuracy is 0.965625 and loss is 0.07820397019386291
At time: 60.49115228652954 accuracy is 0.9359375 and loss is 0.16627578735351561
At time: 60.718146324157715 accuracy is 0.95 and loss is 0.14176840782165528
At time: 60.96087336540222 accuracy is 0.9140625 and loss is 0.19543440341949464
At time: 61.22053527832031 accuracy is 0.934375 and loss is 0.16936879158020018
Evaluating...
Done Evaluating: Achieved accuracy of 0.7634447674418605
Not better for 9
Completing Train Step at 20th epoch...
At time: 62.05852246284485 accuracy is 0.8765625 and loss is 0.8313356399536133
At time: 62.20527529716492 accuracy is 0.94375 and loss is 0.23872430324554444
At time: 62.3636314868927 accuracy is 0.9640625 and loss is 0.11087297201156616
At time: 62.53127837181091 accuracy is 0.946875 and loss is 0.14157897233963013
At time: 62.707738399505615 accuracy is 0.9640625 and loss is 0.10646365880966187
At time: 62.89434242248535 accuracy is 0.9671875 and loss is 0.08298525214195251
At time: 63.08949375152588 accuracy is 0.9625 and loss is 0.09134191274642944
At time: 63.29561257362366 accuracy is 0.9640625 and loss is 0.11300523281097412
At time: 63.512704610824585 accuracy is 0.940625 and loss is 0.15485043525695802
At time: 63.74026322364807 accuracy is 0.934375 and loss is 0.22709081172943116
At time: 63.98274374008179 accuracy is 0.94375 and loss is 0.17733170986175537
At time: 64.24468874931335 accuracy is 0.903125 and loss is 0.2151259183883667
Evaluating...
Done Evaluating: Achieved accuracy of 0.7837936046511628
Not better for 10
Model not improving. Stopping earlyat 0.8005087209302325 epochs.
Done Training. Achieved Best Accuracy of 0.8005087209302325
Improved accuracyfrom -10000000 to 0.8005087209302325
keyvalattn
SETTINGS FOR THIS RUN
{'dropout': 0.38836082356725354, 'tune_attn': True, 'batch_size': 32, 'num_layers': 2, 'rnn_dropout': 0.6354097178002329, 'attn_type': 'similarity', 'lr': 0.0037693937014207394, 'tune_wordvecs': False, 'l2': 0.8703901152690969, 'wordvec_source': 'glove', 'data': 'MPQA', 'wordvec_dim': 300}
Using CUDA!
here
similarity
Building RNN Classifier...

[93m    Warning: no model found for 'en'[0m

    Only loading the 'en' tokenizer.

Retrieving Data from file: /home-nfs/siddsach/ml/Interpreting-Attention/interpreting_language/data/mpqa/mpqa_subj_labels.pickle...
Loading Vectors From Memory...
Using these vectors: ['GloVe']
Getting GloVe Vectors with 300 dims
Building Vocab...
[<torchtext.vocab.Vectors object at 0x7f4ba3746c50>]
Getting Batches...
Created Iterator with 261 batches
Getting Batches...
Created Iterator with 87 batches
Building model...
similarity
Using Attention model with following args:
{'num_layers': 2, 'vectors': 
 0.0000  0.0000  0.0000  ...   0.0000  0.0000  0.0000
 0.0000  0.0000  0.0000  ...   0.0000  0.0000  0.0000
 0.0000  0.0000  0.0000  ...   0.0000  0.0000  0.0000
          ...             ⋱             ...          
-0.4786 -0.1089 -0.0076  ...   0.7458  0.7174  0.6185
 0.0000  0.0000  0.0000  ...   0.0000  0.0000  0.0000
-0.0479  0.9828  0.9182  ...   0.0424  0.4554 -0.3210
[torch.FloatTensor of size 15284x300]
, 'input_size': 300, 'train_word_vecs': False, 'vocab_size': 15284, 'rnn_dropout': 0.6354097178002329, 'cuda': True, 'attention_dim': 350, 'attn_type': 'similarity', 'hidden_size': 300, 'dropout': 0.38836082356725354, 'num_classes': 2, 'tune_attn': True, 'batch_size': 32}
Not Tuning Word Vectors!
Begin Training...
Completing Train Step at 0th epoch...
At time: 0.18602943420410156 accuracy is 0.55 and loss is 2.147572326660156
At time: 0.36475467681884766 accuracy is 0.5578125 and loss is 0.8576964378356934
At time: 0.5488371849060059 accuracy is 0.58125 and loss is 0.7538485050201416
At time: 0.745598316192627 accuracy is 0.6203125 and loss is 0.7384758472442627
At time: 0.9548301696777344 accuracy is 0.61875 and loss is 0.7602744579315186
At time: 1.1796293258666992 accuracy is 0.6734375 and loss is 0.6527152061462402
At time: 1.4187641143798828 accuracy is 0.68125 and loss is 0.642417049407959
At time: 1.670586347579956 accuracy is 0.6296875 and loss is 0.6138204574584961
At time: 1.9378139972686768 accuracy is 0.71875 and loss is 0.6687173843383789
At time: 2.2203524112701416 accuracy is 0.6578125 and loss is 0.6104602336883544
At time: 2.523529052734375 accuracy is 0.7390625 and loss is 0.5717738628387451
At time: 2.855557441711426 accuracy is 0.721875 and loss is 0.7641544342041016
Evaluating...
Done Evaluating: Achieved accuracy of 0.7220203488372093
Achieved new best!
Completing Train Step at 1th epoch...
At time: 3.7882206439971924 accuracy is 0.675 and loss is 0.6572481632232666
At time: 3.932839870452881 accuracy is 0.7296875 and loss is 0.5393403530120849
At time: 4.092264413833618 accuracy is 0.71875 and loss is 0.5272849082946778
At time: 4.260284423828125 accuracy is 0.7609375 and loss is 0.4872416019439697
At time: 4.437217950820923 accuracy is 0.7875 and loss is 0.5065586566925049
At time: 4.631642580032349 accuracy is 0.7578125 and loss is 0.5272419452667236
At time: 4.8290627002716064 accuracy is 0.778125 and loss is 0.4965355396270752
At time: 5.034319162368774 accuracy is 0.7734375 and loss is 0.48970375061035154
At time: 5.249906063079834 accuracy is 0.7375 and loss is 0.5077375411987305
At time: 5.477614402770996 accuracy is 0.7921875 and loss is 0.5823159217834473
At time: 5.71989107131958 accuracy is 0.8125 and loss is 0.45217385292053225
At time: 5.981112718582153 accuracy is 0.784375 and loss is 0.4602943420410156
Evaluating...
Done Evaluating: Achieved accuracy of 0.7946947674418605
Achieved new best!
Completing Train Step at 2th epoch...
At time: 6.833918809890747 accuracy is 0.7484375 and loss is 0.5494498252868653
At time: 6.9851672649383545 accuracy is 0.7796875 and loss is 0.5020222187042236
At time: 7.144094705581665 accuracy is 0.8 and loss is 0.4533540725708008
At time: 7.310103416442871 accuracy is 0.790625 and loss is 0.4989295482635498
At time: 7.48539137840271 accuracy is 0.7984375 and loss is 0.44649901390075686
At time: 7.669521331787109 accuracy is 0.765625 and loss is 0.47774419784545896
At time: 7.864693641662598 accuracy is 0.7859375 and loss is 0.45689077377319337
At time: 8.070399045944214 accuracy is 0.8171875 and loss is 0.45160689353942873
At time: 8.287611484527588 accuracy is 0.796875 and loss is 0.47148690223693845
At time: 8.518774032592773 accuracy is 0.8171875 and loss is 0.43170938491821287
At time: 8.762801170349121 accuracy is 0.825 and loss is 0.3933440685272217
At time: 9.025253057479858 accuracy is 0.8328125 and loss is 0.3830831527709961
Evaluating...
Done Evaluating: Achieved accuracy of 0.7870639534883721
Not better for 1
Completing Train Step at 3th epoch...
At time: 9.886650562286377 accuracy is 0.796875 and loss is 0.5451185226440429
At time: 10.039685726165771 accuracy is 0.7703125 and loss is 0.5036807537078858
At time: 10.19921064376831 accuracy is 0.8140625 and loss is 0.4168544769287109
At time: 10.377853870391846 accuracy is 0.821875 and loss is 0.39363033771514894
At time: 10.552857160568237 accuracy is 0.8109375 and loss is 0.41796412467956545
At time: 10.739534139633179 accuracy is 0.790625 and loss is 0.4411121368408203
At time: 10.934871435165405 accuracy is 0.834375 and loss is 0.4085294246673584
At time: 11.139237880706787 accuracy is 0.8234375 and loss is 0.4129119873046875
At time: 11.355539560317993 accuracy is 0.8265625 and loss is 0.38535113334655763
At time: 11.581225156784058 accuracy is 0.8015625 and loss is 0.44929866790771483
At time: 11.822756290435791 accuracy is 0.8421875 and loss is 0.37641799449920654
At time: 12.084887981414795 accuracy is 0.8203125 and loss is 0.38683466911315917
Evaluating...
Done Evaluating: Achieved accuracy of 0.7703488372093024
Not better for 2
Completing Train Step at 4th epoch...
At time: 12.943151950836182 accuracy is 0.7984375 and loss is 0.5621663570404053
At time: 13.094794511795044 accuracy is 0.8265625 and loss is 0.3794485807418823
At time: 13.256314039230347 accuracy is 0.8328125 and loss is 0.3687602043151855
At time: 13.42344045639038 accuracy is 0.853125 and loss is 0.3392838954925537
At time: 13.601276636123657 accuracy is 0.8640625 and loss is 0.3234248161315918
At time: 13.788590669631958 accuracy is 0.846875 and loss is 0.38880362510681155
At time: 13.984875440597534 accuracy is 0.8390625 and loss is 0.35430929660797117
At time: 14.190034627914429 accuracy is 0.8546875 and loss is 0.346075701713562
At time: 14.406681537628174 accuracy is 0.846875 and loss is 0.3471465826034546
At time: 14.633514642715454 accuracy is 0.83125 and loss is 0.4237619400024414
At time: 14.875773906707764 accuracy is 0.86875 and loss is 0.3237167835235596
At time: 15.139732360839844 accuracy is 0.865625 and loss is 0.3154517650604248
Evaluating...
Done Evaluating: Achieved accuracy of 0.7867005813953488
Not better for 3
Completing Train Step at 5th epoch...
At time: 15.978485107421875 accuracy is 0.8078125 and loss is 0.5207409858703613
At time: 16.12621569633484 accuracy is 0.8609375 and loss is 1.0214323043823241
At time: 16.286887168884277 accuracy is 0.884375 and loss is 0.2713586091995239
At time: 16.454254388809204 accuracy is 0.8734375 and loss is 0.32641851902008057
At time: 16.630806922912598 accuracy is 0.8296875 and loss is 0.35345571041107177
At time: 16.81778359413147 accuracy is 0.853125 and loss is 0.3128986835479736
At time: 17.01478409767151 accuracy is 0.8609375 and loss is 0.30556468963623046
At time: 17.221838235855103 accuracy is 0.84375 and loss is 0.3633718013763428
At time: 17.43943977355957 accuracy is 0.85625 and loss is 0.32310616970062256
At time: 17.668046236038208 accuracy is 0.8734375 and loss is 0.34934158325195314
At time: 17.910957098007202 accuracy is 0.88125 and loss is 0.27278456687927244
At time: 18.173307180404663 accuracy is 0.859375 and loss is 0.3321633577346802
Evaluating...
Done Evaluating: Achieved accuracy of 0.7659883720930233
Not better for 4
Completing Train Step at 6th epoch...
At time: 19.032824993133545 accuracy is 0.8265625 and loss is 0.4729916572570801
At time: 19.182349681854248 accuracy is 0.8609375 and loss is 0.3385627269744873
At time: 19.339925050735474 accuracy is 0.8828125 and loss is 0.2674462080001831
At time: 19.506205320358276 accuracy is 0.8890625 and loss is 0.26687591075897216
At time: 19.682899713516235 accuracy is 0.8625 and loss is 0.31365280151367186
At time: 19.870367527008057 accuracy is 0.8546875 and loss is 0.3499558687210083
At time: 20.06694221496582 accuracy is 0.8625 and loss is 0.30693650245666504
At time: 20.274054527282715 accuracy is 0.86875 and loss is 0.34354658126831056
At time: 20.491483449935913 accuracy is 0.8484375 and loss is 0.34304401874542234
At time: 20.71982455253601 accuracy is 0.8484375 and loss is 0.3842860460281372
At time: 20.96339774131775 accuracy is 0.9 and loss is 0.30686087608337403
At time: 21.226043224334717 accuracy is 0.8546875 and loss is 0.33552682399749756
Evaluating...
Done Evaluating: Achieved accuracy of 0.7870639534883721
Not better for 5
Completing Train Step at 7th epoch...
At time: 22.0699725151062 accuracy is 0.7953125 and loss is 0.7376013278961182
At time: 22.21660041809082 accuracy is 0.8671875 and loss is 0.35025978088378906
At time: 22.375070095062256 accuracy is 0.9046875 and loss is 0.2272346258163452
At time: 22.542232751846313 accuracy is 0.9015625 and loss is 0.2425398588180542
At time: 22.718798398971558 accuracy is 0.878125 and loss is 0.28476576805114745
At time: 22.904518127441406 accuracy is 0.878125 and loss is 0.2765126466751099
At time: 23.09960651397705 accuracy is 0.8890625 and loss is 0.28534111976623533
At time: 23.304338455200195 accuracy is 0.86875 and loss is 0.2987689018249512
At time: 23.521493911743164 accuracy is 0.8890625 and loss is 0.2976558208465576
At time: 23.750336170196533 accuracy is 0.8984375 and loss is 0.281267786026001
At time: 23.992761611938477 accuracy is 0.8984375 and loss is 0.257142448425293
At time: 24.25607395172119 accuracy is 0.8984375 and loss is 0.2921431064605713
Evaluating...
Done Evaluating: Achieved accuracy of 0.784156976744186
Not better for 6
Completing Train Step at 8th epoch...
At time: 25.11672878265381 accuracy is 0.84375 and loss is 0.6877789974212647
At time: 25.267966270446777 accuracy is 0.8796875 and loss is 0.33170342445373535
At time: 25.42714548110962 accuracy is 0.925 and loss is 0.206010103225708
At time: 25.59356999397278 accuracy is 0.9171875 and loss is 0.22484328746795654
At time: 25.769766569137573 accuracy is 0.903125 and loss is 0.2959260940551758
At time: 25.955203533172607 accuracy is 0.8828125 and loss is 0.25737628936767576
At time: 26.151387214660645 accuracy is 0.8890625 and loss is 0.25786850452423093
At time: 26.37313151359558 accuracy is 0.903125 and loss is 0.24979820251464843
At time: 26.60349178314209 accuracy is 0.8625 and loss is 0.306943416595459
At time: 26.83933115005493 accuracy is 0.8890625 and loss is 0.28236367702484133
At time: 27.079160928726196 accuracy is 0.9046875 and loss is 0.22650046348571778
At time: 27.341309309005737 accuracy is 0.9046875 and loss is 0.2386406898498535
Evaluating...
Done Evaluating: Achieved accuracy of 0.7576308139534884
Not better for 7
Completing Train Step at 9th epoch...
At time: 28.188408374786377 accuracy is 0.834375 and loss is 0.8409186363220215
At time: 28.335116863250732 accuracy is 0.884375 and loss is 0.28902008533477785
At time: 28.492419004440308 accuracy is 0.9421875 and loss is 0.1450891375541687
At time: 28.659571886062622 accuracy is 0.9078125 and loss is 0.1879632592201233
At time: 28.836416721343994 accuracy is 0.903125 and loss is 0.2505004644393921
At time: 29.0217764377594 accuracy is 0.9078125 and loss is 0.20424814224243165
At time: 29.21780252456665 accuracy is 0.903125 and loss is 0.32311043739318845
At time: 29.423105239868164 accuracy is 0.921875 and loss is 0.2139374017715454
At time: 29.641448974609375 accuracy is 0.8875 and loss is 0.2566932439804077
At time: 29.868844509124756 accuracy is 0.8921875 and loss is 0.3013965606689453
At time: 30.111433267593384 accuracy is 0.9375 and loss is 0.20474672317504883
At time: 30.37342381477356 accuracy is 0.903125 and loss is 0.23915839195251465
Evaluating...
Done Evaluating: Achieved accuracy of 0.782703488372093
Not better for 8
Completing Train Step at 10th epoch...
At time: 31.224414587020874 accuracy is 0.8609375 and loss is 0.4859006404876709
At time: 31.37699055671692 accuracy is 0.8734375 and loss is 0.27586541175842283
At time: 31.542476654052734 accuracy is 0.9375 and loss is 0.1553219199180603
At time: 31.710964679718018 accuracy is 0.9140625 and loss is 0.22174224853515626
At time: 31.888690948486328 accuracy is 0.9125 and loss is 0.22462406158447265
At time: 32.07483148574829 accuracy is 0.871875 and loss is 0.2734278440475464
At time: 32.27170658111572 accuracy is 0.8921875 and loss is 0.28786430358886717
At time: 32.47643804550171 accuracy is 0.9234375 and loss is 0.20023589134216307
At time: 32.69268083572388 accuracy is 0.9125 and loss is 0.212180233001709
At time: 32.919883012771606 accuracy is 0.9234375 and loss is 0.2217884063720703
At time: 33.163331508636475 accuracy is 0.925 and loss is 0.17138888835906982
At time: 33.425116539001465 accuracy is 0.91875 and loss is 0.19016294479370116
Evaluating...
Done Evaluating: Achieved accuracy of 0.7757994186046512
Not better for 9
Completing Train Step at 11th epoch...
At time: 34.28454661369324 accuracy is 0.871875 and loss is 0.41443581581115724
At time: 34.433717012405396 accuracy is 0.8953125 and loss is 0.25525646209716796
At time: 34.592734575271606 accuracy is 0.9359375 and loss is 0.1876329302787781
At time: 34.76350116729736 accuracy is 0.928125 and loss is 0.20471405982971191
At time: 34.940272092819214 accuracy is 0.9140625 and loss is 0.23057293891906738
At time: 35.1267032623291 accuracy is 0.9109375 and loss is 0.2161236047744751
At time: 35.32397127151489 accuracy is 0.9046875 and loss is 0.2211151361465454
At time: 35.530579566955566 accuracy is 0.9234375 and loss is 0.19074132442474365
At time: 35.7478244304657 accuracy is 0.8984375 and loss is 0.23516902923583985
At time: 35.975590229034424 accuracy is 0.9171875 and loss is 0.1941935658454895
At time: 36.21733236312866 accuracy is 0.946875 and loss is 0.14121098518371583
At time: 36.47868204116821 accuracy is 0.9140625 and loss is 0.19913949966430664
Evaluating...
Done Evaluating: Achieved accuracy of 0.779796511627907
Not better for 10
Model not improving. Stopping earlyat 0.7946947674418605 epochs.
Done Training. Achieved Best Accuracy of 0.7946947674418605
keyvalattn
SETTINGS FOR THIS RUN
{'dropout': 0.893628201909932, 'tune_attn': True, 'batch_size': 32, 'num_layers': 2, 'rnn_dropout': 0.6552538114566435, 'attn_type': 'similarity', 'lr': 0.0010906910679293288, 'tune_wordvecs': False, 'l2': 0.13238419117362477, 'wordvec_source': 'glove', 'data': 'MPQA', 'wordvec_dim': 300}
Using CUDA!
here
similarity
Building RNN Classifier...

[93m    Warning: no model found for 'en'[0m

    Only loading the 'en' tokenizer.

Retrieving Data from file: /home-nfs/siddsach/ml/Interpreting-Attention/interpreting_language/data/mpqa/mpqa_subj_labels.pickle...
Loading Vectors From Memory...
Using these vectors: ['GloVe']
Getting GloVe Vectors with 300 dims
Building Vocab...
[<torchtext.vocab.Vectors object at 0x7f4ba2135cf8>]
Getting Batches...
Created Iterator with 261 batches
Getting Batches...
Created Iterator with 87 batches
Building model...
similarity
Using Attention model with following args:
{'num_layers': 2, 'vectors': 
 0.0000  0.0000  0.0000  ...   0.0000  0.0000  0.0000
 0.0000  0.0000  0.0000  ...   0.0000  0.0000  0.0000
 0.0000  0.0000  0.0000  ...   0.0000  0.0000  0.0000
          ...             ⋱             ...          
-0.4786 -0.1089 -0.0076  ...   0.7458  0.7174  0.6185
 0.0000  0.0000  0.0000  ...   0.0000  0.0000  0.0000
-0.0479  0.9828  0.9182  ...   0.0424  0.4554 -0.3210
[torch.FloatTensor of size 15284x300]
, 'input_size': 300, 'train_word_vecs': False, 'vocab_size': 15284, 'rnn_dropout': 0.6552538114566435, 'cuda': True, 'attention_dim': 350, 'attn_type': 'similarity', 'hidden_size': 300, 'dropout': 0.893628201909932, 'num_classes': 2, 'tune_attn': True, 'batch_size': 32}
Not Tuning Word Vectors!
Begin Training...
Completing Train Step at 0th epoch...
At time: 0.17806744575500488 accuracy is 0.5125 and loss is 1.1278106689453125
At time: 0.3457798957824707 accuracy is 0.5359375 and loss is 0.8003585815429688
At time: 0.5279886722564697 accuracy is 0.6796875 and loss is 0.6769990921020508
At time: 0.724083662033081 accuracy is 0.6734375 and loss is 0.667128324508667
At time: 0.9324874877929688 accuracy is 0.734375 and loss is 0.6109908103942872
At time: 1.1547725200653076 accuracy is 0.725 and loss is 0.573250150680542
At time: 1.3901467323303223 accuracy is 0.734375 and loss is 0.5679399490356445
At time: 1.6385524272918701 accuracy is 0.7484375 and loss is 0.5483606815338135
At time: 1.9042575359344482 accuracy is 0.7515625 and loss is 0.5600685119628906
At time: 2.185081958770752 accuracy is 0.753125 and loss is 0.5025726318359375
At time: 2.4870972633361816 accuracy is 0.7734375 and loss is 0.5250408172607421
At time: 2.81681489944458 accuracy is 0.7484375 and loss is 0.5343774795532227
Evaluating...
Done Evaluating: Achieved accuracy of 0.6849563953488372
Achieved new best!
Completing Train Step at 1th epoch...
At time: 3.765779733657837 accuracy is 0.6890625 and loss is 0.7209758281707763
At time: 3.918383836746216 accuracy is 0.6890625 and loss is 0.603233528137207
At time: 4.078262805938721 accuracy is 0.765625 and loss is 0.4937305927276611
At time: 4.24508810043335 accuracy is 0.7546875 and loss is 0.5146220207214356
At time: 4.421252965927124 accuracy is 0.7609375 and loss is 0.4928439617156982
At time: 4.6083643436431885 accuracy is 0.76875 and loss is 0.4797701358795166
At time: 4.804867506027222 accuracy is 0.7484375 and loss is 0.5148972988128662
At time: 5.0114827156066895 accuracy is 0.7734375 and loss is 0.4941709995269775
At time: 5.268157243728638 accuracy is 0.7703125 and loss is 0.5117696285247803
At time: 5.520507097244263 accuracy is 0.778125 and loss is 0.5052233219146729
At time: 5.784622430801392 accuracy is 0.80625 and loss is 0.43766155242919924
At time: 6.055465459823608 accuracy is 0.728125 and loss is 0.5341835975646972
Evaluating...
Done Evaluating: Achieved accuracy of 0.7696220930232558
Achieved new best!
Completing Train Step at 2th epoch...
At time: 6.986068248748779 accuracy is 0.715625 and loss is 0.661191463470459
At time: 7.165021657943726 accuracy is 0.7203125 and loss is 0.5830384254455566
At time: 7.340915679931641 accuracy is 0.7765625 and loss is 0.4508164405822754
At time: 7.522160291671753 accuracy is 0.778125 and loss is 0.4878835201263428
At time: 7.713000059127808 accuracy is 0.796875 and loss is 0.4174478054046631
At time: 7.907102823257446 accuracy is 0.8140625 and loss is 0.451508617401123
At time: 8.103834867477417 accuracy is 0.778125 and loss is 0.4672205924987793
At time: 8.310704231262207 accuracy is 0.8125 and loss is 0.4309391021728516
At time: 8.529752969741821 accuracy is 0.7828125 and loss is 0.4627256393432617
At time: 8.760802984237671 accuracy is 0.790625 and loss is 0.4625741481781006
At time: 9.003657579421997 accuracy is 0.8140625 and loss is 0.4572144985198975
At time: 9.264014959335327 accuracy is 0.8 and loss is 0.4716331958770752
Evaluating...
Done Evaluating: Achieved accuracy of 0.7663517441860465
Not better for 1
Completing Train Step at 3th epoch...
At time: 10.128828525543213 accuracy is 0.7484375 and loss is 0.5876027107238769
At time: 10.28335165977478 accuracy is 0.7703125 and loss is 0.4994527339935303
At time: 10.443727254867554 accuracy is 0.821875 and loss is 0.4201002597808838
At time: 10.612603187561035 accuracy is 0.7875 and loss is 0.46181507110595704
At time: 10.790176391601562 accuracy is 0.8234375 and loss is 0.38488144874572755
At time: 10.977284908294678 accuracy is 0.8265625 and loss is 0.4239807605743408
At time: 11.17487645149231 accuracy is 0.8203125 and loss is 0.4272923946380615
At time: 11.380872964859009 accuracy is 0.8234375 and loss is 0.39797143936157225
At time: 11.597563982009888 accuracy is 0.8234375 and loss is 0.4182422637939453
At time: 11.82564401626587 accuracy is 0.8078125 and loss is 0.44611353874206544
At time: 12.06937050819397 accuracy is 0.8296875 and loss is 0.3822461128234863
At time: 12.33266806602478 accuracy is 0.8390625 and loss is 0.3556346416473389
Evaluating...
Done Evaluating: Achieved accuracy of 0.7867005813953488
Achieved new best!
Completing Train Step at 4th epoch...
At time: 13.188968896865845 accuracy is 0.7875 and loss is 0.5386520385742187
At time: 13.340830326080322 accuracy is 0.796875 and loss is 0.438507080078125
At time: 13.501264333724976 accuracy is 0.8453125 and loss is 0.3627460479736328
At time: 13.67004108428955 accuracy is 0.8421875 and loss is 0.41716694831848145
At time: 13.847359895706177 accuracy is 0.8296875 and loss is 0.3759793758392334
At time: 14.037333011627197 accuracy is 0.84375 and loss is 0.3339759588241577
At time: 14.236658096313477 accuracy is 0.8140625 and loss is 0.39674642086029055
At time: 14.444215297698975 accuracy is 0.8359375 and loss is 0.3389718770980835
At time: 14.662867069244385 accuracy is 0.84375 and loss is 0.3474372625350952
At time: 14.893056631088257 accuracy is 0.8484375 and loss is 0.35702464580535886
At time: 15.13646388053894 accuracy is 0.8578125 and loss is 0.3168716192245483
At time: 15.40185832977295 accuracy is 0.853125 and loss is 0.5365821838378906
Evaluating...
Done Evaluating: Achieved accuracy of 0.7888808139534884
Achieved new best!
Completing Train Step at 5th epoch...
At time: 16.265573978424072 accuracy is 0.7953125 and loss is 0.500934648513794
At time: 16.417417764663696 accuracy is 0.821875 and loss is 0.3714970588684082
At time: 16.57612633705139 accuracy is 0.865625 and loss is 0.3254862308502197
At time: 16.742552280426025 accuracy is 0.8375 and loss is 0.36081681251525877
At time: 16.91780185699463 accuracy is 0.859375 and loss is 0.29852933883666993
At time: 17.103285551071167 accuracy is 0.8734375 and loss is 0.28844969272613524
At time: 17.312744855880737 accuracy is 0.85 and loss is 0.32755627632141116
At time: 17.533687829971313 accuracy is 0.840625 and loss is 0.38124728202819824
At time: 17.764461994171143 accuracy is 0.8484375 and loss is 0.39230301380157473
At time: 18.000678777694702 accuracy is 0.8875 and loss is 0.2671159029006958
At time: 18.26035165786743 accuracy is 0.884375 and loss is 0.2549875497817993
At time: 18.528753995895386 accuracy is 0.8828125 and loss is 0.30255510807037356
Evaluating...
Done Evaluating: Achieved accuracy of 0.7856104651162791
Not better for 1
Completing Train Step at 6th epoch...
At time: 19.379730939865112 accuracy is 0.853125 and loss is 0.4002420902252197
At time: 19.529874801635742 accuracy is 0.8609375 and loss is 0.3351595401763916
At time: 19.687642574310303 accuracy is 0.8984375 and loss is 0.23444850444793702
At time: 19.853891134262085 accuracy is 0.8625 and loss is 0.2722178936004639
At time: 20.029093742370605 accuracy is 0.8984375 and loss is 0.22535409927368164
At time: 20.215603590011597 accuracy is 0.909375 and loss is 0.23930981159210205
At time: 20.412656545639038 accuracy is 0.85625 and loss is 0.3178561687469482
At time: 20.61920928955078 accuracy is 0.8671875 and loss is 0.32909355163574217
At time: 20.83566117286682 accuracy is 0.878125 and loss is 0.3136286735534668
At time: 21.063212871551514 accuracy is 0.9125 and loss is 0.2182239770889282
At time: 21.305212259292603 accuracy is 0.9 and loss is 0.25416591167449953
At time: 21.56714153289795 accuracy is 0.9109375 and loss is 0.21106927394866942
Evaluating...
Done Evaluating: Achieved accuracy of 0.7808866279069767
Not better for 2
Completing Train Step at 7th epoch...
At time: 22.417157888412476 accuracy is 0.8890625 and loss is 0.3233712911605835
At time: 22.567509651184082 accuracy is 0.8796875 and loss is 0.2514649391174316
At time: 22.727214574813843 accuracy is 0.925 and loss is 0.17695595026016236
At time: 22.89416193962097 accuracy is 0.8703125 and loss is 0.277633810043335
At time: 23.071070432662964 accuracy is 0.928125 and loss is 0.19389015436172485
At time: 23.25751519203186 accuracy is 0.8921875 and loss is 0.25298314094543456
At time: 23.45386290550232 accuracy is 0.8671875 and loss is 0.32716386318206786
At time: 23.660515785217285 accuracy is 0.9046875 and loss is 0.2547297477722168
At time: 23.87774109840393 accuracy is 0.890625 and loss is 0.26735079288482666
At time: 24.10600709915161 accuracy is 0.9140625 and loss is 0.23475379943847657
At time: 24.348146438598633 accuracy is 0.93125 and loss is 0.18635809421539307
At time: 24.610100030899048 accuracy is 0.9078125 and loss is 0.25847973823547366
Evaluating...
Done Evaluating: Achieved accuracy of 0.7630813953488372
Not better for 3
Completing Train Step at 8th epoch...
At time: 25.443332195281982 accuracy is 0.8765625 and loss is 0.35247724056243895
At time: 25.589682817459106 accuracy is 0.9 and loss is 0.23535797595977784
At time: 25.747064352035522 accuracy is 0.940625 and loss is 0.13710554838180541
At time: 25.914167165756226 accuracy is 0.9171875 and loss is 0.20716822147369385
At time: 26.090644598007202 accuracy is 0.95 and loss is 0.1394730567932129
At time: 26.277721881866455 accuracy is 0.921875 and loss is 0.22814316749572755
At time: 26.47396683692932 accuracy is 0.9125 and loss is 0.24950823783874512
At time: 26.680224895477295 accuracy is 0.934375 and loss is 0.20559468269348144
At time: 26.896982669830322 accuracy is 0.9109375 and loss is 0.22504959106445313
At time: 27.125252723693848 accuracy is 0.9125 and loss is 0.17979826927185058
At time: 27.36797833442688 accuracy is 0.94375 and loss is 0.17049087285995485
At time: 27.629820585250854 accuracy is 0.9375 and loss is 0.18612873554229736
Evaluating...
Done Evaluating: Achieved accuracy of 0.7394622093023255
Not better for 4
Completing Train Step at 9th epoch...
At time: 28.483933448791504 accuracy is 0.9 and loss is 0.2647861003875732
At time: 28.634176015853882 accuracy is 0.934375 and loss is 0.13180357217788696
At time: 28.7930645942688 accuracy is 0.953125 and loss is 0.12961740493774415
At time: 28.960078239440918 accuracy is 0.946875 and loss is 0.13948522806167601
At time: 29.136646270751953 accuracy is 0.971875 and loss is 0.126753032207489
At time: 29.323062658309937 accuracy is 0.9359375 and loss is 0.18387088775634766
At time: 29.518898010253906 accuracy is 0.9203125 and loss is 0.17705668210983277
At time: 29.724414348602295 accuracy is 0.9359375 and loss is 0.17875808477401733
At time: 29.941627502441406 accuracy is 0.915625 and loss is 0.18483219146728516
At time: 30.16941738128662 accuracy is 0.9328125 and loss is 0.17992423772811889
At time: 30.411940574645996 accuracy is 0.94375 and loss is 0.14811278581619264
At time: 30.674068927764893 accuracy is 0.9421875 and loss is 0.11893153190612793
Evaluating...
Done Evaluating: Achieved accuracy of 0.7823401162790697
Not better for 5
Completing Train Step at 10th epoch...
At time: 31.52388024330139 accuracy is 0.9390625 and loss is 0.17218058109283446
At time: 31.683213233947754 accuracy is 0.9609375 and loss is 0.11959415674209595
At time: 31.841857194900513 accuracy is 0.9421875 and loss is 0.147452449798584
At time: 32.00863456726074 accuracy is 0.959375 and loss is 0.12014340162277222
At time: 32.18428063392639 accuracy is 0.9578125 and loss is 0.13672471046447754
At time: 32.3695912361145 accuracy is 0.9578125 and loss is 0.12617652416229247
At time: 32.5646767616272 accuracy is 0.9578125 and loss is 0.10603123903274536
At time: 32.77107882499695 accuracy is 0.959375 and loss is 0.105548095703125
At time: 32.98941659927368 accuracy is 0.9484375 and loss is 0.13554481267929078
At time: 33.21678590774536 accuracy is 0.9640625 and loss is 0.09790009260177612
At time: 33.45881938934326 accuracy is 0.9625 and loss is 0.10128251314163209
At time: 33.72008204460144 accuracy is 0.934375 and loss is 0.18670254945755005
Evaluating...
Done Evaluating: Achieved accuracy of 0.7361918604651163
Not better for 6
Completing Train Step at 11th epoch...
At time: 34.56978464126587 accuracy is 0.946875 and loss is 0.15255838632583618
At time: 34.725300788879395 accuracy is 0.965625 and loss is 0.11434015035629272
At time: 34.889976024627686 accuracy is 0.934375 and loss is 0.15298748016357422
At time: 35.06950116157532 accuracy is 0.9609375 and loss is 0.1217877984046936
At time: 35.26417517662048 accuracy is 0.9734375 and loss is 0.12209091186523438
At time: 35.467751264572144 accuracy is 0.96875 and loss is 0.08674873113632202
At time: 35.678160429000854 accuracy is 0.95625 and loss is 0.1204069972038269
At time: 35.88309574127197 accuracy is 0.965625 and loss is 0.09443069696426391
At time: 36.09872817993164 accuracy is 0.9640625 and loss is 0.12377599477767945
At time: 36.32558512687683 accuracy is 0.9828125 and loss is 0.0513880729675293
At time: 36.567978620529175 accuracy is 0.9765625 and loss is 0.07285887002944946
At time: 36.83030033111572 accuracy is 0.9515625 and loss is 0.10857214927673339
Evaluating...
Done Evaluating: Achieved accuracy of 0.7648982558139535
Not better for 7
Completing Train Step at 12th epoch...
At time: 37.67914128303528 accuracy is 0.9484375 and loss is 0.14153290987014772
At time: 37.83016276359558 accuracy is 0.9421875 and loss is 0.14253008365631104
At time: 37.98878359794617 accuracy is 0.940625 and loss is 0.13861503601074218
At time: 38.1550567150116 accuracy is 0.946875 and loss is 0.13217612504959106
At time: 38.33079433441162 accuracy is 0.9578125 and loss is 0.13087960481643676
At time: 38.51676082611084 accuracy is 0.9125 and loss is 0.2445218324661255
At time: 38.71363377571106 accuracy is 0.95 and loss is 0.1609610438346863
At time: 38.91829037666321 accuracy is 0.965625 and loss is 0.09590698480606079
At time: 39.13435769081116 accuracy is 0.94375 and loss is 0.1504785418510437
At time: 39.36112189292908 accuracy is 0.984375 and loss is 0.05629481673240662
At time: 39.60257339477539 accuracy is 0.978125 and loss is 0.04364688098430634
At time: 39.86373805999756 accuracy is 0.971875 and loss is 0.08470953106880189
Evaluating...
Done Evaluating: Achieved accuracy of 0.7692587209302325
Not better for 8
Completing Train Step at 13th epoch...
At time: 40.71878719329834 accuracy is 0.9671875 and loss is 0.11440120935440064
At time: 40.87040400505066 accuracy is 0.9796875 and loss is 0.06711120009422303
At time: 41.02888035774231 accuracy is 0.959375 and loss is 0.13096222877502442
At time: 41.19532012939453 accuracy is 0.9421875 and loss is 0.24556665420532225
At time: 41.371721506118774 accuracy is 0.9734375 and loss is 0.07992038130760193
At time: 41.55792427062988 accuracy is 0.946875 and loss is 0.14461240768432618
At time: 41.7538378238678 accuracy is 0.9703125 and loss is 0.11168487071990967
At time: 41.960620403289795 accuracy is 0.978125 and loss is 0.06342191696166992
At time: 42.17746043205261 accuracy is 0.9515625 and loss is 0.17985697984695434
At time: 42.40550374984741 accuracy is 0.9828125 and loss is 0.06903302073478698
At time: 42.648011445999146 accuracy is 0.9703125 and loss is 0.07570880651473999
At time: 42.921449422836304 accuracy is 0.9234375 and loss is 0.25550069808959963
Evaluating...
Done Evaluating: Achieved accuracy of 0.7616279069767442
Not better for 9
Completing Train Step at 14th epoch...
At time: 43.79472827911377 accuracy is 0.965625 and loss is 0.08650676608085632
At time: 43.949599266052246 accuracy is 0.9828125 and loss is 0.12048201560974121
At time: 44.1160786151886 accuracy is 0.9796875 and loss is 0.08024426102638245
At time: 44.29177188873291 accuracy is 0.975 and loss is 0.11061139106750488
At time: 44.48475217819214 accuracy is 0.978125 and loss is 0.10121700763702393
At time: 44.68310046195984 accuracy is 0.9796875 and loss is 0.06864914894104004
At time: 44.88906288146973 accuracy is 0.975 and loss is 0.10460314750671387
At time: 45.09585404396057 accuracy is 0.971875 and loss is 0.0762173056602478
At time: 45.31262969970703 accuracy is 0.971875 and loss is 0.09183549880981445
At time: 45.54061508178711 accuracy is 0.9875 and loss is 0.036463743448257445
At time: 45.783074617385864 accuracy is 0.99375 and loss is 0.027024206519126893
At time: 46.04585838317871 accuracy is 0.95625 and loss is 0.15421212911605836
Evaluating...
Done Evaluating: Achieved accuracy of 0.7652616279069767
Not better for 10
Model not improving. Stopping earlyat 0.7888808139534884 epochs.
Done Training. Achieved Best Accuracy of 0.7888808139534884
keyvalattn
SETTINGS FOR THIS RUN
{'dropout': 0.3169858889101349, 'tune_attn': True, 'batch_size': 32, 'num_layers': 2, 'rnn_dropout': 0.7607471333965609, 'attn_type': 'similarity', 'lr': 0.001512438878777721, 'tune_wordvecs': False, 'l2': 0.028829507835809953, 'wordvec_source': 'glove', 'data': 'MPQA', 'wordvec_dim': 300}
Using CUDA!
here
similarity
Building RNN Classifier...

[93m    Warning: no model found for 'en'[0m

    Only loading the 'en' tokenizer.

Retrieving Data from file: /home-nfs/siddsach/ml/Interpreting-Attention/interpreting_language/data/mpqa/mpqa_subj_labels.pickle...
Loading Vectors From Memory...
Using these vectors: ['GloVe']
Getting GloVe Vectors with 300 dims
Building Vocab...
[<torchtext.vocab.Vectors object at 0x7f4baa10ed30>]
Getting Batches...
Created Iterator with 261 batches
Getting Batches...
Created Iterator with 87 batches
Building model...
similarity
Using Attention model with following args:
{'num_layers': 2, 'vectors': 
 0.0000  0.0000  0.0000  ...   0.0000  0.0000  0.0000
 0.0000  0.0000  0.0000  ...   0.0000  0.0000  0.0000
 0.0000  0.0000  0.0000  ...   0.0000  0.0000  0.0000
          ...             ⋱             ...          
-0.4786 -0.1089 -0.0076  ...   0.7458  0.7174  0.6185
 0.0000  0.0000  0.0000  ...   0.0000  0.0000  0.0000
-0.0479  0.9828  0.9182  ...   0.0424  0.4554 -0.3210
[torch.FloatTensor of size 15284x300]
, 'input_size': 300, 'train_word_vecs': False, 'vocab_size': 15284, 'rnn_dropout': 0.7607471333965609, 'cuda': True, 'attention_dim': 350, 'attn_type': 'similarity', 'hidden_size': 300, 'dropout': 0.3169858889101349, 'num_classes': 2, 'tune_attn': True, 'batch_size': 32}
Not Tuning Word Vectors!
Begin Training...
Completing Train Step at 0th epoch...
At time: 0.18071985244750977 accuracy is 0.5296875 and loss is 1.1185839653015137
At time: 0.35332298278808594 accuracy is 0.53125 and loss is 0.9197595596313477
At time: 0.5354981422424316 accuracy is 0.60625 and loss is 0.7297941207885742
At time: 0.7289552688598633 accuracy is 0.6390625 and loss is 0.6687525272369385
At time: 0.9352147579193115 accuracy is 0.7046875 and loss is 0.6325134754180908
At time: 1.1568903923034668 accuracy is 0.725 and loss is 0.5702485084533692
At time: 1.3923754692077637 accuracy is 0.7390625 and loss is 0.5972835063934326
At time: 1.6420056819915771 accuracy is 0.740625 and loss is 0.5889030456542969
At time: 1.906118631362915 accuracy is 0.7 and loss is 0.5908369064331055
At time: 2.1857311725616455 accuracy is 0.7421875 and loss is 0.5481068611145019
At time: 2.485835313796997 accuracy is 0.725 and loss is 0.607839822769165
At time: 2.8137435913085938 accuracy is 0.75 and loss is 0.5289968490600586
Evaluating...
Done Evaluating: Achieved accuracy of 0.6954941860465116
Achieved new best!
Completing Train Step at 1th epoch...
At time: 3.741218328475952 accuracy is 0.628125 and loss is 0.6799670219421386
At time: 3.890845537185669 accuracy is 0.6859375 and loss is 0.609470796585083
At time: 4.047941207885742 accuracy is 0.76875 and loss is 0.5078393936157226
At time: 4.21363377571106 accuracy is 0.7484375 and loss is 0.5813225269317627
At time: 4.388238906860352 accuracy is 0.7734375 and loss is 0.4793717861175537
At time: 4.573105573654175 accuracy is 0.759375 and loss is 0.5117304801940918
At time: 4.767956733703613 accuracy is 0.746875 and loss is 0.5137405872344971
At time: 4.972053527832031 accuracy is 0.7546875 and loss is 0.5100107192993164
At time: 5.187804698944092 accuracy is 0.7703125 and loss is 0.4862490653991699
At time: 5.41432785987854 accuracy is 0.784375 and loss is 0.4825244426727295
At time: 5.656017303466797 accuracy is 0.7796875 and loss is 0.45292344093322756
At time: 5.916547775268555 accuracy is 0.7734375 and loss is 0.48023252487182616
Evaluating...
Done Evaluating: Achieved accuracy of 0.7899709302325582
Achieved new best!
Completing Train Step at 2th epoch...
At time: 6.764312982559204 accuracy is 0.7203125 and loss is 0.6694038867950439
At time: 6.9142467975616455 accuracy is 0.746875 and loss is 0.4911042213439941
At time: 7.071990013122559 accuracy is 0.784375 and loss is 0.47659077644348147
At time: 7.261127710342407 accuracy is 0.746875 and loss is 0.5497310638427735
At time: 7.451937913894653 accuracy is 0.809375 and loss is 0.41847028732299807
At time: 7.647306203842163 accuracy is 0.7921875 and loss is 0.42193965911865233
At time: 7.842298984527588 accuracy is 0.7875 and loss is 0.46828761100769045
At time: 8.04627013206482 accuracy is 0.815625 and loss is 0.40079555511474607
At time: 8.261530876159668 accuracy is 0.7953125 and loss is 0.4963341236114502
At time: 8.487630367279053 accuracy is 0.8109375 and loss is 0.45181427001953123
At time: 8.731369018554688 accuracy is 0.803125 and loss is 0.43710575103759763
At time: 8.993216753005981 accuracy is 0.7984375 and loss is 0.4320350170135498
Evaluating...
Done Evaluating: Achieved accuracy of 0.7856104651162791
Not better for 1
Completing Train Step at 3th epoch...
At time: 9.841975927352905 accuracy is 0.76875 and loss is 0.5735574722290039
At time: 9.992398023605347 accuracy is 0.803125 and loss is 0.42656240463256834
At time: 10.15111756324768 accuracy is 0.7984375 and loss is 0.4374846458435059
At time: 10.31710958480835 accuracy is 0.7703125 and loss is 0.48048009872436526
At time: 10.491832256317139 accuracy is 0.80625 and loss is 0.41905689239501953
At time: 10.676459789276123 accuracy is 0.834375 and loss is 0.3891372919082642
At time: 10.871156215667725 accuracy is 0.8046875 and loss is 0.4289233207702637
At time: 11.075541257858276 accuracy is 0.8421875 and loss is 0.3349654197692871
At time: 11.290773868560791 accuracy is 0.821875 and loss is 0.39104084968566893
At time: 11.516806364059448 accuracy is 0.8328125 and loss is 0.4248217582702637
At time: 11.758229970932007 accuracy is 0.8328125 and loss is 0.3908226013183594
At time: 12.01803469657898 accuracy is 0.83125 and loss is 0.36298294067382814
Evaluating...
Done Evaluating: Achieved accuracy of 0.8085029069767442
Achieved new best!
Completing Train Step at 4th epoch...
At time: 12.86423659324646 accuracy is 0.775 and loss is 0.5387096881866456
At time: 13.013760328292847 accuracy is 0.821875 and loss is 0.36710045337677
At time: 13.172034740447998 accuracy is 0.84375 and loss is 0.3886664390563965
At time: 13.338213443756104 accuracy is 0.809375 and loss is 0.43439955711364747
At time: 13.512979745864868 accuracy is 0.8078125 and loss is 0.37146193981170655
At time: 13.698249101638794 accuracy is 0.8546875 and loss is 0.3488132953643799
At time: 13.892565488815308 accuracy is 0.8375 and loss is 0.37709643840789797
At time: 14.096214294433594 accuracy is 0.878125 and loss is 0.2823732614517212
At time: 14.310567378997803 accuracy is 0.8578125 and loss is 0.41534719467163084
At time: 14.53693175315857 accuracy is 0.85625 and loss is 0.36582040786743164
At time: 14.777256965637207 accuracy is 0.8453125 and loss is 0.39729647636413573
At time: 15.03734016418457 accuracy is 0.8671875 and loss is 0.30195417404174807
Evaluating...
Done Evaluating: Achieved accuracy of 0.8019622093023255
Not better for 1
Completing Train Step at 5th epoch...
At time: 15.87548041343689 accuracy is 0.8296875 and loss is 0.4728415489196777
At time: 16.02057957649231 accuracy is 0.8578125 and loss is 0.34998881816864014
At time: 16.178128480911255 accuracy is 0.8703125 and loss is 0.30776889324188234
At time: 16.344637870788574 accuracy is 0.834375 and loss is 0.34357318878173826
At time: 16.51986002922058 accuracy is 0.846875 and loss is 0.3488044500350952
At time: 16.704787492752075 accuracy is 0.8765625 and loss is 0.2934072732925415
At time: 16.901297092437744 accuracy is 0.8578125 and loss is 0.31883137226104735
At time: 17.106420516967773 accuracy is 0.9046875 and loss is 0.2376837968826294
At time: 17.322341442108154 accuracy is 0.8890625 and loss is 0.36373813152313234
At time: 17.549493551254272 accuracy is 0.8625 and loss is 0.3166067600250244
At time: 17.791046857833862 accuracy is 0.8546875 and loss is 0.30304315090179446
At time: 18.051130771636963 accuracy is 0.8625 and loss is 0.3129056692123413
Evaluating...
Done Evaluating: Achieved accuracy of 0.7852470930232558
Not better for 2
Completing Train Step at 6th epoch...
At time: 18.897566080093384 accuracy is 0.8390625 and loss is 0.44809780120849607
At time: 19.048375129699707 accuracy is 0.8734375 and loss is 0.3046238422393799
At time: 19.20640754699707 accuracy is 0.9109375 and loss is 0.2035611629486084
At time: 19.37154197692871 accuracy is 0.865625 and loss is 0.4109370231628418
At time: 19.546618461608887 accuracy is 0.8921875 and loss is 0.22633025646209717
At time: 19.732369661331177 accuracy is 0.8984375 and loss is 0.23340530395507814
At time: 19.927781105041504 accuracy is 0.9109375 and loss is 0.22924814224243165
At time: 20.133100032806396 accuracy is 0.896875 and loss is 0.24679839611053467
At time: 20.34890079498291 accuracy is 0.9078125 and loss is 0.23897032737731932
At time: 20.575633764266968 accuracy is 0.871875 and loss is 0.3102957963943481
At time: 20.81728768348694 accuracy is 0.8890625 and loss is 0.2593740701675415
At time: 21.078670501708984 accuracy is 0.90625 and loss is 0.23280184268951415
Evaluating...
Done Evaluating: Achieved accuracy of 0.7979651162790697
Not better for 3
Completing Train Step at 7th epoch...
At time: 21.929553747177124 accuracy is 0.86875 and loss is 0.3638838529586792
At time: 22.080015659332275 accuracy is 0.909375 and loss is 0.22917711734771729
At time: 22.23809266090393 accuracy is 0.93125 and loss is 0.19375158548355104
At time: 22.4037082195282 accuracy is 0.915625 and loss is 0.22186024188995362
At time: 22.578831434249878 accuracy is 0.93125 and loss is 0.1794777274131775
At time: 22.7642879486084 accuracy is 0.921875 and loss is 0.19218312501907348
At time: 22.959425687789917 accuracy is 0.9203125 and loss is 0.20231220722198487
At time: 23.164148330688477 accuracy is 0.9078125 and loss is 0.20728700160980223
At time: 23.380552291870117 accuracy is 0.9296875 and loss is 0.22217969894409179
At time: 23.607665061950684 accuracy is 0.921875 and loss is 0.2072533130645752
At time: 23.84872817993164 accuracy is 0.9140625 and loss is 0.2106238603591919
At time: 24.109180212020874 accuracy is 0.903125 and loss is 0.24147841930389405
Evaluating...
Done Evaluating: Achieved accuracy of 0.7576308139534884
Not better for 4
Completing Train Step at 8th epoch...
At time: 24.958443641662598 accuracy is 0.90625 and loss is 0.2530963897705078
At time: 25.108036279678345 accuracy is 0.9296875 and loss is 0.16490029096603392
At time: 25.265105485916138 accuracy is 0.9140625 and loss is 0.22469596862792968
At time: 25.430260181427002 accuracy is 0.8984375 and loss is 0.22987947463989258
At time: 25.605687141418457 accuracy is 0.9375 and loss is 0.16591576337814332
At time: 25.7907874584198 accuracy is 0.934375 and loss is 0.14562894105911256
At time: 25.98608422279358 accuracy is 0.9453125 and loss is 0.1438761591911316
At time: 26.190446376800537 accuracy is 0.928125 and loss is 0.1709085464477539
At time: 26.406081914901733 accuracy is 0.9359375 and loss is 0.16060686111450195
At time: 26.63315510749817 accuracy is 0.9421875 and loss is 0.17237136363983155
At time: 26.874176740646362 accuracy is 0.934375 and loss is 0.15911965370178222
At time: 27.13460683822632 accuracy is 0.9296875 and loss is 0.17978119850158691
Evaluating...
Done Evaluating: Achieved accuracy of 0.7910610465116279
Not better for 5
Completing Train Step at 9th epoch...
At time: 28.056819200515747 accuracy is 0.9171875 and loss is 0.23161668777465821
At time: 28.206729412078857 accuracy is 0.9390625 and loss is 0.16798533201217652
At time: 28.364147424697876 accuracy is 0.93125 and loss is 0.17266563177108765
At time: 28.54398798942566 accuracy is 0.9359375 and loss is 0.18414061069488524
At time: 28.73463273048401 accuracy is 0.9421875 and loss is 0.16091783046722413
At time: 28.934258460998535 accuracy is 0.928125 and loss is 0.19407806396484376
At time: 29.138063430786133 accuracy is 0.953125 and loss is 0.1565167188644409
At time: 29.342262506484985 accuracy is 0.9484375 and loss is 0.11662769317626953
At time: 29.55748224258423 accuracy is 0.94375 and loss is 0.12555798292160034
At time: 29.78381896018982 accuracy is 0.9390625 and loss is 0.13951245546340943
At time: 30.024118423461914 accuracy is 0.965625 and loss is 0.09969152212142944
At time: 30.284101486206055 accuracy is 0.9578125 and loss is 0.10050048828125
Evaluating...
Done Evaluating: Achieved accuracy of 0.7779796511627907
Not better for 6
Completing Train Step at 10th epoch...
At time: 31.12873649597168 accuracy is 0.9421875 and loss is 0.1960613965988159
At time: 31.278948068618774 accuracy is 0.9578125 and loss is 0.11594219207763672
At time: 31.436908960342407 accuracy is 0.9546875 and loss is 0.14754546880722047
At time: 31.602484464645386 accuracy is 0.95625 and loss is 0.12472089529037475
At time: 31.777443647384644 accuracy is 0.9453125 and loss is 0.1664465308189392
At time: 31.962233066558838 accuracy is 0.95625 and loss is 0.11483235359191894
At time: 32.15762495994568 accuracy is 0.95625 and loss is 0.12952324151992797
At time: 32.36257600784302 accuracy is 0.975 and loss is 0.08847163319587707
At time: 32.57858324050903 accuracy is 0.9546875 and loss is 0.11743741035461426
At time: 32.80462694168091 accuracy is 0.971875 and loss is 0.11499917507171631
At time: 33.04543876647949 accuracy is 0.96875 and loss is 0.08269672989845275
At time: 33.30730748176575 accuracy is 0.9828125 and loss is 0.06379400491714478
Evaluating...
Done Evaluating: Achieved accuracy of 0.7779796511627907
Not better for 7
Completing Train Step at 11th epoch...
At time: 34.161842346191406 accuracy is 0.9375 and loss is 0.15652433633804322
At time: 34.32020831108093 accuracy is 0.95625 and loss is 0.1200996994972229
At time: 34.485572814941406 accuracy is 0.959375 and loss is 0.09965773820877075
At time: 34.65578317642212 accuracy is 0.934375 and loss is 0.23311491012573243
At time: 34.83117938041687 accuracy is 0.9546875 and loss is 0.14002654552459717
At time: 35.01600241661072 accuracy is 0.9390625 and loss is 0.1576418399810791
At time: 35.21110010147095 accuracy is 0.95625 and loss is 0.14439159631729126
At time: 35.415127992630005 accuracy is 0.959375 and loss is 0.10697321891784668
At time: 35.629794120788574 accuracy is 0.946875 and loss is 0.11738064289093017
At time: 35.85538935661316 accuracy is 0.9546875 and loss is 0.12855530977249147
At time: 36.09554481506348 accuracy is 0.9546875 and loss is 0.12208586931228638
At time: 36.3556809425354 accuracy is 0.928125 and loss is 0.19037816524505616
Evaluating...
Done Evaluating: Achieved accuracy of 0.7928779069767442
Not better for 8
Completing Train Step at 12th epoch...
At time: 37.19784617424011 accuracy is 0.953125 and loss is 0.13936131000518798
At time: 37.348137855529785 accuracy is 0.975 and loss is 0.07101125717163086
At time: 37.505953788757324 accuracy is 0.9671875 and loss is 0.12930753231048583
At time: 37.671703577041626 accuracy is 0.9546875 and loss is 0.18428213596343995
At time: 37.846274852752686 accuracy is 0.9703125 and loss is 0.10598142147064209
At time: 38.03140902519226 accuracy is 0.971875 and loss is 0.07107188105583191
At time: 38.22731280326843 accuracy is 0.978125 and loss is 0.07735894918441773
At time: 38.43273210525513 accuracy is 0.9578125 and loss is 0.12608516216278076
At time: 38.647844314575195 accuracy is 0.9640625 and loss is 0.0938743770122528
At time: 38.87461519241333 accuracy is 0.9203125 and loss is 0.26875689029693606
At time: 39.11570429801941 accuracy is 0.96875 and loss is 0.11603425741195679
At time: 39.37954521179199 accuracy is 0.9625 and loss is 0.09527827501296997
Evaluating...
Done Evaluating: Achieved accuracy of 0.795421511627907
Not better for 9
Completing Train Step at 13th epoch...
At time: 40.22693109512329 accuracy is 0.96875 and loss is 0.15318220853805542
At time: 40.39481592178345 accuracy is 0.9796875 and loss is 0.06861625909805298
At time: 40.560739040374756 accuracy is 0.971875 and loss is 0.11753782033920288
At time: 40.73240375518799 accuracy is 0.9625 and loss is 0.17399996519088745
At time: 40.91046214103699 accuracy is 0.9671875 and loss is 0.12991185188293458
At time: 41.0964150428772 accuracy is 0.9890625 and loss is 0.038682186603546144
At time: 41.292293310165405 accuracy is 0.978125 and loss is 0.08693307042121887
At time: 41.49728560447693 accuracy is 0.978125 and loss is 0.071566241979599
At time: 41.71402144432068 accuracy is 0.975 and loss is 0.06672951579093933
At time: 41.941017866134644 accuracy is 0.9765625 and loss is 0.07402021884918213
At time: 42.18402433395386 accuracy is 0.971875 and loss is 0.11971961259841919
At time: 42.44400215148926 accuracy is 0.9734375 and loss is 0.05397549271583557
Evaluating...
Done Evaluating: Achieved accuracy of 0.7794331395348837
Not better for 10
Model not improving. Stopping earlyat 0.8085029069767442 epochs.
Done Training. Achieved Best Accuracy of 0.8085029069767442
Improved accuracyfrom 0.8005087209302325 to 0.8085029069767442
keyvalattn
SETTINGS FOR THIS RUN
{'dropout': 0.5903715615698798, 'tune_attn': True, 'batch_size': 32, 'num_layers': 2, 'rnn_dropout': 0.9203371561338217, 'attn_type': 'similarity', 'lr': 0.004682793160559555, 'tune_wordvecs': False, 'l2': 0.14661005127820448, 'wordvec_source': 'glove', 'data': 'MPQA', 'wordvec_dim': 300}
Using CUDA!
here
similarity
Building RNN Classifier...

[93m    Warning: no model found for 'en'[0m

    Only loading the 'en' tokenizer.

Retrieving Data from file: /home-nfs/siddsach/ml/Interpreting-Attention/interpreting_language/data/mpqa/mpqa_subj_labels.pickle...
Loading Vectors From Memory...
Using these vectors: ['GloVe']
Getting GloVe Vectors with 300 dims
Building Vocab...
[<torchtext.vocab.Vectors object at 0x7f4ba35249b0>]
Getting Batches...
Created Iterator with 261 batches
Getting Batches...
Created Iterator with 87 batches
Building model...
similarity
Using Attention model with following args:
{'num_layers': 2, 'vectors': 
 0.0000  0.0000  0.0000  ...   0.0000  0.0000  0.0000
 0.0000  0.0000  0.0000  ...   0.0000  0.0000  0.0000
 0.0000  0.0000  0.0000  ...   0.0000  0.0000  0.0000
          ...             ⋱             ...          
-0.4786 -0.1089 -0.0076  ...   0.7458  0.7174  0.6185
 0.0000  0.0000  0.0000  ...   0.0000  0.0000  0.0000
-0.0479  0.9828  0.9182  ...   0.0424  0.4554 -0.3210
[torch.FloatTensor of size 15284x300]
, 'input_size': 300, 'train_word_vecs': False, 'vocab_size': 15284, 'rnn_dropout': 0.9203371561338217, 'cuda': True, 'attention_dim': 350, 'attn_type': 'similarity', 'hidden_size': 300, 'dropout': 0.5903715615698798, 'num_classes': 2, 'tune_attn': True, 'batch_size': 32}
Not Tuning Word Vectors!
Begin Training...
Completing Train Step at 0th epoch...
At time: 0.18172121047973633 accuracy is 0.490625 and loss is 3.3821743011474608
At time: 0.3545069694519043 accuracy is 0.5109375 and loss is 1.5504350662231445
At time: 0.5374531745910645 accuracy is 0.5171875 and loss is 1.148935890197754
At time: 0.7315349578857422 accuracy is 0.5234375 and loss is 0.9561638832092285
At time: 0.9389863014221191 accuracy is 0.521875 and loss is 0.8991625785827637
At time: 1.1613476276397705 accuracy is 0.6125 and loss is 0.8002810478210449
At time: 1.3967437744140625 accuracy is 0.5875 and loss is 0.7787395000457764
At time: 1.645606517791748 accuracy is 0.6453125 and loss is 0.7633455753326416
At time: 1.9096381664276123 accuracy is 0.63125 and loss is 0.6986277103424072
At time: 2.1886558532714844 accuracy is 0.6640625 and loss is 0.7170960903167725
At time: 2.4873719215393066 accuracy is 0.6515625 and loss is 0.7412003993988037
At time: 2.8160250186920166 accuracy is 0.659375 and loss is 0.6696990013122559
Evaluating...
Done Evaluating: Achieved accuracy of 0.6558866279069767
Achieved new best!
Completing Train Step at 1th epoch...
At time: 3.749680280685425 accuracy is 0.55625 and loss is 0.7818613052368164
At time: 3.8995704650878906 accuracy is 0.5375 and loss is 0.7096811294555664
At time: 4.056966781616211 accuracy is 0.55 and loss is 0.6903617858886719
At time: 4.222078561782837 accuracy is 0.4953125 and loss is 0.7022646903991699
At time: 4.396689414978027 accuracy is 0.4984375 and loss is 0.7030230522155761
At time: 4.581272602081299 accuracy is 0.4921875 and loss is 0.6969927787780762
At time: 4.7765960693359375 accuracy is 0.4546875 and loss is 0.7042953968048096
At time: 4.981946706771851 accuracy is 0.5484375 and loss is 0.6959321975708008
At time: 5.200521230697632 accuracy is 0.596875 and loss is 0.6749488830566406
At time: 5.426697492599487 accuracy is 0.6046875 and loss is 0.6738790035247803
At time: 5.667491912841797 accuracy is 0.6453125 and loss is 0.6512301445007325
At time: 5.929855823516846 accuracy is 0.628125 and loss is 0.6612950801849365
Evaluating...
Done Evaluating: Achieved accuracy of 0.5672238372093024
Not better for 1
Completing Train Step at 2th epoch...
At time: 6.782072067260742 accuracy is 0.434375 and loss is 0.8821342468261719
At time: 6.932570695877075 accuracy is 0.440625 and loss is 0.7443670272827149
At time: 7.090849876403809 accuracy is 0.4875 and loss is 0.705713939666748
At time: 7.272672891616821 accuracy is 0.4828125 and loss is 0.7009191989898682
At time: 7.462346792221069 accuracy is 0.51875 and loss is 0.693181848526001
At time: 7.658077716827393 accuracy is 0.5125 and loss is 0.6928536415100097
At time: 7.850849628448486 accuracy is 0.5453125 and loss is 0.6939680576324463
At time: 8.054287433624268 accuracy is 0.553125 and loss is 0.6896103382110595
At time: 8.26849627494812 accuracy is 0.596875 and loss is 0.6858170509338379
At time: 8.49571418762207 accuracy is 0.603125 and loss is 0.6810244083404541
At time: 8.736297369003296 accuracy is 0.6484375 and loss is 0.651787281036377
At time: 8.995710611343384 accuracy is 0.6296875 and loss is 0.6633155822753907
Evaluating...
Done Evaluating: Achieved accuracy of 0.5668604651162791
Not better for 2
Completing Train Step at 3th epoch...
At time: 9.843956470489502 accuracy is 0.428125 and loss is 0.8581953048706055
At time: 9.994576930999756 accuracy is 0.440625 and loss is 0.7532790184020997
At time: 10.152705907821655 accuracy is 0.4484375 and loss is 0.7098301887512207
At time: 10.318207740783691 accuracy is 0.515625 and loss is 0.6941397190093994
At time: 10.492841243743896 accuracy is 0.51875 and loss is 0.6949710845947266
At time: 10.677555799484253 accuracy is 0.4875 and loss is 0.6956024646759034
At time: 10.871863842010498 accuracy is 0.5453125 and loss is 0.6916328430175781
At time: 11.075221538543701 accuracy is 0.553125 and loss is 0.6888567924499511
At time: 11.290369987487793 accuracy is 0.596875 and loss is 0.6749003887176513
At time: 11.516087055206299 accuracy is 0.603125 and loss is 0.6728424072265625
At time: 11.757229804992676 accuracy is 0.6484375 and loss is 0.64991455078125
At time: 12.017261981964111 accuracy is 0.6296875 and loss is 0.6632570266723633
Evaluating...
Done Evaluating: Achieved accuracy of 0.5672238372093024
Not better for 3
Completing Train Step at 4th epoch...
At time: 12.865129947662354 accuracy is 0.440625 and loss is 0.9574501037597656
At time: 13.015842914581299 accuracy is 0.45 and loss is 0.7593483924865723
At time: 13.1739022731781 accuracy is 0.4453125 and loss is 0.7175514698028564
At time: 13.338803052902222 accuracy is 0.5234375 and loss is 0.6927538394927979
At time: 13.512803316116333 accuracy is 0.5203125 and loss is 0.6979762554168701
At time: 13.697619438171387 accuracy is 0.4875 and loss is 0.7021500110626221
At time: 13.892317295074463 accuracy is 0.453125 and loss is 0.6966781139373779
At time: 14.09571385383606 accuracy is 0.553125 and loss is 0.6883083820343018
At time: 14.309782266616821 accuracy is 0.596875 and loss is 0.6740755558013916
At time: 14.534823179244995 accuracy is 0.603125 and loss is 0.6744438171386719
At time: 14.774911642074585 accuracy is 0.6484375 and loss is 0.6492398262023926
At time: 15.03397274017334 accuracy is 0.6296875 and loss is 0.6593760013580322
Evaluating...
Done Evaluating: Achieved accuracy of 0.5668604651162791
Not better for 4
Completing Train Step at 5th epoch...
At time: 15.880223989486694 accuracy is 0.421875 and loss is 1.0928154945373536
At time: 16.030396699905396 accuracy is 0.446875 and loss is 0.8461798667907715
At time: 16.189197063446045 accuracy is 0.459375 and loss is 0.7186279296875
At time: 16.353813648223877 accuracy is 0.509375 and loss is 0.6923486232757569
At time: 16.52806544303894 accuracy is 0.51875 and loss is 0.6952410697937011
At time: 16.71310806274414 accuracy is 0.4875 and loss is 0.7023334503173828
At time: 16.908109188079834 accuracy is 0.4671875 and loss is 0.6973306179046631
At time: 17.11299419403076 accuracy is 0.553125 and loss is 0.6883389949798584
At time: 17.32860255241394 accuracy is 0.596875 and loss is 0.6740965366363525
At time: 17.55500817298889 accuracy is 0.603125 and loss is 0.6745081424713135
At time: 17.796122074127197 accuracy is 0.6484375 and loss is 0.6488350868225098
At time: 18.05589723587036 accuracy is 0.628125 and loss is 0.6743244171142578
Evaluating...
Done Evaluating: Achieved accuracy of 0.5672238372093024
Not better for 5
Completing Train Step at 6th epoch...
At time: 18.901822328567505 accuracy is 0.425 and loss is 0.9142173767089844
At time: 19.05289387702942 accuracy is 0.4421875 and loss is 0.7297227382659912
At time: 19.21040391921997 accuracy is 0.4703125 and loss is 0.7020104885101318
At time: 19.375690937042236 accuracy is 0.4828125 and loss is 0.6962440967559814
At time: 19.550570249557495 accuracy is 0.51875 and loss is 0.6938597679138183
At time: 19.735124588012695 accuracy is 0.521875 and loss is 0.6933445453643798
At time: 19.930111169815063 accuracy is 0.5453125 and loss is 0.6910362720489502
At time: 20.134861946105957 accuracy is 0.553125 and loss is 0.689356803894043
At time: 20.349812746047974 accuracy is 0.596875 and loss is 0.6760533332824707
At time: 20.576560735702515 accuracy is 0.603125 and loss is 0.6752223014831543
At time: 20.818366527557373 accuracy is 0.6484375 and loss is 0.6520986080169677
At time: 21.0785915851593 accuracy is 0.6296875 and loss is 0.661527442932129
Evaluating...
Done Evaluating: Achieved accuracy of 0.5675872093023255
Not better for 6
Completing Train Step at 7th epoch...
At time: 21.928509950637817 accuracy is 0.434375 and loss is 0.8816437721252441
At time: 22.07892632484436 accuracy is 0.44375 and loss is 0.8004461288452148
At time: 22.236903190612793 accuracy is 0.4484375 and loss is 0.7297418117523193
At time: 22.402201175689697 accuracy is 0.5171875 and loss is 0.692360782623291
At time: 22.576793432235718 accuracy is 0.51875 and loss is 0.6941492557525635
At time: 22.761936902999878 accuracy is 0.4875 and loss is 0.702799654006958
At time: 22.9572913646698 accuracy is 0.4546875 and loss is 0.7008215904235839
At time: 23.16232681274414 accuracy is 0.553125 and loss is 0.6893210411071777
At time: 23.378477334976196 accuracy is 0.596875 and loss is 0.6745299816131591
At time: 23.606035709381104 accuracy is 0.603125 and loss is 0.6739526748657226
At time: 23.847797870635986 accuracy is 0.6484375 and loss is 0.6484166145324707
At time: 24.10842514038086 accuracy is 0.6296875 and loss is 0.6593860626220703
Evaluating...
Done Evaluating: Achieved accuracy of 0.5672238372093024
Not better for 7
Completing Train Step at 8th epoch...
At time: 24.96111011505127 accuracy is 0.4234375 and loss is 0.8108609199523926
At time: 25.1116726398468 accuracy is 0.4421875 and loss is 0.7236464023590088
At time: 25.269145250320435 accuracy is 0.4796875 and loss is 0.699217414855957
At time: 25.43436861038208 accuracy is 0.4828125 and loss is 0.6972424983978271
At time: 25.609241247177124 accuracy is 0.51875 and loss is 0.6936019897460938
At time: 25.79398536682129 accuracy is 0.490625 and loss is 0.6929693222045898
At time: 25.988839387893677 accuracy is 0.5453125 and loss is 0.6909665107727051
At time: 26.192522287368774 accuracy is 0.553125 and loss is 0.6894226551055909
At time: 26.407409191131592 accuracy is 0.596875 and loss is 0.6762212753295899
At time: 26.633546829223633 accuracy is 0.603125 and loss is 0.6756137847900391
At time: 26.874300718307495 accuracy is 0.6484375 and loss is 0.65276198387146
At time: 27.135364294052124 accuracy is 0.6296875 and loss is 0.6609461784362793
Evaluating...
Done Evaluating: Achieved accuracy of 0.5672238372093024
Not better for 8
Completing Train Step at 9th epoch...
At time: 27.984389543533325 accuracy is 0.425 and loss is 0.8857262611389161
At time: 28.135226249694824 accuracy is 0.4421875 and loss is 0.7706440448760986
At time: 28.29312300682068 accuracy is 0.4484375 and loss is 0.7278317451477051
At time: 28.45858645439148 accuracy is 0.5046875 and loss is 0.6921258449554444
At time: 28.632832288742065 accuracy is 0.51875 and loss is 0.694164228439331
At time: 28.817484617233276 accuracy is 0.4875 and loss is 0.7026556968688965
At time: 29.011883974075317 accuracy is 0.4546875 and loss is 0.7005774021148682
At time: 29.215219497680664 accuracy is 0.553125 and loss is 0.6893683433532715
At time: 29.429223775863647 accuracy is 0.596875 and loss is 0.6746521472930909
At time: 29.653934717178345 accuracy is 0.603125 and loss is 0.6736501216888428
At time: 29.893330335617065 accuracy is 0.6484375 and loss is 0.6483119010925293
At time: 30.15224599838257 accuracy is 0.6296875 and loss is 0.6596380710601807
Evaluating...
Done Evaluating: Achieved accuracy of 0.5672238372093024
Not better for 9
Completing Train Step at 10th epoch...
At time: 30.996424436569214 accuracy is 0.425 and loss is 0.8112726211547852
At time: 31.14653992652893 accuracy is 0.4421875 and loss is 0.7239057064056397
At time: 31.304453372955322 accuracy is 0.4828125 and loss is 0.6998480796813965
At time: 31.469263315200806 accuracy is 0.4828125 and loss is 0.6966239929199218
At time: 31.64363956451416 accuracy is 0.5171875 and loss is 0.6945881366729736
At time: 31.827960729599 accuracy is 0.515625 and loss is 0.6976579189300537
At time: 32.02188158035278 accuracy is 0.546875 and loss is 0.6945047378540039
At time: 32.224934339523315 accuracy is 0.553125 and loss is 0.6877184391021729
At time: 32.439610719680786 accuracy is 0.596875 and loss is 0.675762414932251
At time: 32.66536569595337 accuracy is 0.603125 and loss is 0.6723570823669434
At time: 32.90505504608154 accuracy is 0.6484375 and loss is 0.6484007358551025
At time: 33.16447424888611 accuracy is 0.6296875 and loss is 0.6635534286499023
Evaluating...
Done Evaluating: Achieved accuracy of 0.5672238372093024
Not better for 10
Model not improving. Stopping earlyat 0.6558866279069767 epochs.
Done Training. Achieved Best Accuracy of 0.6558866279069767
keyvalattn



RESULTS:
[{'params': {'dropout': 0.07996309919780997, 'tune_attn': True, 'batch_size': 32, 'num_layers': 2, 'rnn_dropout': 0.2724342986421767, 'attn_type': 'similarity', 'lr': 0.0037867061815683154, 'tune_wordvecs': False, 'l2': 0.2433345178656009, 'wordvec_source': 'glove', 'data': 'MPQA', 'wordvec_dim': 300}, 'best_accuracy': 0.8005087209302325}, {'params': {'dropout': 0.38836082356725354, 'tune_attn': True, 'batch_size': 32, 'num_layers': 2, 'rnn_dropout': 0.6354097178002329, 'attn_type': 'similarity', 'lr': 0.0037693937014207394, 'tune_wordvecs': False, 'l2': 0.8703901152690969, 'wordvec_source': 'glove', 'data': 'MPQA', 'wordvec_dim': 300}, 'best_accuracy': 0.7946947674418605}, {'params': {'dropout': 0.893628201909932, 'tune_attn': True, 'batch_size': 32, 'num_layers': 2, 'rnn_dropout': 0.6552538114566435, 'attn_type': 'similarity', 'lr': 0.0010906910679293288, 'tune_wordvecs': False, 'l2': 0.13238419117362477, 'wordvec_source': 'glove', 'data': 'MPQA', 'wordvec_dim': 300}, 'best_accuracy': 0.7888808139534884}, {'params': {'dropout': 0.3169858889101349, 'tune_attn': True, 'batch_size': 32, 'num_layers': 2, 'rnn_dropout': 0.7607471333965609, 'attn_type': 'similarity', 'lr': 0.001512438878777721, 'tune_wordvecs': False, 'l2': 0.028829507835809953, 'wordvec_source': 'glove', 'data': 'MPQA', 'wordvec_dim': 300}, 'best_accuracy': 0.8085029069767442}, {'params': {'dropout': 0.5903715615698798, 'tune_attn': True, 'batch_size': 32, 'num_layers': 2, 'rnn_dropout': 0.9203371561338217, 'attn_type': 'similarity', 'lr': 0.004682793160559555, 'tune_wordvecs': False, 'l2': 0.14661005127820448, 'wordvec_source': 'glove', 'data': 'MPQA', 'wordvec_dim': 300}, 'best_accuracy': 0.6558866279069767}]
