Building Bayesian Optimizer for 
 data:gigasmall 
 choices:[{'name': 'lr', 'type': 'continuous', 'domain': [0, 30]}, {'name': 'dropout', 'type': 'continuous', 'domain': [0, 1]}, {'name': 'anneal', 'type': 'continuous', 'domain': [2, 8]}]
SETTINGS FOR THIS RUN
{'wordvec_source': '', 'lr': 0.1325602426898187, 'anneal': 2.785422959238402, 'num_layers': 1, 'data': 'gigasmall', 'wordvec_dim': 200, 'seq_len': 20, 'dropout': 0.18112156871555463, 'tune_wordvecs': True, 'batch_size': 50}
Preparing Data Loaders

[93m    Warning: no model found for 'en'[0m

    Only loading the 'en' tokenizer.

Retrieving Train Data from file: /home-nfs/siddsach/Interpreting-Attention/interpreting_language/data/gigaword/gigaword_small_train.txt...
Got Train Dataset with 21438304 words
Retrieving Valid Data from file: /home-nfs/siddsach/Interpreting-Attention/interpreting_language/data/gigaword/gigaword_small_val.txt...
Retrieving Test Data from file: /home-nfs/siddsach/Interpreting-Attention/interpreting_language/data/gigaword/gigaword_small_test.txt...
Loading Vectors From Memory...
Building Vocab...
Found 55221 tokens
Getting Batches...
Created Iterator with 21439 batches
Initializing Model parameters...
Constructing LSTM with 1 layers and 200 hidden size...
here
200
200
Using Cross Entropy Loss ...
Begin Training...
Finished 0 epochs...
Completing Train Step...
At time: 7.21113133430481 and batch: 50, loss is 10.82718418121338 and perplexity is 50371.66941406352
At time: 8.96572756767273 and batch: 100, loss is 10.535749244689942 and perplexity is 37637.23924453775
At time: 10.729190826416016 and batch: 150, loss is 10.034267082214356 and perplexity is 22794.329599033972
At time: 12.489439249038696 and batch: 200, loss is 9.343973045349122 and perplexity is 11429.728981456969
At time: 14.24208116531372 and batch: 250, loss is 8.827168254852294 and perplexity is 6816.9555770927245
At time: 15.996697425842285 and batch: 300, loss is 8.453493843078613 and perplexity is 4691.435273456034
At time: 17.749998807907104 and batch: 350, loss is 8.18569905281067 and perplexity is 3589.2518190426476
At time: 19.513043642044067 and batch: 400, loss is 8.011152563095093 and perplexity is 3014.3893854513044
At time: 21.289424419403076 and batch: 450, loss is 7.905940799713135 and perplexity is 2713.354034476009
At time: 23.672523975372314 and batch: 500, loss is 7.804036045074463 and perplexity is 2450.472262273258
At time: 25.431286334991455 and batch: 550, loss is 7.6851091480255125 and perplexity is 2175.707434817693
At time: 27.184533834457397 and batch: 600, loss is 7.603262519836425 and perplexity is 2004.72569485762
At time: 28.93787932395935 and batch: 650, loss is 7.541498003005981 and perplexity is 1884.651124677357
At time: 30.6871280670166 and batch: 700, loss is 7.5142740058898925 and perplexity is 1834.0354938802234
At time: 32.438331604003906 and batch: 750, loss is 7.483279361724853 and perplexity is 1778.062134453142
At time: 34.196587324142456 and batch: 800, loss is 7.426590518951416 and perplexity is 1680.0696316538933
At time: 35.95714712142944 and batch: 850, loss is 7.3791967868804935 and perplexity is 1602.3022606332427
At time: 37.708635568618774 and batch: 900, loss is 7.318408803939819 and perplexity is 1507.8028499892857
At time: 39.45912575721741 and batch: 950, loss is 7.325692024230957 and perplexity is 1518.824598491579
At time: 41.2137987613678 and batch: 1000, loss is 7.274822826385498 and perplexity is 1443.495420189566
At time: 42.97282576560974 and batch: 1050, loss is 7.268568887710571 and perplexity is 1434.496058414203
At time: 44.73076343536377 and batch: 1100, loss is 7.230897798538208 and perplexity is 1381.4622222589326
At time: 46.48983287811279 and batch: 1150, loss is 7.176986026763916 and perplexity is 1308.957145159426
At time: 48.248727560043335 and batch: 1200, loss is 7.1341579246521 and perplexity is 1254.0805137224813
At time: 50.00554847717285 and batch: 1250, loss is 7.144225120544434 and perplexity is 1266.7693512594803
At time: 51.76247811317444 and batch: 1300, loss is 7.127019701004028 and perplexity is 1245.1604810131444
At time: 53.51742959022522 and batch: 1350, loss is 7.095620565414428 and perplexity is 1206.670949451284
At time: 55.27101802825928 and batch: 1400, loss is 7.058293113708496 and perplexity is 1162.4592856001093
At time: 57.03235149383545 and batch: 1450, loss is 7.040414953231812 and perplexity is 1141.8613273842705
At time: 58.794527769088745 and batch: 1500, loss is 7.05167971611023 and perplexity is 1154.7968454619188
At time: 60.55117607116699 and batch: 1550, loss is 7.008029232025146 and perplexity is 1105.4737244871749
At time: 62.30569243431091 and batch: 1600, loss is 7.01840482711792 and perplexity is 1117.0033823355407
At time: 64.07451486587524 and batch: 1650, loss is 7.009367351531982 and perplexity is 1106.9539705944285
At time: 65.84013772010803 and batch: 1700, loss is 6.9860490036010745 and perplexity is 1081.4402576520622
At time: 67.61079597473145 and batch: 1750, loss is 6.9966865921020505 and perplexity is 1093.0055786048208
At time: 69.40644240379333 and batch: 1800, loss is 6.95873761177063 and perplexity is 1052.3043018363044
At time: 71.1815574169159 and batch: 1850, loss is 6.969859609603882 and perplexity is 1064.0733543717238
At time: 72.94836091995239 and batch: 1900, loss is 6.98218991279602 and perplexity is 1077.2749238675754
At time: 74.7130138874054 and batch: 1950, loss is 6.930535221099854 and perplexity is 1023.0413864537785
At time: 76.47704339027405 and batch: 2000, loss is 6.885071706771851 and perplexity is 977.571765711107
At time: 78.24173426628113 and batch: 2050, loss is 6.916798677444458 and perplexity is 1009.0844135355127
At time: 80.00617671012878 and batch: 2100, loss is 6.876342067718506 and perplexity is 969.0750576038664
At time: 81.77236461639404 and batch: 2150, loss is 6.85778775215149 and perplexity is 951.2603144364533
At time: 83.54813623428345 and batch: 2200, loss is 6.890757246017456 and perplexity is 983.1456185151629
At time: 85.3224265575409 and batch: 2250, loss is 6.855066499710083 and perplexity is 948.675213934175
At time: 87.08972263336182 and batch: 2300, loss is 6.902510509490967 and perplexity is 994.7689602986563
At time: 88.85621428489685 and batch: 2350, loss is 6.923548192977905 and perplexity is 1015.9182811634874
At time: 90.6200430393219 and batch: 2400, loss is 6.898967018127442 and perplexity is 991.2502430331028
At time: 92.3844633102417 and batch: 2450, loss is 6.878978710174561 and perplexity is 971.6335334546892
At time: 94.15593481063843 and batch: 2500, loss is 6.896776580810547 and perplexity is 989.081347792118
At time: 95.92905569076538 and batch: 2550, loss is 6.844725904464721 and perplexity is 938.9158930827984
At time: 97.69578719139099 and batch: 2600, loss is 6.817675457000733 and perplexity is 913.8582363846538
At time: 99.45990705490112 and batch: 2650, loss is 6.803118438720703 and perplexity is 900.6515435813479
At time: 101.22479200363159 and batch: 2700, loss is 6.847095155715943 and perplexity is 941.1430580521502
At time: 102.99013066291809 and batch: 2750, loss is 6.834115247726441 and perplexity is 929.0060467994866
At time: 104.76162838935852 and batch: 2800, loss is 6.784232263565063 and perplexity is 883.801299954469
At time: 106.53674173355103 and batch: 2850, loss is 6.773692331314087 and perplexity is 874.5350129309728
At time: 108.30333232879639 and batch: 2900, loss is 6.756150426864624 and perplexity is 859.327775212183
At time: 110.07217693328857 and batch: 2950, loss is 6.799223642349244 and perplexity is 897.1505115466138
At time: 111.83869862556458 and batch: 3000, loss is 6.810467109680176 and perplexity is 907.2945140313026
At time: 113.60692739486694 and batch: 3050, loss is 6.7877050971984865 and perplexity is 886.8759305843948
At time: 115.37959671020508 and batch: 3100, loss is 6.79749418258667 and perplexity is 895.6002667653096
At time: 117.15602707862854 and batch: 3150, loss is 6.732762336730957 and perplexity is 839.4629454669126
At time: 118.93164014816284 and batch: 3200, loss is 6.719909152984619 and perplexity is 828.7422193043428
At time: 120.70112776756287 and batch: 3250, loss is 6.765805339813232 and perplexity is 867.6646914142747
At time: 122.46795439720154 and batch: 3300, loss is 6.719940242767334 and perplexity is 828.767985120392
At time: 124.23086810112 and batch: 3350, loss is 6.74512996673584 and perplexity is 849.9095794734337
At time: 126.00420212745667 and batch: 3400, loss is 6.715625648498535 and perplexity is 825.1998904971541
At time: 127.77812075614929 and batch: 3450, loss is 6.715469074249268 and perplexity is 825.0706955583684
At time: 129.5475594997406 and batch: 3500, loss is 6.710521421432495 and perplexity is 820.9986141368046
At time: 131.31106734275818 and batch: 3550, loss is 6.651046562194824 and perplexity is 773.5935157550954
At time: 133.07787251472473 and batch: 3600, loss is 6.658167343139649 and perplexity is 779.121765088001
At time: 134.84378027915955 and batch: 3650, loss is 6.707177000045776 and perplexity is 818.2574351969967
At time: 136.61271214485168 and batch: 3700, loss is 6.699104948043823 and perplexity is 811.6790050639177
At time: 138.387526512146 and batch: 3750, loss is 6.668414039611816 and perplexity is 787.1462312538222
At time: 140.1584177017212 and batch: 3800, loss is 6.637558546066284 and perplexity is 763.2293272349201
At time: 141.92624378204346 and batch: 3850, loss is 6.741096620559692 and perplexity is 846.4885037501397
At time: 143.6908941268921 and batch: 3900, loss is 6.7184286880493165 and perplexity is 827.5162032690624
At time: 145.46150016784668 and batch: 3950, loss is 6.692359066009521 and perplexity is 806.221941294757
At time: 147.24833750724792 and batch: 4000, loss is 6.642170991897583 and perplexity is 766.7578123813452
At time: 149.0213725566864 and batch: 4050, loss is 6.693996086120605 and perplexity is 807.5428236871952
At time: 150.78838419914246 and batch: 4100, loss is 6.622996129989624 and perplexity is 752.1953995238068
At time: 152.560293674469 and batch: 4150, loss is 6.628679208755493 and perplexity is 756.4823552420158
At time: 154.33739948272705 and batch: 4200, loss is 6.661455965042114 and perplexity is 781.6882197257993
At time: 156.1130497455597 and batch: 4250, loss is 6.696329526901245 and perplexity is 809.4293772686157
At time: 157.88556051254272 and batch: 4300, loss is 6.653334121704102 and perplexity is 775.365182582442
At time: 159.65531277656555 and batch: 4350, loss is 6.696943159103394 and perplexity is 809.9262216241306
At time: 161.4202423095703 and batch: 4400, loss is 6.647164821624756 and perplexity is 770.596447105028
At time: 163.1861162185669 and batch: 4450, loss is 6.577348327636718 and perplexity is 718.6312259735413
At time: 164.95113396644592 and batch: 4500, loss is 6.63295093536377 and perplexity is 759.7207528978855
At time: 166.72108793258667 and batch: 4550, loss is 6.620701818466187 and perplexity is 750.4716071652898
At time: 168.5174171924591 and batch: 4600, loss is 6.63407636642456 and perplexity is 760.5762475405486
At time: 170.29860186576843 and batch: 4650, loss is 6.601840629577636 and perplexity is 736.4494731748514
At time: 172.07079076766968 and batch: 4700, loss is 6.606438245773315 and perplexity is 739.8431807043349
At time: 173.84282302856445 and batch: 4750, loss is 6.586212863922119 and perplexity is 725.0298771894986
At time: 175.6161172389984 and batch: 4800, loss is 6.571293506622315 and perplexity is 714.2931887972436
At time: 177.38812112808228 and batch: 4850, loss is 6.55117504119873 and perplexity is 700.0662974480666
At time: 179.16271924972534 and batch: 4900, loss is 6.552384376525879 and perplexity is 700.9134244799968
At time: 180.93370461463928 and batch: 4950, loss is 6.570638790130615 and perplexity is 713.8256823254277
At time: 182.71491718292236 and batch: 5000, loss is 6.605762014389038 and perplexity is 739.3430446490065
At time: 184.49895477294922 and batch: 5050, loss is 6.578969526290893 and perplexity is 719.7972148443525
At time: 186.27433371543884 and batch: 5100, loss is 6.573720026016235 and perplexity is 716.0285396525801
At time: 188.04834914207458 and batch: 5150, loss is 6.532228803634643 and perplexity is 686.9275331625253
At time: 189.81941509246826 and batch: 5200, loss is 6.541019515991211 and perplexity is 692.9927351813856
At time: 191.59082198143005 and batch: 5250, loss is 6.595430450439453 and perplexity is 731.7437983480423
At time: 193.37061500549316 and batch: 5300, loss is 6.5695069313049315 and perplexity is 713.0181894970373
At time: 195.15094017982483 and batch: 5350, loss is 6.567783327102661 and perplexity is 711.7902868623843
At time: 196.92526650428772 and batch: 5400, loss is 6.548454179763794 and perplexity is 698.1641030346609
At time: 198.7032973766327 and batch: 5450, loss is 6.57442497253418 and perplexity is 716.5334794352173
At time: 200.49658870697021 and batch: 5500, loss is 6.510870132446289 and perplexity is 672.4112499592244
At time: 202.26904249191284 and batch: 5550, loss is 6.479722805023194 and perplexity is 651.7902482452917
At time: 204.05184245109558 and batch: 5600, loss is 6.525866708755493 and perplexity is 682.5711077117749
At time: 205.8406548500061 and batch: 5650, loss is 6.548793668746948 and perplexity is 698.4011622933018
At time: 207.61088013648987 and batch: 5700, loss is 6.550558481216431 and perplexity is 699.634797620536
At time: 209.37805438041687 and batch: 5750, loss is 6.558164796829224 and perplexity is 704.9767311659607
At time: 211.14601874351501 and batch: 5800, loss is 6.5179558277130125 and perplexity is 677.1926710115299
At time: 212.9100661277771 and batch: 5850, loss is 6.56106143951416 and perplexity is 707.0217572824074
At time: 214.68083024024963 and batch: 5900, loss is 6.519166564941406 and perplexity is 678.0130699326592
At time: 216.45565462112427 and batch: 5950, loss is 6.521915006637573 and perplexity is 679.879112504551
At time: 218.22416400909424 and batch: 6000, loss is 6.512839393615723 and perplexity is 673.7367079818245
At time: 219.99162459373474 and batch: 6050, loss is 6.514584350585937 and perplexity is 674.9133758653521
At time: 221.75690031051636 and batch: 6100, loss is 6.4799644470214846 and perplexity is 651.9477671741721
At time: 223.5225522518158 and batch: 6150, loss is 6.485106458663941 and perplexity is 655.3087238169644
At time: 225.29138207435608 and batch: 6200, loss is 6.482845735549927 and perplexity is 653.8289255755154
At time: 227.06856107711792 and batch: 6250, loss is 6.472398548126221 and perplexity is 647.0338089788954
At time: 228.83909344673157 and batch: 6300, loss is 6.4532050514221195 and perplexity is 634.7333893413407
At time: 230.6056251525879 and batch: 6350, loss is 6.445347328186035 and perplexity is 629.7653742450149
At time: 232.37190508842468 and batch: 6400, loss is 6.440973606109619 and perplexity is 627.0169702835432
At time: 234.13563990592957 and batch: 6450, loss is 6.513967056274414 and perplexity is 674.4968842398403
At time: 235.9095175266266 and batch: 6500, loss is 6.5452014827728275 and perplexity is 695.8968760576478
At time: 237.6862597465515 and batch: 6550, loss is 6.542598714828491 and perplexity is 694.0879730746167
At time: 239.45641040802002 and batch: 6600, loss is 6.528938856124878 and perplexity is 684.6712911294209
At time: 241.2246675491333 and batch: 6650, loss is 6.54865837097168 and perplexity is 698.3066765617972
At time: 242.99062705039978 and batch: 6700, loss is 6.517225780487061 and perplexity is 676.6984687980499
At time: 244.75479745864868 and batch: 6750, loss is 6.466306600570679 and perplexity is 643.1040949071809
At time: 246.5284857749939 and batch: 6800, loss is 6.451084957122803 and perplexity is 633.3891201932096
At time: 248.30274415016174 and batch: 6850, loss is 6.5589669322967525 and perplexity is 705.5424448649901
At time: 250.06643652915955 and batch: 6900, loss is 6.485833082199097 and perplexity is 655.7850595959187
At time: 251.83257222175598 and batch: 6950, loss is 6.488054647445678 and perplexity is 657.2435483576711
At time: 253.59820556640625 and batch: 7000, loss is 6.512633800506592 and perplexity is 673.598206595248
At time: 255.3807017803192 and batch: 7050, loss is 6.465877838134766 and perplexity is 642.8284151336918
At time: 257.1527886390686 and batch: 7100, loss is 6.482465333938599 and perplexity is 653.5802552989792
At time: 258.9196557998657 and batch: 7150, loss is 6.428599691390991 and perplexity is 619.3061208489595
At time: 260.68719959259033 and batch: 7200, loss is 6.4420169162750245 and perplexity is 627.671484833994
At time: 262.4494421482086 and batch: 7250, loss is 6.450846405029297 and perplexity is 633.2380419133198
At time: 264.2183198928833 and batch: 7300, loss is 6.492857847213745 and perplexity is 660.4080141134231
At time: 265.9903824329376 and batch: 7350, loss is 6.450533819198609 and perplexity is 633.0401316075552
At time: 267.7642252445221 and batch: 7400, loss is 6.485358247756958 and perplexity is 655.4737441804725
At time: 269.5389428138733 and batch: 7450, loss is 6.485298862457276 and perplexity is 655.4348198315191
At time: 271.30738973617554 and batch: 7500, loss is 6.468329677581787 and perplexity is 644.4064609665564
At time: 273.0874991416931 and batch: 7550, loss is 6.423367900848389 and perplexity is 616.0745018908977
At time: 274.8599877357483 and batch: 7600, loss is 6.431480627059937 and perplexity is 621.0928744678195
At time: 276.6329433917999 and batch: 7650, loss is 6.467617559432983 and perplexity is 643.9477307849253
At time: 278.403568983078 and batch: 7700, loss is 6.495711145401001 and perplexity is 662.2950459549656
At time: 280.1692056655884 and batch: 7750, loss is 6.457035007476807 and perplexity is 637.1690515913469
At time: 281.9334578514099 and batch: 7800, loss is 6.38493655204773 and perplexity is 592.8471164697756
At time: 283.7033817768097 and batch: 7850, loss is 6.444729404449463 and perplexity is 629.3763474786128
At time: 285.48291277885437 and batch: 7900, loss is 6.415946102142334 and perplexity is 611.51904669636
At time: 287.2548930644989 and batch: 7950, loss is 6.389744081497192 and perplexity is 595.7041084751892
At time: 289.03012013435364 and batch: 8000, loss is 6.397103099822998 and perplexity is 600.1040757895424
At time: 290.80986070632935 and batch: 8050, loss is 6.423576288223266 and perplexity is 616.2028974166145
At time: 292.58875250816345 and batch: 8100, loss is 6.39011209487915 and perplexity is 595.9233759029944
At time: 294.3601129055023 and batch: 8150, loss is 6.3794850158691405 and perplexity is 589.6239824642105
At time: 296.1464812755585 and batch: 8200, loss is 6.4247347927093506 and perplexity is 616.9171849103536
At time: 297.9206018447876 and batch: 8250, loss is 6.421907501220703 and perplexity is 615.1754435697187
At time: 299.68741059303284 and batch: 8300, loss is 6.369293127059937 and perplexity is 583.6451201001425
At time: 301.45218300819397 and batch: 8350, loss is 6.415376272201538 and perplexity is 611.1706840973314
At time: 303.21622490882874 and batch: 8400, loss is 6.370544967651367 and perplexity is 584.3762082599168
At time: 304.98230719566345 and batch: 8450, loss is 6.431874103546143 and perplexity is 621.3373079959418
At time: 306.75724744796753 and batch: 8500, loss is 6.366133365631104 and perplexity is 581.8038512785743
At time: 308.5309135913849 and batch: 8550, loss is 6.40682373046875 and perplexity is 605.9659100649416
At time: 310.30304884910583 and batch: 8600, loss is 6.387307729721069 and perplexity is 594.2545302707133
At time: 312.0744261741638 and batch: 8650, loss is 6.384856834411621 and perplexity is 592.799857982769
At time: 313.83705258369446 and batch: 8700, loss is 6.439297876358032 and perplexity is 625.9671391539848
At time: 315.59968614578247 and batch: 8750, loss is 6.339459924697876 and perplexity is 566.4902813395561
At time: 317.3637993335724 and batch: 8800, loss is 6.4242206382751466 and perplexity is 616.6000757327259
At time: 319.1297776699066 and batch: 8850, loss is 6.394473476409912 and perplexity is 598.5281010797003
At time: 320.915420293808 and batch: 8900, loss is 6.4293645477294925 and perplexity is 619.779982255813
At time: 322.6979284286499 and batch: 8950, loss is 6.419535722732544 and perplexity is 613.7181126024994
At time: 324.46464014053345 and batch: 9000, loss is 6.397175273895264 and perplexity is 600.1473893075129
At time: 326.2345962524414 and batch: 9050, loss is 6.460913791656494 and perplexity is 639.6452921251705
At time: 327.999347448349 and batch: 9100, loss is 6.399770727157593 and perplexity is 601.7070669666558
At time: 329.7659327983856 and batch: 9150, loss is 6.4169508075714115 and perplexity is 612.1337519497043
At time: 331.5404095649719 and batch: 9200, loss is 6.435710859298706 and perplexity is 623.7258065995269
At time: 333.3133728504181 and batch: 9250, loss is 6.355404644012451 and perplexity is 575.5952046959367
At time: 335.08345246315 and batch: 9300, loss is 6.409520950317383 and perplexity is 607.6025395276938
At time: 336.8485050201416 and batch: 9350, loss is 6.377599039077759 and perplexity is 588.5130132779927
At time: 338.6134977340698 and batch: 9400, loss is 6.413414478302002 and perplexity is 609.9728684955272
At time: 340.38030338287354 and batch: 9450, loss is 6.34188178062439 and perplexity is 567.8639018688393
At time: 342.1519453525543 and batch: 9500, loss is 6.360770149230957 and perplexity is 578.6918639120228
At time: 343.93210768699646 and batch: 9550, loss is 6.36441632270813 and perplexity is 580.8057262501613
At time: 345.7033495903015 and batch: 9600, loss is 6.346746377944946 and perplexity is 570.6330610456162
At time: 347.47877049446106 and batch: 9650, loss is 6.3250142860412595 and perplexity is 558.365790444727
At time: 349.2432773113251 and batch: 9700, loss is 6.395959892272949 and perplexity is 599.4184242749533
At time: 351.0061454772949 and batch: 9750, loss is 6.379458808898926 and perplexity is 589.608530408541
At time: 352.77593874931335 and batch: 9800, loss is 6.389156160354614 and perplexity is 595.3539843678634
At time: 354.5493412017822 and batch: 9850, loss is 6.341889886856079 and perplexity is 567.8685051238535
At time: 356.3226945400238 and batch: 9900, loss is 6.350838956832885 and perplexity is 572.9732072141162
At time: 358.0927777290344 and batch: 9950, loss is 6.326045036315918 and perplexity is 558.941622855313
At time: 359.86765813827515 and batch: 10000, loss is 6.367623529434204 and perplexity is 582.6714806126141
At time: 361.63432693481445 and batch: 10050, loss is 6.341333694458008 and perplexity is 567.5527487969738
At time: 363.4054071903229 and batch: 10100, loss is 6.334454536437988 and perplexity is 563.6618621094474
At time: 365.1749918460846 and batch: 10150, loss is 6.364690542221069 and perplexity is 580.9650163527551
At time: 366.9347302913666 and batch: 10200, loss is 6.315158843994141 and perplexity is 552.8898768531994
At time: 368.69493436813354 and batch: 10250, loss is 6.321403255462647 and perplexity is 556.3531505404902
At time: 370.4528443813324 and batch: 10300, loss is 6.34954309463501 and perplexity is 572.2311937719129
At time: 372.218852519989 and batch: 10350, loss is 6.311452207565307 and perplexity is 550.8443085255935
At time: 373.984317779541 and batch: 10400, loss is 6.364308681488037 and perplexity is 580.7432109778213
At time: 375.74923372268677 and batch: 10450, loss is 6.321028375625611 and perplexity is 556.1446240507115
At time: 377.5288610458374 and batch: 10500, loss is 6.345236759185791 and perplexity is 569.7722725667601
At time: 379.2979874610901 and batch: 10550, loss is 6.389443712234497 and perplexity is 595.5252041413685
At time: 381.0582869052887 and batch: 10600, loss is 6.287226371765136 and perplexity is 537.659990129075
At time: 382.81951546669006 and batch: 10650, loss is 6.372939777374268 and perplexity is 585.7773551557497
At time: 384.5788071155548 and batch: 10700, loss is 6.34970477104187 and perplexity is 572.3237175344688
At time: 386.33905124664307 and batch: 10750, loss is 6.2890488719940185 and perplexity is 538.6407690475758
At time: 388.0991578102112 and batch: 10800, loss is 6.303521156311035 and perplexity is 546.4928128587727
At time: 389.8667936325073 and batch: 10850, loss is 6.310738687515259 and perplexity is 550.4514102540716
At time: 391.6313445568085 and batch: 10900, loss is 6.276001844406128 and perplexity is 531.6587543852734
At time: 393.4008867740631 and batch: 10950, loss is 6.258935651779175 and perplexity is 522.6623492158016
At time: 395.1607766151428 and batch: 11000, loss is 6.314484624862671 and perplexity is 552.5172335563653
At time: 396.9213583469391 and batch: 11050, loss is 6.251902933120728 and perplexity is 518.9995069267957
At time: 398.6823227405548 and batch: 11100, loss is 6.272456388473511 and perplexity is 529.7771192986037
At time: 400.44256830215454 and batch: 11150, loss is 6.25605863571167 and perplexity is 521.1608022623033
At time: 402.202595949173 and batch: 11200, loss is 6.277644281387329 and perplexity is 532.5326878787391
At time: 403.960853099823 and batch: 11250, loss is 6.31949031829834 and perplexity is 555.2898992130638
At time: 405.72207045555115 and batch: 11300, loss is 6.293548431396484 and perplexity is 541.0698760417888
At time: 407.4868743419647 and batch: 11350, loss is 6.351991758346558 and perplexity is 573.6341124677823
At time: 409.246395111084 and batch: 11400, loss is 6.315191478729248 and perplexity is 552.9079205622983
At time: 411.01278281211853 and batch: 11450, loss is 6.287639932632446 and perplexity is 537.8823912459402
At time: 412.7810118198395 and batch: 11500, loss is 6.320399990081787 and perplexity is 555.7952605876538
At time: 414.5449028015137 and batch: 11550, loss is 6.282304286956787 and perplexity is 535.0200843094983
At time: 416.30429220199585 and batch: 11600, loss is 6.280765523910523 and perplexity is 534.197448258051
At time: 418.06242966651917 and batch: 11650, loss is 6.3341959285736085 and perplexity is 563.516113565727
At time: 419.82566380500793 and batch: 11700, loss is 6.337829723358154 and perplexity is 565.5675404550428
At time: 421.5928313732147 and batch: 11750, loss is 6.317616052627564 and perplexity is 554.2501131396975
At time: 423.35118794441223 and batch: 11800, loss is 6.290236282348633 and perplexity is 539.2807365509871
At time: 425.11703753471375 and batch: 11850, loss is 6.31826075553894 and perplexity is 554.6075550107963
At time: 426.8798449039459 and batch: 11900, loss is 6.381751670837402 and perplexity is 590.9619724013864
At time: 428.6400978565216 and batch: 11950, loss is 6.265424098968506 and perplexity is 526.0646421291311
At time: 430.40127301216125 and batch: 12000, loss is 6.281709041595459 and perplexity is 534.7017108506584
At time: 432.1684329509735 and batch: 12050, loss is 6.311954231262207 and perplexity is 551.1209148474304
At time: 433.94023609161377 and batch: 12100, loss is 6.304710998535156 and perplexity is 547.1434400778003
At time: 435.7130353450775 and batch: 12150, loss is 6.320123701095581 and perplexity is 555.6417216900978
At time: 437.48436760902405 and batch: 12200, loss is 6.270053415298462 and perplexity is 528.5056074084949
At time: 439.2495138645172 and batch: 12250, loss is 6.3203717231750485 and perplexity is 555.7795501969
At time: 441.0139150619507 and batch: 12300, loss is 6.287748956680298 and perplexity is 537.9410365583187
At time: 442.77971839904785 and batch: 12350, loss is 6.346311416625976 and perplexity is 570.38491170833
At time: 444.55400013923645 and batch: 12400, loss is 6.330167503356933 and perplexity is 561.2505973389563
At time: 446.33149671554565 and batch: 12450, loss is 6.3343616771698 and perplexity is 563.6095233115349
At time: 448.1000940799713 and batch: 12500, loss is 6.301927862167358 and perplexity is 545.6227823517929
At time: 449.8656539916992 and batch: 12550, loss is 6.333333282470703 and perplexity is 563.0302081987534
At time: 451.6299707889557 and batch: 12600, loss is 6.3123330402374265 and perplexity is 551.3297239432887
At time: 453.3974986076355 and batch: 12650, loss is 6.252789249420166 and perplexity is 519.459708561164
At time: 455.1744821071625 and batch: 12700, loss is 6.31775993347168 and perplexity is 554.3298648510618
At time: 456.9499731063843 and batch: 12750, loss is 6.2610538291931155 and perplexity is 523.7706141355197
At time: 458.7158131599426 and batch: 12800, loss is 6.331954574584961 and perplexity is 562.2544888788464
At time: 460.48256182670593 and batch: 12850, loss is 6.291589832305908 and perplexity is 540.0111741993095
At time: 462.258376121521 and batch: 12900, loss is 6.289792203903199 and perplexity is 539.041306766585
At time: 464.032856464386 and batch: 12950, loss is 6.259472608566284 and perplexity is 522.9430716727489
At time: 465.8075063228607 and batch: 13000, loss is 6.204511957168579 and perplexity is 494.9773268462254
At time: 467.5816113948822 and batch: 13050, loss is 6.276873912811279 and perplexity is 532.122599410194
At time: 469.36007046699524 and batch: 13100, loss is 6.211231336593628 and perplexity is 498.31446650990387
At time: 471.13735151290894 and batch: 13150, loss is 6.242578964233399 and perplexity is 514.1828616919244
At time: 472.9065845012665 and batch: 13200, loss is 6.244848289489746 and perplexity is 515.3510348274177
At time: 474.67823910713196 and batch: 13250, loss is 6.2494862842559815 and perplexity is 517.7467816657967
At time: 476.44833159446716 and batch: 13300, loss is 6.269757146835327 and perplexity is 528.3490510569299
At time: 478.2216091156006 and batch: 13350, loss is 6.25998218536377 and perplexity is 523.209619235938
At time: 479.9943423271179 and batch: 13400, loss is 6.271133527755738 and perplexity is 529.0767612984849
At time: 481.7694687843323 and batch: 13450, loss is 6.33053955078125 and perplexity is 561.4594480268635
At time: 483.53274512290955 and batch: 13500, loss is 6.274386796951294 and perplexity is 530.8007932776054
At time: 485.29917001724243 and batch: 13550, loss is 6.226035432815552 and perplexity is 505.74643789780714
At time: 487.0716016292572 and batch: 13600, loss is 6.2220845222473145 and perplexity is 503.7522210318062
At time: 488.84840750694275 and batch: 13650, loss is 6.157525968551636 and perplexity is 472.2582465817919
At time: 490.61847281455994 and batch: 13700, loss is 6.212038183212281 and perplexity is 498.7166920975898
At time: 492.3825056552887 and batch: 13750, loss is 6.193447103500366 and perplexity is 489.53066398924733
At time: 494.1447832584381 and batch: 13800, loss is 6.253819875717163 and perplexity is 519.9953533744394
At time: 495.90634179115295 and batch: 13850, loss is 6.260087213516235 and perplexity is 523.2645738614395
At time: 497.6717748641968 and batch: 13900, loss is 6.260395936965942 and perplexity is 523.4261428445751
At time: 499.4429235458374 and batch: 13950, loss is 6.2638896942138675 and perplexity is 525.2580650071369
At time: 501.21600818634033 and batch: 14000, loss is 6.307085723876953 and perplexity is 548.4442994510807
At time: 502.98861479759216 and batch: 14050, loss is 6.295482349395752 and perplexity is 542.1172732776689
At time: 504.759334564209 and batch: 14100, loss is 6.247041568756104 and perplexity is 516.4825840150795
At time: 506.52452397346497 and batch: 14150, loss is 6.270469741821289 and perplexity is 528.725684119029
At time: 508.29560923576355 and batch: 14200, loss is 6.223138933181763 and perplexity is 504.2836630117947
At time: 510.07123708724976 and batch: 14250, loss is 6.217215700149536 and perplexity is 501.30550223887917
At time: 511.8429388999939 and batch: 14300, loss is 6.291021766662598 and perplexity is 539.7044995181654
At time: 513.6162955760956 and batch: 14350, loss is 6.270815725326538 and perplexity is 528.9086461336301
At time: 515.3848252296448 and batch: 14400, loss is 6.224943895339965 and perplexity is 505.1946978849288
At time: 517.1575660705566 and batch: 14450, loss is 6.263499183654785 and perplexity is 525.0529862318282
At time: 518.9264812469482 and batch: 14500, loss is 6.254196214675903 and perplexity is 520.1910847126321
At time: 520.7003836631775 and batch: 14550, loss is 6.194516849517822 and perplexity is 490.05461766618623
At time: 522.4846656322479 and batch: 14600, loss is 6.250807542800903 and perplexity is 518.4313111458073
At time: 524.260684967041 and batch: 14650, loss is 6.2137960433959964 and perplexity is 499.5941373006281
At time: 526.0267202854156 and batch: 14700, loss is 6.154396018981934 and perplexity is 470.78241293340506
At time: 527.7985723018646 and batch: 14750, loss is 6.257483911514282 and perplexity is 521.9041297405381
At time: 529.565554857254 and batch: 14800, loss is 6.201754579544067 and perplexity is 493.6143674010407
At time: 531.3294565677643 and batch: 14850, loss is 6.16850061416626 and perplexity is 477.4696578662814
At time: 533.1079289913177 and batch: 14900, loss is 6.216524753570557 and perplexity is 500.95924655295
At time: 534.8768560886383 and batch: 14950, loss is 6.282848129272461 and perplexity is 535.3111300053903
At time: 536.6368696689606 and batch: 15000, loss is 6.18333646774292 and perplexity is 484.60613476492654
At time: 538.3955416679382 and batch: 15050, loss is 6.204265727996826 and perplexity is 494.8554639927098
At time: 540.155847787857 and batch: 15100, loss is 6.207935733795166 and perplexity is 496.6749230854314
At time: 541.9151916503906 and batch: 15150, loss is 6.238223638534546 and perplexity is 511.94829752012976
At time: 543.6798911094666 and batch: 15200, loss is 6.252908420562744 and perplexity is 519.5216168569244
At time: 545.4404599666595 and batch: 15250, loss is 6.191371431350708 and perplexity is 488.51561264494256
At time: 547.1986863613129 and batch: 15300, loss is 6.2184421253204345 and perplexity is 501.92069309079767
At time: 548.9569618701935 and batch: 15350, loss is 6.213319473266601 and perplexity is 499.3561023826407
At time: 550.7149124145508 and batch: 15400, loss is 6.174638442993164 and perplexity is 480.40929716899865
At time: 552.4742939472198 and batch: 15450, loss is 6.193236541748047 and perplexity is 489.4275984060394
At time: 554.2323563098907 and batch: 15500, loss is 6.172477102279663 and perplexity is 479.37209027839015
At time: 555.9959468841553 and batch: 15550, loss is 6.187233381271362 and perplexity is 486.4982873504541
At time: 557.7736549377441 and batch: 15600, loss is 6.215058097839355 and perplexity is 500.2250503410452
At time: 559.5589189529419 and batch: 15650, loss is 6.236211862564087 and perplexity is 510.9194075321523
At time: 561.3319079875946 and batch: 15700, loss is 6.195564346313477 and perplexity is 490.56821725788814
At time: 563.1021773815155 and batch: 15750, loss is 6.2286249446868895 and perplexity is 507.0577714267305
At time: 564.8637290000916 and batch: 15800, loss is 6.139168529510498 and perplexity is 463.6678843752439
At time: 566.6232342720032 and batch: 15850, loss is 6.158149642944336 and perplexity is 472.55287382310917
At time: 568.3885035514832 and batch: 15900, loss is 6.208246450424195 and perplexity is 496.8292722214354
At time: 570.1571605205536 and batch: 15950, loss is 6.196785335540771 and perplexity is 491.16756158843947
At time: 571.935359954834 and batch: 16000, loss is 6.183200645446777 and perplexity is 484.54031891670905
At time: 573.7159094810486 and batch: 16050, loss is 6.182449560165406 and perplexity is 484.1765244523757
At time: 575.4813978672028 and batch: 16100, loss is 6.160625972747803 and perplexity is 473.7245206815567
At time: 577.2486782073975 and batch: 16150, loss is 6.173753023147583 and perplexity is 479.9841215005481
At time: 579.0105617046356 and batch: 16200, loss is 6.216849851608276 and perplexity is 501.122133896725
At time: 580.7785074710846 and batch: 16250, loss is 6.155565233230591 and perplexity is 471.33318035844
At time: 582.5521326065063 and batch: 16300, loss is 6.159858989715576 and perplexity is 473.3613213139251
At time: 584.3248298168182 and batch: 16350, loss is 6.168361415863037 and perplexity is 477.4031995256176
At time: 586.0949220657349 and batch: 16400, loss is 6.173581809997558 and perplexity is 479.9019489418562
At time: 587.8591241836548 and batch: 16450, loss is 6.207336082458496 and perplexity is 496.3771805836791
At time: 589.6242845058441 and batch: 16500, loss is 6.211140451431274 and perplexity is 498.26917917671614
At time: 591.3875911235809 and batch: 16550, loss is 6.21931643486023 and perplexity is 502.35971903530674
At time: 593.1558933258057 and batch: 16600, loss is 6.196973648071289 and perplexity is 491.260063304213
At time: 594.9312922954559 and batch: 16650, loss is 6.236357831954956 and perplexity is 510.9939915702141
At time: 596.7098228931427 and batch: 16700, loss is 6.209521608352661 and perplexity is 497.4632121078387
At time: 598.4798331260681 and batch: 16750, loss is 6.180639028549194 and perplexity is 483.30070063962665
At time: 600.2526948451996 and batch: 16800, loss is 6.12359622001648 and perplexity is 456.50343288444253
At time: 602.0146369934082 and batch: 16850, loss is 6.1405641460418705 and perplexity is 464.3154387034011
At time: 603.7829213142395 and batch: 16900, loss is 6.180718793869018 and perplexity is 483.33925281212703
At time: 605.5502028465271 and batch: 16950, loss is 6.2047990036010745 and perplexity is 495.11942871600434
At time: 607.3215413093567 and batch: 17000, loss is 6.21707558631897 and perplexity is 501.2352673252328
At time: 609.093917131424 and batch: 17050, loss is 6.156667995452881 and perplexity is 471.8532354797192
At time: 610.8580646514893 and batch: 17100, loss is 6.185435190200805 and perplexity is 485.6242565470067
At time: 612.6231360435486 and batch: 17150, loss is 6.237525987625122 and perplexity is 511.5912608827355
At time: 614.3864510059357 and batch: 17200, loss is 6.25541395187378 and perplexity is 520.8249265945828
At time: 616.1478633880615 and batch: 17250, loss is 6.168610095977783 and perplexity is 477.52193497101587
At time: 617.9205877780914 and batch: 17300, loss is 6.215759754180908 and perplexity is 500.5761595844293
At time: 619.6934132575989 and batch: 17350, loss is 6.182412281036377 and perplexity is 484.1584751096818
At time: 621.4730195999146 and batch: 17400, loss is 6.17319013595581 and perplexity is 479.71402061159813
At time: 623.2462589740753 and batch: 17450, loss is 6.212698001861572 and perplexity is 499.045863256441
At time: 625.015077829361 and batch: 17500, loss is 6.144648790359497 and perplexity is 466.2158807943834
At time: 626.7910873889923 and batch: 17550, loss is 6.133628044128418 and perplexity is 461.10604271625067
At time: 628.5523772239685 and batch: 17600, loss is 6.144125747680664 and perplexity is 465.9720937522497
At time: 630.3153953552246 and batch: 17650, loss is 6.153905782699585 and perplexity is 470.5516748761984
At time: 632.0812616348267 and batch: 17700, loss is 6.102449245452881 and perplexity is 446.9511235975181
At time: 633.8565790653229 and batch: 17750, loss is 6.127463493347168 and perplexity is 458.2722745283253
At time: 635.6306848526001 and batch: 17800, loss is 6.249148511886597 and perplexity is 517.5719306401973
At time: 637.4038283824921 and batch: 17850, loss is 6.176753692626953 and perplexity is 481.4265582601869
At time: 639.1689925193787 and batch: 17900, loss is 6.1835864067077635 and perplexity is 484.7272718584159
At time: 640.9396722316742 and batch: 17950, loss is 6.172113399505616 and perplexity is 479.19777302111174
At time: 642.710700750351 and batch: 18000, loss is 6.210564556121827 and perplexity is 497.9823109045607
At time: 644.476886510849 and batch: 18050, loss is 6.135278215408325 and perplexity is 461.86757482132856
At time: 646.2429888248444 and batch: 18100, loss is 6.116056509017945 and perplexity is 453.0744718621208
At time: 648.0154182910919 and batch: 18150, loss is 6.153640184402466 and perplexity is 470.4267137481107
At time: 649.7909076213837 and batch: 18200, loss is 6.1345979022979735 and perplexity is 461.553467112842
At time: 651.5644145011902 and batch: 18250, loss is 6.106809396743774 and perplexity is 448.90415277330646
At time: 653.3382678031921 and batch: 18300, loss is 6.139738531112671 and perplexity is 463.9322511497984
At time: 655.1089134216309 and batch: 18350, loss is 6.132296123504639 and perplexity is 460.492294890634
At time: 656.8736202716827 and batch: 18400, loss is 6.119080696105957 and perplexity is 454.44672776326905
At time: 658.645721912384 and batch: 18450, loss is 6.174716100692749 and perplexity is 480.44660609852036
At time: 660.4274485111237 and batch: 18500, loss is 6.151407299041748 and perplexity is 469.3774766746808
At time: 662.20365858078 and batch: 18550, loss is 6.177539691925049 and perplexity is 481.80510794746976
At time: 663.9762768745422 and batch: 18600, loss is 6.180965414047241 and perplexity is 483.4584687247184
At time: 665.7500751018524 and batch: 18650, loss is 6.159468183517456 and perplexity is 473.17636491901203
At time: 667.5209963321686 and batch: 18700, loss is 6.1533619403839115 and perplexity is 470.2958385373087
At time: 669.2910075187683 and batch: 18750, loss is 6.198762035369873 and perplexity is 492.139412635945
At time: 671.0639274120331 and batch: 18800, loss is 6.142650585174561 and perplexity is 465.2852159434109
At time: 672.8390135765076 and batch: 18850, loss is 6.179160966873169 and perplexity is 482.58688006138993
At time: 674.6075530052185 and batch: 18900, loss is 6.198150177001953 and perplexity is 491.8383851206339
At time: 676.3717885017395 and batch: 18950, loss is 6.196639614105225 and perplexity is 491.0959931609245
At time: 678.1531004905701 and batch: 19000, loss is 6.2008532047271725 and perplexity is 493.1696363058239
At time: 679.9256060123444 and batch: 19050, loss is 6.189610185623169 and perplexity is 487.65597384912945
At time: 681.7024435997009 and batch: 19100, loss is 6.173603467941284 and perplexity is 479.91234274381395
At time: 683.4824271202087 and batch: 19150, loss is 6.179480113983154 and perplexity is 482.7409208490071
At time: 685.2540657520294 and batch: 19200, loss is 6.137657566070557 and perplexity is 462.9678281665327
At time: 687.0181953907013 and batch: 19250, loss is 6.123055019378662 and perplexity is 456.2564397778416
At time: 688.7920112609863 and batch: 19300, loss is 6.134393100738525 and perplexity is 461.458949921973
At time: 690.57506275177 and batch: 19350, loss is 6.140807247161865 and perplexity is 464.4283280277852
At time: 692.3447978496552 and batch: 19400, loss is 6.205262565612793 and perplexity is 495.3490004806845
At time: 694.1028814315796 and batch: 19450, loss is 6.1753960227966305 and perplexity is 480.77338344472287
At time: 695.86328125 and batch: 19500, loss is 6.147875652313233 and perplexity is 467.7227249638882
At time: 697.6270911693573 and batch: 19550, loss is 6.124483213424683 and perplexity is 456.90852805204554
At time: 699.3814098834991 and batch: 19600, loss is 6.066377754211426 and perplexity is 431.11624090270453
At time: 701.1383173465729 and batch: 19650, loss is 6.107404747009277 and perplexity is 449.1714875508648
At time: 702.9007980823517 and batch: 19700, loss is 6.140709781646729 and perplexity is 464.3830644874032
At time: 704.6632211208344 and batch: 19750, loss is 6.150547723770142 and perplexity is 468.9741847573939
At time: 706.4242703914642 and batch: 19800, loss is 6.168736209869385 and perplexity is 477.5821609181447
At time: 708.1839818954468 and batch: 19850, loss is 6.128961811065674 and perplexity is 458.9594266547019
At time: 709.9462649822235 and batch: 19900, loss is 6.101654396057129 and perplexity is 446.5960059182289
At time: 711.7216837406158 and batch: 19950, loss is 6.159331178665161 and perplexity is 473.1115419016621
At time: 713.4953951835632 and batch: 20000, loss is 6.137208242416381 and perplexity is 462.7598524979081
At time: 715.2671475410461 and batch: 20050, loss is 6.129373235702515 and perplexity is 459.14829271954994
At time: 717.0331768989563 and batch: 20100, loss is 6.123133039474487 and perplexity is 456.29203833767724
At time: 718.8011054992676 and batch: 20150, loss is 6.1496375370025635 and perplexity is 468.5475248596436
At time: 720.5649199485779 and batch: 20200, loss is 6.115154829025268 and perplexity is 452.66612780115156
At time: 722.3285844326019 and batch: 20250, loss is 6.1371356391906735 and perplexity is 462.72625585951556
At time: 724.1089859008789 and batch: 20300, loss is 6.1843204689025875 and perplexity is 485.0832224524409
At time: 725.8829672336578 and batch: 20350, loss is 6.126737899780274 and perplexity is 457.9398757218429
At time: 727.6518013477325 and batch: 20400, loss is 6.164204540252686 and perplexity is 475.4228127715968
At time: 729.416077375412 and batch: 20450, loss is 6.142174730300903 and perplexity is 465.0638603765029
At time: 731.1796061992645 and batch: 20500, loss is 6.14169677734375 and perplexity is 464.84163484007735
At time: 732.9561333656311 and batch: 20550, loss is 6.143576622009277 and perplexity is 465.71628675494316
At time: 734.7401440143585 and batch: 20600, loss is 6.102883062362671 and perplexity is 447.14506061632176
At time: 736.5140955448151 and batch: 20650, loss is 6.10831202507019 and perplexity is 449.5791959115655
At time: 738.2875299453735 and batch: 20700, loss is 6.123286085128784 and perplexity is 456.36187719536576
At time: 740.0550863742828 and batch: 20750, loss is 6.222610416412354 and perplexity is 504.01721105771946
At time: 741.8214678764343 and batch: 20800, loss is 6.138905019760132 and perplexity is 463.5457194633087
At time: 743.587304353714 and batch: 20850, loss is 6.162311429977417 and perplexity is 474.52363634824883
At time: 745.3541059494019 and batch: 20900, loss is 6.105982990264892 and perplexity is 448.5333287198623
At time: 747.1272101402283 and batch: 20950, loss is 6.073282680511475 and perplexity is 434.10336785025703
At time: 748.915652513504 and batch: 21000, loss is 6.185532169342041 and perplexity is 485.6713542540806
At time: 750.6873626708984 and batch: 21050, loss is 6.149682083129883 and perplexity is 468.56839730223095
At time: 752.4523651599884 and batch: 21100, loss is 6.152161684036255 and perplexity is 469.7317015940267
At time: 754.2177546024323 and batch: 21150, loss is 6.133139419555664 and perplexity is 460.8807900096195
At time: 755.9920926094055 and batch: 21200, loss is 6.147928447723388 and perplexity is 467.74741922885795
At time: 757.7640891075134 and batch: 21250, loss is 6.116955900192261 and perplexity is 453.48214634535697
At time: 759.5483841896057 and batch: 21300, loss is 6.180471029281616 and perplexity is 483.2195132957972
At time: 761.321093082428 and batch: 21350, loss is 6.1268799781799315 and perplexity is 458.00494370879323
At time: 763.1001996994019 and batch: 21400, loss is 6.135498924255371 and perplexity is 461.9695243314207
Finished Train Step
Begin Evaluating...
Getting Batches...
Created Iterator with 1421 batches
Traceback (most recent call last):
  File "tune_models.py", line 172, in <module>
    seq_len = args.seq_len)
  File "tune_models.py", line 147, in tuneModels
    opt = Optimizer(dataset, vectors, tune_wordvecs, wordvec_dim, choices, trainerclass, max_time, num_layers, batch_size, seq_len)
  File "tune_models.py", line 35, in __init__
    exact_feval = True
  File "/home-nfs/siddsach/anaconda3/lib/python3.5/site-packages/GPyOpt/methods/bayesian_optimization.py", line 117, in __init__
    self._init_design_chooser()
  File "/home-nfs/siddsach/anaconda3/lib/python3.5/site-packages/GPyOpt/methods/bayesian_optimization.py", line 192, in _init_design_chooser
    self.Y, _ = self.objective.evaluate(self.X)
  File "/home-nfs/siddsach/anaconda3/lib/python3.5/site-packages/GPyOpt/core/task/objective.py", line 50, in evaluate
    f_evals, cost_evals = self._eval_func(x)
  File "/home-nfs/siddsach/anaconda3/lib/python3.5/site-packages/GPyOpt/core/task/objective.py", line 74, in _eval_func
    rlt = self.func(np.atleast_2d(x[i]))
  File "tune_models.py", line 73, in getError
    trainer.train()
  File "/home-nfs/siddsach/Interpreting-Attention/interpreting_language/pretraining/langmodel/trainer.py", line 408, in train
    this_perplexity = self.evaluate()
  File "/home-nfs/siddsach/Interpreting-Attention/interpreting_language/pretraining/langmodel/trainer.py", line 348, in evaluate
    for i, batch in enumerate(self.valid_iterator):
  File "/home-nfs/siddsach/anaconda3/lib/python3.5/site-packages/torchtext/data/iterator.py", line 246, in __iter__
    text=data[i:i + seq_len],
  File "/home-nfs/siddsach/anaconda3/lib/python3.5/site-packages/torch/autograd/variable.py", line 76, in __getitem__
    return Index.apply(self, key)
  File "/home-nfs/siddsach/anaconda3/lib/python3.5/site-packages/torch/autograd/_functions/tensor.py", line 16, in forward
    result = i.index(ctx.index)
ValueError: result of slicing is an empty tensor
