Building Bayesian Optimizer for 
 data:gigasmall 
 choices:[{'name': 'lr', 'domain': [0, 30], 'type': 'continuous'}, {'name': 'dropout', 'domain': [0, 1], 'type': 'continuous'}, {'name': 'anneal', 'domain': [2, 8], 'type': 'continuous'}]
SETTINGS FOR THIS RUN
{'seq_len': 50, 'batch_size': 20, 'anneal': 3.6426004528294813, 'dropout': 0.7877444941594239, 'wordvec_source': '', 'data': 'gigasmall', 'lr': 13.121350193630532, 'tune_wordvecs': True, 'wordvec_dim': 200, 'num_layers': 1}
Preparing Data Loaders

[93m    Warning: no model found for 'en'[0m

    Only loading the 'en' tokenizer.

Retrieving Train Data from file: /home-nfs/siddsach/Interpreting-Attention/interpreting_language/data/gigaword/gigaword_small_train.txt...
Got Train Dataset with 21438304 words
Retrieving Valid Data from file: /home-nfs/siddsach/Interpreting-Attention/interpreting_language/data/gigaword/gigaword_small_val.txt...
Retrieving Test Data from file: /home-nfs/siddsach/Interpreting-Attention/interpreting_language/data/gigaword/gigaword_small_test.txt...
Loading Vectors From Memory...
Building Vocab...
Found 55221 tokens
Getting Batches...
Created Iterator with 21439 batches
Initializing Model parameters...
Constructing LSTM with 1 layers and 200 hidden size...
here
200
200
Using Cross Entropy Loss ...
Begin Training...
Finished 0 epochs...
Completing Train Step...
At time: 7.52470850944519 and batch: 50, loss is 8.901215839385987 and perplexity is 7340.893462860359
At time: 9.298010349273682 and batch: 100, loss is 7.933235149383545 and perplexity is 2788.433226134655
At time: 11.076038837432861 and batch: 150, loss is 7.738521919250489 and perplexity is 2295.077564865373
At time: 12.85448431968689 and batch: 200, loss is 7.541116371154785 and perplexity is 1883.9320190053295
At time: 14.632294654846191 and batch: 250, loss is 7.454239196777344 and perplexity is 1727.169459188575
At time: 16.411888122558594 and batch: 300, loss is 7.3746942615509035 and perplexity is 1595.1040712945721
At time: 18.19243860244751 and batch: 350, loss is 7.2925856494903565 and perplexity is 1469.3650526529514
At time: 19.978733777999878 and batch: 400, loss is 7.296379175186157 and perplexity is 1474.9497128152896
At time: 21.794652462005615 and batch: 450, loss is 7.247753105163574 and perplexity is 1404.944536465761
At time: 24.01237964630127 and batch: 500, loss is 7.160931072235107 and perplexity is 1288.1096979263782
At time: 25.79419469833374 and batch: 550, loss is 7.164419174194336 and perplexity is 1292.61060112857
At time: 27.576266527175903 and batch: 600, loss is 7.142153625488281 and perplexity is 1264.147960847086
At time: 29.357956886291504 and batch: 650, loss is 7.101278162002563 and perplexity is 1213.5171551716328
At time: 31.140588998794556 and batch: 700, loss is 7.178836898803711 and perplexity is 1311.382100789709
At time: 32.92276978492737 and batch: 750, loss is 7.147588453292847 and perplexity is 1271.037090994606
At time: 34.708192586898804 and batch: 800, loss is 7.087141056060791 and perplexity is 1196.4822305662917
At time: 36.489495515823364 and batch: 850, loss is 7.092325458526611 and perplexity is 1202.7013833584108
At time: 38.27374982833862 and batch: 900, loss is 7.078559875488281 and perplexity is 1186.2589272340565
At time: 40.057010650634766 and batch: 950, loss is 7.073375644683838 and perplexity is 1180.125000744845
At time: 41.843321323394775 and batch: 1000, loss is 7.132822275161743 and perplexity is 1252.4066198400637
At time: 43.63195610046387 and batch: 1050, loss is 7.07565691947937 and perplexity is 1182.8202633130097
At time: 45.41765236854553 and batch: 1100, loss is 7.081263818740845 and perplexity is 1189.4708445202382
At time: 47.202404499053955 and batch: 1150, loss is 7.029403352737427 and perplexity is 1129.3565816148257
At time: 48.98918867111206 and batch: 1200, loss is 7.015907831192017 and perplexity is 1114.2177087957552
At time: 50.77967071533203 and batch: 1250, loss is 6.966748323440552 and perplexity is 1060.7678624995192
At time: 52.56592845916748 and batch: 1300, loss is 7.0047758674621585 and perplexity is 1101.8830594848323
At time: 54.35844016075134 and batch: 1350, loss is 7.039043064117432 and perplexity is 1140.2958943049232
At time: 56.147101402282715 and batch: 1400, loss is 6.9802759170532225 and perplexity is 1075.2149962246976
At time: 57.93474769592285 and batch: 1450, loss is 6.975349569320679 and perplexity is 1069.9311390111643
At time: 59.727343797683716 and batch: 1500, loss is 6.975450801849365 and perplexity is 1070.0394563284117
At time: 61.52125406265259 and batch: 1550, loss is 6.951567363739014 and perplexity is 1044.7860052242906
At time: 63.31544017791748 and batch: 1600, loss is 6.957171173095703 and perplexity is 1050.6572220416522
At time: 65.11102843284607 and batch: 1650, loss is 6.951388339996338 and perplexity is 1044.598980464776
At time: 66.90243458747864 and batch: 1700, loss is 6.933414011001587 and perplexity is 1025.990750929604
At time: 68.6953272819519 and batch: 1750, loss is 6.97949070930481 and perplexity is 1074.3710604542662
At time: 70.49020862579346 and batch: 1800, loss is 6.971770257949829 and perplexity is 1066.1083678447026
At time: 72.2881555557251 and batch: 1850, loss is 6.930300226211548 and perplexity is 1022.8010052027255
At time: 74.08500981330872 and batch: 1900, loss is 6.902004938125611 and perplexity is 994.2661607084314
At time: 75.88338351249695 and batch: 1950, loss is 6.8639671421051025 and perplexity is 957.1567222054373
At time: 77.6874680519104 and batch: 2000, loss is 6.88837646484375 and perplexity is 980.8077480188999
At time: 79.48833227157593 and batch: 2050, loss is 6.880280904769897 and perplexity is 972.8996135530232
At time: 81.2882890701294 and batch: 2100, loss is 6.876102294921875 and perplexity is 968.8427276214775
At time: 83.09193825721741 and batch: 2150, loss is 6.854825782775879 and perplexity is 948.4468792282389
At time: 84.92178344726562 and batch: 2200, loss is 6.895874233245849 and perplexity is 988.1892551959713
At time: 86.7661120891571 and batch: 2250, loss is 6.868276166915893 and perplexity is 961.2900331434244
At time: 88.6086916923523 and batch: 2300, loss is 6.868757276535034 and perplexity is 961.7526302962011
At time: 90.45165634155273 and batch: 2350, loss is 6.904359455108643 and perplexity is 996.6099354153743
At time: 92.29504203796387 and batch: 2400, loss is 6.92187271118164 and perplexity is 1014.2175537436839
At time: 94.1359293460846 and batch: 2450, loss is 6.833588991165161 and perplexity is 928.5172798915662
At time: 95.97931504249573 and batch: 2500, loss is 6.833213996887207 and perplexity is 928.1691565008447
At time: 97.82123851776123 and batch: 2550, loss is 6.832279481887817 and perplexity is 927.3021736694498
At time: 99.71058225631714 and batch: 2600, loss is 6.905820999145508 and perplexity is 998.0675896770323
At time: 101.61911606788635 and batch: 2650, loss is 6.95321551322937 and perplexity is 1046.5093885528938
At time: 103.52842116355896 and batch: 2700, loss is 6.872681818008423 and perplexity is 965.5344845488526
At time: 105.43700194358826 and batch: 2750, loss is 6.847336025238037 and perplexity is 941.3697780346362
At time: 107.3540256023407 and batch: 2800, loss is 6.804768619537353 and perplexity is 902.1390084364945
At time: 109.27916598320007 and batch: 2850, loss is 6.806833992004394 and perplexity is 904.0041869871411
At time: 111.20536231994629 and batch: 2900, loss is 6.822316017150879 and perplexity is 918.1089056143163
At time: 113.12931418418884 and batch: 2950, loss is 6.857725038528442 and perplexity is 951.2006593262872
At time: 115.05618381500244 and batch: 3000, loss is 6.843139934539795 and perplexity is 937.4279809181844
At time: 116.9812364578247 and batch: 3050, loss is 6.8354403686523435 and perplexity is 930.2379081547638
At time: 118.90398859977722 and batch: 3100, loss is 6.80720817565918 and perplexity is 904.342513872017
At time: 120.82974100112915 and batch: 3150, loss is 6.797295064926147 and perplexity is 895.4219546885589
At time: 122.75291013717651 and batch: 3200, loss is 6.766513233184814 and perplexity is 868.2791229484296
At time: 124.67731142044067 and batch: 3250, loss is 6.803716621398926 and perplexity is 901.1904589026684
At time: 126.60020422935486 and batch: 3300, loss is 6.816172428131104 and perplexity is 912.4857128022921
At time: 128.52378606796265 and batch: 3350, loss is 6.769894285202026 and perplexity is 871.2197882984805
At time: 130.44695687294006 and batch: 3400, loss is 6.72893235206604 and perplexity is 836.2539643558836
At time: 132.37317514419556 and batch: 3450, loss is 6.789388017654419 and perplexity is 888.3697288491139
At time: 134.29543495178223 and batch: 3500, loss is 6.812492122650147 and perplexity is 909.1336587072321
At time: 136.2185161113739 and batch: 3550, loss is 6.780397605895996 and perplexity is 880.4187141958404
At time: 138.14300227165222 and batch: 3600, loss is 6.798220205307007 and perplexity is 896.2507290039309
At time: 140.07139420509338 and batch: 3650, loss is 6.844712657928467 and perplexity is 938.9034557817565
At time: 141.9980766773224 and batch: 3700, loss is 6.729510345458984 and perplexity is 836.7374533353627
At time: 143.92578506469727 and batch: 3750, loss is 6.763880643844605 and perplexity is 865.9963067622341
At time: 145.85229897499084 and batch: 3800, loss is 6.734377136230469 and perplexity is 840.8196048827847
At time: 147.73525595664978 and batch: 3850, loss is 6.771650047302246 and perplexity is 872.7507866248538
At time: 149.6190164089203 and batch: 3900, loss is 6.77048246383667 and perplexity is 871.7323718946186
At time: 151.50217509269714 and batch: 3950, loss is 6.807375440597534 and perplexity is 904.4937913182046
At time: 153.3880696296692 and batch: 4000, loss is 6.806055536270142 and perplexity is 903.3007335831848
At time: 155.28426599502563 and batch: 4050, loss is 6.789767713546753 and perplexity is 888.707103231812
At time: 157.18045830726624 and batch: 4100, loss is 6.717624702453613 and perplexity is 826.8511595400358
At time: 159.0779321193695 and batch: 4150, loss is 6.806194381713867 and perplexity is 903.4261614817012
At time: 160.97438645362854 and batch: 4200, loss is 6.7241329574584965 and perplexity is 832.2500674150509
At time: 162.87435603141785 and batch: 4250, loss is 6.745699110031128 and perplexity is 850.3934374914045
At time: 164.78644371032715 and batch: 4300, loss is 6.769258089065552 and perplexity is 870.6656979089164
At time: 166.69683980941772 and batch: 4350, loss is 6.780721426010132 and perplexity is 880.7038576494596
At time: 168.6074743270874 and batch: 4400, loss is 6.765360631942749 and perplexity is 867.2789198812387
At time: 170.51751470565796 and batch: 4450, loss is 6.695381774902343 and perplexity is 808.6626023719556
At time: 172.4345736503601 and batch: 4500, loss is 6.7077327156066895 and perplexity is 818.7122799570185
At time: 174.35973620414734 and batch: 4550, loss is 6.7103339958190915 and perplexity is 820.8447523872134
At time: 176.28265714645386 and batch: 4600, loss is 6.745489149093628 and perplexity is 850.214906830913
At time: 178.20547318458557 and batch: 4650, loss is 6.6623759365081785 and perplexity is 782.4076814747029
At time: 180.12907934188843 and batch: 4700, loss is 6.8062401866912845 and perplexity is 903.4675438443779
At time: 182.05191659927368 and batch: 4750, loss is 6.728143033981323 and perplexity is 835.594154412618
At time: 183.97340154647827 and batch: 4800, loss is 6.764252004623413 and perplexity is 866.3179635468186
At time: 185.89728569984436 and batch: 4850, loss is 6.723644943237304 and perplexity is 831.8440166339009
At time: 187.82277727127075 and batch: 4900, loss is 6.720336542129517 and perplexity is 829.0964904332168
At time: 189.74517226219177 and batch: 4950, loss is 6.786269998550415 and perplexity is 885.6040889627823
At time: 191.66644430160522 and batch: 5000, loss is 6.746348838806153 and perplexity is 850.9461421124391
At time: 193.59053683280945 and batch: 5050, loss is 6.7648961544036865 and perplexity is 866.8761818414788
At time: 195.5146210193634 and batch: 5100, loss is 6.715813674926758 and perplexity is 825.3550644730813
At time: 197.43830347061157 and batch: 5150, loss is 6.719518384933472 and perplexity is 828.4184365884922
At time: 199.36183762550354 and batch: 5200, loss is 6.729004936218262 and perplexity is 836.3146653438669
At time: 201.2857701778412 and batch: 5250, loss is 6.767785243988037 and perplexity is 869.3842861137615
At time: 203.2083978652954 and batch: 5300, loss is 6.739589147567749 and perplexity is 845.2134065215316
At time: 205.13147592544556 and batch: 5350, loss is 6.650466270446778 and perplexity is 773.1447360457349
At time: 207.05508470535278 and batch: 5400, loss is 6.791889038085937 and perplexity is 890.5943404316203
At time: 209.0156614780426 and batch: 5450, loss is 6.676072845458984 and perplexity is 793.1979764013251
At time: 210.98048424720764 and batch: 5500, loss is 6.704869651794434 and perplexity is 816.3716068028272
At time: 212.93892979621887 and batch: 5550, loss is 6.717700510025025 and perplexity is 826.9138434942884
At time: 214.92172002792358 and batch: 5600, loss is 6.719802207946778 and perplexity is 828.6535941754319
At time: 216.9031105041504 and batch: 5650, loss is 6.668857641220093 and perplexity is 787.4954880476657
At time: 218.88331627845764 and batch: 5700, loss is 6.686553840637207 and perplexity is 801.5552000737146
At time: 220.8647916316986 and batch: 5750, loss is 6.706497621536255 and perplexity is 817.7017174729817
At time: 222.847088098526 and batch: 5800, loss is 6.70775351524353 and perplexity is 818.7293090522172
At time: 224.82805466651917 and batch: 5850, loss is 6.700224704742432 and perplexity is 812.5883971208613
At time: 226.80951237678528 and batch: 5900, loss is 6.667835235595703 and perplexity is 786.6907596810076
At time: 228.79126501083374 and batch: 5950, loss is 6.688474683761597 and perplexity is 803.0963415402356
At time: 230.7731432914734 and batch: 6000, loss is 6.724174194335937 and perplexity is 832.284387516703
At time: 232.7552969455719 and batch: 6050, loss is 6.72581561088562 and perplexity is 833.651634688508
At time: 234.72203540802002 and batch: 6100, loss is 6.71144320487976 and perplexity is 821.7557459717298
At time: 236.66544651985168 and batch: 6150, loss is 6.719638652801514 and perplexity is 828.5180746992191
At time: 238.6077311038971 and batch: 6200, loss is 6.671754560470581 and perplexity is 789.7801064664657
At time: 240.55070424079895 and batch: 6250, loss is 6.699019918441772 and perplexity is 811.6099912552738
At time: 242.5028326511383 and batch: 6300, loss is 6.705534315109253 and perplexity is 816.9143994283186
At time: 244.44628405570984 and batch: 6350, loss is 6.67420823097229 and perplexity is 791.7203459973568
At time: 246.3891122341156 and batch: 6400, loss is 6.684135684967041 and perplexity is 799.6192564715699
At time: 248.33266758918762 and batch: 6450, loss is 6.707291183471679 and perplexity is 818.3508719685817
At time: 250.27625823020935 and batch: 6500, loss is 6.669008655548096 and perplexity is 787.6144201295965
At time: 252.2188310623169 and batch: 6550, loss is 6.682150058746338 and perplexity is 798.0330868005361
At time: 254.1614284515381 and batch: 6600, loss is 6.692304601669312 and perplexity is 806.1780321444144
At time: 256.104079246521 and batch: 6650, loss is 6.6984730052948 and perplexity is 811.1662324406684
At time: 258.04825735092163 and batch: 6700, loss is 6.643843240737915 and perplexity is 768.0410949287423
At time: 259.98984932899475 and batch: 6750, loss is 6.606999034881592 and perplexity is 740.2581930582344
At time: 261.9342794418335 and batch: 6800, loss is 6.627195978164673 and perplexity is 755.3611491804221
At time: 263.87777161598206 and batch: 6850, loss is 6.64138879776001 and perplexity is 766.1582934162392
At time: 265.82119965553284 and batch: 6900, loss is 6.711310119628906 and perplexity is 821.6463896791523
At time: 267.76272201538086 and batch: 6950, loss is 6.70336443901062 and perplexity is 815.1437181725888
At time: 269.70630979537964 and batch: 7000, loss is 6.681819467544556 and perplexity is 797.7693076872386
At time: 271.6514370441437 and batch: 7050, loss is 6.673012199401856 and perplexity is 790.7739895175149
At time: 273.59473061561584 and batch: 7100, loss is 6.669496679306031 and perplexity is 787.9988884859273
At time: 275.53656101226807 and batch: 7150, loss is 6.639890394210815 and perplexity is 765.0111387750661
At time: 277.4809875488281 and batch: 7200, loss is 6.71163088798523 and perplexity is 821.9099901161283
At time: 279.4244430065155 and batch: 7250, loss is 6.678465909957886 and perplexity is 795.0984233583746
At time: 281.36711978912354 and batch: 7300, loss is 6.594589605331421 and perplexity is 731.1287737613119
At time: 283.3109254837036 and batch: 7350, loss is 6.604192380905151 and perplexity is 738.1834573516492
At time: 285.2545590400696 and batch: 7400, loss is 6.632510185241699 and perplexity is 759.3859796643975
At time: 287.21097707748413 and batch: 7450, loss is 6.679325246810913 and perplexity is 795.7819743935836
At time: 289.16884994506836 and batch: 7500, loss is 6.633343267440796 and perplexity is 760.0188741962799
At time: 291.1269488334656 and batch: 7550, loss is 6.6627907371521 and perplexity is 782.7322920044614
At time: 293.0862407684326 and batch: 7600, loss is 6.7394264793396 and perplexity is 845.0759283362547
At time: 295.04597449302673 and batch: 7650, loss is 6.6643667411804195 and perplexity is 783.9668538314303
At time: 297.0300681591034 and batch: 7700, loss is 6.675574388504028 and perplexity is 792.8026998756817
At time: 299.0251975059509 and batch: 7750, loss is 6.660608367919922 and perplexity is 781.0259437515627
At time: 301.0202331542969 and batch: 7800, loss is 6.616404056549072 and perplexity is 747.2531798432257
At time: 303.0125002861023 and batch: 7850, loss is 6.666277694702148 and perplexity is 785.4664103867854
At time: 305.0063326358795 and batch: 7900, loss is 6.660809507369995 and perplexity is 781.1830546804551
At time: 306.99989080429077 and batch: 7950, loss is 6.719541244506836 and perplexity is 828.4373740969704
At time: 308.9926347732544 and batch: 8000, loss is 6.701988487243653 and perplexity is 814.0228910121257
At time: 310.98459672927856 and batch: 8050, loss is 6.683950176239014 and perplexity is 799.4709338783891
At time: 312.9790868759155 and batch: 8100, loss is 6.672804737091065 and perplexity is 790.609950734857
At time: 314.97387075424194 and batch: 8150, loss is 6.6907102394104 and perplexity is 804.893716420319
At time: 316.96618008613586 and batch: 8200, loss is 6.666494855880737 and perplexity is 785.6370017204441
At time: 318.9629096984863 and batch: 8250, loss is 6.668824033737183 and perplexity is 787.4690227512276
At time: 320.95813155174255 and batch: 8300, loss is 6.710315256118775 and perplexity is 820.8293701466766
At time: 322.95091366767883 and batch: 8350, loss is 6.741088619232178 and perplexity is 846.4817307454806
At time: 324.94583320617676 and batch: 8400, loss is 6.667991743087769 and perplexity is 786.8138923141751
At time: 326.9416787624359 and batch: 8450, loss is 6.670251245498657 and perplexity is 788.5937101949595
At time: 328.9372181892395 and batch: 8500, loss is 6.674872894287109 and perplexity is 792.2467483877363
At time: 330.9311408996582 and batch: 8550, loss is 6.697805480957031 and perplexity is 810.6249399216028
At time: 332.9235806465149 and batch: 8600, loss is 6.637487287521362 and perplexity is 763.1749425613292
At time: 334.91815209388733 and batch: 8650, loss is 6.677237586975098 and perplexity is 794.1223852591181
At time: 336.9105694293976 and batch: 8700, loss is 6.627398118972779 and perplexity is 755.5138539269393
At time: 338.90356945991516 and batch: 8750, loss is 6.623044776916504 and perplexity is 752.2319924084652
At time: 340.8977632522583 and batch: 8800, loss is 6.644032573699951 and perplexity is 768.1865241910522
At time: 342.8916070461273 and batch: 8850, loss is 6.681251754760742 and perplexity is 797.3165323880539
At time: 344.87142038345337 and batch: 8900, loss is 6.6403379726409915 and perplexity is 765.3536178970428
At time: 346.85085892677307 and batch: 8950, loss is 6.625751676559449 and perplexity is 754.2709673253488
At time: 348.84375 and batch: 9000, loss is 6.661386270523071 and perplexity is 781.6337422396971
At time: 350.823983669281 and batch: 9050, loss is 6.711009836196899 and perplexity is 821.3996999216405
At time: 352.8042709827423 and batch: 9100, loss is 6.64303994178772 and perplexity is 767.4243760614518
At time: 354.7861943244934 and batch: 9150, loss is 6.629754314422607 and perplexity is 757.2960910568218
At time: 356.76736187934875 and batch: 9200, loss is 6.68928071975708 and perplexity is 803.7439270529133
At time: 358.74619460105896 and batch: 9250, loss is 6.678103446960449 and perplexity is 794.8102818240636
At time: 360.7260105609894 and batch: 9300, loss is 6.689823246002197 and perplexity is 804.1800975339612
At time: 362.70726251602173 and batch: 9350, loss is 6.639281454086304 and perplexity is 764.5454346043363
At time: 364.6870210170746 and batch: 9400, loss is 6.661513719558716 and perplexity is 781.7333670547816
At time: 366.6655547618866 and batch: 9450, loss is 6.6431795024871825 and perplexity is 767.5314858181421
At time: 368.6526222229004 and batch: 9500, loss is 6.645234422683716 and perplexity is 769.1103234068697
At time: 370.6470923423767 and batch: 9550, loss is 6.631001367568969 and perplexity is 758.2410686260629
At time: 372.64136576652527 and batch: 9600, loss is 6.667264442443848 and perplexity is 786.241850112196
At time: 374.63547945022583 and batch: 9650, loss is 6.680954027175903 and perplexity is 797.0791845967592
At time: 376.6301233768463 and batch: 9700, loss is 6.688176412582397 and perplexity is 802.8568367678943
At time: 378.6234781742096 and batch: 9750, loss is 6.686542234420776 and perplexity is 801.5458971045676
At time: 380.6158392429352 and batch: 9800, loss is 6.6901289749145505 and perplexity is 804.4259962277714
At time: 382.61869955062866 and batch: 9850, loss is 6.641552753448487 and perplexity is 766.2839197250107
At time: 384.6133518218994 and batch: 9900, loss is 6.6742982578277585 and perplexity is 791.7916252989947
At time: 386.605589389801 and batch: 9950, loss is 6.69535717010498 and perplexity is 808.6427056372677
At time: 388.5993368625641 and batch: 10000, loss is 6.6272430419921875 and perplexity is 755.3967002038352
At time: 390.5928587913513 and batch: 10050, loss is 6.666001482009888 and perplexity is 785.2494845551054
At time: 392.58666133880615 and batch: 10100, loss is 6.6830848217010494 and perplexity is 798.7794073287592
At time: 394.57772874832153 and batch: 10150, loss is 6.655515098571778 and perplexity is 777.058081525327
At time: 396.571870803833 and batch: 10200, loss is 6.57885178565979 and perplexity is 719.7124704550371
At time: 398.56650280952454 and batch: 10250, loss is 6.640631856918335 and perplexity is 765.5785763462076
At time: 400.55974984169006 and batch: 10300, loss is 6.708004474639893 and perplexity is 818.9348026495975
At time: 402.51016998291016 and batch: 10350, loss is 6.6223138904571535 and perplexity is 751.6823971012738
At time: 404.45936489105225 and batch: 10400, loss is 6.648694820404053 and perplexity is 771.7763611317683
At time: 406.4088809490204 and batch: 10450, loss is 6.648605117797851 and perplexity is 771.7071338857486
At time: 408.3566358089447 and batch: 10500, loss is 6.594589939117432 and perplexity is 731.1290178019098
At time: 410.3060691356659 and batch: 10550, loss is 6.663765745162964 and perplexity is 783.4958344290305
At time: 412.2559461593628 and batch: 10600, loss is 6.614230642318725 and perplexity is 745.6308527814631
At time: 414.20967650413513 and batch: 10650, loss is 6.643754625320435 and perplexity is 767.9730376619791
At time: 416.17051100730896 and batch: 10700, loss is 6.6275033855438235 and perplexity is 755.5933884658098
At time: 418.1289699077606 and batch: 10750, loss is 6.627705383300781 and perplexity is 755.7460320517638
At time: 420.08761382102966 and batch: 10800, loss is 6.584686861038208 and perplexity is 723.9243232597689
At time: 422.06833958625793 and batch: 10850, loss is 6.583044309616088 and perplexity is 722.736216363551
At time: 424.06440567970276 and batch: 10900, loss is 6.587400608062744 and perplexity is 725.8915387933707
At time: 426.0612668991089 and batch: 10950, loss is 6.656042795181275 and perplexity is 777.4682406506023
At time: 428.0560510158539 and batch: 11000, loss is 6.630999431610108 and perplexity is 758.2396007039678
At time: 430.05099987983704 and batch: 11050, loss is 6.6345897388458255 and perplexity is 760.9668066528661
At time: 432.0472824573517 and batch: 11100, loss is 6.640972652435303 and perplexity is 765.8395265557178
At time: 434.04340839385986 and batch: 11150, loss is 6.60306869506836 and perplexity is 737.3544369221584
At time: 436.0366778373718 and batch: 11200, loss is 6.631590518951416 and perplexity is 758.6879190182099
At time: 438.031286239624 and batch: 11250, loss is 6.673801336288452 and perplexity is 791.3982647285059
At time: 440.0187087059021 and batch: 11300, loss is 6.635483160018921 and perplexity is 761.6469743027997
At time: 442.0000262260437 and batch: 11350, loss is 6.65022569656372 and perplexity is 772.9587599858075
At time: 443.98126697540283 and batch: 11400, loss is 6.652036800384521 and perplexity is 774.359937004866
At time: 445.9631304740906 and batch: 11450, loss is 6.638354635238647 and perplexity is 763.8371677538877
At time: 447.946448802948 and batch: 11500, loss is 6.58495171546936 and perplexity is 724.1160832177194
At time: 449.92714071273804 and batch: 11550, loss is 6.625650329589844 and perplexity is 754.1945281220555
At time: 451.9080092906952 and batch: 11600, loss is 6.616314134597778 and perplexity is 747.1859884002216
At time: 453.89908838272095 and batch: 11650, loss is 6.6199493312835695 and perplexity is 749.9070993190762
At time: 455.8818724155426 and batch: 11700, loss is 6.679271144866943 and perplexity is 795.7389222064065
At time: 457.86278223991394 and batch: 11750, loss is 6.645079956054688 and perplexity is 768.9915307028529
At time: 459.8486316204071 and batch: 11800, loss is 6.649246253967285 and perplexity is 772.2020618826593
At time: 461.8308038711548 and batch: 11850, loss is 6.599497957229614 and perplexity is 734.7262326404153
At time: 463.81302428245544 and batch: 11900, loss is 6.614422826766968 and perplexity is 745.774165206266
At time: 465.79306840896606 and batch: 11950, loss is 6.653665180206299 and perplexity is 775.6219163130407
At time: 467.7764723300934 and batch: 12000, loss is 6.543906841278076 and perplexity is 694.9965220294349
At time: 469.7577533721924 and batch: 12050, loss is 6.660504665374756 and perplexity is 780.9449535728712
At time: 471.7391858100891 and batch: 12100, loss is 6.625789279937744 and perplexity is 754.2993309951521
At time: 473.72314381599426 and batch: 12150, loss is 6.609795598983765 and perplexity is 742.33126994239
At time: 475.7061071395874 and batch: 12200, loss is 6.683261299133301 and perplexity is 798.9203863069382
At time: 477.68858098983765 and batch: 12250, loss is 6.616987857818604 and perplexity is 747.6895545639436
At time: 479.6712234020233 and batch: 12300, loss is 6.6734375 and perplexity is 791.1103776962302
At time: 481.6624631881714 and batch: 12350, loss is 6.597344703674317 and perplexity is 733.1458828253486
At time: 483.6615164279938 and batch: 12400, loss is 6.663536825180054 and perplexity is 783.3164971037347
At time: 485.6556293964386 and batch: 12450, loss is 6.710083742141723 and perplexity is 820.6393586707183
At time: 487.6562376022339 and batch: 12500, loss is 6.697139501571655 and perplexity is 810.0852601500916
At time: 489.65215730667114 and batch: 12550, loss is 6.617193603515625 and perplexity is 747.843404298921
At time: 491.64626955986023 and batch: 12600, loss is 6.6783842086792 and perplexity is 795.0334654541127
At time: 493.64448618888855 and batch: 12650, loss is 6.612751903533936 and perplexity is 744.5290743423433
At time: 495.6390643119812 and batch: 12700, loss is 6.643267040252685 and perplexity is 767.5986767501929
At time: 497.6329891681671 and batch: 12750, loss is 6.602460823059082 and perplexity is 736.9063560007592
At time: 499.6286070346832 and batch: 12800, loss is 6.660717096328735 and perplexity is 781.1108680764283
At time: 501.6233468055725 and batch: 12850, loss is 6.65867467880249 and perplexity is 779.5171416309558
At time: 503.6210970878601 and batch: 12900, loss is 6.630346660614014 and perplexity is 757.7448053961209
At time: 505.61455845832825 and batch: 12950, loss is 6.6265112495422365 and perplexity is 754.8441088176705
At time: 507.60946321487427 and batch: 13000, loss is 6.627882881164551 and perplexity is 755.8801872637849
At time: 509.60526156425476 and batch: 13050, loss is 6.648829612731934 and perplexity is 771.8803976755951
At time: 511.5995178222656 and batch: 13100, loss is 6.634481954574585 and perplexity is 760.8847908202605
At time: 513.5932378768921 and batch: 13150, loss is 6.652520933151245 and perplexity is 774.7349207872522
At time: 515.5863473415375 and batch: 13200, loss is 6.710405130386352 and perplexity is 820.903144900301
At time: 517.5831835269928 and batch: 13250, loss is 6.622337293624878 and perplexity is 751.6999890563417
At time: 519.5773141384125 and batch: 13300, loss is 6.653674783706665 and perplexity is 775.6293650341652
At time: 521.5711917877197 and batch: 13350, loss is 6.639781932830811 and perplexity is 764.9281691108192
At time: 523.5677063465118 and batch: 13400, loss is 6.619938974380493 and perplexity is 749.8993326441516
At time: 525.5647163391113 and batch: 13450, loss is 6.594616365432739 and perplexity is 731.1483391031591
At time: 527.5593614578247 and batch: 13500, loss is 6.612470188140869 and perplexity is 744.3193585829811
At time: 529.5540993213654 and batch: 13550, loss is 6.61010594367981 and perplexity is 742.5616842668073
At time: 531.5502293109894 and batch: 13600, loss is 6.616674108505249 and perplexity is 747.4550042765165
At time: 533.5411846637726 and batch: 13650, loss is 6.608134212493897 and perplexity is 741.0989947256439
At time: 535.5220417976379 and batch: 13700, loss is 6.653674144744873 and perplexity is 775.6288694367939
At time: 537.5046977996826 and batch: 13750, loss is 6.590417652130127 and perplexity is 728.0848926128554
At time: 539.4872536659241 and batch: 13800, loss is 6.61373517036438 and perplexity is 745.2615051138763
At time: 541.4678423404694 and batch: 13850, loss is 6.6081865119934085 and perplexity is 741.1377548457152
At time: 543.4493064880371 and batch: 13900, loss is 6.67600908279419 and perplexity is 793.1474015970496
At time: 545.4316339492798 and batch: 13950, loss is 6.60425178527832 and perplexity is 738.2273099797228
At time: 547.4117913246155 and batch: 14000, loss is 6.6055904006958 and perplexity is 739.216174145214
At time: 549.3939726352692 and batch: 14050, loss is 6.633500070571899 and perplexity is 760.1380568793163
At time: 551.3780138492584 and batch: 14100, loss is 6.608217668533325 and perplexity is 741.1608464934841
At time: 553.3601751327515 and batch: 14150, loss is 6.636999845504761 and perplexity is 762.803029678654
At time: 555.3402001857758 and batch: 14200, loss is 6.609977445602417 and perplexity is 742.4662726482695
At time: 557.3243997097015 and batch: 14250, loss is 6.599656209945679 and perplexity is 734.8425142629934
At time: 559.3072943687439 and batch: 14300, loss is 6.627324619293213 and perplexity is 755.4583259414378
At time: 561.2890121936798 and batch: 14350, loss is 6.628632717132568 and perplexity is 756.4471859671513
At time: 563.2704284191132 and batch: 14400, loss is 6.62504545211792 and perplexity is 753.7384707858558
At time: 565.2515501976013 and batch: 14450, loss is 6.687206172943116 and perplexity is 802.0782510086549
At time: 567.2336964607239 and batch: 14500, loss is 6.599081830978394 and perplexity is 734.420557371716
At time: 569.2137863636017 and batch: 14550, loss is 6.649539289474487 and perplexity is 772.4283776631856
At time: 571.2043137550354 and batch: 14600, loss is 6.6759276199340825 and perplexity is 793.0827921728987
At time: 573.2017993927002 and batch: 14650, loss is 6.581621341705322 and perplexity is 721.7085172845328
At time: 575.1970355510712 and batch: 14700, loss is 6.528644723892212 and perplexity is 684.4699368477625
At time: 577.1907596588135 and batch: 14750, loss is 6.613730621337891 and perplexity is 745.2581149072595
At time: 579.1861402988434 and batch: 14800, loss is 6.620982599258423 and perplexity is 750.6823547632547
At time: 581.185388803482 and batch: 14850, loss is 6.649482746124267 and perplexity is 772.3847032096694
At time: 583.1791400909424 and batch: 14900, loss is 6.65494821548462 and perplexity is 776.6177052738884
At time: 585.1720764636993 and batch: 14950, loss is 6.60798846244812 and perplexity is 740.9909873844665
At time: 587.1699662208557 and batch: 15000, loss is 6.669244661331176 and perplexity is 787.8003236238719
At time: 589.1646814346313 and batch: 15050, loss is 6.6235548114776615 and perplexity is 752.6157545802683
At time: 591.1585054397583 and batch: 15100, loss is 6.617548704147339 and perplexity is 748.1090111199942
At time: 593.1540770530701 and batch: 15150, loss is 6.619687461853028 and perplexity is 749.7107472844381
At time: 595.1527900695801 and batch: 15200, loss is 6.666635274887085 and perplexity is 785.747327833336
At time: 597.1460740566254 and batch: 15250, loss is 6.59427357673645 and perplexity is 730.897752668756
At time: 599.1413469314575 and batch: 15300, loss is 6.5687049198150635 and perplexity is 712.44656996993
At time: 601.1371581554413 and batch: 15350, loss is 6.601168766021728 and perplexity is 735.9548457927197
At time: 603.130464553833 and batch: 15400, loss is 6.624394884109497 and perplexity is 753.2482721211188
At time: 605.1244361400604 and batch: 15450, loss is 6.606778392791748 and perplexity is 740.0948789611382
At time: 607.1189754009247 and batch: 15500, loss is 6.649865026473999 and perplexity is 772.6800271488129
At time: 609.1147749423981 and batch: 15550, loss is 6.656938886642456 and perplexity is 778.1652355413343
At time: 611.1080379486084 and batch: 15600, loss is 6.629828615188599 and perplexity is 757.3523608268871
At time: 613.104249715805 and batch: 15650, loss is 6.616284198760987 and perplexity is 747.1636210972135
At time: 615.0981628894806 and batch: 15700, loss is 6.635147323608399 and perplexity is 761.3912284636509
At time: 617.0923218727112 and batch: 15750, loss is 6.6157306289672855 and perplexity is 746.7501283447298
At time: 619.0858924388885 and batch: 15800, loss is 6.591957426071167 and perplexity is 729.2068423101491
At time: 621.0799589157104 and batch: 15850, loss is 6.622882099151611 and perplexity is 752.1096309422742
At time: 623.0764343738556 and batch: 15900, loss is 6.65157335281372 and perplexity is 774.0011449202176
At time: 625.0725955963135 and batch: 15950, loss is 6.646380786895752 and perplexity is 769.9925095134108
At time: 627.0652706623077 and batch: 16000, loss is 6.622018461227417 and perplexity is 751.4603609492912
At time: 629.060697555542 and batch: 16050, loss is 6.609901876449585 and perplexity is 742.4101672209855
At time: 631.0574190616608 and batch: 16100, loss is 6.697182607650757 and perplexity is 810.120180502029
At time: 633.0370976924896 and batch: 16150, loss is 6.6312743663787845 and perplexity is 758.4480957931501
At time: 634.9966769218445 and batch: 16200, loss is 6.678943767547607 and perplexity is 795.4784579685314
At time: 636.9566020965576 and batch: 16250, loss is 6.657701187133789 and perplexity is 778.7586574368904
At time: 638.9135224819183 and batch: 16300, loss is 6.667035493850708 and perplexity is 786.0618617515722
At time: 640.8729219436646 and batch: 16350, loss is 6.6416951847076415 and perplexity is 766.3930702816084
At time: 642.8314831256866 and batch: 16400, loss is 6.629888334274292 and perplexity is 757.3975905679495
At time: 644.7908680438995 and batch: 16450, loss is 6.616517581939697 and perplexity is 747.3380168678502
At time: 646.7490932941437 and batch: 16500, loss is 6.575941801071167 and perplexity is 717.6211625703983
At time: 648.7081463336945 and batch: 16550, loss is 6.654788408279419 and perplexity is 776.4936060851358
At time: 650.6681659221649 and batch: 16600, loss is 6.6488617992401124 and perplexity is 771.9052422101552
At time: 652.6260509490967 and batch: 16650, loss is 6.607065076828003 and perplexity is 740.3070827645187
At time: 654.5855269432068 and batch: 16700, loss is 6.590678443908692 and perplexity is 728.2747959284811
At time: 656.5444483757019 and batch: 16750, loss is 6.605105018615722 and perplexity is 738.8574589249926
At time: 658.5036942958832 and batch: 16800, loss is 6.641871213912964 and perplexity is 766.527989719267
At time: 660.4617195129395 and batch: 16850, loss is 6.594589176177979 and perplexity is 731.1284599949497
At time: 662.4213047027588 and batch: 16900, loss is 6.641428642272949 and perplexity is 766.1888212284532
At time: 664.3813118934631 and batch: 16950, loss is 6.563093252182007 and perplexity is 708.4597534199797
At time: 666.361902475357 and batch: 17000, loss is 6.6050018882751464 and perplexity is 738.7812642326764
At time: 668.3539283275604 and batch: 17050, loss is 6.625737075805664 and perplexity is 754.2599544810661
At time: 670.3512914180756 and batch: 17100, loss is 6.636272087097168 and perplexity is 762.2480953140351
At time: 672.3468463420868 and batch: 17150, loss is 6.613883218765259 and perplexity is 745.3718480557917
At time: 674.3397769927979 and batch: 17200, loss is 6.6911450958251955 and perplexity is 805.2438057299071
At time: 676.3360030651093 and batch: 17250, loss is 6.655440979003906 and perplexity is 777.0004884505264
At time: 678.3354444503784 and batch: 17300, loss is 6.629960346221924 and perplexity is 757.452134207451
At time: 680.3302781581879 and batch: 17350, loss is 6.635538768768311 and perplexity is 761.6893297161722
At time: 682.325845003128 and batch: 17400, loss is 6.580439443588257 and perplexity is 720.856035219593
At time: 684.3207032680511 and batch: 17450, loss is 6.63897084236145 and perplexity is 764.307994705882
At time: 686.3148062229156 and batch: 17500, loss is 6.672956647872925 and perplexity is 790.7300620334894
At time: 688.3082191944122 and batch: 17550, loss is 6.6124049663543705 and perplexity is 744.2708143277774
At time: 690.3045961856842 and batch: 17600, loss is 6.6060367202758785 and perplexity is 739.5461744349628
At time: 692.3040342330933 and batch: 17650, loss is 6.604906005859375 and perplexity is 738.7104314961963
At time: 694.299103975296 and batch: 17700, loss is 6.64808819770813 and perplexity is 771.3083260496336
At time: 696.2938477993011 and batch: 17750, loss is 6.622534761428833 and perplexity is 751.8484402590975
At time: 698.2899549007416 and batch: 17800, loss is 6.604692478179931 and perplexity is 738.552713211187
At time: 700.2850015163422 and batch: 17850, loss is 6.586265678405762 and perplexity is 725.0681702792938
At time: 702.2779676914215 and batch: 17900, loss is 6.62805419921875 and perplexity is 756.0096942798027
At time: 704.2725393772125 and batch: 17950, loss is 6.621434574127197 and perplexity is 751.0217210087698
At time: 706.2688555717468 and batch: 18000, loss is 6.5729029083251955 and perplexity is 715.4436990398868
At time: 708.2644085884094 and batch: 18050, loss is 6.613977422714234 and perplexity is 745.4420683347951
At time: 710.2572376728058 and batch: 18100, loss is 6.612493181228638 and perplexity is 744.3364729800767
At time: 712.2461483478546 and batch: 18150, loss is 6.596028633117676 and perplexity is 732.1816457564229
At time: 714.2285430431366 and batch: 18200, loss is 6.573368330001831 and perplexity is 715.7767595466096
At time: 716.2085139751434 and batch: 18250, loss is 6.644614906311035 and perplexity is 768.6339945311245
At time: 718.1915891170502 and batch: 18300, loss is 6.549759111404419 and perplexity is 699.0757541548887
At time: 720.1743240356445 and batch: 18350, loss is 6.541617231369019 and perplexity is 693.4070714111449
At time: 722.1549797058105 and batch: 18400, loss is 6.65989541053772 and perplexity is 780.469303993065
At time: 724.1355655193329 and batch: 18450, loss is 6.609444665908813 and perplexity is 742.0708070523909
At time: 726.1177904605865 and batch: 18500, loss is 6.675362615585327 and perplexity is 792.6348235104366
At time: 728.1004769802094 and batch: 18550, loss is 6.645000858306885 and perplexity is 768.9307076102111
At time: 730.082190990448 and batch: 18600, loss is 6.624016876220703 and perplexity is 752.9635921410655
At time: 732.0626745223999 and batch: 18650, loss is 6.609673013687134 and perplexity is 742.2402766208014
At time: 734.0450072288513 and batch: 18700, loss is 6.6032874870300295 and perplexity is 737.5157817956956
At time: 736.0266416072845 and batch: 18750, loss is 6.670696039199829 and perplexity is 788.944549729861
At time: 738.0074052810669 and batch: 18800, loss is 6.645065679550171 and perplexity is 768.9805522701581
At time: 739.9888775348663 and batch: 18850, loss is 6.637233247756958 and perplexity is 762.9810904028427
At time: 741.9712662696838 and batch: 18900, loss is 6.568151826858521 and perplexity is 712.0526297429915
At time: 743.9520103931427 and batch: 18950, loss is 6.621913194656372 and perplexity is 751.3812614571572
At time: 745.9403007030487 and batch: 19000, loss is 6.6063206768035885 and perplexity is 739.7562032168471
At time: 747.9369292259216 and batch: 19050, loss is 6.577090759277343 and perplexity is 718.4461531431474
At time: 749.9317877292633 and batch: 19100, loss is 6.562579612731934 and perplexity is 708.0959539807044
At time: 751.9248790740967 and batch: 19150, loss is 6.577717380523682 and perplexity is 718.8964878469683
At time: 753.8899512290955 and batch: 19200, loss is 6.571280899047852 and perplexity is 714.2841833494463
At time: 755.8487555980682 and batch: 19250, loss is 6.6077124118804935 and perplexity is 740.7864646324023
At time: 757.8054444789886 and batch: 19300, loss is 6.55410849571228 and perplexity is 702.1229251251712
At time: 759.7630939483643 and batch: 19350, loss is 6.602646198272705 and perplexity is 737.0429728362192
At time: 761.7279896736145 and batch: 19400, loss is 6.597089052200317 and perplexity is 732.9584769560619
At time: 763.685751914978 and batch: 19450, loss is 6.651236562728882 and perplexity is 773.7405129005585
At time: 765.642795085907 and batch: 19500, loss is 6.626272039413452 and perplexity is 754.663564056117
At time: 767.6228361129761 and batch: 19550, loss is 6.610273065567017 and perplexity is 742.6857929471994
At time: 769.6187987327576 and batch: 19600, loss is 6.630364303588867 and perplexity is 757.7581743866019
At time: 771.6129112243652 and batch: 19650, loss is 6.610411329269409 and perplexity is 742.7884865338804
At time: 773.6073257923126 and batch: 19700, loss is 6.540162296295166 and perplexity is 692.3989427012377
At time: 775.6053533554077 and batch: 19750, loss is 6.665184698104858 and perplexity is 784.6083672774677
At time: 777.5991225242615 and batch: 19800, loss is 6.614996728897094 and perplexity is 746.2022894272216
At time: 779.5936598777771 and batch: 19850, loss is 6.589494819641113 and perplexity is 727.413302149603
At time: 781.5876700878143 and batch: 19900, loss is 6.6048428440094 and perplexity is 738.6637746522289
At time: 783.5813598632812 and batch: 19950, loss is 6.573447170257569 and perplexity is 715.8331937939996
At time: 785.576078414917 and batch: 20000, loss is 6.66593409538269 and perplexity is 785.1965710236849
At time: 787.571347951889 and batch: 20050, loss is 6.650621871948243 and perplexity is 773.2650478876222
At time: 789.5652673244476 and batch: 20100, loss is 6.576380729675293 and perplexity is 717.9362161635354
At time: 791.5475032329559 and batch: 20150, loss is 6.6021808242797855 and perplexity is 736.7000520044045
At time: 793.5249326229095 and batch: 20200, loss is 6.553069772720337 and perplexity is 701.3939925447286
At time: 795.5057742595673 and batch: 20250, loss is 6.630311479568482 and perplexity is 757.7181476105478
At time: 797.4862034320831 and batch: 20300, loss is 6.587623100280762 and perplexity is 726.0530619800372
At time: 799.4669070243835 and batch: 20350, loss is 6.575348072052002 and perplexity is 717.1952165221904
At time: 801.4454016685486 and batch: 20400, loss is 6.5903526973724365 and perplexity is 728.037601570983
At time: 803.4277236461639 and batch: 20450, loss is 6.598846921920776 and perplexity is 734.2480555925973
At time: 805.4094860553741 and batch: 20500, loss is 6.587707319259644 and perplexity is 726.1142120024911
At time: 807.3896539211273 and batch: 20550, loss is 6.64147029876709 and perplexity is 766.2207386333748
At time: 809.370668888092 and batch: 20600, loss is 6.619686918258667 and perplexity is 749.7103397460146
At time: 811.3534643650055 and batch: 20650, loss is 6.607718734741211 and perplexity is 740.7911485368475
At time: 813.3346629142761 and batch: 20700, loss is 6.605738286972046 and perplexity is 739.3255021564057
At time: 815.3145608901978 and batch: 20750, loss is 6.599543695449829 and perplexity is 734.7598384791712
At time: 817.307685136795 and batch: 20800, loss is 6.64790078163147 and perplexity is 771.1637840144433
At time: 819.3025889396667 and batch: 20850, loss is 6.582586679458618 and perplexity is 722.4055461431506
At time: 821.2943382263184 and batch: 20900, loss is 6.633122787475586 and perplexity is 759.8513237327775
At time: 823.2894871234894 and batch: 20950, loss is 6.605985555648804 and perplexity is 739.508336798726
At time: 825.283937215805 and batch: 21000, loss is 6.5750766849517825 and perplexity is 717.0006054007558
At time: 827.2786159515381 and batch: 21050, loss is 6.592380580902099 and perplexity is 729.5154750033239
At time: 829.2729053497314 and batch: 21100, loss is 6.56676721572876 and perplexity is 711.067395987089
At time: 831.2682309150696 and batch: 21150, loss is 6.569017868041993 and perplexity is 712.6695637517181
At time: 833.2643897533417 and batch: 21200, loss is 6.593692493438721 and perplexity is 730.4731635650978
At time: 835.2600231170654 and batch: 21250, loss is 6.626254253387451 and perplexity is 754.6501417097099
At time: 837.2451756000519 and batch: 21300, loss is 6.643197679519654 and perplexity is 767.5454373896812
At time: 839.2257091999054 and batch: 21350, loss is 6.624450635910034 and perplexity is 753.2902682392097
At time: 841.2062051296234 and batch: 21400, loss is 6.60987473487854 and perplexity is 742.3900173161387
Finished Train Step
Begin Evaluating...
Getting Batches...
Created Iterator with 1421 batches
Traceback (most recent call last):
  File "tune_models.py", line 172, in <module>
    seq_len = args.seq_len)
  File "tune_models.py", line 147, in tuneModels
    opt = Optimizer(dataset, vectors, tune_wordvecs, wordvec_dim, choices, trainerclass, max_time, num_layers, batch_size, seq_len)
  File "tune_models.py", line 35, in __init__
    exact_feval = True
  File "/home-nfs/siddsach/anaconda3/lib/python3.5/site-packages/GPyOpt/methods/bayesian_optimization.py", line 117, in __init__
    self._init_design_chooser()
  File "/home-nfs/siddsach/anaconda3/lib/python3.5/site-packages/GPyOpt/methods/bayesian_optimization.py", line 192, in _init_design_chooser
    self.Y, _ = self.objective.evaluate(self.X)
  File "/home-nfs/siddsach/anaconda3/lib/python3.5/site-packages/GPyOpt/core/task/objective.py", line 50, in evaluate
    f_evals, cost_evals = self._eval_func(x)
  File "/home-nfs/siddsach/anaconda3/lib/python3.5/site-packages/GPyOpt/core/task/objective.py", line 74, in _eval_func
    rlt = self.func(np.atleast_2d(x[i]))
  File "tune_models.py", line 73, in getError
    trainer.train()
  File "/home-nfs/siddsach/Interpreting-Attention/interpreting_language/pretraining/langmodel/trainer.py", line 408, in train
    this_perplexity = self.evaluate()
  File "/home-nfs/siddsach/Interpreting-Attention/interpreting_language/pretraining/langmodel/trainer.py", line 348, in evaluate
    for i, batch in enumerate(self.valid_iterator):
  File "/home-nfs/siddsach/anaconda3/lib/python3.5/site-packages/torchtext/data/iterator.py", line 246, in __iter__
    text=data[i:i + seq_len],
  File "/home-nfs/siddsach/anaconda3/lib/python3.5/site-packages/torch/autograd/variable.py", line 76, in __getitem__
    return Index.apply(self, key)
  File "/home-nfs/siddsach/anaconda3/lib/python3.5/site-packages/torch/autograd/_functions/tensor.py", line 16, in forward
    result = i.index(ctx.index)
ValueError: result of slicing is an empty tensor
