Building Bayesian Optimizer for 
 data:gigasmall 
 choices:[{'domain': [0, 30], 'name': 'lr', 'type': 'continuous'}, {'domain': [0, 1], 'name': 'dropout', 'type': 'continuous'}, {'domain': [2, 8], 'name': 'anneal', 'type': 'continuous'}]
SETTINGS FOR THIS RUN
{'anneal': 7.456814339486015, 'num_layers': 1, 'dropout': 0.15711863015045147, 'wordvec_dim': 200, 'wordvec_source': 'glove', 'batch_size': 50, 'tune_wordvecs': True, 'seq_len': 20, 'lr': 29.457140263849446, 'data': 'gigasmall'}
Preparing Data Loaders

[93m    Warning: no model found for 'en'[0m

    Only loading the 'en' tokenizer.

Retrieving Train Data from file: /home-nfs/siddsach/Interpreting-Attention/interpreting_language/data/gigaword/gigaword_small_train.txt...
Got Train Dataset with 21438304 words
Retrieving Valid Data from file: /home-nfs/siddsach/Interpreting-Attention/interpreting_language/data/gigaword/gigaword_small_val.txt...
Retrieving Test Data from file: /home-nfs/siddsach/Interpreting-Attention/interpreting_language/data/gigaword/gigaword_small_test.txt...
Loading Vectors From Memory...
Using these vectors: ['GloVe']
Building Vocab...
Found 55221 tokens
Getting Batches...
Created Iterator with 21439 batches
Initializing Model parameters...
Constructing LSTM with 1 layers and 200 hidden size...
here
200
200
Using Cross Entropy Loss ...
Begin Training...
Finished 0 epochs...
Completing Train Step...
At time: 7.995409727096558 and batch: 50, loss is 9.300946750640868 and perplexity is 10948.37968848216
At time: 9.65467119216919 and batch: 100, loss is 7.904552984237671 and perplexity is 2709.5910115512497
At time: 11.311581373214722 and batch: 150, loss is 7.21446213722229 and perplexity is 1358.942546868167
At time: 12.975005149841309 and batch: 200, loss is 7.1448170185089115 and perplexity is 1267.5193714057557
At time: 14.636328935623169 and batch: 250, loss is 7.096050100326538 and perplexity is 1207.1893680829821
At time: 16.302737712860107 and batch: 300, loss is 7.0053785705566405 and perplexity is 1102.5473679848262
At time: 17.965078592300415 and batch: 350, loss is 6.9713155460357665 and perplexity is 1065.6237058673007
At time: 19.621167182922363 and batch: 400, loss is 7.034355239868164 and perplexity is 1134.9628974027164
At time: 21.2625412940979 and batch: 450, loss is 7.148540840148926 and perplexity is 1272.248186637902
At time: 23.6408748626709 and batch: 500, loss is 7.177435712814331 and perplexity is 1309.5458972950858
At time: 25.285138845443726 and batch: 550, loss is 7.15153317451477 and perplexity is 1276.0608801907088
At time: 26.93399453163147 and batch: 600, loss is 7.194792699813843 and perplexity is 1332.47407483085
At time: 28.57576036453247 and batch: 650, loss is 7.252972173690796 and perplexity is 1412.2962060246587
At time: 30.230549335479736 and batch: 700, loss is 7.259970188140869 and perplexity is 1422.2141377216517
At time: 31.88893151283264 and batch: 750, loss is 7.426772365570068 and perplexity is 1680.3751744156266
At time: 33.529200315475464 and batch: 800, loss is 7.424927883148193 and perplexity is 1677.278608602773
At time: 35.17164373397827 and batch: 850, loss is 7.421219892501831 and perplexity is 1671.0707915871508
At time: 36.813921213150024 and batch: 900, loss is 7.477909851074219 and perplexity is 1768.5403972965107
At time: 38.455597162246704 and batch: 950, loss is 7.439365291595459 and perplexity is 1701.6698141825175
At time: 40.09821343421936 and batch: 1000, loss is 7.331846046447754 and perplexity is 1528.2002983570671
At time: 41.74102234840393 and batch: 1050, loss is 7.301580104827881 and perplexity is 1482.6408055760962
At time: 43.39304161071777 and batch: 1100, loss is 7.321585922241211 and perplexity is 1512.6009360263356
At time: 45.039713621139526 and batch: 1150, loss is 7.293051233291626 and perplexity is 1470.0493245002017
At time: 46.67323398590088 and batch: 1200, loss is 7.4044717502593995 and perplexity is 1643.316525226462
At time: 48.31662559509277 and batch: 1250, loss is 7.432877101898193 and perplexity is 1690.6647975498838
At time: 49.96419310569763 and batch: 1300, loss is 7.345594224929809 and perplexity is 1549.3553573657248
At time: 51.607609272003174 and batch: 1350, loss is 7.3357479763031 and perplexity is 1534.1748773399559
At time: 53.24825048446655 and batch: 1400, loss is 7.3882643699646 and perplexity is 1616.8973405555148
At time: 54.88111662864685 and batch: 1450, loss is 7.298233070373535 and perplexity is 1477.6866512040679
At time: 56.51671576499939 and batch: 1500, loss is 7.333387079238892 and perplexity is 1530.5571206320553
At time: 58.14739441871643 and batch: 1550, loss is 7.108565826416015 and perplexity is 1222.3931643629076
At time: 59.784141540527344 and batch: 1600, loss is 7.254737854003906 and perplexity is 1414.7920724345777
At time: 61.42576336860657 and batch: 1650, loss is 7.233892517089844 and perplexity is 1385.6055137036565
At time: 63.06198501586914 and batch: 1700, loss is 7.196394538879394 and perplexity is 1334.6101942607704
At time: 64.69384169578552 and batch: 1750, loss is 7.2517999649047855 and perplexity is 1410.6416699238393
At time: 66.3441481590271 and batch: 1800, loss is 7.188774662017822 and perplexity is 1324.4792761155275
At time: 68.00336337089539 and batch: 1850, loss is 7.171179466247558 and perplexity is 1301.3786301289942
At time: 69.6490159034729 and batch: 1900, loss is 7.402265005111694 and perplexity is 1639.6941427657337
At time: 71.28981852531433 and batch: 1950, loss is 7.240190324783325 and perplexity is 1394.3593267504955
At time: 72.92775201797485 and batch: 2000, loss is 7.360805263519287 and perplexity is 1573.1028153651612
At time: 74.5641496181488 and batch: 2050, loss is 7.065636186599732 and perplexity is 1171.0267260403418
At time: 76.20735692977905 and batch: 2100, loss is 7.064065971374512 and perplexity is 1169.1894049182781
At time: 77.84536647796631 and batch: 2150, loss is 7.291330509185791 and perplexity is 1467.521950271254
At time: 79.48410534858704 and batch: 2200, loss is 7.419061241149902 and perplexity is 1667.4674229712293
At time: 81.11419653892517 and batch: 2250, loss is 7.207616834640503 and perplexity is 1349.6719401977537
At time: 82.73918724060059 and batch: 2300, loss is 7.251424188613892 and perplexity is 1410.111683813679
At time: 84.37135124206543 and batch: 2350, loss is 7.518931446075439 and perplexity is 1842.5973271274977
At time: 86.01313018798828 and batch: 2400, loss is 7.482555351257324 and perplexity is 1776.7752647656569
At time: 87.64621233940125 and batch: 2450, loss is 7.387187671661377 and perplexity is 1615.157366813934
At time: 89.27984595298767 and batch: 2500, loss is 7.383292064666748 and perplexity is 1608.8775881948
At time: 90.92198944091797 and batch: 2550, loss is 7.2444885730743405 and perplexity is 1400.3655281692404
At time: 92.56490445137024 and batch: 2600, loss is 7.270484428405762 and perplexity is 1437.2465274678646
At time: 94.20713686943054 and batch: 2650, loss is 7.130610666275024 and perplexity is 1249.6398468674267
At time: 95.85760021209717 and batch: 2700, loss is 7.294463777542115 and perplexity is 1472.1273014931735
At time: 97.50431609153748 and batch: 2750, loss is 7.244593706130981 and perplexity is 1400.5127606169945
At time: 99.15018963813782 and batch: 2800, loss is 7.170120344161988 and perplexity is 1300.0010409264842
At time: 100.7864203453064 and batch: 2850, loss is 7.340593471527099 and perplexity is 1541.6267538167226
At time: 102.41874504089355 and batch: 2900, loss is 7.213159294128418 and perplexity is 1357.1732107899286
At time: 104.05744290351868 and batch: 2950, loss is 7.240865201950073 and perplexity is 1395.3006656306916
At time: 105.69678044319153 and batch: 3000, loss is 7.52351077079773 and perplexity is 1851.0545279761982
At time: 107.32719659805298 and batch: 3050, loss is 7.384139528274536 and perplexity is 1610.2416313069918
At time: 108.9649612903595 and batch: 3100, loss is 7.418908376693725 and perplexity is 1667.212545951739
At time: 110.60204696655273 and batch: 3150, loss is 7.311154356002808 and perplexity is 1496.9041525285334
At time: 112.23832297325134 and batch: 3200, loss is 7.26079155921936 and perplexity is 1423.3827831618776
At time: 113.8730731010437 and batch: 3250, loss is 7.018149003982544 and perplexity is 1116.7176635763387
At time: 115.52932262420654 and batch: 3300, loss is 7.10186185836792 and perplexity is 1214.2256874881575
At time: 117.20056772232056 and batch: 3350, loss is 7.0986074924469 and perplexity is 1210.2805756909177
At time: 118.87663197517395 and batch: 3400, loss is 7.0656408596038816 and perplexity is 1171.0321982658782
At time: 120.55455732345581 and batch: 3450, loss is 7.209563941955566 and perplexity is 1352.3024564230666
At time: 122.2293016910553 and batch: 3500, loss is 7.561408853530883 and perplexity is 1922.5522007191375
At time: 123.90754008293152 and batch: 3550, loss is 7.377705059051514 and perplexity is 1599.913843637571
At time: 125.58935260772705 and batch: 3600, loss is 7.310701723098755 and perplexity is 1496.2267577720288
At time: 127.26104044914246 and batch: 3650, loss is 7.097844762802124 and perplexity is 1209.3578107721567
At time: 128.92397952079773 and batch: 3700, loss is 7.346670513153076 and perplexity is 1551.0238079963349
At time: 130.58861255645752 and batch: 3750, loss is 7.191539764404297 and perplexity is 1328.1466649388706
At time: 132.2408640384674 and batch: 3800, loss is 7.175891313552857 and perplexity is 1307.5249965189516
At time: 133.89875078201294 and batch: 3850, loss is 7.245219268798828 and perplexity is 1401.3891432034145
At time: 135.55631470680237 and batch: 3900, loss is 7.125142259597778 and perplexity is 1242.8249582582455
At time: 137.20569586753845 and batch: 3950, loss is 7.124091215133667 and perplexity is 1241.519380196495
At time: 138.85357522964478 and batch: 4000, loss is 7.037381677627564 and perplexity is 1138.4029949657665
At time: 140.5148642063141 and batch: 4050, loss is 7.104850788116455 and perplexity is 1217.8603519393607
At time: 142.16710090637207 and batch: 4100, loss is 7.275964689254761 and perplexity is 1445.1446354214556
At time: 143.8172037601471 and batch: 4150, loss is 7.149921712875366 and perplexity is 1274.0062129860592
At time: 145.46921372413635 and batch: 4200, loss is 7.167537136077881 and perplexity is 1296.647201425875
At time: 147.11926937103271 and batch: 4250, loss is 7.14791974067688 and perplexity is 1271.4582393041997
At time: 148.76821517944336 and batch: 4300, loss is 7.05915605545044 and perplexity is 1163.4628531888682
At time: 150.4139039516449 and batch: 4350, loss is 7.1004180812835695 and perplexity is 1212.4738811785373
At time: 152.07845377922058 and batch: 4400, loss is 7.129693632125854 and perplexity is 1248.4944097364396
At time: 153.75438284873962 and batch: 4450, loss is 7.152990741729736 and perplexity is 1277.9221808498562
At time: 155.4075412750244 and batch: 4500, loss is 7.2151501178741455 and perplexity is 1359.8777947267224
At time: 157.05764436721802 and batch: 4550, loss is 7.343032913208008 and perplexity is 1545.392053123186
At time: 158.7128140926361 and batch: 4600, loss is 7.301565160751343 and perplexity is 1482.618649043974
At time: 160.36936283111572 and batch: 4650, loss is 7.0836988544464115 and perplexity is 1192.3707777849922
At time: 162.02274823188782 and batch: 4700, loss is 7.279857597351074 and perplexity is 1450.7814152873636
At time: 163.67779326438904 and batch: 4750, loss is 7.180610322952271 and perplexity is 1313.7098008649427
At time: 165.34001564979553 and batch: 4800, loss is 7.066701545715332 and perplexity is 1172.274954825437
At time: 166.99243450164795 and batch: 4850, loss is 7.153395700454712 and perplexity is 1278.4397913852085
At time: 168.64979076385498 and batch: 4900, loss is 7.223364086151123 and perplexity is 1371.0937886411002
At time: 170.30749773979187 and batch: 4950, loss is 7.105697650909423 and perplexity is 1218.8921493922214
At time: 171.97286128997803 and batch: 5000, loss is 7.243067102432251 and perplexity is 1398.3763637870782
At time: 173.64287209510803 and batch: 5050, loss is 7.21597809791565 and perplexity is 1361.0042126610733
At time: 175.2947633266449 and batch: 5100, loss is 7.1019469738006595 and perplexity is 1214.3290412314282
At time: 176.95063495635986 and batch: 5150, loss is 7.042469816207886 and perplexity is 1144.2101083347604
At time: 178.6038839817047 and batch: 5200, loss is 7.195655975341797 and perplexity is 1333.6248637437698
At time: 180.25481176376343 and batch: 5250, loss is 7.048313980102539 and perplexity is 1150.9166376780809
At time: 181.9188642501831 and batch: 5300, loss is 7.104438400268554 and perplexity is 1217.358224672489
At time: 183.5882556438446 and batch: 5350, loss is 7.119515237808227 and perplexity is 1235.8511942994692
At time: 185.24846768379211 and batch: 5400, loss is 7.1415979766845705 and perplexity is 1263.4457336588443
At time: 186.90979862213135 and batch: 5450, loss is 7.227463998794556 and perplexity is 1376.7266927173816
At time: 188.57490372657776 and batch: 5500, loss is 7.034633798599243 and perplexity is 1135.2790952650316
At time: 190.230694770813 and batch: 5550, loss is 7.202827968597412 and perplexity is 1343.2239935730336
At time: 191.8817994594574 and batch: 5600, loss is 7.163988103866577 and perplexity is 1292.053515133325
At time: 193.53881692886353 and batch: 5650, loss is 7.065121412277222 and perplexity is 1170.4240666808935
At time: 195.2006254196167 and batch: 5700, loss is 7.039963102340698 and perplexity is 1141.345492874881
At time: 196.85253286361694 and batch: 5750, loss is 7.026572027206421 and perplexity is 1126.1635279119923
At time: 198.50522446632385 and batch: 5800, loss is 7.088581180572509 and perplexity is 1198.2065552774927
At time: 200.16924357414246 and batch: 5850, loss is 7.176050968170166 and perplexity is 1307.7337655869233
At time: 201.83599281311035 and batch: 5900, loss is 7.190636262893677 and perplexity is 1326.9472243505588
At time: 203.4963948726654 and batch: 5950, loss is 7.020410652160645 and perplexity is 1119.2461442346798
At time: 205.1509382724762 and batch: 6000, loss is 6.980880708694458 and perplexity is 1075.8654739488632
At time: 206.79976153373718 and batch: 6050, loss is 7.113764104843139 and perplexity is 1228.764048848154
At time: 208.45351815223694 and batch: 6100, loss is 7.104150037765503 and perplexity is 1217.0072348163017
At time: 210.11253094673157 and batch: 6150, loss is 6.985602054595947 and perplexity is 1080.957017004808
At time: 211.78505206108093 and batch: 6200, loss is 7.184612979888916 and perplexity is 1318.9786682118406
At time: 213.44111275672913 and batch: 6250, loss is 7.05933874130249 and perplexity is 1163.675420807489
At time: 215.0940079689026 and batch: 6300, loss is 7.201595506668091 and perplexity is 1341.5695408728084
At time: 216.74697279930115 and batch: 6350, loss is 7.015154933929443 and perplexity is 1113.3791330531944
At time: 218.40899896621704 and batch: 6400, loss is 7.038736486434937 and perplexity is 1139.9463586149475
At time: 220.06772375106812 and batch: 6450, loss is 6.983413152694702 and perplexity is 1078.5934958368039
At time: 221.72462701797485 and batch: 6500, loss is 7.079678497314453 and perplexity is 1187.5866448300433
At time: 223.385977268219 and batch: 6550, loss is 7.139468955993652 and perplexity is 1260.7586929476367
At time: 225.03962111473083 and batch: 6600, loss is 7.143138599395752 and perplexity is 1265.3937270265765
At time: 226.71452951431274 and batch: 6650, loss is 7.149697914123535 and perplexity is 1273.72112388825
At time: 228.36187863349915 and batch: 6700, loss is 7.04293046951294 and perplexity is 1144.7373139230165
At time: 230.00920605659485 and batch: 6750, loss is 7.097403917312622 and perplexity is 1208.8247883349852
At time: 231.67208313941956 and batch: 6800, loss is 7.09738904953003 and perplexity is 1208.806815924445
At time: 233.32621479034424 and batch: 6850, loss is 7.201740131378174 and perplexity is 1341.7635790097302
At time: 234.98753094673157 and batch: 6900, loss is 7.21886794090271 and perplexity is 1364.9429896227584
At time: 236.64244270324707 and batch: 6950, loss is 7.273459062576294 and perplexity is 1441.5281751104799
At time: 238.30412006378174 and batch: 7000, loss is 7.075837726593018 and perplexity is 1183.0341449658624
At time: 239.96994853019714 and batch: 7050, loss is 7.153780221939087 and perplexity is 1278.931473476582
At time: 241.63598346710205 and batch: 7100, loss is 7.085555219650269 and perplexity is 1194.5863091884278
At time: 243.288583278656 and batch: 7150, loss is 7.029296789169312 and perplexity is 1129.2362397599568
At time: 244.94255900382996 and batch: 7200, loss is 7.172429208755493 and perplexity is 1303.0060350287104
At time: 246.60196781158447 and batch: 7250, loss is 7.214862365722656 and perplexity is 1359.4865432599522
At time: 248.2676146030426 and batch: 7300, loss is 6.943840093612671 and perplexity is 1036.7437738022434
At time: 249.9303925037384 and batch: 7350, loss is 7.101063089370728 and perplexity is 1213.2561889076492
At time: 251.59094977378845 and batch: 7400, loss is 7.075825910568238 and perplexity is 1183.0201662876764
At time: 253.24986219406128 and batch: 7450, loss is 7.009199781417847 and perplexity is 1106.7684937318566
At time: 254.91365337371826 and batch: 7500, loss is 7.042243413925171 and perplexity is 1143.9510858770718
At time: 256.5791902542114 and batch: 7550, loss is 7.042809352874756 and perplexity is 1144.598675583825
At time: 258.24163937568665 and batch: 7600, loss is 7.0607321834564205 and perplexity is 1165.2980654605103
At time: 259.9031400680542 and batch: 7650, loss is 7.180650415420533 and perplexity is 1313.7624717892859
At time: 261.56556510925293 and batch: 7700, loss is 7.380320091247558 and perplexity is 1604.1031450412647
At time: 263.219673871994 and batch: 7750, loss is 7.234653205871582 and perplexity is 1386.6599292640446
At time: 264.8825614452362 and batch: 7800, loss is 7.131506366729736 and perplexity is 1250.7596512762848
At time: 266.5351150035858 and batch: 7850, loss is 7.019013824462891 and perplexity is 1117.6838416076207
At time: 268.1855971813202 and batch: 7900, loss is 7.05954981803894 and perplexity is 1163.921071542266
At time: 269.84527802467346 and batch: 7950, loss is 7.011195793151855 and perplexity is 1108.9798228174047
At time: 271.50646924972534 and batch: 8000, loss is 6.991348428726196 and perplexity is 1087.18648171885
At time: 273.16406178474426 and batch: 8050, loss is 7.0410399246215825 and perplexity is 1142.5751810908073
At time: 274.8263599872589 and batch: 8100, loss is 7.06630422592163 and perplexity is 1171.8092792994025
At time: 276.4885869026184 and batch: 8150, loss is 7.2618570804595945 and perplexity is 1424.9002360458921
At time: 278.14291191101074 and batch: 8200, loss is 7.204230213165284 and perplexity is 1345.1088433227708
At time: 279.7958698272705 and batch: 8250, loss is 7.198056240081787 and perplexity is 1336.8297612431288
At time: 281.4647138118744 and batch: 8300, loss is 7.312320947647095 and perplexity is 1498.6514473968052
At time: 283.12781953811646 and batch: 8350, loss is 7.280476751327515 and perplexity is 1451.6799505067079
At time: 284.79055976867676 and batch: 8400, loss is 7.291672267913818 and perplexity is 1468.023574418664
At time: 286.4681775569916 and batch: 8450, loss is 7.148102903366089 and perplexity is 1271.6911443436338
At time: 288.1236608028412 and batch: 8500, loss is 6.9952073097229 and perplexity is 1091.3899100217382
At time: 289.77661991119385 and batch: 8550, loss is 7.061330251693725 and perplexity is 1165.9952016671864
At time: 291.42670035362244 and batch: 8600, loss is 7.043121557235718 and perplexity is 1144.9560800706101
At time: 293.0754723548889 and batch: 8650, loss is 7.087490167617798 and perplexity is 1196.9000092621782
At time: 294.7355990409851 and batch: 8700, loss is 6.975315570831299 and perplexity is 1069.8947635870552
At time: 296.38863468170166 and batch: 8750, loss is 7.0217796897888185 and perplexity is 1120.779483681535
At time: 298.039834022522 and batch: 8800, loss is 7.197978935241699 and perplexity is 1336.7264218265816
At time: 299.70305585861206 and batch: 8850, loss is 7.366566677093505 and perplexity is 1582.1922701906065
At time: 301.35612630844116 and batch: 8900, loss is 7.160468854904175 and perplexity is 1287.5144488776652
At time: 303.01180601119995 and batch: 8950, loss is 7.166656465530395 and perplexity is 1295.5057851047395
At time: 304.68135952949524 and batch: 9000, loss is 7.1216426277160645 and perplexity is 1238.4831302421599
At time: 306.3406684398651 and batch: 9050, loss is 7.123966932296753 and perplexity is 1241.3650902338359
At time: 307.9960310459137 and batch: 9100, loss is 7.047813301086426 and perplexity is 1150.340542099818
At time: 309.65071201324463 and batch: 9150, loss is 7.06403751373291 and perplexity is 1169.156133018651
At time: 311.3071150779724 and batch: 9200, loss is 7.116573295593262 and perplexity is 1232.2207344196102
At time: 312.9675679206848 and batch: 9250, loss is 7.038313026428223 and perplexity is 1139.463739114515
At time: 314.6270523071289 and batch: 9300, loss is 6.996494083404541 and perplexity is 1092.7951857763878
At time: 316.28635573387146 and batch: 9350, loss is 6.988694438934326 and perplexity is 1084.3049253964332
At time: 317.94183802604675 and batch: 9400, loss is 7.153172979354858 and perplexity is 1278.1550875747246
At time: 319.59859561920166 and batch: 9450, loss is 6.961293115615844 and perplexity is 1054.9969085440193
At time: 321.2462430000305 and batch: 9500, loss is 6.93491060256958 and perplexity is 1027.5273896097183
At time: 322.8980710506439 and batch: 9550, loss is 7.087888460159302 and perplexity is 1197.376820557682
At time: 324.5548710823059 and batch: 9600, loss is 7.17875581741333 and perplexity is 1311.2757764161781
At time: 326.21628165245056 and batch: 9650, loss is 7.108710384368896 and perplexity is 1222.569883789155
At time: 327.87998509407043 and batch: 9700, loss is 7.085316143035889 and perplexity is 1194.3007456751811
At time: 329.53760147094727 and batch: 9750, loss is 6.978916873931885 and perplexity is 1073.7547251905314
At time: 331.19330072402954 and batch: 9800, loss is 7.087255992889404 and perplexity is 1196.6197583427174
At time: 332.8497123718262 and batch: 9850, loss is 7.042541408538819 and perplexity is 1144.2920279358657
At time: 334.50351214408875 and batch: 9900, loss is 7.188891448974609 and perplexity is 1324.6339670522786
At time: 336.15746426582336 and batch: 9950, loss is 7.0334100246429445 and perplexity is 1133.8906200383112
At time: 337.82107067108154 and batch: 10000, loss is 7.072733888626098 and perplexity is 1179.367891342484
At time: 339.48471570014954 and batch: 10050, loss is 7.040396575927734 and perplexity is 1141.8403432442592
At time: 341.1397559642792 and batch: 10100, loss is 7.057114324569702 and perplexity is 1161.0897985467661
At time: 342.7946274280548 and batch: 10150, loss is 7.10347617149353 and perplexity is 1216.187410944863
At time: 344.4519371986389 and batch: 10200, loss is 7.017474431991577 and perplexity is 1115.9646111412678
At time: 346.11724615097046 and batch: 10250, loss is 7.041799459457398 and perplexity is 1143.443336398747
At time: 347.78388571739197 and batch: 10300, loss is 7.06861141204834 and perplexity is 1174.5159826452834
At time: 349.4561834335327 and batch: 10350, loss is 7.041699428558349 and perplexity is 1143.3289624543559
At time: 351.1186435222626 and batch: 10400, loss is 7.189791250228882 and perplexity is 1325.8264107580005
At time: 352.7943003177643 and batch: 10450, loss is 7.0884113597869876 and perplexity is 1198.0030921756788
At time: 354.4598898887634 and batch: 10500, loss is 7.154025135040283 and perplexity is 1279.2447389098068
At time: 356.1208248138428 and batch: 10550, loss is 7.188695411682129 and perplexity is 1324.3743148474398
At time: 357.79117465019226 and batch: 10600, loss is 7.183196229934692 and perplexity is 1317.1113283332136
At time: 359.4603462219238 and batch: 10650, loss is 7.138272647857666 and perplexity is 1259.2513388754894
At time: 361.1173448562622 and batch: 10700, loss is 7.158836479187012 and perplexity is 1285.414456010814
At time: 362.7704265117645 and batch: 10750, loss is 7.170443181991577 and perplexity is 1300.4207981941177
At time: 364.43916869163513 and batch: 10800, loss is 7.007317762374878 and perplexity is 1104.6874932060462
At time: 366.10352063179016 and batch: 10850, loss is 7.035719890594482 and perplexity is 1136.5127826304763
At time: 367.76443576812744 and batch: 10900, loss is 7.078928022384644 and perplexity is 1186.69572517437
At time: 369.41936206817627 and batch: 10950, loss is 7.175916299819947 and perplexity is 1307.5576670958978
At time: 371.0702791213989 and batch: 11000, loss is 7.264020261764526 and perplexity is 1427.9858898089271
At time: 372.72197937965393 and batch: 11050, loss is 7.015321159362793 and perplexity is 1113.5642203647526
At time: 374.3749465942383 and batch: 11100, loss is 7.202436323165894 and perplexity is 1342.698029034972
At time: 376.02363085746765 and batch: 11150, loss is 7.133545188903809 and perplexity is 1253.3123291316028
At time: 377.68126368522644 and batch: 11200, loss is 7.024399404525757 and perplexity is 1123.7194554741138
At time: 379.34207010269165 and batch: 11250, loss is 7.114337091445923 and perplexity is 1229.4683159346603
At time: 380.992418050766 and batch: 11300, loss is 6.986167573928833 and perplexity is 1081.5684919801065
At time: 382.6476309299469 and batch: 11350, loss is 7.074726991653442 and perplexity is 1181.7208371098216
At time: 384.30219411849976 and batch: 11400, loss is 7.11122875213623 and perplexity is 1225.6526445111374
At time: 385.9628460407257 and batch: 11450, loss is 7.033763294219971 and perplexity is 1134.2912598608095
At time: 387.62730646133423 and batch: 11500, loss is 7.18816686630249 and perplexity is 1323.6745078785757
At time: 389.29100036621094 and batch: 11550, loss is 7.165860567092896 and perplexity is 1294.4751042876362
At time: 390.9435737133026 and batch: 11600, loss is 7.28754114151001 and perplexity is 1461.971493032745
At time: 392.594199180603 and batch: 11650, loss is 7.12886794090271 and perplexity is 1247.4639643335815
At time: 394.24632811546326 and batch: 11700, loss is 7.141412515640258 and perplexity is 1263.2114354209177
At time: 395.8973488807678 and batch: 11750, loss is 7.050725221633911 and perplexity is 1153.6951241287632
At time: 397.5497980117798 and batch: 11800, loss is 7.014341144561768 and perplexity is 1112.473445521949
At time: 399.2088005542755 and batch: 11850, loss is 7.105061588287353 and perplexity is 1218.1171041704365
At time: 400.8704659938812 and batch: 11900, loss is 7.213674058914185 and perplexity is 1357.872015611656
At time: 402.52721405029297 and batch: 11950, loss is 7.1606591606140135 and perplexity is 1287.7594935447466
At time: 404.1949393749237 and batch: 12000, loss is 7.053046550750732 and perplexity is 1156.3763410017423
At time: 405.8618595600128 and batch: 12050, loss is 7.250657052993774 and perplexity is 1409.030351729891
At time: 407.52658343315125 and batch: 12100, loss is 7.273287343978882 and perplexity is 1441.280659166273
At time: 409.17958426475525 and batch: 12150, loss is 7.252629547119141 and perplexity is 1411.812398704782
At time: 410.83243918418884 and batch: 12200, loss is 6.979912996292114 and perplexity is 1074.824849180426
At time: 412.48701190948486 and batch: 12250, loss is 7.1607903957366945 and perplexity is 1287.928503909671
At time: 414.16378116607666 and batch: 12300, loss is 7.042449951171875 and perplexity is 1144.1873787855168
At time: 415.8372292518616 and batch: 12350, loss is 7.06246241569519 and perplexity is 1167.3160470260907
At time: 417.5133020877838 and batch: 12400, loss is 7.237548542022705 and perplexity is 1390.6805936652943
At time: 419.18877053260803 and batch: 12450, loss is 7.206350440979004 and perplexity is 1347.9638060210166
At time: 420.8633768558502 and batch: 12500, loss is 6.959574375152588 and perplexity is 1053.185200043041
At time: 422.5473816394806 and batch: 12550, loss is 7.145754976272583 and perplexity is 1268.708808774575
At time: 424.22859811782837 and batch: 12600, loss is 7.118884811401367 and perplexity is 1235.0723266068094
At time: 425.8844771385193 and batch: 12650, loss is 7.266123237609864 and perplexity is 1430.992069496409
At time: 427.5386242866516 and batch: 12700, loss is 7.187842435836792 and perplexity is 1323.2451371957839
At time: 429.19126629829407 and batch: 12750, loss is 7.018960762023926 and perplexity is 1117.624536150453
At time: 430.8635265827179 and batch: 12800, loss is 7.2140968132019045 and perplexity is 1358.4461831857811
At time: 432.52186489105225 and batch: 12850, loss is 7.131545343399048 and perplexity is 1250.808402671678
At time: 434.18099212646484 and batch: 12900, loss is 7.12421950340271 and perplexity is 1241.6786627855886
At time: 435.84289503097534 and batch: 12950, loss is 7.084206008911133 and perplexity is 1192.9756473167267
At time: 437.5049228668213 and batch: 13000, loss is 7.016017847061157 and perplexity is 1114.3402971686091
At time: 439.16041898727417 and batch: 13050, loss is 6.974156398773193 and perplexity is 1068.6552899923581
At time: 440.8139922618866 and batch: 13100, loss is 7.010568675994873 and perplexity is 1108.2845805657257
At time: 442.47236227989197 and batch: 13150, loss is 7.050485105514526 and perplexity is 1153.4181365885213
At time: 444.1531984806061 and batch: 13200, loss is 7.028183574676514 and perplexity is 1127.9798570535295
At time: 445.81588792800903 and batch: 13250, loss is 6.998196811676025 and perplexity is 1094.6575040952278
At time: 447.4786705970764 and batch: 13300, loss is 6.967641944885254 and perplexity is 1061.716211078504
At time: 449.1409239768982 and batch: 13350, loss is 7.003885068893433 and perplexity is 1100.9019406870286
At time: 450.80552434921265 and batch: 13400, loss is 7.065224885940552 and perplexity is 1170.5451810126863
At time: 452.4644367694855 and batch: 13450, loss is 7.152899732589722 and perplexity is 1277.805883543311
At time: 454.11416506767273 and batch: 13500, loss is 7.172044801712036 and perplexity is 1302.5052465906463
At time: 455.7566411495209 and batch: 13550, loss is 7.146061935424805 and perplexity is 1269.0983103324083
At time: 457.41510105133057 and batch: 13600, loss is 7.005713081359863 and perplexity is 1102.916243683495
At time: 459.0762758255005 and batch: 13650, loss is 7.180229949951172 and perplexity is 1313.2101961495107
At time: 460.7270827293396 and batch: 13700, loss is 7.109154577255249 and perplexity is 1223.1130612634577
At time: 462.38458251953125 and batch: 13750, loss is 6.970794830322266 and perplexity is 1065.0689633030963
At time: 464.06024169921875 and batch: 13800, loss is 6.900719585418702 and perplexity is 992.9889989848524
At time: 465.73004269599915 and batch: 13850, loss is 7.139706115722657 and perplexity is 1261.05772959592
At time: 467.3840367794037 and batch: 13900, loss is 7.237700319290161 and perplexity is 1390.8916833846092
At time: 469.0438439846039 and batch: 13950, loss is 7.095325765609741 and perplexity is 1206.3152755199424
At time: 470.71124267578125 and batch: 14000, loss is 7.128088550567627 and perplexity is 1246.4920817635539
At time: 472.37042760849 and batch: 14050, loss is 6.942919216156006 and perplexity is 1035.7894992849926
At time: 474.04210591316223 and batch: 14100, loss is 7.005451631546021 and perplexity is 1102.6279241290897
At time: 475.705530166626 and batch: 14150, loss is 7.077472915649414 and perplexity is 1184.970211939423
At time: 477.37599086761475 and batch: 14200, loss is 7.02030613899231 and perplexity is 1119.1291743865506
At time: 479.0552577972412 and batch: 14250, loss is 7.000728816986084 and perplexity is 1097.4326946242131
At time: 480.7380278110504 and batch: 14300, loss is 7.047405843734741 and perplexity is 1149.8719228666578
At time: 482.39193892478943 and batch: 14350, loss is 6.997826557159424 and perplexity is 1094.2522772333728
At time: 484.04447650909424 and batch: 14400, loss is 7.071791706085205 and perplexity is 1178.2572348087294
At time: 485.7073857784271 and batch: 14450, loss is 7.180683765411377 and perplexity is 1313.8062864862975
At time: 487.3757424354553 and batch: 14500, loss is 7.089148635864258 and perplexity is 1198.8866768789433
At time: 489.03495264053345 and batch: 14550, loss is 7.0184290313720705 and perplexity is 1117.030418896492
At time: 490.68582820892334 and batch: 14600, loss is 6.957357854843139 and perplexity is 1050.8533788767004
At time: 492.34216237068176 and batch: 14650, loss is 7.073203535079956 and perplexity is 1179.921907376096
At time: 493.99741220474243 and batch: 14700, loss is 7.09181565284729 and perplexity is 1202.0883956282373
At time: 495.65508341789246 and batch: 14750, loss is 7.136113290786743 and perplexity is 1256.5350993138168
At time: 497.31017994880676 and batch: 14800, loss is 7.151965494155884 and perplexity is 1276.612665637721
At time: 498.9725799560547 and batch: 14850, loss is 7.040411586761475 and perplexity is 1141.8574833484531
At time: 500.6360127925873 and batch: 14900, loss is 7.012118120193481 and perplexity is 1110.0031367391143
At time: 502.28660345077515 and batch: 14950, loss is 7.110306587219238 and perplexity is 1224.5229116220278
At time: 503.944908618927 and batch: 15000, loss is 7.078666877746582 and perplexity is 1186.3858664094685
At time: 505.6070578098297 and batch: 15050, loss is 7.154789171218872 and perplexity is 1280.2225016470923
At time: 507.2603859901428 and batch: 15100, loss is 7.108221702575683 and perplexity is 1221.9725821031334
At time: 508.9277949333191 and batch: 15150, loss is 7.002666826248169 and perplexity is 1099.561591595611
At time: 510.5865287780762 and batch: 15200, loss is 6.92455641746521 and perplexity is 1016.9430713741398
At time: 512.244681596756 and batch: 15250, loss is 7.0612953090667725 and perplexity is 1165.9544594436502
At time: 513.8995568752289 and batch: 15300, loss is 7.0513366603851315 and perplexity is 1154.400753737409
At time: 515.5565719604492 and batch: 15350, loss is 7.118747310638428 and perplexity is 1234.9025148945034
At time: 517.2170486450195 and batch: 15400, loss is 6.9138200569152835 and perplexity is 1006.0832059339107
At time: 518.8705968856812 and batch: 15450, loss is 6.975555257797241 and perplexity is 1070.151234151915
At time: 520.5250313282013 and batch: 15500, loss is 7.0399564933776855 and perplexity is 1141.3379497896603
At time: 522.1817944049835 and batch: 15550, loss is 7.030346097946167 and perplexity is 1130.4217791471447
At time: 523.8455510139465 and batch: 15600, loss is 7.037260055541992 and perplexity is 1138.2645484385464
At time: 525.5025146007538 and batch: 15650, loss is 7.102209043502808 and perplexity is 1214.647321785597
At time: 527.155565738678 and batch: 15700, loss is 6.9958389854431156 and perplexity is 1092.0795323150855
At time: 528.81898188591 and batch: 15750, loss is 7.0379172706604 and perplexity is 1139.0128789886678
At time: 530.4783382415771 and batch: 15800, loss is 7.008519659042358 and perplexity is 1106.016011633746
At time: 532.1371490955353 and batch: 15850, loss is 7.054727401733398 and perplexity is 1158.3216717583985
At time: 533.7897210121155 and batch: 15900, loss is 7.046527729034424 and perplexity is 1148.8626466227133
At time: 535.4429266452789 and batch: 15950, loss is 6.991254425048828 and perplexity is 1087.0842869949984
At time: 537.1006722450256 and batch: 16000, loss is 7.114579172134399 and perplexity is 1229.7659824992515
At time: 538.7474708557129 and batch: 16050, loss is 7.034722175598144 and perplexity is 1135.3794322580625
At time: 540.393627166748 and batch: 16100, loss is 7.037407245635986 and perplexity is 1138.4321020352334
At time: 542.0569863319397 and batch: 16150, loss is 7.012095308303833 and perplexity is 1109.9778157588605
At time: 543.7158687114716 and batch: 16200, loss is 7.179617977142334 and perplexity is 1312.4067930726706
At time: 545.3747270107269 and batch: 16250, loss is 7.028606748580932 and perplexity is 1128.4572897051391
At time: 547.0285081863403 and batch: 16300, loss is 7.038396463394165 and perplexity is 1139.5588164781366
At time: 548.6998167037964 and batch: 16350, loss is 7.065506391525268 and perplexity is 1170.874742402814
At time: 550.3576202392578 and batch: 16400, loss is 7.086349840164185 and perplexity is 1195.5359292191627
At time: 552.0198776721954 and batch: 16450, loss is 7.038475370407104 and perplexity is 1139.6487392081333
At time: 553.6913666725159 and batch: 16500, loss is 7.061803455352783 and perplexity is 1166.547085429469
At time: 555.3565952777863 and batch: 16550, loss is 7.006533441543579 and perplexity is 1103.8214034835526
At time: 557.0100746154785 and batch: 16600, loss is 6.985655612945557 and perplexity is 1081.0149128290261
At time: 558.6665024757385 and batch: 16650, loss is 7.09242657661438 and perplexity is 1202.8230043713916
At time: 560.3435697555542 and batch: 16700, loss is 6.998221416473388 and perplexity is 1094.6844382526513
At time: 561.9963221549988 and batch: 16750, loss is 7.044106988906861 and perplexity is 1146.0849121560746
At time: 563.6577098369598 and batch: 16800, loss is 7.059806680679321 and perplexity is 1164.2200777820192
At time: 565.3194692134857 and batch: 16850, loss is 6.936857137680054 and perplexity is 1029.529455664349
At time: 566.979029417038 and batch: 16900, loss is 6.996150207519531 and perplexity is 1092.4194644691954
At time: 568.6391191482544 and batch: 16950, loss is 6.996584882736206 and perplexity is 1092.8944153538246
At time: 570.297333240509 and batch: 17000, loss is 7.010146512985229 and perplexity is 1107.816802557886
At time: 571.9511601924896 and batch: 17050, loss is 7.064398374557495 and perplexity is 1169.5781117981062
At time: 573.6035108566284 and batch: 17100, loss is 6.956115789413452 and perplexity is 1049.5489604773245
At time: 575.2652401924133 and batch: 17150, loss is 7.085645265579224 and perplexity is 1194.6938816655147
At time: 576.9372568130493 and batch: 17200, loss is 6.990516891479492 and perplexity is 1086.2828214308518
At time: 578.6109254360199 and batch: 17250, loss is 6.91881796836853 and perplexity is 1011.1241072077709
At time: 580.2850675582886 and batch: 17300, loss is 7.02371584892273 and perplexity is 1122.951593212268
At time: 581.960373878479 and batch: 17350, loss is 6.964632482528686 and perplexity is 1058.5258191979508
At time: 583.6233577728271 and batch: 17400, loss is 6.9674035263061525 and perplexity is 1061.4631083814413
At time: 585.288033246994 and batch: 17450, loss is 7.106616277694702 and perplexity is 1220.012370822947
At time: 586.9460828304291 and batch: 17500, loss is 7.020718288421631 and perplexity is 1119.5905179018134
At time: 588.6058530807495 and batch: 17550, loss is 6.859965133666992 and perplexity is 953.3338276570088
At time: 590.2674162387848 and batch: 17600, loss is 7.019426651000977 and perplexity is 1118.1453464127874
At time: 591.9275674819946 and batch: 17650, loss is 6.939477882385254 and perplexity is 1032.2311281847801
At time: 593.5876288414001 and batch: 17700, loss is 6.988757743835449 and perplexity is 1084.37356938525
At time: 595.2414965629578 and batch: 17750, loss is 6.912909393310547 and perplexity is 1005.1674196248497
At time: 596.8945710659027 and batch: 17800, loss is 7.115709190368652 and perplexity is 1231.156425948606
At time: 598.562730550766 and batch: 17850, loss is 6.9248975658416745 and perplexity is 1017.2900590356694
At time: 600.21892786026 and batch: 17900, loss is 6.942942953109741 and perplexity is 1035.8140860642227
At time: 601.8795521259308 and batch: 17950, loss is 7.04433798789978 and perplexity is 1146.3496871967895
At time: 603.5322995185852 and batch: 18000, loss is 7.045078115463257 and perplexity is 1147.1984462539083
At time: 605.1825587749481 and batch: 18050, loss is 6.994578819274903 and perplexity is 1090.7041973927387
At time: 606.8487496376038 and batch: 18100, loss is 7.163495082855224 and perplexity is 1291.41666260631
At time: 608.5093076229095 and batch: 18150, loss is 6.980175008773804 and perplexity is 1075.1065036034174
At time: 610.1647617816925 and batch: 18200, loss is 6.884182729721069 and perplexity is 976.703113009263
At time: 611.8202226161957 and batch: 18250, loss is 7.022058801651001 and perplexity is 1121.0923501906675
At time: 613.4796919822693 and batch: 18300, loss is 6.938758964538574 and perplexity is 1031.489305491567
At time: 615.1484229564667 and batch: 18350, loss is 6.92834319114685 and perplexity is 1020.8013051511307
At time: 616.8051388263702 and batch: 18400, loss is 6.958071031570435 and perplexity is 1051.6030903569283
At time: 618.4632368087769 and batch: 18450, loss is 7.091974678039551 and perplexity is 1202.279573167086
At time: 620.1146478652954 and batch: 18500, loss is 7.105836877822876 and perplexity is 1219.061863798145
At time: 621.7686612606049 and batch: 18550, loss is 7.045015525817871 and perplexity is 1147.1266457569775
At time: 623.4300265312195 and batch: 18600, loss is 6.936751985549927 and perplexity is 1029.4212041405965
At time: 625.0928447246552 and batch: 18650, loss is 7.002379779815674 and perplexity is 1099.246011658649
At time: 626.7537832260132 and batch: 18700, loss is 7.03910626411438 and perplexity is 1140.3679632793185
At time: 628.4233934879303 and batch: 18750, loss is 7.089740905761719 and perplexity is 1199.5969516845562
At time: 630.0872757434845 and batch: 18800, loss is 7.152850456237793 and perplexity is 1277.7429194822294
At time: 631.7404644489288 and batch: 18850, loss is 7.099887981414795 and perplexity is 1211.8313192592732
At time: 633.3923623561859 and batch: 18900, loss is 7.078930892944336 and perplexity is 1186.6991316601748
At time: 635.0407793521881 and batch: 18950, loss is 6.946974582672119 and perplexity is 1039.998534159202
At time: 636.6997220516205 and batch: 19000, loss is 6.983874864578247 and perplexity is 1079.0916102551707
At time: 638.3629441261292 and batch: 19050, loss is 7.119870548248291 and perplexity is 1236.2903831507406
At time: 640.0179488658905 and batch: 19100, loss is 7.030196046829223 and perplexity is 1130.2521708218433
At time: 641.6747090816498 and batch: 19150, loss is 6.919798183441162 and perplexity is 1012.1157122116465
At time: 643.3529748916626 and batch: 19200, loss is 7.00564359664917 and perplexity is 1102.8396105298314
At time: 645.0151362419128 and batch: 19250, loss is 6.938021297454834 and perplexity is 1030.7286903585402
At time: 646.668972492218 and batch: 19300, loss is 7.100040092468261 and perplexity is 1212.0156662181193
At time: 648.3250246047974 and batch: 19350, loss is 7.019549798965454 and perplexity is 1118.2830522151085
At time: 649.9853758811951 and batch: 19400, loss is 7.075549001693726 and perplexity is 1182.692622856839
At time: 651.6443357467651 and batch: 19450, loss is 7.008930492401123 and perplexity is 1106.4704932583668
At time: 653.3010020256042 and batch: 19500, loss is 7.076110439300537 and perplexity is 1183.356817407062
At time: 654.9806399345398 and batch: 19550, loss is 7.022879447937012 and perplexity is 1122.0127480730239
At time: 656.6518843173981 and batch: 19600, loss is 6.85915280342102 and perplexity is 952.5597202123087
At time: 658.3220150470734 and batch: 19650, loss is 6.819461126327514 and perplexity is 915.4915428450174
At time: 660.0011970996857 and batch: 19700, loss is 6.869516859054565 and perplexity is 962.4834383016423
At time: 661.6817948818207 and batch: 19750, loss is 7.041317291259766 and perplexity is 1142.892137282163
At time: 663.3555545806885 and batch: 19800, loss is 7.079543476104736 and perplexity is 1187.4263062694115
At time: 665.0333786010742 and batch: 19850, loss is 6.9439324951171875 and perplexity is 1036.8395749127558
At time: 666.7050130367279 and batch: 19900, loss is 7.025843162536621 and perplexity is 1125.3430061650606
At time: 668.3780581951141 and batch: 19950, loss is 7.009907569885254 and perplexity is 1107.5521289990975
At time: 670.0660855770111 and batch: 20000, loss is 6.974943990707398 and perplexity is 1069.4972858102344
At time: 671.7425518035889 and batch: 20050, loss is 7.079758329391479 and perplexity is 1187.6814561229896
At time: 673.4101102352142 and batch: 20100, loss is 7.029052829742431 and perplexity is 1128.960785535286
At time: 675.0696103572845 and batch: 20150, loss is 7.069591264724732 and perplexity is 1175.6673992915605
At time: 676.7332942485809 and batch: 20200, loss is 6.935497407913208 and perplexity is 1028.1305251169272
At time: 678.3942477703094 and batch: 20250, loss is 6.978893251419067 and perplexity is 1073.72936070536
At time: 680.045996427536 and batch: 20300, loss is 7.048352155685425 and perplexity is 1150.9605754302468
At time: 681.6967921257019 and batch: 20350, loss is 6.867670125961304 and perplexity is 960.7076285124559
At time: 683.3414800167084 and batch: 20400, loss is 7.006730947494507 and perplexity is 1104.039436310184
At time: 684.9890472888947 and batch: 20450, loss is 6.94749719619751 and perplexity is 1040.542193509031
At time: 686.6488263607025 and batch: 20500, loss is 7.01792540550232 and perplexity is 1116.4679951177072
At time: 688.3268218040466 and batch: 20550, loss is 7.058668575286865 and perplexity is 1162.895826345281
At time: 689.9988985061646 and batch: 20600, loss is 6.851571569442749 and perplexity is 945.3654472858835
At time: 691.6728045940399 and batch: 20650, loss is 6.855760011672974 and perplexity is 949.3333597335504
At time: 693.353039264679 and batch: 20700, loss is 7.06777027130127 and perplexity is 1173.5284647731794
At time: 695.0274555683136 and batch: 20750, loss is 6.958747100830078 and perplexity is 1052.3142872617584
At time: 696.7040243148804 and batch: 20800, loss is 7.046098327636718 and perplexity is 1148.3694292981645
At time: 698.3802449703217 and batch: 20850, loss is 7.014690361022949 and perplexity is 1112.8620074039063
At time: 700.0535824298859 and batch: 20900, loss is 6.841089563369751 and perplexity is 935.5078747499635
At time: 701.7300760746002 and batch: 20950, loss is 6.924461307525635 and perplexity is 1016.8463545795075
At time: 703.4087328910828 and batch: 21000, loss is 7.003198013305664 and perplexity is 1100.1458196354351
At time: 705.0874583721161 and batch: 21050, loss is 7.100646371841431 and perplexity is 1212.7507091146636
At time: 706.7428290843964 and batch: 21100, loss is 7.053416719436646 and perplexity is 1156.8044745482398
At time: 708.3949551582336 and batch: 21150, loss is 6.9739313888549805 and perplexity is 1068.4148590036527
At time: 710.0618493556976 and batch: 21200, loss is 6.969885578155518 and perplexity is 1064.100987174362
At time: 711.7187924385071 and batch: 21250, loss is 7.059693231582641 and perplexity is 1164.0880055577375
At time: 713.3757119178772 and batch: 21300, loss is 7.29305890083313 and perplexity is 1470.0605962076231
At time: 715.0471954345703 and batch: 21350, loss is 7.030617837905884 and perplexity is 1130.7290016562981
At time: 716.7109627723694 and batch: 21400, loss is 7.139332704544067 and perplexity is 1260.5869244502646
Finished Train Step
Begin Evaluating...
Getting Batches...
Created Iterator with 1421 batches
Traceback (most recent call last):
  File "tune_models.py", line 172, in <module>
    seq_len = args.seq_len)
  File "tune_models.py", line 147, in tuneModels
    opt = Optimizer(dataset, vectors, tune_wordvecs, wordvec_dim, choices, trainerclass, max_time, num_layers, batch_size, seq_len)
  File "tune_models.py", line 35, in __init__
    exact_feval = True
  File "/home-nfs/siddsach/anaconda3/lib/python3.5/site-packages/GPyOpt/methods/bayesian_optimization.py", line 117, in __init__
    self._init_design_chooser()
  File "/home-nfs/siddsach/anaconda3/lib/python3.5/site-packages/GPyOpt/methods/bayesian_optimization.py", line 192, in _init_design_chooser
    self.Y, _ = self.objective.evaluate(self.X)
  File "/home-nfs/siddsach/anaconda3/lib/python3.5/site-packages/GPyOpt/core/task/objective.py", line 50, in evaluate
    f_evals, cost_evals = self._eval_func(x)
  File "/home-nfs/siddsach/anaconda3/lib/python3.5/site-packages/GPyOpt/core/task/objective.py", line 74, in _eval_func
    rlt = self.func(np.atleast_2d(x[i]))
  File "tune_models.py", line 73, in getError
    trainer.train()
  File "/home-nfs/siddsach/Interpreting-Attention/interpreting_language/pretraining/langmodel/trainer.py", line 408, in train
    this_perplexity = self.evaluate()
  File "/home-nfs/siddsach/Interpreting-Attention/interpreting_language/pretraining/langmodel/trainer.py", line 348, in evaluate
    for i, batch in enumerate(self.valid_iterator):
  File "/home-nfs/siddsach/anaconda3/lib/python3.5/site-packages/torchtext/data/iterator.py", line 246, in __iter__
    text=data[i:i + seq_len],
  File "/home-nfs/siddsach/anaconda3/lib/python3.5/site-packages/torch/autograd/variable.py", line 76, in __getitem__
    return Index.apply(self, key)
  File "/home-nfs/siddsach/anaconda3/lib/python3.5/site-packages/torch/autograd/_functions/tensor.py", line 16, in forward
    result = i.index(ctx.index)
ValueError: result of slicing is an empty tensor
