Building Bayesian Optimizer for 
 data:gigasmall 
 choices:[{'name': 'lr', 'domain': [0, 30], 'type': 'continuous'}, {'name': 'dropout', 'domain': [0, 1], 'type': 'continuous'}, {'name': 'anneal', 'domain': [2, 8], 'type': 'continuous'}]
SETTINGS FOR THIS RUN
{'seq_len': 20, 'num_layers': 1, 'wordvec_source': 'glove', 'data': 'gigasmall', 'anneal': 4.1029644888139, 'lr': 14.148042450199926, 'tune_wordvecs': True, 'wordvec_dim': 200, 'dropout': 0.04843344044307596, 'batch_size': 50}
Preparing Data Loaders

[93m    Warning: no model found for 'en'[0m

    Only loading the 'en' tokenizer.

Retrieving Train Data from file: /home-nfs/siddsach/Interpreting-Attention/interpreting_language/data/gigaword/gigaword_small_train.txt...
Got Train Dataset with 21438304 words
Retrieving Valid Data from file: /home-nfs/siddsach/Interpreting-Attention/interpreting_language/data/gigaword/gigaword_small_val.txt...
Retrieving Test Data from file: /home-nfs/siddsach/Interpreting-Attention/interpreting_language/data/gigaword/gigaword_small_test.txt...
Loading Vectors From Memory...
Using these vectors: ['GloVe']
Building Vocab...
Found 55221 tokens
Getting Batches...
Created Iterator with 21439 batches
Initializing Model parameters...
Constructing LSTM with 1 layers and 200 hidden size...
here
200
200
Using Cross Entropy Loss ...
Begin Training...
Finished 0 epochs...
Completing Train Step...
At time: 7.686075687408447 and batch: 50, loss is 8.728329305648804 and perplexity is 6175.402278245364
At time: 9.314909219741821 and batch: 100, loss is 7.537862014770508 and perplexity is 1877.8109982055212
At time: 10.946306705474854 and batch: 150, loss is 7.212489032745362 and perplexity is 1356.2638547837691
At time: 12.573684215545654 and batch: 200, loss is 6.886596136093139 and perplexity is 979.0631412338935
At time: 14.206897258758545 and batch: 250, loss is 6.510385513305664 and perplexity is 672.0854655441801
At time: 15.845052242279053 and batch: 300, loss is 6.3977218437194825 and perplexity is 600.4755014205138
At time: 17.484315156936646 and batch: 350, loss is 6.281623582839966 and perplexity is 534.6560178603502
At time: 19.128482580184937 and batch: 400, loss is 6.217797555923462 and perplexity is 501.59727461634714
At time: 20.772364854812622 and batch: 450, loss is 6.176791610717774 and perplexity is 481.44481338224415
At time: 22.891551971435547 and batch: 500, loss is 6.119398279190063 and perplexity is 454.5910752765851
At time: 24.534661531448364 and batch: 550, loss is 6.016670236587524 and perplexity is 410.21041549960904
At time: 26.179840087890625 and batch: 600, loss is 5.991869688034058 and perplexity is 400.162089202698
At time: 27.826058387756348 and batch: 650, loss is 6.0056444263458255 and perplexity is 405.7123562414908
At time: 29.473731756210327 and batch: 700, loss is 5.981428451538086 and perplexity is 396.0056391924596
At time: 31.11955213546753 and batch: 750, loss is 5.991644382476807 and perplexity is 400.0719406160696
At time: 32.76564073562622 and batch: 800, loss is 5.915939140319824 and perplexity is 370.9024686534405
At time: 34.41176247596741 and batch: 850, loss is 5.8736299133300784 and perplexity is 355.53721003009423
At time: 36.057389974594116 and batch: 900, loss is 5.844140949249268 and perplexity is 345.20586501162956
At time: 37.703470945358276 and batch: 950, loss is 5.840242977142334 and perplexity is 343.8628813355805
At time: 39.3494656085968 and batch: 1000, loss is 5.8439140892028805 and perplexity is 345.12756047550096
At time: 40.99823713302612 and batch: 1050, loss is 5.815802230834961 and perplexity is 335.56048752100435
At time: 42.64954400062561 and batch: 1100, loss is 5.799136400222778 and perplexity is 330.014436417307
At time: 44.30020570755005 and batch: 1150, loss is 5.779893617630005 and perplexity is 323.7247499792188
At time: 45.95322942733765 and batch: 1200, loss is 5.730863161087036 and perplexity is 308.23521022469276
At time: 47.605215311050415 and batch: 1250, loss is 5.701740083694458 and perplexity is 299.387907989843
At time: 49.259480237960815 and batch: 1300, loss is 5.710301399230957 and perplexity is 301.96206570320624
At time: 50.91364002227783 and batch: 1350, loss is 5.726426372528076 and perplexity is 306.87066510801236
At time: 52.56817150115967 and batch: 1400, loss is 5.65153883934021 and perplexity is 284.72928149320796
At time: 54.222437143325806 and batch: 1450, loss is 5.651950330734253 and perplexity is 284.8464692513977
At time: 55.878308057785034 and batch: 1500, loss is 5.721646823883057 and perplexity is 305.40746134863355
At time: 57.53146529197693 and batch: 1550, loss is 5.634773998260498 and perplexity is 279.9956306596413
At time: 59.187405586242676 and batch: 1600, loss is 5.661926031112671 and perplexity is 287.7022327203856
At time: 60.84222197532654 and batch: 1650, loss is 5.720848550796509 and perplexity is 305.1637600748334
At time: 62.496004581451416 and batch: 1700, loss is 5.670245628356934 and perplexity is 290.1057838479567
At time: 64.15491962432861 and batch: 1750, loss is 5.689414319992065 and perplexity is 295.72037240136666
At time: 65.8112244606018 and batch: 1800, loss is 5.662468042373657 and perplexity is 287.85821283800243
At time: 67.46997833251953 and batch: 1850, loss is 5.639059181213379 and perplexity is 281.19803758990315
At time: 69.12410235404968 and batch: 1900, loss is 5.726927471160889 and perplexity is 307.024476112772
At time: 70.77893328666687 and batch: 1950, loss is 5.613334131240845 and perplexity is 274.0564566251945
At time: 72.4361412525177 and batch: 2000, loss is 5.625068693161011 and perplexity is 277.2913318870229
At time: 74.09060764312744 and batch: 2050, loss is 5.682741975784301 and perplexity is 293.75379243272346
At time: 75.75568270683289 and batch: 2100, loss is 5.5984711074829105 and perplexity is 270.0132704169324
At time: 77.41309118270874 and batch: 2150, loss is 5.595509033203125 and perplexity is 269.21465441729936
At time: 79.06786322593689 and batch: 2200, loss is 5.638575963973999 and perplexity is 281.0621906748888
At time: 80.72564339637756 and batch: 2250, loss is 5.5849338626861575 and perplexity is 266.38266432298184
At time: 82.39352583885193 and batch: 2300, loss is 5.614968452453613 and perplexity is 274.50471910841986
At time: 84.05769062042236 and batch: 2350, loss is 5.683031978607178 and perplexity is 293.83899421554133
At time: 85.7255232334137 and batch: 2400, loss is 5.64651611328125 and perplexity is 283.3027498491516
At time: 87.39016485214233 and batch: 2450, loss is 5.657616291046143 and perplexity is 286.464978916993
At time: 89.05882263183594 and batch: 2500, loss is 5.701776075363159 and perplexity is 299.39868365415646
At time: 90.72520160675049 and batch: 2550, loss is 5.5771997451782225 and perplexity is 264.33037604444513
At time: 92.39121460914612 and batch: 2600, loss is 5.613115091323852 and perplexity is 273.99643389561083
At time: 94.05805993080139 and batch: 2650, loss is 5.618255376815796 and perplexity is 275.40847984009855
At time: 95.72548198699951 and batch: 2700, loss is 5.625928163528442 and perplexity is 277.52975801534456
At time: 97.39561176300049 and batch: 2750, loss is 5.595402851104736 and perplexity is 269.1860701579713
At time: 99.06131291389465 and batch: 2800, loss is 5.551464042663574 and perplexity is 257.6144384810609
At time: 100.72962188720703 and batch: 2850, loss is 5.5691143417358395 and perplexity is 262.20177520652555
At time: 102.3970079421997 and batch: 2900, loss is 5.564992408752442 and perplexity is 261.12322145122727
At time: 104.06203365325928 and batch: 2950, loss is 5.6187366771697995 and perplexity is 275.54106594325094
At time: 105.7623462677002 and batch: 3000, loss is 5.610906705856324 and perplexity is 273.3920117969761
At time: 107.49556064605713 and batch: 3050, loss is 5.577526550292969 and perplexity is 264.41677468030844
At time: 109.2406952381134 and batch: 3100, loss is 5.591994962692261 and perplexity is 268.2702754181351
At time: 110.98653817176819 and batch: 3150, loss is 5.532621717453003 and perplexity is 252.80582841676724
At time: 112.73343658447266 and batch: 3200, loss is 5.53970064163208 and perplexity is 254.60177087869243
At time: 114.48162508010864 and batch: 3250, loss is 5.5079871273040775 and perplexity is 246.65414366214694
At time: 116.2291169166565 and batch: 3300, loss is 5.536454524993896 and perplexity is 253.7766437880699
At time: 117.976557970047 and batch: 3350, loss is 5.514016380310059 and perplexity is 248.1457760952897
At time: 119.72213983535767 and batch: 3400, loss is 5.5655976676940915 and perplexity is 261.281316455264
At time: 121.46962571144104 and batch: 3450, loss is 5.519803314208985 and perplexity is 249.58594235322565
At time: 123.2163450717926 and batch: 3500, loss is 5.573527221679687 and perplexity is 263.3613969154419
At time: 124.96375942230225 and batch: 3550, loss is 5.50103832244873 and perplexity is 244.9461333390166
At time: 126.70917963981628 and batch: 3600, loss is 5.548828296661377 and perplexity is 256.9363263130233
At time: 128.45684957504272 and batch: 3650, loss is 5.58005542755127 and perplexity is 265.08629846343257
At time: 130.21076893806458 and batch: 3700, loss is 5.520660562515259 and perplexity is 249.79999121298076
At time: 131.95686602592468 and batch: 3750, loss is 5.4950348663330075 and perplexity is 243.48001526796995
At time: 133.70446109771729 and batch: 3800, loss is 5.473673677444458 and perplexity is 238.33414924948667
At time: 135.45154452323914 and batch: 3850, loss is 5.565294189453125 and perplexity is 261.20203529161125
At time: 137.1982946395874 and batch: 3900, loss is 5.542523021697998 and perplexity is 255.32136885337476
At time: 138.94530582427979 and batch: 3950, loss is 5.535215177536011 and perplexity is 253.46232116742368
At time: 140.69213366508484 and batch: 4000, loss is 5.431053924560547 and perplexity is 228.38982427093558
At time: 142.45096802711487 and batch: 4050, loss is 5.535179109573364 and perplexity is 253.45317946275378
At time: 144.2234661579132 and batch: 4100, loss is 5.483725061416626 and perplexity is 240.74181722433173
At time: 145.99637389183044 and batch: 4150, loss is 5.490250816345215 and perplexity is 242.31797654587714
At time: 147.76859664916992 and batch: 4200, loss is 5.461308183670044 and perplexity is 235.40517623075598
At time: 149.54271125793457 and batch: 4250, loss is 5.5269886302948 and perplexity is 251.38575460607484
At time: 151.3365936279297 and batch: 4300, loss is 5.525274047851562 and perplexity is 250.95510230468722
At time: 153.13328909873962 and batch: 4350, loss is 5.577881746292114 and perplexity is 264.51071114272185
At time: 154.9314000606537 and batch: 4400, loss is 5.511023721694946 and perplexity is 247.40427059048343
At time: 156.7290976047516 and batch: 4450, loss is 5.438084936141967 and perplexity is 230.00129426395912
At time: 158.52779483795166 and batch: 4500, loss is 5.433894176483154 and perplexity is 229.0394309950989
At time: 160.32446599006653 and batch: 4550, loss is 5.484276533126831 and perplexity is 240.87461614005127
At time: 162.12309789657593 and batch: 4600, loss is 5.485879755020141 and perplexity is 241.26110132616304
At time: 163.9285786151886 and batch: 4650, loss is 5.486284618377685 and perplexity is 241.35879888143637
At time: 165.73633861541748 and batch: 4700, loss is 5.483736515045166 and perplexity is 240.7445746074712
At time: 167.5437126159668 and batch: 4750, loss is 5.441304054260254 and perplexity is 230.74288859701934
At time: 169.35092520713806 and batch: 4800, loss is 5.433499927520752 and perplexity is 228.9491502347974
At time: 171.1593255996704 and batch: 4850, loss is 5.414001140594483 and perplexity is 224.52816156719678
At time: 172.96855282783508 and batch: 4900, loss is 5.423302669525146 and perplexity is 226.6263598560908
At time: 174.77575826644897 and batch: 4950, loss is 5.402527456283569 and perplexity is 221.96671901420436
At time: 176.58405685424805 and batch: 5000, loss is 5.458711547851562 and perplexity is 234.79470764360678
At time: 178.3922894001007 and batch: 5050, loss is 5.43064959526062 and perplexity is 228.2974982394954
At time: 180.2009720802307 and batch: 5100, loss is 5.378533134460449 and perplexity is 216.7041662965103
At time: 182.0073163509369 and batch: 5150, loss is 5.40442003250122 and perplexity is 222.38720572378406
At time: 183.8157193660736 and batch: 5200, loss is 5.460635499954224 and perplexity is 235.24687625096425
At time: 185.62283778190613 and batch: 5250, loss is 5.48552264213562 and perplexity is 241.17495926048187
At time: 187.42908477783203 and batch: 5300, loss is 5.413227672576904 and perplexity is 224.3545633601641
At time: 189.24121856689453 and batch: 5350, loss is 5.462285413742065 and perplexity is 235.63533368815607
At time: 191.02807354927063 and batch: 5400, loss is 5.489881315231323 and perplexity is 242.22845632355688
At time: 192.79719161987305 and batch: 5450, loss is 5.4676431465148925 and perplexity is 236.90119287745443
At time: 194.56782937049866 and batch: 5500, loss is 5.416298580169678 and perplexity is 225.0445944608568
At time: 196.33584070205688 and batch: 5550, loss is 5.375737180709839 and perplexity is 216.09911770807255
At time: 198.10513949394226 and batch: 5600, loss is 5.457022085189819 and perplexity is 234.39836564864154
At time: 199.87410759925842 and batch: 5650, loss is 5.447624425888062 and perplexity is 232.20588788280378
At time: 201.64285135269165 and batch: 5700, loss is 5.430507402420044 and perplexity is 228.26503827756616
At time: 203.41010403633118 and batch: 5750, loss is 5.391275968551636 and perplexity is 219.48326069830276
At time: 205.17971539497375 and batch: 5800, loss is 5.472184915542602 and perplexity is 237.97959044048366
At time: 206.94943046569824 and batch: 5850, loss is 5.4752584743499755 and perplexity is 238.71215992765596
At time: 208.7180049419403 and batch: 5900, loss is 5.397065963745117 and perplexity is 220.757753816799
At time: 210.48624682426453 and batch: 5950, loss is 5.410723228454589 and perplexity is 223.79338290850555
At time: 212.25515723228455 and batch: 6000, loss is 5.390749349594116 and perplexity is 219.36770708139395
At time: 214.02503156661987 and batch: 6050, loss is 5.408028736114502 and perplexity is 223.19118502563174
At time: 215.7947769165039 and batch: 6100, loss is 5.3540598583221435 and perplexity is 211.46507573905245
At time: 217.56319403648376 and batch: 6150, loss is 5.334394006729126 and perplexity is 207.34705980546318
At time: 219.3324680328369 and batch: 6200, loss is 5.4108077239990235 and perplexity is 223.81229325114376
At time: 221.10250306129456 and batch: 6250, loss is 5.406270685195923 and perplexity is 222.7991482690426
At time: 222.8726303577423 and batch: 6300, loss is 5.397404174804688 and perplexity is 220.83242915792718
At time: 224.64153218269348 and batch: 6350, loss is 5.377195348739624 and perplexity is 216.4144563852939
At time: 226.41068744659424 and batch: 6400, loss is 5.375568742752075 and perplexity is 216.06272147935053
At time: 228.1804838180542 and batch: 6450, loss is 5.45604341506958 and perplexity is 234.16907918815303
At time: 229.9517891407013 and batch: 6500, loss is 5.4178697681427 and perplexity is 225.39845974270793
At time: 231.7228286266327 and batch: 6550, loss is 5.416687231063843 and perplexity is 225.1320752423619
At time: 233.49319434165955 and batch: 6600, loss is 5.438121156692505 and perplexity is 230.00962518833612
At time: 235.2658953666687 and batch: 6650, loss is 5.464399766921997 and perplexity is 236.13407707927925
At time: 237.04035353660583 and batch: 6700, loss is 5.460722227096557 and perplexity is 235.2672794250261
At time: 238.80874037742615 and batch: 6750, loss is 5.465212259292603 and perplexity is 236.32601217768894
At time: 240.57798409461975 and batch: 6800, loss is 5.428970165252686 and perplexity is 227.91441034490973
At time: 242.3477783203125 and batch: 6850, loss is 5.53313422203064 and perplexity is 252.93542576786533
At time: 244.11791110038757 and batch: 6900, loss is 5.46308913230896 and perplexity is 235.82479430716768
At time: 245.8873748779297 and batch: 6950, loss is 5.446133089065552 and perplexity is 231.85984878635884
At time: 247.65687537193298 and batch: 7000, loss is 5.433720893859864 and perplexity is 228.99974588012887
At time: 249.42652010917664 and batch: 7050, loss is 5.423714952468872 and perplexity is 226.71981330216536
At time: 251.19549417495728 and batch: 7100, loss is 5.386254625320435 and perplexity is 218.38392230042686
At time: 252.9641878604889 and batch: 7150, loss is 5.431513977050781 and perplexity is 228.4949197512008
At time: 254.73264455795288 and batch: 7200, loss is 5.400157337188721 and perplexity is 221.441254407878
At time: 256.50503516197205 and batch: 7250, loss is 5.429734935760498 and perplexity is 228.08877923183942
At time: 258.27421379089355 and batch: 7300, loss is 5.388587226867676 and perplexity is 218.89391955442684
At time: 260.0432243347168 and batch: 7350, loss is 5.392890043258667 and perplexity is 219.83780913487112
At time: 261.8123118877411 and batch: 7400, loss is 5.467955770492554 and perplexity is 236.9752654485122
At time: 263.58307003974915 and batch: 7450, loss is 5.455761137008667 and perplexity is 234.10298772307831
At time: 265.35218381881714 and batch: 7500, loss is 5.412820978164673 and perplexity is 224.26333816453288
At time: 267.12187123298645 and batch: 7550, loss is 5.4184269523620605 and perplexity is 225.5240832019992
At time: 268.8907573223114 and batch: 7600, loss is 5.3941120910644536 and perplexity is 220.10662566702564
At time: 270.6612672805786 and batch: 7650, loss is 5.5001348114013675 and perplexity is 244.7249217501417
At time: 272.4317331314087 and batch: 7700, loss is 5.5163666534423825 and perplexity is 248.7296723347916
At time: 274.20121479034424 and batch: 7750, loss is 5.4834262561798095 and perplexity is 240.66989305481874
At time: 275.97187542915344 and batch: 7800, loss is 5.270920448303222 and perplexity is 194.59499467045887
At time: 277.7414631843567 and batch: 7850, loss is 5.378384370803833 and perplexity is 216.6719309901085
At time: 279.5112533569336 and batch: 7900, loss is 5.398177728652954 and perplexity is 221.00332102183222
At time: 281.2809805870056 and batch: 7950, loss is 5.322258977890015 and perplexity is 204.84610253990493
At time: 283.0500500202179 and batch: 8000, loss is 5.357486190795899 and perplexity is 212.19086808801768
At time: 284.81922459602356 and batch: 8050, loss is 5.426857852935791 and perplexity is 227.43349203239387
At time: 286.58821535110474 and batch: 8100, loss is 5.387104692459107 and perplexity is 218.5696422224065
At time: 288.357036113739 and batch: 8150, loss is 5.3930269241333 and perplexity is 219.8679027860386
At time: 290.12624955177307 and batch: 8200, loss is 5.393702621459961 and perplexity is 220.0165171436773
At time: 291.92216968536377 and batch: 8250, loss is 5.381509618759155 and perplexity is 217.35014373889592
At time: 293.72800946235657 and batch: 8300, loss is 5.351438512802124 and perplexity is 210.9114786117994
At time: 295.53236293792725 and batch: 8350, loss is 5.414964075088501 and perplexity is 224.74447160833407
At time: 297.33742356300354 and batch: 8400, loss is 5.38099235534668 and perplexity is 217.23774553408916
At time: 299.10779190063477 and batch: 8450, loss is 5.404263935089111 and perplexity is 222.35249436573147
At time: 300.87542390823364 and batch: 8500, loss is 5.312997665405273 and perplexity is 202.9577167360308
At time: 302.64352226257324 and batch: 8550, loss is 5.384426164627075 and perplexity is 217.98498071808734
At time: 304.41291546821594 and batch: 8600, loss is 5.393037528991699 and perplexity is 219.87023446637755
At time: 306.1828055381775 and batch: 8650, loss is 5.430758409500122 and perplexity is 228.32234160977816
At time: 307.95004630088806 and batch: 8700, loss is 5.389675312042236 and perplexity is 219.1322244075729
At time: 309.71876215934753 and batch: 8750, loss is 5.319877891540528 and perplexity is 204.35892651566533
At time: 311.4877426624298 and batch: 8800, loss is 5.373631258010864 and perplexity is 215.6445085247743
At time: 313.2565448284149 and batch: 8850, loss is 5.391001176834107 and perplexity is 219.4229568020117
At time: 315.02444887161255 and batch: 8900, loss is 5.367730531692505 and perplexity is 214.3757961414153
At time: 316.79391837120056 and batch: 8950, loss is 5.334141330718994 and perplexity is 207.2946747961752
At time: 318.5623137950897 and batch: 9000, loss is 5.308204822540283 and perplexity is 201.9872996773635
At time: 320.3322923183441 and batch: 9050, loss is 5.396456117630005 and perplexity is 220.6231666011695
At time: 322.10094165802 and batch: 9100, loss is 5.367923774719238 and perplexity is 214.41722677208134
At time: 323.86944007873535 and batch: 9150, loss is 5.367428150177002 and perplexity is 214.3109826629836
At time: 325.63866686820984 and batch: 9200, loss is 5.456042814254761 and perplexity is 234.1689384959423
At time: 327.40757489204407 and batch: 9250, loss is 5.314706068038941 and perplexity is 203.30474658277328
At time: 329.1753673553467 and batch: 9300, loss is 5.39386510848999 and perplexity is 220.05226987870455
At time: 330.94442224502563 and batch: 9350, loss is 5.3624928760528565 and perplexity is 213.25590490623986
At time: 332.71348237991333 and batch: 9400, loss is 5.395511684417724 and perplexity is 220.41490111713313
At time: 334.487491607666 and batch: 9450, loss is 5.298578433990478 and perplexity is 200.05222030470242
At time: 336.25544118881226 and batch: 9500, loss is 5.337219085693359 and perplexity is 207.9336598279658
At time: 338.0237183570862 and batch: 9550, loss is 5.306694021224976 and perplexity is 201.68236740337707
At time: 339.7944209575653 and batch: 9600, loss is 5.352010736465454 and perplexity is 211.03220168773515
At time: 341.5644314289093 and batch: 9650, loss is 5.310527429580689 and perplexity is 202.45698203429927
At time: 343.3332586288452 and batch: 9700, loss is 5.382735061645508 and perplexity is 217.61665719154357
At time: 345.10159635543823 and batch: 9750, loss is 5.342726402282715 and perplexity is 209.0819754887483
At time: 346.87087321281433 and batch: 9800, loss is 5.307094888687134 and perplexity is 201.76323150897161
At time: 348.6411786079407 and batch: 9850, loss is 5.372998390197754 and perplexity is 215.5080772322956
At time: 350.4092116355896 and batch: 9900, loss is 5.395188217163086 and perplexity is 220.34361564406706
At time: 352.1790282726288 and batch: 9950, loss is 5.315280780792237 and perplexity is 203.42162199511802
At time: 353.9487762451172 and batch: 10000, loss is 5.341926927566528 and perplexity is 208.91488653633093
At time: 355.7170991897583 and batch: 10050, loss is 5.337913894653321 and perplexity is 208.07818420049213
At time: 357.48513889312744 and batch: 10100, loss is 5.324836378097534 and perplexity is 205.37475390752087
At time: 359.2533435821533 and batch: 10150, loss is 5.3706157016754155 and perplexity is 214.995199866352
At time: 361.0225110054016 and batch: 10200, loss is 5.340312089920044 and perplexity is 208.5777951598163
At time: 362.7930152416229 and batch: 10250, loss is 5.343485412597656 and perplexity is 209.24073110576646
At time: 364.56052446365356 and batch: 10300, loss is 5.387311630249023 and perplexity is 218.6148772213647
At time: 366.3289692401886 and batch: 10350, loss is 5.327715244293213 and perplexity is 205.96685222096448
At time: 368.0967261791229 and batch: 10400, loss is 5.406794519424438 and perplexity is 222.91588866262742
At time: 369.8655183315277 and batch: 10450, loss is 5.30594536781311 and perplexity is 201.53143371646686
At time: 371.63677048683167 and batch: 10500, loss is 5.381067171096801 and perplexity is 217.25399894697404
At time: 373.4057762622833 and batch: 10550, loss is 5.454919061660767 and perplexity is 233.90593834510236
At time: 375.1756045818329 and batch: 10600, loss is 5.311416912078857 and perplexity is 202.63714409007014
At time: 376.9439344406128 and batch: 10650, loss is 5.40188720703125 and perplexity is 221.82465047280758
At time: 378.7124242782593 and batch: 10700, loss is 5.403952379226684 and perplexity is 222.28322993301683
At time: 380.48344802856445 and batch: 10750, loss is 5.331358346939087 and perplexity is 206.71857908289084
At time: 382.2513189315796 and batch: 10800, loss is 5.376155843734741 and perplexity is 216.18960935980348
At time: 384.020632982254 and batch: 10850, loss is 5.353230953216553 and perplexity is 211.28986388515045
At time: 385.7902307510376 and batch: 10900, loss is 5.31589412689209 and perplexity is 203.54642812435824
At time: 387.56105637550354 and batch: 10950, loss is 5.33374849319458 and perplexity is 207.21325766220377
At time: 389.3297164440155 and batch: 11000, loss is 5.371800441741943 and perplexity is 215.2500642379502
At time: 391.09873032569885 and batch: 11050, loss is 5.306667327880859 and perplexity is 201.67698389839396
At time: 392.87168407440186 and batch: 11100, loss is 5.319659366607666 and perplexity is 204.31427387400421
At time: 394.64177441596985 and batch: 11150, loss is 5.312144956588745 and perplexity is 202.78472666714794
At time: 396.4113483428955 and batch: 11200, loss is 5.333471269607544 and perplexity is 207.15582122136905
At time: 398.1808452606201 and batch: 11250, loss is 5.384164867401123 and perplexity is 217.92802928827578
At time: 399.9497425556183 and batch: 11300, loss is 5.34380126953125 and perplexity is 209.3068316800893
At time: 401.7186703681946 and batch: 11350, loss is 5.40277286529541 and perplexity is 222.02119833196355
At time: 403.488707780838 and batch: 11400, loss is 5.418042678833007 and perplexity is 225.43743691566405
At time: 405.258846282959 and batch: 11450, loss is 5.305892724990844 and perplexity is 201.52082481226452
At time: 407.0283443927765 and batch: 11500, loss is 5.341226816177368 and perplexity is 208.7686740333932
At time: 408.79850363731384 and batch: 11550, loss is 5.286682214736938 and perplexity is 197.68645496161201
At time: 410.56757736206055 and batch: 11600, loss is 5.284871091842652 and perplexity is 197.3287445237016
At time: 412.33703446388245 and batch: 11650, loss is 5.376585836410523 and perplexity is 216.28258929732164
At time: 414.10701632499695 and batch: 11700, loss is 5.452773895263672 and perplexity is 233.40470898848056
At time: 415.8765664100647 and batch: 11750, loss is 5.389931163787842 and perplexity is 219.18829694252813
At time: 417.6484887599945 and batch: 11800, loss is 5.379877433776856 and perplexity is 216.99567745435016
At time: 419.4166679382324 and batch: 11850, loss is 5.42014596939087 and perplexity is 225.9120963464825
At time: 421.1854748725891 and batch: 11900, loss is 5.4732706832885745 and perplexity is 238.23812133083635
At time: 422.95521783828735 and batch: 11950, loss is 5.290399742126465 and perplexity is 198.4227274811581
At time: 424.72526597976685 and batch: 12000, loss is 5.29977165222168 and perplexity is 200.29106873197256
At time: 426.49434876441956 and batch: 12050, loss is 5.408555784225464 and perplexity is 223.30884852252112
At time: 428.2629327774048 and batch: 12100, loss is 5.382886724472046 and perplexity is 217.64966405176867
At time: 430.0327684879303 and batch: 12150, loss is 5.381831579208374 and perplexity is 217.42013315511915
At time: 431.8039770126343 and batch: 12200, loss is 5.31071946144104 and perplexity is 202.495863958365
At time: 433.57177209854126 and batch: 12250, loss is 5.3816306591033936 and perplexity is 217.3764534673515
At time: 435.3440434932709 and batch: 12300, loss is 5.289155235290528 and perplexity is 198.17594263496812
At time: 437.11338472366333 and batch: 12350, loss is 5.377312307357788 and perplexity is 216.43976940132222
At time: 438.8831355571747 and batch: 12400, loss is 5.41552206993103 and perplexity is 224.8699128589091
At time: 440.6518247127533 and batch: 12450, loss is 5.40761357307434 and perplexity is 223.09854352671314
At time: 442.42080330848694 and batch: 12500, loss is 5.363213205337525 and perplexity is 213.40957471946095
At time: 444.19024896621704 and batch: 12550, loss is 5.433080396652222 and perplexity is 228.85311914436198
At time: 445.96067690849304 and batch: 12600, loss is 5.450481843948364 and perplexity is 232.87034604582698
At time: 447.7298605442047 and batch: 12650, loss is 5.323512954711914 and perplexity is 205.1031359278206
At time: 449.4990589618683 and batch: 12700, loss is 5.437652606964111 and perplexity is 229.90187948500733
At time: 451.268105506897 and batch: 12750, loss is 5.3637521362304685 and perplexity is 213.52461872972836
At time: 453.03882026672363 and batch: 12800, loss is 5.442611598968506 and perplexity is 231.04479257343155
At time: 454.8078017234802 and batch: 12850, loss is 5.399607677459716 and perplexity is 221.3195705134217
At time: 456.57740092277527 and batch: 12900, loss is 5.362804412841797 and perplexity is 213.32235231594584
At time: 458.3497157096863 and batch: 12950, loss is 5.337974472045898 and perplexity is 208.09078941613498
At time: 460.12016129493713 and batch: 13000, loss is 5.266696720123291 and perplexity is 193.77481164221044
At time: 461.8902077674866 and batch: 13050, loss is 5.394545526504516 and perplexity is 220.2020483574764
At time: 463.66005969047546 and batch: 13100, loss is 5.298338871002198 and perplexity is 200.0043009370767
At time: 465.4292709827423 and batch: 13150, loss is 5.351666841506958 and perplexity is 210.95964125479313
At time: 467.20053720474243 and batch: 13200, loss is 5.362637777328491 and perplexity is 213.28680819780644
At time: 468.97038531303406 and batch: 13250, loss is 5.384447402954102 and perplexity is 217.989610403558
At time: 470.73950266838074 and batch: 13300, loss is 5.350194578170776 and perplexity is 210.6492816311673
At time: 472.50925946235657 and batch: 13350, loss is 5.3248495388031 and perplexity is 205.37745680197375
At time: 474.2794756889343 and batch: 13400, loss is 5.3467608833312985 and perplexity is 209.92721666470956
At time: 476.0478723049164 and batch: 13450, loss is 5.419296875 and perplexity is 225.72035706653833
At time: 477.8168361186981 and batch: 13500, loss is 5.377167415618897 and perplexity is 216.4084113385854
At time: 479.5865318775177 and batch: 13550, loss is 5.3273402690887455 and perplexity is 205.88963423675892
At time: 481.3571307659149 and batch: 13600, loss is 5.329515419006348 and perplexity is 206.33796247150184
At time: 483.12587547302246 and batch: 13650, loss is 5.285309391021729 and perplexity is 197.41525250723882
At time: 484.89577174186707 and batch: 13700, loss is 5.297321453094482 and perplexity is 199.80091646073163
At time: 486.6681170463562 and batch: 13750, loss is 5.239836435317994 and perplexity is 188.63924516400812
At time: 488.43847012519836 and batch: 13800, loss is 5.339804286956787 and perplexity is 208.4719056251498
At time: 490.2086281776428 and batch: 13850, loss is 5.3366814136505125 and perplexity is 207.8218897628218
At time: 491.977570772171 and batch: 13900, loss is 5.361375598907471 and perplexity is 213.01777201256138
At time: 493.7471387386322 and batch: 13950, loss is 5.3101013660430905 and perplexity is 202.3707408697347
At time: 495.5176672935486 and batch: 14000, loss is 5.380796566009521 and perplexity is 217.19521686335113
At time: 497.2865250110626 and batch: 14050, loss is 5.331923828125 and perplexity is 206.83550760746547
At time: 499.0562572479248 and batch: 14100, loss is 5.332461910247803 and perplexity is 206.94683204462856
At time: 500.82706809043884 and batch: 14150, loss is 5.36354965209961 and perplexity is 213.4813877598283
At time: 502.5976288318634 and batch: 14200, loss is 5.311463861465454 and perplexity is 202.6466580030214
At time: 504.36754035949707 and batch: 14250, loss is 5.32618860244751 and perplexity is 205.65265450025373
At time: 506.1367275714874 and batch: 14300, loss is 5.373258657455445 and perplexity is 215.56417422835602
At time: 507.9067032337189 and batch: 14350, loss is 5.351720867156982 and perplexity is 210.9710387944177
At time: 509.6771590709686 and batch: 14400, loss is 5.328459072113037 and perplexity is 206.12011308839016
At time: 511.4460129737854 and batch: 14450, loss is 5.380206375122071 and perplexity is 217.0670680454126
At time: 513.2186949253082 and batch: 14500, loss is 5.367134704589843 and perplexity is 214.24810327713195
At time: 514.9895434379578 and batch: 14550, loss is 5.282871713638306 and perplexity is 196.93460388221254
At time: 516.7604074478149 and batch: 14600, loss is 5.2934603500366215 and perplexity is 199.03095194395667
At time: 518.5302510261536 and batch: 14650, loss is 5.336414222717285 and perplexity is 207.76636905579605
At time: 520.2998783588409 and batch: 14700, loss is 5.2516137313842775 and perplexity is 190.8740394899229
At time: 522.06946849823 and batch: 14750, loss is 5.342460308074951 and perplexity is 209.02634738760904
At time: 523.840038061142 and batch: 14800, loss is 5.307087049484253 and perplexity is 201.76164985226546
At time: 525.609274148941 and batch: 14850, loss is 5.296525669097901 and perplexity is 199.64198133631155
At time: 527.379566192627 and batch: 14900, loss is 5.345600547790528 and perplexity is 209.68377192034703
At time: 529.1497614383698 and batch: 14950, loss is 5.359287071228027 and perplexity is 212.573342762443
At time: 530.919534444809 and batch: 15000, loss is 5.276630773544311 and perplexity is 195.7093740866479
At time: 532.6886966228485 and batch: 15050, loss is 5.316610488891602 and perplexity is 203.69229329049608
At time: 534.4587435722351 and batch: 15100, loss is 5.383690872192383 and perplexity is 217.82475692377955
At time: 536.2284343242645 and batch: 15150, loss is 5.3440448188781735 and perplexity is 209.35781443040742
At time: 537.9982323646545 and batch: 15200, loss is 5.362649965286255 and perplexity is 213.2894077442579
At time: 539.7658729553223 and batch: 15250, loss is 5.267415351867676 and perplexity is 193.9141144208231
At time: 541.5358691215515 and batch: 15300, loss is 5.369322099685669 and perplexity is 214.71726145761687
At time: 543.3072731494904 and batch: 15350, loss is 5.314571504592895 and perplexity is 203.2773910360453
At time: 545.0801866054535 and batch: 15400, loss is 5.293694505691528 and perplexity is 199.07756162360286
At time: 546.8527162075043 and batch: 15450, loss is 5.344246301651001 and perplexity is 209.40000067312982
At time: 548.625898361206 and batch: 15500, loss is 5.283064632415772 and perplexity is 196.97259993019193
At time: 550.4003098011017 and batch: 15550, loss is 5.310524969100952 and perplexity is 202.4564838936103
At time: 552.1735022068024 and batch: 15600, loss is 5.283845148086548 and perplexity is 197.12640014508193
At time: 553.9470107555389 and batch: 15650, loss is 5.363219518661499 and perplexity is 213.41092204749833
At time: 555.7192418575287 and batch: 15700, loss is 5.3039396953582765 and perplexity is 201.12763275267866
At time: 557.489367723465 and batch: 15750, loss is 5.359748249053955 and perplexity is 212.6713994835632
At time: 559.2604064941406 and batch: 15800, loss is 5.309201364517212 and perplexity is 202.18868883000408
At time: 561.0287816524506 and batch: 15850, loss is 5.285847225189209 and perplexity is 197.52145773305847
At time: 562.7995324134827 and batch: 15900, loss is 5.3459804725646975 and perplexity is 209.76345111513257
At time: 564.5691576004028 and batch: 15950, loss is 5.333756008148193 and perplexity is 207.21481486607428
At time: 566.3388023376465 and batch: 16000, loss is 5.314643268585205 and perplexity is 203.2919795566313
At time: 568.107640504837 and batch: 16050, loss is 5.284073467254639 and perplexity is 197.17141301922726
At time: 569.8771307468414 and batch: 16100, loss is 5.250465965270996 and perplexity is 190.65508641298902
At time: 571.6479251384735 and batch: 16150, loss is 5.284133386611939 and perplexity is 197.18322775753552
At time: 573.4186775684357 and batch: 16200, loss is 5.327820148468017 and perplexity is 205.98846013699432
At time: 575.1879272460938 and batch: 16250, loss is 5.269193382263183 and perplexity is 194.2592063114023
At time: 576.9565761089325 and batch: 16300, loss is 5.260376939773559 and perplexity is 192.5540589029388
At time: 578.7263195514679 and batch: 16350, loss is 5.301805067062378 and perplexity is 200.69875792374256
At time: 580.4942858219147 and batch: 16400, loss is 5.3079845905303955 and perplexity is 201.94282050643218
At time: 582.2652804851532 and batch: 16450, loss is 5.353010931015015 and perplexity is 211.24338053800747
At time: 584.0359888076782 and batch: 16500, loss is 5.318408470153809 and perplexity is 204.05885765626846
At time: 585.8079628944397 and batch: 16550, loss is 5.362798986434936 and perplexity is 213.3211947452104
At time: 587.5770418643951 and batch: 16600, loss is 5.25561448097229 and perplexity is 191.63920832862533
At time: 589.3462522029877 and batch: 16650, loss is 5.337908096313477 and perplexity is 208.0769776959639
At time: 591.1170570850372 and batch: 16700, loss is 5.321900749206543 and perplexity is 204.7727339324322
At time: 592.8865854740143 and batch: 16750, loss is 5.284753484725952 and perplexity is 197.30553862363246
At time: 594.6572954654694 and batch: 16800, loss is 5.2626496601104735 and perplexity is 192.9921781011856
At time: 596.4269499778748 and batch: 16850, loss is 5.286575469970703 and perplexity is 197.66535409341296
At time: 598.1976120471954 and batch: 16900, loss is 5.347575950622558 and perplexity is 210.09839122247334
At time: 599.9687945842743 and batch: 16950, loss is 5.3642247295379635 and perplexity is 213.62555288404977
At time: 601.7388026714325 and batch: 17000, loss is 5.382758893966675 and perplexity is 217.6218435634105
At time: 603.5089159011841 and batch: 17050, loss is 5.348900299072266 and perplexity is 210.3768190281968
At time: 605.2794580459595 and batch: 17100, loss is 5.3001159572601315 and perplexity is 200.36004182930492
At time: 607.049248456955 and batch: 17150, loss is 5.403208360671997 and perplexity is 222.11790859424906
At time: 608.8178851604462 and batch: 17200, loss is 5.442227067947388 and perplexity is 230.95596576284586
At time: 610.5871260166168 and batch: 17250, loss is 5.304100561141968 and perplexity is 201.1599899094533
At time: 612.3579020500183 and batch: 17300, loss is 5.341273651123047 and perplexity is 208.77845193187295
At time: 614.1289842128754 and batch: 17350, loss is 5.362327613830566 and perplexity is 213.22066467349836
At time: 615.8991253376007 and batch: 17400, loss is 5.319115781784058 and perplexity is 204.20324191585757
At time: 617.6682608127594 and batch: 17450, loss is 5.40840407371521 and perplexity is 223.27497279288463
At time: 619.4377245903015 and batch: 17500, loss is 5.357767772674561 and perplexity is 212.2506256042108
At time: 621.2092707157135 and batch: 17550, loss is 5.2807827568054195 and perplexity is 196.523645382527
At time: 622.9830613136292 and batch: 17600, loss is 5.295213880538941 and perplexity is 199.38026496510713
At time: 624.7531979084015 and batch: 17650, loss is 5.371173000335693 and perplexity is 215.11504979620435
At time: 626.5239810943604 and batch: 17700, loss is 5.32002631187439 and perplexity is 204.3892597867479
At time: 628.2953443527222 and batch: 17750, loss is 5.2938629913330075 and perplexity is 199.1111061600842
At time: 630.0646097660065 and batch: 17800, loss is 5.3652928447723385 and perplexity is 213.85385149444394
At time: 631.8344404697418 and batch: 17850, loss is 5.336904935836792 and perplexity is 207.86834775798116
At time: 633.6051697731018 and batch: 17900, loss is 5.297271337509155 and perplexity is 199.79090357175733
At time: 635.3755559921265 and batch: 17950, loss is 5.322822780609131 and perplexity is 204.96162789321113
At time: 637.1434977054596 and batch: 18000, loss is 5.3954551315307615 and perplexity is 220.40243637060738
At time: 638.9114353656769 and batch: 18050, loss is 5.332541885375977 and perplexity is 206.96338330588236
At time: 640.6803157329559 and batch: 18100, loss is 5.317168102264405 and perplexity is 203.80590651035328
At time: 642.4496591091156 and batch: 18150, loss is 5.371439437866211 and perplexity is 215.17237215492415
At time: 644.2198972702026 and batch: 18200, loss is 5.356805582046508 and perplexity is 212.04649826191263
At time: 645.9886136054993 and batch: 18250, loss is 5.316892232894897 and perplexity is 203.74969045792238
At time: 647.7622060775757 and batch: 18300, loss is 5.299369859695434 and perplexity is 200.21060944253531
At time: 649.5335838794708 and batch: 18350, loss is 5.301475658416748 and perplexity is 200.63265690543645
At time: 651.3310949802399 and batch: 18400, loss is 5.3548275661468505 and perplexity is 211.62748146444616
At time: 653.1363227367401 and batch: 18450, loss is 5.415728139877319 and perplexity is 224.91625656463245
At time: 654.9402532577515 and batch: 18500, loss is 5.385140733718872 and perplexity is 218.14080171358782
At time: 656.715044260025 and batch: 18550, loss is 5.376633605957031 and perplexity is 216.29292126530484
At time: 658.487434387207 and batch: 18600, loss is 5.356855087280273 and perplexity is 212.0569959332208
At time: 660.2610757350922 and batch: 18650, loss is 5.379902620315551 and perplexity is 217.0011428932046
At time: 662.0340552330017 and batch: 18700, loss is 5.344651527404785 and perplexity is 209.48487214113595
At time: 663.8081750869751 and batch: 18750, loss is 5.407072992324829 and perplexity is 222.97797334073545
At time: 665.580730676651 and batch: 18800, loss is 5.343539123535156 and perplexity is 209.25196992341841
At time: 667.3546450138092 and batch: 18850, loss is 5.342598781585694 and perplexity is 209.05529400389298
At time: 669.1280887126923 and batch: 18900, loss is 5.385528335571289 and perplexity is 218.22536988075004
At time: 670.9022614955902 and batch: 18950, loss is 5.365457210540772 and perplexity is 213.88900463598463
At time: 672.6725535392761 and batch: 19000, loss is 5.37836199760437 and perplexity is 216.6670834000067
At time: 674.445629119873 and batch: 19050, loss is 5.304186754226684 and perplexity is 201.17732925676034
At time: 676.2198858261108 and batch: 19100, loss is 5.312119579315185 and perplexity is 202.77958060896228
At time: 677.9932434558868 and batch: 19150, loss is 5.354531726837158 and perplexity is 211.56488299641813
At time: 679.7654004096985 and batch: 19200, loss is 5.330592241287231 and perplexity is 206.56027145903732
At time: 681.5376858711243 and batch: 19250, loss is 5.326225633621216 and perplexity is 205.66027020043396
At time: 683.3132598400116 and batch: 19300, loss is 5.345978965759278 and perplexity is 209.76313504266562
At time: 685.0870473384857 and batch: 19350, loss is 5.293622760772705 and perplexity is 199.06327933245177
At time: 686.8600299358368 and batch: 19400, loss is 5.4172208213806154 and perplexity is 225.25223559305488
At time: 688.6332454681396 and batch: 19450, loss is 5.389213552474976 and perplexity is 219.03106136475662
At time: 690.4071326255798 and batch: 19500, loss is 5.342716226577759 and perplexity is 209.07984794307876
At time: 692.1794664859772 and batch: 19550, loss is 5.282485818862915 and perplexity is 196.85862250883108
At time: 693.947258234024 and batch: 19600, loss is 5.284874534606933 and perplexity is 197.32942388122441
At time: 695.7165348529816 and batch: 19650, loss is 5.347051935195923 and perplexity is 209.98832526500988
At time: 697.4874761104584 and batch: 19700, loss is 5.357275791168213 and perplexity is 212.14622790467732
At time: 699.2571120262146 and batch: 19750, loss is 5.362332820892334 and perplexity is 213.22177492956
At time: 701.0265400409698 and batch: 19800, loss is 5.308653678894043 and perplexity is 202.07798331064245
At time: 702.796544790268 and batch: 19850, loss is 5.321855115890503 and perplexity is 204.76338968675427
At time: 704.5678272247314 and batch: 19900, loss is 5.28720687866211 and perplexity is 197.79020112658054
At time: 706.3382935523987 and batch: 19950, loss is 5.361930227279663 and perplexity is 213.13595048223732
At time: 708.1068713665009 and batch: 20000, loss is 5.332329769134521 and perplexity is 206.9194876665501
At time: 709.8753168582916 and batch: 20050, loss is 5.346071071624756 and perplexity is 209.78245634755334
At time: 711.6480185985565 and batch: 20100, loss is 5.344592924118042 and perplexity is 209.47259599882014
At time: 713.4186930656433 and batch: 20150, loss is 5.373275976181031 and perplexity is 215.56790755746383
At time: 715.1876223087311 and batch: 20200, loss is 5.315728282928466 and perplexity is 203.51267397697487
At time: 716.964426279068 and batch: 20250, loss is 5.323694934844971 and perplexity is 205.14046402016973
At time: 718.7357218265533 and batch: 20300, loss is 5.336222124099732 and perplexity is 207.72646125676556
At time: 720.5064361095428 and batch: 20350, loss is 5.365216464996338 and perplexity is 213.8375180089518
At time: 722.277988910675 and batch: 20400, loss is 5.345286426544189 and perplexity is 209.6179161364664
At time: 724.0476760864258 and batch: 20450, loss is 5.351191177368164 and perplexity is 210.8593191804134
At time: 725.818088054657 and batch: 20500, loss is 5.392337484359741 and perplexity is 219.71636935151955
At time: 727.5898027420044 and batch: 20550, loss is 5.310340337753296 and perplexity is 202.4191075306775
At time: 729.359894990921 and batch: 20600, loss is 5.294814920425415 and perplexity is 199.30073605744766
At time: 731.1295900344849 and batch: 20650, loss is 5.286058416366577 and perplexity is 197.56317692748044
At time: 732.9005551338196 and batch: 20700, loss is 5.360239496231079 and perplexity is 212.7758993737511
At time: 734.671448469162 and batch: 20750, loss is 5.4503688621521 and perplexity is 232.84403742205978
At time: 736.4532508850098 and batch: 20800, loss is 5.365264596939087 and perplexity is 213.8478106718273
At time: 738.2580680847168 and batch: 20850, loss is 5.315563163757324 and perplexity is 203.4790729070976
At time: 740.0649240016937 and batch: 20900, loss is 5.276220426559449 and perplexity is 195.62908181005554
At time: 741.8706436157227 and batch: 20950, loss is 5.280064878463745 and perplexity is 196.38261594092737
At time: 743.6767313480377 and batch: 21000, loss is 5.353599910736084 and perplexity is 211.36783525240818
At time: 745.481365442276 and batch: 21050, loss is 5.353450546264648 and perplexity is 211.33626676508112
At time: 747.2878730297089 and batch: 21100, loss is 5.35753191947937 and perplexity is 212.20057151892078
At time: 749.1013855934143 and batch: 21150, loss is 5.359091081619263 and perplexity is 212.53168467857037
At time: 750.9069063663483 and batch: 21200, loss is 5.382902421951294 and perplexity is 217.6530806296692
At time: 752.7128372192383 and batch: 21250, loss is 5.358239860534668 and perplexity is 212.35085020340557
At time: 754.5243859291077 and batch: 21300, loss is 5.29238447189331 and perplexity is 198.81693404215324
At time: 756.3293673992157 and batch: 21350, loss is 5.337156925201416 and perplexity is 207.92073497109126
At time: 758.1339876651764 and batch: 21400, loss is 5.344851102828979 and perplexity is 209.52668434556116
Finished Train Step
Begin Evaluating...
Getting Batches...
Created Iterator with 1421 batches
Traceback (most recent call last):
  File "tune_models.py", line 172, in <module>
    seq_len = args.seq_len)
  File "tune_models.py", line 147, in tuneModels
    opt = Optimizer(dataset, vectors, tune_wordvecs, wordvec_dim, choices, trainerclass, max_time, num_layers, batch_size, seq_len)
  File "tune_models.py", line 35, in __init__
    exact_feval = True
  File "/home-nfs/siddsach/anaconda3/lib/python3.5/site-packages/GPyOpt/methods/bayesian_optimization.py", line 117, in __init__
    self._init_design_chooser()
  File "/home-nfs/siddsach/anaconda3/lib/python3.5/site-packages/GPyOpt/methods/bayesian_optimization.py", line 192, in _init_design_chooser
    self.Y, _ = self.objective.evaluate(self.X)
  File "/home-nfs/siddsach/anaconda3/lib/python3.5/site-packages/GPyOpt/core/task/objective.py", line 50, in evaluate
    f_evals, cost_evals = self._eval_func(x)
  File "/home-nfs/siddsach/anaconda3/lib/python3.5/site-packages/GPyOpt/core/task/objective.py", line 74, in _eval_func
    rlt = self.func(np.atleast_2d(x[i]))
  File "tune_models.py", line 73, in getError
    trainer.train()
  File "/home-nfs/siddsach/Interpreting-Attention/interpreting_language/pretraining/langmodel/trainer.py", line 408, in train
    this_perplexity = self.evaluate()
  File "/home-nfs/siddsach/Interpreting-Attention/interpreting_language/pretraining/langmodel/trainer.py", line 348, in evaluate
    for i, batch in enumerate(self.valid_iterator):
  File "/home-nfs/siddsach/anaconda3/lib/python3.5/site-packages/torchtext/data/iterator.py", line 246, in __iter__
    text=data[i:i + seq_len],
  File "/home-nfs/siddsach/anaconda3/lib/python3.5/site-packages/torch/autograd/variable.py", line 76, in __getitem__
    return Index.apply(self, key)
  File "/home-nfs/siddsach/anaconda3/lib/python3.5/site-packages/torch/autograd/_functions/tensor.py", line 16, in forward
    result = i.index(ctx.index)
ValueError: result of slicing is an empty tensor
