Building Bayesian Optimizer for 
 data:gigasmall 
 choices:[{'domain': [0, 30], 'name': 'lr', 'type': 'continuous'}, {'domain': [0, 1], 'name': 'dropout', 'type': 'continuous'}, {'domain': [2, 8], 'name': 'anneal', 'type': 'continuous'}]
SETTINGS FOR THIS RUN
{'lr': 19.23787419307726, 'dropout': 0.6365627275671939, 'seq_len': 20, 'wordvec_dim': 200, 'num_layers': 1, 'anneal': 7.462345114516375, 'batch_size': 50, 'wordvec_source': '', 'tune_wordvecs': True, 'data': 'gigasmall'}
Preparing Data Loaders

[93m    Warning: no model found for 'en'[0m

    Only loading the 'en' tokenizer.

Retrieving Train Data from file: /home-nfs/siddsach/Interpreting-Attention/interpreting_language/data/gigaword/gigaword_small_train.txt...
Got Train Dataset with 21438304 words
Retrieving Valid Data from file: /home-nfs/siddsach/Interpreting-Attention/interpreting_language/data/gigaword/gigaword_small_val.txt...
Retrieving Test Data from file: /home-nfs/siddsach/Interpreting-Attention/interpreting_language/data/gigaword/gigaword_small_test.txt...
Loading Vectors From Memory...
Building Vocab...
Found 55221 tokens
Getting Batches...
Created Iterator with 21439 batches
Initializing Model parameters...
Constructing LSTM with 1 layers and 200 hidden size...
here
200
200
Using Cross Entropy Loss ...
Begin Training...
Finished 0 epochs...
Completing Train Step...
At time: 7.632132291793823 and batch: 50, loss is 8.532378225326537 and perplexity is 5076.504561670122
At time: 9.33167576789856 and batch: 100, loss is 7.6632500171661375 and perplexity is 2128.6643944429106
At time: 11.030787467956543 and batch: 150, loss is 7.389043455123901 and perplexity is 1618.1575321121834
At time: 12.73147964477539 and batch: 200, loss is 7.288645038604736 and perplexity is 1463.5862502153807
At time: 14.429375171661377 and batch: 250, loss is 7.154142122268677 and perplexity is 1279.3944029604704
At time: 16.130688905715942 and batch: 300, loss is 7.0641416072845455 and perplexity is 1169.2778409673494
At time: 17.832097053527832 and batch: 350, loss is 6.986415691375733 and perplexity is 1081.8368812876415
At time: 19.538803339004517 and batch: 400, loss is 6.968442525863647 and perplexity is 1062.5665412151948
At time: 21.245357275009155 and batch: 450, loss is 6.965815677642822 and perplexity is 1059.7790030096942
At time: 23.319084882736206 and batch: 500, loss is 6.932714910507202 and perplexity is 1025.2737309521078
At time: 25.028725385665894 and batch: 550, loss is 6.838990716934204 and perplexity is 933.5464464700287
At time: 26.73833179473877 and batch: 600, loss is 6.836717500686645 and perplexity is 931.4267037496745
At time: 28.44814133644104 and batch: 650, loss is 6.811367225646973 and perplexity is 908.1115519692517
At time: 30.16133427619934 and batch: 700, loss is 6.838030815124512 and perplexity is 932.6507634992568
At time: 31.871745586395264 and batch: 750, loss is 6.823606214523315 and perplexity is 919.2942117869827
At time: 33.5860071182251 and batch: 800, loss is 6.794915647506714 and perplexity is 893.2939048552696
At time: 35.30243134498596 and batch: 850, loss is 6.770046377182007 and perplexity is 871.3523039181073
At time: 37.02371048927307 and batch: 900, loss is 6.738535165786743 and perplexity is 844.3230362894221
At time: 38.748685121536255 and batch: 950, loss is 6.758047227859497 and perplexity is 860.9592958369349
At time: 40.47341513633728 and batch: 1000, loss is 6.743010759353638 and perplexity is 848.1103519598903
At time: 42.20107436180115 and batch: 1050, loss is 6.75532748222351 and perplexity is 858.620886929468
At time: 43.92935085296631 and batch: 1100, loss is 6.7399616527557376 and perplexity is 845.5283115486554
At time: 45.65899419784546 and batch: 1150, loss is 6.70123288154602 and perplexity is 813.4080429982585
At time: 47.38713622093201 and batch: 1200, loss is 6.66193208694458 and perplexity is 782.0604872234323
At time: 49.11370015144348 and batch: 1250, loss is 6.680220861434936 and perplexity is 796.4950076212153
At time: 50.87297010421753 and batch: 1300, loss is 6.667785272598267 and perplexity is 786.6514552344908
At time: 52.633039712905884 and batch: 1350, loss is 6.646063833236695 and perplexity is 769.7484962425661
At time: 54.39292359352112 and batch: 1400, loss is 6.629538679122925 and perplexity is 757.1328088926106
At time: 56.15234613418579 and batch: 1450, loss is 6.606697225570679 and perplexity is 740.0348099543359
At time: 57.91307735443115 and batch: 1500, loss is 6.646490745544433 and perplexity is 770.0771815043753
At time: 59.67616391181946 and batch: 1550, loss is 6.59182653427124 and perplexity is 729.1114013603952
At time: 61.438215255737305 and batch: 1600, loss is 6.621921768188477 and perplexity is 751.3877034761405
At time: 63.20036602020264 and batch: 1650, loss is 6.627927265167236 and perplexity is 755.9137369965766
At time: 64.96193170547485 and batch: 1700, loss is 6.598738203048706 and perplexity is 734.1682333113463
At time: 66.72655129432678 and batch: 1750, loss is 6.642817783355713 and perplexity is 767.2539052018525
At time: 68.49191403388977 and batch: 1800, loss is 6.606054439544677 and perplexity is 739.5592787685162
At time: 70.23576998710632 and batch: 1850, loss is 6.6041526603698735 and perplexity is 738.154136891906
At time: 71.96908688545227 and batch: 1900, loss is 6.647836036682129 and perplexity is 771.1138566706032
At time: 73.70337986946106 and batch: 1950, loss is 6.584128284454346 and perplexity is 723.5200689983008
At time: 75.43584203720093 and batch: 2000, loss is 6.5492525482177735 and perplexity is 698.7217177916224
At time: 77.16816902160645 and batch: 2050, loss is 6.591779336929322 and perplexity is 729.0769900523563
At time: 78.90233659744263 and batch: 2100, loss is 6.566749591827392 and perplexity is 711.0548643158652
At time: 80.63500094413757 and batch: 2150, loss is 6.538924798965454 and perplexity is 691.5426308096692
At time: 82.36762833595276 and batch: 2200, loss is 6.587692832946777 and perplexity is 726.1036933610275
At time: 84.10224914550781 and batch: 2250, loss is 6.545182294845581 and perplexity is 695.8835233671248
At time: 85.84011316299438 and batch: 2300, loss is 6.595967826843261 and perplexity is 732.1371258719074
At time: 87.57393550872803 and batch: 2350, loss is 6.63003547668457 and perplexity is 757.5090440745323
At time: 89.32638168334961 and batch: 2400, loss is 6.626259384155273 and perplexity is 754.6540136543069
At time: 91.09575700759888 and batch: 2450, loss is 6.610347013473511 and perplexity is 742.7407150374326
At time: 92.86769604682922 and batch: 2500, loss is 6.646615657806397 and perplexity is 770.1733795950388
At time: 94.63961482048035 and batch: 2550, loss is 6.572864809036255 and perplexity is 715.416441662923
At time: 96.41150951385498 and batch: 2600, loss is 6.5492676162719725 and perplexity is 698.7322462476576
At time: 98.1838595867157 and batch: 2650, loss is 6.556434288024902 and perplexity is 703.7578177002642
At time: 99.95663738250732 and batch: 2700, loss is 6.605303726196289 and perplexity is 739.004290090789
At time: 101.73539137840271 and batch: 2750, loss is 6.588964557647705 and perplexity is 727.027684770129
At time: 103.56818652153015 and batch: 2800, loss is 6.540530471801758 and perplexity is 692.653913966938
At time: 105.40117025375366 and batch: 2850, loss is 6.542005434036255 and perplexity is 693.676306141186
At time: 107.21953511238098 and batch: 2900, loss is 6.5227482128143315 and perplexity is 680.4458280431965
At time: 109.02049684524536 and batch: 2950, loss is 6.57286901473999 and perplexity is 715.4194504988513
At time: 110.83018946647644 and batch: 3000, loss is 6.581993579864502 and perplexity is 721.9772147410921
At time: 112.64584493637085 and batch: 3050, loss is 6.554371118545532 and perplexity is 702.3073428521516
At time: 114.4574863910675 and batch: 3100, loss is 6.567683515548706 and perplexity is 711.719245513195
At time: 116.26773190498352 and batch: 3150, loss is 6.506221332550049 and perplexity is 669.29259921832
At time: 118.07873725891113 and batch: 3200, loss is 6.521003637313843 and perplexity is 679.2597738035843
At time: 119.88876914978027 and batch: 3250, loss is 6.547342729568482 and perplexity is 697.3885594748409
At time: 121.70021104812622 and batch: 3300, loss is 6.506282958984375 and perplexity is 669.3338466056824
At time: 123.51228141784668 and batch: 3350, loss is 6.522616510391235 and perplexity is 680.3562175799445
At time: 125.3222131729126 and batch: 3400, loss is 6.524558849334717 and perplexity is 681.6789841714574
At time: 127.13310241699219 and batch: 3450, loss is 6.527711687088012 and perplexity is 683.8315990479549
At time: 128.94320607185364 and batch: 3500, loss is 6.518462333679199 and perplexity is 677.5357600206354
At time: 130.7605140209198 and batch: 3550, loss is 6.459768419265747 and perplexity is 638.9130794758232
At time: 132.5835816860199 and batch: 3600, loss is 6.484814949035645 and perplexity is 655.1177228551278
At time: 134.40670323371887 and batch: 3650, loss is 6.523360834121704 and perplexity is 680.8628113693626
At time: 136.2295651435852 and batch: 3700, loss is 6.512984209060669 and perplexity is 673.8342825279474
At time: 138.05161786079407 and batch: 3750, loss is 6.485579032897949 and perplexity is 655.6184790205605
At time: 139.87447834014893 and batch: 3800, loss is 6.471717710494995 and perplexity is 646.5934339420268
At time: 141.6967272758484 and batch: 3850, loss is 6.565512418746948 and perplexity is 710.1757103239769
At time: 143.519788980484 and batch: 3900, loss is 6.558912572860717 and perplexity is 705.5040930179902
At time: 145.34278178215027 and batch: 3950, loss is 6.532964973449707 and perplexity is 687.4334146620743
At time: 147.1637237071991 and batch: 4000, loss is 6.456654634475708 and perplexity is 636.9267357751044
At time: 148.9862723350525 and batch: 4050, loss is 6.517771739959716 and perplexity is 677.0680196079252
At time: 150.80871152877808 and batch: 4100, loss is 6.454999723434448 and perplexity is 635.8735503920221
At time: 152.63114547729492 and batch: 4150, loss is 6.476801376342774 and perplexity is 649.8888682457974
At time: 154.4527349472046 and batch: 4200, loss is 6.506721363067627 and perplexity is 669.6273496288543
At time: 156.2754521369934 and batch: 4250, loss is 6.562226009368897 and perplexity is 707.8456131333149
At time: 158.0984890460968 and batch: 4300, loss is 6.529361276626587 and perplexity is 684.9605714143858
At time: 159.92047095298767 and batch: 4350, loss is 6.569308061599731 and perplexity is 712.8764058785899
At time: 161.74294567108154 and batch: 4400, loss is 6.514959774017334 and perplexity is 675.1668017288421
At time: 163.5652949810028 and batch: 4450, loss is 6.442471084594726 and perplexity is 627.9566180819286
At time: 165.38844633102417 and batch: 4500, loss is 6.488520355224609 and perplexity is 657.5497030745765
At time: 167.24099850654602 and batch: 4550, loss is 6.49431450843811 and perplexity is 661.3707058474772
At time: 169.10687470436096 and batch: 4600, loss is 6.519462928771973 and perplexity is 678.2140382616399
At time: 170.97086191177368 and batch: 4650, loss is 6.47633843421936 and perplexity is 649.588076943003
At time: 172.83611154556274 and batch: 4700, loss is 6.483523445129395 and perplexity is 654.272181884269
At time: 174.69931960105896 and batch: 4750, loss is 6.4597389602661135 and perplexity is 638.8942580128812
At time: 176.5629231929779 and batch: 4800, loss is 6.45567063331604 and perplexity is 636.3003073821561
At time: 178.42651867866516 and batch: 4850, loss is 6.438792858123779 and perplexity is 625.6510941456322
At time: 180.28990817070007 and batch: 4900, loss is 6.442829723358154 and perplexity is 628.1818680561959
At time: 182.15142631530762 and batch: 4950, loss is 6.45640775680542 and perplexity is 636.7695121947261
At time: 184.0145902633667 and batch: 5000, loss is 6.5089631938934325 and perplexity is 671.1302248296008
At time: 185.87979125976562 and batch: 5050, loss is 6.473636436462402 and perplexity is 647.8352605355692
At time: 187.7453544139862 and batch: 5100, loss is 6.452783126831054 and perplexity is 634.4656362053958
At time: 189.60900712013245 and batch: 5150, loss is 6.4345680809021 and perplexity is 623.01343334225
At time: 191.47351694107056 and batch: 5200, loss is 6.441222677230835 and perplexity is 627.173161553913
At time: 193.33805418014526 and batch: 5250, loss is 6.508288202285766 and perplexity is 670.6773704138486
At time: 195.2006983757019 and batch: 5300, loss is 6.479566326141358 and perplexity is 651.6882648153893
At time: 197.0678985118866 and batch: 5350, loss is 6.477332992553711 and perplexity is 650.2344515541699
At time: 198.93305277824402 and batch: 5400, loss is 6.452322301864624 and perplexity is 634.1733259569932
At time: 200.7969310283661 and batch: 5450, loss is 6.48023325920105 and perplexity is 652.1230422314087
At time: 202.6615812778473 and batch: 5500, loss is 6.411652297973633 and perplexity is 608.8989328178938
At time: 204.52889704704285 and batch: 5550, loss is 6.387732658386231 and perplexity is 594.507099713225
At time: 206.39309239387512 and batch: 5600, loss is 6.45434386253357 and perplexity is 635.4566425241466
At time: 208.2576014995575 and batch: 5650, loss is 6.453702363967896 and perplexity is 635.0491287231537
At time: 210.1313374042511 and batch: 5700, loss is 6.470127143859863 and perplexity is 645.5658014751115
At time: 211.99489760398865 and batch: 5750, loss is 6.475848655700684 and perplexity is 649.2700005567772
At time: 213.8604850769043 and batch: 5800, loss is 6.454860782623291 and perplexity is 635.7852077424787
At time: 215.72365713119507 and batch: 5850, loss is 6.493093338012695 and perplexity is 660.5635524375028
At time: 217.58661484718323 and batch: 5900, loss is 6.460790205001831 and perplexity is 639.5662453880074
At time: 219.45073342323303 and batch: 5950, loss is 6.462972345352173 and perplexity is 640.9633925299585
At time: 221.31529068946838 and batch: 6000, loss is 6.444249010086059 and perplexity is 629.0740712405383
At time: 223.17953252792358 and batch: 6050, loss is 6.452627077102661 and perplexity is 634.3666357398897
At time: 225.04340624809265 and batch: 6100, loss is 6.422262182235718 and perplexity is 615.393673319143
At time: 226.90788102149963 and batch: 6150, loss is 6.409415044784546 and perplexity is 607.5381944643015
At time: 228.77258014678955 and batch: 6200, loss is 6.425395622253418 and perplexity is 617.3249967445985
At time: 230.6360466480255 and batch: 6250, loss is 6.406149702072144 and perplexity is 605.5576094527441
At time: 232.49994587898254 and batch: 6300, loss is 6.400895566940307 and perplexity is 602.384271815194
At time: 234.3648726940155 and batch: 6350, loss is 6.403748769760131 and perplexity is 604.1054505865741
At time: 236.2293519973755 and batch: 6400, loss is 6.393031635284424 and perplexity is 597.6657404916807
At time: 238.09308075904846 and batch: 6450, loss is 6.4855618667602535 and perplexity is 655.607224680071
At time: 239.95623922348022 and batch: 6500, loss is 6.49202525138855 and perplexity is 659.8583899970697
At time: 241.8204381465912 and batch: 6550, loss is 6.48196855545044 and perplexity is 653.255651322673
At time: 243.68445992469788 and batch: 6600, loss is 6.46700496673584 and perplexity is 643.5533739101078
At time: 245.5474762916565 and batch: 6650, loss is 6.503169088363648 and perplexity is 667.2528692338911
At time: 247.41115593910217 and batch: 6700, loss is 6.478678092956543 and perplexity is 651.1096706737253
At time: 249.27697324752808 and batch: 6750, loss is 6.448897819519043 and perplexity is 632.0053248576535
At time: 251.1674723625183 and batch: 6800, loss is 6.425104331970215 and perplexity is 617.1452021589479
At time: 253.06489396095276 and batch: 6850, loss is 6.530287437438965 and perplexity is 685.5952489150006
At time: 254.96246767044067 and batch: 6900, loss is 6.462516574859619 and perplexity is 640.671326891342
At time: 256.86060333251953 and batch: 6950, loss is 6.463566799163818 and perplexity is 641.3445289345432
At time: 258.7574920654297 and batch: 7000, loss is 6.474957418441773 and perplexity is 648.6916047234313
At time: 260.6525225639343 and batch: 7050, loss is 6.447363319396973 and perplexity is 631.0362563175615
At time: 262.5510218143463 and batch: 7100, loss is 6.450820207595825 and perplexity is 633.2214529191406
At time: 264.44808626174927 and batch: 7150, loss is 6.407935667037964 and perplexity is 606.6400804679402
At time: 266.3463509082794 and batch: 7200, loss is 6.421371421813965 and perplexity is 614.8457490620035
At time: 268.2425858974457 and batch: 7250, loss is 6.431776037216187 and perplexity is 621.2763787140861
At time: 270.14088702201843 and batch: 7300, loss is 6.461835193634033 and perplexity is 640.2349341692146
At time: 272.0045518875122 and batch: 7350, loss is 6.437140083312988 and perplexity is 624.6178878407594
At time: 273.86825466156006 and batch: 7400, loss is 6.456514682769775 and perplexity is 636.8376030291639
At time: 275.73109316825867 and batch: 7450, loss is 6.452966842651367 and perplexity is 634.5822082879517
At time: 277.59437584877014 and batch: 7500, loss is 6.441649341583252 and perplexity is 627.4408110789363
At time: 279.4579339027405 and batch: 7550, loss is 6.418377332687378 and perplexity is 613.0075992555678
At time: 281.32054567337036 and batch: 7600, loss is 6.434643325805664 and perplexity is 623.0603136916924
At time: 283.1849467754364 and batch: 7650, loss is 6.467245244979859 and perplexity is 643.7080243635489
At time: 285.04983139038086 and batch: 7700, loss is 6.487907543182373 and perplexity is 657.1468721405937
At time: 286.9128911495209 and batch: 7750, loss is 6.460982828140259 and perplexity is 639.6894525113171
At time: 288.7760887145996 and batch: 7800, loss is 6.383659868240357 and perplexity is 592.0907210975314
At time: 290.6395905017853 and batch: 7850, loss is 6.439937038421631 and perplexity is 626.3673614922341
At time: 292.5040831565857 and batch: 7900, loss is 6.426201887130738 and perplexity is 617.8229249113878
At time: 294.3667109012604 and batch: 7950, loss is 6.375612316131591 and perplexity is 587.3449616520772
At time: 296.2297134399414 and batch: 8000, loss is 6.377542114257812 and perplexity is 588.4795132341767
At time: 298.09515047073364 and batch: 8050, loss is 6.428093881607055 and perplexity is 618.9929489631619
At time: 299.95920753479004 and batch: 8100, loss is 6.405749073028565 and perplexity is 605.3150540774454
At time: 301.8229024410248 and batch: 8150, loss is 6.395273609161377 and perplexity is 599.0071946597182
At time: 303.68553256988525 and batch: 8200, loss is 6.438573751449585 and perplexity is 625.5140248321369
At time: 305.54862427711487 and batch: 8250, loss is 6.427349338531494 and perplexity is 618.5322535742528
At time: 307.41267013549805 and batch: 8300, loss is 6.393993139266968 and perplexity is 598.2406748379319
At time: 309.277140378952 and batch: 8350, loss is 6.423632917404174 and perplexity is 616.2377934700265
At time: 311.1398642063141 and batch: 8400, loss is 6.388613634109497 and perplexity is 595.0310768070423
At time: 313.00516843795776 and batch: 8450, loss is 6.436118392944336 and perplexity is 623.980047653737
At time: 314.8682179450989 and batch: 8500, loss is 6.3824859142303465 and perplexity is 591.3960416618459
At time: 316.73070096969604 and batch: 8550, loss is 6.414130687713623 and perplexity is 610.4098932867303
At time: 318.59392189979553 and batch: 8600, loss is 6.423274917602539 and perplexity is 616.0172199471986
At time: 320.4567220211029 and batch: 8650, loss is 6.399504919052124 and perplexity is 601.5471496057447
At time: 322.31883358955383 and batch: 8700, loss is 6.444567260742187 and perplexity is 629.274306337249
At time: 324.1826870441437 and batch: 8750, loss is 6.381672801971436 and perplexity is 590.9153657387255
At time: 326.0470497608185 and batch: 8800, loss is 6.449280519485473 and perplexity is 632.2472395616819
At time: 327.91061091423035 and batch: 8850, loss is 6.431542558670044 and perplexity is 621.1313409406941
At time: 329.7740271091461 and batch: 8900, loss is 6.4509023094177245 and perplexity is 633.2734436883302
At time: 331.63840794563293 and batch: 8950, loss is 6.435718774795532 and perplexity is 623.7307437187092
At time: 333.5017921924591 and batch: 9000, loss is 6.423693256378174 and perplexity is 616.2749777480435
At time: 335.36627316474915 and batch: 9050, loss is 6.489789237976074 and perplexity is 658.3845861233712
At time: 337.228919506073 and batch: 9100, loss is 6.420939474105835 and perplexity is 614.5802252001831
At time: 339.09310150146484 and batch: 9150, loss is 6.446395692825317 and perplexity is 630.4259441930043
At time: 340.95710921287537 and batch: 9200, loss is 6.464038124084473 and perplexity is 641.6468818413884
At time: 342.820627450943 and batch: 9250, loss is 6.406048774719238 and perplexity is 605.4964952102916
At time: 344.6826641559601 and batch: 9300, loss is 6.463891801834106 and perplexity is 641.5530014942559
At time: 346.5456955432892 and batch: 9350, loss is 6.421692667007446 and perplexity is 615.0432970325911
At time: 348.4095947742462 and batch: 9400, loss is 6.430223569869995 and perplexity is 620.3126157220281
At time: 350.2726447582245 and batch: 9450, loss is 6.378665523529053 and perplexity is 589.140988059187
At time: 352.1351237297058 and batch: 9500, loss is 6.392543029785156 and perplexity is 597.3737890544999
At time: 353.9983263015747 and batch: 9550, loss is 6.397269630432129 and perplexity is 600.2040198084638
At time: 355.86201071739197 and batch: 9600, loss is 6.3942703437805175 and perplexity is 598.4065328404174
At time: 357.72519850730896 and batch: 9650, loss is 6.381295232772827 and perplexity is 590.6922964123415
At time: 359.58882665634155 and batch: 9700, loss is 6.444944725036621 and perplexity is 629.5118797542166
At time: 361.4532015323639 and batch: 9750, loss is 6.4242532920837405 and perplexity is 616.620210402313
At time: 363.34160900115967 and batch: 9800, loss is 6.430806331634521 and perplexity is 620.674215549567
At time: 365.23786067962646 and batch: 9850, loss is 6.389903736114502 and perplexity is 595.7992229791905
At time: 367.1353852748871 and batch: 9900, loss is 6.419135398864746 and perplexity is 613.4724757643502
At time: 369.02263736724854 and batch: 9950, loss is 6.391080341339111 and perplexity is 596.5006560317411
At time: 370.88564443588257 and batch: 10000, loss is 6.41337173461914 and perplexity is 609.9467965658912
At time: 372.7498004436493 and batch: 10050, loss is 6.386797323226928 and perplexity is 593.9512962921696
At time: 374.614280462265 and batch: 10100, loss is 6.392992324829102 and perplexity is 597.6422464410756
At time: 376.4778664112091 and batch: 10150, loss is 6.41740686416626 and perplexity is 612.4129832520091
At time: 378.342734336853 and batch: 10200, loss is 6.3842205238342284 and perplexity is 592.4227731471159
At time: 380.2072353363037 and batch: 10250, loss is 6.384782056808472 and perplexity is 592.7555314875774
At time: 382.0726954936981 and batch: 10300, loss is 6.424747190475464 and perplexity is 616.924833352735
At time: 383.93636536598206 and batch: 10350, loss is 6.370815811157226 and perplexity is 584.5345041966483
At time: 385.7998015880585 and batch: 10400, loss is 6.4116031932830815 and perplexity is 608.8690337583189
At time: 387.6636927127838 and batch: 10450, loss is 6.385581521987915 and perplexity is 593.2296083736552
At time: 389.52808022499084 and batch: 10500, loss is 6.416028642654419 and perplexity is 611.5695238748019
At time: 391.3913080692291 and batch: 10550, loss is 6.460726623535156 and perplexity is 639.5255821208186
At time: 393.2547197341919 and batch: 10600, loss is 6.364887685775757 and perplexity is 581.0795611517412
At time: 395.118045091629 and batch: 10650, loss is 6.440471801757813 and perplexity is 626.7024093698169
At time: 396.98126196861267 and batch: 10700, loss is 6.401244163513184 and perplexity is 602.5942975128957
At time: 398.8449821472168 and batch: 10750, loss is 6.363781843185425 and perplexity is 580.43733379128
At time: 400.7086639404297 and batch: 10800, loss is 6.372681665420532 and perplexity is 585.6261785292428
At time: 402.5733685493469 and batch: 10850, loss is 6.3667559242248535 and perplexity is 582.1661710370018
At time: 404.44603848457336 and batch: 10900, loss is 6.349124755859375 and perplexity is 571.9918573402756
At time: 406.3093400001526 and batch: 10950, loss is 6.33050045967102 and perplexity is 561.4375003826729
At time: 408.17282724380493 and batch: 11000, loss is 6.3880173873901365 and perplexity is 594.676397228354
At time: 410.03893852233887 and batch: 11050, loss is 6.335076303482055 and perplexity is 564.0124374561088
At time: 411.9029366970062 and batch: 11100, loss is 6.35539626121521 and perplexity is 575.5903796182665
At time: 413.7659811973572 and batch: 11150, loss is 6.347522392272949 and perplexity is 571.0760523385843
At time: 415.628484249115 and batch: 11200, loss is 6.355511999130249 and perplexity is 575.6570011039613
At time: 417.49215745925903 and batch: 11250, loss is 6.398900518417358 and perplexity is 601.1836839771745
At time: 419.35618257522583 and batch: 11300, loss is 6.360315532684326 and perplexity is 578.4288408071454
At time: 421.21890234947205 and batch: 11350, loss is 6.434285621643067 and perplexity is 622.8374822801737
At time: 423.0818827152252 and batch: 11400, loss is 6.3950288867950436 and perplexity is 598.8606221371092
At time: 424.946182012558 and batch: 11450, loss is 6.370196409225464 and perplexity is 584.1725545033091
At time: 426.8095006942749 and batch: 11500, loss is 6.404331312179566 and perplexity is 604.4574701605644
At time: 428.673775434494 and batch: 11550, loss is 6.37441969871521 and perplexity is 586.6449013564143
At time: 430.5372588634491 and batch: 11600, loss is 6.361910724639893 and perplexity is 579.3522821781736
At time: 432.4011082649231 and batch: 11650, loss is 6.398343839645386 and perplexity is 600.8491109157488
At time: 434.26400685310364 and batch: 11700, loss is 6.413871765136719 and perplexity is 610.2518648436413
At time: 436.1274108886719 and batch: 11750, loss is 6.38770170211792 and perplexity is 594.4886962767861
At time: 437.9962179660797 and batch: 11800, loss is 6.362767601013184 and perplexity is 579.8489282123226
At time: 439.8819329738617 and batch: 11850, loss is 6.402639904022217 and perplexity is 603.435950012056
At time: 441.77964782714844 and batch: 11900, loss is 6.465191993713379 and perplexity is 642.3876860043467
At time: 443.67690324783325 and batch: 11950, loss is 6.362436952590943 and perplexity is 579.6572337725494
At time: 445.5739936828613 and batch: 12000, loss is 6.357007646560669 and perplexity is 576.518625200781
At time: 447.4705505371094 and batch: 12050, loss is 6.40359525680542 and perplexity is 604.0127196917759
At time: 449.3679015636444 and batch: 12100, loss is 6.403152799606323 and perplexity is 603.7455290301772
At time: 451.26449370384216 and batch: 12150, loss is 6.429115924835205 and perplexity is 619.6259099165524
At time: 453.16221618652344 and batch: 12200, loss is 6.362944002151489 and perplexity is 579.9512232455193
At time: 455.05876302719116 and batch: 12250, loss is 6.413816375732422 and perplexity is 610.2180642924814
At time: 456.95534467697144 and batch: 12300, loss is 6.3698556613922115 and perplexity is 583.9735328811354
At time: 458.85164737701416 and batch: 12350, loss is 6.423357553482056 and perplexity is 616.0681271753192
At time: 460.7489023208618 and batch: 12400, loss is 6.438058319091797 and perplexity is 625.191697739531
At time: 462.64440178871155 and batch: 12450, loss is 6.42363205909729 and perplexity is 616.2372645491131
At time: 464.54127049446106 and batch: 12500, loss is 6.3849504280090335 and perplexity is 592.8553428504971
At time: 466.4373960494995 and batch: 12550, loss is 6.437430477142334 and perplexity is 624.7992993602054
At time: 468.2994112968445 and batch: 12600, loss is 6.417678565979004 and perplexity is 612.5793995764913
At time: 470.1647882461548 and batch: 12650, loss is 6.362385873794556 and perplexity is 579.6276263348938
At time: 472.0281503200531 and batch: 12700, loss is 6.414131908416748 and perplexity is 610.4106384164495
At time: 473.89197874069214 and batch: 12750, loss is 6.36084056854248 and perplexity is 578.7326164295288
At time: 475.75638794898987 and batch: 12800, loss is 6.4430031490325925 and perplexity is 628.2908203676243
At time: 477.6195602416992 and batch: 12850, loss is 6.400709571838379 and perplexity is 602.2722417100063
At time: 479.48353695869446 and batch: 12900, loss is 6.409237117767334 and perplexity is 607.4301066216768
At time: 481.34725403785706 and batch: 12950, loss is 6.369128770828247 and perplexity is 583.5492022701214
At time: 483.21000623703003 and batch: 13000, loss is 6.313849048614502 and perplexity is 552.166178299022
At time: 485.07306027412415 and batch: 13050, loss is 6.378648452758789 and perplexity is 589.1309310545673
At time: 486.93637466430664 and batch: 13100, loss is 6.326846647262573 and perplexity is 559.3898562091143
At time: 488.8008060455322 and batch: 13150, loss is 6.3638821220397945 and perplexity is 580.4955423006386
At time: 490.6633040904999 and batch: 13200, loss is 6.346009607315064 and perplexity is 570.2127902064148
At time: 492.5267641544342 and batch: 13250, loss is 6.365793952941894 and perplexity is 581.6064131772133
At time: 494.390105009079 and batch: 13300, loss is 6.3790069007873536 and perplexity is 589.3421417271335
At time: 496.2535574436188 and batch: 13350, loss is 6.36805627822876 and perplexity is 582.9236855602292
At time: 498.1174006462097 and batch: 13400, loss is 6.380751628875732 and perplexity is 590.3712810385368
At time: 499.9805381298065 and batch: 13450, loss is 6.432024955749512 and perplexity is 621.4310451679399
At time: 501.84354734420776 and batch: 13500, loss is 6.403331384658814 and perplexity is 603.853358585257
At time: 503.7073669433594 and batch: 13550, loss is 6.347479705810547 and perplexity is 571.0516756424286
At time: 505.5696470737457 and batch: 13600, loss is 6.358487815856933 and perplexity is 577.3726022279002
At time: 507.4331977367401 and batch: 13650, loss is 6.309298677444458 and perplexity is 549.6593251219771
At time: 509.29665207862854 and batch: 13700, loss is 6.358373441696167 and perplexity is 577.306569497362
At time: 511.15870571136475 and batch: 13750, loss is 6.312566795349121 and perplexity is 551.4586151483918
At time: 513.0221962928772 and batch: 13800, loss is 6.370563640594482 and perplexity is 584.387120385492
At time: 514.8860938549042 and batch: 13850, loss is 6.379530658721924 and perplexity is 589.650895199022
At time: 516.7496116161346 and batch: 13900, loss is 6.392762985229492 and perplexity is 597.5051991233561
At time: 518.6133272647858 and batch: 13950, loss is 6.390979804992676 and perplexity is 596.4406890496184
At time: 520.47505402565 and batch: 14000, loss is 6.413506288528442 and perplexity is 610.0288728135513
At time: 522.339218378067 and batch: 14050, loss is 6.416470336914062 and perplexity is 611.8397102883713
At time: 524.2022535800934 and batch: 14100, loss is 6.378098726272583 and perplexity is 588.8071591790649
At time: 526.0648982524872 and batch: 14150, loss is 6.393543357849121 and perplexity is 597.9716578029569
At time: 527.9280760288239 and batch: 14200, loss is 6.35898325920105 and perplexity is 577.6587285145788
At time: 529.790872335434 and batch: 14250, loss is 6.35382378578186 and perplexity is 574.6859891389053
At time: 531.6537146568298 and batch: 14300, loss is 6.424075956344605 and perplexity is 616.5108712966872
At time: 533.5168304443359 and batch: 14350, loss is 6.411819524765015 and perplexity is 609.000765547048
At time: 535.3808896541595 and batch: 14400, loss is 6.3625887012481686 and perplexity is 579.7452026538366
At time: 537.2454702854156 and batch: 14450, loss is 6.411094312667847 and perplexity is 608.5592709326557
At time: 539.1085662841797 and batch: 14500, loss is 6.386957712173462 and perplexity is 594.0465671548667
At time: 540.9714212417603 and batch: 14550, loss is 6.349528551101685 and perplexity is 572.2228715689939
At time: 542.8344180583954 and batch: 14600, loss is 6.407733306884766 and perplexity is 606.517333108327
At time: 544.6983361244202 and batch: 14650, loss is 6.380737066268921 and perplexity is 590.362683756298
At time: 546.5593736171722 and batch: 14700, loss is 6.318297643661499 and perplexity is 554.6280138195984
At time: 548.4233198165894 and batch: 14750, loss is 6.403662738800048 and perplexity is 604.0534810501953
At time: 550.2866897583008 and batch: 14800, loss is 6.35736927986145 and perplexity is 576.7271512368806
At time: 552.1497349739075 and batch: 14850, loss is 6.3358543109893795 and perplexity is 564.4514141080966
At time: 554.011880159378 and batch: 14900, loss is 6.376063928604126 and perplexity is 587.6102738670833
At time: 555.8749208450317 and batch: 14950, loss is 6.441081085205078 and perplexity is 627.0843651220501
At time: 557.7370483875275 and batch: 15000, loss is 6.362747774124146 and perplexity is 579.8374317259342
At time: 559.6000487804413 and batch: 15050, loss is 6.388707876205444 and perplexity is 595.0871564253634
At time: 561.4624059200287 and batch: 15100, loss is 6.382389602661132 and perplexity is 591.339086123829
At time: 563.324024438858 and batch: 15150, loss is 6.394625339508057 and perplexity is 598.6190023135537
At time: 565.1877081394196 and batch: 15200, loss is 6.406773719787598 and perplexity is 605.9356060547929
At time: 567.0525884628296 and batch: 15250, loss is 6.344089336395264 and perplexity is 569.1188778075125
At time: 568.9149873256683 and batch: 15300, loss is 6.368968210220337 and perplexity is 583.455514776921
At time: 570.776540517807 and batch: 15350, loss is 6.3566149234771725 and perplexity is 576.2922574814226
At time: 572.6419544219971 and batch: 15400, loss is 6.327451581954956 and perplexity is 559.7283529135797
At time: 574.5040485858917 and batch: 15450, loss is 6.350161905288696 and perplexity is 572.5854061148734
At time: 576.3673088550568 and batch: 15500, loss is 6.346920700073242 and perplexity is 570.7325436860546
At time: 578.2294056415558 and batch: 15550, loss is 6.352232141494751 and perplexity is 573.7720210164297
At time: 580.0923800468445 and batch: 15600, loss is 6.365716476440429 and perplexity is 581.5613540926234
At time: 581.9551196098328 and batch: 15650, loss is 6.38929591178894 and perplexity is 595.437191755151
At time: 583.8182852268219 and batch: 15700, loss is 6.348234367370606 and perplexity is 571.4827890427383
At time: 585.6814887523651 and batch: 15750, loss is 6.373633241653442 and perplexity is 586.1837117076916
At time: 587.5452935695648 and batch: 15800, loss is 6.311352033615112 and perplexity is 550.7891310389854
At time: 589.4082834720612 and batch: 15850, loss is 6.3159584712982175 and perplexity is 553.3321595019536
At time: 591.2711107730865 and batch: 15900, loss is 6.376641139984131 and perplexity is 587.949547110936
At time: 593.1362364292145 and batch: 15950, loss is 6.366728572845459 and perplexity is 582.150248206944
At time: 594.9998636245728 and batch: 16000, loss is 6.341061296463013 and perplexity is 567.3981696206322
At time: 596.8634328842163 and batch: 16050, loss is 6.363808784484863 and perplexity is 580.4529717379473
At time: 598.7263607978821 and batch: 16100, loss is 6.339939413070678 and perplexity is 566.7619719738085
At time: 600.5894598960876 and batch: 16150, loss is 6.347762575149536 and perplexity is 571.2132315009686
At time: 602.4523487091064 and batch: 16200, loss is 6.366631650924683 and perplexity is 582.0938278209377
At time: 604.3159725666046 and batch: 16250, loss is 6.324745197296142 and perplexity is 558.215560708332
At time: 606.1794066429138 and batch: 16300, loss is 6.3205745410919185 and perplexity is 555.8922836793085
At time: 608.0434181690216 and batch: 16350, loss is 6.330701179504395 and perplexity is 561.5502033346804
At time: 609.9057128429413 and batch: 16400, loss is 6.353190860748291 and perplexity is 574.3223710735645
At time: 611.7693774700165 and batch: 16450, loss is 6.375742673873901 and perplexity is 587.4215316058701
At time: 613.6323268413544 and batch: 16500, loss is 6.370158462524414 and perplexity is 584.1503875026068
At time: 615.4960834980011 and batch: 16550, loss is 6.368206491470337 and perplexity is 583.0112549935086
At time: 617.3585276603699 and batch: 16600, loss is 6.3435574150085445 and perplexity is 568.8162318038977
At time: 619.2216203212738 and batch: 16650, loss is 6.402668237686157 and perplexity is 603.4530478056936
At time: 621.085019826889 and batch: 16700, loss is 6.379619445800781 and perplexity is 589.7032509037729
At time: 622.94806599617 and batch: 16750, loss is 6.358916740417481 and perplexity is 577.6203046366088
At time: 624.8105511665344 and batch: 16800, loss is 6.306697044372559 and perplexity is 548.2311718144375
At time: 626.6730401515961 and batch: 16850, loss is 6.30972653388977 and perplexity is 549.8945507247632
At time: 628.536518573761 and batch: 16900, loss is 6.3551695442199705 and perplexity is 575.459898288637
At time: 630.3994073867798 and batch: 16950, loss is 6.380549440383911 and perplexity is 590.2519268260398
At time: 632.2720174789429 and batch: 17000, loss is 6.377897825241089 and perplexity is 588.6888790951278
At time: 634.1362919807434 and batch: 17050, loss is 6.318562183380127 and perplexity is 554.7747543668136
At time: 636.0014164447784 and batch: 17100, loss is 6.349758434295654 and perplexity is 572.3544311114571
At time: 637.8649950027466 and batch: 17150, loss is 6.418041467666626 and perplexity is 612.8017460169092
At time: 639.7269432544708 and batch: 17200, loss is 6.431608858108521 and perplexity is 621.1725229649765
At time: 641.5910685062408 and batch: 17250, loss is 6.341903285980225 and perplexity is 567.8761141154287
At time: 643.4546010494232 and batch: 17300, loss is 6.384290180206299 and perplexity is 592.4640406054792
At time: 645.3166825771332 and batch: 17350, loss is 6.377083768844605 and perplexity is 588.2098481531167
At time: 647.1797513961792 and batch: 17400, loss is 6.361404066085815 and perplexity is 579.0588227367294
At time: 649.0428605079651 and batch: 17450, loss is 6.384958238601684 and perplexity is 592.8599734201647
At time: 650.907990694046 and batch: 17500, loss is 6.341211738586426 and perplexity is 567.4835366273265
At time: 652.7859599590302 and batch: 17550, loss is 6.314571523666382 and perplexity is 552.5652487291914
At time: 654.684103012085 and batch: 17600, loss is 6.316183376312256 and perplexity is 553.4566206745004
At time: 656.5821442604065 and batch: 17650, loss is 6.34880805015564 and perplexity is 571.8107329396452
At time: 658.4793775081635 and batch: 17700, loss is 6.296822347640991 and perplexity is 542.8441964016585
At time: 660.3769006729126 and batch: 17750, loss is 6.302198209762573 and perplexity is 545.7703100998839
At time: 662.2739996910095 and batch: 17800, loss is 6.423165197372437 and perplexity is 615.9496341039138
At time: 664.1711940765381 and batch: 17850, loss is 6.364345045089721 and perplexity is 580.7643292765927
At time: 666.0665211677551 and batch: 17900, loss is 6.360861968994141 and perplexity is 578.7450017014359
At time: 667.9636187553406 and batch: 17950, loss is 6.350871496200561 and perplexity is 572.9918517033125
At time: 669.8426003456116 and batch: 18000, loss is 6.376113815307617 and perplexity is 587.6395885377839
At time: 671.7067427635193 and batch: 18050, loss is 6.31514419555664 and perplexity is 552.8817779397122
At time: 673.5695524215698 and batch: 18100, loss is 6.299465036392212 and perplexity is 544.2806618827392
At time: 675.4317448139191 and batch: 18150, loss is 6.353110065460205 and perplexity is 574.2759704066424
At time: 677.2960851192474 and batch: 18200, loss is 6.324061241149902 and perplexity is 557.8338962804028
At time: 679.1574366092682 and batch: 18250, loss is 6.295311498641968 and perplexity is 542.0246600446354
At time: 681.0201890468597 and batch: 18300, loss is 6.332948875427246 and perplexity is 562.813817014855
At time: 682.8831372261047 and batch: 18350, loss is 6.309345026016235 and perplexity is 549.6848016370559
At time: 684.7462968826294 and batch: 18400, loss is 6.3243519306182865 and perplexity is 557.9960762900276
At time: 686.6081097126007 and batch: 18450, loss is 6.3761523246765135 and perplexity is 587.662218603209
At time: 688.5003209114075 and batch: 18500, loss is 6.355760841369629 and perplexity is 575.8002667057584
At time: 690.3957586288452 and batch: 18550, loss is 6.371567058563232 and perplexity is 584.9737992156083
At time: 692.2934968471527 and batch: 18600, loss is 6.364964189529419 and perplexity is 581.1240176198678
At time: 694.1892986297607 and batch: 18650, loss is 6.364906940460205 and perplexity is 581.090749763047
At time: 696.0849623680115 and batch: 18700, loss is 6.346059637069702 and perplexity is 570.241318526027
At time: 697.9817912578583 and batch: 18750, loss is 6.389078817367554 and perplexity is 595.3079396929935
At time: 699.8766782283783 and batch: 18800, loss is 6.346649026870727 and perplexity is 570.5775120080617
At time: 701.7723934650421 and batch: 18850, loss is 6.361732635498047 and perplexity is 579.2491150141625
At time: 703.6675956249237 and batch: 18900, loss is 6.40832778930664 and perplexity is 606.8780041971111
At time: 705.5632269382477 and batch: 18950, loss is 6.3769775485992435 and perplexity is 588.1473716769141
At time: 707.4579663276672 and batch: 19000, loss is 6.41105318069458 and perplexity is 608.5342402037778
At time: 709.3539295196533 and batch: 19050, loss is 6.385740299224853 and perplexity is 593.32380720986
At time: 711.2518811225891 and batch: 19100, loss is 6.3727965259552 and perplexity is 585.6934477284386
At time: 713.1232755184174 and batch: 19150, loss is 6.384581651687622 and perplexity is 592.6367521460467
At time: 714.9851627349854 and batch: 19200, loss is 6.356482667922974 and perplexity is 576.2160446694237
At time: 716.8466131687164 and batch: 19250, loss is 6.319425973892212 and perplexity is 555.2541705637519
At time: 718.7104408740997 and batch: 19300, loss is 6.3416704654693605 and perplexity is 567.7439162982116
At time: 720.5731134414673 and batch: 19350, loss is 6.352990465164185 and perplexity is 574.2072909377085
At time: 722.4362337589264 and batch: 19400, loss is 6.4100376224517825 and perplexity is 607.9165519424052
At time: 724.298832654953 and batch: 19450, loss is 6.392134065628052 and perplexity is 597.1295345354589
At time: 726.162175655365 and batch: 19500, loss is 6.347656984329223 and perplexity is 571.1529198115171
At time: 728.0259163379669 and batch: 19550, loss is 6.328682622909546 and perplexity is 560.4178257370303
At time: 729.9010562896729 and batch: 19600, loss is 6.275524530410767 and perplexity is 531.4050467749623
At time: 731.7625658512115 and batch: 19650, loss is 6.3200704383850095 and perplexity is 555.6121274940344
At time: 733.626410484314 and batch: 19700, loss is 6.351259508132935 and perplexity is 573.2142225174008
At time: 735.4880337715149 and batch: 19750, loss is 6.361949777603149 and perplexity is 579.3749080433624
At time: 737.3512854576111 and batch: 19800, loss is 6.360108556747437 and perplexity is 578.3091323447087
At time: 739.2144200801849 and batch: 19850, loss is 6.346857404708862 and perplexity is 570.6964201049782
At time: 741.0778658390045 and batch: 19900, loss is 6.323330984115601 and perplexity is 557.4266828570022
At time: 742.9392976760864 and batch: 19950, loss is 6.36209342956543 and perplexity is 579.4581423640429
At time: 744.8029308319092 and batch: 20000, loss is 6.352574691772461 and perplexity is 573.9686004488186
At time: 746.6666326522827 and batch: 20050, loss is 6.350330467224121 and perplexity is 572.6819303540519
At time: 748.5332221984863 and batch: 20100, loss is 6.342444200515747 and perplexity is 568.1833696519307
At time: 750.3946704864502 and batch: 20150, loss is 6.371493892669678 and perplexity is 584.9310006505995
At time: 752.258721113205 and batch: 20200, loss is 6.338431367874145 and perplexity is 565.9079134456846
At time: 754.1214201450348 and batch: 20250, loss is 6.355340175628662 and perplexity is 575.5580981994837
At time: 755.9849126338959 and batch: 20300, loss is 6.386055879592895 and perplexity is 593.511078103262
At time: 757.8486318588257 and batch: 20350, loss is 6.354376306533814 and perplexity is 575.0036028097535
At time: 759.711752653122 and batch: 20400, loss is 6.385442810058594 and perplexity is 593.1473260570484
At time: 761.584059715271 and batch: 20450, loss is 6.377959747314453 and perplexity is 588.7253330597287
At time: 763.4473092556 and batch: 20500, loss is 6.371887731552124 and perplexity is 585.1614145922101
At time: 765.3104205131531 and batch: 20550, loss is 6.352660789489746 and perplexity is 574.0180199625333
At time: 767.1743288040161 and batch: 20600, loss is 6.339176940917969 and perplexity is 566.329996458542
At time: 769.0381536483765 and batch: 20650, loss is 6.345534381866455 and perplexity is 569.9418749553957
At time: 770.8999853134155 and batch: 20700, loss is 6.357538661956787 and perplexity is 576.8248467638979
At time: 772.7616586685181 and batch: 20750, loss is 6.438678359985351 and perplexity is 625.5794623609781
At time: 774.6249105930328 and batch: 20800, loss is 6.3673897647857665 and perplexity is 582.5352885378605
At time: 776.4883663654327 and batch: 20850, loss is 6.395440616607666 and perplexity is 599.107241675673
At time: 778.3517796993256 and batch: 20900, loss is 6.324354104995727 and perplexity is 557.9972895854271
At time: 780.2146224975586 and batch: 20950, loss is 6.333511199951172 and perplexity is 563.1303900266087
At time: 782.0766160488129 and batch: 21000, loss is 6.429279975891113 and perplexity is 619.7275685397162
At time: 783.9382600784302 and batch: 21050, loss is 6.3713196182250975 and perplexity is 584.8290710074673
At time: 785.8009130954742 and batch: 21100, loss is 6.373387336730957 and perplexity is 586.0395839690887
At time: 787.6633348464966 and batch: 21150, loss is 6.363894214630127 and perplexity is 580.5025620378648
At time: 789.526698589325 and batch: 21200, loss is 6.399385299682617 and perplexity is 601.4751972185159
At time: 791.3880908489227 and batch: 21250, loss is 6.358333616256714 and perplexity is 577.2835784673497
At time: 793.2499921321869 and batch: 21300, loss is 6.406180276870727 and perplexity is 605.57612453773
At time: 795.1139059066772 and batch: 21350, loss is 6.359568891525268 and perplexity is 577.9971232161299
At time: 796.9766492843628 and batch: 21400, loss is 6.369085760116577 and perplexity is 583.5241039433894
Finished Train Step
Begin Evaluating...
Getting Batches...
Created Iterator with 1421 batches
Traceback (most recent call last):
  File "tune_models.py", line 172, in <module>
    seq_len = args.seq_len)
  File "tune_models.py", line 147, in tuneModels
    opt = Optimizer(dataset, vectors, tune_wordvecs, wordvec_dim, choices, trainerclass, max_time, num_layers, batch_size, seq_len)
  File "tune_models.py", line 35, in __init__
    exact_feval = True
  File "/home-nfs/siddsach/anaconda3/lib/python3.5/site-packages/GPyOpt/methods/bayesian_optimization.py", line 117, in __init__
    self._init_design_chooser()
  File "/home-nfs/siddsach/anaconda3/lib/python3.5/site-packages/GPyOpt/methods/bayesian_optimization.py", line 192, in _init_design_chooser
    self.Y, _ = self.objective.evaluate(self.X)
  File "/home-nfs/siddsach/anaconda3/lib/python3.5/site-packages/GPyOpt/core/task/objective.py", line 50, in evaluate
    f_evals, cost_evals = self._eval_func(x)
  File "/home-nfs/siddsach/anaconda3/lib/python3.5/site-packages/GPyOpt/core/task/objective.py", line 74, in _eval_func
    rlt = self.func(np.atleast_2d(x[i]))
  File "tune_models.py", line 73, in getError
    trainer.train()
  File "/home-nfs/siddsach/Interpreting-Attention/interpreting_language/pretraining/langmodel/trainer.py", line 408, in train
    this_perplexity = self.evaluate()
  File "/home-nfs/siddsach/Interpreting-Attention/interpreting_language/pretraining/langmodel/trainer.py", line 348, in evaluate
    for i, batch in enumerate(self.valid_iterator):
  File "/home-nfs/siddsach/anaconda3/lib/python3.5/site-packages/torchtext/data/iterator.py", line 246, in __iter__
    text=data[i:i + seq_len],
  File "/home-nfs/siddsach/anaconda3/lib/python3.5/site-packages/torch/autograd/variable.py", line 76, in __getitem__
    return Index.apply(self, key)
  File "/home-nfs/siddsach/anaconda3/lib/python3.5/site-packages/torch/autograd/_functions/tensor.py", line 16, in forward
    result = i.index(ctx.index)
ValueError: result of slicing is an empty tensor
