ROOT_PATH: /home-nfs/siddsach/ml/Interpreting-Attention
Building Bayesian Optimizer for 
 data:MPQA 
 choices:[{'name': 'lr', 'type': 'continuous', 'domain': [5e-05, 0.005]}, {'name': 'rnn_dropout', 'type': 'continuous', 'domain': [0, 1]}, {'name': 'dropout', 'type': 'continuous', 'domain': [0, 1]}, {'name': 'l2', 'type': 'continuous', 'domain': [0, 1]}, {'name': 'attention_dim', 'type': 'continuous', 'domain': [5, 100]}]
SETTINGS FOR THIS RUN
{'wordvec_source': 'None', 'pretrained': None, 'rnn_dropout': 0.3256004507898381, 'dropout': 0.26739109514681336, 'lr': 0.001325543791590898, 'tune_wordvecs': True, 'fix_pretrained': None, 'attn_type': 'MLP', 'l2': 0.0928175112992774, 'num_layers': 1, 'attention_dim': 73, 'wordvec_dim': 300, 'hidden_size': 300, 'batch_size': 64}
Using CUDA!
MLP
Building RNN Classifier...

[93m    Warning: no model found for 'en'[0m

    Only loading the 'en' tokenizer.

Retrieving Data from file: /home-nfs/siddsach/ml/Interpreting-Attention/data/mpqa/mpqa_subj_labels.pickle...
Loading Vectors From Memory...
Not using pretrained wordvectors
Building Vocab...
[]
Getting Batches...
Created Iterator with 140 batches
Getting Batches...
Created Iterator with 47 batches
Building model...
MLP
Using Attention model with following args:
{'train_word_vecs': True, 'tune_attn': 'True', 'input_size': 300, 'num_classes': 2, 'attention_dim': 73, 'vectors': None, 'vocab_size': 16598, 'cuda': True, 'attn_type': 'MLP', 'num_layers': 1, 'rnn_dropout': 0.3256004507898381, 'dropout': 0.26739109514681336, 'hidden_size': 300, 'batch_size': 64}
Begin Training...
Completing Train Step at 0th epoch...
At time: 1.329491138458252 accuracy is 0.5828125 and loss is 0.7092774391174317
At time: 1.639976978302002 accuracy is 0.62578125 and loss is 0.6342339038848877
At time: 1.9509694576263428 accuracy is 0.734375 and loss is 0.5913078784942627
At time: 2.255732297897339 accuracy is 0.75859375 and loss is 0.5316721439361572
At time: 2.5751914978027344 accuracy is 0.815625 and loss is 0.4310457229614258
At time: 2.924269437789917 accuracy is 0.83359375 and loss is 0.3844112157821655
Evaluating...
Done Evaluating: Achieved accuracy of 0.5601222826086957
Achieved new best!
Completing Train Step at 1th epoch...
At time: 3.89060115814209 accuracy is 0.83984375 and loss is 0.4445985794067383
At time: 4.186780214309692 accuracy is 0.859375 and loss is 0.3493675470352173
At time: 4.490805625915527 accuracy is 0.83671875 and loss is 0.37203803062438967
At time: 4.812596559524536 accuracy is 0.853125 and loss is 0.3371854543685913
At time: 5.149299383163452 accuracy is 0.91015625 and loss is 0.22551162242889405
At time: 5.501265287399292 accuracy is 0.90078125 and loss is 0.24798285961151123
Evaluating...
Done Evaluating: Achieved accuracy of 0.5869565217391305
Achieved new best!
Completing Train Step at 2th epoch...
At time: 6.4762961864471436 accuracy is 0.903125 and loss is 0.2756721019744873
At time: 6.772974491119385 accuracy is 0.9359375 and loss is 0.1769655466079712
At time: 7.066458702087402 accuracy is 0.9078125 and loss is 0.24754302501678466
At time: 7.373214483261108 accuracy is 0.92421875 and loss is 0.18733144998550416
At time: 7.693752288818359 accuracy is 0.95390625 and loss is 0.12022833824157715
At time: 8.032701015472412 accuracy is 0.96640625 and loss is 0.09146782755851746
Evaluating...
Done Evaluating: Achieved accuracy of 0.5424592391304348
Not better for 1
Completing Train Step at 3th epoch...
At time: 8.937017440795898 accuracy is 0.9640625 and loss is 0.13884425163269043
At time: 9.219372272491455 accuracy is 0.97578125 and loss is 0.0706748366355896
At time: 9.513174533843994 accuracy is 0.95859375 and loss is 0.1269016146659851
At time: 9.819986820220947 accuracy is 0.959375 and loss is 0.10062782764434815
At time: 10.140624761581421 accuracy is 0.97578125 and loss is 0.0568214476108551
At time: 10.480017900466919 accuracy is 0.95234375 and loss is 0.12348829507827759
Evaluating...
Done Evaluating: Achieved accuracy of 0.5536684782608695
Not better for 2
Completing Train Step at 4th epoch...
At time: 11.391746997833252 accuracy is 0.98671875 and loss is 0.051695126295089724
At time: 11.680920839309692 accuracy is 0.98828125 and loss is 0.04014667868614197
At time: 11.982039213180542 accuracy is 0.96328125 and loss is 0.11624436378479004
At time: 12.296700477600098 accuracy is 0.9796875 and loss is 0.06433762311935425
At time: 12.621601819992065 accuracy is 0.97109375 and loss is 0.08704702854156494
At time: 12.961941957473755 accuracy is 0.984375 and loss is 0.04635828137397766
Evaluating...
Done Evaluating: Achieved accuracy of 0.6097146739130435
Achieved new best!
Completing Train Step at 5th epoch...
At time: 13.88458514213562 accuracy is 0.98828125 and loss is 0.035738179087638856
At time: 14.171909093856812 accuracy is 0.98984375 and loss is 0.03193747103214264
At time: 14.468396425247192 accuracy is 0.984375 and loss is 0.04281412959098816
At time: 14.777525901794434 accuracy is 0.98984375 and loss is 0.028260642290115358
At time: 15.102318525314331 accuracy is 0.975 and loss is 0.06525474190711975
At time: 15.446013689041138 accuracy is 0.98828125 and loss is 0.03144955039024353
Evaluating...
Done Evaluating: Achieved accuracy of 0.5798233695652174
Not better for 1
Completing Train Step at 6th epoch...
At time: 16.349960803985596 accuracy is 0.99375 and loss is 0.023361754417419434
At time: 16.63187050819397 accuracy is 0.9859375 and loss is 0.029953819513320924
At time: 16.926318407058716 accuracy is 0.98671875 and loss is 0.032056409120559695
At time: 17.23362636566162 accuracy is 0.96484375 and loss is 0.09273172616958618
At time: 17.55527114868164 accuracy is 0.99296875 and loss is 0.03655703663825989
At time: 17.894418001174927 accuracy is 0.99296875 and loss is 0.01951827257871628
Evaluating...
Done Evaluating: Achieved accuracy of 0.6233016304347826
Achieved new best!
Completing Train Step at 7th epoch...
At time: 18.79995036125183 accuracy is 0.996875 and loss is 0.01956612169742584
At time: 19.084100008010864 accuracy is 0.9953125 and loss is 0.020840921998023988
At time: 19.381163358688354 accuracy is 0.99609375 and loss is 0.015577967464923858
At time: 19.689823389053345 accuracy is 0.99140625 and loss is 0.029735887050628663
At time: 20.014245748519897 accuracy is 0.96796875 and loss is 0.09831575751304626
At time: 20.359163999557495 accuracy is 0.990625 and loss is 0.03851491808891296
Evaluating...
Done Evaluating: Achieved accuracy of 0.6233016304347826
Achieved new best!
Completing Train Step at 8th epoch...
At time: 21.28009605407715 accuracy is 0.99375 and loss is 0.018394376337528228
At time: 21.563132286071777 accuracy is 0.9921875 and loss is 0.02394825518131256
At time: 21.8614444732666 accuracy is 0.98671875 and loss is 0.03952885270118713
At time: 22.172765493392944 accuracy is 0.984375 and loss is 0.034593069553375246
At time: 22.497982263565063 accuracy is 0.99375 and loss is 0.020217816531658172
At time: 22.838584661483765 accuracy is 0.99453125 and loss is 0.016349239647388457
Evaluating...
Done Evaluating: Achieved accuracy of 0.5889945652173914
Not better for 1
Completing Train Step at 9th epoch...
At time: 23.748793601989746 accuracy is 0.978125 and loss is 0.06123310327529907
At time: 24.0305757522583 accuracy is 0.99140625 and loss is 0.027859804034233094
At time: 24.328617811203003 accuracy is 0.9828125 and loss is 0.043067431449890135
At time: 24.63993740081787 accuracy is 0.9828125 and loss is 0.039460161328315736
At time: 24.9742488861084 accuracy is 0.98515625 and loss is 0.04590795040130615
At time: 25.33554172515869 accuracy is 0.99765625 and loss is 0.007146171480417252
Evaluating...
Done Evaluating: Achieved accuracy of 0.5985054347826086
Not better for 2
Completing Train Step at 10th epoch...
At time: 26.24262285232544 accuracy is 0.996875 and loss is 0.021659083664417267
At time: 26.52301836013794 accuracy is 0.9921875 and loss is 0.02515876293182373
At time: 26.816890239715576 accuracy is 0.97421875 and loss is 0.08860490918159485
At time: 27.122628211975098 accuracy is 0.9890625 and loss is 0.027883651852607726
At time: 27.441589832305908 accuracy is 0.990625 and loss is 0.03235708475112915
At time: 27.818917512893677 accuracy is 0.9953125 and loss is 0.014688940346240997
Evaluating...
Done Evaluating: Achieved accuracy of 0.5828804347826086
Not better for 3
Completing Train Step at 11th epoch...
At time: 28.816532611846924 accuracy is 0.99765625 and loss is 0.01700481176376343
At time: 29.116217613220215 accuracy is 0.99765625 and loss is 0.00722271129488945
At time: 29.43613576889038 accuracy is 0.99609375 and loss is 0.011402985453605652
At time: 29.768750190734863 accuracy is 0.99375 and loss is 0.02173232436180115
At time: 30.104013919830322 accuracy is 0.9953125 and loss is 0.013737355172634125
At time: 30.453986167907715 accuracy is 0.996875 and loss is 0.008243243396282195
Evaluating...
Done Evaluating: Achieved accuracy of 0.5523097826086957
Not better for 4
Completing Train Step at 12th epoch...
At time: 31.43699550628662 accuracy is 0.99921875 and loss is 0.011909421533346176
At time: 31.747409105300903 accuracy is 0.99765625 and loss is 0.005373680219054222
At time: 32.063356161117554 accuracy is 0.990625 and loss is 0.02137526124715805
At time: 32.390973806381226 accuracy is 0.9953125 and loss is 0.01875678151845932
At time: 32.741272926330566 accuracy is 0.996875 and loss is 0.008866370469331742
At time: 33.10613656044006 accuracy is 0.996875 and loss is 0.006187566369771957
Evaluating...
Done Evaluating: Achieved accuracy of 0.5726902173913043
Not better for 5
Completing Train Step at 13th epoch...
At time: 34.0683434009552 accuracy is 1.0 and loss is 0.008976258337497711
At time: 34.38233995437622 accuracy is 0.99375 and loss is 0.016053004562854765
At time: 34.70241165161133 accuracy is 0.99609375 and loss is 0.014960293471813203
At time: 35.033896684646606 accuracy is 0.9953125 and loss is 0.01384878009557724
At time: 35.36470937728882 accuracy is 0.99765625 and loss is 0.008387723565101623
At time: 35.71832799911499 accuracy is 0.9953125 and loss is 0.01087435930967331
Evaluating...
Done Evaluating: Achieved accuracy of 0.5801630434782609
Not better for 6
Completing Train Step at 14th epoch...
At time: 36.674869775772095 accuracy is 0.99609375 and loss is 0.017850634455680848
At time: 36.965726375579834 accuracy is 0.99140625 and loss is 0.030770206451416017
At time: 37.293801069259644 accuracy is 0.99453125 and loss is 0.02104278951883316
At time: 37.61884546279907 accuracy is 0.99375 and loss is 0.015616920590400696
At time: 37.93891787528992 accuracy is 0.99765625 and loss is 0.005453319102525711
At time: 38.274749755859375 accuracy is 0.9984375 and loss is 0.002909187041223049
Evaluating...
Done Evaluating: Achieved accuracy of 0.5788043478260869
Not better for 7
Completing Train Step at 15th epoch...
At time: 39.1838641166687 accuracy is 0.99921875 and loss is 0.008735558390617371
At time: 39.46592164039612 accuracy is 0.9890625 and loss is 0.022576591372489928
At time: 39.758501052856445 accuracy is 0.9984375 and loss is 0.015653163194656372
At time: 40.063886880874634 accuracy is 0.996875 and loss is 0.00953090637922287
At time: 40.38232064247131 accuracy is 0.9953125 and loss is 0.013392689824104308
At time: 40.7199273109436 accuracy is 0.9953125 and loss is 0.01039496511220932
Evaluating...
Done Evaluating: Achieved accuracy of 0.5859375
Not better for 8
Completing Train Step at 16th epoch...
At time: 41.620773792266846 accuracy is 0.99921875 and loss is 0.009090209752321244
At time: 41.90124440193176 accuracy is 1.0 and loss is 0.007017308473587036
At time: 42.194355726242065 accuracy is 0.99453125 and loss is 0.026014280319213868
At time: 42.501412868499756 accuracy is 0.99296875 and loss is 0.02354588657617569
At time: 42.82158923149109 accuracy is 0.99296875 and loss is 0.01997504532337189
At time: 43.15896248817444 accuracy is 0.996875 and loss is 0.01817546784877777
Evaluating...
Done Evaluating: Achieved accuracy of 0.5682744565217391
Not better for 9
Completing Train Step at 17th epoch...
At time: 44.061877727508545 accuracy is 1.0 and loss is 0.004875963553786278
At time: 44.343520402908325 accuracy is 0.9953125 and loss is 0.014108419418334961
At time: 44.635122299194336 accuracy is 0.9984375 and loss is 0.004286196827888489
At time: 44.94049596786499 accuracy is 0.990625 and loss is 0.031155157089233398
At time: 45.26159977912903 accuracy is 0.996875 and loss is 0.022109170258045197
At time: 45.60006022453308 accuracy is 0.99765625 and loss is 0.004014187678694725
Evaluating...
Done Evaluating: Achieved accuracy of 0.592391304347826
Not better for 10
Model not improving. Stopping earlyat 0.6233016304347826 epochs.
Done Training. Achieved Best Accuracy of 0.6233016304347826
Improved accuracyfrom -10000000 to 0.6233016304347826
mlpattn
SETTINGS FOR THIS RUN
{'wordvec_source': 'None', 'pretrained': None, 'rnn_dropout': 0.716360170113234, 'dropout': 0.8125128453835617, 'lr': 0.00013159463407208912, 'tune_wordvecs': True, 'fix_pretrained': None, 'attn_type': 'MLP', 'l2': 0.3138622833584348, 'num_layers': 1, 'attention_dim': 49, 'wordvec_dim': 300, 'hidden_size': 300, 'batch_size': 64}
Using CUDA!
MLP
Building RNN Classifier...

[93m    Warning: no model found for 'en'[0m

    Only loading the 'en' tokenizer.

Retrieving Data from file: /home-nfs/siddsach/ml/Interpreting-Attention/data/mpqa/mpqa_subj_labels.pickle...
Loading Vectors From Memory...
Not using pretrained wordvectors
Building Vocab...
[]
Getting Batches...
Created Iterator with 140 batches
Getting Batches...
Created Iterator with 47 batches
Building model...
MLP
Using Attention model with following args:
{'train_word_vecs': True, 'tune_attn': 'True', 'input_size': 300, 'num_classes': 2, 'attention_dim': 49, 'vectors': None, 'vocab_size': 16598, 'cuda': True, 'attn_type': 'MLP', 'num_layers': 1, 'rnn_dropout': 0.716360170113234, 'dropout': 0.8125128453835617, 'hidden_size': 300, 'batch_size': 64}
Begin Training...
Completing Train Step at 0th epoch...
At time: 0.31433796882629395 accuracy is 0.56640625 and loss is 0.7254831314086914
At time: 0.5984580516815186 accuracy is 0.63828125 and loss is 0.679063081741333
At time: 0.8910181522369385 accuracy is 0.634375 and loss is 0.6326119899749756
At time: 1.1978750228881836 accuracy is 0.6828125 and loss is 0.6143507957458496
At time: 1.51884126663208 accuracy is 0.7796875 and loss is 0.5306145668029785
At time: 1.858945369720459 accuracy is 0.79375 and loss is 0.46117711067199707
Evaluating...
Done Evaluating: Achieved accuracy of 0.49422554347826086
Achieved new best!
Completing Train Step at 1th epoch...
At time: 2.7668399810791016 accuracy is 0.64296875 and loss is 0.657776927947998
At time: 3.0502259731292725 accuracy is 0.675 and loss is 0.5949461936950684
At time: 3.344074249267578 accuracy is 0.73515625 and loss is 0.5363147735595704
At time: 3.6511292457580566 accuracy is 0.79296875 and loss is 0.4816451072692871
At time: 3.9716126918792725 accuracy is 0.81640625 and loss is 0.4129429817199707
At time: 4.309289216995239 accuracy is 0.86796875 and loss is 0.376490044593811
Evaluating...
Done Evaluating: Achieved accuracy of 0.5139266304347826
Achieved new best!
Completing Train Step at 2th epoch...
At time: 5.306100368499756 accuracy is 0.77265625 and loss is 0.563282060623169
At time: 5.594769477844238 accuracy is 0.76484375 and loss is 0.49717273712158205
At time: 5.8906636238098145 accuracy is 0.81875 and loss is 0.43005008697509767
At time: 6.196845054626465 accuracy is 0.828125 and loss is 0.4051638603210449
At time: 6.517906427383423 accuracy is 0.86640625 and loss is 0.3311139106750488
At time: 6.857944011688232 accuracy is 0.8671875 and loss is 0.31865558624267576
Evaluating...
Done Evaluating: Achieved accuracy of 0.4779211956521739
Not better for 1
Completing Train Step at 3th epoch...
At time: 7.768945693969727 accuracy is 0.803125 and loss is 0.5024818897247314
At time: 8.056655168533325 accuracy is 0.821875 and loss is 0.3854306936264038
At time: 8.354788541793823 accuracy is 0.865625 and loss is 0.32941365242004395
At time: 8.662158250808716 accuracy is 0.87109375 and loss is 0.3207031011581421
At time: 8.98398232460022 accuracy is 0.89921875 and loss is 0.26120786666870116
At time: 9.322149515151978 accuracy is 0.89609375 and loss is 0.26631832122802734
Evaluating...
Done Evaluating: Achieved accuracy of 0.4921875
Not better for 2
Completing Train Step at 4th epoch...
At time: 10.239751100540161 accuracy is 0.85390625 and loss is 0.4296600818634033
At time: 10.528717994689941 accuracy is 0.86953125 and loss is 0.3015486478805542
At time: 10.825083255767822 accuracy is 0.90625 and loss is 0.2372453212738037
At time: 11.132758378982544 accuracy is 0.90625 and loss is 0.23542096614837646
At time: 11.454514265060425 accuracy is 0.9234375 and loss is 0.20078585147857667
At time: 11.795967817306519 accuracy is 0.928125 and loss is 0.19417630434036254
Evaluating...
Done Evaluating: Achieved accuracy of 0.5010190217391305
Not better for 3
Completing Train Step at 5th epoch...
At time: 12.709575414657593 accuracy is 0.89609375 and loss is 0.35482957363128664
At time: 12.998546361923218 accuracy is 0.90234375 and loss is 0.22864859104156493
At time: 13.297038793563843 accuracy is 0.93125 and loss is 0.16885676383972167
At time: 13.606189250946045 accuracy is 0.934375 and loss is 0.16367731094360352
At time: 13.928394794464111 accuracy is 0.93671875 and loss is 0.14637160301208496
At time: 14.267315149307251 accuracy is 0.96328125 and loss is 0.11853712797164917
Evaluating...
Done Evaluating: Achieved accuracy of 0.5264945652173914
Achieved new best!
Completing Train Step at 6th epoch...
At time: 15.186857461929321 accuracy is 0.91640625 and loss is 0.27820720672607424
At time: 15.471513748168945 accuracy is 0.94296875 and loss is 0.16314822435379028
At time: 15.766602277755737 accuracy is 0.95390625 and loss is 0.12846698760986328
At time: 16.074622631072998 accuracy is 0.95625 and loss is 0.14345114231109618
At time: 16.397074222564697 accuracy is 0.95546875 and loss is 0.12496696710586548
At time: 16.739459991455078 accuracy is 0.959375 and loss is 0.1100012183189392
Evaluating...
Done Evaluating: Achieved accuracy of 0.5434782608695652
Achieved new best!
Completing Train Step at 7th epoch...
At time: 17.648489952087402 accuracy is 0.9296875 and loss is 0.24287238121032714
At time: 17.93062973022461 accuracy is 0.959375 and loss is 0.1333677053451538
At time: 18.2240891456604 accuracy is 0.9640625 and loss is 0.10380054712295532
At time: 18.52947735786438 accuracy is 0.95546875 and loss is 0.12038313150405884
At time: 18.847938060760498 accuracy is 0.9734375 and loss is 0.08295530080795288
At time: 19.185381650924683 accuracy is 0.9671875 and loss is 0.08747059106826782
Evaluating...
Done Evaluating: Achieved accuracy of 0.5675951086956522
Achieved new best!
Completing Train Step at 8th epoch...
At time: 20.08766007423401 accuracy is 0.94921875 and loss is 0.2052541494369507
At time: 20.369585037231445 accuracy is 0.96875 and loss is 0.09245813488960267
At time: 20.66350793838501 accuracy is 0.94140625 and loss is 0.15897055864334106
At time: 20.97098135948181 accuracy is 0.95859375 and loss is 0.10636292695999146
At time: 21.308409929275513 accuracy is 0.97734375 and loss is 0.06851188540458679
At time: 21.653146028518677 accuracy is 0.96875 and loss is 0.0818451464176178
Evaluating...
Done Evaluating: Achieved accuracy of 0.5438179347826086
Not better for 1
Completing Train Step at 9th epoch...
At time: 22.564321041107178 accuracy is 0.9765625 and loss is 0.1592450261116028
At time: 22.848021268844604 accuracy is 0.9859375 and loss is 0.06296530961990357
At time: 23.142571926116943 accuracy is 0.97890625 and loss is 0.06221308708190918
At time: 23.44903254508972 accuracy is 0.984375 and loss is 0.04603539109230041
At time: 23.769907474517822 accuracy is 0.9890625 and loss is 0.030090326070785524
At time: 24.10931086540222 accuracy is 0.98984375 and loss is 0.029180973768234253
Evaluating...
Done Evaluating: Achieved accuracy of 0.5461956521739131
Not better for 2
Completing Train Step at 10th epoch...
At time: 25.017614603042603 accuracy is 0.971875 and loss is 0.13430111408233641
At time: 25.298779249191284 accuracy is 0.984375 and loss is 0.06233140230178833
At time: 25.59229612350464 accuracy is 0.94375 and loss is 0.13390873670578002
At time: 25.899207592010498 accuracy is 0.978125 and loss is 0.07999030351638795
At time: 26.219728231430054 accuracy is 0.98828125 and loss is 0.03924600481986999
At time: 26.559024810791016 accuracy is 0.98203125 and loss is 0.05367868542671204
Evaluating...
Done Evaluating: Achieved accuracy of 0.5366847826086957
Not better for 3
Completing Train Step at 11th epoch...
At time: 27.45846915245056 accuracy is 0.9765625 and loss is 0.12701927423477172
At time: 27.740806102752686 accuracy is 0.98828125 and loss is 0.05517094731330872
At time: 28.03465747833252 accuracy is 0.98046875 and loss is 0.04999436736106873
At time: 28.342432022094727 accuracy is 0.99140625 and loss is 0.042381152510643005
At time: 28.661933183670044 accuracy is 0.99609375 and loss is 0.016280286014080048
At time: 28.999839782714844 accuracy is 0.99765625 and loss is 0.010560604184865952
Evaluating...
Done Evaluating: Achieved accuracy of 0.5407608695652174
Not better for 4
Completing Train Step at 12th epoch...
At time: 29.911996364593506 accuracy is 0.9796875 and loss is 0.08899978399276734
At time: 30.19647455215454 accuracy is 0.9921875 and loss is 0.03461946845054627
At time: 30.49062442779541 accuracy is 0.98984375 and loss is 0.03516274690628052
At time: 30.79935359954834 accuracy is 0.99140625 and loss is 0.03265272080898285
At time: 31.121525049209595 accuracy is 0.9953125 and loss is 0.010048263520002366
At time: 31.461475610733032 accuracy is 0.9953125 and loss is 0.012757124006748199
Evaluating...
Done Evaluating: Achieved accuracy of 0.5363451086956522
Not better for 5
Completing Train Step at 13th epoch...
At time: 32.36603927612305 accuracy is 0.9859375 and loss is 0.08145076036453247
At time: 32.648096323013306 accuracy is 0.99296875 and loss is 0.03703259825706482
At time: 32.94261121749878 accuracy is 0.9796875 and loss is 0.05682891607284546
At time: 33.25071167945862 accuracy is 0.9828125 and loss is 0.051508718729019166
At time: 33.571743965148926 accuracy is 0.996875 and loss is 0.010322772711515427
At time: 33.911038875579834 accuracy is 0.98359375 and loss is 0.05951208472251892
Evaluating...
Done Evaluating: Achieved accuracy of 0.5356657608695652
Not better for 6
Completing Train Step at 14th epoch...
At time: 34.83931803703308 accuracy is 0.990625 and loss is 0.06264436841011048
At time: 35.126508474349976 accuracy is 0.98984375 and loss is 0.040478560328483584
At time: 35.420947551727295 accuracy is 0.9875 and loss is 0.03847011923789978
At time: 35.72644305229187 accuracy is 0.96953125 and loss is 0.07998555898666382
At time: 36.047385931015015 accuracy is 0.98671875 and loss is 0.038986650109291074
At time: 36.38682436943054 accuracy is 0.9890625 and loss is 0.027354586124420165
Evaluating...
Done Evaluating: Achieved accuracy of 0.5159646739130435
Not better for 7
Completing Train Step at 15th epoch...
At time: 37.293755531311035 accuracy is 0.98515625 and loss is 0.07884674072265625
At time: 37.57539677619934 accuracy is 0.9953125 and loss is 0.02241223305463791
At time: 37.87097668647766 accuracy is 0.99140625 and loss is 0.027788004279136656
At time: 38.177618980407715 accuracy is 0.99609375 and loss is 0.015539132058620453
At time: 38.49854850769043 accuracy is 0.9859375 and loss is 0.03741189241409302
At time: 38.83817458152771 accuracy is 0.99609375 and loss is 0.018917560577392578
Evaluating...
Done Evaluating: Achieved accuracy of 0.5641983695652174
Not better for 8
Completing Train Step at 16th epoch...
At time: 39.74950551986694 accuracy is 0.99453125 and loss is 0.04975632727146149
At time: 40.034985065460205 accuracy is 0.98515625 and loss is 0.051592069864273074
At time: 40.329622983932495 accuracy is 0.9875 and loss is 0.03007059097290039
At time: 40.63572430610657 accuracy is 0.9734375 and loss is 0.08582900166511535
At time: 40.95556902885437 accuracy is 0.98984375 and loss is 0.029628551006317137
At time: 41.2961049079895 accuracy is 0.9921875 and loss is 0.028233078122138978
Evaluating...
Done Evaluating: Achieved accuracy of 0.5730298913043478
Achieved new best!
Completing Train Step at 17th epoch...
At time: 42.20772099494934 accuracy is 0.990625 and loss is 0.040732234716415405
At time: 42.4909029006958 accuracy is 0.9734375 and loss is 0.07693830728530884
At time: 42.78604316711426 accuracy is 0.98828125 and loss is 0.03222894966602326
At time: 43.09302258491516 accuracy is 0.98359375 and loss is 0.0619032621383667
At time: 43.414149045944214 accuracy is 0.99296875 and loss is 0.02319319695234299
At time: 43.756858110427856 accuracy is 1.0 and loss is 0.0019610222429037095
Evaluating...
Done Evaluating: Achieved accuracy of 0.5438179347826086
Not better for 1
Completing Train Step at 18th epoch...
At time: 44.66438412666321 accuracy is 0.99609375 and loss is 0.03285914957523346
At time: 44.948280334472656 accuracy is 0.99765625 and loss is 0.02094593346118927
At time: 45.24307370185852 accuracy is 0.99296875 and loss is 0.027479007840156555
At time: 45.55036187171936 accuracy is 0.99140625 and loss is 0.038730448484420775
At time: 45.86955738067627 accuracy is 0.9984375 and loss is 0.010085219144821167
At time: 46.20853233337402 accuracy is 0.99296875 and loss is 0.02001679390668869
Evaluating...
Done Evaluating: Achieved accuracy of 0.5444972826086957
Not better for 2
Completing Train Step at 19th epoch...
At time: 47.11059617996216 accuracy is 0.99453125 and loss is 0.0317694753408432
At time: 47.39311599731445 accuracy is 0.996875 and loss is 0.022046676278114317
At time: 47.68576192855835 accuracy is 0.996875 and loss is 0.011295216530561447
At time: 47.99414539337158 accuracy is 0.996875 and loss is 0.010297515988349914
At time: 48.3160400390625 accuracy is 0.98515625 and loss is 0.07624327540397643
At time: 48.672080516815186 accuracy is 0.984375 and loss is 0.08085954189300537
Evaluating...
Done Evaluating: Achieved accuracy of 0.59375
Achieved new best!
Completing Train Step at 20th epoch...
At time: 49.62078666687012 accuracy is 0.99140625 and loss is 0.027510565519332886
At time: 49.90206265449524 accuracy is 0.9875 and loss is 0.04267928302288056
At time: 50.196390867233276 accuracy is 0.9578125 and loss is 0.12140873670578003
At time: 50.50451326370239 accuracy is 0.9890625 and loss is 0.037211093306541446
At time: 50.82730174064636 accuracy is 0.99609375 and loss is 0.007903620600700378
At time: 51.168500900268555 accuracy is 0.9859375 and loss is 0.0576606810092926
Evaluating...
Done Evaluating: Achieved accuracy of 0.5679347826086957
Not better for 1
Completing Train Step at 21th epoch...
At time: 52.08420968055725 accuracy is 0.99453125 and loss is 0.0252252995967865
At time: 52.36926341056824 accuracy is 0.9875 and loss is 0.035897114872932435
At time: 52.661004066467285 accuracy is 0.996875 and loss is 0.012251283228397369
At time: 52.968108892440796 accuracy is 0.99296875 and loss is 0.032534295320510866
At time: 53.289703130722046 accuracy is 0.9921875 and loss is 0.01932700127363205
At time: 53.63012719154358 accuracy is 0.99765625 and loss is 0.01507975608110428
Evaluating...
Done Evaluating: Achieved accuracy of 0.492866847826087
Not better for 2
Completing Train Step at 22th epoch...
At time: 54.5342218875885 accuracy is 0.99609375 and loss is 0.029266306757926942
At time: 54.81455755233765 accuracy is 0.99765625 and loss is 0.007013291120529175
At time: 55.10699439048767 accuracy is 0.99296875 and loss is 0.017671896517276763
At time: 55.412235736846924 accuracy is 0.99921875 and loss is 0.007148026674985886
At time: 55.730868101119995 accuracy is 0.99140625 and loss is 0.044684797525405884
At time: 56.06749153137207 accuracy is 0.99765625 and loss is 0.005872748047113419
Evaluating...
Done Evaluating: Achieved accuracy of 0.5985054347826086
Achieved new best!
Completing Train Step at 23th epoch...
At time: 56.96487212181091 accuracy is 0.9984375 and loss is 0.01191764697432518
At time: 57.245022773742676 accuracy is 0.9953125 and loss is 0.024654002487659456
At time: 57.540483474731445 accuracy is 0.98828125 and loss is 0.04175654053688049
At time: 57.860658407211304 accuracy is 0.99765625 and loss is 0.006984940171241761
At time: 58.188337564468384 accuracy is 0.99140625 and loss is 0.04400699138641358
At time: 58.52549076080322 accuracy is 0.99921875 and loss is 0.0029784580692648888
Evaluating...
Done Evaluating: Achieved accuracy of 0.5353260869565217
Not better for 1
Completing Train Step at 24th epoch...
At time: 59.4413115978241 accuracy is 0.99921875 and loss is 0.011376217007637024
At time: 59.72290539741516 accuracy is 0.9984375 and loss is 0.006655843555927276
At time: 60.016972064971924 accuracy is 0.99765625 and loss is 0.008725137263536454
At time: 60.32163739204407 accuracy is 0.99296875 and loss is 0.019210484623908997
At time: 60.64227890968323 accuracy is 0.99609375 and loss is 0.009512277692556382
At time: 60.98150372505188 accuracy is 0.99296875 and loss is 0.035360482335090634
Evaluating...
Done Evaluating: Achieved accuracy of 0.5502717391304348
Not better for 2
Completing Train Step at 25th epoch...
At time: 61.88603901863098 accuracy is 0.996875 and loss is 0.011801543831825256
At time: 62.1706976890564 accuracy is 0.9921875 and loss is 0.030753344297409058
At time: 62.46543335914612 accuracy is 0.99296875 and loss is 0.046105200052261354
At time: 62.77289700508118 accuracy is 0.9953125 and loss is 0.022764872014522552
At time: 63.09286332130432 accuracy is 0.996875 and loss is 0.017900116741657257
At time: 63.431031227111816 accuracy is 0.996875 and loss is 0.015645731985569
Evaluating...
Done Evaluating: Achieved accuracy of 0.5740489130434783
Not better for 3
Completing Train Step at 26th epoch...
At time: 64.34050869941711 accuracy is 0.99765625 and loss is 0.013421952724456787
At time: 64.62453103065491 accuracy is 0.996875 and loss is 0.012352567911148072
At time: 64.9195785522461 accuracy is 0.99765625 and loss is 0.013662558794021607
At time: 65.22512531280518 accuracy is 0.99921875 and loss is 0.005981363356113434
At time: 65.5465075969696 accuracy is 1.0 and loss is 0.004373247176408768
At time: 65.88731169700623 accuracy is 0.99765625 and loss is 0.00811159387230873
Evaluating...
Done Evaluating: Achieved accuracy of 0.5512907608695652
Not better for 4
Completing Train Step at 27th epoch...
At time: 66.79821991920471 accuracy is 0.99921875 and loss is 0.011596342176198959
At time: 67.0807945728302 accuracy is 0.996875 and loss is 0.01920589357614517
At time: 67.37491369247437 accuracy is 1.0 and loss is 0.0036892581731081007
At time: 67.68248319625854 accuracy is 0.9953125 and loss is 0.015159888565540314
At time: 68.00494384765625 accuracy is 0.99375 and loss is 0.023122096061706544
At time: 68.34546279907227 accuracy is 0.99609375 and loss is 0.01171729490160942
Evaluating...
Done Evaluating: Achieved accuracy of 0.5360054347826086
Not better for 5
Completing Train Step at 28th epoch...
At time: 69.25231170654297 accuracy is 0.9984375 and loss is 0.013871206343173981
At time: 69.53664302825928 accuracy is 1.0 and loss is 0.005618546530604363
At time: 69.83133125305176 accuracy is 0.99609375 and loss is 0.015126760303974151
At time: 70.13828778266907 accuracy is 0.99140625 and loss is 0.025894716382026672
At time: 70.45779633522034 accuracy is 0.99453125 and loss is 0.037333279848098755
At time: 70.79739737510681 accuracy is 0.99609375 and loss is 0.011869846284389496
Evaluating...
Done Evaluating: Achieved accuracy of 0.5832201086956522
Not better for 6
Completing Train Step at 29th epoch...
At time: 71.70876049995422 accuracy is 0.99765625 and loss is 0.009038113802671433
At time: 71.99100232124329 accuracy is 0.99453125 and loss is 0.017664757370948792
At time: 72.28399467468262 accuracy is 0.996875 and loss is 0.011267024278640746
At time: 72.59156322479248 accuracy is 0.9953125 and loss is 0.008416040986776351
At time: 72.91333341598511 accuracy is 0.99765625 and loss is 0.005987398326396942
At time: 73.25240659713745 accuracy is 0.9984375 and loss is 0.003633419796824455
Evaluating...
Done Evaluating: Achieved accuracy of 0.5305706521739131
Not better for 7
Completing Train Step at 30th epoch...
At time: 74.15870189666748 accuracy is 0.99921875 and loss is 0.005424982309341431
At time: 74.44217538833618 accuracy is 0.996875 and loss is 0.011361093819141388
At time: 74.73762249946594 accuracy is 0.996875 and loss is 0.013361680507659911
At time: 75.044757604599 accuracy is 0.99921875 and loss is 0.002338596805930138
At time: 75.3657238483429 accuracy is 0.99453125 and loss is 0.0139452263712883
At time: 75.70262289047241 accuracy is 0.99921875 and loss is 0.0020127130672335626
Evaluating...
Done Evaluating: Achieved accuracy of 0.5631793478260869
Not better for 8
Completing Train Step at 31th epoch...
At time: 76.61456823348999 accuracy is 1.0 and loss is 0.004257776960730553
At time: 76.89564108848572 accuracy is 0.9984375 and loss is 0.007251173257827759
At time: 77.19000887870789 accuracy is 0.99765625 and loss is 0.009489311277866364
At time: 77.49514698982239 accuracy is 0.996875 and loss is 0.007785959541797638
At time: 77.81459522247314 accuracy is 0.99921875 and loss is 0.0018604610115289689
At time: 78.15848517417908 accuracy is 0.996875 and loss is 0.0059687022119760515
Evaluating...
Done Evaluating: Achieved accuracy of 0.5397418478260869
Not better for 9
Completing Train Step at 32th epoch...
At time: 79.06423807144165 accuracy is 1.0 and loss is 0.004528332874178887
At time: 79.34815645217896 accuracy is 0.99609375 and loss is 0.01678435504436493
At time: 79.64348435401917 accuracy is 0.99765625 and loss is 0.01806313693523407
At time: 79.94987201690674 accuracy is 0.99609375 and loss is 0.012288257479667664
At time: 80.27096509933472 accuracy is 0.99609375 and loss is 0.016192042827606203
At time: 80.6099374294281 accuracy is 0.9984375 and loss is 0.004570207372307777
Evaluating...
Done Evaluating: Achieved accuracy of 0.5495923913043478
Not better for 10
Model not improving. Stopping earlyat 0.5985054347826086 epochs.
Done Training. Achieved Best Accuracy of 0.5985054347826086
mlpattn
SETTINGS FOR THIS RUN
{'wordvec_source': 'None', 'pretrained': None, 'rnn_dropout': 0.5078958371855742, 'dropout': 0.6571786317247982, 'lr': 0.002940727239627868, 'tune_wordvecs': True, 'fix_pretrained': None, 'attn_type': 'MLP', 'l2': 0.9656731121939007, 'num_layers': 1, 'attention_dim': 70, 'wordvec_dim': 300, 'hidden_size': 300, 'batch_size': 64}
Using CUDA!
MLP
Building RNN Classifier...

[93m    Warning: no model found for 'en'[0m

    Only loading the 'en' tokenizer.

Retrieving Data from file: /home-nfs/siddsach/ml/Interpreting-Attention/data/mpqa/mpqa_subj_labels.pickle...
Loading Vectors From Memory...
Not using pretrained wordvectors
Building Vocab...
[]
Getting Batches...
Created Iterator with 140 batches
Getting Batches...
Created Iterator with 47 batches
Building model...
MLP
Using Attention model with following args:
{'train_word_vecs': True, 'tune_attn': 'True', 'input_size': 300, 'num_classes': 2, 'attention_dim': 70, 'vectors': None, 'vocab_size': 16598, 'cuda': True, 'attn_type': 'MLP', 'num_layers': 1, 'rnn_dropout': 0.5078958371855742, 'dropout': 0.6571786317247982, 'hidden_size': 300, 'batch_size': 64}
Begin Training...
Completing Train Step at 0th epoch...
At time: 0.31330156326293945 accuracy is 0.5796875 and loss is 0.7160418510437012
At time: 0.5967557430267334 accuracy is 0.6625 and loss is 0.629990530014038
At time: 0.8903651237487793 accuracy is 0.67421875 and loss is 0.6351282596588135
At time: 1.196300983428955 accuracy is 0.728125 and loss is 0.5351178646087646
At time: 1.517103910446167 accuracy is 0.78203125 and loss is 0.4853708267211914
At time: 1.8572494983673096 accuracy is 0.771875 and loss is 0.5022711753845215
Evaluating...
Done Evaluating: Achieved accuracy of 0.5244565217391305
Achieved new best!
Completing Train Step at 1th epoch...
At time: 2.8870084285736084 accuracy is 0.8015625 and loss is 0.49150609970092773
At time: 3.2018423080444336 accuracy is 0.875 and loss is 0.34000024795532224
At time: 3.5040974617004395 accuracy is 0.85390625 and loss is 0.37870197296142577
At time: 3.8122479915618896 accuracy is 0.86640625 and loss is 0.28994748592376707
At time: 4.135581016540527 accuracy is 0.9078125 and loss is 0.2119050979614258
At time: 4.477823734283447 accuracy is 0.90390625 and loss is 0.26715261936187745
Evaluating...
Done Evaluating: Achieved accuracy of 0.5315896739130435
Achieved new best!
Completing Train Step at 2th epoch...
At time: 5.39398717880249 accuracy is 0.81796875 and loss is 0.4224709510803223
At time: 5.677417278289795 accuracy is 0.9375 and loss is 0.16574522256851196
At time: 5.972619295120239 accuracy is 0.934375 and loss is 0.1876830577850342
At time: 6.280955076217651 accuracy is 0.9453125 and loss is 0.16028566360473634
At time: 6.602593421936035 accuracy is 0.96484375 and loss is 0.08536257743835449
At time: 6.940800666809082 accuracy is 0.9625 and loss is 0.11243000030517578
Evaluating...
Done Evaluating: Achieved accuracy of 0.5356657608695652
Achieved new best!
Completing Train Step at 3th epoch...
At time: 7.851721525192261 accuracy is 0.93125 and loss is 0.21610445976257325
At time: 8.134923458099365 accuracy is 0.9734375 and loss is 0.07835695743560792
At time: 8.429708242416382 accuracy is 0.96484375 and loss is 0.11681182384490967
At time: 8.737185955047607 accuracy is 0.95859375 and loss is 0.11699705123901367
At time: 9.057117938995361 accuracy is 0.9734375 and loss is 0.06903639435768127
At time: 9.398124933242798 accuracy is 0.94375 and loss is 0.1556481122970581
Evaluating...
Done Evaluating: Achieved accuracy of 0.6290760869565217
Achieved new best!
Completing Train Step at 4th epoch...
At time: 10.330326557159424 accuracy is 0.925 and loss is 0.20857348442077636
At time: 10.614535570144653 accuracy is 0.93828125 and loss is 0.1630968928337097
At time: 10.909212112426758 accuracy is 0.95 and loss is 0.13686574697494508
At time: 11.218512773513794 accuracy is 0.9796875 and loss is 0.05275527238845825
At time: 11.540438652038574 accuracy is 0.94140625 and loss is 0.17077329158782958
At time: 11.880186796188354 accuracy is 0.946875 and loss is 0.24819796085357665
Evaluating...
Done Evaluating: Achieved accuracy of 0.5879755434782609
Not better for 1
Completing Train Step at 5th epoch...
At time: 12.785438299179077 accuracy is 0.984375 and loss is 0.06253448724746705
At time: 13.070301532745361 accuracy is 0.99140625 and loss is 0.03179810345172882
At time: 13.364489316940308 accuracy is 0.9875 and loss is 0.052644968032836914
At time: 13.671247005462646 accuracy is 0.9921875 and loss is 0.029192352294921876
At time: 13.99142050743103 accuracy is 0.98359375 and loss is 0.04964168965816498
At time: 14.330343246459961 accuracy is 0.9921875 and loss is 0.016612616181373597
Evaluating...
Done Evaluating: Achieved accuracy of 0.6100543478260869
Not better for 2
Completing Train Step at 6th epoch...
At time: 15.238646984100342 accuracy is 0.9921875 and loss is 0.04012524485588074
At time: 15.51953935623169 accuracy is 0.9953125 and loss is 0.01845872402191162
At time: 15.811700105667114 accuracy is 0.98125 and loss is 0.060804051160812375
At time: 16.119662761688232 accuracy is 0.98046875 and loss is 0.044152969121932985
At time: 16.441701412200928 accuracy is 0.9921875 and loss is 0.023362664878368376
At time: 16.783137798309326 accuracy is 0.9828125 and loss is 0.04354939162731171
Evaluating...
Done Evaluating: Achieved accuracy of 0.6358695652173914
Achieved new best!
Completing Train Step at 7th epoch...
At time: 17.6870014667511 accuracy is 0.990625 and loss is 0.04102944135665894
At time: 17.97364068031311 accuracy is 0.9953125 and loss is 0.023309321701526643
At time: 18.26921319961548 accuracy is 0.98984375 and loss is 0.029000726342201234
At time: 18.576944589614868 accuracy is 0.99296875 and loss is 0.017980794608592986
At time: 18.90245509147644 accuracy is 0.98984375 and loss is 0.038842231035232544
At time: 19.243615865707397 accuracy is 0.96171875 and loss is 0.1179071307182312
Evaluating...
Done Evaluating: Achieved accuracy of 0.5737092391304348
Not better for 1
Completing Train Step at 8th epoch...
At time: 20.157318830490112 accuracy is 0.98984375 and loss is 0.04840819239616394
At time: 20.439730405807495 accuracy is 0.99140625 and loss is 0.03498810529708862
At time: 20.7338285446167 accuracy is 0.98671875 and loss is 0.029455605149269103
At time: 21.04060983657837 accuracy is 0.99140625 and loss is 0.02046303600072861
At time: 21.363643646240234 accuracy is 0.9984375 and loss is 0.010875548422336578
At time: 21.70638394355774 accuracy is 0.98984375 and loss is 0.035793399810791014
Evaluating...
Done Evaluating: Achieved accuracy of 0.5458559782608695
Not better for 2
Completing Train Step at 9th epoch...
At time: 22.61406946182251 accuracy is 0.97109375 and loss is 0.09204190969467163
At time: 22.896562576293945 accuracy is 0.9953125 and loss is 0.02338240444660187
At time: 23.191657066345215 accuracy is 0.97421875 and loss is 0.052340006828308104
At time: 23.499831676483154 accuracy is 0.99375 and loss is 0.016939719021320344
At time: 23.822829961776733 accuracy is 0.95390625 and loss is 0.13112320899963378
At time: 24.167496919631958 accuracy is 0.9859375 and loss is 0.04586350917816162
Evaluating...
Done Evaluating: Achieved accuracy of 0.6233016304347826
Not better for 3
Completing Train Step at 10th epoch...
At time: 25.081409215927124 accuracy is 0.99140625 and loss is 0.032878577709198
At time: 25.3668053150177 accuracy is 0.96171875 and loss is 0.09075995683670043
At time: 25.66208243370056 accuracy is 0.97265625 and loss is 0.08006446957588195
At time: 25.969560146331787 accuracy is 0.9578125 and loss is 0.11583588123321534
At time: 26.29122233390808 accuracy is 0.996875 and loss is 0.011038123071193695
At time: 26.63477611541748 accuracy is 0.99296875 and loss is 0.01974717080593109
Evaluating...
Done Evaluating: Achieved accuracy of 0.6127717391304348
Not better for 4
Completing Train Step at 11th epoch...
At time: 27.546523094177246 accuracy is 0.99140625 and loss is 0.028690963983535767
At time: 27.82772445678711 accuracy is 0.996875 and loss is 0.014624293148517608
At time: 28.12249994277954 accuracy is 0.99375 and loss is 0.01954585611820221
At time: 28.567007541656494 accuracy is 0.9984375 and loss is 0.010888352990150452
At time: 28.89227533340454 accuracy is 0.996875 and loss is 0.009059380739927292
At time: 29.23349952697754 accuracy is 0.996875 and loss is 0.006201158463954926
Evaluating...
Done Evaluating: Achieved accuracy of 0.5801630434782609
Not better for 5
Completing Train Step at 12th epoch...
At time: 30.14908218383789 accuracy is 0.98984375 and loss is 0.03306395411491394
At time: 30.434277296066284 accuracy is 0.996875 and loss is 0.00834660604596138
At time: 30.73030114173889 accuracy is 0.99375 and loss is 0.02258872091770172
At time: 31.038559198379517 accuracy is 0.9953125 and loss is 0.015662388503551485
At time: 31.35945987701416 accuracy is 0.99765625 and loss is 0.011100945621728897
At time: 31.701241731643677 accuracy is 0.99609375 and loss is 0.01781376302242279
Evaluating...
Done Evaluating: Achieved accuracy of 0.6005434782608695
Not better for 6
Completing Train Step at 13th epoch...
At time: 32.61462688446045 accuracy is 0.99375 and loss is 0.033401784300804135
At time: 32.897310972213745 accuracy is 0.99296875 and loss is 0.02409968376159668
At time: 33.19259572029114 accuracy is 0.99296875 and loss is 0.02480461448431015
At time: 33.50153064727783 accuracy is 0.975 and loss is 0.07598206400871277
At time: 33.82385730743408 accuracy is 0.996875 and loss is 0.008306866139173507
At time: 34.16642475128174 accuracy is 0.99765625 and loss is 0.007649220526218414
Evaluating...
Done Evaluating: Achieved accuracy of 0.6270380434782609
Not better for 7
Completing Train Step at 14th epoch...
At time: 35.085805892944336 accuracy is 0.99609375 and loss is 0.02255961447954178
At time: 35.37462306022644 accuracy is 0.98984375 and loss is 0.026789778470993043
At time: 35.67054843902588 accuracy is 0.97421875 and loss is 0.06655606627464294
At time: 35.9789834022522 accuracy is 0.99375 and loss is 0.015767142176628113
At time: 36.301663398742676 accuracy is 0.9859375 and loss is 0.03590934574604034
At time: 36.645100355148315 accuracy is 0.99140625 and loss is 0.0295731782913208
Evaluating...
Done Evaluating: Achieved accuracy of 0.5771059782608695
Not better for 8
Completing Train Step at 15th epoch...
At time: 37.56560659408569 accuracy is 0.99296875 and loss is 0.028682339191436767
At time: 37.85205888748169 accuracy is 0.9953125 and loss is 0.014200516045093536
At time: 38.14627766609192 accuracy is 0.996875 and loss is 0.006492792814970017
At time: 38.45695424079895 accuracy is 0.9953125 and loss is 0.020298054814338683
At time: 38.7818078994751 accuracy is 0.99921875 and loss is 0.002922517992556095
At time: 39.12550616264343 accuracy is 1.0 and loss is 0.0014412028715014458
Evaluating...
Done Evaluating: Achieved accuracy of 0.5913722826086957
Not better for 9
Completing Train Step at 16th epoch...
At time: 40.03905177116394 accuracy is 0.99453125 and loss is 0.020115794241428377
At time: 40.32515287399292 accuracy is 0.9953125 and loss is 0.012795300781726837
At time: 40.621631145477295 accuracy is 0.99140625 and loss is 0.018798169493675233
At time: 40.931594371795654 accuracy is 0.9921875 and loss is 0.026308074593544006
At time: 41.254191637039185 accuracy is 0.996875 and loss is 0.012606719136238098
At time: 41.59466862678528 accuracy is 0.9921875 and loss is 0.01677490472793579
Evaluating...
Done Evaluating: Achieved accuracy of 0.5981657608695652
Not better for 10
Model not improving. Stopping earlyat 0.6358695652173914 epochs.
Done Training. Achieved Best Accuracy of 0.6358695652173914
Improved accuracyfrom 0.6233016304347826 to 0.6358695652173914
mlpattn
SETTINGS FOR THIS RUN
{'wordvec_source': 'None', 'pretrained': None, 'rnn_dropout': 0.4135756257604949, 'dropout': 0.2514836635413117, 'lr': 0.00017010447455996478, 'tune_wordvecs': True, 'fix_pretrained': None, 'attn_type': 'MLP', 'l2': 0.7882581648311761, 'num_layers': 1, 'attention_dim': 26, 'wordvec_dim': 300, 'hidden_size': 300, 'batch_size': 64}
Using CUDA!
MLP
Building RNN Classifier...

[93m    Warning: no model found for 'en'[0m

    Only loading the 'en' tokenizer.

Retrieving Data from file: /home-nfs/siddsach/ml/Interpreting-Attention/data/mpqa/mpqa_subj_labels.pickle...
Loading Vectors From Memory...
Not using pretrained wordvectors
Building Vocab...
[]
Getting Batches...
Created Iterator with 140 batches
Getting Batches...
Created Iterator with 47 batches
Building model...
MLP
Using Attention model with following args:
{'train_word_vecs': True, 'tune_attn': 'True', 'input_size': 300, 'num_classes': 2, 'attention_dim': 26, 'vectors': None, 'vocab_size': 16598, 'cuda': True, 'attn_type': 'MLP', 'num_layers': 1, 'rnn_dropout': 0.4135756257604949, 'dropout': 0.2514836635413117, 'hidden_size': 300, 'batch_size': 64}
Begin Training...
Completing Train Step at 0th epoch...
At time: 0.31265687942504883 accuracy is 0.5125 and loss is 0.7251720428466797
At time: 0.5949256420135498 accuracy is 0.65625 and loss is 0.6729465007781983
At time: 0.8864884376525879 accuracy is 0.6578125 and loss is 0.6289130210876465
At time: 1.1935937404632568 accuracy is 0.71328125 and loss is 0.5913521766662597
At time: 1.5175156593322754 accuracy is 0.75078125 and loss is 0.5234233379364014
At time: 1.8574585914611816 accuracy is 0.7796875 and loss is 0.46213955879211427
Evaluating...
Done Evaluating: Achieved accuracy of 0.5217391304347826
Achieved new best!
Completing Train Step at 1th epoch...
At time: 2.7674028873443604 accuracy is 0.6421875 and loss is 0.6477808475494384
At time: 3.049962282180786 accuracy is 0.73515625 and loss is 0.5612833023071289
At time: 3.3428430557250977 accuracy is 0.79140625 and loss is 0.4955618381500244
At time: 3.6474087238311768 accuracy is 0.79765625 and loss is 0.46555867195129397
At time: 3.9697608947753906 accuracy is 0.82109375 and loss is 0.42297978401184083
At time: 4.306178092956543 accuracy is 0.8578125 and loss is 0.3387030363082886
Evaluating...
Done Evaluating: Achieved accuracy of 0.5675951086956522
Achieved new best!
Completing Train Step at 2th epoch...
At time: 5.202501535415649 accuracy is 0.78125 and loss is 0.5340798377990723
At time: 5.484238386154175 accuracy is 0.8171875 and loss is 0.4379875659942627
At time: 5.775892496109009 accuracy is 0.83203125 and loss is 0.3719766139984131
At time: 6.090942144393921 accuracy is 0.84296875 and loss is 0.37002527713775635
At time: 6.418810844421387 accuracy is 0.86875 and loss is 0.30623860359191896
At time: 6.761258840560913 accuracy is 0.896875 and loss is 0.2546896696090698
Evaluating...
Done Evaluating: Achieved accuracy of 0.6606657608695652
Achieved new best!
Completing Train Step at 3th epoch...
At time: 7.668170928955078 accuracy is 0.8109375 and loss is 0.4524775505065918
At time: 7.949481725692749 accuracy is 0.86953125 and loss is 0.3068504333496094
At time: 8.243325233459473 accuracy is 0.89453125 and loss is 0.2657799482345581
At time: 8.549334049224854 accuracy is 0.89375 and loss is 0.25482261180877686
At time: 8.868986368179321 accuracy is 0.91015625 and loss is 0.2150374174118042
At time: 9.20806622505188 accuracy is 0.95078125 and loss is 0.16544747352600098
Evaluating...
Done Evaluating: Achieved accuracy of 0.6596467391304348
Not better for 1
Completing Train Step at 4th epoch...
At time: 10.114837646484375 accuracy is 0.8609375 and loss is 0.3681290626525879
At time: 10.395312309265137 accuracy is 0.90546875 and loss is 0.23741941452026366
At time: 10.691960096359253 accuracy is 0.9265625 and loss is 0.18510909080505372
At time: 11.000668287277222 accuracy is 0.92890625 and loss is 0.16833728551864624
At time: 11.32288908958435 accuracy is 0.934375 and loss is 0.1430371046066284
At time: 11.663697004318237 accuracy is 0.9625 and loss is 0.12690472602844238
Evaluating...
Done Evaluating: Achieved accuracy of 0.6623641304347826
Achieved new best!
Completing Train Step at 5th epoch...
At time: 12.564862728118896 accuracy is 0.9046875 and loss is 0.2778745412826538
At time: 12.84691333770752 accuracy is 0.928125 and loss is 0.17929317951202392
At time: 13.141786575317383 accuracy is 0.9390625 and loss is 0.14353399276733397
At time: 13.448752164840698 accuracy is 0.93828125 and loss is 0.15232263803482055
At time: 13.768516063690186 accuracy is 0.94921875 and loss is 0.14165308475494384
At time: 14.107710361480713 accuracy is 0.93828125 and loss is 0.17167004346847534
Evaluating...
Done Evaluating: Achieved accuracy of 0.6205842391304348
Not better for 1
Completing Train Step at 6th epoch...
At time: 15.018706798553467 accuracy is 0.9234375 and loss is 0.21722159385681153
At time: 15.303751945495605 accuracy is 0.96328125 and loss is 0.1156499743461609
At time: 15.597046136856079 accuracy is 0.9546875 and loss is 0.10301977396011353
At time: 15.904178619384766 accuracy is 0.96328125 and loss is 0.09156577587127686
At time: 16.22437882423401 accuracy is 0.9640625 and loss is 0.07748411893844605
At time: 16.563861846923828 accuracy is 0.97578125 and loss is 0.08858842849731445
Evaluating...
Done Evaluating: Achieved accuracy of 0.639266304347826
Not better for 2
Completing Train Step at 7th epoch...
At time: 17.465901613235474 accuracy is 0.94296875 and loss is 0.16046823263168336
At time: 17.7479887008667 accuracy is 0.9828125 and loss is 0.06822894811630249
At time: 18.04151964187622 accuracy is 0.97421875 and loss is 0.07699909806251526
At time: 18.348623991012573 accuracy is 0.9796875 and loss is 0.06197267770767212
At time: 18.669225454330444 accuracy is 0.98203125 and loss is 0.03984953165054321
At time: 19.00712251663208 accuracy is 0.9828125 and loss is 0.0658587396144867
Evaluating...
Done Evaluating: Achieved accuracy of 0.6786684782608695
Achieved new best!
Completing Train Step at 8th epoch...
At time: 19.913020849227905 accuracy is 0.959375 and loss is 0.13828554153442382
At time: 20.194536447525024 accuracy is 0.96640625 and loss is 0.08576434254646301
At time: 20.48850440979004 accuracy is 0.97890625 and loss is 0.07340395450592041
At time: 20.793253660202026 accuracy is 0.975 and loss is 0.06359484791755676
At time: 21.114367961883545 accuracy is 0.98984375 and loss is 0.02915220856666565
At time: 21.47646141052246 accuracy is 0.98515625 and loss is 0.04293949902057648
Evaluating...
Done Evaluating: Achieved accuracy of 0.6396059782608695
Not better for 1
Completing Train Step at 9th epoch...
At time: 22.433777332305908 accuracy is 0.9828125 and loss is 0.08900904655456543
At time: 22.723629474639893 accuracy is 0.99453125 and loss is 0.02884811758995056
At time: 23.035227298736572 accuracy is 0.98984375 and loss is 0.04181106686592102
At time: 23.361329078674316 accuracy is 0.990625 and loss is 0.02824341058731079
At time: 23.68867802619934 accuracy is 0.99296875 and loss is 0.023015534877777098
At time: 24.033634901046753 accuracy is 0.990625 and loss is 0.0301132470369339
Evaluating...
Done Evaluating: Achieved accuracy of 0.681046195652174
Achieved new best!
Completing Train Step at 10th epoch...
At time: 24.960522174835205 accuracy is 0.97265625 and loss is 0.10418170690536499
At time: 25.244110584259033 accuracy is 0.9734375 and loss is 0.08320537209510803
At time: 25.539159297943115 accuracy is 0.97109375 and loss is 0.07317665219306946
At time: 25.845573663711548 accuracy is 0.9875 and loss is 0.03944037258625031
At time: 26.16579031944275 accuracy is 0.990625 and loss is 0.025203147530555726
At time: 26.505860567092896 accuracy is 0.996875 and loss is 0.013504993915557862
Evaluating...
Done Evaluating: Achieved accuracy of 0.6667798913043478
Not better for 1
Completing Train Step at 11th epoch...
At time: 27.413778066635132 accuracy is 0.99453125 and loss is 0.04867550432682037
At time: 27.6956729888916 accuracy is 0.984375 and loss is 0.045508643984794615
At time: 27.991362810134888 accuracy is 0.9828125 and loss is 0.05475243330001831
At time: 28.299224615097046 accuracy is 0.990625 and loss is 0.029197505116462706
At time: 28.620675325393677 accuracy is 0.98828125 and loss is 0.02522381246089935
At time: 28.961060523986816 accuracy is 0.99765625 and loss is 0.0072126567363739015
Evaluating...
Done Evaluating: Achieved accuracy of 0.6457201086956522
Not better for 2
Completing Train Step at 12th epoch...
At time: 29.868637561798096 accuracy is 0.99375 and loss is 0.035434874892234805
At time: 30.150731086730957 accuracy is 0.990625 and loss is 0.031882277131080626
At time: 30.45080327987671 accuracy is 0.9796875 and loss is 0.06172400712966919
At time: 30.760732412338257 accuracy is 0.9734375 and loss is 0.08021990060806275
At time: 31.1026394367218 accuracy is 0.98984375 and loss is 0.036299672722816465
At time: 31.460279941558838 accuracy is 0.95546875 and loss is 0.1403202533721924
Evaluating...
Done Evaluating: Achieved accuracy of 0.6494565217391305
Not better for 3
Completing Train Step at 13th epoch...
At time: 32.36696195602417 accuracy is 0.99296875 and loss is 0.033692562580108644
At time: 32.651097536087036 accuracy is 0.99453125 and loss is 0.023188692331314088
At time: 32.94463133811951 accuracy is 0.990625 and loss is 0.026690402626991273
At time: 33.255738496780396 accuracy is 0.99375 and loss is 0.015112511813640594
At time: 33.57735204696655 accuracy is 0.99140625 and loss is 0.023501782119274138
At time: 33.916555881500244 accuracy is 0.996875 and loss is 0.01132657378911972
Evaluating...
Done Evaluating: Achieved accuracy of 0.6691576086956522
Not better for 4
Completing Train Step at 14th epoch...
At time: 34.823185205459595 accuracy is 0.99453125 and loss is 0.026502427458763123
At time: 35.10789203643799 accuracy is 0.9828125 and loss is 0.05273156762123108
At time: 35.40284991264343 accuracy is 0.99375 and loss is 0.02399173378944397
At time: 35.710044384002686 accuracy is 0.996875 and loss is 0.01771959364414215
At time: 36.03117871284485 accuracy is 0.99453125 and loss is 0.017426741123199464
At time: 36.36867380142212 accuracy is 0.99921875 and loss is 0.0035668067634105683
Evaluating...
Done Evaluating: Achieved accuracy of 0.6413043478260869
Not better for 5
Completing Train Step at 15th epoch...
At time: 37.27825403213501 accuracy is 0.99765625 and loss is 0.015929226577281953
At time: 37.562113523483276 accuracy is 0.9921875 and loss is 0.021668209135532378
At time: 37.85377883911133 accuracy is 0.99296875 and loss is 0.027096688747406006
At time: 38.16539454460144 accuracy is 0.98984375 and loss is 0.03615694642066956
At time: 38.48948621749878 accuracy is 0.996875 and loss is 0.011275765299797059
At time: 38.82873892784119 accuracy is 0.99609375 and loss is 0.013601736724376678
Evaluating...
Done Evaluating: Achieved accuracy of 0.6491168478260869
Not better for 6
Completing Train Step at 16th epoch...
At time: 39.73195838928223 accuracy is 0.99609375 and loss is 0.019477076828479767
At time: 40.01390886306763 accuracy is 0.99765625 and loss is 0.019127514958381654
At time: 40.30775690078735 accuracy is 0.99765625 and loss is 0.013700646162033082
At time: 40.6143696308136 accuracy is 0.99765625 and loss is 0.007166451960802078
At time: 40.93361234664917 accuracy is 0.9953125 and loss is 0.015490934252738953
At time: 41.270954847335815 accuracy is 0.99609375 and loss is 0.01626368463039398
Evaluating...
Done Evaluating: Achieved accuracy of 0.6559103260869565
Not better for 7
Completing Train Step at 17th epoch...
At time: 42.18691539764404 accuracy is 0.996875 and loss is 0.018396276235580444
At time: 42.46971583366394 accuracy is 0.99453125 and loss is 0.01863584518432617
At time: 42.7643883228302 accuracy is 0.9984375 and loss is 0.0053048856556415554
At time: 43.078542709350586 accuracy is 0.99453125 and loss is 0.018017688393592836
At time: 43.40557909011841 accuracy is 0.9984375 and loss is 0.00877724662423134
At time: 43.79462766647339 accuracy is 0.99609375 and loss is 0.008435563743114471
Evaluating...
Done Evaluating: Achieved accuracy of 0.6603260869565217
Not better for 8
Completing Train Step at 18th epoch...
At time: 44.747092723846436 accuracy is 0.996875 and loss is 0.01552702784538269
At time: 45.03351283073425 accuracy is 0.9984375 and loss is 0.0064498655498027805
At time: 45.327720403671265 accuracy is 0.9953125 and loss is 0.02401382476091385
At time: 45.6361825466156 accuracy is 0.9953125 and loss is 0.008664190024137496
At time: 45.97466588020325 accuracy is 0.99765625 and loss is 0.009917056560516358
At time: 46.344582080841064 accuracy is 0.99375 and loss is 0.01561359167098999
Evaluating...
Done Evaluating: Achieved accuracy of 0.6565896739130435
Not better for 9
Completing Train Step at 19th epoch...
At time: 47.294848918914795 accuracy is 0.99765625 and loss is 0.009382189065217972
At time: 47.581724405288696 accuracy is 0.99765625 and loss is 0.00537898950278759
At time: 47.88238048553467 accuracy is 0.99296875 and loss is 0.023890864849090577
At time: 48.191585540771484 accuracy is 0.9953125 and loss is 0.014679427444934844
At time: 48.51163101196289 accuracy is 0.996875 and loss is 0.012481461465358733
At time: 48.853394508361816 accuracy is 0.9984375 and loss is 0.004794128984212875
Evaluating...
Done Evaluating: Achieved accuracy of 0.6722146739130435
Not better for 10
Model not improving. Stopping earlyat 0.681046195652174 epochs.
Done Training. Achieved Best Accuracy of 0.681046195652174
Improved accuracyfrom 0.6358695652173914 to 0.681046195652174
mlpattn
SETTINGS FOR THIS RUN
{'wordvec_source': 'None', 'pretrained': None, 'rnn_dropout': 0.7696546785045393, 'dropout': 0.5316932399177847, 'lr': 0.002313212246833185, 'tune_wordvecs': True, 'fix_pretrained': None, 'attn_type': 'MLP', 'l2': 0.13934917427814653, 'num_layers': 1, 'attention_dim': 33, 'wordvec_dim': 300, 'hidden_size': 300, 'batch_size': 64}
Using CUDA!
MLP
Building RNN Classifier...

[93m    Warning: no model found for 'en'[0m

    Only loading the 'en' tokenizer.

Retrieving Data from file: /home-nfs/siddsach/ml/Interpreting-Attention/data/mpqa/mpqa_subj_labels.pickle...
Loading Vectors From Memory...
Not using pretrained wordvectors
Building Vocab...
[]
Getting Batches...
Created Iterator with 140 batches
Getting Batches...
Created Iterator with 47 batches
Building model...
MLP
Using Attention model with following args:
{'train_word_vecs': True, 'tune_attn': 'True', 'input_size': 300, 'num_classes': 2, 'attention_dim': 33, 'vectors': None, 'vocab_size': 16598, 'cuda': True, 'attn_type': 'MLP', 'num_layers': 1, 'rnn_dropout': 0.7696546785045393, 'dropout': 0.5316932399177847, 'hidden_size': 300, 'batch_size': 64}
Begin Training...
Completing Train Step at 0th epoch...
At time: 0.33482885360717773 accuracy is 0.58671875 and loss is 0.7046761989593506
At time: 0.6404726505279541 accuracy is 0.60625 and loss is 0.6487282276153564
At time: 0.9483473300933838 accuracy is 0.73515625 and loss is 0.5803035259246826
At time: 1.26185941696167 accuracy is 0.7859375 and loss is 0.5039561271667481
At time: 1.5898330211639404 accuracy is 0.83125 and loss is 0.3846041440963745
At time: 1.9670672416687012 accuracy is 0.85 and loss is 0.35306515693664553
Evaluating...
Done Evaluating: Achieved accuracy of 0.46535326086956524
Achieved new best!
Completing Train Step at 1th epoch...
At time: 2.9098000526428223 accuracy is 0.84609375 and loss is 0.4361580371856689
At time: 3.191347599029541 accuracy is 0.878125 and loss is 0.3274922132492065
At time: 3.4840121269226074 accuracy is 0.8765625 and loss is 0.30424184799194337
At time: 3.8463640213012695 accuracy is 0.909375 and loss is 0.22340502738952636
At time: 4.191553592681885 accuracy is 0.9140625 and loss is 0.20725460052490235
At time: 4.5609071254730225 accuracy is 0.9328125 and loss is 0.16635820865631104
Evaluating...
Done Evaluating: Achieved accuracy of 0.5349864130434783
Achieved new best!
Completing Train Step at 2th epoch...
At time: 5.490792989730835 accuracy is 0.89609375 and loss is 0.2926204204559326
At time: 5.7719573974609375 accuracy is 0.93359375 and loss is 0.1862032651901245
At time: 6.0657923221588135 accuracy is 0.94609375 and loss is 0.1704942226409912
At time: 6.37148642539978 accuracy is 0.89609375 and loss is 0.2437668800354004
At time: 6.6918580532073975 accuracy is 0.94765625 and loss is 0.13746824264526367
At time: 7.033321380615234 accuracy is 0.86875 and loss is 0.37440173625946044
Evaluating...
Done Evaluating: Achieved accuracy of 0.5570652173913043
Achieved new best!
Completing Train Step at 3th epoch...
At time: 7.952570199966431 accuracy is 0.92265625 and loss is 0.2192924737930298
At time: 8.237556219100952 accuracy is 0.94375 and loss is 0.1447955846786499
At time: 8.532862901687622 accuracy is 0.9484375 and loss is 0.12745797634124756
At time: 8.840169906616211 accuracy is 0.9640625 and loss is 0.09792627096176147
At time: 9.159591436386108 accuracy is 0.99453125 and loss is 0.019929425418376924
At time: 9.49844765663147 accuracy is 0.96328125 and loss is 0.10351086854934692
Evaluating...
Done Evaluating: Achieved accuracy of 0.6202445652173914
Achieved new best!
Completing Train Step at 4th epoch...
At time: 10.412480115890503 accuracy is 0.93984375 and loss is 0.1904916524887085
At time: 10.709542274475098 accuracy is 0.9703125 and loss is 0.0849324882030487
At time: 11.032842874526978 accuracy is 0.96875 and loss is 0.08903013467788697
At time: 11.360956907272339 accuracy is 0.93515625 and loss is 0.20070979595184327
At time: 11.69258713722229 accuracy is 0.98828125 and loss is 0.03344982862472534
At time: 12.03488540649414 accuracy is 0.9828125 and loss is 0.041244587302207945
Evaluating...
Done Evaluating: Achieved accuracy of 0.5709918478260869
Not better for 1
Completing Train Step at 5th epoch...
At time: 12.949484586715698 accuracy is 0.96171875 and loss is 0.11364638805389404
At time: 13.234708786010742 accuracy is 0.9953125 and loss is 0.02005947530269623
At time: 13.52902889251709 accuracy is 0.9921875 and loss is 0.03110232651233673
At time: 13.836734533309937 accuracy is 0.990625 and loss is 0.023865559697151185
At time: 14.160425186157227 accuracy is 0.996875 and loss is 0.0075147956609725956
At time: 14.502487421035767 accuracy is 0.98125 and loss is 0.06496959924697876
Evaluating...
Done Evaluating: Achieved accuracy of 0.5448369565217391
Not better for 2
Completing Train Step at 6th epoch...
At time: 15.415488243103027 accuracy is 0.9765625 and loss is 0.0752712368965149
At time: 15.695113182067871 accuracy is 0.99375 and loss is 0.024619953334331514
At time: 15.988459825515747 accuracy is 0.99296875 and loss is 0.019876430928707122
At time: 16.298552751541138 accuracy is 0.99140625 and loss is 0.02673976719379425
At time: 16.6240017414093 accuracy is 0.98828125 and loss is 0.03618995249271393
At time: 16.97260546684265 accuracy is 0.9796875 and loss is 0.04923634231090546
Evaluating...
Done Evaluating: Achieved accuracy of 0.5489130434782609
Not better for 3
Completing Train Step at 7th epoch...
At time: 17.973411798477173 accuracy is 0.98046875 and loss is 0.05655474066734314
At time: 18.29121446609497 accuracy is 0.996875 and loss is 0.014791394770145416
At time: 18.59737992286682 accuracy is 0.9921875 and loss is 0.024951839447021486
At time: 18.91540217399597 accuracy is 0.98515625 and loss is 0.03228549957275391
At time: 19.24762511253357 accuracy is 0.9625 and loss is 0.10573111772537232
At time: 19.598163843154907 accuracy is 0.9828125 and loss is 0.04100445806980133
Evaluating...
Done Evaluating: Achieved accuracy of 0.6399456521739131
Achieved new best!
Completing Train Step at 8th epoch...
At time: 20.55815100669861 accuracy is 0.9890625 and loss is 0.04512494206428528
At time: 20.856683492660522 accuracy is 0.8734375 and loss is 0.36412458419799804
At time: 21.163925647735596 accuracy is 0.90625 and loss is 0.2984633922576904
At time: 21.48131251335144 accuracy is 0.99296875 and loss is 0.020715144276618958
At time: 21.827265977859497 accuracy is 0.9625 and loss is 0.10040396451950073
At time: 22.18886375427246 accuracy is 0.99375 and loss is 0.01975641995668411
Evaluating...
Done Evaluating: Achieved accuracy of 0.5625
Not better for 1
Completing Train Step at 9th epoch...
At time: 23.105881690979004 accuracy is 0.9859375 and loss is 0.045163071155548094
At time: 23.389150381088257 accuracy is 0.98828125 and loss is 0.037676483392715454
At time: 23.684457540512085 accuracy is 0.99609375 and loss is 0.01290242075920105
At time: 23.99252223968506 accuracy is 0.98828125 and loss is 0.03489281833171844
At time: 24.313758611679077 accuracy is 0.996875 and loss is 0.012190957367420197
At time: 24.65160322189331 accuracy is 0.99765625 and loss is 0.009706525504589081
Evaluating...
Done Evaluating: Achieved accuracy of 0.6141304347826086
Not better for 2
Completing Train Step at 10th epoch...
At time: 25.622050523757935 accuracy is 0.9859375 and loss is 0.038368025422096254
At time: 25.907580614089966 accuracy is 0.99453125 and loss is 0.012522150576114655
At time: 26.20554232597351 accuracy is 0.99296875 and loss is 0.014740599691867829
At time: 26.5171058177948 accuracy is 0.99296875 and loss is 0.015841907262802123
At time: 26.845843076705933 accuracy is 0.9984375 and loss is 0.005620801448822021
At time: 27.1994469165802 accuracy is 0.98671875 and loss is 0.039018180966377256
Evaluating...
Done Evaluating: Achieved accuracy of 0.615828804347826
Not better for 3
Completing Train Step at 11th epoch...
At time: 28.179726123809814 accuracy is 0.99921875 and loss is 0.010911657661199569
At time: 28.496110677719116 accuracy is 1.0 and loss is 0.005155202001333237
At time: 28.804482460021973 accuracy is 1.0 and loss is 0.00467456728219986
At time: 29.123192310333252 accuracy is 0.99921875 and loss is 0.00567530058324337
At time: 29.456605195999146 accuracy is 0.9984375 and loss is 0.004546340182423591
At time: 29.801732778549194 accuracy is 0.9984375 and loss is 0.0019174965098500251
Evaluating...
Done Evaluating: Achieved accuracy of 0.6365489130434783
Not better for 4
Completing Train Step at 12th epoch...
At time: 30.735950231552124 accuracy is 0.9984375 and loss is 0.009582754224538803
At time: 31.038306713104248 accuracy is 0.99921875 and loss is 0.002191364020109177
At time: 31.341822862625122 accuracy is 1.0 and loss is 0.0009425146505236626
At time: 31.660715103149414 accuracy is 0.99765625 and loss is 0.007503506541252136
At time: 32.01280760765076 accuracy is 0.9890625 and loss is 0.02863944470882416
At time: 32.383344411849976 accuracy is 0.996875 and loss is 0.017816096544265747
Evaluating...
Done Evaluating: Achieved accuracy of 0.6243206521739131
Not better for 5
Completing Train Step at 13th epoch...
At time: 33.35858988761902 accuracy is 0.9984375 and loss is 0.005934653803706169
At time: 33.67669892311096 accuracy is 0.99921875 and loss is 0.005530368536710739
At time: 34.000001668930054 accuracy is 0.99609375 and loss is 0.010419686883687973
At time: 34.32811784744263 accuracy is 1.0 and loss is 0.0029315648600459097
At time: 34.65698480606079 accuracy is 1.0 and loss is 0.00018652891740202903
At time: 35.00344800949097 accuracy is 0.996875 and loss is 0.008873359113931657
Evaluating...
Done Evaluating: Achieved accuracy of 0.5764266304347826
Not better for 6
Completing Train Step at 14th epoch...
At time: 35.93138766288757 accuracy is 0.99765625 and loss is 0.008846967667341232
At time: 36.2217013835907 accuracy is 0.99921875 and loss is 0.003395015001296997
At time: 36.51921463012695 accuracy is 0.9984375 and loss is 0.00386410728096962
At time: 36.82986330986023 accuracy is 0.99140625 and loss is 0.024804314970970152
At time: 37.15503430366516 accuracy is 0.99921875 and loss is 0.0011917050927877427
At time: 37.49546480178833 accuracy is 1.0 and loss is 0.0005783514119684696
Evaluating...
Done Evaluating: Achieved accuracy of 0.5771059782608695
Not better for 7
Completing Train Step at 15th epoch...
At time: 38.413236141204834 accuracy is 0.99609375 and loss is 0.015604686737060548
At time: 38.697842597961426 accuracy is 0.99375 and loss is 0.021121056377887727
At time: 38.9947555065155 accuracy is 0.99765625 and loss is 0.0091542087495327
At time: 39.30470085144043 accuracy is 0.99765625 and loss is 0.005743992328643799
At time: 39.62825870513916 accuracy is 0.9953125 and loss is 0.01481318026781082
At time: 39.97500705718994 accuracy is 0.98125 and loss is 0.04785653352737427
Evaluating...
Done Evaluating: Achieved accuracy of 0.6049592391304348
Not better for 8
Completing Train Step at 16th epoch...
At time: 40.90396428108215 accuracy is 0.9953125 and loss is 0.013839222490787506
At time: 41.191490173339844 accuracy is 0.9859375 and loss is 0.04376369416713714
At time: 41.492520332336426 accuracy is 0.9875 and loss is 0.04633050262928009
At time: 41.802956104278564 accuracy is 0.9953125 and loss is 0.014700101315975189
At time: 42.1519410610199 accuracy is 0.996875 and loss is 0.012448764592409133
At time: 42.50383162498474 accuracy is 0.99140625 and loss is 0.02377878576517105
Evaluating...
Done Evaluating: Achieved accuracy of 0.6358695652173914
Not better for 9
Completing Train Step at 17th epoch...
At time: 43.46493935585022 accuracy is 0.99453125 and loss is 0.015991894900798796
At time: 43.758156061172485 accuracy is 0.9984375 and loss is 0.006370172649621963
At time: 44.05883240699768 accuracy is 0.98515625 and loss is 0.04366191625595093
At time: 44.36766719818115 accuracy is 0.98203125 and loss is 0.05108954906463623
At time: 44.693307638168335 accuracy is 0.99609375 and loss is 0.013752990961074829
At time: 45.044124603271484 accuracy is 0.9859375 and loss is 0.048274821043014525
Evaluating...
Done Evaluating: Achieved accuracy of 0.6256793478260869
Not better for 10
Model not improving. Stopping earlyat 0.6399456521739131 epochs.
Done Training. Achieved Best Accuracy of 0.6399456521739131
mlpattn



RESULTS:
[{'best_accuracy': 0.6233016304347826, 'params': {'wordvec_source': 'None', 'pretrained': None, 'rnn_dropout': 0.3256004507898381, 'dropout': 0.26739109514681336, 'lr': 0.001325543791590898, 'data': 'MPQA', 'tune_wordvecs': True, 'fix_pretrained': None, 'attn_type': 'MLP', 'l2': 0.0928175112992774, 'num_layers': 1, 'attention_dim': 73, 'wordvec_dim': 300, 'hidden_size': 300, 'batch_size': 64}}, {'best_accuracy': 0.5985054347826086, 'params': {'wordvec_source': 'None', 'pretrained': None, 'rnn_dropout': 0.716360170113234, 'dropout': 0.8125128453835617, 'lr': 0.00013159463407208912, 'data': 'MPQA', 'tune_wordvecs': True, 'fix_pretrained': None, 'attn_type': 'MLP', 'l2': 0.3138622833584348, 'num_layers': 1, 'attention_dim': 49, 'wordvec_dim': 300, 'hidden_size': 300, 'batch_size': 64}}, {'best_accuracy': 0.6358695652173914, 'params': {'wordvec_source': 'None', 'pretrained': None, 'rnn_dropout': 0.5078958371855742, 'dropout': 0.6571786317247982, 'lr': 0.002940727239627868, 'data': 'MPQA', 'tune_wordvecs': True, 'fix_pretrained': None, 'attn_type': 'MLP', 'l2': 0.9656731121939007, 'num_layers': 1, 'attention_dim': 70, 'wordvec_dim': 300, 'hidden_size': 300, 'batch_size': 64}}, {'best_accuracy': 0.681046195652174, 'params': {'wordvec_source': 'None', 'pretrained': None, 'rnn_dropout': 0.4135756257604949, 'dropout': 0.2514836635413117, 'lr': 0.00017010447455996478, 'data': 'MPQA', 'tune_wordvecs': True, 'fix_pretrained': None, 'attn_type': 'MLP', 'l2': 0.7882581648311761, 'num_layers': 1, 'attention_dim': 26, 'wordvec_dim': 300, 'hidden_size': 300, 'batch_size': 64}}, {'best_accuracy': 0.6399456521739131, 'params': {'wordvec_source': 'None', 'pretrained': None, 'rnn_dropout': 0.7696546785045393, 'dropout': 0.5316932399177847, 'lr': 0.002313212246833185, 'data': 'MPQA', 'tune_wordvecs': True, 'fix_pretrained': None, 'attn_type': 'MLP', 'l2': 0.13934917427814653, 'num_layers': 1, 'attention_dim': 33, 'wordvec_dim': 300, 'hidden_size': 300, 'batch_size': 64}}]
